ImageNetInceptionV2 CHEMBL1916 adam 0.001 5 0 0 0.6 False True
Number of active compounds :	577
Number of inactive compounds :	577
---------------------------------
Run id: ImageNetInceptionV2_CHEMBL1916_adam_0.001_5_0_0_0.6_False_True_id
Log directory: ../tflearnLogs/ImageNetInceptionV2_CHEMBL1916_adam_0.001_5_0.6/
---------------------------------
Training samples: 725
Validation samples: 227
--
Training Step: 1  | time: 254.743s
[2K
| Adam | epoch: 001 | loss: 0.00000 - acc: 0.0000 -- iter: 032/725
[A[ATraining Step: 2  | total loss: [1m[32m0.63644[0m[0m | time: 429.306s
[2K
| Adam | epoch: 001 | loss: 0.63644 - acc: 0.4500 -- iter: 064/725
[A[ATraining Step: 3  | total loss: [1m[32m1.09776[0m[0m | time: 606.349s
[2K
| Adam | epoch: 001 | loss: 1.09776 - acc: 0.4142 -- iter: 096/725
[A[ATraining Step: 4  | total loss: [1m[32m0.93466[0m[0m | time: 742.722s
[2K
| Adam | epoch: 001 | loss: 0.93466 - acc: 0.5254 -- iter: 128/725
[A[ATraining Step: 5  | total loss: [1m[32m0.85706[0m[0m | time: 870.068s
[2K
| Adam | epoch: 001 | loss: 0.85706 - acc: 0.4862 -- iter: 160/725
[A[ATraining Step: 6  | total loss: [1m[32m0.81536[0m[0m | time: 969.824s
[2K
| Adam | epoch: 001 | loss: 0.81536 - acc: 0.4951 -- iter: 192/725
[A[ATraining Step: 7  | total loss: [1m[32m0.74103[0m[0m | time: 1168.777s
[2K
| Adam | epoch: 001 | loss: 0.74103 - acc: 0.5355 -- iter: 224/725
[A[ATraining Step: 8  | total loss: [1m[32m0.76974[0m[0m | time: 1386.244s
[2K
| Adam | epoch: 001 | loss: 0.76974 - acc: 0.4804 -- iter: 256/725
[A[ATraining Step: 9  | total loss: [1m[32m0.75807[0m[0m | time: 1495.699s
[2K
| Adam | epoch: 001 | loss: 0.75807 - acc: 0.5239 -- iter: 288/725
[A[ATraining Step: 10  | total loss: [1m[32m0.69523[0m[0m | time: 1590.807s
[2K
| Adam | epoch: 001 | loss: 0.69523 - acc: 0.5901 -- iter: 320/725
[A[ATraining Step: 11  | total loss: [1m[32m0.65836[0m[0m | time: 1646.121s
[2K
| Adam | epoch: 001 | loss: 0.65836 - acc: 0.6214 -- iter: 352/725
[A[ATraining Step: 12  | total loss: [1m[32m0.69383[0m[0m | time: 1731.372s
[2K
| Adam | epoch: 001 | loss: 0.69383 - acc: 0.5808 -- iter: 384/725
[A[ATraining Step: 13  | total loss: [1m[32m0.62885[0m[0m | time: 1808.993s
[2K
| Adam | epoch: 001 | loss: 0.62885 - acc: 0.6667 -- iter: 416/725
[A[ATraining Step: 14  | total loss: [1m[32m0.61390[0m[0m | time: 1915.241s
[2K
| Adam | epoch: 001 | loss: 0.61390 - acc: 0.6624 -- iter: 448/725
[A[ATraining Step: 15  | total loss: [1m[32m0.64620[0m[0m | time: 1932.053s
[2K
| Adam | epoch: 001 | loss: 0.64620 - acc: 0.6356 -- iter: 480/725
[A[ATraining Step: 16  | total loss: [1m[32m0.65828[0m[0m | time: 1957.149s
[2K
| Adam | epoch: 001 | loss: 0.65828 - acc: 0.6316 -- iter: 512/725
[A[ATraining Step: 17  | total loss: [1m[32m0.59340[0m[0m | time: 2031.807s
[2K
| Adam | epoch: 001 | loss: 0.59340 - acc: 0.6742 -- iter: 544/725
[A[ATraining Step: 18  | total loss: [1m[32m0.61967[0m[0m | time: 2088.637s
[2K
| Adam | epoch: 001 | loss: 0.61967 - acc: 0.6464 -- iter: 576/725
[A[ATraining Step: 19  | total loss: [1m[32m0.57242[0m[0m | time: 2102.363s
[2K
| Adam | epoch: 001 | loss: 0.57242 - acc: 0.7017 -- iter: 608/725
[A[ATraining Step: 20  | total loss: [1m[32m0.54297[0m[0m | time: 2117.547s
[2K
| Adam | epoch: 001 | loss: 0.54297 - acc: 0.7373 -- iter: 640/725
[A[ATraining Step: 21  | total loss: [1m[32m0.49417[0m[0m | time: 2130.264s
[2K
| Adam | epoch: 001 | loss: 0.49417 - acc: 0.7607 -- iter: 672/725
[A[ATraining Step: 22  | total loss: [1m[32m0.50514[0m[0m | time: 2172.240s
[2K
| Adam | epoch: 001 | loss: 0.50514 - acc: 0.7481 -- iter: 704/725
[A[ATraining Step: 23  | total loss: [1m[32m0.49753[0m[0m | time: 2218.073s
[2K
| Adam | epoch: 001 | loss: 0.49753 - acc: 0.7849 | val_loss: 0.69666 - val_acc: 0.5242 -- iter: 725/725
--
Training Step: 24  | total loss: [1m[32m0.61565[0m[0m | time: 45.644s
[2K
| Adam | epoch: 002 | loss: 0.61565 - acc: 0.7249 -- iter: 032/725
[A[ATraining Step: 25  | total loss: [1m[32m0.58020[0m[0m | time: 61.132s
[2K
| Adam | epoch: 002 | loss: 0.58020 - acc: 0.7350 -- iter: 064/725
[A[ATraining Step: 26  | total loss: [1m[32m0.53815[0m[0m | time: 76.006s
[2K
| Adam | epoch: 002 | loss: 0.53815 - acc: 0.7224 -- iter: 096/725
[A[ATraining Step: 27  | total loss: [1m[32m0.53144[0m[0m | time: 89.267s
[2K
| Adam | epoch: 002 | loss: 0.53144 - acc: 0.7295 -- iter: 128/725
[A[ATraining Step: 28  | total loss: [1m[32m0.55852[0m[0m | time: 105.550s
[2K
| Adam | epoch: 002 | loss: 0.55852 - acc: 0.6956 -- iter: 160/725
[A[ATraining Step: 29  | total loss: [1m[32m0.55443[0m[0m | time: 122.640s
[2K
| Adam | epoch: 002 | loss: 0.55443 - acc: 0.7164 -- iter: 192/725
[A[ATraining Step: 30  | total loss: [1m[32m0.58262[0m[0m | time: 140.320s
[2K
| Adam | epoch: 002 | loss: 0.58262 - acc: 0.7096 -- iter: 224/725
[A[ATraining Step: 31  | total loss: [1m[32m0.55395[0m[0m | time: 149.072s
[2K
| Adam | epoch: 002 | loss: 0.55395 - acc: 0.7333 -- iter: 256/725
[A[ATraining Step: 32  | total loss: [1m[32m0.56168[0m[0m | time: 157.470s
[2K
| Adam | epoch: 002 | loss: 0.56168 - acc: 0.7230 -- iter: 288/725
[A[ATraining Step: 33  | total loss: [1m[32m0.55932[0m[0m | time: 167.147s
[2K
| Adam | epoch: 002 | loss: 0.55932 - acc: 0.7152 -- iter: 320/725
[A[ATraining Step: 34  | total loss: [1m[32m0.55552[0m[0m | time: 192.315s
[2K
| Adam | epoch: 002 | loss: 0.55552 - acc: 0.7227 -- iter: 352/725
[A[ATraining Step: 35  | total loss: [1m[32m0.55243[0m[0m | time: 207.827s
[2K
| Adam | epoch: 002 | loss: 0.55243 - acc: 0.7218 -- iter: 384/725
[A[ATraining Step: 36  | total loss: [1m[32m0.58234[0m[0m | time: 224.319s
[2K
| Adam | epoch: 002 | loss: 0.58234 - acc: 0.6829 -- iter: 416/725
[A[ATraining Step: 37  | total loss: [1m[32m0.58848[0m[0m | time: 239.970s
[2K
| Adam | epoch: 002 | loss: 0.58848 - acc: 0.6775 -- iter: 448/725
[A[ATraining Step: 38  | total loss: [1m[32m0.59356[0m[0m | time: 256.387s
[2K
| Adam | epoch: 002 | loss: 0.59356 - acc: 0.6917 -- iter: 480/725
[A[ATraining Step: 39  | total loss: [1m[32m0.55297[0m[0m | time: 274.970s
[2K
| Adam | epoch: 002 | loss: 0.55297 - acc: 0.7268 -- iter: 512/725
[A[ATraining Step: 40  | total loss: [1m[32m0.51888[0m[0m | time: 287.225s
[2K
| Adam | epoch: 002 | loss: 0.51888 - acc: 0.7487 -- iter: 544/725
[A[ATraining Step: 41  | total loss: [1m[32m0.55404[0m[0m | time: 299.253s
[2K
| Adam | epoch: 002 | loss: 0.55404 - acc: 0.7260 -- iter: 576/725
[A[ATraining Step: 42  | total loss: [1m[32m0.55605[0m[0m | time: 314.831s
[2K
| Adam | epoch: 002 | loss: 0.55605 - acc: 0.7360 -- iter: 608/725
[A[ATraining Step: 43  | total loss: [1m[32m0.54864[0m[0m | time: 328.428s
[2K
| Adam | epoch: 002 | loss: 0.54864 - acc: 0.7384 -- iter: 640/725
[A[ATraining Step: 44  | total loss: [1m[32m0.51215[0m[0m | time: 340.353s
[2K
| Adam | epoch: 002 | loss: 0.51215 - acc: 0.7458 -- iter: 672/725
[A[ATraining Step: 45  | total loss: [1m[32m0.47545[0m[0m | time: 352.723s
[2K
| Adam | epoch: 002 | loss: 0.47545 - acc: 0.7731 -- iter: 704/725
[A[ATraining Step: 46  | total loss: [1m[32m0.42878[0m[0m | time: 377.937s
[2K
| Adam | epoch: 002 | loss: 0.42878 - acc: 0.8057 | val_loss: 0.94674 - val_acc: 0.4802 -- iter: 725/725
--
Training Step: 47  | total loss: [1m[32m0.42120[0m[0m | time: 7.561s
[2K
| Adam | epoch: 003 | loss: 0.42120 - acc: 0.8170 -- iter: 032/725
[A[ATraining Step: 48  | total loss: [1m[32m0.38790[0m[0m | time: 16.703s
[2K
| Adam | epoch: 003 | loss: 0.38790 - acc: 0.8311 -- iter: 064/725
[A[ATraining Step: 49  | total loss: [1m[32m0.34117[0m[0m | time: 27.978s
[2K
| Adam | epoch: 003 | loss: 0.34117 - acc: 0.8578 -- iter: 096/725
[A[ATraining Step: 50  | total loss: [1m[32m0.33931[0m[0m | time: 38.985s
[2K
| Adam | epoch: 003 | loss: 0.33931 - acc: 0.8508 -- iter: 128/725
[A[ATraining Step: 51  | total loss: [1m[32m0.34985[0m[0m | time: 51.177s
[2K
| Adam | epoch: 003 | loss: 0.34985 - acc: 0.8449 -- iter: 160/725
[A[ATraining Step: 52  | total loss: [1m[32m0.32097[0m[0m | time: 63.509s
[2K
| Adam | epoch: 003 | loss: 0.32097 - acc: 0.8541 -- iter: 192/725
[A[ATraining Step: 53  | total loss: [1m[32m0.34222[0m[0m | time: 75.604s
[2K
| Adam | epoch: 003 | loss: 0.34222 - acc: 0.8572 -- iter: 224/725
[A[ATraining Step: 54  | total loss: [1m[32m0.39078[0m[0m | time: 87.535s
[2K
| Adam | epoch: 003 | loss: 0.39078 - acc: 0.8326 -- iter: 256/725
[A[ATraining Step: 55  | total loss: [1m[32m0.38716[0m[0m | time: 100.005s
[2K
| Adam | epoch: 003 | loss: 0.38716 - acc: 0.8297 -- iter: 288/725
[A[ATraining Step: 56  | total loss: [1m[32m0.40233[0m[0m | time: 112.153s
[2K
| Adam | epoch: 003 | loss: 0.40233 - acc: 0.8317 -- iter: 320/725
[A[ATraining Step: 57  | total loss: [1m[32m0.42723[0m[0m | time: 124.396s
[2K
| Adam | epoch: 003 | loss: 0.42723 - acc: 0.8290 -- iter: 352/725
[A[ATraining Step: 58  | total loss: [1m[32m0.41770[0m[0m | time: 136.209s
[2K
| Adam | epoch: 003 | loss: 0.41770 - acc: 0.8353 -- iter: 384/725
[A[ATraining Step: 59  | total loss: [1m[32m0.40529[0m[0m | time: 148.485s
[2K
| Adam | epoch: 003 | loss: 0.40529 - acc: 0.8406 -- iter: 416/725
[A[ATraining Step: 60  | total loss: [1m[32m0.43323[0m[0m | time: 161.037s
[2K
| Adam | epoch: 003 | loss: 0.43323 - acc: 0.8369 -- iter: 448/725
[A[ATraining Step: 61  | total loss: [1m[32m0.46436[0m[0m | time: 173.007s
[2K
| Adam | epoch: 003 | loss: 0.46436 - acc: 0.8052 -- iter: 480/725
[A[ATraining Step: 62  | total loss: [1m[32m0.46255[0m[0m | time: 181.370s
[2K
| Adam | epoch: 003 | loss: 0.46255 - acc: 0.8061 -- iter: 512/725
[A[ATraining Step: 63  | total loss: [1m[32m0.46263[0m[0m | time: 189.799s
[2K
| Adam | epoch: 003 | loss: 0.46263 - acc: 0.8030 -- iter: 544/725
[A[ATraining Step: 64  | total loss: [1m[32m0.45482[0m[0m | time: 197.918s
[2K
| Adam | epoch: 003 | loss: 0.45482 - acc: 0.8003 -- iter: 576/725
[A[ATraining Step: 65  | total loss: [1m[32m0.43851[0m[0m | time: 211.623s
[2K
| Adam | epoch: 003 | loss: 0.43851 - acc: 0.8133 -- iter: 608/725
[A[ATraining Step: 66  | total loss: [1m[32m0.41544[0m[0m | time: 222.506s
[2K
| Adam | epoch: 003 | loss: 0.41544 - acc: 0.8246 -- iter: 640/725
[A[ATraining Step: 67  | total loss: [1m[32m0.43272[0m[0m | time: 230.793s
[2K
| Adam | epoch: 003 | loss: 0.43272 - acc: 0.8307 -- iter: 672/725
[A[ATraining Step: 68  | total loss: [1m[32m0.41704[0m[0m | time: 239.073s
[2K
| Adam | epoch: 003 | loss: 0.41704 - acc: 0.8396 -- iter: 704/725
[A[ATraining Step: 69  | total loss: [1m[32m0.44149[0m[0m | time: 257.605s
[2K
| Adam | epoch: 003 | loss: 0.44149 - acc: 0.8182 | val_loss: 2.42357 - val_acc: 0.4978 -- iter: 725/725
--
Training Step: 70  | total loss: [1m[32m0.44806[0m[0m | time: 8.160s
[2K
| Adam | epoch: 004 | loss: 0.44806 - acc: 0.8247 -- iter: 032/725
[A[ATraining Step: 71  | total loss: [1m[32m0.44253[0m[0m | time: 13.823s
[2K
| Adam | epoch: 004 | loss: 0.44253 - acc: 0.8198 -- iter: 064/725
[A[ATraining Step: 72  | total loss: [1m[32m0.42502[0m[0m | time: 19.568s
[2K
| Adam | epoch: 004 | loss: 0.42502 - acc: 0.8293 -- iter: 096/725
[A[ATraining Step: 73  | total loss: [1m[32m0.39853[0m[0m | time: 27.629s
[2K
| Adam | epoch: 004 | loss: 0.39853 - acc: 0.8377 -- iter: 128/725
[A[ATraining Step: 74  | total loss: [1m[32m0.38787[0m[0m | time: 35.887s
[2K
| Adam | epoch: 004 | loss: 0.38787 - acc: 0.8452 -- iter: 160/725
[A[ATraining Step: 75  | total loss: [1m[32m0.37236[0m[0m | time: 44.165s
[2K
| Adam | epoch: 004 | loss: 0.37236 - acc: 0.8485 -- iter: 192/725
[A[ATraining Step: 76  | total loss: [1m[32m0.39263[0m[0m | time: 52.204s
[2K
| Adam | epoch: 004 | loss: 0.39263 - acc: 0.8413 -- iter: 224/725
[A[ATraining Step: 77  | total loss: [1m[32m0.37687[0m[0m | time: 60.685s
[2K
| Adam | epoch: 004 | loss: 0.37687 - acc: 0.8482 -- iter: 256/725
[A[ATraining Step: 78  | total loss: [1m[32m0.35604[0m[0m | time: 68.902s
[2K
| Adam | epoch: 004 | loss: 0.35604 - acc: 0.8575 -- iter: 288/725
[A[ATraining Step: 79  | total loss: [1m[32m0.36805[0m[0m | time: 76.940s
[2K
| Adam | epoch: 004 | loss: 0.36805 - acc: 0.8431 -- iter: 320/725
[A[ATraining Step: 80  | total loss: [1m[32m0.35321[0m[0m | time: 85.075s
[2K
| Adam | epoch: 004 | loss: 0.35321 - acc: 0.8400 -- iter: 352/725
[A[ATraining Step: 81  | total loss: [1m[32m0.35609[0m[0m | time: 93.480s
[2K
| Adam | epoch: 004 | loss: 0.35609 - acc: 0.8404 -- iter: 384/725
[A[ATraining Step: 82  | total loss: [1m[32m0.33903[0m[0m | time: 101.718s
[2K
| Adam | epoch: 004 | loss: 0.33903 - acc: 0.8470 -- iter: 416/725
[A[ATraining Step: 83  | total loss: [1m[32m0.33868[0m[0m | time: 109.735s
[2K
| Adam | epoch: 004 | loss: 0.33868 - acc: 0.8435 -- iter: 448/725
[A[ATraining Step: 84  | total loss: [1m[32m0.33771[0m[0m | time: 117.886s
[2K
| Adam | epoch: 004 | loss: 0.33771 - acc: 0.8467 -- iter: 480/725
[A[ATraining Step: 85  | total loss: [1m[32m0.34064[0m[0m | time: 126.058s
[2K
| Adam | epoch: 004 | loss: 0.34064 - acc: 0.8433 -- iter: 512/725
[A[ATraining Step: 86  | total loss: [1m[32m0.37368[0m[0m | time: 134.144s
[2K
| Adam | epoch: 004 | loss: 0.37368 - acc: 0.8339 -- iter: 544/725
[A[ATraining Step: 87  | total loss: [1m[32m0.35903[0m[0m | time: 142.291s
[2K
| Adam | epoch: 004 | loss: 0.35903 - acc: 0.8412 -- iter: 576/725
[A[ATraining Step: 88  | total loss: [1m[32m0.33777[0m[0m | time: 150.335s
[2K
| Adam | epoch: 004 | loss: 0.33777 - acc: 0.8477 -- iter: 608/725
[A[ATraining Step: 89  | total loss: [1m[32m0.33170[0m[0m | time: 158.468s
[2K
| Adam | epoch: 004 | loss: 0.33170 - acc: 0.8504 -- iter: 640/725
[A[ATraining Step: 90  | total loss: [1m[32m0.32468[0m[0m | time: 166.684s
[2K
| Adam | epoch: 004 | loss: 0.32468 - acc: 0.8560 -- iter: 672/725
[A[ATraining Step: 91  | total loss: [1m[32m0.31305[0m[0m | time: 174.812s
[2K
| Adam | epoch: 004 | loss: 0.31305 - acc: 0.8610 -- iter: 704/725
[A[ATraining Step: 92  | total loss: [1m[32m0.30541[0m[0m | time: 193.309s
[2K
| Adam | epoch: 004 | loss: 0.30541 - acc: 0.8562 | val_loss: 0.45322 - val_acc: 0.8018 -- iter: 725/725
--
Training Step: 93  | total loss: [1m[32m0.29394[0m[0m | time: 8.105s
[2K
| Adam | epoch: 005 | loss: 0.29394 - acc: 0.8612 -- iter: 032/725
[A[ATraining Step: 94  | total loss: [1m[32m0.28386[0m[0m | time: 16.302s
[2K
| Adam | epoch: 005 | loss: 0.28386 - acc: 0.8688 -- iter: 064/725
[A[ATraining Step: 95  | total loss: [1m[32m0.27307[0m[0m | time: 22.068s
[2K
| Adam | epoch: 005 | loss: 0.27307 - acc: 0.8757 -- iter: 096/725
[A[ATraining Step: 96  | total loss: [1m[32m0.26192[0m[0m | time: 27.950s
[2K
| Adam | epoch: 005 | loss: 0.26192 - acc: 0.8786 -- iter: 128/725
[A[ATraining Step: 97  | total loss: [1m[32m0.24451[0m[0m | time: 36.156s
[2K
| Adam | epoch: 005 | loss: 0.24451 - acc: 0.8907 -- iter: 160/725
[A[ATraining Step: 98  | total loss: [1m[32m0.25282[0m[0m | time: 44.186s
[2K
| Adam | epoch: 005 | loss: 0.25282 - acc: 0.8892 -- iter: 192/725
[A[ATraining Step: 99  | total loss: [1m[32m0.24187[0m[0m | time: 52.246s
[2K
| Adam | epoch: 005 | loss: 0.24187 - acc: 0.8940 -- iter: 224/725
[A[ATraining Step: 100  | total loss: [1m[32m0.27705[0m[0m | time: 60.243s
[2K
| Adam | epoch: 005 | loss: 0.27705 - acc: 0.8858 -- iter: 256/725
[A[ATraining Step: 101  | total loss: [1m[32m0.30747[0m[0m | time: 68.244s
[2K
| Adam | epoch: 005 | loss: 0.30747 - acc: 0.8785 -- iter: 288/725
[A[ATraining Step: 102  | total loss: [1m[32m0.31662[0m[0m | time: 76.222s
[2K
| Adam | epoch: 005 | loss: 0.31662 - acc: 0.8719 -- iter: 320/725
[A[ATraining Step: 103  | total loss: [1m[32m0.30943[0m[0m | time: 84.663s
[2K
| Adam | epoch: 005 | loss: 0.30943 - acc: 0.8722 -- iter: 352/725
[A[ATraining Step: 104  | total loss: [1m[32m0.32810[0m[0m | time: 92.965s
[2K
| Adam | epoch: 005 | loss: 0.32810 - acc: 0.8662 -- iter: 384/725
[A[ATraining Step: 105  | total loss: [1m[32m0.32389[0m[0m | time: 101.214s
[2K
| Adam | epoch: 005 | loss: 0.32389 - acc: 0.8702 -- iter: 416/725
[A[ATraining Step: 106  | total loss: [1m[32m0.31494[0m[0m | time: 109.579s
[2K
| Adam | epoch: 005 | loss: 0.31494 - acc: 0.8770 -- iter: 448/725
[A[ATraining Step: 107  | total loss: [1m[32m0.33180[0m[0m | time: 117.568s
[2K
| Adam | epoch: 005 | loss: 0.33180 - acc: 0.8674 -- iter: 480/725
[A[ATraining Step: 108  | total loss: [1m[32m0.32179[0m[0m | time: 125.596s
[2K
| Adam | epoch: 005 | loss: 0.32179 - acc: 0.8650 -- iter: 512/725
[A[ATraining Step: 109  | total loss: [1m[32m0.35258[0m[0m | time: 133.580s
[2K
| Adam | epoch: 005 | loss: 0.35258 - acc: 0.8504 -- iter: 544/725
[A[ATraining Step: 110  | total loss: [1m[32m0.34764[0m[0m | time: 141.857s
[2K
| Adam | epoch: 005 | loss: 0.34764 - acc: 0.8497 -- iter: 576/725
[A[ATraining Step: 111  | total loss: [1m[32m0.36206[0m[0m | time: 150.021s
[2K
| Adam | epoch: 005 | loss: 0.36206 - acc: 0.8398 -- iter: 608/725
[A[ATraining Step: 112  | total loss: [1m[32m0.38898[0m[0m | time: 158.417s
[2K
| Adam | epoch: 005 | loss: 0.38898 - acc: 0.8183 -- iter: 640/725
[A[ATraining Step: 113  | total loss: [1m[32m0.38880[0m[0m | time: 166.948s
[2K
| Adam | epoch: 005 | loss: 0.38880 - acc: 0.8177 -- iter: 672/725
[A[ATraining Step: 114  | total loss: [1m[32m0.39769[0m[0m | time: 175.151s
[2K
| Adam | epoch: 005 | loss: 0.39769 - acc: 0.8109 -- iter: 704/725
[A[ATraining Step: 115  | total loss: [1m[32m0.37962[0m[0m | time: 278.312s
[2K
| Adam | epoch: 005 | loss: 0.37962 - acc: 0.8267 | val_loss: 0.86803 - val_acc: 0.6608 -- iter: 725/725
--
Validation AUC:0.7992547741034001
Validation AUPRC:0.8063245776681662
Test AUC:0.8071062043228113
Test AUPRC:0.792978994654122
BestTestF1Score	0.76	0.5	0.75	0.75	0.78	92	31	78	26	0.87
BestTestMCCScore	0.77	0.53	0.77	0.79	0.75	89	24	85	29	0.92
BestTestAccuracyScore	0.77	0.53	0.77	0.79	0.75	89	24	85	29	0.92
BestValidationF1Score	0.76	0.51	0.75	0.75	0.77	88	30	83	26	0.87
BestValidationMCC	0.75	0.53	0.76	0.79	0.72	82	22	91	32	0.92
BestValidationAccuracy	0.75	0.53	0.76	0.79	0.72	82	22	91	32	0.92
TestPredictions (Threshold:0.92)
CHEMBL80532,TN,INACT,0.699999988079071	CHEMBL452150,TN,INACT,0.7699999809265137	CHEMBL327775,TP,ACT,1.0	CHEMBL310250,TN,INACT,0.28999999165534973	CHEMBL62660,TN,INACT,0.009999999776482582	CHEMBL30739,TP,ACT,0.9900000095367432	CHEMBL351200,TP,ACT,0.9800000190734863	CHEMBL553082,TN,INACT,0.05999999865889549	CHEMBL106525,TP,ACT,0.9900000095367432	CHEMBL196064,FN,ACT,0.8899999856948853	CHEMBL3589940,TN,INACT,0.75	CHEMBL104172,TN,INACT,0.9100000262260437	CHEMBL332645,TN,INACT,0.5099999904632568	CHEMBL214661,TP,ACT,0.9800000190734863	CHEMBL844,TP,ACT,0.9399999976158142	CHEMBL1258999,TN,INACT,0.3100000023841858	CHEMBL1221,FN,ACT,0.5299999713897705	CHEMBL353087,TN,INACT,0.6499999761581421	CHEMBL95218,TP,ACT,0.9700000286102295	CHEMBL288967,TN,INACT,0.5699999928474426	CHEMBL279516,TP,ACT,0.9300000071525574	CHEMBL382310,TP,ACT,1.0	CHEMBL1643902,TP,ACT,0.9700000286102295	CHEMBL426900,TP,ACT,1.0	CHEMBL420,FN,ACT,0.3400000035762787	CHEMBL2432052,TP,ACT,1.0	CHEMBL259131,TN,INACT,0.8999999761581421	CHEMBL165175,TN,INACT,0.46000000834465027	CHEMBL217567,TP,ACT,1.0	CHEMBL195925,TP,ACT,0.9800000190734863	CHEMBL329861,TN,INACT,0.3799999952316284	CHEMBL323245,TN,INACT,0.8100000023841858	CHEMBL495095,FN,ACT,0.49000000953674316	CHEMBL267464,TP,ACT,0.9900000095367432	CHEMBL341473,FN,ACT,0.4399999976158142	CHEMBL49284,TP,ACT,0.9700000286102295	CHEMBL296291,TN,INACT,0.3499999940395355	CHEMBL110064,TN,INACT,0.3100000023841858	CHEMBL343969,FP,INACT,0.9300000071525574	CHEMBL75491,TP,ACT,0.9599999785423279	CHEMBL364270,TP,ACT,1.0	CHEMBL62716,TN,INACT,0.15000000596046448	CHEMBL3780248,TN,INACT,0.6700000166893005	CHEMBL43491,TP,ACT,1.0	CHEMBL309017,FP,INACT,0.9300000071525574	CHEMBL147365,FP,INACT,0.9900000095367432	CHEMBL3218121,TN,INACT,0.2199999988079071	CHEMBL272853,FP,INACT,0.9700000286102295	CHEMBL2030634,FN,ACT,0.28999999165534973	CHEMBL310335,TP,ACT,0.9900000095367432	CHEMBL415,TP,ACT,0.9900000095367432	CHEMBL1909065,FN,ACT,0.47999998927116394	CHEMBL73272,FP,INACT,0.9200000166893005	CHEMBL89445,TN,INACT,0.8700000047683716	CHEMBL160626,TN,INACT,0.5699999928474426	CHEMBL519609,FN,ACT,0.8600000143051147	CHEMBL3335537,TN,INACT,0.1599999964237213	CHEMBL305660,TP,ACT,0.9800000190734863	CHEMBL9746,TN,INACT,0.05999999865889549	CHEMBL325935,TN,INACT,0.6600000262260437	CHEMBL227429,TN,INACT,0.05999999865889549	CHEMBL351183,TN,INACT,0.5099999904632568	CHEMBL90419,TP,ACT,0.9800000190734863	CHEMBL1923416,TN,INACT,0.6399999856948853	CHEMBL3218124,TN,INACT,0.8799999952316284	CHEMBL217366,TP,ACT,0.9900000095367432	CHEMBL310361,TN,INACT,0.699999988079071	CHEMBL308570,TP,ACT,0.9800000190734863	CHEMBL524153,TP,ACT,0.9399999976158142	CHEMBL1276248,TP,ACT,1.0	CHEMBL1255723,TP,ACT,1.0	CHEMBL296660,TP,ACT,0.9800000190734863	CHEMBL479,FN,ACT,0.699999988079071	CHEMBL2432054,TP,ACT,1.0	CHEMBL374954,TP,ACT,1.0	CHEMBL2205833,TP,ACT,1.0	CHEMBL247665,FN,ACT,0.8299999833106995	CHEMBL268217,FN,ACT,0.8199999928474426	CHEMBL1765671,TN,INACT,0.9100000262260437	CHEMBL89688,TN,INACT,0.5299999713897705	CHEMBL3104093,FN,ACT,0.9100000262260437	CHEMBL432334,TN,INACT,0.5400000214576721	CHEMBL141365,FP,INACT,0.9200000166893005	CHEMBL217180,FN,ACT,0.28999999165534973	CHEMBL351531,TN,INACT,0.8199999928474426	CHEMBL175228,TN,INACT,0.7099999785423279	CHEMBL221989,TP,ACT,0.9900000095367432	CHEMBL177546,TN,INACT,0.6600000262260437	CHEMBL170335,TN,INACT,0.23000000417232513	CHEMBL588119,FN,ACT,0.6200000047683716	CHEMBL1627,TP,ACT,0.9800000190734863	CHEMBL222928,FN,ACT,0.6499999761581421	CHEMBL140495,TN,INACT,0.7599999904632568	CHEMBL47404,TN,INACT,0.18000000715255737	CHEMBL3735756,TP,ACT,0.949999988079071	CHEMBL461089,TN,INACT,0.2199999988079071	CHEMBL101596,TP,ACT,0.9900000095367432	CHEMBL419316,TP,ACT,0.9900000095367432	CHEMBL1437,FN,ACT,0.5199999809265137	CHEMBL196451,TP,ACT,0.9900000095367432	CHEMBL158078,TN,INACT,0.9100000262260437	CHEMBL3143400,FP,INACT,1.0	CHEMBL168855,TN,INACT,0.1599999964237213	CHEMBL461088,TN,INACT,0.029999999329447746	CHEMBL3392247,TP,ACT,1.0	CHEMBL45269,TN,INACT,0.1899999976158142	CHEMBL496,TP,ACT,0.9900000095367432	CHEMBL1186220,FN,ACT,0.8199999928474426	CHEMBL167032,TN,INACT,0.6299999952316284	CHEMBL308414,FP,INACT,0.9800000190734863	CHEMBL2058633,TP,ACT,0.9200000166893005	CHEMBL1078642,TN,INACT,0.019999999552965164	CHEMBL302196,TN,INACT,0.1899999976158142	CHEMBL453,TN,INACT,0.5899999737739563	CHEMBL2370509,TN,INACT,0.10999999940395355	CHEMBL219916,TP,ACT,0.949999988079071	CHEMBL112877,TN,INACT,0.4300000071525574	CHEMBL308243,FP,INACT,0.9900000095367432	CHEMBL304888,TN,INACT,0.12999999523162842	CHEMBL169675,TN,INACT,0.30000001192092896	CHEMBL2205827,TP,ACT,1.0	CHEMBL109478,TN,INACT,0.6499999761581421	CHEMBL403029,FP,INACT,1.0	CHEMBL390718,TP,ACT,0.9900000095367432	CHEMBL162095,TN,INACT,0.6000000238418579	CHEMBL257547,FP,INACT,0.9700000286102295	CHEMBL286080,TP,ACT,1.0	CHEMBL423260,TN,INACT,0.7799999713897705	CHEMBL297335,FP,INACT,0.9599999785423279	CHEMBL353972,TP,ACT,0.949999988079071	CHEMBL165181,TP,ACT,0.9800000190734863	CHEMBL374584,TP,ACT,0.9599999785423279	CHEMBL557840,TN,INACT,0.36000001430511475	CHEMBL331394,FP,INACT,0.9900000095367432	CHEMBL561262,TN,INACT,0.2199999988079071	CHEMBL420359,FP,INACT,0.9700000286102295	CHEMBL323517,TN,INACT,0.05999999865889549	CHEMBL217542,TP,ACT,0.9800000190734863	CHEMBL252232,FP,INACT,1.0	CHEMBL162490,TP,ACT,0.9800000190734863	CHEMBL3590085,FP,INACT,0.9599999785423279	CHEMBL302027,TN,INACT,0.8700000047683716	CHEMBL217253,TP,ACT,1.0	CHEMBL130861,FP,INACT,1.0	CHEMBL571314,TP,ACT,0.9300000071525574	CHEMBL93489,TP,ACT,0.9900000095367432	CHEMBL3588909,TN,INACT,0.23999999463558197	CHEMBL48031,TN,INACT,0.12999999523162842	CHEMBL3633656,TN,INACT,0.8299999833106995	CHEMBL488974,TP,ACT,0.9700000286102295	CHEMBL302359,TN,INACT,0.5099999904632568	CHEMBL322537,TN,INACT,0.3799999952316284	CHEMBL328089,TN,INACT,0.4300000071525574	CHEMBL252231,FP,INACT,0.9900000095367432	CHEMBL307659,TN,INACT,0.7099999785423279	CHEMBL123099,FP,INACT,0.9300000071525574	CHEMBL451821,TP,ACT,0.9900000095367432	CHEMBL15245,TP,ACT,1.0	CHEMBL2312376,FP,INACT,0.9800000190734863	CHEMBL2205812,TP,ACT,1.0	CHEMBL240888,FP,INACT,0.9900000095367432	CHEMBL2205814,TP,ACT,0.9900000095367432	CHEMBL196344,TP,ACT,0.9800000190734863	CHEMBL2048230,TN,INACT,0.10000000149011612	CHEMBL1940419,FN,ACT,0.5699999928474426	CHEMBL70740,TP,ACT,0.9900000095367432	CHEMBL493,TP,ACT,1.0	CHEMBL160932,TN,INACT,0.8299999833106995	CHEMBL91415,TP,ACT,1.0	CHEMBL462650,TN,INACT,0.8500000238418579	CHEMBL92860,TP,ACT,0.9900000095367432	CHEMBL2303762,FP,INACT,1.0	CHEMBL92496,TP,ACT,0.9200000166893005	CHEMBL2431281,TP,ACT,0.9300000071525574	CHEMBL570973,TP,ACT,0.9800000190734863	CHEMBL2205816,TP,ACT,0.9700000286102295	CHEMBL2443002,TN,INACT,0.25	CHEMBL323175,TN,INACT,0.2199999988079071	CHEMBL60401,TN,INACT,0.019999999552965164	CHEMBL91824,TP,ACT,0.9900000095367432	CHEMBL424917,FN,ACT,0.7200000286102295	CHEMBL302829,TN,INACT,0.1899999976158142	CHEMBL2436555,TP,ACT,0.9700000286102295	CHEMBL12089,FN,ACT,0.8899999856948853	CHEMBL129399,FN,ACT,0.49000000953674316	CHEMBL3104091,TP,ACT,1.0	CHEMBL112777,TN,INACT,0.6399999856948853	CHEMBL359141,FP,INACT,0.9800000190734863	CHEMBL833,TP,ACT,0.9800000190734863	CHEMBL397753,TP,ACT,0.949999988079071	CHEMBL2413154,FN,ACT,0.17000000178813934	CHEMBL284103,TP,ACT,1.0	CHEMBL295651,TN,INACT,0.7200000286102295	CHEMBL70676,TP,ACT,0.9599999785423279	CHEMBL2062854,TN,INACT,0.12999999523162842	CHEMBL3752576,FN,ACT,0.49000000953674316	CHEMBL3739820,TN,INACT,0.25999999046325684	CHEMBL246228,TP,ACT,0.9599999785423279	CHEMBL2205823,TP,ACT,1.0	CHEMBL268758,TP,ACT,0.9900000095367432	CHEMBL297827,TP,ACT,0.949999988079071	CHEMBL402473,TN,INACT,0.05999999865889549	CHEMBL1180343,FP,INACT,1.0	CHEMBL90966,TP,ACT,0.9800000190734863	CHEMBL523048,TP,ACT,0.9700000286102295	CHEMBL315392,TP,ACT,1.0	CHEMBL320763,TN,INACT,0.47999998927116394	CHEMBL15675,TN,INACT,0.10000000149011612	CHEMBL420830,FN,ACT,0.6399999856948853	CHEMBL2391541,FN,ACT,0.8100000023841858	CHEMBL370005,TP,ACT,1.0	CHEMBL440594,TP,ACT,0.9399999976158142	CHEMBL73164,TN,INACT,0.8199999928474426	CHEMBL384925,TP,ACT,0.9900000095367432	CHEMBL140872,FN,ACT,0.46000000834465027	CHEMBL42799,TN,INACT,0.18000000715255737	CHEMBL295186,TP,ACT,0.9700000286102295	CHEMBL154068,TN,INACT,0.5699999928474426	CHEMBL1276218,FN,ACT,0.8100000023841858	CHEMBL477816,TP,ACT,0.9399999976158142	CHEMBL316968,TN,INACT,0.019999999552965164	CHEMBL156814,TN,INACT,0.5	CHEMBL3753318,TP,ACT,0.9700000286102295	CHEMBL1940420,FN,ACT,0.6000000238418579	CHEMBL1224527,TP,ACT,1.0	CHEMBL101361,TP,ACT,0.9800000190734863	CHEMBL420060,FN,ACT,0.4000000059604645	

