CNNModel CHEMBL4302 adam 0.0005 30 32 0 0.6 False True
Number of active compounds :	523
Number of inactive compounds :	349
---------------------------------
Run id: CNNModel_CHEMBL4302_adam_0.0005_30_32_0_0.6_False_True_id
Log directory: ../tflearnLogs/CNNModel_CHEMBL4302_adam_0.0005_30_32_0.6_True/
---------------------------------
Training samples: 556
Validation samples: 174
--
Training Step: 1  | time: 11.040s
[2K
| Adam | epoch: 001 | loss: 0.00000 - acc: 0.0000 -- iter: 032/556
[A[ATraining Step: 2  | total loss: [1m[32m0.62399[0m[0m | time: 15.388s
[2K
| Adam | epoch: 001 | loss: 0.62399 - acc: 0.3656 -- iter: 064/556
[A[ATraining Step: 3  | total loss: [1m[32m0.68019[0m[0m | time: 16.892s
[2K
| Adam | epoch: 001 | loss: 0.68019 - acc: 0.6034 -- iter: 096/556
[A[ATraining Step: 4  | total loss: [1m[32m0.68620[0m[0m | time: 18.559s
[2K
| Adam | epoch: 001 | loss: 0.68620 - acc: 0.7134 -- iter: 128/556
[A[ATraining Step: 5  | total loss: [1m[32m0.69059[0m[0m | time: 20.040s
[2K
| Adam | epoch: 001 | loss: 0.69059 - acc: 0.5656 -- iter: 160/556
[A[ATraining Step: 6  | total loss: [1m[32m0.69267[0m[0m | time: 21.375s
[2K
| Adam | epoch: 001 | loss: 0.69267 - acc: 0.5234 -- iter: 192/556
[A[ATraining Step: 7  | total loss: [1m[32m0.69684[0m[0m | time: 22.454s
[2K
| Adam | epoch: 001 | loss: 0.69684 - acc: 0.4906 -- iter: 224/556
[A[ATraining Step: 8  | total loss: [1m[32m0.68456[0m[0m | time: 23.546s
[2K
| Adam | epoch: 001 | loss: 0.68456 - acc: 0.6014 -- iter: 256/556
[A[ATraining Step: 9  | total loss: [1m[32m0.69321[0m[0m | time: 24.639s
[2K
| Adam | epoch: 001 | loss: 0.69321 - acc: 0.5312 -- iter: 288/556
[A[ATraining Step: 10  | total loss: [1m[32m0.69879[0m[0m | time: 25.769s
[2K
| Adam | epoch: 001 | loss: 0.69879 - acc: 0.4843 -- iter: 320/556
[A[ATraining Step: 11  | total loss: [1m[32m0.69116[0m[0m | time: 26.722s
[2K
| Adam | epoch: 001 | loss: 0.69116 - acc: 0.5362 -- iter: 352/556
[A[ATraining Step: 12  | total loss: [1m[32m0.68178[0m[0m | time: 27.826s
[2K
| Adam | epoch: 001 | loss: 0.68178 - acc: 0.6043 -- iter: 384/556
[A[ATraining Step: 13  | total loss: [1m[32m0.68157[0m[0m | time: 29.033s
[2K
| Adam | epoch: 001 | loss: 0.68157 - acc: 0.5998 -- iter: 416/556
[A[ATraining Step: 14  | total loss: [1m[32m0.66115[0m[0m | time: 30.541s
[2K
| Adam | epoch: 001 | loss: 0.66115 - acc: 0.6996 -- iter: 448/556
[A[ATraining Step: 15  | total loss: [1m[32m0.66023[0m[0m | time: 31.552s
[2K
| Adam | epoch: 001 | loss: 0.66023 - acc: 0.6826 -- iter: 480/556
[A[ATraining Step: 16  | total loss: [1m[32m0.66470[0m[0m | time: 32.571s
[2K
| Adam | epoch: 001 | loss: 0.66470 - acc: 0.6493 -- iter: 512/556
[A[ATraining Step: 17  | total loss: [1m[32m0.67137[0m[0m | time: 33.675s
[2K
| Adam | epoch: 001 | loss: 0.67137 - acc: 0.6293 -- iter: 544/556
[A[ATraining Step: 18  | total loss: [1m[32m0.66257[0m[0m | time: 35.278s
[2K
| Adam | epoch: 001 | loss: 0.66257 - acc: 0.6386 | val_loss: 0.70397 - val_acc: 0.5632 -- iter: 556/556
--
Training Step: 19  | total loss: [1m[32m0.67435[0m[0m | time: 0.465s
[2K
| Adam | epoch: 002 | loss: 0.67435 - acc: 0.6202 -- iter: 032/556
[A[ATraining Step: 20  | total loss: [1m[32m0.68072[0m[0m | time: 1.603s
[2K
| Adam | epoch: 002 | loss: 0.68072 - acc: 0.6083 -- iter: 064/556
[A[ATraining Step: 21  | total loss: [1m[32m0.65815[0m[0m | time: 2.685s
[2K
| Adam | epoch: 002 | loss: 0.65815 - acc: 0.6426 -- iter: 096/556
[A[ATraining Step: 22  | total loss: [1m[32m0.65828[0m[0m | time: 3.833s
[2K
| Adam | epoch: 002 | loss: 0.65828 - acc: 0.6373 -- iter: 128/556
[A[ATraining Step: 23  | total loss: [1m[32m0.65147[0m[0m | time: 4.932s
[2K
| Adam | epoch: 002 | loss: 0.65147 - acc: 0.6519 -- iter: 160/556
[A[ATraining Step: 24  | total loss: [1m[32m0.65343[0m[0m | time: 6.033s
[2K
| Adam | epoch: 002 | loss: 0.65343 - acc: 0.6443 -- iter: 192/556
[A[ATraining Step: 25  | total loss: [1m[32m0.65867[0m[0m | time: 7.184s
[2K
| Adam | epoch: 002 | loss: 0.65867 - acc: 0.6305 -- iter: 224/556
[A[ATraining Step: 26  | total loss: [1m[32m0.64419[0m[0m | time: 8.409s
[2K
| Adam | epoch: 002 | loss: 0.64419 - acc: 0.6622 -- iter: 256/556
[A[ATraining Step: 27  | total loss: [1m[32m0.64351[0m[0m | time: 9.333s
[2K
| Adam | epoch: 002 | loss: 0.64351 - acc: 0.6606 -- iter: 288/556
[A[ATraining Step: 28  | total loss: [1m[32m0.67710[0m[0m | time: 10.225s
[2K
| Adam | epoch: 002 | loss: 0.67710 - acc: 0.6049 -- iter: 320/556
[A[ATraining Step: 29  | total loss: [1m[32m0.66892[0m[0m | time: 11.263s
[2K
| Adam | epoch: 002 | loss: 0.66892 - acc: 0.6174 -- iter: 352/556
[A[ATraining Step: 30  | total loss: [1m[32m0.65059[0m[0m | time: 12.286s
[2K
| Adam | epoch: 002 | loss: 0.65059 - acc: 0.6488 -- iter: 384/556
[A[ATraining Step: 31  | total loss: [1m[32m0.63651[0m[0m | time: 13.351s
[2K
| Adam | epoch: 002 | loss: 0.63651 - acc: 0.6721 -- iter: 416/556
[A[ATraining Step: 32  | total loss: [1m[32m0.65601[0m[0m | time: 14.373s
[2K
| Adam | epoch: 002 | loss: 0.65601 - acc: 0.6404 -- iter: 448/556
[A[ATraining Step: 33  | total loss: [1m[32m0.66195[0m[0m | time: 15.510s
[2K
| Adam | epoch: 002 | loss: 0.66195 - acc: 0.6302 -- iter: 480/556
[A[ATraining Step: 34  | total loss: [1m[32m0.66500[0m[0m | time: 16.574s
[2K
| Adam | epoch: 002 | loss: 0.66500 - acc: 0.6224 -- iter: 512/556
[A[ATraining Step: 35  | total loss: [1m[32m0.66057[0m[0m | time: 17.675s
[2K
| Adam | epoch: 002 | loss: 0.66057 - acc: 0.6295 -- iter: 544/556
[A[ATraining Step: 36  | total loss: [1m[32m0.66353[0m[0m | time: 19.813s
[2K
| Adam | epoch: 002 | loss: 0.66353 - acc: 0.6222 | val_loss: 0.68704 - val_acc: 0.5632 -- iter: 556/556
--
Training Step: 37  | total loss: [1m[32m0.66851[0m[0m | time: 0.524s
[2K
| Adam | epoch: 003 | loss: 0.66851 - acc: 0.6102 -- iter: 032/556
[A[ATraining Step: 38  | total loss: [1m[32m0.68456[0m[0m | time: 1.096s
[2K
| Adam | epoch: 003 | loss: 0.68456 - acc: 0.5724 -- iter: 064/556
[A[ATraining Step: 39  | total loss: [1m[32m0.69442[0m[0m | time: 2.592s
[2K
| Adam | epoch: 003 | loss: 0.69442 - acc: 0.5425 -- iter: 096/556
[A[ATraining Step: 40  | total loss: [1m[32m0.69274[0m[0m | time: 4.077s
[2K
| Adam | epoch: 003 | loss: 0.69274 - acc: 0.5463 -- iter: 128/556
[A[ATraining Step: 41  | total loss: [1m[32m0.69005[0m[0m | time: 6.422s
[2K
| Adam | epoch: 003 | loss: 0.69005 - acc: 0.5550 -- iter: 160/556
[A[ATraining Step: 42  | total loss: [1m[32m0.68640[0m[0m | time: 11.594s
[2K
| Adam | epoch: 003 | loss: 0.68640 - acc: 0.5732 -- iter: 192/556
[A[ATraining Step: 43  | total loss: [1m[32m0.68621[0m[0m | time: 18.869s
[2K
| Adam | epoch: 003 | loss: 0.68621 - acc: 0.5713 -- iter: 224/556
[A[ATraining Step: 44  | total loss: [1m[32m0.68362[0m[0m | time: 23.973s
[2K
| Adam | epoch: 003 | loss: 0.68362 - acc: 0.5914 -- iter: 256/556
[A[ATraining Step: 45  | total loss: [1m[32m0.68610[0m[0m | time: 29.197s
[2K
| Adam | epoch: 003 | loss: 0.68610 - acc: 0.5706 -- iter: 288/556
[A[ATraining Step: 46  | total loss: [1m[32m0.68436[0m[0m | time: 35.914s
[2K
| Adam | epoch: 003 | loss: 0.68436 - acc: 0.5849 -- iter: 320/556
[A[ATraining Step: 47  | total loss: [1m[32m0.68256[0m[0m | time: 45.030s
[2K
| Adam | epoch: 003 | loss: 0.68256 - acc: 0.6017 -- iter: 352/556
[A[ATraining Step: 48  | total loss: [1m[32m0.68422[0m[0m | time: 46.564s
[2K
| Adam | epoch: 003 | loss: 0.68422 - acc: 0.5853 -- iter: 384/556
[A[ATraining Step: 49  | total loss: [1m[32m0.68528[0m[0m | time: 48.011s
[2K
| Adam | epoch: 003 | loss: 0.68528 - acc: 0.5768 -- iter: 416/556
[A[ATraining Step: 50  | total loss: [1m[32m0.68719[0m[0m | time: 49.167s
[2K
| Adam | epoch: 003 | loss: 0.68719 - acc: 0.5600 -- iter: 448/556
[A[ATraining Step: 51  | total loss: [1m[32m0.68477[0m[0m | time: 50.257s
[2K
| Adam | epoch: 003 | loss: 0.68477 - acc: 0.5842 -- iter: 480/556
[A[ATraining Step: 52  | total loss: [1m[32m0.68306[0m[0m | time: 51.375s
[2K
| Adam | epoch: 003 | loss: 0.68306 - acc: 0.5997 -- iter: 512/556
[A[ATraining Step: 53  | total loss: [1m[32m0.68314[0m[0m | time: 52.653s
[2K
| Adam | epoch: 003 | loss: 0.68314 - acc: 0.5988 -- iter: 544/556
[A[ATraining Step: 54  | total loss: [1m[32m0.68637[0m[0m | time: 55.048s
[2K
| Adam | epoch: 003 | loss: 0.68637 - acc: 0.5709 | val_loss: 0.68575 - val_acc: 0.5632 -- iter: 556/556
--
Training Step: 55  | total loss: [1m[32m0.68298[0m[0m | time: 1.150s
[2K
| Adam | epoch: 004 | loss: 0.68298 - acc: 0.5965 -- iter: 032/556
[A[ATraining Step: 56  | total loss: [1m[32m0.68209[0m[0m | time: 1.841s
[2K
| Adam | epoch: 004 | loss: 0.68209 - acc: 0.6005 -- iter: 064/556
[A[ATraining Step: 57  | total loss: [1m[32m0.68059[0m[0m | time: 2.397s
[2K
| Adam | epoch: 004 | loss: 0.68059 - acc: 0.6097 -- iter: 096/556
[A[ATraining Step: 58  | total loss: [1m[32m0.67872[0m[0m | time: 3.804s
[2K
| Adam | epoch: 004 | loss: 0.67872 - acc: 0.6174 -- iter: 128/556
[A[ATraining Step: 59  | total loss: [1m[32m0.67842[0m[0m | time: 5.074s
[2K
| Adam | epoch: 004 | loss: 0.67842 - acc: 0.6142 -- iter: 160/556
[A[ATraining Step: 60  | total loss: [1m[32m0.68036[0m[0m | time: 9.662s
[2K
| Adam | epoch: 004 | loss: 0.68036 - acc: 0.6033 -- iter: 192/556
[A[ATraining Step: 61  | total loss: [1m[32m0.67499[0m[0m | time: 10.643s
[2K
| Adam | epoch: 004 | loss: 0.67499 - acc: 0.6183 -- iter: 224/556
[A[ATraining Step: 62  | total loss: [1m[32m0.66533[0m[0m | time: 11.762s
[2K
| Adam | epoch: 004 | loss: 0.66533 - acc: 0.6393 -- iter: 256/556
[A[ATraining Step: 63  | total loss: [1m[32m0.66266[0m[0m | time: 12.990s
[2K
| Adam | epoch: 004 | loss: 0.66266 - acc: 0.6414 -- iter: 288/556
[A[ATraining Step: 64  | total loss: [1m[32m0.66152[0m[0m | time: 14.102s
[2K
| Adam | epoch: 004 | loss: 0.66152 - acc: 0.6394 -- iter: 320/556
[A[ATraining Step: 65  | total loss: [1m[32m0.65927[0m[0m | time: 15.268s
[2K
| Adam | epoch: 004 | loss: 0.65927 - acc: 0.6415 -- iter: 352/556
[A[ATraining Step: 66  | total loss: [1m[32m0.67543[0m[0m | time: 16.631s
[2K
| Adam | epoch: 004 | loss: 0.67543 - acc: 0.6242 -- iter: 384/556
[A[ATraining Step: 67  | total loss: [1m[32m0.68719[0m[0m | time: 17.843s
[2K
| Adam | epoch: 004 | loss: 0.68719 - acc: 0.6093 -- iter: 416/556
[A[ATraining Step: 68  | total loss: [1m[32m0.68592[0m[0m | time: 19.001s
[2K
| Adam | epoch: 004 | loss: 0.68592 - acc: 0.6075 -- iter: 448/556
[A[ATraining Step: 69  | total loss: [1m[32m0.68278[0m[0m | time: 20.377s
[2K
| Adam | epoch: 004 | loss: 0.68278 - acc: 0.6095 -- iter: 480/556
[A[ATraining Step: 70  | total loss: [1m[32m0.67786[0m[0m | time: 21.809s
[2K
| Adam | epoch: 004 | loss: 0.67786 - acc: 0.6185 -- iter: 512/556
[A[ATraining Step: 71  | total loss: [1m[32m0.67317[0m[0m | time: 23.039s
[2K
| Adam | epoch: 004 | loss: 0.67317 - acc: 0.6300 -- iter: 544/556
[A[ATraining Step: 72  | total loss: [1m[32m0.67815[0m[0m | time: 58.715s
[2K
| Adam | epoch: 004 | loss: 0.67815 - acc: 0.6083 | val_loss: 0.68305 - val_acc: 0.5632 -- iter: 556/556
--
Training Step: 73  | total loss: [1m[32m0.67690[0m[0m | time: 5.889s
[2K
| Adam | epoch: 005 | loss: 0.67690 - acc: 0.6102 -- iter: 032/556
[A[ATraining Step: 74  | total loss: [1m[32m0.67377[0m[0m | time: 11.457s
[2K
| Adam | epoch: 005 | loss: 0.67377 - acc: 0.6221 -- iter: 064/556
[A[ATraining Step: 75  | total loss: [1m[32m0.67344[0m[0m | time: 14.363s
[2K
| Adam | epoch: 005 | loss: 0.67344 - acc: 0.6224 -- iter: 096/556
[A[ATraining Step: 76  | total loss: [1m[32m0.67227[0m[0m | time: 17.992s
[2K
| Adam | epoch: 005 | loss: 0.67227 - acc: 0.6271 -- iter: 128/556
[A[ATraining Step: 77  | total loss: [1m[32m0.67151[0m[0m | time: 24.904s
[2K
| Adam | epoch: 005 | loss: 0.67151 - acc: 0.6313 -- iter: 160/556
[A[ATraining Step: 78  | total loss: [1m[32m0.67369[0m[0m | time: 30.137s
[2K
| Adam | epoch: 005 | loss: 0.67369 - acc: 0.6208 -- iter: 192/556
[A[ATraining Step: 79  | total loss: [1m[32m0.67174[0m[0m | time: 31.349s
[2K
| Adam | epoch: 005 | loss: 0.67174 - acc: 0.6277 -- iter: 224/556
[A[ATraining Step: 80  | total loss: [1m[32m0.67278[0m[0m | time: 32.759s
[2K
| Adam | epoch: 005 | loss: 0.67278 - acc: 0.6211 -- iter: 256/556
[A[ATraining Step: 81  | total loss: [1m[32m0.67189[0m[0m | time: 34.060s
[2K
| Adam | epoch: 005 | loss: 0.67189 - acc: 0.6246 -- iter: 288/556
[A[ATraining Step: 82  | total loss: [1m[32m0.67288[0m[0m | time: 35.473s
[2K
| Adam | epoch: 005 | loss: 0.67288 - acc: 0.6184 -- iter: 320/556
[A[ATraining Step: 83  | total loss: [1m[32m0.67215[0m[0m | time: 36.761s
[2K
| Adam | epoch: 005 | loss: 0.67215 - acc: 0.6191 -- iter: 352/556
[A[ATraining Step: 84  | total loss: [1m[32m0.67155[0m[0m | time: 38.286s
[2K
| Adam | epoch: 005 | loss: 0.67155 - acc: 0.6197 -- iter: 384/556
[A[ATraining Step: 85  | total loss: [1m[32m0.66949[0m[0m | time: 39.777s
[2K
| Adam | epoch: 005 | loss: 0.66949 - acc: 0.6233 -- iter: 416/556
[A[ATraining Step: 86  | total loss: [1m[32m0.66877[0m[0m | time: 41.294s
[2K
| Adam | epoch: 005 | loss: 0.66877 - acc: 0.6235 -- iter: 448/556
[A[ATraining Step: 87  | total loss: [1m[32m0.66528[0m[0m | time: 42.533s
[2K
| Adam | epoch: 005 | loss: 0.66528 - acc: 0.6299 -- iter: 480/556
[A[ATraining Step: 88  | total loss: [1m[32m0.66311[0m[0m | time: 44.282s
[2K
| Adam | epoch: 005 | loss: 0.66311 - acc: 0.6325 -- iter: 512/556
[A[ATraining Step: 89  | total loss: [1m[32m0.66891[0m[0m | time: 45.819s
[2K
| Adam | epoch: 005 | loss: 0.66891 - acc: 0.6193 -- iter: 544/556
[A[ATraining Step: 90  | total loss: [1m[32m0.67420[0m[0m | time: 75.831s
[2K
| Adam | epoch: 005 | loss: 0.67420 - acc: 0.6073 | val_loss: 0.68701 - val_acc: 0.5632 -- iter: 556/556
--
Training Step: 91  | total loss: [1m[32m0.67924[0m[0m | time: 3.989s
[2K
| Adam | epoch: 006 | loss: 0.67924 - acc: 0.5966 -- iter: 032/556
[A[ATraining Step: 92  | total loss: [1m[32m0.68007[0m[0m | time: 5.259s
[2K
| Adam | epoch: 006 | loss: 0.68007 - acc: 0.5932 -- iter: 064/556
[A[ATraining Step: 93  | total loss: [1m[32m0.67377[0m[0m | time: 6.932s
[2K
| Adam | epoch: 006 | loss: 0.67377 - acc: 0.6058 -- iter: 096/556
[A[ATraining Step: 94  | total loss: [1m[32m0.67061[0m[0m | time: 7.399s
[2K
| Adam | epoch: 006 | loss: 0.67061 - acc: 0.6108 -- iter: 128/556
[A[ATraining Step: 95  | total loss: [1m[32m0.67866[0m[0m | time: 7.949s
[2K
| Adam | epoch: 006 | loss: 0.67866 - acc: 0.5914 -- iter: 160/556
[A[ATraining Step: 96  | total loss: [1m[32m0.68597[0m[0m | time: 9.295s
[2K
| Adam | epoch: 006 | loss: 0.68597 - acc: 0.5739 -- iter: 192/556
[A[ATraining Step: 97  | total loss: [1m[32m0.68184[0m[0m | time: 11.012s
[2K
| Adam | epoch: 006 | loss: 0.68184 - acc: 0.5822 -- iter: 224/556
[A[ATraining Step: 98  | total loss: [1m[32m0.67842[0m[0m | time: 12.539s
[2K
| Adam | epoch: 006 | loss: 0.67842 - acc: 0.5896 -- iter: 256/556
[A[ATraining Step: 99  | total loss: [1m[32m0.67530[0m[0m | time: 14.225s
[2K
| Adam | epoch: 006 | loss: 0.67530 - acc: 0.5994 -- iter: 288/556
[A[ATraining Step: 100  | total loss: [1m[32m0.67373[0m[0m | time: 15.849s
[2K
| Adam | epoch: 006 | loss: 0.67373 - acc: 0.6019 -- iter: 320/556
[A[ATraining Step: 101  | total loss: [1m[32m0.67375[0m[0m | time: 17.305s
[2K
| Adam | epoch: 006 | loss: 0.67375 - acc: 0.6011 -- iter: 352/556
[A[ATraining Step: 102  | total loss: [1m[32m0.67451[0m[0m | time: 19.124s
[2K
| Adam | epoch: 006 | loss: 0.67451 - acc: 0.5972 -- iter: 384/556
[A[ATraining Step: 103  | total loss: [1m[32m0.67032[0m[0m | time: 25.361s
[2K
| Adam | epoch: 006 | loss: 0.67032 - acc: 0.6094 -- iter: 416/556
[A[ATraining Step: 104  | total loss: [1m[32m0.67436[0m[0m | time: 29.899s
[2K
| Adam | epoch: 006 | loss: 0.67436 - acc: 0.5953 -- iter: 448/556
[A[ATraining Step: 105  | total loss: [1m[32m0.67723[0m[0m | time: 36.197s
[2K
| Adam | epoch: 006 | loss: 0.67723 - acc: 0.5858 -- iter: 480/556
[A[ATraining Step: 106  | total loss: [1m[32m0.67300[0m[0m | time: 46.104s
[2K
| Adam | epoch: 006 | loss: 0.67300 - acc: 0.5960 -- iter: 512/556
[A[ATraining Step: 107  | total loss: [1m[32m0.66839[0m[0m | time: 50.672s
[2K
| Adam | epoch: 006 | loss: 0.66839 - acc: 0.6082 -- iter: 544/556
[A[ATraining Step: 108  | total loss: [1m[32m0.66731[0m[0m | time: 76.495s
[2K
| Adam | epoch: 006 | loss: 0.66731 - acc: 0.6099 | val_loss: 0.68101 - val_acc: 0.5632 -- iter: 556/556
--
Training Step: 109  | total loss: [1m[32m0.66520[0m[0m | time: 10.813s
[2K
| Adam | epoch: 007 | loss: 0.66520 - acc: 0.6146 -- iter: 032/556
[A[ATraining Step: 110  | total loss: [1m[32m0.65839[0m[0m | time: 12.199s
[2K
| Adam | epoch: 007 | loss: 0.65839 - acc: 0.6281 -- iter: 064/556
[A[ATraining Step: 111  | total loss: [1m[32m0.66406[0m[0m | time: 13.647s
[2K
| Adam | epoch: 007 | loss: 0.66406 - acc: 0.6184 -- iter: 096/556
[A[ATraining Step: 112  | total loss: [1m[32m0.65525[0m[0m | time: 15.116s
[2K
| Adam | epoch: 007 | loss: 0.65525 - acc: 0.6316 -- iter: 128/556
[A[ATraining Step: 113  | total loss: [1m[32m0.65143[0m[0m | time: 15.816s
[2K
| Adam | epoch: 007 | loss: 0.65143 - acc: 0.6372 -- iter: 160/556
[A[ATraining Step: 114  | total loss: [1m[32m0.67484[0m[0m | time: 16.370s
[2K
| Adam | epoch: 007 | loss: 0.67484 - acc: 0.6068 -- iter: 192/556
[A[ATraining Step: 115  | total loss: [1m[32m0.69254[0m[0m | time: 17.878s
[2K
| Adam | epoch: 007 | loss: 0.69254 - acc: 0.5794 -- iter: 224/556
[A[ATraining Step: 116  | total loss: [1m[32m0.69503[0m[0m | time: 19.446s
[2K
| Adam | epoch: 007 | loss: 0.69503 - acc: 0.5715 -- iter: 256/556
[A[ATraining Step: 117  | total loss: [1m[32m0.69593[0m[0m | time: 20.966s
[2K
| Adam | epoch: 007 | loss: 0.69593 - acc: 0.5643 -- iter: 288/556
[A[ATraining Step: 118  | total loss: [1m[32m0.69281[0m[0m | time: 22.375s
[2K
| Adam | epoch: 007 | loss: 0.69281 - acc: 0.5704 -- iter: 320/556
[A[ATraining Step: 119  | total loss: [1m[32m0.68926[0m[0m | time: 24.018s
[2K
| Adam | epoch: 007 | loss: 0.68926 - acc: 0.5790 -- iter: 352/556
[A[ATraining Step: 120  | total loss: [1m[32m0.68730[0m[0m | time: 25.604s
[2K
| Adam | epoch: 007 | loss: 0.68730 - acc: 0.5836 -- iter: 384/556
[A[ATraining Step: 121  | total loss: [1m[32m0.68789[0m[0m | time: 30.413s
[2K
| Adam | epoch: 007 | loss: 0.68789 - acc: 0.5752 -- iter: 416/556
[A[ATraining Step: 122  | total loss: [1m[32m0.68477[0m[0m | time: 36.125s
[2K
| Adam | epoch: 007 | loss: 0.68477 - acc: 0.5896 -- iter: 448/556
[A[ATraining Step: 123  | total loss: [1m[32m0.68201[0m[0m | time: 43.838s
[2K
| Adam | epoch: 007 | loss: 0.68201 - acc: 0.6025 -- iter: 480/556
[A[ATraining Step: 124  | total loss: [1m[32m0.68079[0m[0m | time: 49.514s
[2K
| Adam | epoch: 007 | loss: 0.68079 - acc: 0.6079 -- iter: 512/556
[A[ATraining Step: 125  | total loss: [1m[32m0.68069[0m[0m | time: 57.108s
[2K
| Adam | epoch: 007 | loss: 0.68069 - acc: 0.6065 -- iter: 544/556
[A[ATraining Step: 126  | total loss: [1m[32m0.67967[0m[0m | time: 67.200s
[2K
| Adam | epoch: 007 | loss: 0.67967 - acc: 0.6114 | val_loss: 0.68337 - val_acc: 0.5632 -- iter: 556/556
--
Training Step: 127  | total loss: [1m[32m0.68005[0m[0m | time: 4.528s
[2K
| Adam | epoch: 008 | loss: 0.68005 - acc: 0.6065 -- iter: 032/556
[A[ATraining Step: 128  | total loss: [1m[32m0.67953[0m[0m | time: 7.891s
[2K
| Adam | epoch: 008 | loss: 0.67953 - acc: 0.6084 -- iter: 064/556
[A[ATraining Step: 129  | total loss: [1m[32m0.68170[0m[0m | time: 9.379s
[2K
| Adam | epoch: 008 | loss: 0.68170 - acc: 0.5913 -- iter: 096/556
[A[ATraining Step: 130  | total loss: [1m[32m0.68040[0m[0m | time: 10.993s
[2K
| Adam | epoch: 008 | loss: 0.68040 - acc: 0.5978 -- iter: 128/556
[A[ATraining Step: 131  | total loss: [1m[32m0.68066[0m[0m | time: 12.510s
[2K
| Adam | epoch: 008 | loss: 0.68066 - acc: 0.5943 -- iter: 160/556
[A[ATraining Step: 132  | total loss: [1m[32m0.68045[0m[0m | time: 13.243s
[2K
| Adam | epoch: 008 | loss: 0.68045 - acc: 0.5942 -- iter: 192/556
[A[ATraining Step: 133  | total loss: [1m[32m0.67569[0m[0m | time: 13.842s
[2K
| Adam | epoch: 008 | loss: 0.67569 - acc: 0.6181 -- iter: 224/556
[A[ATraining Step: 134  | total loss: [1m[32m0.67066[0m[0m | time: 15.481s
[2K
| Adam | epoch: 008 | loss: 0.67066 - acc: 0.6396 -- iter: 256/556
[A[ATraining Step: 135  | total loss: [1m[32m0.67097[0m[0m | time: 17.092s
[2K
| Adam | epoch: 008 | loss: 0.67097 - acc: 0.6351 -- iter: 288/556
[A[ATraining Step: 136  | total loss: [1m[32m0.66952[0m[0m | time: 18.683s
[2K
| Adam | epoch: 008 | loss: 0.66952 - acc: 0.6372 -- iter: 320/556
[A[ATraining Step: 137  | total loss: [1m[32m0.66768[0m[0m | time: 20.354s
[2K
| Adam | epoch: 008 | loss: 0.66768 - acc: 0.6391 -- iter: 352/556
[A[ATraining Step: 138  | total loss: [1m[32m0.66979[0m[0m | time: 21.879s
[2K
| Adam | epoch: 008 | loss: 0.66979 - acc: 0.6283 -- iter: 384/556
[A[ATraining Step: 139  | total loss: [1m[32m0.67312[0m[0m | time: 23.357s
[2K
| Adam | epoch: 008 | loss: 0.67312 - acc: 0.6155 -- iter: 416/556
[A[ATraining Step: 140  | total loss: [1m[32m0.67143[0m[0m | time: 24.782s
[2K
| Adam | epoch: 008 | loss: 0.67143 - acc: 0.6164 -- iter: 448/556
[A[ATraining Step: 141  | total loss: [1m[32m0.67630[0m[0m | time: 26.068s
[2K
| Adam | epoch: 008 | loss: 0.67630 - acc: 0.6048 -- iter: 480/556
[A[ATraining Step: 142  | total loss: [1m[32m0.67496[0m[0m | time: 29.521s
[2K
| Adam | epoch: 008 | loss: 0.67496 - acc: 0.6037 -- iter: 512/556
[A[ATraining Step: 143  | total loss: [1m[32m0.67224[0m[0m | time: 32.609s
[2K
| Adam | epoch: 008 | loss: 0.67224 - acc: 0.6058 -- iter: 544/556
[A[ATraining Step: 144  | total loss: [1m[32m0.67180[0m[0m | time: 35.834s
[2K
| Adam | epoch: 008 | loss: 0.67180 - acc: 0.6046 | val_loss: 0.67620 - val_acc: 0.5632 -- iter: 556/556
--
Training Step: 145  | total loss: [1m[32m0.66741[0m[0m | time: 5.280s
[2K
| Adam | epoch: 009 | loss: 0.66741 - acc: 0.6098 -- iter: 032/556
[A[ATraining Step: 146  | total loss: [1m[32m0.66814[0m[0m | time: 13.587s
[2K
| Adam | epoch: 009 | loss: 0.66814 - acc: 0.6050 -- iter: 064/556
[A[ATraining Step: 147  | total loss: [1m[32m0.66351[0m[0m | time: 15.125s
[2K
| Adam | epoch: 009 | loss: 0.66351 - acc: 0.6133 -- iter: 096/556
[A[ATraining Step: 148  | total loss: [1m[32m0.66223[0m[0m | time: 17.260s
[2K
| Adam | epoch: 009 | loss: 0.66223 - acc: 0.6145 -- iter: 128/556
[A[ATraining Step: 149  | total loss: [1m[32m0.65889[0m[0m | time: 21.956s
[2K
| Adam | epoch: 009 | loss: 0.65889 - acc: 0.6186 -- iter: 160/556
[A[ATraining Step: 150  | total loss: [1m[32m0.65195[0m[0m | time: 23.580s
[2K
| Adam | epoch: 009 | loss: 0.65195 - acc: 0.6286 -- iter: 192/556
[A[ATraining Step: 151  | total loss: [1m[32m0.65231[0m[0m | time: 24.148s
[2K
| Adam | epoch: 009 | loss: 0.65231 - acc: 0.6283 -- iter: 224/556
[A[ATraining Step: 152  | total loss: [1m[32m0.65503[0m[0m | time: 24.642s
[2K
| Adam | epoch: 009 | loss: 0.65503 - acc: 0.6238 -- iter: 256/556
[A[ATraining Step: 153  | total loss: [1m[32m0.65722[0m[0m | time: 25.625s
[2K
| Adam | epoch: 009 | loss: 0.65722 - acc: 0.6197 -- iter: 288/556
[A[ATraining Step: 154  | total loss: [1m[32m0.64677[0m[0m | time: 26.806s
[2K
| Adam | epoch: 009 | loss: 0.64677 - acc: 0.6328 -- iter: 320/556
[A[ATraining Step: 155  | total loss: [1m[32m0.64856[0m[0m | time: 27.852s
[2K
| Adam | epoch: 009 | loss: 0.64856 - acc: 0.6257 -- iter: 352/556
[A[ATraining Step: 156  | total loss: [1m[32m0.65413[0m[0m | time: 28.855s
[2K
| Adam | epoch: 009 | loss: 0.65413 - acc: 0.6163 -- iter: 384/556
[A[ATraining Step: 157  | total loss: [1m[32m0.65366[0m[0m | time: 29.863s
[2K
| Adam | epoch: 009 | loss: 0.65366 - acc: 0.6172 -- iter: 416/556
[A[ATraining Step: 158  | total loss: [1m[32m0.64929[0m[0m | time: 30.534s
[2K
| Adam | epoch: 009 | loss: 0.64929 - acc: 0.6211 -- iter: 448/556
[A[ATraining Step: 159  | total loss: [1m[32m0.64600[0m[0m | time: 31.206s
[2K
| Adam | epoch: 009 | loss: 0.64600 - acc: 0.6277 -- iter: 480/556
[A[ATraining Step: 160  | total loss: [1m[32m0.64746[0m[0m | time: 31.898s
[2K
| Adam | epoch: 009 | loss: 0.64746 - acc: 0.6212 -- iter: 512/556
[A[ATraining Step: 161  | total loss: [1m[32m0.64652[0m[0m | time: 32.605s
[2K
| Adam | epoch: 009 | loss: 0.64652 - acc: 0.6216 -- iter: 544/556
[A[ATraining Step: 162  | total loss: [1m[32m0.64444[0m[0m | time: 34.346s
[2K
| Adam | epoch: 009 | loss: 0.64444 - acc: 0.6250 | val_loss: 0.66330 - val_acc: 0.5632 -- iter: 556/556
--
Training Step: 163  | total loss: [1m[32m0.64288[0m[0m | time: 0.679s
[2K
| Adam | epoch: 010 | loss: 0.64288 - acc: 0.6250 -- iter: 032/556
[A[ATraining Step: 164  | total loss: [1m[32m0.63906[0m[0m | time: 1.343s
[2K
| Adam | epoch: 010 | loss: 0.63906 - acc: 0.6282 -- iter: 064/556
[A[ATraining Step: 165  | total loss: [1m[32m0.64954[0m[0m | time: 2.036s
[2K
| Adam | epoch: 010 | loss: 0.64954 - acc: 0.6122 -- iter: 096/556
[A[ATraining Step: 166  | total loss: [1m[32m0.65889[0m[0m | time: 2.787s
[2K
| Adam | epoch: 010 | loss: 0.65889 - acc: 0.6010 -- iter: 128/556
[A[ATraining Step: 167  | total loss: [1m[32m0.65344[0m[0m | time: 3.524s
[2K
| Adam | epoch: 010 | loss: 0.65344 - acc: 0.6065 -- iter: 160/556
[A[ATraining Step: 168  | total loss: [1m[32m0.65260[0m[0m | time: 4.193s
[2K
| Adam | epoch: 010 | loss: 0.65260 - acc: 0.6084 -- iter: 192/556
[A[ATraining Step: 169  | total loss: [1m[32m0.65369[0m[0m | time: 4.889s
[2K
| Adam | epoch: 010 | loss: 0.65369 - acc: 0.6007 -- iter: 224/556
[A[ATraining Step: 170  | total loss: [1m[32m0.65540[0m[0m | time: 5.206s
[2K
| Adam | epoch: 010 | loss: 0.65540 - acc: 0.5937 -- iter: 256/556
[A[ATraining Step: 171  | total loss: [1m[32m0.64996[0m[0m | time: 5.475s
[2K
| Adam | epoch: 010 | loss: 0.64996 - acc: 0.6093 -- iter: 288/556
[A[ATraining Step: 172  | total loss: [1m[32m0.64435[0m[0m | time: 6.135s
[2K
| Adam | epoch: 010 | loss: 0.64435 - acc: 0.6234 -- iter: 320/556
[A[ATraining Step: 173  | total loss: [1m[32m0.64357[0m[0m | time: 6.828s
[2K
| Adam | epoch: 010 | loss: 0.64357 - acc: 0.6204 -- iter: 352/556
[A[ATraining Step: 174  | total loss: [1m[32m0.63632[0m[0m | time: 7.519s
[2K
| Adam | epoch: 010 | loss: 0.63632 - acc: 0.6272 -- iter: 384/556
[A[ATraining Step: 175  | total loss: [1m[32m0.62977[0m[0m | time: 8.584s
[2K
| Adam | epoch: 010 | loss: 0.62977 - acc: 0.6332 -- iter: 416/556
[A[ATraining Step: 176  | total loss: [1m[32m0.63614[0m[0m | time: 9.749s
[2K
| Adam | epoch: 010 | loss: 0.63614 - acc: 0.6324 -- iter: 448/556
[A[ATraining Step: 177  | total loss: [1m[32m0.64019[0m[0m | time: 10.650s
[2K
| Adam | epoch: 010 | loss: 0.64019 - acc: 0.6316 -- iter: 480/556
[A[ATraining Step: 178  | total loss: [1m[32m0.63813[0m[0m | time: 11.639s
[2K
| Adam | epoch: 010 | loss: 0.63813 - acc: 0.6310 -- iter: 512/556
[A[ATraining Step: 179  | total loss: [1m[32m0.64204[0m[0m | time: 12.673s
[2K
| Adam | epoch: 010 | loss: 0.64204 - acc: 0.6272 -- iter: 544/556
[A[ATraining Step: 180  | total loss: [1m[32m0.63607[0m[0m | time: 14.612s
[2K
| Adam | epoch: 010 | loss: 0.63607 - acc: 0.6364 | val_loss: 0.64767 - val_acc: 0.5632 -- iter: 556/556
--
Training Step: 181  | total loss: [1m[32m0.63756[0m[0m | time: 0.919s
[2K
| Adam | epoch: 011 | loss: 0.63756 - acc: 0.6321 -- iter: 032/556
[A[ATraining Step: 182  | total loss: [1m[32m0.63747[0m[0m | time: 2.213s
[2K
| Adam | epoch: 011 | loss: 0.63747 - acc: 0.6283 -- iter: 064/556
[A[ATraining Step: 183  | total loss: [1m[32m0.63990[0m[0m | time: 3.781s
[2K
| Adam | epoch: 011 | loss: 0.63990 - acc: 0.6155 -- iter: 096/556
[A[ATraining Step: 184  | total loss: [1m[32m0.63575[0m[0m | time: 5.158s
[2K
| Adam | epoch: 011 | loss: 0.63575 - acc: 0.6289 -- iter: 128/556
[A[ATraining Step: 185  | total loss: [1m[32m0.63170[0m[0m | time: 6.470s
[2K
| Adam | epoch: 011 | loss: 0.63170 - acc: 0.6348 -- iter: 160/556
[A[ATraining Step: 186  | total loss: [1m[32m0.63694[0m[0m | time: 7.649s
[2K
| Adam | epoch: 011 | loss: 0.63694 - acc: 0.6213 -- iter: 192/556
[A[ATraining Step: 187  | total loss: [1m[32m0.63229[0m[0m | time: 8.983s
[2K
| Adam | epoch: 011 | loss: 0.63229 - acc: 0.6248 -- iter: 224/556
[A[ATraining Step: 188  | total loss: [1m[32m0.63105[0m[0m | time: 10.305s
[2K
| Adam | epoch: 011 | loss: 0.63105 - acc: 0.6217 -- iter: 256/556
[A[ATraining Step: 189  | total loss: [1m[32m0.63868[0m[0m | time: 10.851s
[2K
| Adam | epoch: 011 | loss: 0.63868 - acc: 0.6064 -- iter: 288/556
[A[ATraining Step: 190  | total loss: [1m[32m0.65887[0m[0m | time: 11.349s
[2K
| Adam | epoch: 011 | loss: 0.65887 - acc: 0.5791 -- iter: 320/556
[A[ATraining Step: 191  | total loss: [1m[32m0.67127[0m[0m | time: 12.737s
[2K
| Adam | epoch: 011 | loss: 0.67127 - acc: 0.5545 -- iter: 352/556
[A[ATraining Step: 192  | total loss: [1m[32m0.66170[0m[0m | time: 14.208s
[2K
| Adam | epoch: 011 | loss: 0.66170 - acc: 0.5709 -- iter: 384/556
[A[ATraining Step: 193  | total loss: [1m[32m0.65932[0m[0m | time: 15.480s
[2K
| Adam | epoch: 011 | loss: 0.65932 - acc: 0.5732 -- iter: 416/556
[A[ATraining Step: 194  | total loss: [1m[32m0.65994[0m[0m | time: 16.882s
[2K
| Adam | epoch: 011 | loss: 0.65994 - acc: 0.5815 -- iter: 448/556
[A[ATraining Step: 195  | total loss: [1m[32m0.65850[0m[0m | time: 18.319s
[2K
| Adam | epoch: 011 | loss: 0.65850 - acc: 0.5890 -- iter: 480/556
[A[ATraining Step: 196  | total loss: [1m[32m0.65722[0m[0m | time: 19.707s
[2K
| Adam | epoch: 011 | loss: 0.65722 - acc: 0.6020 -- iter: 512/556
[A[ATraining Step: 197  | total loss: [1m[32m0.65721[0m[0m | time: 20.945s
[2K
| Adam | epoch: 011 | loss: 0.65721 - acc: 0.6074 -- iter: 544/556
[A[ATraining Step: 198  | total loss: [1m[32m0.65404[0m[0m | time: 23.452s
[2K
| Adam | epoch: 011 | loss: 0.65404 - acc: 0.6185 | val_loss: 0.64106 - val_acc: 0.5632 -- iter: 556/556
--
Training Step: 199  | total loss: [1m[32m0.65182[0m[0m | time: 1.342s
[2K
| Adam | epoch: 012 | loss: 0.65182 - acc: 0.6192 -- iter: 032/556
[A[ATraining Step: 200  | total loss: [1m[32m0.65551[0m[0m | time: 4.270s
[2K
| Adam | epoch: 012 | loss: 0.65551 - acc: 0.6073 | val_loss: 0.63498 - val_acc: 0.5632 -- iter: 064/556
--
Training Step: 201  | total loss: [1m[32m0.65380[0m[0m | time: 5.642s
[2K
| Adam | epoch: 012 | loss: 0.65380 - acc: 0.6028 -- iter: 096/556
[A[ATraining Step: 202  | total loss: [1m[32m0.64806[0m[0m | time: 7.233s
[2K
| Adam | epoch: 012 | loss: 0.64806 - acc: 0.6081 -- iter: 128/556
[A[ATraining Step: 203  | total loss: [1m[32m0.65046[0m[0m | time: 8.839s
[2K
| Adam | epoch: 012 | loss: 0.65046 - acc: 0.6004 -- iter: 160/556
[A[ATraining Step: 204  | total loss: [1m[32m0.64964[0m[0m | time: 10.257s
[2K
| Adam | epoch: 012 | loss: 0.64964 - acc: 0.5998 -- iter: 192/556
[A[ATraining Step: 205  | total loss: [1m[32m0.64216[0m[0m | time: 13.401s
[2K
| Adam | epoch: 012 | loss: 0.64216 - acc: 0.6023 -- iter: 224/556
[A[ATraining Step: 206  | total loss: [1m[32m0.63786[0m[0m | time: 17.645s
[2K
| Adam | epoch: 012 | loss: 0.63786 - acc: 0.6046 -- iter: 256/556
[A[ATraining Step: 207  | total loss: [1m[32m0.64636[0m[0m | time: 24.315s
[2K
| Adam | epoch: 012 | loss: 0.64636 - acc: 0.5972 -- iter: 288/556
[A[ATraining Step: 208  | total loss: [1m[32m0.64970[0m[0m | time: 24.871s
[2K
| Adam | epoch: 012 | loss: 0.64970 - acc: 0.5844 -- iter: 320/556
[A[ATraining Step: 209  | total loss: [1m[32m0.64313[0m[0m | time: 25.384s
[2K
| Adam | epoch: 012 | loss: 0.64313 - acc: 0.5843 -- iter: 352/556
[A[ATraining Step: 210  | total loss: [1m[32m0.63761[0m[0m | time: 29.327s
[2K
| Adam | epoch: 012 | loss: 0.63761 - acc: 0.5842 -- iter: 384/556
[A[ATraining Step: 211  | total loss: [1m[32m0.62733[0m[0m | time: 30.480s
[2K
| Adam | epoch: 012 | loss: 0.62733 - acc: 0.5976 -- iter: 416/556
[A[ATraining Step: 212  | total loss: [1m[32m0.62703[0m[0m | time: 31.785s
[2K
| Adam | epoch: 012 | loss: 0.62703 - acc: 0.5973 -- iter: 448/556
[A[ATraining Step: 213  | total loss: [1m[32m0.61438[0m[0m | time: 33.250s
[2K
| Adam | epoch: 012 | loss: 0.61438 - acc: 0.6094 -- iter: 480/556
[A[ATraining Step: 214  | total loss: [1m[32m0.60924[0m[0m | time: 34.581s
[2K
| Adam | epoch: 012 | loss: 0.60924 - acc: 0.6078 -- iter: 512/556
[A[ATraining Step: 215  | total loss: [1m[32m0.60600[0m[0m | time: 35.948s
[2K
| Adam | epoch: 012 | loss: 0.60600 - acc: 0.6127 -- iter: 544/556
[A[ATraining Step: 216  | total loss: [1m[32m0.61061[0m[0m | time: 38.891s
[2K
| Adam | epoch: 012 | loss: 0.61061 - acc: 0.6045 | val_loss: 0.59007 - val_acc: 0.5632 -- iter: 556/556
--
Training Step: 217  | total loss: [1m[32m0.60774[0m[0m | time: 1.468s
[2K
| Adam | epoch: 013 | loss: 0.60774 - acc: 0.6035 -- iter: 032/556
[A[ATraining Step: 218  | total loss: [1m[32m0.59144[0m[0m | time: 2.916s
[2K
| Adam | epoch: 013 | loss: 0.59144 - acc: 0.6181 -- iter: 064/556
[A[ATraining Step: 219  | total loss: [1m[32m0.59760[0m[0m | time: 4.230s
[2K
| Adam | epoch: 013 | loss: 0.59760 - acc: 0.6063 -- iter: 096/556
[A[ATraining Step: 220  | total loss: [1m[32m0.59860[0m[0m | time: 5.433s
[2K
| Adam | epoch: 013 | loss: 0.59860 - acc: 0.6050 -- iter: 128/556
[A[ATraining Step: 221  | total loss: [1m[32m0.59470[0m[0m | time: 6.631s
[2K
| Adam | epoch: 013 | loss: 0.59470 - acc: 0.6039 -- iter: 160/556
[A[ATraining Step: 222  | total loss: [1m[32m0.59012[0m[0m | time: 7.908s
[2K
| Adam | epoch: 013 | loss: 0.59012 - acc: 0.6123 -- iter: 192/556
[A[ATraining Step: 223  | total loss: [1m[32m0.58598[0m[0m | time: 9.205s
[2K
| Adam | epoch: 013 | loss: 0.58598 - acc: 0.6260 -- iter: 224/556
[A[ATraining Step: 224  | total loss: [1m[32m0.58807[0m[0m | time: 10.532s
[2K
| Adam | epoch: 013 | loss: 0.58807 - acc: 0.6291 -- iter: 256/556
[A[ATraining Step: 225  | total loss: [1m[32m0.57915[0m[0m | time: 11.870s
[2K
| Adam | epoch: 013 | loss: 0.57915 - acc: 0.6474 -- iter: 288/556
[A[ATraining Step: 226  | total loss: [1m[32m0.56098[0m[0m | time: 13.357s
[2K
| Adam | epoch: 013 | loss: 0.56098 - acc: 0.6639 -- iter: 320/556
[A[ATraining Step: 227  | total loss: [1m[32m0.57159[0m[0m | time: 13.898s
[2K
| Adam | epoch: 013 | loss: 0.57159 - acc: 0.6632 -- iter: 352/556
[A[ATraining Step: 228  | total loss: [1m[32m0.56935[0m[0m | time: 14.423s
[2K
| Adam | epoch: 013 | loss: 0.56935 - acc: 0.6718 -- iter: 384/556
[A[ATraining Step: 229  | total loss: [1m[32m0.56545[0m[0m | time: 15.719s
[2K
| Adam | epoch: 013 | loss: 0.56545 - acc: 0.6797 -- iter: 416/556
[A[ATraining Step: 230  | total loss: [1m[32m0.57637[0m[0m | time: 17.155s
[2K
| Adam | epoch: 013 | loss: 0.57637 - acc: 0.6773 -- iter: 448/556
[A[ATraining Step: 231  | total loss: [1m[32m0.57793[0m[0m | time: 18.611s
[2K
| Adam | epoch: 013 | loss: 0.57793 - acc: 0.6752 -- iter: 480/556
[A[ATraining Step: 232  | total loss: [1m[32m0.58178[0m[0m | time: 19.990s
[2K
| Adam | epoch: 013 | loss: 0.58178 - acc: 0.6671 -- iter: 512/556
[A[ATraining Step: 233  | total loss: [1m[32m0.57976[0m[0m | time: 21.066s
[2K
| Adam | epoch: 013 | loss: 0.57976 - acc: 0.6691 -- iter: 544/556
[A[ATraining Step: 234  | total loss: [1m[32m0.57479[0m[0m | time: 23.387s
[2K
| Adam | epoch: 013 | loss: 0.57479 - acc: 0.6772 | val_loss: 0.55035 - val_acc: 0.7299 -- iter: 556/556
--
Training Step: 235  | total loss: [1m[32m0.57182[0m[0m | time: 1.115s
[2K
| Adam | epoch: 014 | loss: 0.57182 - acc: 0.6845 -- iter: 032/556
[A[ATraining Step: 236  | total loss: [1m[32m0.56117[0m[0m | time: 2.293s
[2K
| Adam | epoch: 014 | loss: 0.56117 - acc: 0.7004 -- iter: 064/556
[A[ATraining Step: 237  | total loss: [1m[32m0.56104[0m[0m | time: 3.473s
[2K
| Adam | epoch: 014 | loss: 0.56104 - acc: 0.6991 -- iter: 096/556
[A[ATraining Step: 238  | total loss: [1m[32m0.56301[0m[0m | time: 4.538s
[2K
| Adam | epoch: 014 | loss: 0.56301 - acc: 0.6917 -- iter: 128/556
[A[ATraining Step: 239  | total loss: [1m[32m0.57329[0m[0m | time: 5.862s
[2K
| Adam | epoch: 014 | loss: 0.57329 - acc: 0.6788 -- iter: 160/556
[A[ATraining Step: 240  | total loss: [1m[32m0.58154[0m[0m | time: 7.097s
[2K
| Adam | epoch: 014 | loss: 0.58154 - acc: 0.6828 -- iter: 192/556
[A[ATraining Step: 241  | total loss: [1m[32m0.57006[0m[0m | time: 8.101s
[2K
| Adam | epoch: 014 | loss: 0.57006 - acc: 0.7020 -- iter: 224/556
[A[ATraining Step: 242  | total loss: [1m[32m0.57447[0m[0m | time: 9.121s
[2K
| Adam | epoch: 014 | loss: 0.57447 - acc: 0.6974 -- iter: 256/556
[A[ATraining Step: 243  | total loss: [1m[32m0.58071[0m[0m | time: 10.212s
[2K
| Adam | epoch: 014 | loss: 0.58071 - acc: 0.6902 -- iter: 288/556
[A[ATraining Step: 244  | total loss: [1m[32m0.58451[0m[0m | time: 11.353s
[2K
| Adam | epoch: 014 | loss: 0.58451 - acc: 0.6899 -- iter: 320/556
[A[ATraining Step: 245  | total loss: [1m[32m0.58211[0m[0m | time: 12.429s
[2K
| Adam | epoch: 014 | loss: 0.58211 - acc: 0.6990 -- iter: 352/556
[A[ATraining Step: 246  | total loss: [1m[32m0.58381[0m[0m | time: 12.943s
[2K
| Adam | epoch: 014 | loss: 0.58381 - acc: 0.7073 -- iter: 384/556
[A[ATraining Step: 247  | total loss: [1m[32m0.58326[0m[0m | time: 13.411s
[2K
| Adam | epoch: 014 | loss: 0.58326 - acc: 0.7199 -- iter: 416/556
[A[ATraining Step: 248  | total loss: [1m[32m0.58271[0m[0m | time: 14.511s
[2K
| Adam | epoch: 014 | loss: 0.58271 - acc: 0.7312 -- iter: 448/556
[A[ATraining Step: 249  | total loss: [1m[32m0.57596[0m[0m | time: 15.535s
[2K
| Adam | epoch: 014 | loss: 0.57596 - acc: 0.7300 -- iter: 480/556
[A[ATraining Step: 250  | total loss: [1m[32m0.56997[0m[0m | time: 16.810s
[2K
| Adam | epoch: 014 | loss: 0.56997 - acc: 0.7289 -- iter: 512/556
[A[ATraining Step: 251  | total loss: [1m[32m0.57421[0m[0m | time: 18.196s
[2K
| Adam | epoch: 014 | loss: 0.57421 - acc: 0.7278 -- iter: 544/556
[A[ATraining Step: 252  | total loss: [1m[32m0.57480[0m[0m | time: 20.538s
[2K
| Adam | epoch: 014 | loss: 0.57480 - acc: 0.7238 | val_loss: 0.50722 - val_acc: 0.7644 -- iter: 556/556
--
Training Step: 253  | total loss: [1m[32m0.61128[0m[0m | time: 1.342s
[2K
| Adam | epoch: 015 | loss: 0.61128 - acc: 0.7046 -- iter: 032/556
[A[ATraining Step: 254  | total loss: [1m[32m0.59384[0m[0m | time: 2.685s
[2K
| Adam | epoch: 015 | loss: 0.59384 - acc: 0.7122 -- iter: 064/556
[A[ATraining Step: 255  | total loss: [1m[32m0.58278[0m[0m | time: 4.194s
[2K
| Adam | epoch: 015 | loss: 0.58278 - acc: 0.7191 -- iter: 096/556
[A[ATraining Step: 256  | total loss: [1m[32m0.58226[0m[0m | time: 5.513s
[2K
| Adam | epoch: 015 | loss: 0.58226 - acc: 0.7222 -- iter: 128/556
[A[ATraining Step: 257  | total loss: [1m[32m0.58237[0m[0m | time: 6.788s
[2K
| Adam | epoch: 015 | loss: 0.58237 - acc: 0.7187 -- iter: 160/556
[A[ATraining Step: 258  | total loss: [1m[32m0.57555[0m[0m | time: 8.210s
[2K
| Adam | epoch: 015 | loss: 0.57555 - acc: 0.7219 -- iter: 192/556
[A[ATraining Step: 259  | total loss: [1m[32m0.57117[0m[0m | time: 9.455s
[2K
| Adam | epoch: 015 | loss: 0.57117 - acc: 0.7247 -- iter: 224/556
[A[ATraining Step: 260  | total loss: [1m[32m0.57176[0m[0m | time: 10.826s
[2K
| Adam | epoch: 015 | loss: 0.57176 - acc: 0.7303 -- iter: 256/556
[A[ATraining Step: 261  | total loss: [1m[32m0.56269[0m[0m | time: 12.234s
[2K
| Adam | epoch: 015 | loss: 0.56269 - acc: 0.7323 -- iter: 288/556
[A[ATraining Step: 262  | total loss: [1m[32m0.54398[0m[0m | time: 13.647s
[2K
| Adam | epoch: 015 | loss: 0.54398 - acc: 0.7434 -- iter: 320/556
[A[ATraining Step: 263  | total loss: [1m[32m0.54447[0m[0m | time: 14.938s
[2K
| Adam | epoch: 015 | loss: 0.54447 - acc: 0.7347 -- iter: 352/556
[A[ATraining Step: 264  | total loss: [1m[32m0.54078[0m[0m | time: 16.209s
[2K
| Adam | epoch: 015 | loss: 0.54078 - acc: 0.7363 -- iter: 384/556
[A[ATraining Step: 265  | total loss: [1m[32m0.55097[0m[0m | time: 16.581s
[2K
| Adam | epoch: 015 | loss: 0.55097 - acc: 0.7189 -- iter: 416/556
[A[ATraining Step: 266  | total loss: [1m[32m0.55616[0m[0m | time: 16.971s
[2K
| Adam | epoch: 015 | loss: 0.55616 - acc: 0.7053 -- iter: 448/556
[A[ATraining Step: 267  | total loss: [1m[32m0.55462[0m[0m | time: 18.195s
[2K
| Adam | epoch: 015 | loss: 0.55462 - acc: 0.7098 -- iter: 480/556
[A[ATraining Step: 268  | total loss: [1m[32m0.54944[0m[0m | time: 19.273s
[2K
| Adam | epoch: 015 | loss: 0.54944 - acc: 0.7201 -- iter: 512/556
[A[ATraining Step: 269  | total loss: [1m[32m0.54630[0m[0m | time: 20.163s
[2K
| Adam | epoch: 015 | loss: 0.54630 - acc: 0.7231 -- iter: 544/556
[A[ATraining Step: 270  | total loss: [1m[32m0.54477[0m[0m | time: 22.187s
[2K
| Adam | epoch: 015 | loss: 0.54477 - acc: 0.7289 | val_loss: 0.50436 - val_acc: 0.7874 -- iter: 556/556
--
Training Step: 271  | total loss: [1m[32m0.53582[0m[0m | time: 0.984s
[2K
| Adam | epoch: 016 | loss: 0.53582 - acc: 0.7341 -- iter: 032/556
[A[ATraining Step: 272  | total loss: [1m[32m0.54127[0m[0m | time: 1.964s
[2K
| Adam | epoch: 016 | loss: 0.54127 - acc: 0.7295 -- iter: 064/556
[A[ATraining Step: 273  | total loss: [1m[32m0.53303[0m[0m | time: 2.924s
[2K
| Adam | epoch: 016 | loss: 0.53303 - acc: 0.7346 -- iter: 096/556
[A[ATraining Step: 274  | total loss: [1m[32m0.52585[0m[0m | time: 4.093s
[2K
| Adam | epoch: 016 | loss: 0.52585 - acc: 0.7424 -- iter: 128/556
[A[ATraining Step: 275  | total loss: [1m[32m0.52804[0m[0m | time: 5.144s
[2K
| Adam | epoch: 016 | loss: 0.52804 - acc: 0.7338 -- iter: 160/556
[A[ATraining Step: 276  | total loss: [1m[32m0.53255[0m[0m | time: 5.967s
[2K
| Adam | epoch: 016 | loss: 0.53255 - acc: 0.7292 -- iter: 192/556
[A[ATraining Step: 277  | total loss: [1m[32m0.51869[0m[0m | time: 6.959s
[2K
| Adam | epoch: 016 | loss: 0.51869 - acc: 0.7438 -- iter: 224/556
[A[ATraining Step: 278  | total loss: [1m[32m0.50967[0m[0m | time: 7.895s
[2K
| Adam | epoch: 016 | loss: 0.50967 - acc: 0.7538 -- iter: 256/556
[A[ATraining Step: 279  | total loss: [1m[32m0.51193[0m[0m | time: 8.902s
[2K
| Adam | epoch: 016 | loss: 0.51193 - acc: 0.7534 -- iter: 288/556
[A[ATraining Step: 280  | total loss: [1m[32m0.49878[0m[0m | time: 9.822s
[2K
| Adam | epoch: 016 | loss: 0.49878 - acc: 0.7687 -- iter: 320/556
[A[ATraining Step: 281  | total loss: [1m[32m0.50639[0m[0m | time: 10.758s
[2K
| Adam | epoch: 016 | loss: 0.50639 - acc: 0.7637 -- iter: 352/556
[A[ATraining Step: 282  | total loss: [1m[32m0.49686[0m[0m | time: 11.796s
[2K
| Adam | epoch: 016 | loss: 0.49686 - acc: 0.7686 -- iter: 384/556
[A[ATraining Step: 283  | total loss: [1m[32m0.49154[0m[0m | time: 12.994s
[2K
| Adam | epoch: 016 | loss: 0.49154 - acc: 0.7730 -- iter: 416/556
[A[ATraining Step: 284  | total loss: [1m[32m0.49203[0m[0m | time: 13.460s
[2K
| Adam | epoch: 016 | loss: 0.49203 - acc: 0.7738 -- iter: 448/556
[A[ATraining Step: 285  | total loss: [1m[32m0.50033[0m[0m | time: 13.963s
[2K
| Adam | epoch: 016 | loss: 0.50033 - acc: 0.7631 -- iter: 480/556
[A[ATraining Step: 286  | total loss: [1m[32m0.49893[0m[0m | time: 14.902s
[2K
| Adam | epoch: 016 | loss: 0.49893 - acc: 0.7618 -- iter: 512/556
[A[ATraining Step: 287  | total loss: [1m[32m0.48957[0m[0m | time: 15.758s
[2K
| Adam | epoch: 016 | loss: 0.48957 - acc: 0.7668 -- iter: 544/556
[A[ATraining Step: 288  | total loss: [1m[32m0.51968[0m[0m | time: 17.667s
[2K
| Adam | epoch: 016 | loss: 0.51968 - acc: 0.7558 | val_loss: 0.51416 - val_acc: 0.7529 -- iter: 556/556
--
Training Step: 289  | total loss: [1m[32m0.51455[0m[0m | time: 0.933s
[2K
| Adam | epoch: 017 | loss: 0.51455 - acc: 0.7583 -- iter: 032/556
[A[ATraining Step: 290  | total loss: [1m[32m0.51449[0m[0m | time: 2.325s
[2K
| Adam | epoch: 017 | loss: 0.51449 - acc: 0.7575 -- iter: 064/556
[A[ATraining Step: 291  | total loss: [1m[32m0.51612[0m[0m | time: 3.845s
[2K
| Adam | epoch: 017 | loss: 0.51612 - acc: 0.7505 -- iter: 096/556
[A[ATraining Step: 292  | total loss: [1m[32m0.51389[0m[0m | time: 5.168s
[2K
| Adam | epoch: 017 | loss: 0.51389 - acc: 0.7473 -- iter: 128/556
[A[ATraining Step: 293  | total loss: [1m[32m0.51885[0m[0m | time: 6.269s
[2K
| Adam | epoch: 017 | loss: 0.51885 - acc: 0.7445 -- iter: 160/556
[A[ATraining Step: 294  | total loss: [1m[32m0.50759[0m[0m | time: 7.530s
[2K
| Adam | epoch: 017 | loss: 0.50759 - acc: 0.7544 -- iter: 192/556
[A[ATraining Step: 295  | total loss: [1m[32m0.50364[0m[0m | time: 8.888s
[2K
| Adam | epoch: 017 | loss: 0.50364 - acc: 0.7665 -- iter: 224/556
[A[ATraining Step: 296  | total loss: [1m[32m0.50129[0m[0m | time: 10.299s
[2K
| Adam | epoch: 017 | loss: 0.50129 - acc: 0.7648 -- iter: 256/556
[A[ATraining Step: 297  | total loss: [1m[32m0.48735[0m[0m | time: 11.636s
[2K
| Adam | epoch: 017 | loss: 0.48735 - acc: 0.7790 -- iter: 288/556
[A[ATraining Step: 298  | total loss: [1m[32m0.48846[0m[0m | time: 12.734s
[2K
| Adam | epoch: 017 | loss: 0.48846 - acc: 0.7667 -- iter: 320/556
[A[ATraining Step: 299  | total loss: [1m[32m0.47576[0m[0m | time: 14.015s
[2K
| Adam | epoch: 017 | loss: 0.47576 - acc: 0.7744 -- iter: 352/556
[A[ATraining Step: 300  | total loss: [1m[32m0.46088[0m[0m | time: 15.438s
[2K
| Adam | epoch: 017 | loss: 0.46088 - acc: 0.7844 -- iter: 384/556
[A[ATraining Step: 301  | total loss: [1m[32m0.45197[0m[0m | time: 16.867s
[2K
| Adam | epoch: 017 | loss: 0.45197 - acc: 0.7935 -- iter: 416/556
[A[ATraining Step: 302  | total loss: [1m[32m0.47772[0m[0m | time: 18.194s
[2K
| Adam | epoch: 017 | loss: 0.47772 - acc: 0.7860 -- iter: 448/556
[A[ATraining Step: 303  | total loss: [1m[32m0.48541[0m[0m | time: 18.846s
[2K
| Adam | epoch: 017 | loss: 0.48541 - acc: 0.7824 -- iter: 480/556
[A[ATraining Step: 304  | total loss: [1m[32m0.47695[0m[0m | time: 19.477s
[2K
| Adam | epoch: 017 | loss: 0.47695 - acc: 0.7875 -- iter: 512/556
[A[ATraining Step: 305  | total loss: [1m[32m0.47109[0m[0m | time: 20.900s
[2K
| Adam | epoch: 017 | loss: 0.47109 - acc: 0.7921 -- iter: 544/556
[A[ATraining Step: 306  | total loss: [1m[32m0.50574[0m[0m | time: 23.307s
[2K
| Adam | epoch: 017 | loss: 0.50574 - acc: 0.7691 | val_loss: 0.54921 - val_acc: 0.7069 -- iter: 556/556
--
Training Step: 307  | total loss: [1m[32m0.53137[0m[0m | time: 1.373s
[2K
| Adam | epoch: 018 | loss: 0.53137 - acc: 0.7485 -- iter: 032/556
[A[ATraining Step: 308  | total loss: [1m[32m0.52060[0m[0m | time: 2.737s
[2K
| Adam | epoch: 018 | loss: 0.52060 - acc: 0.7611 -- iter: 064/556
[A[ATraining Step: 309  | total loss: [1m[32m0.51546[0m[0m | time: 4.030s
[2K
| Adam | epoch: 018 | loss: 0.51546 - acc: 0.7600 -- iter: 096/556
[A[ATraining Step: 310  | total loss: [1m[32m0.50774[0m[0m | time: 5.337s
[2K
| Adam | epoch: 018 | loss: 0.50774 - acc: 0.7715 -- iter: 128/556
[A[ATraining Step: 311  | total loss: [1m[32m0.51013[0m[0m | time: 6.583s
[2K
| Adam | epoch: 018 | loss: 0.51013 - acc: 0.7662 -- iter: 160/556
[A[ATraining Step: 312  | total loss: [1m[32m0.49684[0m[0m | time: 7.653s
[2K
| Adam | epoch: 018 | loss: 0.49684 - acc: 0.7740 -- iter: 192/556
[A[ATraining Step: 313  | total loss: [1m[32m0.51513[0m[0m | time: 8.699s
[2K
| Adam | epoch: 018 | loss: 0.51513 - acc: 0.7591 -- iter: 224/556
[A[ATraining Step: 314  | total loss: [1m[32m0.53484[0m[0m | time: 10.134s
[2K
| Adam | epoch: 018 | loss: 0.53484 - acc: 0.7457 -- iter: 256/556
[A[ATraining Step: 315  | total loss: [1m[32m0.53199[0m[0m | time: 11.465s
[2K
| Adam | epoch: 018 | loss: 0.53199 - acc: 0.7430 -- iter: 288/556
[A[ATraining Step: 316  | total loss: [1m[32m0.53527[0m[0m | time: 12.394s
[2K
| Adam | epoch: 018 | loss: 0.53527 - acc: 0.7281 -- iter: 320/556
[A[ATraining Step: 317  | total loss: [1m[32m0.52391[0m[0m | time: 13.374s
[2K
| Adam | epoch: 018 | loss: 0.52391 - acc: 0.7428 -- iter: 352/556
[A[ATraining Step: 318  | total loss: [1m[32m0.51567[0m[0m | time: 14.431s
[2K
| Adam | epoch: 018 | loss: 0.51567 - acc: 0.7591 -- iter: 384/556
[A[ATraining Step: 319  | total loss: [1m[32m0.51483[0m[0m | time: 15.513s
[2K
| Adam | epoch: 018 | loss: 0.51483 - acc: 0.7551 -- iter: 416/556
[A[ATraining Step: 320  | total loss: [1m[32m0.50649[0m[0m | time: 16.582s
[2K
| Adam | epoch: 018 | loss: 0.50649 - acc: 0.7702 -- iter: 448/556
[A[ATraining Step: 321  | total loss: [1m[32m0.50452[0m[0m | time: 17.747s
[2K
| Adam | epoch: 018 | loss: 0.50452 - acc: 0.7713 -- iter: 480/556
[A[ATraining Step: 322  | total loss: [1m[32m0.49261[0m[0m | time: 18.269s
[2K
| Adam | epoch: 018 | loss: 0.49261 - acc: 0.7817 -- iter: 512/556
[A[ATraining Step: 323  | total loss: [1m[32m0.47424[0m[0m | time: 18.742s
[2K
| Adam | epoch: 018 | loss: 0.47424 - acc: 0.8035 -- iter: 544/556
[A[ATraining Step: 324  | total loss: [1m[32m0.45413[0m[0m | time: 21.193s
[2K
| Adam | epoch: 018 | loss: 0.45413 - acc: 0.8231 | val_loss: 0.57052 - val_acc: 0.7126 -- iter: 556/556
--
Training Step: 325  | total loss: [1m[32m0.45811[0m[0m | time: 1.005s
[2K
| Adam | epoch: 019 | loss: 0.45811 - acc: 0.8127 -- iter: 032/556
[A[ATraining Step: 326  | total loss: [1m[32m0.45414[0m[0m | time: 3.023s
[2K
| Adam | epoch: 019 | loss: 0.45414 - acc: 0.8158 -- iter: 064/556
[A[ATraining Step: 327  | total loss: [1m[32m0.44850[0m[0m | time: 10.996s
[2K
| Adam | epoch: 019 | loss: 0.44850 - acc: 0.8061 -- iter: 096/556
[A[ATraining Step: 328  | total loss: [1m[32m0.45453[0m[0m | time: 17.717s
[2K
| Adam | epoch: 019 | loss: 0.45453 - acc: 0.7942 -- iter: 128/556
[A[ATraining Step: 329  | total loss: [1m[32m0.43607[0m[0m | time: 23.425s
[2K
| Adam | epoch: 019 | loss: 0.43607 - acc: 0.8054 -- iter: 160/556
[A[ATraining Step: 330  | total loss: [1m[32m0.44334[0m[0m | time: 24.864s
[2K
| Adam | epoch: 019 | loss: 0.44334 - acc: 0.7999 -- iter: 192/556
[A[ATraining Step: 331  | total loss: [1m[32m0.43304[0m[0m | time: 26.075s
[2K
| Adam | epoch: 019 | loss: 0.43304 - acc: 0.8074 -- iter: 224/556
[A[ATraining Step: 332  | total loss: [1m[32m0.43787[0m[0m | time: 27.184s
[2K
| Adam | epoch: 019 | loss: 0.43787 - acc: 0.8048 -- iter: 256/556
[A[ATraining Step: 333  | total loss: [1m[32m0.43398[0m[0m | time: 28.493s
[2K
| Adam | epoch: 019 | loss: 0.43398 - acc: 0.8056 -- iter: 288/556
[A[ATraining Step: 334  | total loss: [1m[32m0.43111[0m[0m | time: 29.820s
[2K
| Adam | epoch: 019 | loss: 0.43111 - acc: 0.8031 -- iter: 320/556
[A[ATraining Step: 335  | total loss: [1m[32m0.42538[0m[0m | time: 31.310s
[2K
| Adam | epoch: 019 | loss: 0.42538 - acc: 0.8041 -- iter: 352/556
[A[ATraining Step: 336  | total loss: [1m[32m0.42278[0m[0m | time: 32.646s
[2K
| Adam | epoch: 019 | loss: 0.42278 - acc: 0.8080 -- iter: 384/556
[A[ATraining Step: 337  | total loss: [1m[32m0.42258[0m[0m | time: 33.874s
[2K
| Adam | epoch: 019 | loss: 0.42258 - acc: 0.8022 -- iter: 416/556
[A[ATraining Step: 338  | total loss: [1m[32m0.42383[0m[0m | time: 35.446s
[2K
| Adam | epoch: 019 | loss: 0.42383 - acc: 0.7970 -- iter: 448/556
[A[ATraining Step: 339  | total loss: [1m[32m0.43243[0m[0m | time: 36.901s
[2K
| Adam | epoch: 019 | loss: 0.43243 - acc: 0.7954 -- iter: 480/556
[A[ATraining Step: 340  | total loss: [1m[32m0.41792[0m[0m | time: 38.319s
[2K
| Adam | epoch: 019 | loss: 0.41792 - acc: 0.8034 -- iter: 512/556
[A[ATraining Step: 341  | total loss: [1m[32m0.40364[0m[0m | time: 41.182s
[2K
| Adam | epoch: 019 | loss: 0.40364 - acc: 0.8199 -- iter: 544/556
[A[ATraining Step: 342  | total loss: [1m[32m0.39963[0m[0m | time: 43.097s
[2K
| Adam | epoch: 019 | loss: 0.39963 - acc: 0.8213 | val_loss: 0.51966 - val_acc: 0.7356 -- iter: 556/556
--
Training Step: 343  | total loss: [1m[32m0.38821[0m[0m | time: 1.384s
[2K
| Adam | epoch: 020 | loss: 0.38821 - acc: 0.8308 -- iter: 032/556
[A[ATraining Step: 344  | total loss: [1m[32m0.38474[0m[0m | time: 2.557s
[2K
| Adam | epoch: 020 | loss: 0.38474 - acc: 0.8384 -- iter: 064/556
[A[ATraining Step: 345  | total loss: [1m[32m0.38401[0m[0m | time: 3.797s
[2K
| Adam | epoch: 020 | loss: 0.38401 - acc: 0.8389 -- iter: 096/556
[A[ATraining Step: 346  | total loss: [1m[32m0.39857[0m[0m | time: 5.174s
[2K
| Adam | epoch: 020 | loss: 0.39857 - acc: 0.8331 -- iter: 128/556
[A[ATraining Step: 347  | total loss: [1m[32m0.40401[0m[0m | time: 6.561s
[2K
| Adam | epoch: 020 | loss: 0.40401 - acc: 0.8279 -- iter: 160/556
[A[ATraining Step: 348  | total loss: [1m[32m0.41759[0m[0m | time: 7.878s
[2K
| Adam | epoch: 020 | loss: 0.41759 - acc: 0.8170 -- iter: 192/556
[A[ATraining Step: 349  | total loss: [1m[32m0.41789[0m[0m | time: 9.337s
[2K
| Adam | epoch: 020 | loss: 0.41789 - acc: 0.8166 -- iter: 224/556
[A[ATraining Step: 350  | total loss: [1m[32m0.40245[0m[0m | time: 10.821s
[2K
| Adam | epoch: 020 | loss: 0.40245 - acc: 0.8193 -- iter: 256/556
[A[ATraining Step: 351  | total loss: [1m[32m0.40342[0m[0m | time: 12.221s
[2K
| Adam | epoch: 020 | loss: 0.40342 - acc: 0.8155 -- iter: 288/556
[A[ATraining Step: 352  | total loss: [1m[32m0.40985[0m[0m | time: 13.370s
[2K
| Adam | epoch: 020 | loss: 0.40985 - acc: 0.8121 -- iter: 320/556
[A[ATraining Step: 353  | total loss: [1m[32m0.43076[0m[0m | time: 14.651s
[2K
| Adam | epoch: 020 | loss: 0.43076 - acc: 0.8121 -- iter: 352/556
[A[ATraining Step: 354  | total loss: [1m[32m0.41524[0m[0m | time: 16.040s
[2K
| Adam | epoch: 020 | loss: 0.41524 - acc: 0.8246 -- iter: 384/556
[A[ATraining Step: 355  | total loss: [1m[32m0.40277[0m[0m | time: 17.346s
[2K
| Adam | epoch: 020 | loss: 0.40277 - acc: 0.8328 -- iter: 416/556
[A[ATraining Step: 356  | total loss: [1m[32m0.39221[0m[0m | time: 18.496s
[2K
| Adam | epoch: 020 | loss: 0.39221 - acc: 0.8339 -- iter: 448/556
[A[ATraining Step: 357  | total loss: [1m[32m0.39449[0m[0m | time: 19.772s
[2K
| Adam | epoch: 020 | loss: 0.39449 - acc: 0.8349 -- iter: 480/556
[A[ATraining Step: 358  | total loss: [1m[32m0.39601[0m[0m | time: 21.207s
[2K
| Adam | epoch: 020 | loss: 0.39601 - acc: 0.8326 -- iter: 512/556
[A[ATraining Step: 359  | total loss: [1m[32m0.40079[0m[0m | time: 22.544s
[2K
| Adam | epoch: 020 | loss: 0.40079 - acc: 0.8306 -- iter: 544/556
[A[ATraining Step: 360  | total loss: [1m[32m0.38709[0m[0m | time: 24.249s
[2K
| Adam | epoch: 020 | loss: 0.38709 - acc: 0.8413 | val_loss: 0.48599 - val_acc: 0.7644 -- iter: 556/556
--
Training Step: 361  | total loss: [1m[32m0.37889[0m[0m | time: 0.579s
[2K
| Adam | epoch: 021 | loss: 0.37889 - acc: 0.8405 -- iter: 032/556
[A[ATraining Step: 362  | total loss: [1m[32m0.36413[0m[0m | time: 2.004s
[2K
| Adam | epoch: 021 | loss: 0.36413 - acc: 0.8565 -- iter: 064/556
[A[ATraining Step: 363  | total loss: [1m[32m0.35762[0m[0m | time: 3.365s
[2K
| Adam | epoch: 021 | loss: 0.35762 - acc: 0.8583 -- iter: 096/556
[A[ATraining Step: 364  | total loss: [1m[32m0.35978[0m[0m | time: 4.557s
[2K
| Adam | epoch: 021 | loss: 0.35978 - acc: 0.8537 -- iter: 128/556
[A[ATraining Step: 365  | total loss: [1m[32m0.37302[0m[0m | time: 5.688s
[2K
| Adam | epoch: 021 | loss: 0.37302 - acc: 0.8465 -- iter: 160/556
[A[ATraining Step: 366  | total loss: [1m[32m0.37249[0m[0m | time: 6.721s
[2K
| Adam | epoch: 021 | loss: 0.37249 - acc: 0.8431 -- iter: 192/556
[A[ATraining Step: 367  | total loss: [1m[32m0.37586[0m[0m | time: 7.995s
[2K
| Adam | epoch: 021 | loss: 0.37586 - acc: 0.8400 -- iter: 224/556
[A[ATraining Step: 368  | total loss: [1m[32m0.36323[0m[0m | time: 9.210s
[2K
| Adam | epoch: 021 | loss: 0.36323 - acc: 0.8498 -- iter: 256/556
[A[ATraining Step: 369  | total loss: [1m[32m0.34839[0m[0m | time: 10.556s
[2K
| Adam | epoch: 021 | loss: 0.34839 - acc: 0.8554 -- iter: 288/556
[A[ATraining Step: 370  | total loss: [1m[32m0.33646[0m[0m | time: 11.961s
[2K
| Adam | epoch: 021 | loss: 0.33646 - acc: 0.8605 -- iter: 320/556
[A[ATraining Step: 371  | total loss: [1m[32m0.34144[0m[0m | time: 13.290s
[2K
| Adam | epoch: 021 | loss: 0.34144 - acc: 0.8620 -- iter: 352/556
[A[ATraining Step: 372  | total loss: [1m[32m0.34946[0m[0m | time: 14.581s
[2K
| Adam | epoch: 021 | loss: 0.34946 - acc: 0.8539 -- iter: 384/556
[A[ATraining Step: 373  | total loss: [1m[32m0.34266[0m[0m | time: 15.978s
[2K
| Adam | epoch: 021 | loss: 0.34266 - acc: 0.8622 -- iter: 416/556
[A[ATraining Step: 374  | total loss: [1m[32m0.33816[0m[0m | time: 17.417s
[2K
| Adam | epoch: 021 | loss: 0.33816 - acc: 0.8666 -- iter: 448/556
[A[ATraining Step: 375  | total loss: [1m[32m0.32593[0m[0m | time: 18.823s
[2K
| Adam | epoch: 021 | loss: 0.32593 - acc: 0.8706 -- iter: 480/556
[A[ATraining Step: 376  | total loss: [1m[32m0.33646[0m[0m | time: 20.326s
[2K
| Adam | epoch: 021 | loss: 0.33646 - acc: 0.8585 -- iter: 512/556
[A[ATraining Step: 377  | total loss: [1m[32m0.32731[0m[0m | time: 21.532s
[2K
| Adam | epoch: 021 | loss: 0.32731 - acc: 0.8664 -- iter: 544/556
[A[ATraining Step: 378  | total loss: [1m[32m0.31638[0m[0m | time: 23.426s
[2K
| Adam | epoch: 021 | loss: 0.31638 - acc: 0.8735 | val_loss: 0.52127 - val_acc: 0.7644 -- iter: 556/556
--
Training Step: 379  | total loss: [1m[32m0.30298[0m[0m | time: 0.373s
[2K
| Adam | epoch: 022 | loss: 0.30298 - acc: 0.8831 -- iter: 032/556
[A[ATraining Step: 380  | total loss: [1m[32m0.29363[0m[0m | time: 0.765s
[2K
| Adam | epoch: 022 | loss: 0.29363 - acc: 0.8781 -- iter: 064/556
[A[ATraining Step: 381  | total loss: [1m[32m0.27960[0m[0m | time: 1.684s
[2K
| Adam | epoch: 022 | loss: 0.27960 - acc: 0.8903 -- iter: 096/556
[A[ATraining Step: 382  | total loss: [1m[32m0.27451[0m[0m | time: 2.618s
[2K
| Adam | epoch: 022 | loss: 0.27451 - acc: 0.8919 -- iter: 128/556
[A[ATraining Step: 383  | total loss: [1m[32m0.27617[0m[0m | time: 3.625s
[2K
| Adam | epoch: 022 | loss: 0.27617 - acc: 0.8871 -- iter: 160/556
[A[ATraining Step: 384  | total loss: [1m[32m0.27066[0m[0m | time: 4.586s
[2K
| Adam | epoch: 022 | loss: 0.27066 - acc: 0.8890 -- iter: 192/556
[A[ATraining Step: 385  | total loss: [1m[32m0.27841[0m[0m | time: 5.629s
[2K
| Adam | epoch: 022 | loss: 0.27841 - acc: 0.8813 -- iter: 224/556
[A[ATraining Step: 386  | total loss: [1m[32m0.29899[0m[0m | time: 6.607s
[2K
| Adam | epoch: 022 | loss: 0.29899 - acc: 0.8713 -- iter: 256/556
[A[ATraining Step: 387  | total loss: [1m[32m0.27779[0m[0m | time: 7.663s
[2K
| Adam | epoch: 022 | loss: 0.27779 - acc: 0.8811 -- iter: 288/556
[A[ATraining Step: 388  | total loss: [1m[32m0.27142[0m[0m | time: 8.669s
[2K
| Adam | epoch: 022 | loss: 0.27142 - acc: 0.8805 -- iter: 320/556
[A[ATraining Step: 389  | total loss: [1m[32m0.26700[0m[0m | time: 9.652s
[2K
| Adam | epoch: 022 | loss: 0.26700 - acc: 0.8799 -- iter: 352/556
[A[ATraining Step: 390  | total loss: [1m[32m0.26342[0m[0m | time: 10.370s
[2K
| Adam | epoch: 022 | loss: 0.26342 - acc: 0.8826 -- iter: 384/556
[A[ATraining Step: 391  | total loss: [1m[32m0.24798[0m[0m | time: 11.089s
[2K
| Adam | epoch: 022 | loss: 0.24798 - acc: 0.8912 -- iter: 416/556
[A[ATraining Step: 392  | total loss: [1m[32m0.23479[0m[0m | time: 11.810s
[2K
| Adam | epoch: 022 | loss: 0.23479 - acc: 0.8989 -- iter: 448/556
[A[ATraining Step: 393  | total loss: [1m[32m0.22418[0m[0m | time: 12.503s
[2K
| Adam | epoch: 022 | loss: 0.22418 - acc: 0.9059 -- iter: 480/556
[A[ATraining Step: 394  | total loss: [1m[32m0.22041[0m[0m | time: 13.215s
[2K
| Adam | epoch: 022 | loss: 0.22041 - acc: 0.9091 -- iter: 512/556
[A[ATraining Step: 395  | total loss: [1m[32m0.20475[0m[0m | time: 13.902s
[2K
| Adam | epoch: 022 | loss: 0.20475 - acc: 0.9182 -- iter: 544/556
[A[ATraining Step: 396  | total loss: [1m[32m0.21385[0m[0m | time: 15.630s
[2K
| Adam | epoch: 022 | loss: 0.21385 - acc: 0.9232 | val_loss: 0.69940 - val_acc: 0.7471 -- iter: 556/556
--
Training Step: 397  | total loss: [1m[32m0.22054[0m[0m | time: 0.697s
[2K
| Adam | epoch: 023 | loss: 0.22054 - acc: 0.9184 -- iter: 032/556
[A[ATraining Step: 398  | total loss: [1m[32m0.23296[0m[0m | time: 0.984s
[2K
| Adam | epoch: 023 | loss: 0.23296 - acc: 0.9141 -- iter: 064/556
[A[ATraining Step: 399  | total loss: [1m[32m0.24776[0m[0m | time: 1.272s
[2K
| Adam | epoch: 023 | loss: 0.24776 - acc: 0.9060 -- iter: 096/556
[A[ATraining Step: 400  | total loss: [1m[32m0.24449[0m[0m | time: 2.980s
[2K
| Adam | epoch: 023 | loss: 0.24449 - acc: 0.8987 | val_loss: 0.63768 - val_acc: 0.7471 -- iter: 128/556
--
Training Step: 401  | total loss: [1m[32m0.22872[0m[0m | time: 3.677s
[2K
| Adam | epoch: 023 | loss: 0.22872 - acc: 0.9057 -- iter: 160/556
[A[ATraining Step: 402  | total loss: [1m[32m0.25354[0m[0m | time: 4.466s
[2K
| Adam | epoch: 023 | loss: 0.25354 - acc: 0.8964 -- iter: 192/556
[A[ATraining Step: 403  | total loss: [1m[32m0.23990[0m[0m | time: 5.736s
[2K
| Adam | epoch: 023 | loss: 0.23990 - acc: 0.8974 -- iter: 224/556
[A[ATraining Step: 404  | total loss: [1m[32m0.23921[0m[0m | time: 6.939s
[2K
| Adam | epoch: 023 | loss: 0.23921 - acc: 0.8983 -- iter: 256/556
[A[ATraining Step: 405  | total loss: [1m[32m0.28117[0m[0m | time: 7.859s
[2K
| Adam | epoch: 023 | loss: 0.28117 - acc: 0.8866 -- iter: 288/556
[A[ATraining Step: 406  | total loss: [1m[32m0.28805[0m[0m | time: 8.752s
[2K
| Adam | epoch: 023 | loss: 0.28805 - acc: 0.8823 -- iter: 320/556
[A[ATraining Step: 407  | total loss: [1m[32m0.27192[0m[0m | time: 9.728s
[2K
| Adam | epoch: 023 | loss: 0.27192 - acc: 0.8878 -- iter: 352/556
[A[ATraining Step: 408  | total loss: [1m[32m0.26901[0m[0m | time: 10.783s
[2K
| Adam | epoch: 023 | loss: 0.26901 - acc: 0.8959 -- iter: 384/556
[A[ATraining Step: 409  | total loss: [1m[32m0.25303[0m[0m | time: 11.837s
[2K
| Adam | epoch: 023 | loss: 0.25303 - acc: 0.9063 -- iter: 416/556
[A[ATraining Step: 410  | total loss: [1m[32m0.23639[0m[0m | time: 13.055s
[2K
| Adam | epoch: 023 | loss: 0.23639 - acc: 0.9157 -- iter: 448/556
[A[ATraining Step: 411  | total loss: [1m[32m0.23170[0m[0m | time: 14.276s
[2K
| Adam | epoch: 023 | loss: 0.23170 - acc: 0.9179 -- iter: 480/556
[A[ATraining Step: 412  | total loss: [1m[32m0.21831[0m[0m | time: 15.372s
[2K
| Adam | epoch: 023 | loss: 0.21831 - acc: 0.9261 -- iter: 512/556
[A[ATraining Step: 413  | total loss: [1m[32m0.21196[0m[0m | time: 16.652s
[2K
| Adam | epoch: 023 | loss: 0.21196 - acc: 0.9303 -- iter: 544/556
[A[ATraining Step: 414  | total loss: [1m[32m0.21394[0m[0m | time: 19.142s
[2K
| Adam | epoch: 023 | loss: 0.21394 - acc: 0.9311 | val_loss: 0.57564 - val_acc: 0.7644 -- iter: 556/556
--
Training Step: 415  | total loss: [1m[32m0.20352[0m[0m | time: 0.965s
[2K
| Adam | epoch: 024 | loss: 0.20352 - acc: 0.9348 -- iter: 032/556
[A[ATraining Step: 416  | total loss: [1m[32m0.19551[0m[0m | time: 1.963s
[2K
| Adam | epoch: 024 | loss: 0.19551 - acc: 0.9351 -- iter: 064/556
[A[ATraining Step: 417  | total loss: [1m[32m0.20004[0m[0m | time: 2.401s
[2K
| Adam | epoch: 024 | loss: 0.20004 - acc: 0.9291 -- iter: 096/556
[A[ATraining Step: 418  | total loss: [1m[32m0.18713[0m[0m | time: 2.844s
[2K
| Adam | epoch: 024 | loss: 0.18713 - acc: 0.9362 -- iter: 128/556
[A[ATraining Step: 419  | total loss: [1m[32m0.17418[0m[0m | time: 3.833s
[2K
| Adam | epoch: 024 | loss: 0.17418 - acc: 0.9426 -- iter: 160/556
[A[ATraining Step: 420  | total loss: [1m[32m0.16816[0m[0m | time: 4.961s
[2K
| Adam | epoch: 024 | loss: 0.16816 - acc: 0.9421 -- iter: 192/556
[A[ATraining Step: 421  | total loss: [1m[32m0.16657[0m[0m | time: 6.300s
[2K
| Adam | epoch: 024 | loss: 0.16657 - acc: 0.9416 -- iter: 224/556
[A[ATraining Step: 422  | total loss: [1m[32m0.15859[0m[0m | time: 7.911s
[2K
| Adam | epoch: 024 | loss: 0.15859 - acc: 0.9443 -- iter: 256/556
[A[ATraining Step: 423  | total loss: [1m[32m0.17076[0m[0m | time: 9.298s
[2K
| Adam | epoch: 024 | loss: 0.17076 - acc: 0.9405 -- iter: 288/556
[A[ATraining Step: 424  | total loss: [1m[32m0.17877[0m[0m | time: 10.741s
[2K
| Adam | epoch: 024 | loss: 0.17877 - acc: 0.9402 -- iter: 320/556
[A[ATraining Step: 425  | total loss: [1m[32m0.16664[0m[0m | time: 12.137s
[2K
| Adam | epoch: 024 | loss: 0.16664 - acc: 0.9462 -- iter: 352/556
[A[ATraining Step: 426  | total loss: [1m[32m0.16267[0m[0m | time: 13.742s
[2K
| Adam | epoch: 024 | loss: 0.16267 - acc: 0.9484 -- iter: 384/556
[A[ATraining Step: 427  | total loss: [1m[32m0.15415[0m[0m | time: 16.193s
[2K
| Adam | epoch: 024 | loss: 0.15415 - acc: 0.9505 -- iter: 416/556
[A[ATraining Step: 428  | total loss: [1m[32m0.14302[0m[0m | time: 17.784s
[2K
| Adam | epoch: 024 | loss: 0.14302 - acc: 0.9554 -- iter: 448/556
[A[ATraining Step: 429  | total loss: [1m[32m0.13402[0m[0m | time: 20.390s
[2K
| Adam | epoch: 024 | loss: 0.13402 - acc: 0.9568 -- iter: 480/556
[A[ATraining Step: 430  | total loss: [1m[32m0.12655[0m[0m | time: 23.113s
[2K
| Adam | epoch: 024 | loss: 0.12655 - acc: 0.9611 -- iter: 512/556
[A[ATraining Step: 431  | total loss: [1m[32m0.11843[0m[0m | time: 24.445s
[2K
| Adam | epoch: 024 | loss: 0.11843 - acc: 0.9650 -- iter: 544/556
[A[ATraining Step: 432  | total loss: [1m[32m0.12183[0m[0m | time: 27.468s
[2K
| Adam | epoch: 024 | loss: 0.12183 - acc: 0.9591 | val_loss: 0.71783 - val_acc: 0.7644 -- iter: 556/556
--
Training Step: 433  | total loss: [1m[32m0.11190[0m[0m | time: 1.337s
[2K
| Adam | epoch: 025 | loss: 0.11190 - acc: 0.9632 -- iter: 032/556
[A[ATraining Step: 434  | total loss: [1m[32m0.11790[0m[0m | time: 2.856s
[2K
| Adam | epoch: 025 | loss: 0.11790 - acc: 0.9606 -- iter: 064/556
[A[ATraining Step: 435  | total loss: [1m[32m0.11850[0m[0m | time: 4.150s
[2K
| Adam | epoch: 025 | loss: 0.11850 - acc: 0.9614 -- iter: 096/556
[A[ATraining Step: 436  | total loss: [1m[32m0.11189[0m[0m | time: 4.647s
[2K
| Adam | epoch: 025 | loss: 0.11189 - acc: 0.9653 -- iter: 128/556
[A[ATraining Step: 437  | total loss: [1m[32m0.10220[0m[0m | time: 5.155s
[2K
| Adam | epoch: 025 | loss: 0.10220 - acc: 0.9688 -- iter: 160/556
[A[ATraining Step: 438  | total loss: [1m[32m0.09320[0m[0m | time: 6.473s
[2K
| Adam | epoch: 025 | loss: 0.09320 - acc: 0.9719 -- iter: 192/556
[A[ATraining Step: 439  | total loss: [1m[32m0.10692[0m[0m | time: 7.869s
[2K
| Adam | epoch: 025 | loss: 0.10692 - acc: 0.9622 -- iter: 224/556
[A[ATraining Step: 440  | total loss: [1m[32m0.10571[0m[0m | time: 9.235s
[2K
| Adam | epoch: 025 | loss: 0.10571 - acc: 0.9597 -- iter: 256/556
[A[ATraining Step: 441  | total loss: [1m[32m0.10191[0m[0m | time: 10.433s
[2K
| Adam | epoch: 025 | loss: 0.10191 - acc: 0.9606 -- iter: 288/556
[A[ATraining Step: 442  | total loss: [1m[32m0.09311[0m[0m | time: 11.672s
[2K
| Adam | epoch: 025 | loss: 0.09311 - acc: 0.9646 -- iter: 320/556
[A[ATraining Step: 443  | total loss: [1m[32m0.10342[0m[0m | time: 12.949s
[2K
| Adam | epoch: 025 | loss: 0.10342 - acc: 0.9650 -- iter: 352/556
[A[ATraining Step: 444  | total loss: [1m[32m0.09456[0m[0m | time: 14.452s
[2K
| Adam | epoch: 025 | loss: 0.09456 - acc: 0.9685 -- iter: 384/556
[A[ATraining Step: 445  | total loss: [1m[32m0.08708[0m[0m | time: 15.637s
[2K
| Adam | epoch: 025 | loss: 0.08708 - acc: 0.9716 -- iter: 416/556
[A[ATraining Step: 446  | total loss: [1m[32m0.08954[0m[0m | time: 17.138s
[2K
| Adam | epoch: 025 | loss: 0.08954 - acc: 0.9713 -- iter: 448/556
[A[ATraining Step: 447  | total loss: [1m[32m0.08958[0m[0m | time: 18.673s
[2K
| Adam | epoch: 025 | loss: 0.08958 - acc: 0.9711 -- iter: 480/556
[A[ATraining Step: 448  | total loss: [1m[32m0.08240[0m[0m | time: 20.281s
[2K
| Adam | epoch: 025 | loss: 0.08240 - acc: 0.9740 -- iter: 512/556
[A[ATraining Step: 449  | total loss: [1m[32m0.08632[0m[0m | time: 21.330s
[2K
| Adam | epoch: 025 | loss: 0.08632 - acc: 0.9735 -- iter: 544/556
[A[ATraining Step: 450  | total loss: [1m[32m0.07834[0m[0m | time: 24.125s
[2K
| Adam | epoch: 025 | loss: 0.07834 - acc: 0.9761 | val_loss: 0.85257 - val_acc: 0.7471 -- iter: 556/556
--
Training Step: 451  | total loss: [1m[32m0.08010[0m[0m | time: 1.454s
[2K
| Adam | epoch: 026 | loss: 0.08010 - acc: 0.9723 -- iter: 032/556
[A[ATraining Step: 452  | total loss: [1m[32m0.07918[0m[0m | time: 3.463s
[2K
| Adam | epoch: 026 | loss: 0.07918 - acc: 0.9688 -- iter: 064/556
[A[ATraining Step: 453  | total loss: [1m[32m0.07255[0m[0m | time: 5.890s
[2K
| Adam | epoch: 026 | loss: 0.07255 - acc: 0.9719 -- iter: 096/556
[A[ATraining Step: 454  | total loss: [1m[32m0.06989[0m[0m | time: 7.604s
[2K
| Adam | epoch: 026 | loss: 0.06989 - acc: 0.9747 -- iter: 128/556
[A[ATraining Step: 455  | total loss: [1m[32m0.08319[0m[0m | time: 8.115s
[2K
| Adam | epoch: 026 | loss: 0.08319 - acc: 0.9679 -- iter: 160/556
[A[ATraining Step: 456  | total loss: [1m[32m0.07745[0m[0m | time: 8.632s
[2K
| Adam | epoch: 026 | loss: 0.07745 - acc: 0.9711 -- iter: 192/556
[A[ATraining Step: 457  | total loss: [1m[32m0.07249[0m[0m | time: 10.042s
[2K
| Adam | epoch: 026 | loss: 0.07249 - acc: 0.9740 -- iter: 224/556
[A[ATraining Step: 458  | total loss: [1m[32m0.07049[0m[0m | time: 11.360s
[2K
| Adam | epoch: 026 | loss: 0.07049 - acc: 0.9734 -- iter: 256/556
[A[ATraining Step: 459  | total loss: [1m[32m0.07745[0m[0m | time: 12.763s
[2K
| Adam | epoch: 026 | loss: 0.07745 - acc: 0.9699 -- iter: 288/556
[A[ATraining Step: 460  | total loss: [1m[32m0.08225[0m[0m | time: 14.098s
[2K
| Adam | epoch: 026 | loss: 0.08225 - acc: 0.9697 -- iter: 320/556
[A[ATraining Step: 461  | total loss: [1m[32m0.09275[0m[0m | time: 15.460s
[2K
| Adam | epoch: 026 | loss: 0.09275 - acc: 0.9665 -- iter: 352/556
[A[ATraining Step: 462  | total loss: [1m[32m0.23282[0m[0m | time: 16.754s
[2K
| Adam | epoch: 026 | loss: 0.23282 - acc: 0.9386 -- iter: 384/556
[A[ATraining Step: 463  | total loss: [1m[32m0.22593[0m[0m | time: 18.065s
[2K
| Adam | epoch: 026 | loss: 0.22593 - acc: 0.9323 -- iter: 416/556
[A[ATraining Step: 464  | total loss: [1m[32m0.23297[0m[0m | time: 19.618s
[2K
| Adam | epoch: 026 | loss: 0.23297 - acc: 0.9234 -- iter: 448/556
[A[ATraining Step: 465  | total loss: [1m[32m0.22164[0m[0m | time: 21.107s
[2K
| Adam | epoch: 026 | loss: 0.22164 - acc: 0.9248 -- iter: 480/556
[A[ATraining Step: 466  | total loss: [1m[32m0.20534[0m[0m | time: 22.400s
[2K
| Adam | epoch: 026 | loss: 0.20534 - acc: 0.9323 -- iter: 512/556
[A[ATraining Step: 467  | total loss: [1m[32m0.21219[0m[0m | time: 25.796s
[2K
| Adam | epoch: 026 | loss: 0.21219 - acc: 0.9203 -- iter: 544/556
[A[ATraining Step: 468  | total loss: [1m[32m0.22917[0m[0m | time: 28.483s
[2K
| Adam | epoch: 026 | loss: 0.22917 - acc: 0.9096 | val_loss: 0.67616 - val_acc: 0.7644 -- iter: 556/556
--
Training Step: 469  | total loss: [1m[32m0.22802[0m[0m | time: 1.140s
[2K
| Adam | epoch: 027 | loss: 0.22802 - acc: 0.9030 -- iter: 032/556
[A[ATraining Step: 470  | total loss: [1m[32m0.21091[0m[0m | time: 2.470s
[2K
| Adam | epoch: 027 | loss: 0.21091 - acc: 0.9127 -- iter: 064/556
[A[ATraining Step: 471  | total loss: [1m[32m0.19380[0m[0m | time: 3.898s
[2K
| Adam | epoch: 027 | loss: 0.19380 - acc: 0.9214 -- iter: 096/556
[A[ATraining Step: 472  | total loss: [1m[32m0.20612[0m[0m | time: 5.267s
[2K
| Adam | epoch: 027 | loss: 0.20612 - acc: 0.9168 -- iter: 128/556
[A[ATraining Step: 473  | total loss: [1m[32m0.19170[0m[0m | time: 6.525s
[2K
| Adam | epoch: 027 | loss: 0.19170 - acc: 0.9251 -- iter: 160/556
[A[ATraining Step: 474  | total loss: [1m[32m0.19663[0m[0m | time: 7.176s
[2K
| Adam | epoch: 027 | loss: 0.19663 - acc: 0.9232 -- iter: 192/556
[A[ATraining Step: 475  | total loss: [1m[32m0.18505[0m[0m | time: 7.789s
[2K
| Adam | epoch: 027 | loss: 0.18505 - acc: 0.9309 -- iter: 224/556
[A[ATraining Step: 476  | total loss: [1m[32m0.17410[0m[0m | time: 9.202s
[2K
| Adam | epoch: 027 | loss: 0.17410 - acc: 0.9378 -- iter: 256/556
[A[ATraining Step: 477  | total loss: [1m[32m0.17484[0m[0m | time: 10.563s
[2K
| Adam | epoch: 027 | loss: 0.17484 - acc: 0.9378 -- iter: 288/556
[A[ATraining Step: 478  | total loss: [1m[32m0.16459[0m[0m | time: 11.808s
[2K
| Adam | epoch: 027 | loss: 0.16459 - acc: 0.9409 -- iter: 320/556
[A[ATraining Step: 479  | total loss: [1m[32m0.15250[0m[0m | time: 13.111s
[2K
| Adam | epoch: 027 | loss: 0.15250 - acc: 0.9468 -- iter: 352/556
[A[ATraining Step: 480  | total loss: [1m[32m0.14202[0m[0m | time: 14.492s
[2K
| Adam | epoch: 027 | loss: 0.14202 - acc: 0.9521 -- iter: 384/556
[A[ATraining Step: 481  | total loss: [1m[32m0.13110[0m[0m | time: 15.686s
[2K
| Adam | epoch: 027 | loss: 0.13110 - acc: 0.9569 -- iter: 416/556
[A[ATraining Step: 482  | total loss: [1m[32m0.13045[0m[0m | time: 16.780s
[2K
| Adam | epoch: 027 | loss: 0.13045 - acc: 0.9550 -- iter: 448/556
[A[ATraining Step: 483  | total loss: [1m[32m0.12152[0m[0m | time: 17.908s
[2K
| Adam | epoch: 027 | loss: 0.12152 - acc: 0.9595 -- iter: 480/556
[A[ATraining Step: 484  | total loss: [1m[32m0.11621[0m[0m | time: 19.179s
[2K
| Adam | epoch: 027 | loss: 0.11621 - acc: 0.9604 -- iter: 512/556
[A[ATraining Step: 485  | total loss: [1m[32m0.11094[0m[0m | time: 20.172s
[2K
| Adam | epoch: 027 | loss: 0.11094 - acc: 0.9612 -- iter: 544/556
[A[ATraining Step: 486  | total loss: [1m[32m0.10271[0m[0m | time: 22.269s
[2K
| Adam | epoch: 027 | loss: 0.10271 - acc: 0.9651 | val_loss: 0.72747 - val_acc: 0.7644 -- iter: 556/556
--
Training Step: 487  | total loss: [1m[32m0.09728[0m[0m | time: 1.212s
[2K
| Adam | epoch: 028 | loss: 0.09728 - acc: 0.9686 -- iter: 032/556
[A[ATraining Step: 488  | total loss: [1m[32m0.08924[0m[0m | time: 2.338s
[2K
| Adam | epoch: 028 | loss: 0.08924 - acc: 0.9717 -- iter: 064/556
[A[ATraining Step: 489  | total loss: [1m[32m0.08310[0m[0m | time: 3.075s
[2K
| Adam | epoch: 028 | loss: 0.08310 - acc: 0.9746 -- iter: 096/556
[A[ATraining Step: 490  | total loss: [1m[32m0.08800[0m[0m | time: 3.757s
[2K
| Adam | epoch: 028 | loss: 0.08800 - acc: 0.9709 -- iter: 128/556
[A[ATraining Step: 491  | total loss: [1m[32m0.08340[0m[0m | time: 4.463s
[2K
| Adam | epoch: 028 | loss: 0.08340 - acc: 0.9738 -- iter: 160/556
[A[ATraining Step: 492  | total loss: [1m[32m0.08539[0m[0m | time: 5.135s
[2K
| Adam | epoch: 028 | loss: 0.08539 - acc: 0.9733 -- iter: 192/556
[A[ATraining Step: 493  | total loss: [1m[32m0.08036[0m[0m | time: 5.447s
[2K
| Adam | epoch: 028 | loss: 0.08036 - acc: 0.9759 -- iter: 224/556
[A[ATraining Step: 494  | total loss: [1m[32m0.07459[0m[0m | time: 5.770s
[2K
| Adam | epoch: 028 | loss: 0.07459 - acc: 0.9783 -- iter: 256/556
[A[ATraining Step: 495  | total loss: [1m[32m0.06796[0m[0m | time: 6.555s
[2K
| Adam | epoch: 028 | loss: 0.06796 - acc: 0.9805 -- iter: 288/556
[A[ATraining Step: 496  | total loss: [1m[32m0.06976[0m[0m | time: 7.251s
[2K
| Adam | epoch: 028 | loss: 0.06976 - acc: 0.9793 -- iter: 320/556
[A[ATraining Step: 497  | total loss: [1m[32m0.06720[0m[0m | time: 7.944s
[2K
| Adam | epoch: 028 | loss: 0.06720 - acc: 0.9783 -- iter: 352/556
[A[ATraining Step: 498  | total loss: [1m[32m0.06542[0m[0m | time: 8.653s
[2K
| Adam | epoch: 028 | loss: 0.06542 - acc: 0.9773 -- iter: 384/556
[A[ATraining Step: 499  | total loss: [1m[32m0.08573[0m[0m | time: 9.359s
[2K
| Adam | epoch: 028 | loss: 0.08573 - acc: 0.9702 -- iter: 416/556
[A[ATraining Step: 500  | total loss: [1m[32m0.22599[0m[0m | time: 10.091s
[2K
| Adam | epoch: 028 | loss: 0.22599 - acc: 0.9419 -- iter: 448/556
[A[ATraining Step: 501  | total loss: [1m[32m0.22497[0m[0m | time: 10.801s
[2K
| Adam | epoch: 028 | loss: 0.22497 - acc: 0.9415 -- iter: 480/556
[A[ATraining Step: 502  | total loss: [1m[32m0.20488[0m[0m | time: 11.537s
[2K
| Adam | epoch: 028 | loss: 0.20488 - acc: 0.9474 -- iter: 512/556
[A[ATraining Step: 503  | total loss: [1m[32m0.18873[0m[0m | time: 12.234s
[2K
| Adam | epoch: 028 | loss: 0.18873 - acc: 0.9526 -- iter: 544/556
[A[ATraining Step: 504  | total loss: [1m[32m0.17300[0m[0m | time: 13.943s
[2K
| Adam | epoch: 028 | loss: 0.17300 - acc: 0.9574 | val_loss: 0.90640 - val_acc: 0.7241 -- iter: 556/556
--
Training Step: 505  | total loss: [1m[32m0.16035[0m[0m | time: 0.705s
[2K
| Adam | epoch: 029 | loss: 0.16035 - acc: 0.9585 -- iter: 032/556
[A[ATraining Step: 506  | total loss: [1m[32m0.15651[0m[0m | time: 1.416s
[2K
| Adam | epoch: 029 | loss: 0.15651 - acc: 0.9564 -- iter: 064/556
[A[ATraining Step: 507  | total loss: [1m[32m0.16475[0m[0m | time: 2.087s
[2K
| Adam | epoch: 029 | loss: 0.16475 - acc: 0.9545 -- iter: 096/556
[A[ATraining Step: 508  | total loss: [1m[32m0.15235[0m[0m | time: 2.982s
[2K
| Adam | epoch: 029 | loss: 0.15235 - acc: 0.9591 -- iter: 128/556
[A[ATraining Step: 509  | total loss: [1m[32m0.16263[0m[0m | time: 4.266s
[2K
| Adam | epoch: 029 | loss: 0.16263 - acc: 0.9538 -- iter: 160/556
[A[ATraining Step: 510  | total loss: [1m[32m0.14869[0m[0m | time: 5.227s
[2K
| Adam | epoch: 029 | loss: 0.14869 - acc: 0.9584 -- iter: 192/556
[A[ATraining Step: 511  | total loss: [1m[32m0.13585[0m[0m | time: 6.663s
[2K
| Adam | epoch: 029 | loss: 0.13585 - acc: 0.9626 -- iter: 224/556
[A[ATraining Step: 512  | total loss: [1m[32m0.15285[0m[0m | time: 7.379s
[2K
| Adam | epoch: 029 | loss: 0.15285 - acc: 0.9507 -- iter: 256/556
[A[ATraining Step: 513  | total loss: [1m[32m0.14516[0m[0m | time: 7.997s
[2K
| Adam | epoch: 029 | loss: 0.14516 - acc: 0.9556 -- iter: 288/556
[A[ATraining Step: 514  | total loss: [1m[32m0.13351[0m[0m | time: 9.551s
[2K
| Adam | epoch: 029 | loss: 0.13351 - acc: 0.9600 -- iter: 320/556
[A[ATraining Step: 515  | total loss: [1m[32m0.14392[0m[0m | time: 10.989s
[2K
| Adam | epoch: 029 | loss: 0.14392 - acc: 0.9578 -- iter: 352/556
[A[ATraining Step: 516  | total loss: [1m[32m0.13116[0m[0m | time: 11.804s
[2K
| Adam | epoch: 029 | loss: 0.13116 - acc: 0.9620 -- iter: 384/556
[A[ATraining Step: 517  | total loss: [1m[32m0.12029[0m[0m | time: 12.758s
[2K
| Adam | epoch: 029 | loss: 0.12029 - acc: 0.9658 -- iter: 416/556
[A[ATraining Step: 518  | total loss: [1m[32m0.11149[0m[0m | time: 13.805s
[2K
| Adam | epoch: 029 | loss: 0.11149 - acc: 0.9692 -- iter: 448/556
[A[ATraining Step: 519  | total loss: [1m[32m0.20691[0m[0m | time: 14.885s
[2K
| Adam | epoch: 029 | loss: 0.20691 - acc: 0.9536 -- iter: 480/556
[A[ATraining Step: 520  | total loss: [1m[32m0.20254[0m[0m | time: 15.933s
[2K
| Adam | epoch: 029 | loss: 0.20254 - acc: 0.9520 -- iter: 512/556
[A[ATraining Step: 521  | total loss: [1m[32m0.21535[0m[0m | time: 17.023s
[2K
| Adam | epoch: 029 | loss: 0.21535 - acc: 0.9411 -- iter: 544/556
[A[ATraining Step: 522  | total loss: [1m[32m0.20386[0m[0m | time: 19.105s
[2K
| Adam | epoch: 029 | loss: 0.20386 - acc: 0.9439 | val_loss: 0.63741 - val_acc: 0.7471 -- iter: 556/556
--
Training Step: 523  | total loss: [1m[32m0.20854[0m[0m | time: 1.303s
[2K
| Adam | epoch: 030 | loss: 0.20854 - acc: 0.9433 -- iter: 032/556
[A[ATraining Step: 524  | total loss: [1m[32m0.19060[0m[0m | time: 2.365s
[2K
| Adam | epoch: 030 | loss: 0.19060 - acc: 0.9489 -- iter: 064/556
[A[ATraining Step: 525  | total loss: [1m[32m0.17887[0m[0m | time: 3.184s
[2K
| Adam | epoch: 030 | loss: 0.17887 - acc: 0.9540 -- iter: 096/556
[A[ATraining Step: 526  | total loss: [1m[32m0.16817[0m[0m | time: 4.122s
[2K
| Adam | epoch: 030 | loss: 0.16817 - acc: 0.9586 -- iter: 128/556
[A[ATraining Step: 527  | total loss: [1m[32m0.15909[0m[0m | time: 5.031s
[2K
| Adam | epoch: 030 | loss: 0.15909 - acc: 0.9628 -- iter: 160/556
[A[ATraining Step: 528  | total loss: [1m[32m0.15662[0m[0m | time: 6.026s
[2K
| Adam | epoch: 030 | loss: 0.15662 - acc: 0.9634 -- iter: 192/556
[A[ATraining Step: 529  | total loss: [1m[32m0.17060[0m[0m | time: 7.126s
[2K
| Adam | epoch: 030 | loss: 0.17060 - acc: 0.9545 -- iter: 224/556
[A[ATraining Step: 530  | total loss: [1m[32m0.16113[0m[0m | time: 8.230s
[2K
| Adam | epoch: 030 | loss: 0.16113 - acc: 0.9560 -- iter: 256/556
[A[ATraining Step: 531  | total loss: [1m[32m0.15071[0m[0m | time: 8.665s
[2K
| Adam | epoch: 030 | loss: 0.15071 - acc: 0.9604 -- iter: 288/556
[A[ATraining Step: 532  | total loss: [1m[32m0.13894[0m[0m | time: 9.089s
[2K
| Adam | epoch: 030 | loss: 0.13894 - acc: 0.9643 -- iter: 320/556
[A[ATraining Step: 533  | total loss: [1m[32m0.12934[0m[0m | time: 10.015s
[2K
| Adam | epoch: 030 | loss: 0.12934 - acc: 0.9679 -- iter: 352/556
[A[ATraining Step: 534  | total loss: [1m[32m0.12921[0m[0m | time: 11.200s
[2K
| Adam | epoch: 030 | loss: 0.12921 - acc: 0.9680 -- iter: 384/556
[A[ATraining Step: 535  | total loss: [1m[32m0.14054[0m[0m | time: 12.417s
[2K
| Adam | epoch: 030 | loss: 0.14054 - acc: 0.9618 -- iter: 416/556
[A[ATraining Step: 536  | total loss: [1m[32m0.13740[0m[0m | time: 13.487s
[2K
| Adam | epoch: 030 | loss: 0.13740 - acc: 0.9594 -- iter: 448/556
[A[ATraining Step: 537  | total loss: [1m[32m0.13423[0m[0m | time: 14.395s
[2K
| Adam | epoch: 030 | loss: 0.13423 - acc: 0.9572 -- iter: 480/556
[A[ATraining Step: 538  | total loss: [1m[32m0.13734[0m[0m | time: 15.440s
[2K
| Adam | epoch: 030 | loss: 0.13734 - acc: 0.9583 -- iter: 512/556
[A[ATraining Step: 539  | total loss: [1m[32m0.12735[0m[0m | time: 16.481s
[2K
| Adam | epoch: 030 | loss: 0.12735 - acc: 0.9625 -- iter: 544/556
[A[ATraining Step: 540  | total loss: [1m[32m0.11735[0m[0m | time: 18.747s
[2K
| Adam | epoch: 030 | loss: 0.11735 - acc: 0.9663 | val_loss: 0.73199 - val_acc: 0.7586 -- iter: 556/556
--
Validation AUC:0.8348549946294307
Validation AUPRC:0.8795550716540417
Test AUC:0.8538461538461538
Test AUPRC:0.8926388927308718
BestTestF1Score	0.83	0.55	0.79	0.81	0.85	88	21	49	16	0.11
BestTestMCCScore	0.83	0.55	0.79	0.81	0.85	88	21	49	16	0.11
BestTestAccuracyScore	0.83	0.55	0.79	0.81	0.85	88	21	49	16	0.11
BestValidationF1Score	0.81	0.57	0.79	0.8	0.83	81	20	56	17	0.11
BestValidationMCC	0.81	0.57	0.79	0.8	0.83	81	20	56	17	0.11
BestValidationAccuracy	0.81	0.57	0.79	0.8	0.83	81	20	56	17	0.11
TestPredictions (Threshold:0.11)
CHEMBL2449359,TP,ACT,0.7799999713897705	CHEMBL511679,TN,INACT,0.009999999776482582	CHEMBL3704745,TP,ACT,0.9399999976158142	CHEMBL375192,TN,INACT,0.019999999552965164	CHEMBL3237962,TN,INACT,0.009999999776482582	CHEMBL1253372,TP,ACT,1.0	CHEMBL2420088,FP,INACT,0.14000000059604645	CHEMBL2420091,TN,INACT,0.029999999329447746	CHEMBL2449387,TP,ACT,0.9300000071525574	CHEMBL333104,FP,INACT,0.9300000071525574	CHEMBL2205793,TP,ACT,0.9399999976158142	CHEMBL2205792,TP,ACT,0.9399999976158142	CHEMBL1822221,FN,ACT,0.029999999329447746	CHEMBL2449295,TP,ACT,0.41999998688697815	CHEMBL223354,TP,ACT,1.0	CHEMBL36506,FP,INACT,0.12999999523162842	CHEMBL2449333,FN,ACT,0.029999999329447746	CHEMBL2372481,TP,ACT,0.9900000095367432	CHEMBL2449422,TP,ACT,0.9900000095367432	CHEMBL74898,TN,INACT,0.0	CHEMBL1945514,TN,INACT,0.009999999776482582	CHEMBL93267,TP,ACT,0.8999999761581421	CHEMBL2449339,TN,INACT,0.019999999552965164	CHEMBL26369,TN,INACT,0.0	CHEMBL191602,FN,ACT,0.019999999552965164	CHEMBL223463,TP,ACT,0.8299999833106995	CHEMBL3814875,TN,INACT,0.009999999776482582	CHEMBL3601686,TP,ACT,1.0	CHEMBL1215713,TN,INACT,0.05999999865889549	CHEMBL1790680,TP,ACT,0.9800000190734863	CHEMBL2059233,FN,ACT,0.019999999552965164	CHEMBL472818,FP,INACT,0.9800000190734863	CHEMBL2449320,TN,INACT,0.029999999329447746	CHEMBL976,TN,INACT,0.03999999910593033	CHEMBL3764296,TN,INACT,0.0	CHEMBL2316432,TP,ACT,1.0	CHEMBL2449460,TP,ACT,1.0	CHEMBL1790677,TP,ACT,0.9700000286102295	CHEMBL3355368,TP,ACT,0.9700000286102295	CHEMBL2449495,TP,ACT,1.0	CHEMBL3763817,TN,INACT,0.0	CHEMBL189433,FN,ACT,0.029999999329447746	CHEMBL3355362,TP,ACT,0.9900000095367432	CHEMBL486633,TN,INACT,0.019999999552965164	CHEMBL1945312,FN,ACT,0.019999999552965164	CHEMBL428402,TP,ACT,0.9900000095367432	CHEMBL96713,TP,ACT,0.9900000095367432	CHEMBL833,TN,INACT,0.009999999776482582	CHEMBL3593417,TP,ACT,0.9800000190734863	CHEMBL1945975,TP,ACT,0.14000000059604645	CHEMBL73930,TN,INACT,0.009999999776482582	CHEMBL3612167,TP,ACT,0.9900000095367432	CHEMBL2449441,TN,INACT,0.009999999776482582	CHEMBL258610,FN,ACT,0.009999999776482582	CHEMBL2042912,TP,ACT,0.9800000190734863	CHEMBL2449506,TP,ACT,1.0	CHEMBL272892,FN,ACT,0.009999999776482582	CHEMBL2042911,TP,ACT,0.9800000190734863	CHEMBL458131,FP,INACT,0.8500000238418579	CHEMBL266342,TP,ACT,0.9900000095367432	CHEMBL146081,TP,ACT,0.9599999785423279	CHEMBL386219,TP,ACT,1.0	CHEMBL2369617,TP,ACT,0.9800000190734863	CHEMBL374478,FP,INACT,0.3499999940395355	CHEMBL409234,TP,ACT,0.9800000190734863	CHEMBL572576,FN,ACT,0.019999999552965164	CHEMBL487761,TP,ACT,0.9800000190734863	CHEMBL594910,TP,ACT,1.0	CHEMBL1416392,TN,INACT,0.029999999329447746	CHEMBL27,TN,INACT,0.019999999552965164	CHEMBL3814906,TN,INACT,0.009999999776482582	CHEMBL2316439,TP,ACT,0.8700000047683716	CHEMBL2372486,FN,ACT,0.0	CHEMBL313113,TP,ACT,0.5	CHEMBL309490,FN,ACT,0.009999999776482582	CHEMBL2449509,TP,ACT,1.0	CHEMBL3220344,TP,ACT,0.6700000166893005	CHEMBL422315,TP,ACT,0.8299999833106995	CHEMBL3342110,FP,INACT,0.2199999988079071	CHEMBL82409,TN,INACT,0.009999999776482582	CHEMBL3763433,TN,INACT,0.009999999776482582	CHEMBL3355371,TP,ACT,0.20000000298023224	CHEMBL223105,TP,ACT,1.0	CHEMBL3233495,TP,ACT,0.4399999976158142	CHEMBL3317923,TP,ACT,0.9900000095367432	CHEMBL147997,TN,INACT,0.009999999776482582	CHEMBL537945,FP,INACT,0.9100000262260437	CHEMBL223106,TP,ACT,0.9599999785423279	CHEMBL514098,TP,ACT,0.9200000166893005	CHEMBL520739,FP,INACT,0.12999999523162842	CHEMBL2449437,TP,ACT,0.9800000190734863	CHEMBL3317918,TP,ACT,0.18000000715255737	CHEMBL3402514,TN,INACT,0.009999999776482582	CHEMBL317469,FP,INACT,0.4300000071525574	CHEMBL3426448,TN,INACT,0.029999999329447746	CHEMBL2372466,TP,ACT,0.3199999928474426	CHEMBL452052,TN,INACT,0.009999999776482582	CHEMBL1946136,TN,INACT,0.029999999329447746	CHEMBL374988,TP,ACT,0.9800000190734863	CHEMBL1822217,FN,ACT,0.03999999910593033	CHEMBL601642,TN,INACT,0.10000000149011612	CHEMBL120265,TN,INACT,0.0	CHEMBL1944863,TN,INACT,0.019999999552965164	CHEMBL2449345,TP,ACT,1.0	CHEMBL2449432,TP,ACT,0.33000001311302185	CHEMBL85369,TN,INACT,0.03999999910593033	CHEMBL258909,TP,ACT,0.9800000190734863	CHEMBL3764960,TN,INACT,0.0	CHEMBL556429,FP,INACT,0.47999998927116394	CHEMBL2449340,TP,ACT,0.9900000095367432	CHEMBL2316435,TP,ACT,0.9800000190734863	CHEMBL1215574,TN,INACT,0.019999999552965164	CHEMBL3596579,FP,INACT,0.7599999904632568	CHEMBL216198,FP,INACT,0.5099999904632568	CHEMBL2059231,TP,ACT,0.9900000095367432	CHEMBL165905,FN,ACT,0.009999999776482582	CHEMBL3426464,FP,INACT,0.9900000095367432	CHEMBL3582148,TP,ACT,0.9700000286102295	CHEMBL397136,FP,INACT,1.0	CHEMBL2398097,TP,ACT,1.0	CHEMBL2449492,TP,ACT,0.8799999952316284	CHEMBL470100,TN,INACT,0.029999999329447746	CHEMBL584572,FN,ACT,0.019999999552965164	CHEMBL15770,TN,INACT,0.05999999865889549	CHEMBL244453,TP,ACT,0.9900000095367432	CHEMBL3809541,TP,ACT,0.8799999952316284	CHEMBL1945808,TN,INACT,0.029999999329447746	CHEMBL12713,TP,ACT,0.9700000286102295	CHEMBL222687,TP,ACT,0.9599999785423279	CHEMBL2331726,TP,ACT,1.0	CHEMBL374871,TP,ACT,0.9800000190734863	CHEMBL446428,TN,INACT,0.03999999910593033	CHEMBL1790690,TP,ACT,0.9399999976158142	CHEMBL2286725,TN,INACT,0.05000000074505806	CHEMBL2449471,TP,ACT,0.9900000095367432	CHEMBL1790696,TP,ACT,0.9300000071525574	CHEMBL1790689,TP,ACT,0.9800000190734863	CHEMBL2449487,TP,ACT,0.9599999785423279	CHEMBL2372472,FP,INACT,0.8799999952316284	CHEMBL2449531,FP,INACT,0.699999988079071	CHEMBL3233497,FN,ACT,0.019999999552965164	CHEMBL357836,TP,ACT,1.0	CHEMBL2449434,TP,ACT,0.9900000095367432	CHEMBL2449542,TP,ACT,0.949999988079071	CHEMBL3237956,TN,INACT,0.009999999776482582	CHEMBL3402509,FP,INACT,0.44999998807907104	CHEMBL1945517,TN,INACT,0.019999999552965164	CHEMBL3582150,TP,ACT,0.9599999785423279	CHEMBL3596501,TP,ACT,0.6700000166893005	CHEMBL3612152,TP,ACT,0.9900000095367432	CHEMBL2449424,TP,ACT,0.9300000071525574	CHEMBL2449493,TP,ACT,0.949999988079071	CHEMBL120532,TN,INACT,0.029999999329447746	CHEMBL9352,FP,INACT,0.3499999940395355	CHEMBL394269,TP,ACT,0.9800000190734863	CHEMBL163,TN,INACT,0.009999999776482582	CHEMBL1086218,TP,ACT,0.9900000095367432	CHEMBL463327,TP,ACT,0.9700000286102295	CHEMBL3775696,TP,ACT,0.9700000286102295	CHEMBL2449442,TP,ACT,0.9900000095367432	CHEMBL2449558,FN,ACT,0.03999999910593033	CHEMBL260499,TN,INACT,0.019999999552965164	CHEMBL3233506,TN,INACT,0.03999999910593033	CHEMBL2449538,TP,ACT,0.8999999761581421	CHEMBL3314525,TN,INACT,0.009999999776482582	CHEMBL3612153,TP,ACT,0.9900000095367432	CHEMBL1631066,TN,INACT,0.0	CHEMBL3402513,FP,INACT,0.9800000190734863	CHEMBL3582143,TP,ACT,0.9800000190734863	CHEMBL2449534,TN,INACT,0.029999999329447746	CHEMBL2449526,TP,ACT,0.7699999809265137	CHEMBL487833,FP,INACT,0.3799999952316284	CHEMBL558351,TN,INACT,0.05999999865889549	CHEMBL3809810,TP,ACT,0.9800000190734863	

