CNNModel CHEMBL3234 adam 0.0005 15 32 0 0.8 False True
Number of active compounds :	342
Number of inactive compounds :	342
---------------------------------
Run id: CNNModel_CHEMBL3234_adam_0.0005_15_32_0_0.8_False_True_id
Log directory: ../tflearnLogs/CNNModel_CHEMBL3234_adam_0.0005_15_32_0.8_True/
---------------------------------
Training samples: 416
Validation samples: 131
--
Training Step: 1  | time: 52.367s
[2K
| Adam | epoch: 001 | loss: 0.00000 - acc: 0.0000 -- iter: 032/416
[A[ATraining Step: 2  | total loss: [1m[32m0.62430[0m[0m | time: 88.866s
[2K
| Adam | epoch: 001 | loss: 0.62430 - acc: 0.2812 -- iter: 064/416
[A[ATraining Step: 3  | total loss: [1m[32m0.68098[0m[0m | time: 106.586s
[2K
| Adam | epoch: 001 | loss: 0.68098 - acc: 0.4347 -- iter: 096/416
[A[ATraining Step: 4  | total loss: [1m[32m0.69029[0m[0m | time: 116.890s
[2K
| Adam | epoch: 001 | loss: 0.69029 - acc: 0.4368 -- iter: 128/416
[A[ATraining Step: 5  | total loss: [1m[32m0.69248[0m[0m | time: 141.498s
[2K
| Adam | epoch: 001 | loss: 0.69248 - acc: 0.4589 -- iter: 160/416
[A[ATraining Step: 6  | total loss: [1m[32m0.69308[0m[0m | time: 161.966s
[2K
| Adam | epoch: 001 | loss: 0.69308 - acc: 0.4451 -- iter: 192/416
[A[ATraining Step: 7  | total loss: [1m[32m0.69297[0m[0m | time: 190.869s
[2K
| Adam | epoch: 001 | loss: 0.69297 - acc: 0.4968 -- iter: 224/416
[A[ATraining Step: 8  | total loss: [1m[32m0.69279[0m[0m | time: 213.421s
[2K
| Adam | epoch: 001 | loss: 0.69279 - acc: 0.5162 -- iter: 256/416
[A[ATraining Step: 9  | total loss: [1m[32m0.69207[0m[0m | time: 235.762s
[2K
| Adam | epoch: 001 | loss: 0.69207 - acc: 0.5572 -- iter: 288/416
[A[ATraining Step: 10  | total loss: [1m[32m0.69236[0m[0m | time: 260.286s
[2K
| Adam | epoch: 001 | loss: 0.69236 - acc: 0.5286 -- iter: 320/416
[A[ATraining Step: 11  | total loss: [1m[32m0.69235[0m[0m | time: 277.774s
[2K
| Adam | epoch: 001 | loss: 0.69235 - acc: 0.5299 -- iter: 352/416
[A[ATraining Step: 12  | total loss: [1m[32m0.69109[0m[0m | time: 293.062s
[2K
| Adam | epoch: 001 | loss: 0.69109 - acc: 0.5446 -- iter: 384/416
[A[ATraining Step: 13  | total loss: [1m[32m0.68700[0m[0m | time: 369.707s
[2K
| Adam | epoch: 001 | loss: 0.68700 - acc: 0.5790 | val_loss: 0.71906 - val_acc: 0.4427 -- iter: 416/416
--
Training Step: 14  | total loss: [1m[32m0.68641[0m[0m | time: 14.846s
[2K
| Adam | epoch: 002 | loss: 0.68641 - acc: 0.5723 -- iter: 032/416
[A[ATraining Step: 15  | total loss: [1m[32m0.68452[0m[0m | time: 26.578s
[2K
| Adam | epoch: 002 | loss: 0.68452 - acc: 0.5684 -- iter: 064/416
[A[ATraining Step: 16  | total loss: [1m[32m0.68958[0m[0m | time: 46.440s
[2K
| Adam | epoch: 002 | loss: 0.68958 - acc: 0.5545 -- iter: 096/416
[A[ATraining Step: 17  | total loss: [1m[32m0.69784[0m[0m | time: 67.321s
[2K
| Adam | epoch: 002 | loss: 0.69784 - acc: 0.5349 -- iter: 128/416
[A[ATraining Step: 18  | total loss: [1m[32m0.68979[0m[0m | time: 103.821s
[2K
| Adam | epoch: 002 | loss: 0.68979 - acc: 0.5553 -- iter: 160/416
[A[ATraining Step: 19  | total loss: [1m[32m0.69310[0m[0m | time: 128.531s
[2K
| Adam | epoch: 002 | loss: 0.69310 - acc: 0.5368 -- iter: 192/416
[A[ATraining Step: 20  | total loss: [1m[32m0.70209[0m[0m | time: 150.987s
[2K
| Adam | epoch: 002 | loss: 0.70209 - acc: 0.4848 -- iter: 224/416
[A[ATraining Step: 21  | total loss: [1m[32m0.69888[0m[0m | time: 172.625s
[2K
| Adam | epoch: 002 | loss: 0.69888 - acc: 0.4992 -- iter: 256/416
[A[ATraining Step: 22  | total loss: [1m[32m0.70079[0m[0m | time: 215.103s
[2K
| Adam | epoch: 002 | loss: 0.70079 - acc: 0.4620 -- iter: 288/416
[A[ATraining Step: 23  | total loss: [1m[32m0.69549[0m[0m | time: 244.401s
[2K
| Adam | epoch: 002 | loss: 0.69549 - acc: 0.5274 -- iter: 320/416
[A[ATraining Step: 24  | total loss: [1m[32m0.69682[0m[0m | time: 256.859s
[2K
| Adam | epoch: 002 | loss: 0.69682 - acc: 0.4758 -- iter: 352/416
[A[ATraining Step: 25  | total loss: [1m[32m0.69576[0m[0m | time: 265.666s
[2K
| Adam | epoch: 002 | loss: 0.69576 - acc: 0.4824 -- iter: 384/416
[A[ATraining Step: 26  | total loss: [1m[32m0.69366[0m[0m | time: 324.507s
[2K
| Adam | epoch: 002 | loss: 0.69366 - acc: 0.5450 | val_loss: 0.69433 - val_acc: 0.4427 -- iter: 416/416
--
Training Step: 27  | total loss: [1m[32m0.69375[0m[0m | time: 5.395s
[2K
| Adam | epoch: 003 | loss: 0.69375 - acc: 0.5254 -- iter: 032/416
[A[ATraining Step: 28  | total loss: [1m[32m0.69332[0m[0m | time: 22.114s
[2K
| Adam | epoch: 003 | loss: 0.69332 - acc: 0.5346 -- iter: 064/416
[A[ATraining Step: 29  | total loss: [1m[32m0.69296[0m[0m | time: 27.330s
[2K
| Adam | epoch: 003 | loss: 0.69296 - acc: 0.5414 -- iter: 096/416
[A[ATraining Step: 30  | total loss: [1m[32m0.69284[0m[0m | time: 32.647s
[2K
| Adam | epoch: 003 | loss: 0.69284 - acc: 0.5390 -- iter: 128/416
[A[ATraining Step: 31  | total loss: [1m[32m0.69267[0m[0m | time: 47.609s
[2K
| Adam | epoch: 003 | loss: 0.69267 - acc: 0.5444 -- iter: 160/416
[A[ATraining Step: 32  | total loss: [1m[32m0.69265[0m[0m | time: 66.594s
[2K
| Adam | epoch: 003 | loss: 0.69265 - acc: 0.5415 -- iter: 192/416
[A[ATraining Step: 33  | total loss: [1m[32m0.69261[0m[0m | time: 72.923s
[2K
| Adam | epoch: 003 | loss: 0.69261 - acc: 0.5392 -- iter: 224/416
[A[ATraining Step: 34  | total loss: [1m[32m0.69216[0m[0m | time: 84.704s
[2K
| Adam | epoch: 003 | loss: 0.69216 - acc: 0.5576 -- iter: 256/416
[A[ATraining Step: 35  | total loss: [1m[32m0.69206[0m[0m | time: 93.201s
[2K
| Adam | epoch: 003 | loss: 0.69206 - acc: 0.5586 -- iter: 288/416
[A[ATraining Step: 36  | total loss: [1m[32m0.69200[0m[0m | time: 110.479s
[2K
| Adam | epoch: 003 | loss: 0.69200 - acc: 0.5594 -- iter: 320/416
[A[ATraining Step: 37  | total loss: [1m[32m0.69293[0m[0m | time: 126.380s
[2K
| Adam | epoch: 003 | loss: 0.69293 - acc: 0.5225 -- iter: 352/416
[A[ATraining Step: 38  | total loss: [1m[32m0.69365[0m[0m | time: 151.279s
[2K
| Adam | epoch: 003 | loss: 0.69365 - acc: 0.4937 -- iter: 384/416
[A[ATraining Step: 39  | total loss: [1m[32m0.69276[0m[0m | time: 194.194s
[2K
| Adam | epoch: 003 | loss: 0.69276 - acc: 0.5248 | val_loss: 0.69476 - val_acc: 0.4427 -- iter: 416/416
--
Training Step: 40  | total loss: [1m[32m0.69366[0m[0m | time: 6.757s
[2K
| Adam | epoch: 004 | loss: 0.69366 - acc: 0.4909 -- iter: 032/416
[A[ATraining Step: 41  | total loss: [1m[32m0.69341[0m[0m | time: 15.662s
[2K
| Adam | epoch: 004 | loss: 0.69341 - acc: 0.4983 -- iter: 064/416
[A[ATraining Step: 42  | total loss: [1m[32m0.69263[0m[0m | time: 26.503s
[2K
| Adam | epoch: 004 | loss: 0.69263 - acc: 0.5267 -- iter: 096/416
[A[ATraining Step: 43  | total loss: [1m[32m0.69197[0m[0m | time: 35.063s
[2K
| Adam | epoch: 004 | loss: 0.69197 - acc: 0.5496 -- iter: 128/416
[A[ATraining Step: 44  | total loss: [1m[32m0.69233[0m[0m | time: 40.223s
[2K
| Adam | epoch: 004 | loss: 0.69233 - acc: 0.5356 -- iter: 160/416
[A[ATraining Step: 45  | total loss: [1m[32m0.69185[0m[0m | time: 48.009s
[2K
| Adam | epoch: 004 | loss: 0.69185 - acc: 0.5508 -- iter: 192/416
[A[ATraining Step: 46  | total loss: [1m[32m0.69173[0m[0m | time: 62.367s
[2K
| Adam | epoch: 004 | loss: 0.69173 - acc: 0.5527 -- iter: 224/416
[A[ATraining Step: 47  | total loss: [1m[32m0.69178[0m[0m | time: 76.127s
[2K
| Adam | epoch: 004 | loss: 0.69178 - acc: 0.5492 -- iter: 256/416
[A[ATraining Step: 48  | total loss: [1m[32m0.69146[0m[0m | time: 86.947s
[2K
| Adam | epoch: 004 | loss: 0.69146 - acc: 0.5564 -- iter: 288/416
[A[ATraining Step: 49  | total loss: [1m[32m0.69117[0m[0m | time: 102.771s
[2K
| Adam | epoch: 004 | loss: 0.69117 - acc: 0.5623 -- iter: 320/416
[A[ATraining Step: 50  | total loss: [1m[32m0.69150[0m[0m | time: 113.729s
[2K
| Adam | epoch: 004 | loss: 0.69150 - acc: 0.5526 -- iter: 352/416
[A[ATraining Step: 51  | total loss: [1m[32m0.69221[0m[0m | time: 123.622s
[2K
| Adam | epoch: 004 | loss: 0.69221 - acc: 0.5350 -- iter: 384/416
[A[ATraining Step: 52  | total loss: [1m[32m0.69284[0m[0m | time: 164.410s
[2K
| Adam | epoch: 004 | loss: 0.69284 - acc: 0.5204 | val_loss: 0.69604 - val_acc: 0.4427 -- iter: 416/416
--
Training Step: 53  | total loss: [1m[32m0.69312[0m[0m | time: 6.109s
[2K
| Adam | epoch: 005 | loss: 0.69312 - acc: 0.5128 -- iter: 032/416
[A[ATraining Step: 54  | total loss: [1m[32m0.69272[0m[0m | time: 16.670s
[2K
| Adam | epoch: 005 | loss: 0.69272 - acc: 0.5200 -- iter: 064/416
[A[ATraining Step: 55  | total loss: [1m[32m0.69283[0m[0m | time: 29.479s
[2K
| Adam | epoch: 005 | loss: 0.69283 - acc: 0.5172 -- iter: 096/416
[A[ATraining Step: 56  | total loss: [1m[32m0.69271[0m[0m | time: 45.222s
[2K
| Adam | epoch: 005 | loss: 0.69271 - acc: 0.5191 -- iter: 128/416
[A[ATraining Step: 57  | total loss: [1m[32m0.69261[0m[0m | time: 49.764s
[2K
| Adam | epoch: 005 | loss: 0.69261 - acc: 0.5208 -- iter: 160/416
[A[ATraining Step: 58  | total loss: [1m[32m0.69226[0m[0m | time: 54.840s
[2K
| Adam | epoch: 005 | loss: 0.69226 - acc: 0.5265 -- iter: 192/416
[A[ATraining Step: 59  | total loss: [1m[32m0.69133[0m[0m | time: 59.070s
[2K
| Adam | epoch: 005 | loss: 0.69133 - acc: 0.5439 -- iter: 224/416
[A[ATraining Step: 60  | total loss: [1m[32m0.69118[0m[0m | time: 61.555s
[2K
| Adam | epoch: 005 | loss: 0.69118 - acc: 0.5464 -- iter: 256/416
[A[ATraining Step: 61  | total loss: [1m[32m0.69150[0m[0m | time: 64.217s
[2K
| Adam | epoch: 005 | loss: 0.69150 - acc: 0.5403 -- iter: 288/416
[A[ATraining Step: 62  | total loss: [1m[32m0.69225[0m[0m | time: 68.995s
[2K
| Adam | epoch: 005 | loss: 0.69225 - acc: 0.5271 -- iter: 320/416
[A[ATraining Step: 63  | total loss: [1m[32m0.69170[0m[0m | time: 70.185s
[2K
| Adam | epoch: 005 | loss: 0.69170 - acc: 0.5356 -- iter: 352/416
[A[ATraining Step: 64  | total loss: [1m[32m0.69195[0m[0m | time: 77.919s
[2K
| Adam | epoch: 005 | loss: 0.69195 - acc: 0.5311 -- iter: 384/416
[A[ATraining Step: 65  | total loss: [1m[32m0.69167[0m[0m | time: 101.410s
[2K
| Adam | epoch: 005 | loss: 0.69167 - acc: 0.5350 | val_loss: 0.69732 - val_acc: 0.4427 -- iter: 416/416
--
Training Step: 66  | total loss: [1m[32m0.69290[0m[0m | time: 3.743s
[2K
| Adam | epoch: 006 | loss: 0.69290 - acc: 0.5155 -- iter: 032/416
[A[ATraining Step: 67  | total loss: [1m[32m0.69198[0m[0m | time: 7.262s
[2K
| Adam | epoch: 006 | loss: 0.69198 - acc: 0.5287 -- iter: 064/416
[A[ATraining Step: 68  | total loss: [1m[32m0.69044[0m[0m | time: 15.383s
[2K
| Adam | epoch: 006 | loss: 0.69044 - acc: 0.5512 -- iter: 096/416
[A[ATraining Step: 69  | total loss: [1m[32m0.69160[0m[0m | time: 19.198s
[2K
| Adam | epoch: 006 | loss: 0.69160 - acc: 0.5342 -- iter: 128/416
[A[ATraining Step: 70  | total loss: [1m[32m0.69081[0m[0m | time: 27.137s
[2K
| Adam | epoch: 006 | loss: 0.69081 - acc: 0.5447 -- iter: 160/416
[A[ATraining Step: 71  | total loss: [1m[32m0.69005[0m[0m | time: 37.824s
[2K
| Adam | epoch: 006 | loss: 0.69005 - acc: 0.5539 -- iter: 192/416
[A[ATraining Step: 72  | total loss: [1m[32m0.69132[0m[0m | time: 41.409s
[2K
| Adam | epoch: 006 | loss: 0.69132 - acc: 0.5372 -- iter: 224/416
[A[ATraining Step: 73  | total loss: [1m[32m0.69020[0m[0m | time: 45.114s
[2K
| Adam | epoch: 006 | loss: 0.69020 - acc: 0.5505 -- iter: 256/416
[A[ATraining Step: 74  | total loss: [1m[32m0.69153[0m[0m | time: 48.191s
[2K
| Adam | epoch: 006 | loss: 0.69153 - acc: 0.5346 -- iter: 288/416
[A[ATraining Step: 75  | total loss: [1m[32m0.69058[0m[0m | time: 55.570s
[2K
| Adam | epoch: 006 | loss: 0.69058 - acc: 0.5444 -- iter: 320/416
[A[ATraining Step: 76  | total loss: [1m[32m0.69123[0m[0m | time: 63.474s
[2K
| Adam | epoch: 006 | loss: 0.69123 - acc: 0.5363 -- iter: 352/416
[A[ATraining Step: 77  | total loss: [1m[32m0.69208[0m[0m | time: 66.306s
[2K
| Adam | epoch: 006 | loss: 0.69208 - acc: 0.5259 -- iter: 384/416
[A[ATraining Step: 78  | total loss: [1m[32m0.69164[0m[0m | time: 81.754s
[2K
| Adam | epoch: 006 | loss: 0.69164 - acc: 0.5297 | val_loss: 0.69929 - val_acc: 0.4427 -- iter: 416/416
--
Training Step: 79  | total loss: [1m[32m0.69124[0m[0m | time: 3.300s
[2K
| Adam | epoch: 007 | loss: 0.69124 - acc: 0.5331 -- iter: 032/416
[A[ATraining Step: 80  | total loss: [1m[32m0.69148[0m[0m | time: 6.231s
[2K
| Adam | epoch: 007 | loss: 0.69148 - acc: 0.5297 -- iter: 064/416
[A[ATraining Step: 81  | total loss: [1m[32m0.69137[0m[0m | time: 8.103s
[2K
| Adam | epoch: 007 | loss: 0.69137 - acc: 0.5299 -- iter: 096/416
[A[ATraining Step: 82  | total loss: [1m[32m0.69067[0m[0m | time: 11.128s
[2K
| Adam | epoch: 007 | loss: 0.69067 - acc: 0.5363 -- iter: 128/416
[A[ATraining Step: 83  | total loss: [1m[32m0.69036[0m[0m | time: 15.803s
[2K
| Adam | epoch: 007 | loss: 0.69036 - acc: 0.5389 -- iter: 160/416
[A[ATraining Step: 84  | total loss: [1m[32m0.69034[0m[0m | time: 18.028s
[2K
| Adam | epoch: 007 | loss: 0.69034 - acc: 0.5381 -- iter: 192/416
[A[ATraining Step: 85  | total loss: [1m[32m0.69030[0m[0m | time: 25.481s
[2K
| Adam | epoch: 007 | loss: 0.69030 - acc: 0.5374 -- iter: 224/416
[A[ATraining Step: 86  | total loss: [1m[32m0.69113[0m[0m | time: 28.135s
[2K
| Adam | epoch: 007 | loss: 0.69113 - acc: 0.5306 -- iter: 256/416
[A[ATraining Step: 87  | total loss: [1m[32m0.69057[0m[0m | time: 32.932s
[2K
| Adam | epoch: 007 | loss: 0.69057 - acc: 0.5338 -- iter: 288/416
[A[ATraining Step: 88  | total loss: [1m[32m0.68772[0m[0m | time: 42.154s
[2K
| Adam | epoch: 007 | loss: 0.68772 - acc: 0.5523 -- iter: 320/416
[A[ATraining Step: 89  | total loss: [1m[32m0.68775[0m[0m | time: 50.147s
[2K
| Adam | epoch: 007 | loss: 0.68775 - acc: 0.5502 -- iter: 352/416
[A[ATraining Step: 90  | total loss: [1m[32m0.69205[0m[0m | time: 63.956s
[2K
| Adam | epoch: 007 | loss: 0.69205 - acc: 0.5264 -- iter: 384/416
[A[ATraining Step: 91  | total loss: [1m[32m0.69334[0m[0m | time: 93.497s
[2K
| Adam | epoch: 007 | loss: 0.69334 - acc: 0.5175 | val_loss: 0.70052 - val_acc: 0.4427 -- iter: 416/416
--
Training Step: 92  | total loss: [1m[32m0.69282[0m[0m | time: 3.547s
[2K
| Adam | epoch: 008 | loss: 0.69282 - acc: 0.5189 -- iter: 032/416
[A[ATraining Step: 93  | total loss: [1m[32m0.69161[0m[0m | time: 14.081s
[2K
| Adam | epoch: 008 | loss: 0.69161 - acc: 0.5264 -- iter: 064/416
[A[ATraining Step: 94  | total loss: [1m[32m0.69102[0m[0m | time: 18.950s
[2K
| Adam | epoch: 008 | loss: 0.69102 - acc: 0.5300 -- iter: 096/416
[A[ATraining Step: 95  | total loss: [1m[32m0.69068[0m[0m | time: 24.157s
[2K
| Adam | epoch: 008 | loss: 0.69068 - acc: 0.5301 -- iter: 128/416
[A[ATraining Step: 96  | total loss: [1m[32m0.69062[0m[0m | time: 28.112s
[2K
| Adam | epoch: 008 | loss: 0.69062 - acc: 0.5302 -- iter: 160/416
[A[ATraining Step: 97  | total loss: [1m[32m0.68895[0m[0m | time: 33.504s
[2K
| Adam | epoch: 008 | loss: 0.68895 - acc: 0.5397 -- iter: 192/416
[A[ATraining Step: 98  | total loss: [1m[32m0.69010[0m[0m | time: 43.209s
[2K
| Adam | epoch: 008 | loss: 0.69010 - acc: 0.5295 -- iter: 224/416
[A[ATraining Step: 99  | total loss: [1m[32m0.69109[0m[0m | time: 50.798s
[2K
| Adam | epoch: 008 | loss: 0.69109 - acc: 0.5203 -- iter: 256/416
[A[ATraining Step: 100  | total loss: [1m[32m0.69008[0m[0m | time: 53.998s
[2K
| Adam | epoch: 008 | loss: 0.69008 - acc: 0.5245 -- iter: 288/416
[A[ATraining Step: 101  | total loss: [1m[32m0.68824[0m[0m | time: 56.811s
[2K
| Adam | epoch: 008 | loss: 0.68824 - acc: 0.5346 -- iter: 320/416
[A[ATraining Step: 102  | total loss: [1m[32m0.68876[0m[0m | time: 68.697s
[2K
| Adam | epoch: 008 | loss: 0.68876 - acc: 0.5280 -- iter: 352/416
[A[ATraining Step: 103  | total loss: [1m[32m0.69093[0m[0m | time: 78.518s
[2K
| Adam | epoch: 008 | loss: 0.69093 - acc: 0.5127 -- iter: 384/416
[A[ATraining Step: 104  | total loss: [1m[32m0.68970[0m[0m | time: 105.006s
[2K
| Adam | epoch: 008 | loss: 0.68970 - acc: 0.5145 | val_loss: 0.69353 - val_acc: 0.4427 -- iter: 416/416
--
Training Step: 105  | total loss: [1m[32m0.68922[0m[0m | time: 2.460s
[2K
| Adam | epoch: 009 | loss: 0.68922 - acc: 0.5131 -- iter: 032/416
[A[ATraining Step: 106  | total loss: [1m[32m0.68881[0m[0m | time: 11.583s
[2K
| Adam | epoch: 009 | loss: 0.68881 - acc: 0.5149 -- iter: 064/416
[A[ATraining Step: 107  | total loss: [1m[32m0.68621[0m[0m | time: 20.787s
[2K
| Adam | epoch: 009 | loss: 0.68621 - acc: 0.5228 -- iter: 096/416
[A[ATraining Step: 108  | total loss: [1m[32m0.68705[0m[0m | time: 22.813s
[2K
| Adam | epoch: 009 | loss: 0.68705 - acc: 0.5205 -- iter: 128/416
[A[ATraining Step: 109  | total loss: [1m[32m0.68675[0m[0m | time: 29.903s
[2K
| Adam | epoch: 009 | loss: 0.68675 - acc: 0.5153 -- iter: 160/416
[A[ATraining Step: 110  | total loss: [1m[32m0.68231[0m[0m | time: 33.726s
[2K
| Adam | epoch: 009 | loss: 0.68231 - acc: 0.5263 -- iter: 192/416
[A[ATraining Step: 111  | total loss: [1m[32m0.67772[0m[0m | time: 39.383s
[2K
| Adam | epoch: 009 | loss: 0.67772 - acc: 0.5393 -- iter: 224/416
[A[ATraining Step: 112  | total loss: [1m[32m0.67732[0m[0m | time: 44.498s
[2K
| Adam | epoch: 009 | loss: 0.67732 - acc: 0.5385 -- iter: 256/416
[A[ATraining Step: 113  | total loss: [1m[32m0.67664[0m[0m | time: 59.691s
[2K
| Adam | epoch: 009 | loss: 0.67664 - acc: 0.5378 -- iter: 288/416
[A[ATraining Step: 114  | total loss: [1m[32m0.67478[0m[0m | time: 63.927s
[2K
| Adam | epoch: 009 | loss: 0.67478 - acc: 0.5340 -- iter: 320/416
[A[ATraining Step: 115  | total loss: [1m[32m0.67124[0m[0m | time: 67.516s
[2K
| Adam | epoch: 009 | loss: 0.67124 - acc: 0.5337 -- iter: 352/416
[A[ATraining Step: 116  | total loss: [1m[32m0.66334[0m[0m | time: 75.008s
[2K
| Adam | epoch: 009 | loss: 0.66334 - acc: 0.5491 -- iter: 384/416
[A[ATraining Step: 117  | total loss: [1m[32m0.65870[0m[0m | time: 93.184s
[2K
| Adam | epoch: 009 | loss: 0.65870 - acc: 0.5473 | val_loss: 0.65246 - val_acc: 0.4427 -- iter: 416/416
--
Training Step: 118  | total loss: [1m[32m0.65753[0m[0m | time: 4.238s
[2K
| Adam | epoch: 010 | loss: 0.65753 - acc: 0.5395 -- iter: 032/416
[A[ATraining Step: 119  | total loss: [1m[32m0.66291[0m[0m | time: 9.816s
[2K
| Adam | epoch: 010 | loss: 0.66291 - acc: 0.5230 -- iter: 064/416
[A[ATraining Step: 120  | total loss: [1m[32m0.66344[0m[0m | time: 16.593s
[2K
| Adam | epoch: 010 | loss: 0.66344 - acc: 0.5176 -- iter: 096/416
[A[ATraining Step: 121  | total loss: [1m[32m0.66297[0m[0m | time: 19.622s
[2K
| Adam | epoch: 010 | loss: 0.66297 - acc: 0.5346 -- iter: 128/416
[A[ATraining Step: 122  | total loss: [1m[32m0.66525[0m[0m | time: 30.178s
[2K
| Adam | epoch: 010 | loss: 0.66525 - acc: 0.5530 -- iter: 160/416
[A[ATraining Step: 123  | total loss: [1m[32m0.65882[0m[0m | time: 40.412s
[2K
| Adam | epoch: 010 | loss: 0.65882 - acc: 0.5852 -- iter: 192/416
[A[ATraining Step: 124  | total loss: [1m[32m0.65272[0m[0m | time: 51.106s
[2K
| Adam | epoch: 010 | loss: 0.65272 - acc: 0.5892 -- iter: 224/416
[A[ATraining Step: 125  | total loss: [1m[32m0.65021[0m[0m | time: 59.005s
[2K
| Adam | epoch: 010 | loss: 0.65021 - acc: 0.5771 -- iter: 256/416
[A[ATraining Step: 126  | total loss: [1m[32m0.63771[0m[0m | time: 63.612s
[2K
| Adam | epoch: 010 | loss: 0.63771 - acc: 0.5913 -- iter: 288/416
[A[ATraining Step: 127  | total loss: [1m[32m0.62605[0m[0m | time: 70.083s
[2K
| Adam | epoch: 010 | loss: 0.62605 - acc: 0.6197 -- iter: 320/416
[A[ATraining Step: 128  | total loss: [1m[32m0.61449[0m[0m | time: 76.871s
[2K
| Adam | epoch: 010 | loss: 0.61449 - acc: 0.6389 -- iter: 352/416
[A[ATraining Step: 129  | total loss: [1m[32m0.60131[0m[0m | time: 80.987s
[2K
| Adam | epoch: 010 | loss: 0.60131 - acc: 0.6469 -- iter: 384/416
[A[ATraining Step: 130  | total loss: [1m[32m0.59552[0m[0m | time: 108.774s
[2K
| Adam | epoch: 010 | loss: 0.59552 - acc: 0.6604 | val_loss: 0.55417 - val_acc: 0.7863 -- iter: 416/416
--
Training Step: 131  | total loss: [1m[32m0.59734[0m[0m | time: 4.863s
[2K
| Adam | epoch: 011 | loss: 0.59734 - acc: 0.6631 -- iter: 032/416
[A[ATraining Step: 132  | total loss: [1m[32m0.58627[0m[0m | time: 7.064s
[2K
| Adam | epoch: 011 | loss: 0.58627 - acc: 0.6780 -- iter: 064/416
[A[ATraining Step: 133  | total loss: [1m[32m0.58738[0m[0m | time: 11.141s
[2K
| Adam | epoch: 011 | loss: 0.58738 - acc: 0.6758 -- iter: 096/416
[A[ATraining Step: 134  | total loss: [1m[32m0.57655[0m[0m | time: 19.079s
[2K
| Adam | epoch: 011 | loss: 0.57655 - acc: 0.6864 -- iter: 128/416
[A[ATraining Step: 135  | total loss: [1m[32m0.57370[0m[0m | time: 28.461s
[2K
| Adam | epoch: 011 | loss: 0.57370 - acc: 0.6865 -- iter: 160/416
[A[ATraining Step: 136  | total loss: [1m[32m0.56141[0m[0m | time: 36.148s
[2K
| Adam | epoch: 011 | loss: 0.56141 - acc: 0.7022 -- iter: 192/416
[A[ATraining Step: 137  | total loss: [1m[32m0.56137[0m[0m | time: 41.770s
[2K
| Adam | epoch: 011 | loss: 0.56137 - acc: 0.7007 -- iter: 224/416
[A[ATraining Step: 138  | total loss: [1m[32m0.55092[0m[0m | time: 48.793s
[2K
| Adam | epoch: 011 | loss: 0.55092 - acc: 0.7119 -- iter: 256/416
[A[ATraining Step: 139  | total loss: [1m[32m0.55086[0m[0m | time: 53.368s
[2K
| Adam | epoch: 011 | loss: 0.55086 - acc: 0.7126 -- iter: 288/416
[A[ATraining Step: 140  | total loss: [1m[32m0.60285[0m[0m | time: 56.850s
[2K
| Adam | epoch: 011 | loss: 0.60285 - acc: 0.6757 -- iter: 320/416
[A[ATraining Step: 141  | total loss: [1m[32m0.63120[0m[0m | time: 60.332s
[2K
| Adam | epoch: 011 | loss: 0.63120 - acc: 0.6550 -- iter: 352/416
[A[ATraining Step: 142  | total loss: [1m[32m0.60960[0m[0m | time: 65.195s
[2K
| Adam | epoch: 011 | loss: 0.60960 - acc: 0.6739 -- iter: 384/416
[A[ATraining Step: 143  | total loss: [1m[32m0.58246[0m[0m | time: 94.843s
[2K
| Adam | epoch: 011 | loss: 0.58246 - acc: 0.7003 | val_loss: 0.75788 - val_acc: 0.6107 -- iter: 416/416
--
Training Step: 144  | total loss: [1m[32m0.58114[0m[0m | time: 4.069s
[2K
| Adam | epoch: 012 | loss: 0.58114 - acc: 0.7052 -- iter: 032/416
[A[ATraining Step: 145  | total loss: [1m[32m0.58090[0m[0m | time: 6.117s
[2K
| Adam | epoch: 012 | loss: 0.58090 - acc: 0.7003 -- iter: 064/416
[A[ATraining Step: 146  | total loss: [1m[32m0.56921[0m[0m | time: 11.743s
[2K
| Adam | epoch: 012 | loss: 0.56921 - acc: 0.7147 -- iter: 096/416
[A[ATraining Step: 147  | total loss: [1m[32m0.57219[0m[0m | time: 17.384s
[2K
| Adam | epoch: 012 | loss: 0.57219 - acc: 0.7088 -- iter: 128/416
[A[ATraining Step: 148  | total loss: [1m[32m0.56600[0m[0m | time: 19.725s
[2K
| Adam | epoch: 012 | loss: 0.56600 - acc: 0.7161 -- iter: 160/416
[A[ATraining Step: 149  | total loss: [1m[32m0.54826[0m[0m | time: 24.109s
[2K
| Adam | epoch: 012 | loss: 0.54826 - acc: 0.7351 -- iter: 192/416
[A[ATraining Step: 150  | total loss: [1m[32m0.53653[0m[0m | time: 35.008s
[2K
| Adam | epoch: 012 | loss: 0.53653 - acc: 0.7460 -- iter: 224/416
[A[ATraining Step: 151  | total loss: [1m[32m0.52155[0m[0m | time: 38.533s
[2K
| Adam | epoch: 012 | loss: 0.52155 - acc: 0.7589 -- iter: 256/416
[A[ATraining Step: 152  | total loss: [1m[32m0.51780[0m[0m | time: 41.621s
[2K
| Adam | epoch: 012 | loss: 0.51780 - acc: 0.7580 -- iter: 288/416
[A[ATraining Step: 153  | total loss: [1m[32m0.50537[0m[0m | time: 45.344s
[2K
| Adam | epoch: 012 | loss: 0.50537 - acc: 0.7697 -- iter: 320/416
[A[ATraining Step: 154  | total loss: [1m[32m0.50312[0m[0m | time: 49.940s
[2K
| Adam | epoch: 012 | loss: 0.50312 - acc: 0.7646 -- iter: 352/416
[A[ATraining Step: 155  | total loss: [1m[32m0.48938[0m[0m | time: 55.001s
[2K
| Adam | epoch: 012 | loss: 0.48938 - acc: 0.7694 -- iter: 384/416
[A[ATraining Step: 156  | total loss: [1m[32m0.48913[0m[0m | time: 77.220s
[2K
| Adam | epoch: 012 | loss: 0.48913 - acc: 0.7706 | val_loss: 0.59382 - val_acc: 0.6870 -- iter: 416/416
--
Training Step: 157  | total loss: [1m[32m0.49349[0m[0m | time: 5.895s
[2K
| Adam | epoch: 013 | loss: 0.49349 - acc: 0.7685 -- iter: 032/416
[A[ATraining Step: 158  | total loss: [1m[32m0.51344[0m[0m | time: 10.790s
[2K
| Adam | epoch: 013 | loss: 0.51344 - acc: 0.7448 -- iter: 064/416
[A[ATraining Step: 159  | total loss: [1m[32m0.51706[0m[0m | time: 21.237s
[2K
| Adam | epoch: 013 | loss: 0.51706 - acc: 0.7328 -- iter: 096/416
[A[ATraining Step: 160  | total loss: [1m[32m0.49974[0m[0m | time: 27.397s
[2K
| Adam | epoch: 013 | loss: 0.49974 - acc: 0.7470 -- iter: 128/416
[A[ATraining Step: 161  | total loss: [1m[32m0.48572[0m[0m | time: 34.329s
[2K
| Adam | epoch: 013 | loss: 0.48572 - acc: 0.7598 -- iter: 160/416
[A[ATraining Step: 162  | total loss: [1m[32m0.48545[0m[0m | time: 43.471s
[2K
| Adam | epoch: 013 | loss: 0.48545 - acc: 0.7713 -- iter: 192/416
[A[ATraining Step: 163  | total loss: [1m[32m0.49997[0m[0m | time: 52.395s
[2K
| Adam | epoch: 013 | loss: 0.49997 - acc: 0.7567 -- iter: 224/416
[A[ATraining Step: 164  | total loss: [1m[32m0.48309[0m[0m | time: 58.867s
[2K
| Adam | epoch: 013 | loss: 0.48309 - acc: 0.7654 -- iter: 256/416
[A[ATraining Step: 165  | total loss: [1m[32m0.47472[0m[0m | time: 64.909s
[2K
| Adam | epoch: 013 | loss: 0.47472 - acc: 0.7764 -- iter: 288/416
[A[ATraining Step: 166  | total loss: [1m[32m0.46840[0m[0m | time: 69.796s
[2K
| Adam | epoch: 013 | loss: 0.46840 - acc: 0.7800 -- iter: 320/416
[A[ATraining Step: 167  | total loss: [1m[32m0.47391[0m[0m | time: 72.928s
[2K
| Adam | epoch: 013 | loss: 0.47391 - acc: 0.7739 -- iter: 352/416
[A[ATraining Step: 168  | total loss: [1m[32m0.46552[0m[0m | time: 82.415s
[2K
| Adam | epoch: 013 | loss: 0.46552 - acc: 0.7777 -- iter: 384/416
[A[ATraining Step: 169  | total loss: [1m[32m0.45619[0m[0m | time: 110.187s
[2K
| Adam | epoch: 013 | loss: 0.45619 - acc: 0.7843 | val_loss: 0.45801 - val_acc: 0.7634 -- iter: 416/416
--
Training Step: 170  | total loss: [1m[32m0.45893[0m[0m | time: 2.791s
[2K
| Adam | epoch: 014 | loss: 0.45893 - acc: 0.7746 -- iter: 032/416
[A[ATraining Step: 171  | total loss: [1m[32m0.45184[0m[0m | time: 6.012s
[2K
| Adam | epoch: 014 | loss: 0.45184 - acc: 0.7784 -- iter: 064/416
[A[ATraining Step: 172  | total loss: [1m[32m0.43377[0m[0m | time: 10.425s
[2K
| Adam | epoch: 014 | loss: 0.43377 - acc: 0.7943 -- iter: 096/416
[A[ATraining Step: 173  | total loss: [1m[32m0.43256[0m[0m | time: 15.234s
[2K
| Adam | epoch: 014 | loss: 0.43256 - acc: 0.7930 -- iter: 128/416
[A[ATraining Step: 174  | total loss: [1m[32m0.46083[0m[0m | time: 18.883s
[2K
| Adam | epoch: 014 | loss: 0.46083 - acc: 0.7825 -- iter: 160/416
[A[ATraining Step: 175  | total loss: [1m[32m0.45880[0m[0m | time: 20.889s
[2K
| Adam | epoch: 014 | loss: 0.45880 - acc: 0.7855 -- iter: 192/416
[A[ATraining Step: 176  | total loss: [1m[32m0.44294[0m[0m | time: 29.141s
[2K
| Adam | epoch: 014 | loss: 0.44294 - acc: 0.7944 -- iter: 224/416
[A[ATraining Step: 177  | total loss: [1m[32m0.41995[0m[0m | time: 37.194s
[2K
| Adam | epoch: 014 | loss: 0.41995 - acc: 0.8119 -- iter: 256/416
[A[ATraining Step: 178  | total loss: [1m[32m0.49681[0m[0m | time: 43.956s
[2K
| Adam | epoch: 014 | loss: 0.49681 - acc: 0.7744 -- iter: 288/416
[A[ATraining Step: 179  | total loss: [1m[32m0.49172[0m[0m | time: 47.995s
[2K
| Adam | epoch: 014 | loss: 0.49172 - acc: 0.7720 -- iter: 320/416
[A[ATraining Step: 180  | total loss: [1m[32m0.48229[0m[0m | time: 53.796s
[2K
| Adam | epoch: 014 | loss: 0.48229 - acc: 0.7792 -- iter: 352/416
[A[ATraining Step: 181  | total loss: [1m[32m0.47232[0m[0m | time: 60.098s
[2K
| Adam | epoch: 014 | loss: 0.47232 - acc: 0.7856 -- iter: 384/416
[A[ATraining Step: 182  | total loss: [1m[32m0.46447[0m[0m | time: 80.008s
[2K
| Adam | epoch: 014 | loss: 0.46447 - acc: 0.7821 | val_loss: 0.56810 - val_acc: 0.7099 -- iter: 416/416
--
Training Step: 183  | total loss: [1m[32m0.45947[0m[0m | time: 3.859s
[2K
| Adam | epoch: 015 | loss: 0.45947 - acc: 0.7820 -- iter: 032/416
[A[ATraining Step: 184  | total loss: [1m[32m0.44653[0m[0m | time: 8.519s
[2K
| Adam | epoch: 015 | loss: 0.44653 - acc: 0.7913 -- iter: 064/416
[A[ATraining Step: 185  | total loss: [1m[32m0.43277[0m[0m | time: 11.413s
[2K
| Adam | epoch: 015 | loss: 0.43277 - acc: 0.8028 -- iter: 096/416
[A[ATraining Step: 186  | total loss: [1m[32m0.42312[0m[0m | time: 13.231s
[2K
| Adam | epoch: 015 | loss: 0.42312 - acc: 0.8100 -- iter: 128/416
[A[ATraining Step: 187  | total loss: [1m[32m0.42625[0m[0m | time: 19.556s
[2K
| Adam | epoch: 015 | loss: 0.42625 - acc: 0.8071 -- iter: 160/416
[A[ATraining Step: 188  | total loss: [1m[32m0.40770[0m[0m | time: 26.833s
[2K
| Adam | epoch: 015 | loss: 0.40770 - acc: 0.8202 -- iter: 192/416
[A[ATraining Step: 189  | total loss: [1m[32m0.39541[0m[0m | time: 35.974s
[2K
| Adam | epoch: 015 | loss: 0.39541 - acc: 0.8319 -- iter: 224/416
[A[ATraining Step: 190  | total loss: [1m[32m0.37678[0m[0m | time: 41.611s
[2K
| Adam | epoch: 015 | loss: 0.37678 - acc: 0.8487 -- iter: 256/416
[A[ATraining Step: 191  | total loss: [1m[32m0.37249[0m[0m | time: 48.099s
[2K
| Adam | epoch: 015 | loss: 0.37249 - acc: 0.8513 -- iter: 288/416
[A[ATraining Step: 192  | total loss: [1m[32m0.37467[0m[0m | time: 54.762s
[2K
| Adam | epoch: 015 | loss: 0.37467 - acc: 0.8475 -- iter: 320/416
[A[ATraining Step: 193  | total loss: [1m[32m0.36665[0m[0m | time: 61.610s
[2K
| Adam | epoch: 015 | loss: 0.36665 - acc: 0.8565 -- iter: 352/416
[A[ATraining Step: 194  | total loss: [1m[32m0.35876[0m[0m | time: 68.453s
[2K
| Adam | epoch: 015 | loss: 0.35876 - acc: 0.8583 -- iter: 384/416
[A[ATraining Step: 195  | total loss: [1m[32m0.34767[0m[0m | time: 106.148s
[2K
| Adam | epoch: 015 | loss: 0.34767 - acc: 0.8631 | val_loss: 0.68623 - val_acc: 0.7099 -- iter: 416/416
--
/homes/tdogan/miniconda2/envs/my-rdkit-env/lib/python3.6/site-packages/sklearn/metrics/classification.py:538: RuntimeWarning: invalid value encountered in double_scalars
  mcc = cov_ytyp / np.sqrt(cov_ytyt * cov_ypyp)
Validation AUC:0.8771846953235711
Validation AUPRC:0.8728240363951656
Test AUC:0.8594709494567785
Test AUPRC:0.8398140223244293
BestTestF1Score	0.77	0.6	0.8	0.79	0.76	44	12	61	14	0.89
BestTestMCCScore	0.77	0.6	0.8	0.79	0.76	44	12	61	14	0.89
BestTestAccuracyScore	0.77	0.6	0.8	0.8	0.74	43	11	62	15	0.93
BestValidationF1Score	0.78	0.6	0.8	0.77	0.79	46	14	59	12	0.89
BestValidationMCC	0.78	0.6	0.8	0.77	0.79	46	14	59	12	0.89
BestValidationAccuracy	0.77	0.6	0.8	0.79	0.76	44	12	61	14	0.93
TestPredictions (Threshold:0.89)
CHEMBL1076437,TP,ACT,1.0	CHEMBL1241299,TP,ACT,0.9700000286102295	CHEMBL3780667,TP,ACT,0.9900000095367432	CHEMBL2348176,TN,INACT,0.14000000059604645	CHEMBL1287853,FN,ACT,0.10000000149011612	CHEMBL477772,FN,ACT,0.8600000143051147	CHEMBL3421979,TN,INACT,0.5	CHEMBL86771,TN,INACT,0.7300000190734863	CHEMBL557238,TN,INACT,0.05999999865889549	CHEMBL3609656,TN,INACT,0.6899999976158142	CHEMBL457401,TN,INACT,0.12999999523162842	CHEMBL1076468,TP,ACT,1.0	CHEMBL131382,TN,INACT,0.25	CHEMBL1242468,TP,ACT,0.949999988079071	CHEMBL3780714,TP,ACT,0.9900000095367432	CHEMBL3421636,TN,INACT,0.44999998807907104	CHEMBL498249,TN,INACT,0.6800000071525574	CHEMBL197603,FN,ACT,0.8600000143051147	CHEMBL469770,TN,INACT,0.10999999940395355	CHEMBL1076465,TP,ACT,1.0	CHEMBL1241946,TP,ACT,0.9599999785423279	CHEMBL3695578,TP,ACT,1.0	CHEMBL504547,TN,INACT,0.33000001311302185	CHEMBL1089405,FP,INACT,0.9900000095367432	CHEMBL1242201,TP,ACT,0.9900000095367432	CHEMBL2336005,FN,ACT,0.5299999713897705	CHEMBL1085996,FN,ACT,0.8799999952316284	CHEMBL48614,TN,INACT,0.8799999952316284	CHEMBL1241439,TP,ACT,0.9700000286102295	CHEMBL530335,TN,INACT,0.3400000035762787	CHEMBL515674,TN,INACT,0.5	CHEMBL1421,FN,ACT,0.12999999523162842	CHEMBL1235213,TN,INACT,0.4099999964237213	CHEMBL317281,TN,INACT,0.12999999523162842	CHEMBL552136,TN,INACT,0.11999999731779099	CHEMBL3695568,TP,ACT,0.9900000095367432	CHEMBL1079946,TP,ACT,1.0	CHEMBL485502,TN,INACT,0.17000000178813934	CHEMBL2163611,TN,INACT,0.7300000190734863	CHEMBL1079945,TP,ACT,1.0	CHEMBL1242472,TP,ACT,0.9800000190734863	CHEMBL445420,TN,INACT,0.1599999964237213	CHEMBL99687,TN,INACT,0.30000001192092896	CHEMBL99280,TN,INACT,0.25999999046325684	CHEMBL3617732,FN,ACT,0.07999999821186066	CHEMBL100500,TN,INACT,0.1899999976158142	CHEMBL604748,FP,INACT,0.9800000190734863	CHEMBL3421968,FP,INACT,0.9300000071525574	CHEMBL1088153,TP,ACT,1.0	CHEMBL3695584,TP,ACT,1.0	CHEMBL434369,FN,ACT,0.7099999785423279	CHEMBL1241484,TP,ACT,0.9900000095367432	CHEMBL1242572,TP,ACT,0.949999988079071	CHEMBL1242752,TP,ACT,0.9900000095367432	CHEMBL489344,TN,INACT,0.20000000298023224	CHEMBL1241944,TP,ACT,0.9800000190734863	CHEMBL1240545,TP,ACT,0.9800000190734863	CHEMBL3782036,TP,ACT,0.9599999785423279	CHEMBL1242568,TP,ACT,0.9700000286102295	CHEMBL1910760,TN,INACT,0.6399999856948853	CHEMBL197077,TN,INACT,0.07999999821186066	CHEMBL599552,TN,INACT,0.7699999809265137	CHEMBL477817,TP,ACT,0.9900000095367432	CHEMBL1910756,TN,INACT,0.25999999046325684	CHEMBL1087650,TP,ACT,0.9700000286102295	CHEMBL456143,TN,INACT,0.20000000298023224	CHEMBL1241948,FN,ACT,0.8899999856948853	CHEMBL1242285,TP,ACT,0.9599999785423279	CHEMBL1241680,TP,ACT,0.949999988079071	CHEMBL328164,TN,INACT,0.07999999821186066	CHEMBL483535,TN,INACT,0.5799999833106995	CHEMBL102047,TN,INACT,0.18000000715255737	CHEMBL226471,TN,INACT,0.17000000178813934	CHEMBL1933801,TN,INACT,0.6200000047683716	CHEMBL1081312,TP,ACT,0.9399999976158142	CHEMBL1922121,TN,INACT,0.23000000417232513	CHEMBL2163612,TN,INACT,0.27000001072883606	CHEMBL1910762,TN,INACT,0.25999999046325684	CHEMBL1910761,TN,INACT,0.25999999046325684	CHEMBL522760,FP,INACT,0.9100000262260437	CHEMBL1242381,TP,ACT,0.9800000190734863	CHEMBL1908391,FN,ACT,0.49000000953674316	CHEMBL101557,TN,INACT,0.23000000417232513	CHEMBL2164716,FP,INACT,0.9800000190734863	CHEMBL1241271,FN,ACT,0.8799999952316284	CHEMBL232731,TP,ACT,0.9900000095367432	CHEMBL190201,FP,INACT,0.9599999785423279	CHEMBL2392246,TN,INACT,0.10999999940395355	CHEMBL456797,TN,INACT,0.15000000596046448	CHEMBL456378,TN,INACT,0.10000000149011612	CHEMBL1240565,TP,ACT,0.9200000166893005	CHEMBL607707,FN,ACT,0.6600000262260437	CHEMBL1242207,FP,INACT,0.9800000190734863	CHEMBL201307,FP,INACT,0.9900000095367432	CHEMBL3780386,TP,ACT,1.0	CHEMBL557456,TN,INACT,0.07000000029802322	CHEMBL1242748,TP,ACT,0.9800000190734863	CHEMBL1214135,TP,ACT,1.0	CHEMBL1242758,FN,ACT,0.30000001192092896	CHEMBL518732,TN,INACT,0.6899999976158142	CHEMBL2392234,TN,INACT,0.1599999964237213	CHEMBL550855,TN,INACT,0.47999998927116394	CHEMBL483081,TN,INACT,0.3199999928474426	CHEMBL509435,TN,INACT,0.8799999952316284	CHEMBL1080475,TP,ACT,0.9900000095367432	CHEMBL120127,TN,INACT,0.10999999940395355	CHEMBL486302,TN,INACT,0.6000000238418579	CHEMBL395666,FP,INACT,0.9300000071525574	CHEMBL1241864,TP,ACT,0.9700000286102295	CHEMBL1331525,TN,INACT,0.6899999976158142	CHEMBL498520,TN,INACT,0.3700000047683716	CHEMBL2348165,TN,INACT,0.15000000596046448	CHEMBL1242665,FP,INACT,0.9800000190734863	CHEMBL203006,TN,INACT,0.3100000023841858	CHEMBL1241675,TP,ACT,0.949999988079071	CHEMBL1241482,FN,ACT,0.6499999761581421	CHEMBL1241860,TP,ACT,0.9900000095367432	CHEMBL3797559,TN,INACT,0.49000000953674316	CHEMBL1762119,FP,INACT,0.9599999785423279	CHEMBL3782009,TP,ACT,1.0	CHEMBL395433,TN,INACT,0.8299999833106995	CHEMBL1083001,TP,ACT,1.0	CHEMBL488646,FP,INACT,0.9700000286102295	CHEMBL1241582,TP,ACT,0.949999988079071	CHEMBL497454,TN,INACT,0.07999999821186066	CHEMBL316887,TN,INACT,0.1599999964237213	CHEMBL482883,TN,INACT,0.8600000143051147	CHEMBL489627,TN,INACT,0.15000000596046448	CHEMBL1242032,TP,ACT,0.9700000286102295	CHEMBL1242377,TP,ACT,0.9900000095367432	CHEMBL469776,TN,INACT,0.10999999940395355	

