ImageNetInceptionV2 CHEMBL3180 adam 0.0005 30 0 0 0.6 False True
Number of active compounds :	124
Number of inactive compounds :	124
---------------------------------
Run id: ImageNetInceptionV2_CHEMBL3180_adam_0.0005_30_0_0_0.6_False_True_id
Log directory: ../tflearnLogs/ImageNetInceptionV2_CHEMBL3180_adam_0.0005_30_0.6/
---------------------------------
Training samples: 156
Validation samples: 50
--
Training Step: 1  | time: 129.573s
[2K
| Adam | epoch: 001 | loss: 0.00000 - acc: 0.0000 -- iter: 032/156
[A[ATraining Step: 2  | total loss: [1m[32m0.61577[0m[0m | time: 288.566s
[2K
| Adam | epoch: 001 | loss: 0.61577 - acc: 0.4500 -- iter: 064/156
[A[ATraining Step: 3  | total loss: [1m[32m1.04919[0m[0m | time: 375.801s
[2K
| Adam | epoch: 001 | loss: 1.04919 - acc: 0.3375 -- iter: 096/156
[A[ATraining Step: 4  | total loss: [1m[32m0.71747[0m[0m | time: 432.219s
[2K
| Adam | epoch: 001 | loss: 0.71747 - acc: 0.6000 -- iter: 128/156
[A[ATraining Step: 5  | total loss: [1m[32m0.60588[0m[0m | time: 482.396s
[2K
| Adam | epoch: 001 | loss: 0.60588 - acc: 0.7255 | val_loss: 0.74420 - val_acc: 0.3800 -- iter: 156/156
--
Training Step: 6  | total loss: [1m[32m0.66689[0m[0m | time: 56.794s
[2K
| Adam | epoch: 002 | loss: 0.66689 - acc: 0.6724 -- iter: 032/156
[A[ATraining Step: 7  | total loss: [1m[32m0.50550[0m[0m | time: 90.482s
[2K
| Adam | epoch: 002 | loss: 0.50550 - acc: 0.7404 -- iter: 064/156
[A[ATraining Step: 8  | total loss: [1m[32m0.47885[0m[0m | time: 114.168s
[2K
| Adam | epoch: 002 | loss: 0.47885 - acc: 0.7809 -- iter: 096/156
[A[ATraining Step: 9  | total loss: [1m[32m0.46705[0m[0m | time: 177.283s
[2K
| Adam | epoch: 002 | loss: 0.46705 - acc: 0.7811 -- iter: 128/156
[A[ATraining Step: 10  | total loss: [1m[32m0.36249[0m[0m | time: 228.977s
[2K
| Adam | epoch: 002 | loss: 0.36249 - acc: 0.8281 | val_loss: 0.68729 - val_acc: 0.6200 -- iter: 156/156
--
Training Step: 11  | total loss: [1m[32m0.31694[0m[0m | time: 17.942s
[2K
| Adam | epoch: 003 | loss: 0.31694 - acc: 0.8651 -- iter: 032/156
[A[ATraining Step: 12  | total loss: [1m[32m0.22765[0m[0m | time: 29.646s
[2K
| Adam | epoch: 003 | loss: 0.22765 - acc: 0.9097 -- iter: 064/156
[A[ATraining Step: 13  | total loss: [1m[32m0.14365[0m[0m | time: 74.250s
[2K
| Adam | epoch: 003 | loss: 0.14365 - acc: 0.9484 -- iter: 096/156
[A[ATraining Step: 14  | total loss: [1m[32m0.15866[0m[0m | time: 124.817s
[2K
| Adam | epoch: 003 | loss: 0.15866 - acc: 0.9567 -- iter: 128/156
[A[ATraining Step: 15  | total loss: [1m[32m0.17472[0m[0m | time: 158.326s
[2K
| Adam | epoch: 003 | loss: 0.17472 - acc: 0.9492 | val_loss: 1.01306 - val_acc: 0.6200 -- iter: 156/156
--
Training Step: 16  | total loss: [1m[32m0.15845[0m[0m | time: 15.661s
[2K
| Adam | epoch: 004 | loss: 0.15845 - acc: 0.9565 -- iter: 032/156
[A[ATraining Step: 17  | total loss: [1m[32m0.14716[0m[0m | time: 71.615s
[2K
| Adam | epoch: 004 | loss: 0.14716 - acc: 0.9497 -- iter: 064/156
[A[ATraining Step: 18  | total loss: [1m[32m0.10596[0m[0m | time: 83.750s
[2K
| Adam | epoch: 004 | loss: 0.10596 - acc: 0.9671 -- iter: 096/156
[A[ATraining Step: 19  | total loss: [1m[32m0.07398[0m[0m | time: 96.474s
[2K
| Adam | epoch: 004 | loss: 0.07398 - acc: 0.9781 -- iter: 128/156
[A[ATraining Step: 20  | total loss: [1m[32m0.14426[0m[0m | time: 112.469s
[2K
| Adam | epoch: 004 | loss: 0.14426 - acc: 0.9550 | val_loss: 0.68138 - val_acc: 0.6200 -- iter: 156/156
--
Training Step: 21  | total loss: [1m[32m0.14946[0m[0m | time: 18.236s
[2K
| Adam | epoch: 005 | loss: 0.14946 - acc: 0.9399 -- iter: 032/156
[A[ATraining Step: 22  | total loss: [1m[32m0.21968[0m[0m | time: 31.493s
[2K
| Adam | epoch: 005 | loss: 0.21968 - acc: 0.9204 -- iter: 064/156
[A[ATraining Step: 23  | total loss: [1m[32m0.27301[0m[0m | time: 43.145s
[2K
| Adam | epoch: 005 | loss: 0.27301 - acc: 0.9254 -- iter: 096/156
[A[ATraining Step: 24  | total loss: [1m[32m0.24416[0m[0m | time: 54.509s
[2K
| Adam | epoch: 005 | loss: 0.24416 - acc: 0.9363 -- iter: 128/156
[A[ATraining Step: 25  | total loss: [1m[32m0.18703[0m[0m | time: 71.505s
[2K
| Adam | epoch: 005 | loss: 0.18703 - acc: 0.9537 | val_loss: 1.23473 - val_acc: 0.6200 -- iter: 156/156
--
Training Step: 26  | total loss: [1m[32m0.15210[0m[0m | time: 12.371s
[2K
| Adam | epoch: 006 | loss: 0.15210 - acc: 0.9659 -- iter: 032/156
[A[ATraining Step: 27  | total loss: [1m[32m0.17147[0m[0m | time: 25.108s
[2K
| Adam | epoch: 006 | loss: 0.17147 - acc: 0.9586 -- iter: 064/156
[A[ATraining Step: 28  | total loss: [1m[32m0.14823[0m[0m | time: 37.733s
[2K
| Adam | epoch: 006 | loss: 0.14823 - acc: 0.9612 -- iter: 096/156
[A[ATraining Step: 29  | total loss: [1m[32m0.12540[0m[0m | time: 48.854s
[2K
| Adam | epoch: 006 | loss: 0.12540 - acc: 0.9706 -- iter: 128/156
[A[ATraining Step: 30  | total loss: [1m[32m0.12044[0m[0m | time: 63.323s
[2K
| Adam | epoch: 006 | loss: 0.12044 - acc: 0.9691 | val_loss: 2.36619 - val_acc: 0.6200 -- iter: 156/156
--
Training Step: 31  | total loss: [1m[32m0.11104[0m[0m | time: 13.342s
[2K
| Adam | epoch: 007 | loss: 0.11104 - acc: 0.9680 -- iter: 032/156
[A[ATraining Step: 32  | total loss: [1m[32m0.09494[0m[0m | time: 24.844s
[2K
| Adam | epoch: 007 | loss: 0.09494 - acc: 0.9752 -- iter: 064/156
[A[ATraining Step: 33  | total loss: [1m[32m0.09207[0m[0m | time: 33.967s
[2K
| Adam | epoch: 007 | loss: 0.09207 - acc: 0.9738 -- iter: 096/156
[A[ATraining Step: 34  | total loss: [1m[32m0.13184[0m[0m | time: 42.947s
[2K
| Adam | epoch: 007 | loss: 0.13184 - acc: 0.9727 -- iter: 128/156
[A[ATraining Step: 35  | total loss: [1m[32m0.11933[0m[0m | time: 57.071s
[2K
| Adam | epoch: 007 | loss: 0.11933 - acc: 0.9719 | val_loss: 0.79184 - val_acc: 0.6800 -- iter: 156/156
--
Training Step: 36  | total loss: [1m[32m0.09751[0m[0m | time: 11.123s
[2K
| Adam | epoch: 008 | loss: 0.09751 - acc: 0.9776 -- iter: 032/156
[A[ATraining Step: 37  | total loss: [1m[32m0.08083[0m[0m | time: 28.518s
[2K
| Adam | epoch: 008 | loss: 0.08083 - acc: 0.9821 -- iter: 064/156
[A[ATraining Step: 38  | total loss: [1m[32m0.11741[0m[0m | time: 42.431s
[2K
| Adam | epoch: 008 | loss: 0.11741 - acc: 0.9795 -- iter: 096/156
[A[ATraining Step: 39  | total loss: [1m[32m0.10555[0m[0m | time: 57.455s
[2K
| Adam | epoch: 008 | loss: 0.10555 - acc: 0.9774 -- iter: 128/156
[A[ATraining Step: 40  | total loss: [1m[32m0.20374[0m[0m | time: 74.279s
[2K
| Adam | epoch: 008 | loss: 0.20374 - acc: 0.9699 | val_loss: 0.96634 - val_acc: 0.5000 -- iter: 156/156
--
Training Step: 41  | total loss: [1m[32m0.17366[0m[0m | time: 11.005s
[2K
| Adam | epoch: 009 | loss: 0.17366 - acc: 0.9755 -- iter: 032/156
[A[ATraining Step: 42  | total loss: [1m[32m0.15553[0m[0m | time: 22.366s
[2K
| Adam | epoch: 009 | loss: 0.15553 - acc: 0.9735 -- iter: 064/156
[A[ATraining Step: 43  | total loss: [1m[32m0.13119[0m[0m | time: 34.811s
[2K
| Adam | epoch: 009 | loss: 0.13119 - acc: 0.9781 -- iter: 096/156
[A[ATraining Step: 44  | total loss: [1m[32m0.11902[0m[0m | time: 47.556s
[2K
| Adam | epoch: 009 | loss: 0.11902 - acc: 0.9765 -- iter: 128/156
[A[ATraining Step: 45  | total loss: [1m[32m0.10468[0m[0m | time: 69.802s
[2K
| Adam | epoch: 009 | loss: 0.10468 - acc: 0.9805 | val_loss: 0.76408 - val_acc: 0.6800 -- iter: 156/156
--
Training Step: 46  | total loss: [1m[32m0.10043[0m[0m | time: 12.970s
[2K
| Adam | epoch: 010 | loss: 0.10043 - acc: 0.9785 -- iter: 032/156
[A[ATraining Step: 47  | total loss: [1m[32m0.08807[0m[0m | time: 24.872s
[2K
| Adam | epoch: 010 | loss: 0.08807 - acc: 0.9821 -- iter: 064/156
[A[ATraining Step: 48  | total loss: [1m[32m0.07676[0m[0m | time: 36.499s
[2K
| Adam | epoch: 010 | loss: 0.07676 - acc: 0.9849 -- iter: 096/156
[A[ATraining Step: 49  | total loss: [1m[32m0.06626[0m[0m | time: 45.763s
[2K
| Adam | epoch: 010 | loss: 0.06626 - acc: 0.9873 -- iter: 128/156
[A[ATraining Step: 50  | total loss: [1m[32m0.06269[0m[0m | time: 57.509s
[2K
| Adam | epoch: 010 | loss: 0.06269 - acc: 0.9893 | val_loss: 1.53174 - val_acc: 0.4400 -- iter: 156/156
--
Training Step: 51  | total loss: [1m[32m0.05621[0m[0m | time: 12.870s
[2K
| Adam | epoch: 011 | loss: 0.05621 - acc: 0.9909 -- iter: 032/156
[A[ATraining Step: 52  | total loss: [1m[32m0.07901[0m[0m | time: 49.554s
[2K
| Adam | epoch: 011 | loss: 0.07901 - acc: 0.9876 -- iter: 064/156
[A[ATraining Step: 53  | total loss: [1m[32m0.06947[0m[0m | time: 60.907s
[2K
| Adam | epoch: 011 | loss: 0.06947 - acc: 0.9894 -- iter: 096/156
[A[ATraining Step: 54  | total loss: [1m[32m0.06401[0m[0m | time: 72.451s
[2K
| Adam | epoch: 011 | loss: 0.06401 - acc: 0.9910 -- iter: 128/156
[A[ATraining Step: 55  | total loss: [1m[32m0.05791[0m[0m | time: 88.972s
[2K
| Adam | epoch: 011 | loss: 0.05791 - acc: 0.9923 | val_loss: 1.66932 - val_acc: 0.5000 -- iter: 156/156
--
Training Step: 56  | total loss: [1m[32m0.05259[0m[0m | time: 14.453s
[2K
| Adam | epoch: 012 | loss: 0.05259 - acc: 0.9933 -- iter: 032/156
[A[ATraining Step: 57  | total loss: [1m[32m0.05996[0m[0m | time: 27.627s
[2K
| Adam | epoch: 012 | loss: 0.05996 - acc: 0.9899 -- iter: 064/156
[A[ATraining Step: 58  | total loss: [1m[32m0.17265[0m[0m | time: 41.195s
[2K
| Adam | epoch: 012 | loss: 0.17265 - acc: 0.9700 -- iter: 096/156
[A[ATraining Step: 59  | total loss: [1m[32m0.15142[0m[0m | time: 53.018s
[2K
| Adam | epoch: 012 | loss: 0.15142 - acc: 0.9740 -- iter: 128/156
[A[ATraining Step: 60  | total loss: [1m[32m0.14682[0m[0m | time: 67.262s
[2K
| Adam | epoch: 012 | loss: 0.14682 - acc: 0.9680 | val_loss: 1.48474 - val_acc: 0.6000 -- iter: 156/156
--
Training Step: 61  | total loss: [1m[32m0.13635[0m[0m | time: 12.307s
[2K
| Adam | epoch: 013 | loss: 0.13635 - acc: 0.9675 -- iter: 032/156
[A[ATraining Step: 62  | total loss: [1m[32m0.15229[0m[0m | time: 25.195s
[2K
| Adam | epoch: 013 | loss: 0.15229 - acc: 0.9596 -- iter: 064/156
[A[ATraining Step: 63  | total loss: [1m[32m0.14310[0m[0m | time: 38.890s
[2K
| Adam | epoch: 013 | loss: 0.14310 - acc: 0.9648 -- iter: 096/156
[A[ATraining Step: 64  | total loss: [1m[32m0.15360[0m[0m | time: 52.430s
[2K
| Adam | epoch: 013 | loss: 0.15360 - acc: 0.9653 -- iter: 128/156
[A[ATraining Step: 65  | total loss: [1m[32m0.13706[0m[0m | time: 65.424s
[2K
| Adam | epoch: 013 | loss: 0.13706 - acc: 0.9695 | val_loss: 0.99312 - val_acc: 0.7000 -- iter: 156/156
--
Training Step: 66  | total loss: [1m[32m0.13940[0m[0m | time: 11.380s
[2K
| Adam | epoch: 014 | loss: 0.13940 - acc: 0.9689 -- iter: 032/156
[A[ATraining Step: 67  | total loss: [1m[32m0.13776[0m[0m | time: 23.974s
[2K
| Adam | epoch: 014 | loss: 0.13776 - acc: 0.9684 -- iter: 064/156
[A[ATraining Step: 68  | total loss: [1m[32m0.14756[0m[0m | time: 40.106s
[2K
| Adam | epoch: 014 | loss: 0.14756 - acc: 0.9684 -- iter: 096/156
[A[ATraining Step: 69  | total loss: [1m[32m0.14319[0m[0m | time: 53.116s
[2K
| Adam | epoch: 014 | loss: 0.14319 - acc: 0.9684 -- iter: 128/156
[A[ATraining Step: 70  | total loss: [1m[32m0.14723[0m[0m | time: 69.596s
[2K
| Adam | epoch: 014 | loss: 0.14723 - acc: 0.9685 | val_loss: 0.99004 - val_acc: 0.8000 -- iter: 156/156
--
Training Step: 71  | total loss: [1m[32m0.13278[0m[0m | time: 11.360s
[2K
| Adam | epoch: 015 | loss: 0.13278 - acc: 0.9721 -- iter: 032/156
[A[ATraining Step: 72  | total loss: [1m[32m0.12604[0m[0m | time: 22.450s
[2K
| Adam | epoch: 015 | loss: 0.12604 - acc: 0.9752 -- iter: 064/156
[A[ATraining Step: 73  | total loss: [1m[32m0.11940[0m[0m | time: 35.214s
[2K
| Adam | epoch: 015 | loss: 0.11940 - acc: 0.9780 -- iter: 096/156
[A[ATraining Step: 74  | total loss: [1m[32m0.11585[0m[0m | time: 48.016s
[2K
| Adam | epoch: 015 | loss: 0.11585 - acc: 0.9770 -- iter: 128/156
[A[ATraining Step: 75  | total loss: [1m[32m0.10627[0m[0m | time: 64.258s
[2K
| Adam | epoch: 015 | loss: 0.10627 - acc: 0.9795 | val_loss: 0.42095 - val_acc: 0.8200 -- iter: 156/156
--
Training Step: 76  | total loss: [1m[32m0.24097[0m[0m | time: 15.131s
[2K
| Adam | epoch: 016 | loss: 0.24097 - acc: 0.9448 -- iter: 032/156
[A[ATraining Step: 77  | total loss: [1m[32m0.22493[0m[0m | time: 26.731s
[2K
| Adam | epoch: 016 | loss: 0.22493 - acc: 0.9474 -- iter: 064/156
[A[ATraining Step: 78  | total loss: [1m[32m0.20851[0m[0m | time: 37.948s
[2K
| Adam | epoch: 016 | loss: 0.20851 - acc: 0.9491 -- iter: 096/156
[A[ATraining Step: 79  | total loss: [1m[32m0.19197[0m[0m | time: 47.317s
[2K
| Adam | epoch: 016 | loss: 0.19197 - acc: 0.9544 -- iter: 128/156
[A[ATraining Step: 80  | total loss: [1m[32m0.18077[0m[0m | time: 59.963s
[2K
| Adam | epoch: 016 | loss: 0.18077 - acc: 0.9591 | val_loss: 0.40847 - val_acc: 0.8000 -- iter: 156/156
--
Training Step: 81  | total loss: [1m[32m0.17638[0m[0m | time: 12.857s
[2K
| Adam | epoch: 017 | loss: 0.17638 - acc: 0.9537 -- iter: 032/156
[A[ATraining Step: 82  | total loss: [1m[32m0.18714[0m[0m | time: 25.345s
[2K
| Adam | epoch: 017 | loss: 0.18714 - acc: 0.9490 -- iter: 064/156
[A[ATraining Step: 83  | total loss: [1m[32m0.17133[0m[0m | time: 36.639s
[2K
| Adam | epoch: 017 | loss: 0.17133 - acc: 0.9541 -- iter: 096/156
[A[ATraining Step: 84  | total loss: [1m[32m0.15706[0m[0m | time: 48.079s
[2K
| Adam | epoch: 017 | loss: 0.15706 - acc: 0.9587 -- iter: 128/156
[A[ATraining Step: 85  | total loss: [1m[32m0.14405[0m[0m | time: 63.899s
[2K
| Adam | epoch: 017 | loss: 0.14405 - acc: 0.9628 | val_loss: 0.34842 - val_acc: 0.8600 -- iter: 156/156
--
Training Step: 86  | total loss: [1m[32m0.14170[0m[0m | time: 12.580s
[2K
| Adam | epoch: 018 | loss: 0.14170 - acc: 0.9634 -- iter: 032/156
[A[ATraining Step: 87  | total loss: [1m[32m0.13184[0m[0m | time: 25.292s
[2K
| Adam | epoch: 018 | loss: 0.13184 - acc: 0.9671 -- iter: 064/156
[A[ATraining Step: 88  | total loss: [1m[32m0.13817[0m[0m | time: 39.621s
[2K
| Adam | epoch: 018 | loss: 0.13817 - acc: 0.9672 -- iter: 096/156
[A[ATraining Step: 89  | total loss: [1m[32m0.12568[0m[0m | time: 51.299s
[2K
| Adam | epoch: 018 | loss: 0.12568 - acc: 0.9705 -- iter: 128/156
[A[ATraining Step: 90  | total loss: [1m[32m0.11654[0m[0m | time: 66.740s
[2K
| Adam | epoch: 018 | loss: 0.11654 - acc: 0.9735 | val_loss: 2.46204 - val_acc: 0.4600 -- iter: 156/156
--
Training Step: 91  | total loss: [1m[32m0.10806[0m[0m | time: 17.663s
[2K
| Adam | epoch: 019 | loss: 0.10806 - acc: 0.9761 -- iter: 032/156
[A[ATraining Step: 92  | total loss: [1m[32m0.09965[0m[0m | time: 30.326s
[2K
| Adam | epoch: 019 | loss: 0.09965 - acc: 0.9785 -- iter: 064/156
[A[ATraining Step: 93  | total loss: [1m[32m0.09375[0m[0m | time: 54.367s
[2K
| Adam | epoch: 019 | loss: 0.09375 - acc: 0.9806 -- iter: 096/156
[A[ATraining Step: 94  | total loss: [1m[32m0.09773[0m[0m | time: 63.316s
[2K
| Adam | epoch: 019 | loss: 0.09773 - acc: 0.9795 -- iter: 128/156
[A[ATraining Step: 95  | total loss: [1m[32m0.08871[0m[0m | time: 73.939s
[2K
| Adam | epoch: 019 | loss: 0.08871 - acc: 0.9815 | val_loss: 0.64372 - val_acc: 0.8400 -- iter: 156/156
--
Training Step: 96  | total loss: [1m[32m0.08065[0m[0m | time: 8.115s
[2K
| Adam | epoch: 020 | loss: 0.08065 - acc: 0.9834 -- iter: 032/156
[A[ATraining Step: 97  | total loss: [1m[32m0.07314[0m[0m | time: 25.399s
[2K
| Adam | epoch: 020 | loss: 0.07314 - acc: 0.9850 -- iter: 064/156
[A[ATraining Step: 98  | total loss: [1m[32m0.09288[0m[0m | time: 38.241s
[2K
| Adam | epoch: 020 | loss: 0.09288 - acc: 0.9803 -- iter: 096/156
[A[ATraining Step: 99  | total loss: [1m[32m0.09291[0m[0m | time: 50.995s
[2K
| Adam | epoch: 020 | loss: 0.09291 - acc: 0.9760 -- iter: 128/156
[A[ATraining Step: 100  | total loss: [1m[32m0.10432[0m[0m | time: 67.102s
[2K
| Adam | epoch: 020 | loss: 0.10432 - acc: 0.9753 | val_loss: 0.78099 - val_acc: 0.8000 -- iter: 156/156
--
Training Step: 101  | total loss: [1m[32m0.09442[0m[0m | time: 11.709s
[2K
| Adam | epoch: 021 | loss: 0.09442 - acc: 0.9777 -- iter: 032/156
[A[ATraining Step: 102  | total loss: [1m[32m0.09544[0m[0m | time: 23.452s
[2K
| Adam | epoch: 021 | loss: 0.09544 - acc: 0.9764 -- iter: 064/156
[A[ATraining Step: 103  | total loss: [1m[32m0.08906[0m[0m | time: 37.938s
[2K
| Adam | epoch: 021 | loss: 0.08906 - acc: 0.9788 -- iter: 096/156
[A[ATraining Step: 104  | total loss: [1m[32m0.08074[0m[0m | time: 50.845s
[2K
| Adam | epoch: 021 | loss: 0.08074 - acc: 0.9809 -- iter: 128/156
[A[ATraining Step: 105  | total loss: [1m[32m0.07953[0m[0m | time: 67.375s
[2K
| Adam | epoch: 021 | loss: 0.07953 - acc: 0.9797 | val_loss: 0.99811 - val_acc: 0.7600 -- iter: 156/156
--
Training Step: 106  | total loss: [1m[32m0.07230[0m[0m | time: 13.013s
[2K
| Adam | epoch: 022 | loss: 0.07230 - acc: 0.9817 -- iter: 032/156
[A[ATraining Step: 107  | total loss: [1m[32m0.06552[0m[0m | time: 24.510s
[2K
| Adam | epoch: 022 | loss: 0.06552 - acc: 0.9835 -- iter: 064/156
[A[ATraining Step: 108  | total loss: [1m[32m0.05968[0m[0m | time: 36.253s
[2K
| Adam | epoch: 022 | loss: 0.05968 - acc: 0.9852 -- iter: 096/156
[A[ATraining Step: 109  | total loss: [1m[32m0.05422[0m[0m | time: 48.842s
[2K
| Adam | epoch: 022 | loss: 0.05422 - acc: 0.9867 -- iter: 128/156
[A[ATraining Step: 110  | total loss: [1m[32m0.05526[0m[0m | time: 71.016s
[2K
| Adam | epoch: 022 | loss: 0.05526 - acc: 0.9849 | val_loss: 0.99626 - val_acc: 0.7600 -- iter: 156/156
--
Training Step: 111  | total loss: [1m[32m0.05404[0m[0m | time: 21.669s
[2K
| Adam | epoch: 023 | loss: 0.05404 - acc: 0.9864 -- iter: 032/156
[A[ATraining Step: 112  | total loss: [1m[32m0.08096[0m[0m | time: 38.195s
[2K
| Adam | epoch: 023 | loss: 0.08096 - acc: 0.9846 -- iter: 064/156
[A[ATraining Step: 113  | total loss: [1m[32m0.08401[0m[0m | time: 58.666s
[2K
| Adam | epoch: 023 | loss: 0.08401 - acc: 0.9830 -- iter: 096/156
[A[ATraining Step: 114  | total loss: [1m[32m0.07762[0m[0m | time: 106.179s
[2K
| Adam | epoch: 023 | loss: 0.07762 - acc: 0.9847 -- iter: 128/156
[A[ATraining Step: 115  | total loss: [1m[32m0.07179[0m[0m | time: 160.409s
[2K
| Adam | epoch: 023 | loss: 0.07179 - acc: 0.9863 | val_loss: 0.55046 - val_acc: 0.8400 -- iter: 156/156
--
Training Step: 116  | total loss: [1m[32m0.06528[0m[0m | time: 53.303s
[2K
| Adam | epoch: 024 | loss: 0.06528 - acc: 0.9876 -- iter: 032/156
[A[ATraining Step: 117  | total loss: [1m[32m0.06224[0m[0m | time: 93.222s
[2K
| Adam | epoch: 024 | loss: 0.06224 - acc: 0.9889 -- iter: 064/156
[A[ATraining Step: 118  | total loss: [1m[32m0.05959[0m[0m | time: 117.587s
[2K
| Adam | epoch: 024 | loss: 0.05959 - acc: 0.9900 -- iter: 096/156
[A[ATraining Step: 119  | total loss: [1m[32m0.05646[0m[0m | time: 135.464s
[2K
| Adam | epoch: 024 | loss: 0.05646 - acc: 0.9879 -- iter: 128/156
[A[ATraining Step: 120  | total loss: [1m[32m0.05144[0m[0m | time: 176.914s
[2K
| Adam | epoch: 024 | loss: 0.05144 - acc: 0.9891 | val_loss: 0.51469 - val_acc: 0.8400 -- iter: 156/156
--
Training Step: 121  | total loss: [1m[32m0.04670[0m[0m | time: 16.069s
[2K
| Adam | epoch: 025 | loss: 0.04670 - acc: 0.9902 -- iter: 032/156
[A[ATraining Step: 122  | total loss: [1m[32m0.04242[0m[0m | time: 31.589s
[2K
| Adam | epoch: 025 | loss: 0.04242 - acc: 0.9911 -- iter: 064/156
[A[ATraining Step: 123  | total loss: [1m[32m0.04194[0m[0m | time: 47.944s
[2K
| Adam | epoch: 025 | loss: 0.04194 - acc: 0.9889 -- iter: 096/156
[A[ATraining Step: 124  | total loss: [1m[32m0.06974[0m[0m | time: 63.129s
[2K
| Adam | epoch: 025 | loss: 0.06974 - acc: 0.9838 -- iter: 128/156
[A[ATraining Step: 125  | total loss: [1m[32m0.06311[0m[0m | time: 81.955s
[2K
| Adam | epoch: 025 | loss: 0.06311 - acc: 0.9854 | val_loss: 0.65875 - val_acc: 0.8400 -- iter: 156/156
--
Training Step: 126  | total loss: [1m[32m0.05722[0m[0m | time: 15.283s
[2K
| Adam | epoch: 026 | loss: 0.05722 - acc: 0.9869 -- iter: 032/156
[A[ATraining Step: 127  | total loss: [1m[32m0.05189[0m[0m | time: 30.896s
[2K
| Adam | epoch: 026 | loss: 0.05189 - acc: 0.9882 -- iter: 064/156
[A[ATraining Step: 128  | total loss: [1m[32m0.04771[0m[0m | time: 47.618s
[2K
| Adam | epoch: 026 | loss: 0.04771 - acc: 0.9893 -- iter: 096/156
[A[ATraining Step: 129  | total loss: [1m[32m0.04464[0m[0m | time: 66.908s
[2K
| Adam | epoch: 026 | loss: 0.04464 - acc: 0.9904 -- iter: 128/156
[A[ATraining Step: 130  | total loss: [1m[32m0.05925[0m[0m | time: 81.687s
[2K
| Adam | epoch: 026 | loss: 0.05925 - acc: 0.9882 | val_loss: 0.81734 - val_acc: 0.8200 -- iter: 156/156
--
Training Step: 131  | total loss: [1m[32m0.05734[0m[0m | time: 13.781s
[2K
| Adam | epoch: 027 | loss: 0.05734 - acc: 0.9863 -- iter: 032/156
[A[ATraining Step: 132  | total loss: [1m[32m0.05430[0m[0m | time: 27.938s
[2K
| Adam | epoch: 027 | loss: 0.05430 - acc: 0.9877 -- iter: 064/156
[A[ATraining Step: 133  | total loss: [1m[32m0.04965[0m[0m | time: 43.217s
[2K
| Adam | epoch: 027 | loss: 0.04965 - acc: 0.9889 -- iter: 096/156
[A[ATraining Step: 134  | total loss: [1m[32m0.04759[0m[0m | time: 58.806s
[2K
| Adam | epoch: 027 | loss: 0.04759 - acc: 0.9900 -- iter: 128/156
[A[ATraining Step: 135  | total loss: [1m[32m0.04389[0m[0m | time: 78.647s
[2K
| Adam | epoch: 027 | loss: 0.04389 - acc: 0.9910 | val_loss: 0.46828 - val_acc: 0.8200 -- iter: 156/156
--
Training Step: 136  | total loss: [1m[32m0.04591[0m[0m | time: 12.690s
[2K
| Adam | epoch: 028 | loss: 0.04591 - acc: 0.9888 -- iter: 032/156
[A[ATraining Step: 137  | total loss: [1m[32m0.04171[0m[0m | time: 24.131s
[2K
| Adam | epoch: 028 | loss: 0.04171 - acc: 0.9899 -- iter: 064/156
[A[ATraining Step: 138  | total loss: [1m[32m0.03904[0m[0m | time: 35.614s
[2K
| Adam | epoch: 028 | loss: 0.03904 - acc: 0.9909 -- iter: 096/156
[A[ATraining Step: 139  | total loss: [1m[32m0.03620[0m[0m | time: 48.247s
[2K
| Adam | epoch: 028 | loss: 0.03620 - acc: 0.9918 -- iter: 128/156
[A[ATraining Step: 140  | total loss: [1m[32m0.03901[0m[0m | time: 64.081s
[2K
| Adam | epoch: 028 | loss: 0.03901 - acc: 0.9895 | val_loss: 0.50484 - val_acc: 0.8800 -- iter: 156/156
--
Training Step: 141  | total loss: [1m[32m0.03531[0m[0m | time: 13.264s
[2K
| Adam | epoch: 029 | loss: 0.03531 - acc: 0.9906 -- iter: 032/156
[A[ATraining Step: 142  | total loss: [1m[32m0.03276[0m[0m | time: 26.204s
[2K
| Adam | epoch: 029 | loss: 0.03276 - acc: 0.9915 -- iter: 064/156
[A[ATraining Step: 143  | total loss: [1m[32m0.02984[0m[0m | time: 38.303s
[2K
| Adam | epoch: 029 | loss: 0.02984 - acc: 0.9924 -- iter: 096/156
[A[ATraining Step: 144  | total loss: [1m[32m0.02742[0m[0m | time: 49.754s
[2K
| Adam | epoch: 029 | loss: 0.02742 - acc: 0.9931 -- iter: 128/156
[A[ATraining Step: 145  | total loss: [1m[32m0.02511[0m[0m | time: 65.838s
[2K
| Adam | epoch: 029 | loss: 0.02511 - acc: 0.9938 | val_loss: 0.51246 - val_acc: 0.8600 -- iter: 156/156
--
Training Step: 146  | total loss: [1m[32m0.02411[0m[0m | time: 9.084s
[2K
| Adam | epoch: 030 | loss: 0.02411 - acc: 0.9944 -- iter: 032/156
[A[ATraining Step: 147  | total loss: [1m[32m0.02184[0m[0m | time: 21.541s
[2K
| Adam | epoch: 030 | loss: 0.02184 - acc: 0.9950 -- iter: 064/156
[A[ATraining Step: 148  | total loss: [1m[32m0.02225[0m[0m | time: 34.220s
[2K
| Adam | epoch: 030 | loss: 0.02225 - acc: 0.9924 -- iter: 096/156
[A[ATraining Step: 149  | total loss: [1m[32m0.02037[0m[0m | time: 45.820s
[2K
| Adam | epoch: 030 | loss: 0.02037 - acc: 0.9931 -- iter: 128/156
[A[ATraining Step: 150  | total loss: [1m[32m0.01873[0m[0m | time: 61.302s
[2K
| Adam | epoch: 030 | loss: 0.01873 - acc: 0.9938 | val_loss: 0.52093 - val_acc: 0.8400 -- iter: 156/156
--
Validation AUC:0.9320882852292022
Validation AUPRC:0.9646329932889449
Test AUC:0.9285714285714285
Test AUPRC:0.87923970161752
BestTestF1Score	0.85	0.73	0.86	0.8	0.91	20	5	23	2	0.15
BestTestMCCScore	0.89	0.8	0.9	0.87	0.91	20	3	25	2	0.31
BestTestAccuracyScore	0.89	0.8	0.9	0.87	0.91	20	3	25	2	0.31
BestValidationF1Score	0.91	0.74	0.88	0.88	0.94	29	4	15	2	0.15
BestValidationMCC	0.9	0.75	0.88	0.9	0.9	28	3	16	3	0.31
BestValidationAccuracy	0.9	0.75	0.88	0.9	0.9	28	3	16	3	0.31
TestPredictions (Threshold:0.31)
CHEMBL394806,TP,ACT,1.0	CHEMBL191461,TN,INACT,0.0	CHEMBL271389,TN,INACT,0.15000000596046448	CHEMBL192252,TP,ACT,1.0	CHEMBL115897,TN,INACT,0.0	CHEMBL50,FP,INACT,0.9399999976158142	CHEMBL1773486,TN,INACT,0.0	CHEMBL1812850,FP,INACT,1.0	CHEMBL273139,TP,ACT,0.44999998807907104	CHEMBL504674,TN,INACT,0.0	CHEMBL244630,TP,ACT,1.0	CHEMBL376290,TN,INACT,0.009999999776482582	CHEMBL3393679,TN,INACT,0.009999999776482582	CHEMBL192258,FN,ACT,0.009999999776482582	CHEMBL192180,TP,ACT,1.0	CHEMBL193228,TP,ACT,1.0	CHEMBL1812855,TP,ACT,1.0	CHEMBL320000,TN,INACT,0.0	CHEMBL1773484,TN,INACT,0.0	CHEMBL371181,TP,ACT,1.0	CHEMBL371858,TP,ACT,1.0	CHEMBL174397,FP,INACT,0.7900000214576721	CHEMBL374758,TN,INACT,0.25	CHEMBL242721,TP,ACT,1.0	CHEMBL370059,TP,ACT,1.0	CHEMBL467814,TN,INACT,0.10000000149011612	CHEMBL244425,TP,ACT,1.0	CHEMBL2074634,TN,INACT,0.05999999865889549	CHEMBL260535,TN,INACT,0.0	CHEMBL97145,TN,INACT,0.009999999776482582	CHEMBL477167,TN,INACT,0.0	CHEMBL152843,TP,ACT,1.0	CHEMBL331637,TN,INACT,0.0	CHEMBL152225,FN,ACT,0.0	CHEMBL1761997,TN,INACT,0.0	CHEMBL51931,TP,ACT,0.49000000953674316	CHEMBL223001,TN,INACT,0.0	CHEMBL242930,TP,ACT,1.0	CHEMBL610219,TN,INACT,0.11999999731779099	CHEMBL2160225,TN,INACT,0.0	CHEMBL1812862,TP,ACT,1.0	CHEMBL499722,TN,INACT,0.0	CHEMBL190672,TP,ACT,0.9800000190734863	CHEMBL278020,TN,INACT,0.019999999552965164	CHEMBL1256415,TN,INACT,0.0	CHEMBL86668,TP,ACT,1.0	CHEMBL191386,TN,INACT,0.0	CHEMBL178563,TN,INACT,0.0	CHEMBL192241,TP,ACT,1.0	CHEMBL395018,TP,ACT,0.9900000095367432	

