CNNModel CHEMBL3514 adam 0.0005 30 256 0 0.6 False True
Number of active compounds :	332
Number of inactive compounds :	332
---------------------------------
Run id: CNNModel_CHEMBL3514_adam_0.0005_30_256_0_0.6_False_True_id
Log directory: ../tflearnLogs/CNNModel_CHEMBL3514_adam_0.0005_30_256_0.6_True/
---------------------------------
Training samples: 419
Validation samples: 132
--
Training Step: 1  | time: 0.776s
[2K
| Adam | epoch: 001 | loss: 0.00000 - acc: 0.0000 -- iter: 032/419
[A[ATraining Step: 2  | total loss: [1m[32m0.62369[0m[0m | time: 1.379s
[2K
| Adam | epoch: 001 | loss: 0.62369 - acc: 0.4781 -- iter: 064/419
[A[ATraining Step: 3  | total loss: [1m[32m0.68113[0m[0m | time: 1.982s
[2K
| Adam | epoch: 001 | loss: 0.68113 - acc: 0.4705 -- iter: 096/419
[A[ATraining Step: 4  | total loss: [1m[32m0.69039[0m[0m | time: 2.587s
[2K
| Adam | epoch: 001 | loss: 0.69039 - acc: 0.4926 -- iter: 128/419
[A[ATraining Step: 5  | total loss: [1m[32m0.69346[0m[0m | time: 3.221s
[2K
| Adam | epoch: 001 | loss: 0.69346 - acc: 0.4328 -- iter: 160/419
[A[ATraining Step: 6  | total loss: [1m[32m0.69286[0m[0m | time: 3.842s
[2K
| Adam | epoch: 001 | loss: 0.69286 - acc: 0.5564 -- iter: 192/419
[A[ATraining Step: 7  | total loss: [1m[32m0.69301[0m[0m | time: 4.498s
[2K
| Adam | epoch: 001 | loss: 0.69301 - acc: 0.5413 -- iter: 224/419
[A[ATraining Step: 8  | total loss: [1m[32m0.69426[0m[0m | time: 5.138s
[2K
| Adam | epoch: 001 | loss: 0.69426 - acc: 0.4126 -- iter: 256/419
[A[ATraining Step: 9  | total loss: [1m[32m0.69357[0m[0m | time: 5.763s
[2K
| Adam | epoch: 001 | loss: 0.69357 - acc: 0.4754 -- iter: 288/419
[A[ATraining Step: 10  | total loss: [1m[32m0.69327[0m[0m | time: 6.389s
[2K
| Adam | epoch: 001 | loss: 0.69327 - acc: 0.4877 -- iter: 320/419
[A[ATraining Step: 11  | total loss: [1m[32m0.69322[0m[0m | time: 7.018s
[2K
| Adam | epoch: 001 | loss: 0.69322 - acc: 0.5083 -- iter: 352/419
[A[ATraining Step: 12  | total loss: [1m[32m0.69327[0m[0m | time: 7.647s
[2K
| Adam | epoch: 001 | loss: 0.69327 - acc: 0.4905 -- iter: 384/419
[A[ATraining Step: 13  | total loss: [1m[32m0.69306[0m[0m | time: 8.295s
[2K
| Adam | epoch: 001 | loss: 0.69306 - acc: 0.5482 -- iter: 416/419
[A[ATraining Step: 14  | total loss: [1m[32m0.69313[0m[0m | time: 9.412s
[2K
| Adam | epoch: 001 | loss: 0.69313 - acc: 0.5412 | val_loss: 0.69331 - val_acc: 0.4773 -- iter: 419/419
--
Training Step: 15  | total loss: [1m[32m0.69551[0m[0m | time: 0.095s
[2K
| Adam | epoch: 002 | loss: 0.69551 - acc: 0.3294 -- iter: 032/419
[A[ATraining Step: 16  | total loss: [1m[32m0.69619[0m[0m | time: 0.726s
[2K
| Adam | epoch: 002 | loss: 0.69619 - acc: 0.2059 -- iter: 064/419
[A[ATraining Step: 17  | total loss: [1m[32m0.69506[0m[0m | time: 1.329s
[2K
| Adam | epoch: 002 | loss: 0.69506 - acc: 0.3455 -- iter: 096/419
[A[ATraining Step: 18  | total loss: [1m[32m0.69435[0m[0m | time: 1.967s
[2K
| Adam | epoch: 002 | loss: 0.69435 - acc: 0.4098 -- iter: 128/419
[A[ATraining Step: 19  | total loss: [1m[32m0.69392[0m[0m | time: 2.575s
[2K
| Adam | epoch: 002 | loss: 0.69392 - acc: 0.4399 -- iter: 160/419
[A[ATraining Step: 20  | total loss: [1m[32m0.69398[0m[0m | time: 3.186s
[2K
| Adam | epoch: 002 | loss: 0.69398 - acc: 0.4291 -- iter: 192/419
[A[ATraining Step: 21  | total loss: [1m[32m0.69351[0m[0m | time: 3.821s
[2K
| Adam | epoch: 002 | loss: 0.69351 - acc: 0.4705 -- iter: 224/419
[A[ATraining Step: 22  | total loss: [1m[32m0.69319[0m[0m | time: 4.445s
[2K
| Adam | epoch: 002 | loss: 0.69319 - acc: 0.4981 -- iter: 256/419
[A[ATraining Step: 23  | total loss: [1m[32m0.69371[0m[0m | time: 5.114s
[2K
| Adam | epoch: 002 | loss: 0.69371 - acc: 0.4624 -- iter: 288/419
[A[ATraining Step: 24  | total loss: [1m[32m0.69370[0m[0m | time: 5.732s
[2K
| Adam | epoch: 002 | loss: 0.69370 - acc: 0.4642 -- iter: 320/419
[A[ATraining Step: 25  | total loss: [1m[32m0.69343[0m[0m | time: 6.362s
[2K
| Adam | epoch: 002 | loss: 0.69343 - acc: 0.4825 -- iter: 352/419
[A[ATraining Step: 26  | total loss: [1m[32m0.69337[0m[0m | time: 6.968s
[2K
| Adam | epoch: 002 | loss: 0.69337 - acc: 0.4871 -- iter: 384/419
[A[ATraining Step: 27  | total loss: [1m[32m0.69331[0m[0m | time: 7.615s
[2K
| Adam | epoch: 002 | loss: 0.69331 - acc: 0.4904 -- iter: 416/419
[A[ATraining Step: 28  | total loss: [1m[32m0.69384[0m[0m | time: 9.726s
[2K
| Adam | epoch: 002 | loss: 0.69384 - acc: 0.4537 | val_loss: 0.69287 - val_acc: 0.5227 -- iter: 419/419
--
Training Step: 29  | total loss: [1m[32m0.69379[0m[0m | time: 0.146s
[2K
| Adam | epoch: 003 | loss: 0.69379 - acc: 0.4574 -- iter: 032/419
[A[ATraining Step: 30  | total loss: [1m[32m0.69411[0m[0m | time: 0.287s
[2K
| Adam | epoch: 003 | loss: 0.69411 - acc: 0.4280 -- iter: 064/419
[A[ATraining Step: 31  | total loss: [1m[32m0.69431[0m[0m | time: 1.262s
[2K
| Adam | epoch: 003 | loss: 0.69431 - acc: 0.4062 -- iter: 096/419
[A[ATraining Step: 32  | total loss: [1m[32m0.69405[0m[0m | time: 2.279s
[2K
| Adam | epoch: 003 | loss: 0.69405 - acc: 0.4273 -- iter: 128/419
[A[ATraining Step: 33  | total loss: [1m[32m0.69403[0m[0m | time: 3.330s
[2K
| Adam | epoch: 003 | loss: 0.69403 - acc: 0.4227 -- iter: 160/419
[A[ATraining Step: 34  | total loss: [1m[32m0.69374[0m[0m | time: 4.444s
[2K
| Adam | epoch: 003 | loss: 0.69374 - acc: 0.4526 -- iter: 192/419
[A[ATraining Step: 35  | total loss: [1m[32m0.69356[0m[0m | time: 5.430s
[2K
| Adam | epoch: 003 | loss: 0.69356 - acc: 0.4756 -- iter: 224/419
[A[ATraining Step: 36  | total loss: [1m[32m0.69340[0m[0m | time: 6.404s
[2K
| Adam | epoch: 003 | loss: 0.69340 - acc: 0.4934 -- iter: 256/419
[A[ATraining Step: 37  | total loss: [1m[32m0.69335[0m[0m | time: 7.459s
[2K
| Adam | epoch: 003 | loss: 0.69335 - acc: 0.4947 -- iter: 288/419
[A[ATraining Step: 38  | total loss: [1m[32m0.69339[0m[0m | time: 8.734s
[2K
| Adam | epoch: 003 | loss: 0.69339 - acc: 0.4774 -- iter: 320/419
[A[ATraining Step: 39  | total loss: [1m[32m0.69325[0m[0m | time: 9.863s
[2K
| Adam | epoch: 003 | loss: 0.69325 - acc: 0.4997 -- iter: 352/419
[A[ATraining Step: 40  | total loss: [1m[32m0.69331[0m[0m | time: 10.760s
[2K
| Adam | epoch: 003 | loss: 0.69331 - acc: 0.4822 -- iter: 384/419
[A[ATraining Step: 41  | total loss: [1m[32m0.69326[0m[0m | time: 11.700s
[2K
| Adam | epoch: 003 | loss: 0.69326 - acc: 0.5027 -- iter: 416/419
[A[ATraining Step: 42  | total loss: [1m[32m0.69324[0m[0m | time: 13.637s
[2K
| Adam | epoch: 003 | loss: 0.69324 - acc: 0.5022 | val_loss: 0.69305 - val_acc: 0.5227 -- iter: 419/419
--
Training Step: 43  | total loss: [1m[32m0.69320[0m[0m | time: 0.956s
[2K
| Adam | epoch: 004 | loss: 0.69320 - acc: 0.5073 -- iter: 032/419
[A[ATraining Step: 44  | total loss: [1m[32m0.69323[0m[0m | time: 1.108s
[2K
| Adam | epoch: 004 | loss: 0.69323 - acc: 0.4898 -- iter: 064/419
[A[ATraining Step: 45  | total loss: [1m[32m0.69328[0m[0m | time: 1.278s
[2K
| Adam | epoch: 004 | loss: 0.69328 - acc: 0.5199 -- iter: 096/419
[A[ATraining Step: 46  | total loss: [1m[32m0.69316[0m[0m | time: 2.219s
[2K
| Adam | epoch: 004 | loss: 0.69316 - acc: 0.5443 -- iter: 128/419
[A[ATraining Step: 47  | total loss: [1m[32m0.69309[0m[0m | time: 3.092s
[2K
| Adam | epoch: 004 | loss: 0.69309 - acc: 0.5473 -- iter: 160/419
[A[ATraining Step: 48  | total loss: [1m[32m0.69314[0m[0m | time: 3.987s
[2K
| Adam | epoch: 004 | loss: 0.69314 - acc: 0.5347 -- iter: 192/419
[A[ATraining Step: 49  | total loss: [1m[32m0.69310[0m[0m | time: 4.934s
[2K
| Adam | epoch: 004 | loss: 0.69310 - acc: 0.5341 -- iter: 224/419
[A[ATraining Step: 50  | total loss: [1m[32m0.69303[0m[0m | time: 5.819s
[2K
| Adam | epoch: 004 | loss: 0.69303 - acc: 0.5337 -- iter: 256/419
[A[ATraining Step: 51  | total loss: [1m[32m0.69326[0m[0m | time: 6.771s
[2K
| Adam | epoch: 004 | loss: 0.69326 - acc: 0.5142 -- iter: 288/419
[A[ATraining Step: 52  | total loss: [1m[32m0.69359[0m[0m | time: 7.816s
[2K
| Adam | epoch: 004 | loss: 0.69359 - acc: 0.4887 -- iter: 320/419
[A[ATraining Step: 53  | total loss: [1m[32m0.69341[0m[0m | time: 8.632s
[2K
| Adam | epoch: 004 | loss: 0.69341 - acc: 0.4996 -- iter: 352/419
[A[ATraining Step: 54  | total loss: [1m[32m0.69352[0m[0m | time: 9.496s
[2K
| Adam | epoch: 004 | loss: 0.69352 - acc: 0.4860 -- iter: 384/419
[A[ATraining Step: 55  | total loss: [1m[32m0.69345[0m[0m | time: 10.366s
[2K
| Adam | epoch: 004 | loss: 0.69345 - acc: 0.4880 -- iter: 416/419
[A[ATraining Step: 56  | total loss: [1m[32m0.69336[0m[0m | time: 12.326s
[2K
| Adam | epoch: 004 | loss: 0.69336 - acc: 0.4941 | val_loss: 0.69292 - val_acc: 0.5227 -- iter: 419/419
--
Training Step: 57  | total loss: [1m[32m0.69323[0m[0m | time: 0.966s
[2K
| Adam | epoch: 005 | loss: 0.69323 - acc: 0.5079 -- iter: 032/419
[A[ATraining Step: 58  | total loss: [1m[32m0.69327[0m[0m | time: 1.895s
[2K
| Adam | epoch: 005 | loss: 0.69327 - acc: 0.4983 -- iter: 064/419
[A[ATraining Step: 59  | total loss: [1m[32m0.69322[0m[0m | time: 2.038s
[2K
| Adam | epoch: 005 | loss: 0.69322 - acc: 0.5027 -- iter: 096/419
[A[ATraining Step: 60  | total loss: [1m[32m0.69265[0m[0m | time: 2.189s
[2K
| Adam | epoch: 005 | loss: 0.69265 - acc: 0.5685 -- iter: 128/419
[A[ATraining Step: 61  | total loss: [1m[32m0.69196[0m[0m | time: 3.194s
[2K
| Adam | epoch: 005 | loss: 0.69196 - acc: 0.6248 -- iter: 160/419
[A[ATraining Step: 62  | total loss: [1m[32m0.69224[0m[0m | time: 4.192s
[2K
| Adam | epoch: 005 | loss: 0.69224 - acc: 0.6007 -- iter: 192/419
[A[ATraining Step: 63  | total loss: [1m[32m0.69253[0m[0m | time: 5.169s
[2K
| Adam | epoch: 005 | loss: 0.69253 - acc: 0.5800 -- iter: 224/419
[A[ATraining Step: 64  | total loss: [1m[32m0.69288[0m[0m | time: 6.033s
[2K
| Adam | epoch: 005 | loss: 0.69288 - acc: 0.5622 -- iter: 256/419
[A[ATraining Step: 65  | total loss: [1m[32m0.69253[0m[0m | time: 7.104s
[2K
| Adam | epoch: 005 | loss: 0.69253 - acc: 0.5661 -- iter: 288/419
[A[ATraining Step: 66  | total loss: [1m[32m0.69299[0m[0m | time: 8.247s
[2K
| Adam | epoch: 005 | loss: 0.69299 - acc: 0.5467 -- iter: 320/419
[A[ATraining Step: 67  | total loss: [1m[32m0.69276[0m[0m | time: 9.326s
[2K
| Adam | epoch: 005 | loss: 0.69276 - acc: 0.5486 -- iter: 352/419
[A[ATraining Step: 68  | total loss: [1m[32m0.69265[0m[0m | time: 10.232s
[2K
| Adam | epoch: 005 | loss: 0.69265 - acc: 0.5465 -- iter: 384/419
[A[ATraining Step: 69  | total loss: [1m[32m0.69283[0m[0m | time: 11.130s
[2K
| Adam | epoch: 005 | loss: 0.69283 - acc: 0.5374 -- iter: 416/419
[A[ATraining Step: 70  | total loss: [1m[32m0.69269[0m[0m | time: 13.084s
[2K
| Adam | epoch: 005 | loss: 0.69269 - acc: 0.5367 | val_loss: 0.69211 - val_acc: 0.5227 -- iter: 419/419
--
Training Step: 71  | total loss: [1m[32m0.69296[0m[0m | time: 1.005s
[2K
| Adam | epoch: 006 | loss: 0.69296 - acc: 0.5290 -- iter: 032/419
[A[ATraining Step: 72  | total loss: [1m[32m0.69301[0m[0m | time: 2.158s
[2K
| Adam | epoch: 006 | loss: 0.69301 - acc: 0.5257 -- iter: 064/419
[A[ATraining Step: 73  | total loss: [1m[32m0.69379[0m[0m | time: 3.318s
[2K
| Adam | epoch: 006 | loss: 0.69379 - acc: 0.5090 -- iter: 096/419
[A[ATraining Step: 74  | total loss: [1m[32m0.69362[0m[0m | time: 3.497s
[2K
| Adam | epoch: 006 | loss: 0.69362 - acc: 0.5114 -- iter: 128/419
[A[ATraining Step: 75  | total loss: [1m[32m0.69428[0m[0m | time: 3.635s
[2K
| Adam | epoch: 006 | loss: 0.69428 - acc: 0.4921 -- iter: 160/419
[A[ATraining Step: 76  | total loss: [1m[32m0.69476[0m[0m | time: 4.588s
[2K
| Adam | epoch: 006 | loss: 0.69476 - acc: 0.4751 -- iter: 192/419
[A[ATraining Step: 77  | total loss: [1m[32m0.69458[0m[0m | time: 5.560s
[2K
| Adam | epoch: 006 | loss: 0.69458 - acc: 0.4777 -- iter: 224/419
[A[ATraining Step: 78  | total loss: [1m[32m0.69423[0m[0m | time: 6.541s
[2K
| Adam | epoch: 006 | loss: 0.69423 - acc: 0.4899 -- iter: 256/419
[A[ATraining Step: 79  | total loss: [1m[32m0.69441[0m[0m | time: 7.477s
[2K
| Adam | epoch: 006 | loss: 0.69441 - acc: 0.4780 -- iter: 288/419
[A[ATraining Step: 80  | total loss: [1m[32m0.69409[0m[0m | time: 8.604s
[2K
| Adam | epoch: 006 | loss: 0.69409 - acc: 0.4898 -- iter: 320/419
[A[ATraining Step: 81  | total loss: [1m[32m0.69401[0m[0m | time: 9.674s
[2K
| Adam | epoch: 006 | loss: 0.69401 - acc: 0.4909 -- iter: 352/419
[A[ATraining Step: 82  | total loss: [1m[32m0.69392[0m[0m | time: 10.601s
[2K
| Adam | epoch: 006 | loss: 0.69392 - acc: 0.4918 -- iter: 384/419
[A[ATraining Step: 83  | total loss: [1m[32m0.69383[0m[0m | time: 11.684s
[2K
| Adam | epoch: 006 | loss: 0.69383 - acc: 0.4926 -- iter: 416/419
[A[ATraining Step: 84  | total loss: [1m[32m0.69392[0m[0m | time: 13.861s
[2K
| Adam | epoch: 006 | loss: 0.69392 - acc: 0.4808 | val_loss: 0.69304 - val_acc: 0.5227 -- iter: 419/419
--
Training Step: 85  | total loss: [1m[32m0.69390[0m[0m | time: 1.000s
[2K
| Adam | epoch: 007 | loss: 0.69390 - acc: 0.4796 -- iter: 032/419
[A[ATraining Step: 86  | total loss: [1m[32m0.69381[0m[0m | time: 1.881s
[2K
| Adam | epoch: 007 | loss: 0.69381 - acc: 0.4848 -- iter: 064/419
[A[ATraining Step: 87  | total loss: [1m[32m0.69370[0m[0m | time: 2.964s
[2K
| Adam | epoch: 007 | loss: 0.69370 - acc: 0.4926 -- iter: 096/419
[A[ATraining Step: 88  | total loss: [1m[32m0.69365[0m[0m | time: 4.150s
[2K
| Adam | epoch: 007 | loss: 0.69365 - acc: 0.4933 -- iter: 128/419
[A[ATraining Step: 89  | total loss: [1m[32m0.69359[0m[0m | time: 4.339s
[2K
| Adam | epoch: 007 | loss: 0.69359 - acc: 0.4940 -- iter: 160/419
[A[ATraining Step: 90  | total loss: [1m[32m0.69339[0m[0m | time: 4.563s
[2K
| Adam | epoch: 007 | loss: 0.69339 - acc: 0.5112 -- iter: 192/419
[A[ATraining Step: 91  | total loss: [1m[32m0.69324[0m[0m | time: 5.733s
[2K
| Adam | epoch: 007 | loss: 0.69324 - acc: 0.5268 -- iter: 224/419
[A[ATraining Step: 92  | total loss: [1m[32m0.69324[0m[0m | time: 6.611s
[2K
| Adam | epoch: 007 | loss: 0.69324 - acc: 0.5241 -- iter: 256/419
[A[ATraining Step: 93  | total loss: [1m[32m0.69334[0m[0m | time: 7.542s
[2K
| Adam | epoch: 007 | loss: 0.69334 - acc: 0.5123 -- iter: 288/419
[A[ATraining Step: 94  | total loss: [1m[32m0.69322[0m[0m | time: 8.556s
[2K
| Adam | epoch: 007 | loss: 0.69322 - acc: 0.5173 -- iter: 320/419
[A[ATraining Step: 95  | total loss: [1m[32m0.69337[0m[0m | time: 9.643s
[2K
| Adam | epoch: 007 | loss: 0.69337 - acc: 0.5062 -- iter: 352/419
[A[ATraining Step: 96  | total loss: [1m[32m0.69314[0m[0m | time: 10.838s
[2K
| Adam | epoch: 007 | loss: 0.69314 - acc: 0.5181 -- iter: 384/419
[A[ATraining Step: 97  | total loss: [1m[32m0.69315[0m[0m | time: 11.754s
[2K
| Adam | epoch: 007 | loss: 0.69315 - acc: 0.5163 -- iter: 416/419
[A[ATraining Step: 98  | total loss: [1m[32m0.69321[0m[0m | time: 13.776s
[2K
| Adam | epoch: 007 | loss: 0.69321 - acc: 0.5115 | val_loss: 0.69262 - val_acc: 0.5227 -- iter: 419/419
--
Training Step: 99  | total loss: [1m[32m0.69306[0m[0m | time: 0.978s
[2K
| Adam | epoch: 008 | loss: 0.69306 - acc: 0.5166 -- iter: 032/419
[A[ATraining Step: 100  | total loss: [1m[32m0.69327[0m[0m | time: 1.912s
[2K
| Adam | epoch: 008 | loss: 0.69327 - acc: 0.5056 -- iter: 064/419
[A[ATraining Step: 101  | total loss: [1m[32m0.69326[0m[0m | time: 2.951s
[2K
| Adam | epoch: 008 | loss: 0.69326 - acc: 0.5050 -- iter: 096/419
[A[ATraining Step: 102  | total loss: [1m[32m0.69338[0m[0m | time: 4.052s
[2K
| Adam | epoch: 008 | loss: 0.69338 - acc: 0.4983 -- iter: 128/419
[A[ATraining Step: 103  | total loss: [1m[32m0.69295[0m[0m | time: 4.966s
[2K
| Adam | epoch: 008 | loss: 0.69295 - acc: 0.5172 -- iter: 160/419
[A[ATraining Step: 104  | total loss: [1m[32m0.69294[0m[0m | time: 5.069s
[2K
| Adam | epoch: 008 | loss: 0.69294 - acc: 0.5155 -- iter: 192/419
[A[ATraining Step: 105  | total loss: [1m[32m0.69341[0m[0m | time: 5.184s
[2K
| Adam | epoch: 008 | loss: 0.69341 - acc: 0.4973 -- iter: 224/419
[A[ATraining Step: 106  | total loss: [1m[32m0.69372[0m[0m | time: 6.170s
[2K
| Adam | epoch: 008 | loss: 0.69372 - acc: 0.4809 -- iter: 256/419
[A[ATraining Step: 107  | total loss: [1m[32m0.69383[0m[0m | time: 7.292s
[2K
| Adam | epoch: 008 | loss: 0.69383 - acc: 0.4734 -- iter: 288/419
[A[ATraining Step: 108  | total loss: [1m[32m0.69365[0m[0m | time: 8.555s
[2K
| Adam | epoch: 008 | loss: 0.69365 - acc: 0.4823 -- iter: 320/419
[A[ATraining Step: 109  | total loss: [1m[32m0.69345[0m[0m | time: 10.020s
[2K
| Adam | epoch: 008 | loss: 0.69345 - acc: 0.4935 -- iter: 352/419
[A[ATraining Step: 110  | total loss: [1m[32m0.69336[0m[0m | time: 10.920s
[2K
| Adam | epoch: 008 | loss: 0.69336 - acc: 0.4972 -- iter: 384/419
[A[ATraining Step: 111  | total loss: [1m[32m0.69346[0m[0m | time: 11.895s
[2K
| Adam | epoch: 008 | loss: 0.69346 - acc: 0.4881 -- iter: 416/419
[A[ATraining Step: 112  | total loss: [1m[32m0.69354[0m[0m | time: 13.862s
[2K
| Adam | epoch: 008 | loss: 0.69354 - acc: 0.4800 | val_loss: 0.69254 - val_acc: 0.5227 -- iter: 419/419
--
Training Step: 113  | total loss: [1m[32m0.69347[0m[0m | time: 1.030s
[2K
| Adam | epoch: 009 | loss: 0.69347 - acc: 0.4820 -- iter: 032/419
[A[ATraining Step: 114  | total loss: [1m[32m0.69337[0m[0m | time: 2.086s
[2K
| Adam | epoch: 009 | loss: 0.69337 - acc: 0.4869 -- iter: 064/419
[A[ATraining Step: 115  | total loss: [1m[32m0.69354[0m[0m | time: 3.105s
[2K
| Adam | epoch: 009 | loss: 0.69354 - acc: 0.4726 -- iter: 096/419
[A[ATraining Step: 116  | total loss: [1m[32m0.69345[0m[0m | time: 4.032s
[2K
| Adam | epoch: 009 | loss: 0.69345 - acc: 0.4753 -- iter: 128/419
[A[ATraining Step: 117  | total loss: [1m[32m0.69344[0m[0m | time: 4.643s
[2K
| Adam | epoch: 009 | loss: 0.69344 - acc: 0.4715 -- iter: 160/419
[A[ATraining Step: 118  | total loss: [1m[32m0.69337[0m[0m | time: 5.256s
[2K
| Adam | epoch: 009 | loss: 0.69337 - acc: 0.4744 -- iter: 192/419
[A[ATraining Step: 119  | total loss: [1m[32m0.69323[0m[0m | time: 5.348s
[2K
| Adam | epoch: 009 | loss: 0.69323 - acc: 0.4832 -- iter: 224/419
[A[ATraining Step: 120  | total loss: [1m[32m0.69308[0m[0m | time: 5.438s
[2K
| Adam | epoch: 009 | loss: 0.69308 - acc: 0.5015 -- iter: 256/419
[A[ATraining Step: 121  | total loss: [1m[32m0.69279[0m[0m | time: 6.050s
[2K
| Adam | epoch: 009 | loss: 0.69279 - acc: 0.5181 -- iter: 288/419
[A[ATraining Step: 122  | total loss: [1m[32m0.69254[0m[0m | time: 6.709s
[2K
| Adam | epoch: 009 | loss: 0.69254 - acc: 0.5256 -- iter: 320/419
[A[ATraining Step: 123  | total loss: [1m[32m0.69244[0m[0m | time: 7.343s
[2K
| Adam | epoch: 009 | loss: 0.69244 - acc: 0.5262 -- iter: 352/419
[A[ATraining Step: 124  | total loss: [1m[32m0.69261[0m[0m | time: 7.958s
[2K
| Adam | epoch: 009 | loss: 0.69261 - acc: 0.5173 -- iter: 384/419
[A[ATraining Step: 125  | total loss: [1m[32m0.69236[0m[0m | time: 8.617s
[2K
| Adam | epoch: 009 | loss: 0.69236 - acc: 0.5187 -- iter: 416/419
[A[ATraining Step: 126  | total loss: [1m[32m0.69298[0m[0m | time: 10.230s
[2K
| Adam | epoch: 009 | loss: 0.69298 - acc: 0.5043 | val_loss: 0.68928 - val_acc: 0.5227 -- iter: 419/419
--
Training Step: 127  | total loss: [1m[32m0.69303[0m[0m | time: 0.617s
[2K
| Adam | epoch: 010 | loss: 0.69303 - acc: 0.5008 -- iter: 032/419
[A[ATraining Step: 128  | total loss: [1m[32m0.69395[0m[0m | time: 1.230s
[2K
| Adam | epoch: 010 | loss: 0.69395 - acc: 0.4820 -- iter: 064/419
[A[ATraining Step: 129  | total loss: [1m[32m0.69346[0m[0m | time: 1.859s
[2K
| Adam | epoch: 010 | loss: 0.69346 - acc: 0.4869 -- iter: 096/419
[A[ATraining Step: 130  | total loss: [1m[32m0.69307[0m[0m | time: 2.472s
[2K
| Adam | epoch: 010 | loss: 0.69307 - acc: 0.4882 -- iter: 128/419
[A[ATraining Step: 131  | total loss: [1m[32m0.69288[0m[0m | time: 3.113s
[2K
| Adam | epoch: 010 | loss: 0.69288 - acc: 0.4894 -- iter: 160/419
[A[ATraining Step: 132  | total loss: [1m[32m0.69245[0m[0m | time: 3.734s
[2K
| Adam | epoch: 010 | loss: 0.69245 - acc: 0.4936 -- iter: 192/419
[A[ATraining Step: 133  | total loss: [1m[32m0.69209[0m[0m | time: 4.349s
[2K
| Adam | epoch: 010 | loss: 0.69209 - acc: 0.4942 -- iter: 224/419
[A[ATraining Step: 134  | total loss: [1m[32m0.69163[0m[0m | time: 4.441s
[2K
| Adam | epoch: 010 | loss: 0.69163 - acc: 0.4948 -- iter: 256/419
[A[ATraining Step: 135  | total loss: [1m[32m0.69198[0m[0m | time: 4.525s
[2K
| Adam | epoch: 010 | loss: 0.69198 - acc: 0.4786 -- iter: 288/419
[A[ATraining Step: 136  | total loss: [1m[32m0.69195[0m[0m | time: 5.178s
[2K
| Adam | epoch: 010 | loss: 0.69195 - acc: 0.4641 -- iter: 320/419
[A[ATraining Step: 137  | total loss: [1m[32m0.69162[0m[0m | time: 5.792s
[2K
| Adam | epoch: 010 | loss: 0.69162 - acc: 0.4802 -- iter: 352/419
[A[ATraining Step: 138  | total loss: [1m[32m0.69137[0m[0m | time: 6.408s
[2K
| Adam | epoch: 010 | loss: 0.69137 - acc: 0.5072 -- iter: 384/419
[A[ATraining Step: 139  | total loss: [1m[32m0.69110[0m[0m | time: 7.023s
[2K
| Adam | epoch: 010 | loss: 0.69110 - acc: 0.5190 -- iter: 416/419
[A[ATraining Step: 140  | total loss: [1m[32m0.69011[0m[0m | time: 8.631s
[2K
| Adam | epoch: 010 | loss: 0.69011 - acc: 0.5421 | val_loss: 0.67066 - val_acc: 0.5227 -- iter: 419/419
--
Training Step: 141  | total loss: [1m[32m0.68686[0m[0m | time: 1.040s
[2K
| Adam | epoch: 011 | loss: 0.68686 - acc: 0.5629 -- iter: 032/419
[A[ATraining Step: 142  | total loss: [1m[32m0.68593[0m[0m | time: 2.001s
[2K
| Adam | epoch: 011 | loss: 0.68593 - acc: 0.5534 -- iter: 064/419
[A[ATraining Step: 143  | total loss: [1m[32m0.69022[0m[0m | time: 2.894s
[2K
| Adam | epoch: 011 | loss: 0.69022 - acc: 0.5325 -- iter: 096/419
[A[ATraining Step: 144  | total loss: [1m[32m0.68160[0m[0m | time: 3.852s
[2K
| Adam | epoch: 011 | loss: 0.68160 - acc: 0.5511 -- iter: 128/419
[A[ATraining Step: 145  | total loss: [1m[32m0.68465[0m[0m | time: 4.754s
[2K
| Adam | epoch: 011 | loss: 0.68465 - acc: 0.5335 -- iter: 160/419
[A[ATraining Step: 146  | total loss: [1m[32m0.68413[0m[0m | time: 5.693s
[2K
| Adam | epoch: 011 | loss: 0.68413 - acc: 0.5270 -- iter: 192/419
[A[ATraining Step: 147  | total loss: [1m[32m0.68404[0m[0m | time: 6.737s
[2K
| Adam | epoch: 011 | loss: 0.68404 - acc: 0.5149 -- iter: 224/419
[A[ATraining Step: 148  | total loss: [1m[32m0.67804[0m[0m | time: 7.706s
[2K
| Adam | epoch: 011 | loss: 0.67804 - acc: 0.5353 -- iter: 256/419
[A[ATraining Step: 149  | total loss: [1m[32m0.67582[0m[0m | time: 7.841s
[2K
| Adam | epoch: 011 | loss: 0.67582 - acc: 0.5599 -- iter: 288/419
[A[ATraining Step: 150  | total loss: [1m[32m0.66438[0m[0m | time: 7.939s
[2K
| Adam | epoch: 011 | loss: 0.66438 - acc: 0.6039 -- iter: 320/419
[A[ATraining Step: 151  | total loss: [1m[32m0.64872[0m[0m | time: 9.017s
[2K
| Adam | epoch: 011 | loss: 0.64872 - acc: 0.6435 -- iter: 352/419
[A[ATraining Step: 152  | total loss: [1m[32m0.64459[0m[0m | time: 10.098s
[2K
| Adam | epoch: 011 | loss: 0.64459 - acc: 0.6354 -- iter: 384/419
[A[ATraining Step: 153  | total loss: [1m[32m0.64506[0m[0m | time: 11.296s
[2K
| Adam | epoch: 011 | loss: 0.64506 - acc: 0.6219 -- iter: 416/419
[A[ATraining Step: 154  | total loss: [1m[32m0.63818[0m[0m | time: 13.124s
[2K
| Adam | epoch: 011 | loss: 0.63818 - acc: 0.6191 | val_loss: 0.60071 - val_acc: 0.6818 -- iter: 419/419
--
Training Step: 155  | total loss: [1m[32m0.62750[0m[0m | time: 1.137s
[2K
| Adam | epoch: 012 | loss: 0.62750 - acc: 0.6415 -- iter: 032/419
[A[ATraining Step: 156  | total loss: [1m[32m0.62371[0m[0m | time: 2.235s
[2K
| Adam | epoch: 012 | loss: 0.62371 - acc: 0.6461 -- iter: 064/419
[A[ATraining Step: 157  | total loss: [1m[32m0.61558[0m[0m | time: 3.404s
[2K
| Adam | epoch: 012 | loss: 0.61558 - acc: 0.6565 -- iter: 096/419
[A[ATraining Step: 158  | total loss: [1m[32m0.59780[0m[0m | time: 4.235s
[2K
| Adam | epoch: 012 | loss: 0.59780 - acc: 0.6784 -- iter: 128/419
[A[ATraining Step: 159  | total loss: [1m[32m0.58070[0m[0m | time: 5.215s
[2K
| Adam | epoch: 012 | loss: 0.58070 - acc: 0.6887 -- iter: 160/419
[A[ATraining Step: 160  | total loss: [1m[32m0.61061[0m[0m | time: 6.205s
[2K
| Adam | epoch: 012 | loss: 0.61061 - acc: 0.6760 -- iter: 192/419
[A[ATraining Step: 161  | total loss: [1m[32m0.59369[0m[0m | time: 7.194s
[2K
| Adam | epoch: 012 | loss: 0.59369 - acc: 0.6866 -- iter: 224/419
[A[ATraining Step: 162  | total loss: [1m[32m0.59235[0m[0m | time: 8.295s
[2K
| Adam | epoch: 012 | loss: 0.59235 - acc: 0.6835 -- iter: 256/419
[A[ATraining Step: 163  | total loss: [1m[32m0.59988[0m[0m | time: 9.248s
[2K
| Adam | epoch: 012 | loss: 0.59988 - acc: 0.6777 -- iter: 288/419
[A[ATraining Step: 164  | total loss: [1m[32m0.57464[0m[0m | time: 9.379s
[2K
| Adam | epoch: 012 | loss: 0.57464 - acc: 0.6974 -- iter: 320/419
[A[ATraining Step: 165  | total loss: [1m[32m0.56404[0m[0m | time: 9.480s
[2K
| Adam | epoch: 012 | loss: 0.56404 - acc: 0.7277 -- iter: 352/419
[A[ATraining Step: 166  | total loss: [1m[32m0.56283[0m[0m | time: 10.459s
[2K
| Adam | epoch: 012 | loss: 0.56283 - acc: 0.7216 -- iter: 384/419
[A[ATraining Step: 167  | total loss: [1m[32m0.58090[0m[0m | time: 11.428s
[2K
| Adam | epoch: 012 | loss: 0.58090 - acc: 0.7088 -- iter: 416/419
[A[ATraining Step: 168  | total loss: [1m[32m0.60367[0m[0m | time: 13.196s
[2K
| Adam | epoch: 012 | loss: 0.60367 - acc: 0.7004 | val_loss: 0.41828 - val_acc: 0.8636 -- iter: 419/419
--
Training Step: 169  | total loss: [1m[32m0.59711[0m[0m | time: 0.901s
[2K
| Adam | epoch: 013 | loss: 0.59711 - acc: 0.6929 -- iter: 032/419
[A[ATraining Step: 170  | total loss: [1m[32m0.58460[0m[0m | time: 1.737s
[2K
| Adam | epoch: 013 | loss: 0.58460 - acc: 0.7048 -- iter: 064/419
[A[ATraining Step: 171  | total loss: [1m[32m0.56525[0m[0m | time: 2.618s
[2K
| Adam | epoch: 013 | loss: 0.56525 - acc: 0.7218 -- iter: 096/419
[A[ATraining Step: 172  | total loss: [1m[32m0.55889[0m[0m | time: 3.619s
[2K
| Adam | epoch: 013 | loss: 0.55889 - acc: 0.7247 -- iter: 128/419
[A[ATraining Step: 173  | total loss: [1m[32m0.56464[0m[0m | time: 4.492s
[2K
| Adam | epoch: 013 | loss: 0.56464 - acc: 0.7209 -- iter: 160/419
[A[ATraining Step: 174  | total loss: [1m[32m0.55980[0m[0m | time: 5.597s
[2K
| Adam | epoch: 013 | loss: 0.55980 - acc: 0.7207 -- iter: 192/419
[A[ATraining Step: 175  | total loss: [1m[32m0.56188[0m[0m | time: 6.613s
[2K
| Adam | epoch: 013 | loss: 0.56188 - acc: 0.7143 -- iter: 224/419
[A[ATraining Step: 176  | total loss: [1m[32m0.55223[0m[0m | time: 7.623s
[2K
| Adam | epoch: 013 | loss: 0.55223 - acc: 0.7304 -- iter: 256/419
[A[ATraining Step: 177  | total loss: [1m[32m0.54066[0m[0m | time: 8.455s
[2K
| Adam | epoch: 013 | loss: 0.54066 - acc: 0.7417 -- iter: 288/419
[A[ATraining Step: 178  | total loss: [1m[32m0.52253[0m[0m | time: 9.434s
[2K
| Adam | epoch: 013 | loss: 0.52253 - acc: 0.7581 -- iter: 320/419
[A[ATraining Step: 179  | total loss: [1m[32m0.51007[0m[0m | time: 9.556s
[2K
| Adam | epoch: 013 | loss: 0.51007 - acc: 0.7667 -- iter: 352/419
[A[ATraining Step: 180  | total loss: [1m[32m0.53141[0m[0m | time: 9.681s
[2K
| Adam | epoch: 013 | loss: 0.53141 - acc: 0.7234 -- iter: 384/419
[A[ATraining Step: 181  | total loss: [1m[32m0.53160[0m[0m | time: 10.598s
[2K
| Adam | epoch: 013 | loss: 0.53160 - acc: 0.7177 -- iter: 416/419
[A[ATraining Step: 182  | total loss: [1m[32m0.52705[0m[0m | time: 12.482s
[2K
| Adam | epoch: 013 | loss: 0.52705 - acc: 0.7272 | val_loss: 0.52400 - val_acc: 0.7727 -- iter: 419/419
--
Training Step: 183  | total loss: [1m[32m0.52034[0m[0m | time: 1.153s
[2K
| Adam | epoch: 014 | loss: 0.52034 - acc: 0.7326 -- iter: 032/419
[A[ATraining Step: 184  | total loss: [1m[32m0.51079[0m[0m | time: 1.978s
[2K
| Adam | epoch: 014 | loss: 0.51079 - acc: 0.7406 -- iter: 064/419
[A[ATraining Step: 185  | total loss: [1m[32m0.49766[0m[0m | time: 2.867s
[2K
| Adam | epoch: 014 | loss: 0.49766 - acc: 0.7509 -- iter: 096/419
[A[ATraining Step: 186  | total loss: [1m[32m0.49689[0m[0m | time: 3.789s
[2K
| Adam | epoch: 014 | loss: 0.49689 - acc: 0.7508 -- iter: 128/419
[A[ATraining Step: 187  | total loss: [1m[32m0.48477[0m[0m | time: 4.800s
[2K
| Adam | epoch: 014 | loss: 0.48477 - acc: 0.7601 -- iter: 160/419
[A[ATraining Step: 188  | total loss: [1m[32m0.47779[0m[0m | time: 5.814s
[2K
| Adam | epoch: 014 | loss: 0.47779 - acc: 0.7747 -- iter: 192/419
[A[ATraining Step: 189  | total loss: [1m[32m0.47070[0m[0m | time: 6.881s
[2K
| Adam | epoch: 014 | loss: 0.47070 - acc: 0.7785 -- iter: 224/419
[A[ATraining Step: 190  | total loss: [1m[32m0.45619[0m[0m | time: 7.793s
[2K
| Adam | epoch: 014 | loss: 0.45619 - acc: 0.7881 -- iter: 256/419
[A[ATraining Step: 191  | total loss: [1m[32m0.44231[0m[0m | time: 8.772s
[2K
| Adam | epoch: 014 | loss: 0.44231 - acc: 0.8031 -- iter: 288/419
[A[ATraining Step: 192  | total loss: [1m[32m0.44790[0m[0m | time: 9.897s
[2K
| Adam | epoch: 014 | loss: 0.44790 - acc: 0.8071 -- iter: 320/419
[A[ATraining Step: 193  | total loss: [1m[32m0.42868[0m[0m | time: 11.046s
[2K
| Adam | epoch: 014 | loss: 0.42868 - acc: 0.8202 -- iter: 352/419
[A[ATraining Step: 194  | total loss: [1m[32m0.41716[0m[0m | time: 11.189s
[2K
| Adam | epoch: 014 | loss: 0.41716 - acc: 0.8257 -- iter: 384/419
[A[ATraining Step: 195  | total loss: [1m[32m0.38527[0m[0m | time: 11.276s
[2K
| Adam | epoch: 014 | loss: 0.38527 - acc: 0.8431 -- iter: 416/419
[A[ATraining Step: 196  | total loss: [1m[32m0.35370[0m[0m | time: 13.109s
[2K
| Adam | epoch: 014 | loss: 0.35370 - acc: 0.8588 | val_loss: 0.44177 - val_acc: 0.8333 -- iter: 419/419
--
Training Step: 197  | total loss: [1m[32m0.38200[0m[0m | time: 1.013s
[2K
| Adam | epoch: 015 | loss: 0.38200 - acc: 0.8417 -- iter: 032/419
[A[ATraining Step: 198  | total loss: [1m[32m0.38406[0m[0m | time: 2.116s
[2K
| Adam | epoch: 015 | loss: 0.38406 - acc: 0.8387 -- iter: 064/419
[A[ATraining Step: 199  | total loss: [1m[32m0.36992[0m[0m | time: 3.299s
[2K
| Adam | epoch: 015 | loss: 0.36992 - acc: 0.8424 -- iter: 096/419
[A[ATraining Step: 200  | total loss: [1m[32m0.36656[0m[0m | time: 5.153s
[2K
| Adam | epoch: 015 | loss: 0.36656 - acc: 0.8488 | val_loss: 0.32392 - val_acc: 0.8561 -- iter: 128/419
--
Training Step: 201  | total loss: [1m[32m0.36181[0m[0m | time: 6.158s
[2K
| Adam | epoch: 015 | loss: 0.36181 - acc: 0.8545 -- iter: 160/419
[A[ATraining Step: 202  | total loss: [1m[32m0.35283[0m[0m | time: 7.132s
[2K
| Adam | epoch: 015 | loss: 0.35283 - acc: 0.8566 -- iter: 192/419
[A[ATraining Step: 203  | total loss: [1m[32m0.33696[0m[0m | time: 8.062s
[2K
| Adam | epoch: 015 | loss: 0.33696 - acc: 0.8584 -- iter: 224/419
[A[ATraining Step: 204  | total loss: [1m[32m0.32094[0m[0m | time: 9.215s
[2K
| Adam | epoch: 015 | loss: 0.32094 - acc: 0.8663 -- iter: 256/419
[A[ATraining Step: 205  | total loss: [1m[32m0.30369[0m[0m | time: 10.434s
[2K
| Adam | epoch: 015 | loss: 0.30369 - acc: 0.8734 -- iter: 288/419
[A[ATraining Step: 206  | total loss: [1m[32m0.29247[0m[0m | time: 11.353s
[2K
| Adam | epoch: 015 | loss: 0.29247 - acc: 0.8830 -- iter: 320/419
[A[ATraining Step: 207  | total loss: [1m[32m0.27427[0m[0m | time: 12.250s
[2K
| Adam | epoch: 015 | loss: 0.27427 - acc: 0.8884 -- iter: 352/419
[A[ATraining Step: 208  | total loss: [1m[32m0.29313[0m[0m | time: 13.232s
[2K
| Adam | epoch: 015 | loss: 0.29313 - acc: 0.8808 -- iter: 384/419
[A[ATraining Step: 209  | total loss: [1m[32m0.28511[0m[0m | time: 13.386s
[2K
| Adam | epoch: 015 | loss: 0.28511 - acc: 0.8834 -- iter: 416/419
[A[ATraining Step: 210  | total loss: [1m[32m0.37002[0m[0m | time: 14.532s
[2K
| Adam | epoch: 015 | loss: 0.37002 - acc: 0.8284 | val_loss: 0.28505 - val_acc: 0.9015 -- iter: 419/419
--
Training Step: 211  | total loss: [1m[32m0.41609[0m[0m | time: 0.924s
[2K
| Adam | epoch: 016 | loss: 0.41609 - acc: 0.7789 -- iter: 032/419
[A[ATraining Step: 212  | total loss: [1m[32m0.38216[0m[0m | time: 1.885s
[2K
| Adam | epoch: 016 | loss: 0.38216 - acc: 0.8010 -- iter: 064/419
[A[ATraining Step: 213  | total loss: [1m[32m0.36697[0m[0m | time: 2.793s
[2K
| Adam | epoch: 016 | loss: 0.36697 - acc: 0.8146 -- iter: 096/419
[A[ATraining Step: 214  | total loss: [1m[32m0.35667[0m[0m | time: 3.844s
[2K
| Adam | epoch: 016 | loss: 0.35667 - acc: 0.8207 -- iter: 128/419
[A[ATraining Step: 215  | total loss: [1m[32m0.34476[0m[0m | time: 4.891s
[2K
| Adam | epoch: 016 | loss: 0.34476 - acc: 0.8292 -- iter: 160/419
[A[ATraining Step: 216  | total loss: [1m[32m0.33383[0m[0m | time: 5.776s
[2K
| Adam | epoch: 016 | loss: 0.33383 - acc: 0.8338 -- iter: 192/419
[A[ATraining Step: 217  | total loss: [1m[32m0.32714[0m[0m | time: 6.819s
[2K
| Adam | epoch: 016 | loss: 0.32714 - acc: 0.8410 -- iter: 224/419
[A[ATraining Step: 218  | total loss: [1m[32m0.31598[0m[0m | time: 7.843s
[2K
| Adam | epoch: 016 | loss: 0.31598 - acc: 0.8538 -- iter: 256/419
[A[ATraining Step: 219  | total loss: [1m[32m0.31815[0m[0m | time: 8.823s
[2K
| Adam | epoch: 016 | loss: 0.31815 - acc: 0.8528 -- iter: 288/419
[A[ATraining Step: 220  | total loss: [1m[32m0.30133[0m[0m | time: 9.894s
[2K
| Adam | epoch: 016 | loss: 0.30133 - acc: 0.8644 -- iter: 320/419
[A[ATraining Step: 221  | total loss: [1m[32m0.29428[0m[0m | time: 10.886s
[2K
| Adam | epoch: 016 | loss: 0.29428 - acc: 0.8686 -- iter: 352/419
[A[ATraining Step: 222  | total loss: [1m[32m0.28895[0m[0m | time: 11.804s
[2K
| Adam | epoch: 016 | loss: 0.28895 - acc: 0.8755 -- iter: 384/419
[A[ATraining Step: 223  | total loss: [1m[32m0.29172[0m[0m | time: 12.402s
[2K
| Adam | epoch: 016 | loss: 0.29172 - acc: 0.8848 -- iter: 416/419
[A[ATraining Step: 224  | total loss: [1m[32m0.27617[0m[0m | time: 13.495s
[2K
| Adam | epoch: 016 | loss: 0.27617 - acc: 0.8932 | val_loss: 0.30588 - val_acc: 0.8864 -- iter: 419/419
--
Training Step: 225  | total loss: [1m[32m0.26231[0m[0m | time: 0.092s
[2K
| Adam | epoch: 017 | loss: 0.26231 - acc: 0.9039 -- iter: 032/419
[A[ATraining Step: 226  | total loss: [1m[32m0.24465[0m[0m | time: 0.711s
[2K
| Adam | epoch: 017 | loss: 0.24465 - acc: 0.9135 -- iter: 064/419
[A[ATraining Step: 227  | total loss: [1m[32m0.27908[0m[0m | time: 1.336s
[2K
| Adam | epoch: 017 | loss: 0.27908 - acc: 0.8971 -- iter: 096/419
[A[ATraining Step: 228  | total loss: [1m[32m0.29023[0m[0m | time: 1.952s
[2K
| Adam | epoch: 017 | loss: 0.29023 - acc: 0.8856 -- iter: 128/419
[A[ATraining Step: 229  | total loss: [1m[32m0.28013[0m[0m | time: 2.590s
[2K
| Adam | epoch: 017 | loss: 0.28013 - acc: 0.8907 -- iter: 160/419
[A[ATraining Step: 230  | total loss: [1m[32m0.26842[0m[0m | time: 3.253s
[2K
| Adam | epoch: 017 | loss: 0.26842 - acc: 0.8923 -- iter: 192/419
[A[ATraining Step: 231  | total loss: [1m[32m0.26190[0m[0m | time: 3.873s
[2K
| Adam | epoch: 017 | loss: 0.26190 - acc: 0.8999 -- iter: 224/419
[A[ATraining Step: 232  | total loss: [1m[32m0.28214[0m[0m | time: 4.486s
[2K
| Adam | epoch: 017 | loss: 0.28214 - acc: 0.8818 -- iter: 256/419
[A[ATraining Step: 233  | total loss: [1m[32m0.28588[0m[0m | time: 5.103s
[2K
| Adam | epoch: 017 | loss: 0.28588 - acc: 0.8843 -- iter: 288/419
[A[ATraining Step: 234  | total loss: [1m[32m0.27024[0m[0m | time: 5.734s
[2K
| Adam | epoch: 017 | loss: 0.27024 - acc: 0.8927 -- iter: 320/419
[A[ATraining Step: 235  | total loss: [1m[32m0.25739[0m[0m | time: 6.367s
[2K
| Adam | epoch: 017 | loss: 0.25739 - acc: 0.8972 -- iter: 352/419
[A[ATraining Step: 236  | total loss: [1m[32m0.25650[0m[0m | time: 7.006s
[2K
| Adam | epoch: 017 | loss: 0.25650 - acc: 0.8981 -- iter: 384/419
[A[ATraining Step: 237  | total loss: [1m[32m0.25348[0m[0m | time: 7.630s
[2K
| Adam | epoch: 017 | loss: 0.25348 - acc: 0.8958 -- iter: 416/419
[A[ATraining Step: 238  | total loss: [1m[32m0.25240[0m[0m | time: 9.250s
[2K
| Adam | epoch: 017 | loss: 0.25240 - acc: 0.8937 | val_loss: 0.23400 - val_acc: 0.9015 -- iter: 419/419
--
Training Step: 239  | total loss: [1m[32m0.25329[0m[0m | time: 0.108s
[2K
| Adam | epoch: 018 | loss: 0.25329 - acc: 0.8950 -- iter: 032/419
[A[ATraining Step: 240  | total loss: [1m[32m0.24378[0m[0m | time: 0.193s
[2K
| Adam | epoch: 018 | loss: 0.24378 - acc: 0.9055 -- iter: 064/419
[A[ATraining Step: 241  | total loss: [1m[32m0.22233[0m[0m | time: 0.837s
[2K
| Adam | epoch: 018 | loss: 0.22233 - acc: 0.9149 -- iter: 096/419
[A[ATraining Step: 242  | total loss: [1m[32m0.24564[0m[0m | time: 1.447s
[2K
| Adam | epoch: 018 | loss: 0.24564 - acc: 0.9016 -- iter: 128/419
[A[ATraining Step: 243  | total loss: [1m[32m0.27713[0m[0m | time: 2.069s
[2K
| Adam | epoch: 018 | loss: 0.27713 - acc: 0.8833 -- iter: 160/419
[A[ATraining Step: 244  | total loss: [1m[32m0.30185[0m[0m | time: 2.693s
[2K
| Adam | epoch: 018 | loss: 0.30185 - acc: 0.8762 -- iter: 192/419
[A[ATraining Step: 245  | total loss: [1m[32m0.28794[0m[0m | time: 3.298s
[2K
| Adam | epoch: 018 | loss: 0.28794 - acc: 0.8855 -- iter: 224/419
[A[ATraining Step: 246  | total loss: [1m[32m0.26975[0m[0m | time: 3.903s
[2K
| Adam | epoch: 018 | loss: 0.26975 - acc: 0.8969 -- iter: 256/419
[A[ATraining Step: 247  | total loss: [1m[32m0.27403[0m[0m | time: 4.512s
[2K
| Adam | epoch: 018 | loss: 0.27403 - acc: 0.8978 -- iter: 288/419
[A[ATraining Step: 248  | total loss: [1m[32m0.26754[0m[0m | time: 5.185s
[2K
| Adam | epoch: 018 | loss: 0.26754 - acc: 0.9018 -- iter: 320/419
[A[ATraining Step: 249  | total loss: [1m[32m0.29100[0m[0m | time: 5.809s
[2K
| Adam | epoch: 018 | loss: 0.29100 - acc: 0.8773 -- iter: 352/419
[A[ATraining Step: 250  | total loss: [1m[32m0.31055[0m[0m | time: 6.420s
[2K
| Adam | epoch: 018 | loss: 0.31055 - acc: 0.8708 -- iter: 384/419
[A[ATraining Step: 251  | total loss: [1m[32m0.31658[0m[0m | time: 7.030s
[2K
| Adam | epoch: 018 | loss: 0.31658 - acc: 0.8681 -- iter: 416/419
[A[ATraining Step: 252  | total loss: [1m[32m0.29463[0m[0m | time: 8.658s
[2K
| Adam | epoch: 018 | loss: 0.29463 - acc: 0.8781 | val_loss: 0.25263 - val_acc: 0.9015 -- iter: 419/419
--
Training Step: 253  | total loss: [1m[32m0.29907[0m[0m | time: 0.657s
[2K
| Adam | epoch: 019 | loss: 0.29907 - acc: 0.8841 -- iter: 032/419
[A[ATraining Step: 254  | total loss: [1m[32m0.27522[0m[0m | time: 0.745s
[2K
| Adam | epoch: 019 | loss: 0.27522 - acc: 0.8957 -- iter: 064/419
[A[ATraining Step: 255  | total loss: [1m[32m0.27603[0m[0m | time: 0.833s
[2K
| Adam | epoch: 019 | loss: 0.27603 - acc: 0.8728 -- iter: 096/419
[A[ATraining Step: 256  | total loss: [1m[32m0.27620[0m[0m | time: 1.442s
[2K
| Adam | epoch: 019 | loss: 0.27620 - acc: 0.8855 -- iter: 128/419
[A[ATraining Step: 257  | total loss: [1m[32m0.27981[0m[0m | time: 2.067s
[2K
| Adam | epoch: 019 | loss: 0.27981 - acc: 0.8782 -- iter: 160/419
[A[ATraining Step: 258  | total loss: [1m[32m0.26270[0m[0m | time: 2.685s
[2K
| Adam | epoch: 019 | loss: 0.26270 - acc: 0.8872 -- iter: 192/419
[A[ATraining Step: 259  | total loss: [1m[32m0.24203[0m[0m | time: 3.297s
[2K
| Adam | epoch: 019 | loss: 0.24203 - acc: 0.8985 -- iter: 224/419
[A[ATraining Step: 260  | total loss: [1m[32m0.22995[0m[0m | time: 3.935s
[2K
| Adam | epoch: 019 | loss: 0.22995 - acc: 0.9024 -- iter: 256/419
[A[ATraining Step: 261  | total loss: [1m[32m0.23498[0m[0m | time: 4.711s
[2K
| Adam | epoch: 019 | loss: 0.23498 - acc: 0.8997 -- iter: 288/419
[A[ATraining Step: 262  | total loss: [1m[32m0.23470[0m[0m | time: 5.802s
[2K
| Adam | epoch: 019 | loss: 0.23470 - acc: 0.9035 -- iter: 320/419
[A[ATraining Step: 263  | total loss: [1m[32m0.22861[0m[0m | time: 6.836s
[2K
| Adam | epoch: 019 | loss: 0.22861 - acc: 0.9100 -- iter: 352/419
[A[ATraining Step: 264  | total loss: [1m[32m0.23743[0m[0m | time: 7.809s
[2K
| Adam | epoch: 019 | loss: 0.23743 - acc: 0.9034 -- iter: 384/419
[A[ATraining Step: 265  | total loss: [1m[32m0.23260[0m[0m | time: 8.689s
[2K
| Adam | epoch: 019 | loss: 0.23260 - acc: 0.9099 -- iter: 416/419
[A[ATraining Step: 266  | total loss: [1m[32m0.22490[0m[0m | time: 10.640s
[2K
| Adam | epoch: 019 | loss: 0.22490 - acc: 0.9127 | val_loss: 0.31622 - val_acc: 0.8788 -- iter: 419/419
--
Training Step: 267  | total loss: [1m[32m0.21805[0m[0m | time: 1.128s
[2K
| Adam | epoch: 020 | loss: 0.21805 - acc: 0.9183 -- iter: 032/419
[A[ATraining Step: 268  | total loss: [1m[32m0.23600[0m[0m | time: 2.227s
[2K
| Adam | epoch: 020 | loss: 0.23600 - acc: 0.9171 -- iter: 064/419
[A[ATraining Step: 269  | total loss: [1m[32m0.23534[0m[0m | time: 2.403s
[2K
| Adam | epoch: 020 | loss: 0.23534 - acc: 0.9160 -- iter: 096/419
[A[ATraining Step: 270  | total loss: [1m[32m0.21439[0m[0m | time: 2.581s
[2K
| Adam | epoch: 020 | loss: 0.21439 - acc: 0.9244 -- iter: 128/419
[A[ATraining Step: 271  | total loss: [1m[32m0.19558[0m[0m | time: 3.533s
[2K
| Adam | epoch: 020 | loss: 0.19558 - acc: 0.9320 -- iter: 160/419
[A[ATraining Step: 272  | total loss: [1m[32m0.18156[0m[0m | time: 4.405s
[2K
| Adam | epoch: 020 | loss: 0.18156 - acc: 0.9388 -- iter: 192/419
[A[ATraining Step: 273  | total loss: [1m[32m0.18058[0m[0m | time: 5.353s
[2K
| Adam | epoch: 020 | loss: 0.18058 - acc: 0.9355 -- iter: 224/419
[A[ATraining Step: 274  | total loss: [1m[32m0.17027[0m[0m | time: 6.280s
[2K
| Adam | epoch: 020 | loss: 0.17027 - acc: 0.9388 -- iter: 256/419
[A[ATraining Step: 275  | total loss: [1m[32m0.16072[0m[0m | time: 7.277s
[2K
| Adam | epoch: 020 | loss: 0.16072 - acc: 0.9449 -- iter: 288/419
[A[ATraining Step: 276  | total loss: [1m[32m0.15760[0m[0m | time: 8.341s
[2K
| Adam | epoch: 020 | loss: 0.15760 - acc: 0.9473 -- iter: 320/419
[A[ATraining Step: 277  | total loss: [1m[32m0.14965[0m[0m | time: 9.265s
[2K
| Adam | epoch: 020 | loss: 0.14965 - acc: 0.9495 -- iter: 352/419
[A[ATraining Step: 278  | total loss: [1m[32m0.14016[0m[0m | time: 10.177s
[2K
| Adam | epoch: 020 | loss: 0.14016 - acc: 0.9545 -- iter: 384/419
[A[ATraining Step: 279  | total loss: [1m[32m0.14059[0m[0m | time: 11.157s
[2K
| Adam | epoch: 020 | loss: 0.14059 - acc: 0.9528 -- iter: 416/419
[A[ATraining Step: 280  | total loss: [1m[32m0.12980[0m[0m | time: 13.129s
[2K
| Adam | epoch: 020 | loss: 0.12980 - acc: 0.9575 | val_loss: 0.23693 - val_acc: 0.9091 -- iter: 419/419
--
Training Step: 281  | total loss: [1m[32m0.12362[0m[0m | time: 0.636s
[2K
| Adam | epoch: 021 | loss: 0.12362 - acc: 0.9618 -- iter: 032/419
[A[ATraining Step: 282  | total loss: [1m[32m0.11501[0m[0m | time: 1.243s
[2K
| Adam | epoch: 021 | loss: 0.11501 - acc: 0.9656 -- iter: 064/419
[A[ATraining Step: 283  | total loss: [1m[32m0.12595[0m[0m | time: 1.866s
[2K
| Adam | epoch: 021 | loss: 0.12595 - acc: 0.9659 -- iter: 096/419
[A[ATraining Step: 284  | total loss: [1m[32m0.11826[0m[0m | time: 1.956s
[2K
| Adam | epoch: 021 | loss: 0.11826 - acc: 0.9693 -- iter: 128/419
[A[ATraining Step: 285  | total loss: [1m[32m0.10745[0m[0m | time: 2.043s
[2K
| Adam | epoch: 021 | loss: 0.10745 - acc: 0.9724 -- iter: 160/419
[A[ATraining Step: 286  | total loss: [1m[32m0.09828[0m[0m | time: 2.658s
[2K
| Adam | epoch: 021 | loss: 0.09828 - acc: 0.9752 -- iter: 192/419
[A[ATraining Step: 287  | total loss: [1m[32m0.10113[0m[0m | time: 3.263s
[2K
| Adam | epoch: 021 | loss: 0.10113 - acc: 0.9683 -- iter: 224/419
[A[ATraining Step: 288  | total loss: [1m[32m0.09451[0m[0m | time: 3.893s
[2K
| Adam | epoch: 021 | loss: 0.09451 - acc: 0.9714 -- iter: 256/419
[A[ATraining Step: 289  | total loss: [1m[32m0.08931[0m[0m | time: 4.519s
[2K
| Adam | epoch: 021 | loss: 0.08931 - acc: 0.9743 -- iter: 288/419
[A[ATraining Step: 290  | total loss: [1m[32m0.08333[0m[0m | time: 5.147s
[2K
| Adam | epoch: 021 | loss: 0.08333 - acc: 0.9769 -- iter: 320/419
[A[ATraining Step: 291  | total loss: [1m[32m0.07935[0m[0m | time: 5.765s
[2K
| Adam | epoch: 021 | loss: 0.07935 - acc: 0.9792 -- iter: 352/419
[A[ATraining Step: 292  | total loss: [1m[32m0.07737[0m[0m | time: 6.404s
[2K
| Adam | epoch: 021 | loss: 0.07737 - acc: 0.9781 -- iter: 384/419
[A[ATraining Step: 293  | total loss: [1m[32m0.07263[0m[0m | time: 7.030s
[2K
| Adam | epoch: 021 | loss: 0.07263 - acc: 0.9803 -- iter: 416/419
[A[ATraining Step: 294  | total loss: [1m[32m0.07167[0m[0m | time: 8.639s
[2K
| Adam | epoch: 021 | loss: 0.07167 - acc: 0.9823 | val_loss: 0.31272 - val_acc: 0.9167 -- iter: 419/419
--
Training Step: 295  | total loss: [1m[32m0.06752[0m[0m | time: 0.946s
[2K
| Adam | epoch: 022 | loss: 0.06752 - acc: 0.9841 -- iter: 032/419
[A[ATraining Step: 296  | total loss: [1m[32m0.08198[0m[0m | time: 1.916s
[2K
| Adam | epoch: 022 | loss: 0.08198 - acc: 0.9794 -- iter: 064/419
[A[ATraining Step: 297  | total loss: [1m[32m0.07660[0m[0m | time: 2.904s
[2K
| Adam | epoch: 022 | loss: 0.07660 - acc: 0.9815 -- iter: 096/419
[A[ATraining Step: 298  | total loss: [1m[32m0.39654[0m[0m | time: 3.980s
[2K
| Adam | epoch: 022 | loss: 0.39654 - acc: 0.9271 -- iter: 128/419
[A[ATraining Step: 299  | total loss: [1m[32m0.37014[0m[0m | time: 4.128s
[2K
| Adam | epoch: 022 | loss: 0.37014 - acc: 0.9250 -- iter: 160/419
[A[ATraining Step: 300  | total loss: [1m[32m0.33520[0m[0m | time: 4.265s
[2K
| Adam | epoch: 022 | loss: 0.33520 - acc: 0.9325 -- iter: 192/419
[A[ATraining Step: 301  | total loss: [1m[32m0.30295[0m[0m | time: 5.154s
[2K
| Adam | epoch: 022 | loss: 0.30295 - acc: 0.9392 -- iter: 224/419
[A[ATraining Step: 302  | total loss: [1m[32m0.27543[0m[0m | time: 6.164s
[2K
| Adam | epoch: 022 | loss: 0.27543 - acc: 0.9453 -- iter: 256/419
[A[ATraining Step: 303  | total loss: [1m[32m0.24917[0m[0m | time: 7.232s
[2K
| Adam | epoch: 022 | loss: 0.24917 - acc: 0.9508 -- iter: 288/419
[A[ATraining Step: 304  | total loss: [1m[32m0.22862[0m[0m | time: 8.373s
[2K
| Adam | epoch: 022 | loss: 0.22862 - acc: 0.9557 -- iter: 320/419
[A[ATraining Step: 305  | total loss: [1m[32m0.21115[0m[0m | time: 9.158s
[2K
| Adam | epoch: 022 | loss: 0.21115 - acc: 0.9570 -- iter: 352/419
[A[ATraining Step: 306  | total loss: [1m[32m0.20171[0m[0m | time: 10.083s
[2K
| Adam | epoch: 022 | loss: 0.20171 - acc: 0.9551 -- iter: 384/419
[A[ATraining Step: 307  | total loss: [1m[32m0.19897[0m[0m | time: 11.025s
[2K
| Adam | epoch: 022 | loss: 0.19897 - acc: 0.9564 -- iter: 416/419
[A[ATraining Step: 308  | total loss: [1m[32m0.18434[0m[0m | time: 12.968s
[2K
| Adam | epoch: 022 | loss: 0.18434 - acc: 0.9608 | val_loss: 0.21828 - val_acc: 0.9091 -- iter: 419/419
--
Training Step: 309  | total loss: [1m[32m0.17659[0m[0m | time: 1.104s
[2K
| Adam | epoch: 023 | loss: 0.17659 - acc: 0.9616 -- iter: 032/419
[A[ATraining Step: 310  | total loss: [1m[32m0.16277[0m[0m | time: 1.934s
[2K
| Adam | epoch: 023 | loss: 0.16277 - acc: 0.9654 -- iter: 064/419
[A[ATraining Step: 311  | total loss: [1m[32m0.15335[0m[0m | time: 2.806s
[2K
| Adam | epoch: 023 | loss: 0.15335 - acc: 0.9658 -- iter: 096/419
[A[ATraining Step: 312  | total loss: [1m[32m0.14437[0m[0m | time: 3.718s
[2K
| Adam | epoch: 023 | loss: 0.14437 - acc: 0.9692 -- iter: 128/419
[A[ATraining Step: 313  | total loss: [1m[32m0.15029[0m[0m | time: 4.663s
[2K
| Adam | epoch: 023 | loss: 0.15029 - acc: 0.9660 -- iter: 160/419
[A[ATraining Step: 314  | total loss: [1m[32m0.13881[0m[0m | time: 4.790s
[2K
| Adam | epoch: 023 | loss: 0.13881 - acc: 0.9694 -- iter: 192/419
[A[ATraining Step: 315  | total loss: [1m[32m0.12557[0m[0m | time: 4.930s
[2K
| Adam | epoch: 023 | loss: 0.12557 - acc: 0.9725 -- iter: 224/419
[A[ATraining Step: 316  | total loss: [1m[32m0.11384[0m[0m | time: 5.860s
[2K
| Adam | epoch: 023 | loss: 0.11384 - acc: 0.9752 -- iter: 256/419
[A[ATraining Step: 317  | total loss: [1m[32m0.10686[0m[0m | time: 6.919s
[2K
| Adam | epoch: 023 | loss: 0.10686 - acc: 0.9777 -- iter: 288/419
[A[ATraining Step: 318  | total loss: [1m[32m0.10126[0m[0m | time: 7.704s
[2K
| Adam | epoch: 023 | loss: 0.10126 - acc: 0.9799 -- iter: 320/419
[A[ATraining Step: 319  | total loss: [1m[32m0.09448[0m[0m | time: 8.625s
[2K
| Adam | epoch: 023 | loss: 0.09448 - acc: 0.9819 -- iter: 352/419
[A[ATraining Step: 320  | total loss: [1m[32m0.09745[0m[0m | time: 9.495s
[2K
| Adam | epoch: 023 | loss: 0.09745 - acc: 0.9806 -- iter: 384/419
[A[ATraining Step: 321  | total loss: [1m[32m0.09168[0m[0m | time: 10.546s
[2K
| Adam | epoch: 023 | loss: 0.09168 - acc: 0.9826 -- iter: 416/419
[A[ATraining Step: 322  | total loss: [1m[32m0.08498[0m[0m | time: 12.608s
[2K
| Adam | epoch: 023 | loss: 0.08498 - acc: 0.9843 | val_loss: 0.20961 - val_acc: 0.9167 -- iter: 419/419
--
Training Step: 323  | total loss: [1m[32m0.07856[0m[0m | time: 1.000s
[2K
| Adam | epoch: 024 | loss: 0.07856 - acc: 0.9859 -- iter: 032/419
[A[ATraining Step: 324  | total loss: [1m[32m0.07848[0m[0m | time: 1.916s
[2K
| Adam | epoch: 024 | loss: 0.07848 - acc: 0.9842 -- iter: 064/419
[A[ATraining Step: 325  | total loss: [1m[32m0.07231[0m[0m | time: 2.978s
[2K
| Adam | epoch: 024 | loss: 0.07231 - acc: 0.9857 -- iter: 096/419
[A[ATraining Step: 326  | total loss: [1m[32m0.06723[0m[0m | time: 4.022s
[2K
| Adam | epoch: 024 | loss: 0.06723 - acc: 0.9872 -- iter: 128/419
[A[ATraining Step: 327  | total loss: [1m[32m0.06354[0m[0m | time: 4.832s
[2K
| Adam | epoch: 024 | loss: 0.06354 - acc: 0.9885 -- iter: 160/419
[A[ATraining Step: 328  | total loss: [1m[32m0.06083[0m[0m | time: 5.986s
[2K
| Adam | epoch: 024 | loss: 0.06083 - acc: 0.9896 -- iter: 192/419
[A[ATraining Step: 329  | total loss: [1m[32m0.05635[0m[0m | time: 6.167s
[2K
| Adam | epoch: 024 | loss: 0.05635 - acc: 0.9906 -- iter: 224/419
[A[ATraining Step: 330  | total loss: [1m[32m0.05127[0m[0m | time: 6.335s
[2K
| Adam | epoch: 024 | loss: 0.05127 - acc: 0.9916 -- iter: 256/419
[A[ATraining Step: 331  | total loss: [1m[32m0.04690[0m[0m | time: 7.518s
[2K
| Adam | epoch: 024 | loss: 0.04690 - acc: 0.9924 -- iter: 288/419
[A[ATraining Step: 332  | total loss: [1m[32m0.04428[0m[0m | time: 8.457s
[2K
| Adam | epoch: 024 | loss: 0.04428 - acc: 0.9932 -- iter: 320/419
[A[ATraining Step: 333  | total loss: [1m[32m0.04299[0m[0m | time: 9.404s
[2K
| Adam | epoch: 024 | loss: 0.04299 - acc: 0.9939 -- iter: 352/419
[A[ATraining Step: 334  | total loss: [1m[32m0.04498[0m[0m | time: 10.318s
[2K
| Adam | epoch: 024 | loss: 0.04498 - acc: 0.9914 -- iter: 384/419
[A[ATraining Step: 335  | total loss: [1m[32m0.04098[0m[0m | time: 11.285s
[2K
| Adam | epoch: 024 | loss: 0.04098 - acc: 0.9922 -- iter: 416/419
[A[ATraining Step: 336  | total loss: [1m[32m0.04116[0m[0m | time: 13.302s
[2K
| Adam | epoch: 024 | loss: 0.04116 - acc: 0.9930 | val_loss: 0.22681 - val_acc: 0.9167 -- iter: 419/419
--
Training Step: 337  | total loss: [1m[32m0.03883[0m[0m | time: 0.976s
[2K
| Adam | epoch: 025 | loss: 0.03883 - acc: 0.9937 -- iter: 032/419
[A[ATraining Step: 338  | total loss: [1m[32m0.03803[0m[0m | time: 1.853s
[2K
| Adam | epoch: 025 | loss: 0.03803 - acc: 0.9943 -- iter: 064/419
[A[ATraining Step: 339  | total loss: [1m[32m0.03537[0m[0m | time: 2.774s
[2K
| Adam | epoch: 025 | loss: 0.03537 - acc: 0.9949 -- iter: 096/419
[A[ATraining Step: 340  | total loss: [1m[32m0.03605[0m[0m | time: 3.814s
[2K
| Adam | epoch: 025 | loss: 0.03605 - acc: 0.9954 -- iter: 128/419
[A[ATraining Step: 341  | total loss: [1m[32m0.03437[0m[0m | time: 4.756s
[2K
| Adam | epoch: 025 | loss: 0.03437 - acc: 0.9959 -- iter: 160/419
[A[ATraining Step: 342  | total loss: [1m[32m0.03135[0m[0m | time: 5.756s
[2K
| Adam | epoch: 025 | loss: 0.03135 - acc: 0.9963 -- iter: 192/419
[A[ATraining Step: 343  | total loss: [1m[32m0.02957[0m[0m | time: 6.736s
[2K
| Adam | epoch: 025 | loss: 0.02957 - acc: 0.9966 -- iter: 224/419
[A[ATraining Step: 344  | total loss: [1m[32m0.02870[0m[0m | time: 6.861s
[2K
| Adam | epoch: 025 | loss: 0.02870 - acc: 0.9970 -- iter: 256/419
[A[ATraining Step: 345  | total loss: [1m[32m0.02660[0m[0m | time: 6.961s
[2K
| Adam | epoch: 025 | loss: 0.02660 - acc: 0.9973 -- iter: 288/419
[A[ATraining Step: 346  | total loss: [1m[32m0.02445[0m[0m | time: 7.963s
[2K
| Adam | epoch: 025 | loss: 0.02445 - acc: 0.9976 -- iter: 320/419
[A[ATraining Step: 347  | total loss: [1m[32m0.02234[0m[0m | time: 9.046s
[2K
| Adam | epoch: 025 | loss: 0.02234 - acc: 0.9978 -- iter: 352/419
[A[ATraining Step: 348  | total loss: [1m[32m0.02100[0m[0m | time: 10.168s
[2K
| Adam | epoch: 025 | loss: 0.02100 - acc: 0.9980 -- iter: 384/419
[A[ATraining Step: 349  | total loss: [1m[32m0.01947[0m[0m | time: 10.973s
[2K
| Adam | epoch: 025 | loss: 0.01947 - acc: 0.9982 -- iter: 416/419
[A[ATraining Step: 350  | total loss: [1m[32m0.02641[0m[0m | time: 12.873s
[2K
| Adam | epoch: 025 | loss: 0.02641 - acc: 0.9953 | val_loss: 0.25548 - val_acc: 0.9167 -- iter: 419/419
--
Training Step: 351  | total loss: [1m[32m0.02609[0m[0m | time: 1.100s
[2K
| Adam | epoch: 026 | loss: 0.02609 - acc: 0.9957 -- iter: 032/419
[A[ATraining Step: 352  | total loss: [1m[32m0.02388[0m[0m | time: 2.188s
[2K
| Adam | epoch: 026 | loss: 0.02388 - acc: 0.9962 -- iter: 064/419
[A[ATraining Step: 353  | total loss: [1m[32m0.02204[0m[0m | time: 3.213s
[2K
| Adam | epoch: 026 | loss: 0.02204 - acc: 0.9966 -- iter: 096/419
[A[ATraining Step: 354  | total loss: [1m[32m0.02042[0m[0m | time: 4.040s
[2K
| Adam | epoch: 026 | loss: 0.02042 - acc: 0.9969 -- iter: 128/419
[A[ATraining Step: 355  | total loss: [1m[32m0.02440[0m[0m | time: 4.989s
[2K
| Adam | epoch: 026 | loss: 0.02440 - acc: 0.9941 -- iter: 160/419
[A[ATraining Step: 356  | total loss: [1m[32m0.02252[0m[0m | time: 5.897s
[2K
| Adam | epoch: 026 | loss: 0.02252 - acc: 0.9947 -- iter: 192/419
[A[ATraining Step: 357  | total loss: [1m[32m0.02214[0m[0m | time: 6.806s
[2K
| Adam | epoch: 026 | loss: 0.02214 - acc: 0.9952 -- iter: 224/419
[A[ATraining Step: 358  | total loss: [1m[32m0.34586[0m[0m | time: 7.815s
[2K
| Adam | epoch: 026 | loss: 0.34586 - acc: 0.9457 -- iter: 256/419
[A[ATraining Step: 359  | total loss: [1m[32m0.31187[0m[0m | time: 7.983s
[2K
| Adam | epoch: 026 | loss: 0.31187 - acc: 0.9511 -- iter: 288/419
[A[ATraining Step: 360  | total loss: [1m[32m0.28086[0m[0m | time: 8.147s
[2K
| Adam | epoch: 026 | loss: 0.28086 - acc: 0.9560 -- iter: 320/419
[A[ATraining Step: 361  | total loss: [1m[32m0.25300[0m[0m | time: 9.172s
[2K
| Adam | epoch: 026 | loss: 0.25300 - acc: 0.9604 -- iter: 352/419
[A[ATraining Step: 362  | total loss: [1m[32m0.22946[0m[0m | time: 10.010s
[2K
| Adam | epoch: 026 | loss: 0.22946 - acc: 0.9644 -- iter: 384/419
[A[ATraining Step: 363  | total loss: [1m[32m0.21502[0m[0m | time: 10.984s
[2K
| Adam | epoch: 026 | loss: 0.21502 - acc: 0.9617 -- iter: 416/419
[A[ATraining Step: 364  | total loss: [1m[32m0.19518[0m[0m | time: 12.975s
[2K
| Adam | epoch: 026 | loss: 0.19518 - acc: 0.9655 | val_loss: 0.23874 - val_acc: 0.9091 -- iter: 419/419
--
Training Step: 365  | total loss: [1m[32m0.17910[0m[0m | time: 0.693s
[2K
| Adam | epoch: 027 | loss: 0.17910 - acc: 0.9658 -- iter: 032/419
[A[ATraining Step: 366  | total loss: [1m[32m0.16240[0m[0m | time: 1.320s
[2K
| Adam | epoch: 027 | loss: 0.16240 - acc: 0.9693 -- iter: 064/419
[A[ATraining Step: 367  | total loss: [1m[32m0.14789[0m[0m | time: 1.930s
[2K
| Adam | epoch: 027 | loss: 0.14789 - acc: 0.9723 -- iter: 096/419
[A[ATraining Step: 368  | total loss: [1m[32m0.13746[0m[0m | time: 2.542s
[2K
| Adam | epoch: 027 | loss: 0.13746 - acc: 0.9751 -- iter: 128/419
[A[ATraining Step: 369  | total loss: [1m[32m0.13231[0m[0m | time: 3.129s
[2K
| Adam | epoch: 027 | loss: 0.13231 - acc: 0.9745 -- iter: 160/419
[A[ATraining Step: 370  | total loss: [1m[32m0.12326[0m[0m | time: 3.749s
[2K
| Adam | epoch: 027 | loss: 0.12326 - acc: 0.9770 -- iter: 192/419
[A[ATraining Step: 371  | total loss: [1m[32m0.11360[0m[0m | time: 4.352s
[2K
| Adam | epoch: 027 | loss: 0.11360 - acc: 0.9793 -- iter: 224/419
[A[ATraining Step: 372  | total loss: [1m[32m0.10476[0m[0m | time: 4.979s
[2K
| Adam | epoch: 027 | loss: 0.10476 - acc: 0.9814 -- iter: 256/419
[A[ATraining Step: 373  | total loss: [1m[32m0.09800[0m[0m | time: 5.581s
[2K
| Adam | epoch: 027 | loss: 0.09800 - acc: 0.9801 -- iter: 288/419
[A[ATraining Step: 374  | total loss: [1m[32m0.09146[0m[0m | time: 5.665s
[2K
| Adam | epoch: 027 | loss: 0.09146 - acc: 0.9821 -- iter: 320/419
[A[ATraining Step: 375  | total loss: [1m[32m0.08368[0m[0m | time: 5.753s
[2K
| Adam | epoch: 027 | loss: 0.08368 - acc: 0.9839 -- iter: 352/419
[A[ATraining Step: 376  | total loss: [1m[32m0.07677[0m[0m | time: 6.364s
[2K
| Adam | epoch: 027 | loss: 0.07677 - acc: 0.9855 -- iter: 384/419
[A[ATraining Step: 377  | total loss: [1m[32m0.07464[0m[0m | time: 6.998s
[2K
| Adam | epoch: 027 | loss: 0.07464 - acc: 0.9838 -- iter: 416/419
[A[ATraining Step: 378  | total loss: [1m[32m0.06848[0m[0m | time: 8.607s
[2K
| Adam | epoch: 027 | loss: 0.06848 - acc: 0.9854 | val_loss: 0.20948 - val_acc: 0.9242 -- iter: 419/419
--
Training Step: 379  | total loss: [1m[32m0.06408[0m[0m | time: 0.638s
[2K
| Adam | epoch: 028 | loss: 0.06408 - acc: 0.9869 -- iter: 032/419
[A[ATraining Step: 380  | total loss: [1m[32m0.05875[0m[0m | time: 1.249s
[2K
| Adam | epoch: 028 | loss: 0.05875 - acc: 0.9882 -- iter: 064/419
[A[ATraining Step: 381  | total loss: [1m[32m0.05402[0m[0m | time: 1.879s
[2K
| Adam | epoch: 028 | loss: 0.05402 - acc: 0.9894 -- iter: 096/419
[A[ATraining Step: 382  | total loss: [1m[32m0.04969[0m[0m | time: 2.486s
[2K
| Adam | epoch: 028 | loss: 0.04969 - acc: 0.9905 -- iter: 128/419
[A[ATraining Step: 383  | total loss: [1m[32m0.04589[0m[0m | time: 3.111s
[2K
| Adam | epoch: 028 | loss: 0.04589 - acc: 0.9914 -- iter: 160/419
[A[ATraining Step: 384  | total loss: [1m[32m0.04343[0m[0m | time: 3.704s
[2K
| Adam | epoch: 028 | loss: 0.04343 - acc: 0.9923 -- iter: 192/419
[A[ATraining Step: 385  | total loss: [1m[32m0.04048[0m[0m | time: 4.337s
[2K
| Adam | epoch: 028 | loss: 0.04048 - acc: 0.9930 -- iter: 224/419
[A[ATraining Step: 386  | total loss: [1m[32m0.05816[0m[0m | time: 4.975s
[2K
| Adam | epoch: 028 | loss: 0.05816 - acc: 0.9875 -- iter: 256/419
[A[ATraining Step: 387  | total loss: [1m[32m0.05418[0m[0m | time: 5.597s
[2K
| Adam | epoch: 028 | loss: 0.05418 - acc: 0.9887 -- iter: 288/419
[A[ATraining Step: 388  | total loss: [1m[32m0.06917[0m[0m | time: 6.200s
[2K
| Adam | epoch: 028 | loss: 0.06917 - acc: 0.9867 -- iter: 320/419
[A[ATraining Step: 389  | total loss: [1m[32m0.06269[0m[0m | time: 6.286s
[2K
| Adam | epoch: 028 | loss: 0.06269 - acc: 0.9881 -- iter: 352/419
[A[ATraining Step: 390  | total loss: [1m[32m0.05738[0m[0m | time: 6.371s
[2K
| Adam | epoch: 028 | loss: 0.05738 - acc: 0.9893 -- iter: 384/419
[A[ATraining Step: 391  | total loss: [1m[32m0.05264[0m[0m | time: 6.989s
[2K
| Adam | epoch: 028 | loss: 0.05264 - acc: 0.9903 -- iter: 416/419
[A[ATraining Step: 392  | total loss: [1m[32m0.04836[0m[0m | time: 8.656s
[2K
| Adam | epoch: 028 | loss: 0.04836 - acc: 0.9913 | val_loss: 0.29089 - val_acc: 0.9015 -- iter: 419/419
--
Training Step: 393  | total loss: [1m[32m0.05282[0m[0m | time: 0.878s
[2K
| Adam | epoch: 029 | loss: 0.05282 - acc: 0.9859 -- iter: 032/419
[A[ATraining Step: 394  | total loss: [1m[32m0.05527[0m[0m | time: 1.771s
[2K
| Adam | epoch: 029 | loss: 0.05527 - acc: 0.9842 -- iter: 064/419
[A[ATraining Step: 395  | total loss: [1m[32m0.05211[0m[0m | time: 2.735s
[2K
| Adam | epoch: 029 | loss: 0.05211 - acc: 0.9858 -- iter: 096/419
[A[ATraining Step: 396  | total loss: [1m[32m0.05289[0m[0m | time: 3.672s
[2K
| Adam | epoch: 029 | loss: 0.05289 - acc: 0.9841 -- iter: 128/419
[A[ATraining Step: 397  | total loss: [1m[32m0.04873[0m[0m | time: 4.699s
[2K
| Adam | epoch: 029 | loss: 0.04873 - acc: 0.9857 -- iter: 160/419
[A[ATraining Step: 398  | total loss: [1m[32m0.04770[0m[0m | time: 5.730s
[2K
| Adam | epoch: 029 | loss: 0.04770 - acc: 0.9871 -- iter: 192/419
[A[ATraining Step: 399  | total loss: [1m[32m0.05546[0m[0m | time: 6.569s
[2K
| Adam | epoch: 029 | loss: 0.05546 - acc: 0.9853 -- iter: 224/419
[A[ATraining Step: 400  | total loss: [1m[32m0.06150[0m[0m | time: 8.638s
[2K
| Adam | epoch: 029 | loss: 0.06150 - acc: 0.9836 | val_loss: 0.24737 - val_acc: 0.9167 -- iter: 256/419
--
Training Step: 401  | total loss: [1m[32m0.05864[0m[0m | time: 9.467s
[2K
| Adam | epoch: 029 | loss: 0.05864 - acc: 0.9821 -- iter: 288/419
[A[ATraining Step: 402  | total loss: [1m[32m0.05562[0m[0m | time: 10.367s
[2K
| Adam | epoch: 029 | loss: 0.05562 - acc: 0.9808 -- iter: 320/419
[A[ATraining Step: 403  | total loss: [1m[32m0.05113[0m[0m | time: 11.290s
[2K
| Adam | epoch: 029 | loss: 0.05113 - acc: 0.9827 -- iter: 352/419
[A[ATraining Step: 404  | total loss: [1m[32m0.04828[0m[0m | time: 11.427s
[2K
| Adam | epoch: 029 | loss: 0.04828 - acc: 0.9844 -- iter: 384/419
[A[ATraining Step: 405  | total loss: [1m[32m0.05003[0m[0m | time: 11.551s
[2K
| Adam | epoch: 029 | loss: 0.05003 - acc: 0.9860 -- iter: 416/419
[A[ATraining Step: 406  | total loss: [1m[32m0.04908[0m[0m | time: 13.463s
[2K
| Adam | epoch: 029 | loss: 0.04908 - acc: 0.9874 | val_loss: 0.20477 - val_acc: 0.9318 -- iter: 419/419
--
Training Step: 407  | total loss: [1m[32m0.05187[0m[0m | time: 0.944s
[2K
| Adam | epoch: 030 | loss: 0.05187 - acc: 0.9855 -- iter: 032/419
[A[ATraining Step: 408  | total loss: [1m[32m0.04784[0m[0m | time: 1.907s
[2K
| Adam | epoch: 030 | loss: 0.04784 - acc: 0.9870 -- iter: 064/419
[A[ATraining Step: 409  | total loss: [1m[32m0.04366[0m[0m | time: 2.853s
[2K
| Adam | epoch: 030 | loss: 0.04366 - acc: 0.9883 -- iter: 096/419
[A[ATraining Step: 410  | total loss: [1m[32m0.03980[0m[0m | time: 3.868s
[2K
| Adam | epoch: 030 | loss: 0.03980 - acc: 0.9895 -- iter: 128/419
[A[ATraining Step: 411  | total loss: [1m[32m0.03700[0m[0m | time: 4.942s
[2K
| Adam | epoch: 030 | loss: 0.03700 - acc: 0.9905 -- iter: 160/419
[A[ATraining Step: 412  | total loss: [1m[32m0.03479[0m[0m | time: 5.770s
[2K
| Adam | epoch: 030 | loss: 0.03479 - acc: 0.9915 -- iter: 192/419
[A[ATraining Step: 413  | total loss: [1m[32m0.03165[0m[0m | time: 6.879s
[2K
| Adam | epoch: 030 | loss: 0.03165 - acc: 0.9923 -- iter: 224/419
[A[ATraining Step: 414  | total loss: [1m[32m0.03043[0m[0m | time: 7.981s
[2K
| Adam | epoch: 030 | loss: 0.03043 - acc: 0.9931 -- iter: 256/419
[A[ATraining Step: 415  | total loss: [1m[32m0.02941[0m[0m | time: 9.165s
[2K
| Adam | epoch: 030 | loss: 0.02941 - acc: 0.9938 -- iter: 288/419
[A[ATraining Step: 416  | total loss: [1m[32m0.02824[0m[0m | time: 10.001s
[2K
| Adam | epoch: 030 | loss: 0.02824 - acc: 0.9944 -- iter: 320/419
[A[ATraining Step: 417  | total loss: [1m[32m0.02588[0m[0m | time: 10.971s
[2K
| Adam | epoch: 030 | loss: 0.02588 - acc: 0.9950 -- iter: 352/419
[A[ATraining Step: 418  | total loss: [1m[32m0.04322[0m[0m | time: 11.908s
[2K
| Adam | epoch: 030 | loss: 0.04322 - acc: 0.9923 -- iter: 384/419
[A[ATraining Step: 419  | total loss: [1m[32m0.04160[0m[0m | time: 12.058s
[2K
| Adam | epoch: 030 | loss: 0.04160 - acc: 0.9900 -- iter: 416/419
[A[ATraining Step: 420  | total loss: [1m[32m0.03757[0m[0m | time: 13.206s
[2K
| Adam | epoch: 030 | loss: 0.03757 - acc: 0.9910 | val_loss: 0.26246 - val_acc: 0.9091 -- iter: 419/419
--
Validation AUC:0.9714745801702322
Validation AUPRC:0.9807292543757798
Test AUC:0.9521509086726478
Test AUPRC:0.9540246977556577
BestTestF1Score	0.91	0.82	0.91	0.88	0.94	59	8	61	4	0.15
BestTestMCCScore	0.91	0.82	0.91	0.88	0.94	59	8	61	4	0.15
BestTestAccuracyScore	0.91	0.82	0.91	0.88	0.94	59	8	61	4	0.15
BestValidationF1Score	0.94	0.88	0.94	0.94	0.94	65	4	59	4	0.15
BestValidationMCC	0.94	0.88	0.94	0.94	0.94	65	4	59	4	0.15
BestValidationAccuracy	0.94	0.88	0.94	0.94	0.94	65	4	59	4	0.15
TestPredictions (Threshold:0.15)
CHEMBL85739,TP,ACT,1.0	CHEMBL188096,TN,INACT,0.03999999910593033	CHEMBL345781,TP,ACT,0.9900000095367432	CHEMBL1812729,TN,INACT,0.0	CHEMBL10663,TP,ACT,0.1899999976158142	CHEMBL370033,FP,INACT,0.9599999785423279	CHEMBL1235132,TN,INACT,0.009999999776482582	CHEMBL314954,TP,ACT,1.0	CHEMBL443622,TN,INACT,0.0	CHEMBL96229,TN,INACT,0.009999999776482582	CHEMBL3793562,TP,ACT,0.9900000095367432	CHEMBL231117,TN,INACT,0.0	CHEMBL1814744,FP,INACT,0.9900000095367432	CHEMBL56892,TP,ACT,1.0	CHEMBL3817896,TP,ACT,0.7599999904632568	CHEMBL250283,TN,INACT,0.0	CHEMBL3804982,TN,INACT,0.0	CHEMBL153546,TP,ACT,1.0	CHEMBL1683134,TN,INACT,0.0	CHEMBL151461,TN,INACT,0.0	CHEMBL1761684,FP,INACT,0.8500000238418579	CHEMBL86097,TP,ACT,1.0	CHEMBL1077869,TN,INACT,0.0	CHEMBL1683122,TN,INACT,0.0	CHEMBL3819600,FN,ACT,0.0	CHEMBL292231,TP,ACT,1.0	CHEMBL313811,TP,ACT,0.9900000095367432	CHEMBL3144022,FP,INACT,0.2199999988079071	CHEMBL2380952,TP,ACT,1.0	CHEMBL585290,TN,INACT,0.0	CHEMBL250202,TN,INACT,0.0	CHEMBL10921,TP,ACT,1.0	CHEMBL146995,TN,INACT,0.0	CHEMBL129630,TP,ACT,1.0	CHEMBL2335782,TP,ACT,0.8299999833106995	CHEMBL392139,TN,INACT,0.0	CHEMBL85600,TP,ACT,0.9900000095367432	CHEMBL273524,TP,ACT,1.0	CHEMBL2022532,TN,INACT,0.009999999776482582	CHEMBL3794054,TP,ACT,1.0	CHEMBL216186,TN,INACT,0.0	CHEMBL2335745,TP,ACT,1.0	CHEMBL536089,TN,INACT,0.0	CHEMBL328694,TN,INACT,0.029999999329447746	CHEMBL1683141,TN,INACT,0.0	CHEMBL292367,TP,ACT,0.9900000095367432	CHEMBL255552,TN,INACT,0.009999999776482582	CHEMBL390886,TN,INACT,0.0	CHEMBL3233566,TN,INACT,0.009999999776482582	CHEMBL9724,TN,INACT,0.0	CHEMBL359628,TN,INACT,0.0	CHEMBL217271,TN,INACT,0.0	CHEMBL129620,FP,INACT,1.0	CHEMBL3634545,TP,ACT,0.8899999856948853	CHEMBL10440,TP,ACT,1.0	CHEMBL233685,TN,INACT,0.009999999776482582	CHEMBL3792756,TP,ACT,0.9900000095367432	CHEMBL10532,TP,ACT,1.0	CHEMBL178391,FN,ACT,0.0	CHEMBL508494,TN,INACT,0.0	CHEMBL452470,TN,INACT,0.0	CHEMBL453574,TN,INACT,0.0	CHEMBL373696,FN,ACT,0.019999999552965164	CHEMBL2111561,TP,ACT,1.0	CHEMBL418113,TP,ACT,1.0	CHEMBL294446,TP,ACT,0.9900000095367432	CHEMBL2335772,TP,ACT,1.0	CHEMBL1946068,TP,ACT,0.8700000047683716	CHEMBL2380968,TP,ACT,1.0	CHEMBL554880,TN,INACT,0.009999999776482582	CHEMBL1945885,TP,ACT,0.9200000166893005	CHEMBL556494,TN,INACT,0.009999999776482582	CHEMBL82900,TP,ACT,1.0	CHEMBL130960,TP,ACT,1.0	CHEMBL185020,TN,INACT,0.0	CHEMBL328527,TP,ACT,1.0	CHEMBL549502,TN,INACT,0.009999999776482582	CHEMBL3792835,TP,ACT,1.0	CHEMBL147691,TN,INACT,0.0	CHEMBL488678,TN,INACT,0.0	CHEMBL315471,TN,INACT,0.0	CHEMBL415274,TP,ACT,1.0	CHEMBL86033,TP,ACT,0.9800000190734863	CHEMBL315528,TP,ACT,1.0	CHEMBL3330071,TN,INACT,0.0	CHEMBL2335754,FP,INACT,0.9900000095367432	CHEMBL2206471,TN,INACT,0.009999999776482582	CHEMBL234635,TN,INACT,0.0	CHEMBL231194,TN,INACT,0.009999999776482582	CHEMBL1946070,FN,ACT,0.05000000074505806	CHEMBL450091,TN,INACT,0.019999999552965164	CHEMBL421165,TP,ACT,1.0	CHEMBL192421,TN,INACT,0.009999999776482582	CHEMBL87741,TP,ACT,1.0	CHEMBL145813,TN,INACT,0.009999999776482582	CHEMBL466590,TN,INACT,0.0	CHEMBL348030,TP,ACT,1.0	CHEMBL313178,TP,ACT,1.0	CHEMBL152138,TP,ACT,1.0	CHEMBL288207,TN,INACT,0.0	CHEMBL10352,TP,ACT,1.0	CHEMBL358052,TP,ACT,0.36000001430511475	CHEMBL230984,TN,INACT,0.0	CHEMBL87792,TP,ACT,1.0	CHEMBL195271,FP,INACT,0.18000000715255737	CHEMBL269277,TN,INACT,0.0	CHEMBL316487,TN,INACT,0.009999999776482582	CHEMBL231995,TN,INACT,0.05999999865889549	CHEMBL3794023,TP,ACT,1.0	CHEMBL230388,TN,INACT,0.0	CHEMBL203105,TN,INACT,0.009999999776482582	CHEMBL2335781,TP,ACT,0.9100000262260437	CHEMBL57890,TP,ACT,1.0	CHEMBL340387,TP,ACT,1.0	CHEMBL128225,TP,ACT,1.0	CHEMBL312994,TP,ACT,1.0	CHEMBL57720,TP,ACT,0.17000000178813934	CHEMBL390193,TN,INACT,0.0	CHEMBL511659,TN,INACT,0.0	CHEMBL88474,TN,INACT,0.0	CHEMBL3734828,TN,INACT,0.0	CHEMBL2425067,TN,INACT,0.0	CHEMBL195443,TN,INACT,0.0	CHEMBL10502,TP,ACT,1.0	CHEMBL340482,TP,ACT,1.0	CHEMBL3220151,TN,INACT,0.019999999552965164	CHEMBL9561,FP,INACT,0.3799999952316284	CHEMBL348431,TP,ACT,1.0	CHEMBL2335784,TP,ACT,0.9900000095367432	CHEMBL301878,TP,ACT,0.8600000143051147	CHEMBL1946069,TP,ACT,0.33000001311302185	CHEMBL3329630,TN,INACT,0.019999999552965164	

