ImageNetInceptionV2 CHEMBL3996 adam 0.001 15 0 0 0.8 False True
Number of active compounds :	442
Number of inactive compounds :	442
---------------------------------
Run id: ImageNetInceptionV2_CHEMBL3996_adam_0.001_15_0_0_0.8_False_True_id
Log directory: ../tflearnLogs/ImageNetInceptionV2_CHEMBL3996_adam_0.001_15_0.8/
---------------------------------
Training samples: 555
Validation samples: 174
--
Training Step: 1  | time: 166.687s
[2K
| Adam | epoch: 001 | loss: 0.00000 - acc: 0.0000 -- iter: 032/555
[A[ATraining Step: 2  | total loss: [1m[32m0.64097[0m[0m | time: 210.589s
[2K
| Adam | epoch: 001 | loss: 0.64097 - acc: 0.5062 -- iter: 064/555
[A[ATraining Step: 3  | total loss: [1m[32m0.65713[0m[0m | time: 274.104s
[2K
| Adam | epoch: 001 | loss: 0.65713 - acc: 0.6034 -- iter: 096/555
[A[ATraining Step: 4  | total loss: [1m[32m0.72437[0m[0m | time: 287.268s
[2K
| Adam | epoch: 001 | loss: 0.72437 - acc: 0.5727 -- iter: 128/555
[A[ATraining Step: 5  | total loss: [1m[32m0.72103[0m[0m | time: 306.839s
[2K
| Adam | epoch: 001 | loss: 0.72103 - acc: 0.5224 -- iter: 160/555
[A[ATraining Step: 6  | total loss: [1m[32m0.47955[0m[0m | time: 334.503s
[2K
| Adam | epoch: 001 | loss: 0.47955 - acc: 0.7290 -- iter: 192/555
[A[ATraining Step: 7  | total loss: [1m[32m0.32389[0m[0m | time: 385.367s
[2K
| Adam | epoch: 001 | loss: 0.32389 - acc: 0.8541 -- iter: 224/555
[A[ATraining Step: 8  | total loss: [1m[32m0.32845[0m[0m | time: 410.483s
[2K
| Adam | epoch: 001 | loss: 0.32845 - acc: 0.8659 -- iter: 256/555
[A[ATraining Step: 9  | total loss: [1m[32m0.25535[0m[0m | time: 427.060s
[2K
| Adam | epoch: 001 | loss: 0.25535 - acc: 0.9038 -- iter: 288/555
[A[ATraining Step: 10  | total loss: [1m[32m0.17294[0m[0m | time: 439.964s
[2K
| Adam | epoch: 001 | loss: 0.17294 - acc: 0.9519 -- iter: 320/555
[A[ATraining Step: 11  | total loss: [1m[32m0.26309[0m[0m | time: 461.330s
[2K
| Adam | epoch: 001 | loss: 0.26309 - acc: 0.8859 -- iter: 352/555
[A[ATraining Step: 12  | total loss: [1m[32m0.37831[0m[0m | time: 473.449s
[2K
| Adam | epoch: 001 | loss: 0.37831 - acc: 0.8529 -- iter: 384/555
[A[ATraining Step: 13  | total loss: [1m[32m0.38935[0m[0m | time: 512.171s
[2K
| Adam | epoch: 001 | loss: 0.38935 - acc: 0.8356 -- iter: 416/555
[A[ATraining Step: 14  | total loss: [1m[32m0.40590[0m[0m | time: 524.068s
[2K
| Adam | epoch: 001 | loss: 0.40590 - acc: 0.8517 -- iter: 448/555
[A[ATraining Step: 15  | total loss: [1m[32m0.41136[0m[0m | time: 536.720s
[2K
| Adam | epoch: 001 | loss: 0.41136 - acc: 0.8486 -- iter: 480/555
[A[ATraining Step: 16  | total loss: [1m[32m0.36820[0m[0m | time: 555.979s
[2K
| Adam | epoch: 001 | loss: 0.36820 - acc: 0.8351 -- iter: 512/555
[A[ATraining Step: 17  | total loss: [1m[32m0.31609[0m[0m | time: 571.937s
[2K
| Adam | epoch: 001 | loss: 0.31609 - acc: 0.8719 -- iter: 544/555
[A[ATraining Step: 18  | total loss: [1m[32m0.34350[0m[0m | time: 595.076s
[2K
| Adam | epoch: 001 | loss: 0.34350 - acc: 0.8730 | val_loss: 1.18376 - val_acc: 0.5402 -- iter: 555/555
--
Training Step: 19  | total loss: [1m[32m0.34500[0m[0m | time: 4.913s
[2K
| Adam | epoch: 002 | loss: 0.34500 - acc: 0.8547 -- iter: 032/555
[A[ATraining Step: 20  | total loss: [1m[32m0.27371[0m[0m | time: 16.813s
[2K
| Adam | epoch: 002 | loss: 0.27371 - acc: 0.9014 -- iter: 064/555
[A[ATraining Step: 21  | total loss: [1m[32m0.31797[0m[0m | time: 27.731s
[2K
| Adam | epoch: 002 | loss: 0.31797 - acc: 0.8932 -- iter: 096/555
[A[ATraining Step: 22  | total loss: [1m[32m0.36350[0m[0m | time: 41.791s
[2K
| Adam | epoch: 002 | loss: 0.36350 - acc: 0.8596 -- iter: 128/555
[A[ATraining Step: 23  | total loss: [1m[32m0.38719[0m[0m | time: 52.878s
[2K
| Adam | epoch: 002 | loss: 0.38719 - acc: 0.8459 -- iter: 160/555
[A[ATraining Step: 24  | total loss: [1m[32m0.31086[0m[0m | time: 64.597s
[2K
| Adam | epoch: 002 | loss: 0.31086 - acc: 0.8893 -- iter: 192/555
[A[ATraining Step: 25  | total loss: [1m[32m0.28781[0m[0m | time: 75.794s
[2K
| Adam | epoch: 002 | loss: 0.28781 - acc: 0.9024 -- iter: 224/555
[A[ATraining Step: 26  | total loss: [1m[32m0.28734[0m[0m | time: 85.926s
[2K
| Adam | epoch: 002 | loss: 0.28734 - acc: 0.9034 -- iter: 256/555
[A[ATraining Step: 27  | total loss: [1m[32m0.25961[0m[0m | time: 95.040s
[2K
| Adam | epoch: 002 | loss: 0.25961 - acc: 0.9122 -- iter: 288/555
[A[ATraining Step: 28  | total loss: [1m[32m0.21414[0m[0m | time: 103.942s
[2K
| Adam | epoch: 002 | loss: 0.21414 - acc: 0.9263 -- iter: 320/555
[A[ATraining Step: 29  | total loss: [1m[32m0.19680[0m[0m | time: 112.805s
[2K
| Adam | epoch: 002 | loss: 0.19680 - acc: 0.9367 -- iter: 352/555
[A[ATraining Step: 30  | total loss: [1m[32m0.20365[0m[0m | time: 121.760s
[2K
| Adam | epoch: 002 | loss: 0.20365 - acc: 0.9221 -- iter: 384/555
[A[ATraining Step: 31  | total loss: [1m[32m0.24335[0m[0m | time: 130.671s
[2K
| Adam | epoch: 002 | loss: 0.24335 - acc: 0.9112 -- iter: 416/555
[A[ATraining Step: 32  | total loss: [1m[32m0.21701[0m[0m | time: 139.443s
[2K
| Adam | epoch: 002 | loss: 0.21701 - acc: 0.9241 -- iter: 448/555
[A[ATraining Step: 33  | total loss: [1m[32m0.18173[0m[0m | time: 148.449s
[2K
| Adam | epoch: 002 | loss: 0.18173 - acc: 0.9408 -- iter: 480/555
[A[ATraining Step: 34  | total loss: [1m[32m0.16859[0m[0m | time: 157.483s
[2K
| Adam | epoch: 002 | loss: 0.16859 - acc: 0.9401 -- iter: 512/555
[A[ATraining Step: 35  | total loss: [1m[32m0.15645[0m[0m | time: 166.660s
[2K
| Adam | epoch: 002 | loss: 0.15645 - acc: 0.9395 -- iter: 544/555
[A[ATraining Step: 36  | total loss: [1m[32m0.14404[0m[0m | time: 183.599s
[2K
| Adam | epoch: 002 | loss: 0.14404 - acc: 0.9519 | val_loss: 0.93530 - val_acc: 0.5805 -- iter: 555/555
--
Training Step: 37  | total loss: [1m[32m0.15336[0m[0m | time: 3.863s
[2K
| Adam | epoch: 003 | loss: 0.15336 - acc: 0.9428 -- iter: 032/555
[A[ATraining Step: 38  | total loss: [1m[32m0.13556[0m[0m | time: 7.628s
[2K
| Adam | epoch: 003 | loss: 0.13556 - acc: 0.9540 -- iter: 064/555
[A[ATraining Step: 39  | total loss: [1m[32m0.11407[0m[0m | time: 16.577s
[2K
| Adam | epoch: 003 | loss: 0.11407 - acc: 0.9628 -- iter: 096/555
[A[ATraining Step: 40  | total loss: [1m[32m0.11946[0m[0m | time: 25.790s
[2K
| Adam | epoch: 003 | loss: 0.11946 - acc: 0.9580 -- iter: 128/555
[A[ATraining Step: 41  | total loss: [1m[32m0.18519[0m[0m | time: 35.065s
[2K
| Adam | epoch: 003 | loss: 0.18519 - acc: 0.9313 -- iter: 160/555
[A[ATraining Step: 42  | total loss: [1m[32m0.16529[0m[0m | time: 44.279s
[2K
| Adam | epoch: 003 | loss: 0.16529 - acc: 0.9381 -- iter: 192/555
[A[ATraining Step: 43  | total loss: [1m[32m0.14192[0m[0m | time: 53.215s
[2K
| Adam | epoch: 003 | loss: 0.14192 - acc: 0.9490 -- iter: 224/555
[A[ATraining Step: 44  | total loss: [1m[32m0.20573[0m[0m | time: 61.955s
[2K
| Adam | epoch: 003 | loss: 0.20573 - acc: 0.9362 -- iter: 256/555
[A[ATraining Step: 45  | total loss: [1m[32m0.18104[0m[0m | time: 71.065s
[2K
| Adam | epoch: 003 | loss: 0.18104 - acc: 0.9417 -- iter: 288/555
[A[ATraining Step: 46  | total loss: [1m[32m0.15726[0m[0m | time: 80.028s
[2K
| Adam | epoch: 003 | loss: 0.15726 - acc: 0.9514 -- iter: 320/555
[A[ATraining Step: 47  | total loss: [1m[32m0.13393[0m[0m | time: 89.011s
[2K
| Adam | epoch: 003 | loss: 0.13393 - acc: 0.9594 -- iter: 352/555
[A[ATraining Step: 48  | total loss: [1m[32m0.12142[0m[0m | time: 98.078s
[2K
| Adam | epoch: 003 | loss: 0.12142 - acc: 0.9659 -- iter: 384/555
[A[ATraining Step: 49  | total loss: [1m[32m0.13491[0m[0m | time: 107.013s
[2K
| Adam | epoch: 003 | loss: 0.13491 - acc: 0.9565 -- iter: 416/555
[A[ATraining Step: 50  | total loss: [1m[32m0.17197[0m[0m | time: 116.089s
[2K
| Adam | epoch: 003 | loss: 0.17197 - acc: 0.9438 -- iter: 448/555
[A[ATraining Step: 51  | total loss: [1m[32m0.15092[0m[0m | time: 125.117s
[2K
| Adam | epoch: 003 | loss: 0.15092 - acc: 0.9524 -- iter: 480/555
[A[ATraining Step: 52  | total loss: [1m[32m0.17228[0m[0m | time: 134.036s
[2K
| Adam | epoch: 003 | loss: 0.17228 - acc: 0.9361 -- iter: 512/555
[A[ATraining Step: 53  | total loss: [1m[32m0.16613[0m[0m | time: 143.188s
[2K
| Adam | epoch: 003 | loss: 0.16613 - acc: 0.9409 -- iter: 544/555
[A[ATraining Step: 54  | total loss: [1m[32m0.14711[0m[0m | time: 160.180s
[2K
| Adam | epoch: 003 | loss: 0.14711 - acc: 0.9495 | val_loss: 1.24996 - val_acc: 0.6724 -- iter: 555/555
--
Training Step: 55  | total loss: [1m[32m0.13633[0m[0m | time: 9.138s
[2K
| Adam | epoch: 004 | loss: 0.13633 - acc: 0.9522 -- iter: 032/555
[A[ATraining Step: 56  | total loss: [1m[32m0.13130[0m[0m | time: 12.853s
[2K
| Adam | epoch: 004 | loss: 0.13130 - acc: 0.9502 -- iter: 064/555
[A[ATraining Step: 57  | total loss: [1m[32m0.12104[0m[0m | time: 16.582s
[2K
| Adam | epoch: 004 | loss: 0.12104 - acc: 0.9571 -- iter: 096/555
[A[ATraining Step: 58  | total loss: [1m[32m0.10651[0m[0m | time: 25.699s
[2K
| Adam | epoch: 004 | loss: 0.10651 - acc: 0.9629 -- iter: 128/555
[A[ATraining Step: 59  | total loss: [1m[32m0.11738[0m[0m | time: 34.967s
[2K
| Adam | epoch: 004 | loss: 0.11738 - acc: 0.9595 -- iter: 160/555
[A[ATraining Step: 60  | total loss: [1m[32m0.10651[0m[0m | time: 44.325s
[2K
| Adam | epoch: 004 | loss: 0.10651 - acc: 0.9649 -- iter: 192/555
[A[ATraining Step: 61  | total loss: [1m[32m0.12893[0m[0m | time: 53.596s
[2K
| Adam | epoch: 004 | loss: 0.12893 - acc: 0.9572 -- iter: 224/555
[A[ATraining Step: 62  | total loss: [1m[32m0.14184[0m[0m | time: 62.995s
[2K
| Adam | epoch: 004 | loss: 0.14184 - acc: 0.9467 -- iter: 256/555
[A[ATraining Step: 63  | total loss: [1m[32m0.13818[0m[0m | time: 72.670s
[2K
| Adam | epoch: 004 | loss: 0.13818 - acc: 0.9455 -- iter: 288/555
[A[ATraining Step: 64  | total loss: [1m[32m0.12439[0m[0m | time: 82.083s
[2K
| Adam | epoch: 004 | loss: 0.12439 - acc: 0.9523 -- iter: 320/555
[A[ATraining Step: 65  | total loss: [1m[32m0.12569[0m[0m | time: 91.254s
[2K
| Adam | epoch: 004 | loss: 0.12569 - acc: 0.9543 -- iter: 352/555
[A[ATraining Step: 66  | total loss: [1m[32m0.12113[0m[0m | time: 100.459s
[2K
| Adam | epoch: 004 | loss: 0.12113 - acc: 0.9561 -- iter: 384/555
[A[ATraining Step: 67  | total loss: [1m[32m0.11975[0m[0m | time: 109.882s
[2K
| Adam | epoch: 004 | loss: 0.11975 - acc: 0.9539 -- iter: 416/555
[A[ATraining Step: 68  | total loss: [1m[32m0.11319[0m[0m | time: 119.099s
[2K
| Adam | epoch: 004 | loss: 0.11319 - acc: 0.9556 -- iter: 448/555
[A[ATraining Step: 69  | total loss: [1m[32m0.13207[0m[0m | time: 128.561s
[2K
| Adam | epoch: 004 | loss: 0.13207 - acc: 0.9498 -- iter: 480/555
[A[ATraining Step: 70  | total loss: [1m[32m0.12914[0m[0m | time: 137.681s
[2K
| Adam | epoch: 004 | loss: 0.12914 - acc: 0.9520 -- iter: 512/555
[A[ATraining Step: 71  | total loss: [1m[32m0.11719[0m[0m | time: 146.727s
[2K
| Adam | epoch: 004 | loss: 0.11719 - acc: 0.9575 -- iter: 544/555
[A[ATraining Step: 72  | total loss: [1m[32m0.10625[0m[0m | time: 163.631s
[2K
| Adam | epoch: 004 | loss: 0.10625 - acc: 0.9623 | val_loss: 0.16709 - val_acc: 0.9425 -- iter: 555/555
--
Training Step: 73  | total loss: [1m[32m0.10276[0m[0m | time: 9.070s
[2K
| Adam | epoch: 005 | loss: 0.10276 - acc: 0.9630 -- iter: 032/555
[A[ATraining Step: 74  | total loss: [1m[32m0.10318[0m[0m | time: 17.998s
[2K
| Adam | epoch: 005 | loss: 0.10318 - acc: 0.9602 -- iter: 064/555
[A[ATraining Step: 75  | total loss: [1m[32m0.09888[0m[0m | time: 21.563s
[2K
| Adam | epoch: 005 | loss: 0.09888 - acc: 0.9645 -- iter: 096/555
[A[ATraining Step: 76  | total loss: [1m[32m0.09404[0m[0m | time: 25.103s
[2K
| Adam | epoch: 005 | loss: 0.09404 - acc: 0.9683 -- iter: 128/555
[A[ATraining Step: 77  | total loss: [1m[32m0.08589[0m[0m | time: 34.069s
[2K
| Adam | epoch: 005 | loss: 0.08589 - acc: 0.9717 -- iter: 160/555
[A[ATraining Step: 78  | total loss: [1m[32m0.08036[0m[0m | time: 42.748s
[2K
| Adam | epoch: 005 | loss: 0.08036 - acc: 0.9746 -- iter: 192/555
[A[ATraining Step: 79  | total loss: [1m[32m0.09498[0m[0m | time: 51.439s
[2K
| Adam | epoch: 005 | loss: 0.09498 - acc: 0.9708 -- iter: 224/555
[A[ATraining Step: 80  | total loss: [1m[32m0.09449[0m[0m | time: 60.107s
[2K
| Adam | epoch: 005 | loss: 0.09449 - acc: 0.9674 -- iter: 256/555
[A[ATraining Step: 81  | total loss: [1m[32m0.08978[0m[0m | time: 68.751s
[2K
| Adam | epoch: 005 | loss: 0.08978 - acc: 0.9675 -- iter: 288/555
[A[ATraining Step: 82  | total loss: [1m[32m0.10138[0m[0m | time: 77.562s
[2K
| Adam | epoch: 005 | loss: 0.10138 - acc: 0.9676 -- iter: 320/555
[A[ATraining Step: 83  | total loss: [1m[32m0.09295[0m[0m | time: 86.257s
[2K
| Adam | epoch: 005 | loss: 0.09295 - acc: 0.9709 -- iter: 352/555
[A[ATraining Step: 84  | total loss: [1m[32m0.08576[0m[0m | time: 95.131s
[2K
| Adam | epoch: 005 | loss: 0.08576 - acc: 0.9738 -- iter: 384/555
[A[ATraining Step: 85  | total loss: [1m[32m0.08080[0m[0m | time: 103.842s
[2K
| Adam | epoch: 005 | loss: 0.08080 - acc: 0.9733 -- iter: 416/555
[A[ATraining Step: 86  | total loss: [1m[32m0.07428[0m[0m | time: 112.499s
[2K
| Adam | epoch: 005 | loss: 0.07428 - acc: 0.9760 -- iter: 448/555
[A[ATraining Step: 87  | total loss: [1m[32m0.07096[0m[0m | time: 121.208s
[2K
| Adam | epoch: 005 | loss: 0.07096 - acc: 0.9752 -- iter: 480/555
[A[ATraining Step: 88  | total loss: [1m[32m0.06832[0m[0m | time: 130.038s
[2K
| Adam | epoch: 005 | loss: 0.06832 - acc: 0.9777 -- iter: 512/555
[A[ATraining Step: 89  | total loss: [1m[32m0.06601[0m[0m | time: 138.844s
[2K
| Adam | epoch: 005 | loss: 0.06601 - acc: 0.9768 -- iter: 544/555
[A[ATraining Step: 90  | total loss: [1m[32m0.06223[0m[0m | time: 155.127s
[2K
| Adam | epoch: 005 | loss: 0.06223 - acc: 0.9791 | val_loss: 0.68517 - val_acc: 0.6954 -- iter: 555/555
--
Training Step: 91  | total loss: [1m[32m0.05870[0m[0m | time: 8.543s
[2K
| Adam | epoch: 006 | loss: 0.05870 - acc: 0.9812 -- iter: 032/555
[A[ATraining Step: 92  | total loss: [1m[32m0.05418[0m[0m | time: 17.076s
[2K
| Adam | epoch: 006 | loss: 0.05418 - acc: 0.9831 -- iter: 064/555
[A[ATraining Step: 93  | total loss: [1m[32m0.04934[0m[0m | time: 25.811s
[2K
| Adam | epoch: 006 | loss: 0.04934 - acc: 0.9848 -- iter: 096/555
[A[ATraining Step: 94  | total loss: [1m[32m0.04476[0m[0m | time: 29.147s
[2K
| Adam | epoch: 006 | loss: 0.04476 - acc: 0.9863 -- iter: 128/555
[A[ATraining Step: 95  | total loss: [1m[32m0.04410[0m[0m | time: 32.434s
[2K
| Adam | epoch: 006 | loss: 0.04410 - acc: 0.9877 -- iter: 160/555
[A[ATraining Step: 96  | total loss: [1m[32m0.04018[0m[0m | time: 40.936s
[2K
| Adam | epoch: 006 | loss: 0.04018 - acc: 0.9889 -- iter: 192/555
[A[ATraining Step: 97  | total loss: [1m[32m0.03691[0m[0m | time: 49.714s
[2K
| Adam | epoch: 006 | loss: 0.03691 - acc: 0.9900 -- iter: 224/555
[A[ATraining Step: 98  | total loss: [1m[32m0.06169[0m[0m | time: 58.411s
[2K
| Adam | epoch: 006 | loss: 0.06169 - acc: 0.9879 -- iter: 256/555
[A[ATraining Step: 99  | total loss: [1m[32m0.05871[0m[0m | time: 66.946s
[2K
| Adam | epoch: 006 | loss: 0.05871 - acc: 0.9891 -- iter: 288/555
[A[ATraining Step: 100  | total loss: [1m[32m0.06467[0m[0m | time: 75.663s
[2K
| Adam | epoch: 006 | loss: 0.06467 - acc: 0.9871 -- iter: 320/555
[A[ATraining Step: 101  | total loss: [1m[32m0.07954[0m[0m | time: 84.306s
[2K
| Adam | epoch: 006 | loss: 0.07954 - acc: 0.9852 -- iter: 352/555
[A[ATraining Step: 102  | total loss: [1m[32m0.09714[0m[0m | time: 92.952s
[2K
| Adam | epoch: 006 | loss: 0.09714 - acc: 0.9805 -- iter: 384/555
[A[ATraining Step: 103  | total loss: [1m[32m0.08890[0m[0m | time: 101.789s
[2K
| Adam | epoch: 006 | loss: 0.08890 - acc: 0.9824 -- iter: 416/555
[A[ATraining Step: 104  | total loss: [1m[32m0.08358[0m[0m | time: 110.575s
[2K
| Adam | epoch: 006 | loss: 0.08358 - acc: 0.9811 -- iter: 448/555
[A[ATraining Step: 105  | total loss: [1m[32m0.09417[0m[0m | time: 119.303s
[2K
| Adam | epoch: 006 | loss: 0.09417 - acc: 0.9767 -- iter: 480/555
[A[ATraining Step: 106  | total loss: [1m[32m0.09496[0m[0m | time: 128.110s
[2K
| Adam | epoch: 006 | loss: 0.09496 - acc: 0.9728 -- iter: 512/555
[A[ATraining Step: 107  | total loss: [1m[32m0.08628[0m[0m | time: 136.834s
[2K
| Adam | epoch: 006 | loss: 0.08628 - acc: 0.9755 -- iter: 544/555
[A[ATraining Step: 108  | total loss: [1m[32m0.10404[0m[0m | time: 153.207s
[2K
| Adam | epoch: 006 | loss: 0.10404 - acc: 0.9654 | val_loss: 0.46771 - val_acc: 0.8563 -- iter: 555/555
--
Training Step: 109  | total loss: [1m[32m0.09687[0m[0m | time: 8.670s
[2K
| Adam | epoch: 007 | loss: 0.09687 - acc: 0.9689 -- iter: 032/555
[A[ATraining Step: 110  | total loss: [1m[32m0.08872[0m[0m | time: 17.221s
[2K
| Adam | epoch: 007 | loss: 0.08872 - acc: 0.9720 -- iter: 064/555
[A[ATraining Step: 111  | total loss: [1m[32m0.08360[0m[0m | time: 25.911s
[2K
| Adam | epoch: 007 | loss: 0.08360 - acc: 0.9748 -- iter: 096/555
[A[ATraining Step: 112  | total loss: [1m[32m0.07760[0m[0m | time: 34.441s
[2K
| Adam | epoch: 007 | loss: 0.07760 - acc: 0.9773 -- iter: 128/555
[A[ATraining Step: 113  | total loss: [1m[32m0.07210[0m[0m | time: 37.783s
[2K
| Adam | epoch: 007 | loss: 0.07210 - acc: 0.9796 -- iter: 160/555
[A[ATraining Step: 114  | total loss: [1m[32m0.06856[0m[0m | time: 40.986s
[2K
| Adam | epoch: 007 | loss: 0.06856 - acc: 0.9816 -- iter: 192/555
[A[ATraining Step: 115  | total loss: [1m[32m0.06496[0m[0m | time: 49.446s
[2K
| Adam | epoch: 007 | loss: 0.06496 - acc: 0.9835 -- iter: 224/555
[A[ATraining Step: 116  | total loss: [1m[32m0.06280[0m[0m | time: 58.066s
[2K
| Adam | epoch: 007 | loss: 0.06280 - acc: 0.9851 -- iter: 256/555
[A[ATraining Step: 117  | total loss: [1m[32m0.08205[0m[0m | time: 66.687s
[2K
| Adam | epoch: 007 | loss: 0.08205 - acc: 0.9835 -- iter: 288/555
[A[ATraining Step: 118  | total loss: [1m[32m0.07834[0m[0m | time: 75.000s
[2K
| Adam | epoch: 007 | loss: 0.07834 - acc: 0.9820 -- iter: 320/555
[A[ATraining Step: 119  | total loss: [1m[32m0.07510[0m[0m | time: 83.669s
[2K
| Adam | epoch: 007 | loss: 0.07510 - acc: 0.9807 -- iter: 352/555
[A[ATraining Step: 120  | total loss: [1m[32m0.13807[0m[0m | time: 92.099s
[2K
| Adam | epoch: 007 | loss: 0.13807 - acc: 0.9732 -- iter: 384/555
[A[ATraining Step: 121  | total loss: [1m[32m0.12757[0m[0m | time: 100.714s
[2K
| Adam | epoch: 007 | loss: 0.12757 - acc: 0.9728 -- iter: 416/555
[A[ATraining Step: 122  | total loss: [1m[32m0.14854[0m[0m | time: 109.283s
[2K
| Adam | epoch: 007 | loss: 0.14854 - acc: 0.9599 -- iter: 448/555
[A[ATraining Step: 123  | total loss: [1m[32m0.14345[0m[0m | time: 117.936s
[2K
| Adam | epoch: 007 | loss: 0.14345 - acc: 0.9608 -- iter: 480/555
[A[ATraining Step: 124  | total loss: [1m[32m0.13975[0m[0m | time: 126.570s
[2K
| Adam | epoch: 007 | loss: 0.13975 - acc: 0.9616 -- iter: 512/555
[A[ATraining Step: 125  | total loss: [1m[32m0.12889[0m[0m | time: 135.197s
[2K
| Adam | epoch: 007 | loss: 0.12889 - acc: 0.9654 -- iter: 544/555
[A[ATraining Step: 126  | total loss: [1m[32m0.14273[0m[0m | time: 151.682s
[2K
| Adam | epoch: 007 | loss: 0.14273 - acc: 0.9595 | val_loss: 0.41661 - val_acc: 0.8276 -- iter: 555/555
--
Training Step: 127  | total loss: [1m[32m0.13319[0m[0m | time: 8.622s
[2K
| Adam | epoch: 008 | loss: 0.13319 - acc: 0.9636 -- iter: 032/555
[A[ATraining Step: 128  | total loss: [1m[32m0.12931[0m[0m | time: 17.084s
[2K
| Adam | epoch: 008 | loss: 0.12931 - acc: 0.9609 -- iter: 064/555
[A[ATraining Step: 129  | total loss: [1m[32m0.11860[0m[0m | time: 25.654s
[2K
| Adam | epoch: 008 | loss: 0.11860 - acc: 0.9649 -- iter: 096/555
[A[ATraining Step: 130  | total loss: [1m[32m0.10886[0m[0m | time: 34.214s
[2K
| Adam | epoch: 008 | loss: 0.10886 - acc: 0.9684 -- iter: 128/555
[A[ATraining Step: 131  | total loss: [1m[32m0.09953[0m[0m | time: 42.784s
[2K
| Adam | epoch: 008 | loss: 0.09953 - acc: 0.9715 -- iter: 160/555
[A[ATraining Step: 132  | total loss: [1m[32m0.09309[0m[0m | time: 46.203s
[2K
| Adam | epoch: 008 | loss: 0.09309 - acc: 0.9744 -- iter: 192/555
[A[ATraining Step: 133  | total loss: [1m[32m0.08629[0m[0m | time: 49.703s
[2K
| Adam | epoch: 008 | loss: 0.08629 - acc: 0.9769 -- iter: 224/555
[A[ATraining Step: 134  | total loss: [1m[32m0.07922[0m[0m | time: 58.104s
[2K
| Adam | epoch: 008 | loss: 0.07922 - acc: 0.9792 -- iter: 256/555
[A[ATraining Step: 135  | total loss: [1m[32m0.07405[0m[0m | time: 66.567s
[2K
| Adam | epoch: 008 | loss: 0.07405 - acc: 0.9813 -- iter: 288/555
[A[ATraining Step: 136  | total loss: [1m[32m0.07004[0m[0m | time: 74.995s
[2K
| Adam | epoch: 008 | loss: 0.07004 - acc: 0.9801 -- iter: 320/555
[A[ATraining Step: 137  | total loss: [1m[32m0.06549[0m[0m | time: 83.634s
[2K
| Adam | epoch: 008 | loss: 0.06549 - acc: 0.9821 -- iter: 352/555
[A[ATraining Step: 138  | total loss: [1m[32m0.06163[0m[0m | time: 92.166s
[2K
| Adam | epoch: 008 | loss: 0.06163 - acc: 0.9839 -- iter: 384/555
[A[ATraining Step: 139  | total loss: [1m[32m0.08120[0m[0m | time: 100.526s
[2K
| Adam | epoch: 008 | loss: 0.08120 - acc: 0.9792 -- iter: 416/555
[A[ATraining Step: 140  | total loss: [1m[32m0.07478[0m[0m | time: 109.124s
[2K
| Adam | epoch: 008 | loss: 0.07478 - acc: 0.9813 -- iter: 448/555
[A[ATraining Step: 141  | total loss: [1m[32m0.06952[0m[0m | time: 117.675s
[2K
| Adam | epoch: 008 | loss: 0.06952 - acc: 0.9832 -- iter: 480/555
[A[ATraining Step: 142  | total loss: [1m[32m0.06361[0m[0m | time: 126.385s
[2K
| Adam | epoch: 008 | loss: 0.06361 - acc: 0.9848 -- iter: 512/555
[A[ATraining Step: 143  | total loss: [1m[32m0.05763[0m[0m | time: 134.834s
[2K
| Adam | epoch: 008 | loss: 0.05763 - acc: 0.9864 -- iter: 544/555
[A[ATraining Step: 144  | total loss: [1m[32m0.05306[0m[0m | time: 151.105s
[2K
| Adam | epoch: 008 | loss: 0.05306 - acc: 0.9877 | val_loss: 0.56259 - val_acc: 0.8276 -- iter: 555/555
--
Training Step: 145  | total loss: [1m[32m0.04855[0m[0m | time: 8.423s
[2K
| Adam | epoch: 009 | loss: 0.04855 - acc: 0.9890 -- iter: 032/555
[A[ATraining Step: 146  | total loss: [1m[32m0.04738[0m[0m | time: 17.197s
[2K
| Adam | epoch: 009 | loss: 0.04738 - acc: 0.9869 -- iter: 064/555
[A[ATraining Step: 147  | total loss: [1m[32m0.05458[0m[0m | time: 25.762s
[2K
| Adam | epoch: 009 | loss: 0.05458 - acc: 0.9820 -- iter: 096/555
[A[ATraining Step: 148  | total loss: [1m[32m0.04958[0m[0m | time: 34.352s
[2K
| Adam | epoch: 009 | loss: 0.04958 - acc: 0.9838 -- iter: 128/555
[A[ATraining Step: 149  | total loss: [1m[32m0.04522[0m[0m | time: 42.843s
[2K
| Adam | epoch: 009 | loss: 0.04522 - acc: 0.9854 -- iter: 160/555
[A[ATraining Step: 150  | total loss: [1m[32m0.04178[0m[0m | time: 51.332s
[2K
| Adam | epoch: 009 | loss: 0.04178 - acc: 0.9869 -- iter: 192/555
[A[ATraining Step: 151  | total loss: [1m[32m0.03782[0m[0m | time: 54.666s
[2K
| Adam | epoch: 009 | loss: 0.03782 - acc: 0.9882 -- iter: 224/555
[A[ATraining Step: 152  | total loss: [1m[32m0.03450[0m[0m | time: 58.187s
[2K
| Adam | epoch: 009 | loss: 0.03450 - acc: 0.9894 -- iter: 256/555
[A[ATraining Step: 153  | total loss: [1m[32m0.03137[0m[0m | time: 66.542s
[2K
| Adam | epoch: 009 | loss: 0.03137 - acc: 0.9904 -- iter: 288/555
[A[ATraining Step: 154  | total loss: [1m[32m0.03107[0m[0m | time: 75.084s
[2K
| Adam | epoch: 009 | loss: 0.03107 - acc: 0.9914 -- iter: 320/555
[A[ATraining Step: 155  | total loss: [1m[32m0.03002[0m[0m | time: 83.667s
[2K
| Adam | epoch: 009 | loss: 0.03002 - acc: 0.9922 -- iter: 352/555
[A[ATraining Step: 156  | total loss: [1m[32m0.03077[0m[0m | time: 92.160s
[2K
| Adam | epoch: 009 | loss: 0.03077 - acc: 0.9899 -- iter: 384/555
[A[ATraining Step: 157  | total loss: [1m[32m0.02876[0m[0m | time: 100.678s
[2K
| Adam | epoch: 009 | loss: 0.02876 - acc: 0.9909 -- iter: 416/555
[A[ATraining Step: 158  | total loss: [1m[32m0.02615[0m[0m | time: 109.301s
[2K
| Adam | epoch: 009 | loss: 0.02615 - acc: 0.9918 -- iter: 448/555
[A[ATraining Step: 159  | total loss: [1m[32m0.02461[0m[0m | time: 117.904s
[2K
| Adam | epoch: 009 | loss: 0.02461 - acc: 0.9926 -- iter: 480/555
[A[ATraining Step: 160  | total loss: [1m[32m0.02387[0m[0m | time: 126.466s
[2K
| Adam | epoch: 009 | loss: 0.02387 - acc: 0.9934 -- iter: 512/555
[A[ATraining Step: 161  | total loss: [1m[32m0.02244[0m[0m | time: 135.131s
[2K
| Adam | epoch: 009 | loss: 0.02244 - acc: 0.9940 -- iter: 544/555
[A[ATraining Step: 162  | total loss: [1m[32m0.02486[0m[0m | time: 151.428s
[2K
| Adam | epoch: 009 | loss: 0.02486 - acc: 0.9915 | val_loss: 0.31962 - val_acc: 0.8448 -- iter: 555/555
--
Training Step: 163  | total loss: [1m[32m0.02272[0m[0m | time: 8.826s
[2K
| Adam | epoch: 010 | loss: 0.02272 - acc: 0.9924 -- iter: 032/555
[A[ATraining Step: 164  | total loss: [1m[32m0.02120[0m[0m | time: 17.370s
[2K
| Adam | epoch: 010 | loss: 0.02120 - acc: 0.9931 -- iter: 064/555
[A[ATraining Step: 165  | total loss: [1m[32m0.02027[0m[0m | time: 25.932s
[2K
| Adam | epoch: 010 | loss: 0.02027 - acc: 0.9938 -- iter: 096/555
[A[ATraining Step: 166  | total loss: [1m[32m0.01827[0m[0m | time: 36.205s
[2K
| Adam | epoch: 010 | loss: 0.01827 - acc: 0.9944 -- iter: 128/555
[A[ATraining Step: 167  | total loss: [1m[32m0.04038[0m[0m | time: 46.734s
[2K
| Adam | epoch: 010 | loss: 0.04038 - acc: 0.9919 -- iter: 160/555
[A[ATraining Step: 168  | total loss: [1m[32m0.03775[0m[0m | time: 56.666s
[2K
| Adam | epoch: 010 | loss: 0.03775 - acc: 0.9927 -- iter: 192/555
[A[ATraining Step: 169  | total loss: [1m[32m0.03486[0m[0m | time: 66.947s
[2K
| Adam | epoch: 010 | loss: 0.03486 - acc: 0.9934 -- iter: 224/555
[A[ATraining Step: 170  | total loss: [1m[32m0.04758[0m[0m | time: 70.600s
[2K
| Adam | epoch: 010 | loss: 0.04758 - acc: 0.9816 -- iter: 256/555
[A[ATraining Step: 171  | total loss: [1m[32m0.05022[0m[0m | time: 74.961s
[2K
| Adam | epoch: 010 | loss: 0.05022 - acc: 0.9743 -- iter: 288/555
[A[ATraining Step: 172  | total loss: [1m[32m0.04694[0m[0m | time: 85.797s
[2K
| Adam | epoch: 010 | loss: 0.04694 - acc: 0.9769 -- iter: 320/555
[A[ATraining Step: 173  | total loss: [1m[32m0.05421[0m[0m | time: 95.507s
[2K
| Adam | epoch: 010 | loss: 0.05421 - acc: 0.9729 -- iter: 352/555
[A[ATraining Step: 174  | total loss: [1m[32m0.05064[0m[0m | time: 105.749s
[2K
| Adam | epoch: 010 | loss: 0.05064 - acc: 0.9757 -- iter: 384/555
[A[ATraining Step: 175  | total loss: [1m[32m0.05049[0m[0m | time: 115.796s
[2K
| Adam | epoch: 010 | loss: 0.05049 - acc: 0.9750 -- iter: 416/555
[A[ATraining Step: 176  | total loss: [1m[32m0.04723[0m[0m | time: 126.570s
[2K
| Adam | epoch: 010 | loss: 0.04723 - acc: 0.9775 -- iter: 448/555
[A[ATraining Step: 177  | total loss: [1m[32m0.12209[0m[0m | time: 137.067s
[2K
| Adam | epoch: 010 | loss: 0.12209 - acc: 0.9672 -- iter: 480/555
[A[ATraining Step: 178  | total loss: [1m[32m0.13166[0m[0m | time: 147.337s
[2K
| Adam | epoch: 010 | loss: 0.13166 - acc: 0.9611 -- iter: 512/555
[A[ATraining Step: 179  | total loss: [1m[32m0.12236[0m[0m | time: 158.032s
[2K
| Adam | epoch: 010 | loss: 0.12236 - acc: 0.9650 -- iter: 544/555
[A[ATraining Step: 180  | total loss: [1m[32m0.13887[0m[0m | time: 177.750s
[2K
| Adam | epoch: 010 | loss: 0.13887 - acc: 0.9560 | val_loss: 0.53877 - val_acc: 0.7931 -- iter: 555/555
--
Training Step: 181  | total loss: [1m[32m0.12979[0m[0m | time: 9.916s
[2K
| Adam | epoch: 011 | loss: 0.12979 - acc: 0.9573 -- iter: 032/555
[A[ATraining Step: 182  | total loss: [1m[32m0.12290[0m[0m | time: 20.548s
[2K
| Adam | epoch: 011 | loss: 0.12290 - acc: 0.9616 -- iter: 064/555
[A[ATraining Step: 183  | total loss: [1m[32m0.11538[0m[0m | time: 30.458s
[2K
| Adam | epoch: 011 | loss: 0.11538 - acc: 0.9623 -- iter: 096/555
[A[ATraining Step: 184  | total loss: [1m[32m0.10616[0m[0m | time: 41.019s
[2K
| Adam | epoch: 011 | loss: 0.10616 - acc: 0.9660 -- iter: 128/555
[A[ATraining Step: 185  | total loss: [1m[32m0.11373[0m[0m | time: 50.788s
[2K
| Adam | epoch: 011 | loss: 0.11373 - acc: 0.9632 -- iter: 160/555
[A[ATraining Step: 186  | total loss: [1m[32m0.10801[0m[0m | time: 61.637s
[2K
| Adam | epoch: 011 | loss: 0.10801 - acc: 0.9637 -- iter: 192/555
[A[ATraining Step: 187  | total loss: [1m[32m0.10221[0m[0m | time: 71.280s
[2K
| Adam | epoch: 011 | loss: 0.10221 - acc: 0.9674 -- iter: 224/555
[A[ATraining Step: 188  | total loss: [1m[32m0.09465[0m[0m | time: 80.580s
[2K
| Adam | epoch: 011 | loss: 0.09465 - acc: 0.9706 -- iter: 256/555
[A[ATraining Step: 189  | total loss: [1m[32m0.08864[0m[0m | time: 84.818s
[2K
| Adam | epoch: 011 | loss: 0.08864 - acc: 0.9736 -- iter: 288/555
[A[ATraining Step: 190  | total loss: [1m[32m0.14648[0m[0m | time: 89.020s
[2K
| Adam | epoch: 011 | loss: 0.14648 - acc: 0.9308 -- iter: 320/555
[A[ATraining Step: 191  | total loss: [1m[32m0.15255[0m[0m | time: 98.870s
[2K
| Adam | epoch: 011 | loss: 0.15255 - acc: 0.9377 -- iter: 352/555
[A[ATraining Step: 192  | total loss: [1m[32m0.16867[0m[0m | time: 109.240s
[2K
| Adam | epoch: 011 | loss: 0.16867 - acc: 0.9345 -- iter: 384/555
[A[ATraining Step: 193  | total loss: [1m[32m0.15972[0m[0m | time: 119.412s
[2K
| Adam | epoch: 011 | loss: 0.15972 - acc: 0.9380 -- iter: 416/555
[A[ATraining Step: 194  | total loss: [1m[32m0.17653[0m[0m | time: 129.284s
[2K
| Adam | epoch: 011 | loss: 0.17653 - acc: 0.9285 -- iter: 448/555
[A[ATraining Step: 195  | total loss: [1m[32m0.18883[0m[0m | time: 139.662s
[2K
| Adam | epoch: 011 | loss: 0.18883 - acc: 0.9169 -- iter: 480/555
[A[ATraining Step: 196  | total loss: [1m[32m0.17180[0m[0m | time: 149.528s
[2K
| Adam | epoch: 011 | loss: 0.17180 - acc: 0.9252 -- iter: 512/555
[A[ATraining Step: 197  | total loss: [1m[32m0.16305[0m[0m | time: 160.256s
[2K
| Adam | epoch: 011 | loss: 0.16305 - acc: 0.9327 -- iter: 544/555
[A[ATraining Step: 198  | total loss: [1m[32m0.15078[0m[0m | time: 178.415s
[2K
| Adam | epoch: 011 | loss: 0.15078 - acc: 0.9394 | val_loss: 4.91779 - val_acc: 0.5172 -- iter: 555/555
--
Training Step: 199  | total loss: [1m[32m0.14201[0m[0m | time: 8.558s
[2K
| Adam | epoch: 012 | loss: 0.14201 - acc: 0.9424 -- iter: 032/555
[A[ATraining Step: 200  | total loss: [1m[32m0.13380[0m[0m | time: 24.706s
[2K
| Adam | epoch: 012 | loss: 0.13380 - acc: 0.9450 | val_loss: 8.18994 - val_acc: 0.4770 -- iter: 064/555
--
Training Step: 201  | total loss: [1m[32m0.12361[0m[0m | time: 33.313s
[2K
| Adam | epoch: 012 | loss: 0.12361 - acc: 0.9505 -- iter: 096/555
[A[ATraining Step: 202  | total loss: [1m[32m0.11335[0m[0m | time: 41.744s
[2K
| Adam | epoch: 012 | loss: 0.11335 - acc: 0.9555 -- iter: 128/555
[A[ATraining Step: 203  | total loss: [1m[32m0.10706[0m[0m | time: 50.292s
[2K
| Adam | epoch: 012 | loss: 0.10706 - acc: 0.9568 -- iter: 160/555
[A[ATraining Step: 204  | total loss: [1m[32m0.10574[0m[0m | time: 58.959s
[2K
| Adam | epoch: 012 | loss: 0.10574 - acc: 0.9580 -- iter: 192/555
[A[ATraining Step: 205  | total loss: [1m[32m0.09735[0m[0m | time: 67.487s
[2K
| Adam | epoch: 012 | loss: 0.09735 - acc: 0.9622 -- iter: 224/555
[A[ATraining Step: 206  | total loss: [1m[32m0.10005[0m[0m | time: 76.271s
[2K
| Adam | epoch: 012 | loss: 0.10005 - acc: 0.9566 -- iter: 256/555
[A[ATraining Step: 207  | total loss: [1m[32m0.09169[0m[0m | time: 84.736s
[2K
| Adam | epoch: 012 | loss: 0.09169 - acc: 0.9609 -- iter: 288/555
[A[ATraining Step: 208  | total loss: [1m[32m0.10863[0m[0m | time: 88.074s
[2K
| Adam | epoch: 012 | loss: 0.10863 - acc: 0.9586 -- iter: 320/555
[A[ATraining Step: 209  | total loss: [1m[32m0.09806[0m[0m | time: 91.330s
[2K
| Adam | epoch: 012 | loss: 0.09806 - acc: 0.9627 -- iter: 352/555
[A[ATraining Step: 210  | total loss: [1m[32m0.08861[0m[0m | time: 99.916s
[2K
| Adam | epoch: 012 | loss: 0.08861 - acc: 0.9665 -- iter: 384/555
[A[ATraining Step: 211  | total loss: [1m[32m0.08084[0m[0m | time: 108.383s
[2K
| Adam | epoch: 012 | loss: 0.08084 - acc: 0.9698 -- iter: 416/555
[A[ATraining Step: 212  | total loss: [1m[32m0.07539[0m[0m | time: 117.045s
[2K
| Adam | epoch: 012 | loss: 0.07539 - acc: 0.9728 -- iter: 448/555
[A[ATraining Step: 213  | total loss: [1m[32m0.07241[0m[0m | time: 125.754s
[2K
| Adam | epoch: 012 | loss: 0.07241 - acc: 0.9755 -- iter: 480/555
[A[ATraining Step: 214  | total loss: [1m[32m0.07040[0m[0m | time: 134.391s
[2K
| Adam | epoch: 012 | loss: 0.07040 - acc: 0.9749 -- iter: 512/555
[A[ATraining Step: 215  | total loss: [1m[32m0.09066[0m[0m | time: 143.138s
[2K
| Adam | epoch: 012 | loss: 0.09066 - acc: 0.9649 -- iter: 544/555
[A[ATraining Step: 216  | total loss: [1m[32m0.08712[0m[0m | time: 159.547s
[2K
| Adam | epoch: 012 | loss: 0.08712 - acc: 0.9653 | val_loss: 0.46868 - val_acc: 0.8333 -- iter: 555/555
--
Training Step: 217  | total loss: [1m[32m0.08020[0m[0m | time: 8.941s
[2K
| Adam | epoch: 013 | loss: 0.08020 - acc: 0.9687 -- iter: 032/555
[A[ATraining Step: 218  | total loss: [1m[32m0.07403[0m[0m | time: 17.768s
[2K
| Adam | epoch: 013 | loss: 0.07403 - acc: 0.9719 -- iter: 064/555
[A[ATraining Step: 219  | total loss: [1m[32m0.06937[0m[0m | time: 35.424s
[2K
| Adam | epoch: 013 | loss: 0.06937 - acc: 0.9747 -- iter: 096/555
[A[ATraining Step: 220  | total loss: [1m[32m0.06409[0m[0m | time: 53.679s
[2K
| Adam | epoch: 013 | loss: 0.06409 - acc: 0.9772 -- iter: 128/555
[A[ATraining Step: 221  | total loss: [1m[32m0.06034[0m[0m | time: 72.524s
[2K
| Adam | epoch: 013 | loss: 0.06034 - acc: 0.9795 -- iter: 160/555
[A[ATraining Step: 222  | total loss: [1m[32m0.05914[0m[0m | time: 90.775s
[2K
| Adam | epoch: 013 | loss: 0.05914 - acc: 0.9815 -- iter: 192/555
[A[ATraining Step: 223  | total loss: [1m[32m0.05361[0m[0m | time: 111.050s
[2K
| Adam | epoch: 013 | loss: 0.05361 - acc: 0.9834 -- iter: 224/555
[A[ATraining Step: 224  | total loss: [1m[32m0.05442[0m[0m | time: 129.658s
[2K
| Adam | epoch: 013 | loss: 0.05442 - acc: 0.9819 -- iter: 256/555
[A[ATraining Step: 225  | total loss: [1m[32m0.04966[0m[0m | time: 153.023s
[2K
| Adam | epoch: 013 | loss: 0.04966 - acc: 0.9837 -- iter: 288/555
[A[ATraining Step: 226  | total loss: [1m[32m0.04730[0m[0m | time: 171.497s
[2K
| Adam | epoch: 013 | loss: 0.04730 - acc: 0.9854 -- iter: 320/555
[A[ATraining Step: 227  | total loss: [1m[32m0.04389[0m[0m | time: 178.769s
[2K
| Adam | epoch: 013 | loss: 0.04389 - acc: 0.9868 -- iter: 352/555
[A[ATraining Step: 228  | total loss: [1m[32m0.04588[0m[0m | time: 190.649s
[2K
| Adam | epoch: 013 | loss: 0.04588 - acc: 0.9881 -- iter: 384/555
[A[ATraining Step: 229  | total loss: [1m[32m0.04251[0m[0m | time: 213.183s
[2K
| Adam | epoch: 013 | loss: 0.04251 - acc: 0.9893 -- iter: 416/555
[A[ATraining Step: 230  | total loss: [1m[32m0.04458[0m[0m | time: 232.633s
[2K
| Adam | epoch: 013 | loss: 0.04458 - acc: 0.9873 -- iter: 448/555
[A[ATraining Step: 231  | total loss: [1m[32m0.04075[0m[0m | time: 257.998s
[2K
| Adam | epoch: 013 | loss: 0.04075 - acc: 0.9885 -- iter: 480/555
[A[ATraining Step: 232  | total loss: [1m[32m0.03755[0m[0m | time: 273.390s
[2K
| Adam | epoch: 013 | loss: 0.03755 - acc: 0.9897 -- iter: 512/555
[A[ATraining Step: 233  | total loss: [1m[32m0.03434[0m[0m | time: 285.235s
[2K
| Adam | epoch: 013 | loss: 0.03434 - acc: 0.9907 -- iter: 544/555
[A[ATraining Step: 234  | total loss: [1m[32m0.04379[0m[0m | time: 309.607s
[2K
| Adam | epoch: 013 | loss: 0.04379 - acc: 0.9885 | val_loss: 0.71594 - val_acc: 0.7816 -- iter: 555/555
--
Training Step: 235  | total loss: [1m[32m0.03996[0m[0m | time: 93.664s
[2K
| Adam | epoch: 014 | loss: 0.03996 - acc: 0.9897 -- iter: 032/555
[A[ATraining Step: 236  | total loss: [1m[32m0.03817[0m[0m | time: 129.367s
[2K
| Adam | epoch: 014 | loss: 0.03817 - acc: 0.9907 -- iter: 064/555
[A[ATraining Step: 237  | total loss: [1m[32m0.03463[0m[0m | time: 170.660s
[2K
| Adam | epoch: 014 | loss: 0.03463 - acc: 0.9916 -- iter: 096/555
[A[ATraining Step: 238  | total loss: [1m[32m0.03196[0m[0m | time: 192.167s
[2K
| Adam | epoch: 014 | loss: 0.03196 - acc: 0.9925 -- iter: 128/555
[A[ATraining Step: 239  | total loss: [1m[32m0.03064[0m[0m | time: 219.662s
[2K
| Adam | epoch: 014 | loss: 0.03064 - acc: 0.9932 -- iter: 160/555
[A[ATraining Step: 240  | total loss: [1m[32m0.03123[0m[0m | time: 261.915s
[2K
| Adam | epoch: 014 | loss: 0.03123 - acc: 0.9908 -- iter: 192/555
[A[ATraining Step: 241  | total loss: [1m[32m0.03049[0m[0m | time: 284.250s
[2K
| Adam | epoch: 014 | loss: 0.03049 - acc: 0.9917 -- iter: 224/555
[A[ATraining Step: 242  | total loss: [1m[32m0.02787[0m[0m | time: 309.950s
[2K
| Adam | epoch: 014 | loss: 0.02787 - acc: 0.9925 -- iter: 256/555
[A[ATraining Step: 243  | total loss: [1m[32m0.02882[0m[0m | time: 339.960s
[2K
| Adam | epoch: 014 | loss: 0.02882 - acc: 0.9902 -- iter: 288/555
[A[ATraining Step: 244  | total loss: [1m[32m0.03147[0m[0m | time: 371.745s
[2K
| Adam | epoch: 014 | loss: 0.03147 - acc: 0.9880 -- iter: 320/555
[A[ATraining Step: 245  | total loss: [1m[32m0.02879[0m[0m | time: 409.143s
[2K
| Adam | epoch: 014 | loss: 0.02879 - acc: 0.9892 -- iter: 352/555
[A[ATraining Step: 246  | total loss: [1m[32m0.02614[0m[0m | time: 418.612s
[2K
| Adam | epoch: 014 | loss: 0.02614 - acc: 0.9903 -- iter: 384/555
[A[ATraining Step: 247  | total loss: [1m[32m0.02719[0m[0m | time: 428.002s
[2K
| Adam | epoch: 014 | loss: 0.02719 - acc: 0.9913 -- iter: 416/555
[A[ATraining Step: 248  | total loss: [1m[32m0.02508[0m[0m | time: 443.223s
[2K
| Adam | epoch: 014 | loss: 0.02508 - acc: 0.9921 -- iter: 448/555
[A[ATraining Step: 249  | total loss: [1m[32m0.03014[0m[0m | time: 457.744s
[2K
| Adam | epoch: 014 | loss: 0.03014 - acc: 0.9867 -- iter: 480/555
[A[ATraining Step: 250  | total loss: [1m[32m0.02831[0m[0m | time: 477.007s
[2K
| Adam | epoch: 014 | loss: 0.02831 - acc: 0.9880 -- iter: 512/555
[A[ATraining Step: 251  | total loss: [1m[32m0.03362[0m[0m | time: 515.878s
[2K
| Adam | epoch: 014 | loss: 0.03362 - acc: 0.9861 -- iter: 544/555
[A[ATraining Step: 252  | total loss: [1m[32m0.03034[0m[0m | time: 563.775s
[2K
| Adam | epoch: 014 | loss: 0.03034 - acc: 0.9875 | val_loss: 1.02529 - val_acc: 0.7701 -- iter: 555/555
--
Training Step: 253  | total loss: [1m[32m0.06285[0m[0m | time: 19.954s
[2K
| Adam | epoch: 015 | loss: 0.06285 - acc: 0.9825 -- iter: 032/555
[A[ATraining Step: 254  | total loss: [1m[32m0.05663[0m[0m | time: 43.732s
[2K
| Adam | epoch: 015 | loss: 0.05663 - acc: 0.9842 -- iter: 064/555
[A[ATraining Step: 255  | total loss: [1m[32m0.09253[0m[0m | time: 70.736s
[2K
| Adam | epoch: 015 | loss: 0.09253 - acc: 0.9733 -- iter: 096/555
[A[ATraining Step: 256  | total loss: [1m[32m0.08651[0m[0m | time: 91.775s
[2K
| Adam | epoch: 015 | loss: 0.08651 - acc: 0.9760 -- iter: 128/555
[A[ATraining Step: 257  | total loss: [1m[32m0.09029[0m[0m | time: 110.836s
[2K
| Adam | epoch: 015 | loss: 0.09029 - acc: 0.9721 -- iter: 160/555
[A[ATraining Step: 258  | total loss: [1m[32m0.08497[0m[0m | time: 132.123s
[2K
| Adam | epoch: 015 | loss: 0.08497 - acc: 0.9718 -- iter: 192/555
[A[ATraining Step: 259  | total loss: [1m[32m0.07762[0m[0m | time: 150.346s
[2K
| Adam | epoch: 015 | loss: 0.07762 - acc: 0.9746 -- iter: 224/555
[A[ATraining Step: 260  | total loss: [1m[32m0.07021[0m[0m | time: 180.567s
[2K
| Adam | epoch: 015 | loss: 0.07021 - acc: 0.9771 -- iter: 256/555
[A[ATraining Step: 261  | total loss: [1m[32m0.06389[0m[0m | time: 204.691s
[2K
| Adam | epoch: 015 | loss: 0.06389 - acc: 0.9794 -- iter: 288/555
[A[ATraining Step: 262  | total loss: [1m[32m0.06254[0m[0m | time: 236.689s
[2K
| Adam | epoch: 015 | loss: 0.06254 - acc: 0.9784 -- iter: 320/555
[A[ATraining Step: 263  | total loss: [1m[32m0.05755[0m[0m | time: 256.668s
[2K
| Adam | epoch: 015 | loss: 0.05755 - acc: 0.9805 -- iter: 352/555
[A[ATraining Step: 264  | total loss: [1m[32m0.05247[0m[0m | time: 275.998s
[2K
| Adam | epoch: 015 | loss: 0.05247 - acc: 0.9825 -- iter: 384/555
[A[ATraining Step: 265  | total loss: [1m[32m0.05541[0m[0m | time: 284.694s
[2K
| Adam | epoch: 015 | loss: 0.05541 - acc: 0.9811 -- iter: 416/555
[A[ATraining Step: 266  | total loss: [1m[32m0.05887[0m[0m | time: 293.666s
[2K
| Adam | epoch: 015 | loss: 0.05887 - acc: 0.9830 -- iter: 448/555
[A[ATraining Step: 267  | total loss: [1m[32m0.05536[0m[0m | time: 315.884s
[2K
| Adam | epoch: 015 | loss: 0.05536 - acc: 0.9847 -- iter: 480/555
[A[ATraining Step: 268  | total loss: [1m[32m0.05270[0m[0m | time: 335.579s
[2K
| Adam | epoch: 015 | loss: 0.05270 - acc: 0.9831 -- iter: 512/555
[A[ATraining Step: 269  | total loss: [1m[32m0.07940[0m[0m | time: 352.164s
[2K
| Adam | epoch: 015 | loss: 0.07940 - acc: 0.9754 -- iter: 544/555
[A[ATraining Step: 270  | total loss: [1m[32m0.07229[0m[0m | time: 385.760s
[2K
| Adam | epoch: 015 | loss: 0.07229 - acc: 0.9779 | val_loss: 0.23746 - val_acc: 0.9540 -- iter: 555/555
--
Validation AUC:0.9904920212765957
Validation AUPRC:0.9761219270358255
Test AUC:0.9977432629762378
Test AUPRC:0.9982111410223278
BestTestF1Score	0.99	0.98	0.99	0.99	0.99	92	1	80	1	0.97
BestTestMCCScore	0.99	0.98	0.99	0.99	0.99	92	1	80	1	0.97
BestTestAccuracyScore	0.99	0.98	0.99	0.99	0.99	92	1	80	1	0.97
BestValidationF1Score	0.98	0.97	0.98	0.96	1.0	80	3	91	0	0.97
BestValidationMCC	0.98	0.97	0.98	0.96	1.0	80	3	91	0	0.97
BestValidationAccuracy	0.98	0.97	0.98	0.96	1.0	80	3	91	0	0.97
TestPredictions (Threshold:0.97)
CHEMBL338362,TP,ACT,1.0	CHEMBL324652,TN,INACT,0.009999999776482582	CHEMBL515170,TN,INACT,0.019999999552965164	CHEMBL20171,TP,ACT,1.0	CHEMBL125406,TP,ACT,1.0	CHEMBL338522,TP,ACT,1.0	CHEMBL321644,TN,INACT,0.03999999910593033	CHEMBL2373213,TN,INACT,0.03999999910593033	CHEMBL282426,TN,INACT,0.019999999552965164	CHEMBL283320,TN,INACT,0.0	CHEMBL3633663,TN,INACT,0.009999999776482582	CHEMBL62716,TN,INACT,0.009999999776482582	CHEMBL170335,TN,INACT,0.019999999552965164	CHEMBL91301,TN,INACT,0.0	CHEMBL142822,TN,INACT,0.009999999776482582	CHEMBL69202,TP,ACT,1.0	CHEMBL434993,TP,ACT,1.0	CHEMBL202861,TN,INACT,0.5899999737739563	CHEMBL2112247,TP,ACT,1.0	CHEMBL128978,TP,ACT,1.0	CHEMBL3350126,TP,ACT,1.0	CHEMBL135988,TN,INACT,0.0	CHEMBL21328,TN,INACT,0.0	CHEMBL129971,TP,ACT,1.0	CHEMBL220820,TN,INACT,0.009999999776482582	CHEMBL126717,TP,ACT,1.0	CHEMBL320569,TN,INACT,0.0	CHEMBL100624,TN,INACT,0.0	CHEMBL266898,TP,ACT,1.0	CHEMBL60435,TN,INACT,0.0	CHEMBL461088,TN,INACT,0.27000001072883606	CHEMBL267094,TN,INACT,0.0	CHEMBL130476,TP,ACT,1.0	CHEMBL3349464,TP,ACT,1.0	CHEMBL419973,TP,ACT,1.0	CHEMBL128327,TP,ACT,1.0	CHEMBL110053,TN,INACT,0.0	CHEMBL174448,TN,INACT,0.3700000047683716	CHEMBL52813,TP,ACT,1.0	CHEMBL2372311,TP,ACT,1.0	CHEMBL320254,TN,INACT,0.0	CHEMBL422080,TP,ACT,1.0	CHEMBL3218122,TN,INACT,0.03999999910593033	CHEMBL131564,TP,ACT,1.0	CHEMBL505086,TN,INACT,0.009999999776482582	CHEMBL435021,TP,ACT,1.0	CHEMBL335886,TP,ACT,1.0	CHEMBL3350121,TP,ACT,1.0	CHEMBL265490,TP,ACT,1.0	CHEMBL241082,TN,INACT,0.019999999552965164	CHEMBL296908,TP,ACT,1.0	CHEMBL311781,TN,INACT,0.009999999776482582	CHEMBL76860,TN,INACT,0.0	CHEMBL341049,TP,ACT,1.0	CHEMBL283317,TP,ACT,1.0	CHEMBL130742,TP,ACT,1.0	CHEMBL110064,TN,INACT,0.009999999776482582	CHEMBL298612,TN,INACT,0.0	CHEMBL149592,TN,INACT,0.0	CHEMBL340320,TP,ACT,1.0	CHEMBL373968,TP,ACT,1.0	CHEMBL2370509,TN,INACT,0.8899999856948853	CHEMBL337889,TP,ACT,1.0	CHEMBL114074,TN,INACT,0.0	CHEMBL88629,TN,INACT,0.7799999713897705	CHEMBL10211,TN,INACT,0.10000000149011612	CHEMBL338020,TP,ACT,1.0	CHEMBL126472,TN,INACT,0.10000000149011612	CHEMBL302359,TN,INACT,0.0	CHEMBL2112899,TP,ACT,1.0	CHEMBL129234,TP,ACT,1.0	CHEMBL70728,TN,INACT,0.0	CHEMBL68480,TP,ACT,1.0	CHEMBL375324,TP,ACT,1.0	CHEMBL434674,TN,INACT,0.029999999329447746	CHEMBL340153,TP,ACT,1.0	CHEMBL126765,TP,ACT,1.0	CHEMBL40986,TN,INACT,0.009999999776482582	CHEMBL20168,TN,INACT,0.0	CHEMBL326085,TN,INACT,0.009999999776482582	CHEMBL332446,TN,INACT,0.0	CHEMBL24682,TP,ACT,1.0	CHEMBL304888,TN,INACT,0.0	CHEMBL435815,TP,ACT,1.0	CHEMBL2112592,TN,INACT,0.949999988079071	CHEMBL20002,TP,ACT,1.0	CHEMBL24781,TP,ACT,1.0	CHEMBL403029,TN,INACT,0.14000000059604645	CHEMBL434825,TP,ACT,0.9900000095367432	CHEMBL339118,TP,ACT,1.0	CHEMBL265073,TP,ACT,1.0	CHEMBL279520,TN,INACT,0.0	CHEMBL129268,TP,ACT,1.0	CHEMBL92318,TN,INACT,0.0	CHEMBL128194,TP,ACT,1.0	CHEMBL343158,TN,INACT,0.03999999910593033	CHEMBL131499,TP,ACT,1.0	CHEMBL116226,FN,ACT,0.11999999731779099	CHEMBL340383,TP,ACT,1.0	CHEMBL339302,TP,ACT,1.0	CHEMBL340016,TP,ACT,1.0	CHEMBL3309718,TN,INACT,0.0	CHEMBL162095,TN,INACT,0.25999999046325684	CHEMBL435398,TP,ACT,1.0	CHEMBL141354,TN,INACT,0.019999999552965164	CHEMBL3273609,TP,ACT,1.0	CHEMBL15689,TN,INACT,0.800000011920929	CHEMBL10808,TN,INACT,0.6800000071525574	CHEMBL2042400,TN,INACT,0.10999999940395355	CHEMBL129955,TP,ACT,1.0	CHEMBL128712,TP,ACT,1.0	CHEMBL338177,TP,ACT,1.0	CHEMBL102390,TN,INACT,0.0	CHEMBL1790548,TP,ACT,1.0	CHEMBL320763,TN,INACT,0.009999999776482582	CHEMBL44134,TN,INACT,0.07000000029802322	CHEMBL334933,TN,INACT,0.0	CHEMBL24526,TP,ACT,1.0	CHEMBL300103,TP,ACT,1.0	CHEMBL1790544,TP,ACT,1.0	CHEMBL338711,TP,ACT,1.0	CHEMBL59,TN,INACT,0.0	CHEMBL423405,FP,INACT,0.9900000095367432	CHEMBL66567,TP,ACT,0.9700000286102295	CHEMBL449399,TP,ACT,1.0	CHEMBL78929,TN,INACT,0.0	CHEMBL2112900,TP,ACT,1.0	CHEMBL127119,TP,ACT,1.0	CHEMBL339093,TP,ACT,1.0	CHEMBL441195,TP,ACT,1.0	CHEMBL42411,TN,INACT,0.8999999761581421	CHEMBL265048,TP,ACT,1.0	CHEMBL340588,TP,ACT,1.0	CHEMBL3229638,TP,ACT,1.0	CHEMBL24456,TP,ACT,0.9800000190734863	CHEMBL339464,TP,ACT,1.0	CHEMBL340334,TP,ACT,1.0	CHEMBL69539,TP,ACT,1.0	CHEMBL335876,TP,ACT,1.0	CHEMBL394642,TN,INACT,0.0	CHEMBL341267,TP,ACT,1.0	CHEMBL322537,TN,INACT,0.0	CHEMBL2164612,TN,INACT,0.019999999552965164	CHEMBL45875,TN,INACT,0.0	CHEMBL1259241,TN,INACT,0.0	CHEMBL339124,TP,ACT,1.0	CHEMBL89953,TN,INACT,0.49000000953674316	CHEMBL423156,TP,ACT,1.0	CHEMBL335182,TP,ACT,1.0	CHEMBL340676,TP,ACT,1.0	CHEMBL297215,TN,INACT,0.07999999821186066	CHEMBL2112488,TN,INACT,0.019999999552965164	CHEMBL340920,TP,ACT,1.0	CHEMBL338294,TP,ACT,1.0	CHEMBL78830,TN,INACT,0.009999999776482582	CHEMBL68914,TP,ACT,0.9800000190734863	CHEMBL312266,TN,INACT,0.0	CHEMBL322547,TN,INACT,0.019999999552965164	CHEMBL42360,TN,INACT,0.009999999776482582	CHEMBL417458,TP,ACT,1.0	CHEMBL39879,TN,INACT,0.03999999910593033	CHEMBL324586,TN,INACT,0.09000000357627869	CHEMBL42359,TN,INACT,0.0	CHEMBL306416,TP,ACT,1.0	CHEMBL241099,TN,INACT,0.029999999329447746	CHEMBL76360,TN,INACT,0.0	CHEMBL128398,TP,ACT,1.0	CHEMBL593443,TN,INACT,0.0	CHEMBL2112666,TP,ACT,1.0	CHEMBL128163,TP,ACT,1.0	CHEMBL338576,TP,ACT,1.0	CHEMBL340237,TP,ACT,1.0	CHEMBL435613,TP,ACT,1.0	CHEMBL20757,TP,ACT,1.0	

