ImageNetInceptionV2 CHEMBL4478 RMSprop 0.0005 5 0 0 0.8 False True
Number of active compounds :	198
Number of inactive compounds :	198
---------------------------------
Run id: ImageNetInceptionV2_CHEMBL4478_RMSprop_0.0005_5_0_0_0.8_False_True_id
Log directory: ../tflearnLogs/ImageNetInceptionV2_CHEMBL4478_RMSprop_0.0005_5_0.8/
---------------------------------
Training samples: 252
Validation samples: 80
--
Training Step: 1  | time: 38.632s
[2K
| RMSProp | epoch: 001 | loss: 0.00000 - acc: 0.0000 -- iter: 032/252
[A[ATraining Step: 2  | total loss: [1m[32m0.60868[0m[0m | time: 46.858s
[2K
| RMSProp | epoch: 001 | loss: 0.60868 - acc: 0.5344 -- iter: 064/252
[A[ATraining Step: 3  | total loss: [1m[32m0.69516[0m[0m | time: 55.097s
[2K
| RMSProp | epoch: 001 | loss: 0.69516 - acc: 0.4551 -- iter: 096/252
[A[ATraining Step: 4  | total loss: [1m[32m0.74245[0m[0m | time: 63.350s
[2K
| RMSProp | epoch: 001 | loss: 0.74245 - acc: 0.3716 -- iter: 128/252
[A[ATraining Step: 5  | total loss: [1m[32m0.72133[0m[0m | time: 71.628s
[2K
| RMSProp | epoch: 001 | loss: 0.72133 - acc: 0.4172 -- iter: 160/252
[A[ATraining Step: 6  | total loss: [1m[32m0.68625[0m[0m | time: 79.817s
[2K
| RMSProp | epoch: 001 | loss: 0.68625 - acc: 0.5307 -- iter: 192/252
[A[ATraining Step: 7  | total loss: [1m[32m0.70607[0m[0m | time: 87.964s
[2K
| RMSProp | epoch: 001 | loss: 0.70607 - acc: 0.4373 -- iter: 224/252
[A[ATraining Step: 8  | total loss: [1m[32m0.70991[0m[0m | time: 104.420s
[2K
| RMSProp | epoch: 001 | loss: 0.70991 - acc: 0.4198 | val_loss: 0.68999 - val_acc: 0.5500 -- iter: 252/252
--
Training Step: 9  | total loss: [1m[32m0.69261[0m[0m | time: 7.434s
[2K
| RMSProp | epoch: 002 | loss: 0.69261 - acc: 0.5568 -- iter: 032/252
[A[ATraining Step: 10  | total loss: [1m[32m0.69807[0m[0m | time: 15.835s
[2K
| RMSProp | epoch: 002 | loss: 0.69807 - acc: 0.5641 -- iter: 064/252
[A[ATraining Step: 11  | total loss: [1m[32m0.70369[0m[0m | time: 24.054s
[2K
| RMSProp | epoch: 002 | loss: 0.70369 - acc: 0.5041 -- iter: 096/252
[A[ATraining Step: 12  | total loss: [1m[32m0.71064[0m[0m | time: 32.352s
[2K
| RMSProp | epoch: 002 | loss: 0.71064 - acc: 0.5304 -- iter: 128/252
[A[ATraining Step: 13  | total loss: [1m[32m0.71230[0m[0m | time: 40.748s
[2K
| RMSProp | epoch: 002 | loss: 0.71230 - acc: 0.5040 -- iter: 160/252
[A[ATraining Step: 14  | total loss: [1m[32m0.71152[0m[0m | time: 49.081s
[2K
| RMSProp | epoch: 002 | loss: 0.71152 - acc: 0.5024 -- iter: 192/252
[A[ATraining Step: 15  | total loss: [1m[32m0.70165[0m[0m | time: 57.416s
[2K
| RMSProp | epoch: 002 | loss: 0.70165 - acc: 0.5137 -- iter: 224/252
[A[ATraining Step: 16  | total loss: [1m[32m0.69047[0m[0m | time: 69.540s
[2K
| RMSProp | epoch: 002 | loss: 0.69047 - acc: 0.5554 | val_loss: 0.69774 - val_acc: 0.4500 -- iter: 252/252
--
Training Step: 17  | total loss: [1m[32m0.68904[0m[0m | time: 7.594s
[2K
| RMSProp | epoch: 003 | loss: 0.68904 - acc: 0.5467 -- iter: 032/252
[A[ATraining Step: 18  | total loss: [1m[32m0.68945[0m[0m | time: 15.147s
[2K
| RMSProp | epoch: 003 | loss: 0.68945 - acc: 0.5305 -- iter: 064/252
[A[ATraining Step: 19  | total loss: [1m[32m0.67957[0m[0m | time: 23.334s
[2K
| RMSProp | epoch: 003 | loss: 0.67957 - acc: 0.5561 -- iter: 096/252
[A[ATraining Step: 20  | total loss: [1m[32m0.68449[0m[0m | time: 31.794s
[2K
| RMSProp | epoch: 003 | loss: 0.68449 - acc: 0.5581 -- iter: 128/252
[A[ATraining Step: 21  | total loss: [1m[32m0.68685[0m[0m | time: 40.192s
[2K
| RMSProp | epoch: 003 | loss: 0.68685 - acc: 0.5498 -- iter: 160/252
[A[ATraining Step: 22  | total loss: [1m[32m0.68853[0m[0m | time: 48.564s
[2K
| RMSProp | epoch: 003 | loss: 0.68853 - acc: 0.5255 -- iter: 192/252
[A[ATraining Step: 23  | total loss: [1m[32m0.67686[0m[0m | time: 56.843s
[2K
| RMSProp | epoch: 003 | loss: 0.67686 - acc: 0.5634 -- iter: 224/252
[A[ATraining Step: 24  | total loss: [1m[32m0.66828[0m[0m | time: 68.788s
[2K
| RMSProp | epoch: 003 | loss: 0.66828 - acc: 0.5895 | val_loss: 0.69291 - val_acc: 0.5250 -- iter: 252/252
--
Training Step: 25  | total loss: [1m[32m0.66983[0m[0m | time: 8.523s
[2K
| RMSProp | epoch: 004 | loss: 0.66983 - acc: 0.5822 -- iter: 032/252
[A[ATraining Step: 26  | total loss: [1m[32m0.66615[0m[0m | time: 15.952s
[2K
| RMSProp | epoch: 004 | loss: 0.66615 - acc: 0.6018 -- iter: 064/252
[A[ATraining Step: 27  | total loss: [1m[32m0.66714[0m[0m | time: 23.532s
[2K
| RMSProp | epoch: 004 | loss: 0.66714 - acc: 0.6123 -- iter: 096/252
[A[ATraining Step: 28  | total loss: [1m[32m0.65499[0m[0m | time: 31.887s
[2K
| RMSProp | epoch: 004 | loss: 0.65499 - acc: 0.6200 -- iter: 128/252
[A[ATraining Step: 29  | total loss: [1m[32m0.65896[0m[0m | time: 40.221s
[2K
| RMSProp | epoch: 004 | loss: 0.65896 - acc: 0.6288 -- iter: 160/252
[A[ATraining Step: 30  | total loss: [1m[32m0.66117[0m[0m | time: 48.653s
[2K
| RMSProp | epoch: 004 | loss: 0.66117 - acc: 0.6131 -- iter: 192/252
[A[ATraining Step: 31  | total loss: [1m[32m0.66217[0m[0m | time: 57.109s
[2K
| RMSProp | epoch: 004 | loss: 0.66217 - acc: 0.6086 -- iter: 224/252
[A[ATraining Step: 32  | total loss: [1m[32m0.65650[0m[0m | time: 69.045s
[2K
| RMSProp | epoch: 004 | loss: 0.65650 - acc: 0.6053 | val_loss: 0.68870 - val_acc: 0.5500 -- iter: 252/252
--
Training Step: 33  | total loss: [1m[32m0.64935[0m[0m | time: 8.288s
[2K
| RMSProp | epoch: 005 | loss: 0.64935 - acc: 0.6370 -- iter: 032/252
[A[ATraining Step: 34  | total loss: [1m[32m0.64816[0m[0m | time: 16.593s
[2K
| RMSProp | epoch: 005 | loss: 0.64816 - acc: 0.6412 -- iter: 064/252
[A[ATraining Step: 35  | total loss: [1m[32m0.65383[0m[0m | time: 24.246s
[2K
| RMSProp | epoch: 005 | loss: 0.65383 - acc: 0.6051 -- iter: 096/252
[A[ATraining Step: 36  | total loss: [1m[32m0.64977[0m[0m | time: 31.837s
[2K
| RMSProp | epoch: 005 | loss: 0.64977 - acc: 0.6128 -- iter: 128/252
[A[ATraining Step: 37  | total loss: [1m[32m0.64496[0m[0m | time: 40.024s
[2K
| RMSProp | epoch: 005 | loss: 0.64496 - acc: 0.6188 -- iter: 160/252
[A[ATraining Step: 38  | total loss: [1m[32m0.64339[0m[0m | time: 48.324s
[2K
| RMSProp | epoch: 005 | loss: 0.64339 - acc: 0.6200 -- iter: 192/252
[A[ATraining Step: 39  | total loss: [1m[32m0.64273[0m[0m | time: 56.819s
[2K
| RMSProp | epoch: 005 | loss: 0.64273 - acc: 0.6270 -- iter: 224/252
[A[ATraining Step: 40  | total loss: [1m[32m0.63689[0m[0m | time: 68.919s
[2K
| RMSProp | epoch: 005 | loss: 0.63689 - acc: 0.6559 | val_loss: 0.68228 - val_acc: 0.5625 -- iter: 252/252
--
/homes/tdogan/miniconda2/envs/my-rdkit-env/lib/python3.6/site-packages/sklearn/metrics/classification.py:1135: UndefinedMetricWarning: Precision is ill-defined and being set to 0.0 due to no predicted samples.
  'precision', 'predicted', average, warn_for)
/homes/tdogan/miniconda2/envs/my-rdkit-env/lib/python3.6/site-packages/sklearn/metrics/classification.py:1135: UndefinedMetricWarning: F-score is ill-defined and being set to 0.0 due to no predicted samples.
  'precision', 'predicted', average, warn_for)
/homes/tdogan/miniconda2/envs/my-rdkit-env/lib/python3.6/site-packages/sklearn/metrics/classification.py:538: RuntimeWarning: invalid value encountered in double_scalars
  mcc = cov_ytyp / np.sqrt(cov_ytyt * cov_ypyp)
Validation AUC:0.6426767676767676
Validation AUPRC:0.7099145701607014
Test AUC:0.6090225563909775
Test AUPRC:0.6304618060031852
BestTestF1Score	0.64	0.06	0.49	0.48	0.97	37	40	2	1	0.5
BestTestMCCScore	0.6	0.14	0.56	0.53	0.68	26	23	19	12	0.52
BestTestAccuracyScore	0.6	0.14	0.56	0.53	0.68	26	23	19	12	0.52
BestValidationF1Score	0.71	0.09	0.56	0.56	0.98	43	34	2	1	0.5
BestValidationMCC	0.64	0.22	0.61	0.66	0.61	27	14	22	17	0.52
BestValidationAccuracy	0.64	0.22	0.61	0.66	0.61	27	14	22	17	0.52
TestPredictions (Threshold:0.52)
CHEMBL1643718,TP,ACT,0.5400000214576721	CHEMBL3104229,FP,INACT,0.5400000214576721	CHEMBL1950013,TN,INACT,0.5099999904632568	CHEMBL296034,FP,INACT,0.550000011920929	CHEMBL18498,TN,INACT,0.49000000953674316	CHEMBL2323507,FP,INACT,0.5299999713897705	CHEMBL170243,TP,ACT,0.550000011920929	CHEMBL303609,FN,ACT,0.5199999809265137	CHEMBL76163,FN,ACT,0.5099999904632568	CHEMBL463453,FP,INACT,0.5299999713897705	CHEMBL1643726,TP,ACT,0.5299999713897705	CHEMBL1643,FP,INACT,0.5299999713897705	CHEMBL403516,TN,INACT,0.5199999809265137	CHEMBL30008,TP,ACT,0.5299999713897705	CHEMBL2030596,TP,ACT,0.5400000214576721	CHEMBL1643725,TP,ACT,0.550000011920929	CHEMBL3596288,TN,INACT,0.5	CHEMBL2159921,TN,INACT,0.5199999809265137	CHEMBL390705,TP,ACT,0.5400000214576721	CHEMBL250872,FP,INACT,0.5299999713897705	CHEMBL353717,TP,ACT,0.5299999713897705	CHEMBL2180889,FN,ACT,0.5199999809265137	CHEMBL394578,FN,ACT,0.5199999809265137	CHEMBL345222,TN,INACT,0.5199999809265137	CHEMBL1288771,TN,INACT,0.5	CHEMBL2414775,TP,ACT,0.5299999713897705	CHEMBL3092199,FN,ACT,0.5099999904632568	CHEMBL2114189,TN,INACT,0.5	CHEMBL289653,FP,INACT,0.5299999713897705	CHEMBL2180894,TP,ACT,0.5299999713897705	CHEMBL419805,TP,ACT,0.5299999713897705	CHEMBL396473,FP,INACT,0.5400000214576721	CHEMBL440313,FP,INACT,0.5299999713897705	CHEMBL171761,FP,INACT,0.5299999713897705	CHEMBL1651027,FN,ACT,0.49000000953674316	CHEMBL115845,FN,ACT,0.5099999904632568	CHEMBL232034,TP,ACT,0.5299999713897705	CHEMBL354624,TP,ACT,0.5400000214576721	CHEMBL398157,FN,ACT,0.5199999809265137	CHEMBL277118,TN,INACT,0.5099999904632568	CHEMBL2030603,FN,ACT,0.5199999809265137	CHEMBL554925,TP,ACT,0.5299999713897705	CHEMBL551017,FP,INACT,0.5299999713897705	CHEMBL117650,TN,INACT,0.5199999809265137	CHEMBL75902,TP,ACT,0.5299999713897705	CHEMBL490483,FP,INACT,0.5400000214576721	CHEMBL3218372,FP,INACT,0.550000011920929	CHEMBL353588,FP,INACT,0.5299999713897705	CHEMBL358246,TN,INACT,0.5199999809265137	CHEMBL28599,TN,INACT,0.5199999809265137	CHEMBL540090,FP,INACT,0.5299999713897705	CHEMBL173002,TP,ACT,0.5400000214576721	CHEMBL36659,TN,INACT,0.49000000953674316	CHEMBL234916,TP,ACT,0.5299999713897705	CHEMBL3623265,FP,INACT,0.5400000214576721	CHEMBL2380861,TN,INACT,0.5099999904632568	CHEMBL3623264,FP,INACT,0.5299999713897705	CHEMBL242770,FP,INACT,0.550000011920929	CHEMBL270886,FP,INACT,0.5299999713897705	CHEMBL9416,FP,INACT,0.5299999713897705	CHEMBL2333739,TN,INACT,0.5199999809265137	CHEMBL3613811,TP,ACT,0.550000011920929	CHEMBL465208,TN,INACT,0.5099999904632568	CHEMBL3823238,FP,INACT,0.5299999713897705	CHEMBL243019,FN,ACT,0.5099999904632568	CHEMBL231820,FN,ACT,0.5099999904632568	CHEMBL1229205,FP,INACT,0.5400000214576721	CHEMBL554038,TN,INACT,0.5199999809265137	CHEMBL66001,TP,ACT,0.5400000214576721	CHEMBL15245,TN,INACT,0.5199999809265137	CHEMBL312166,TP,ACT,0.5699999928474426	CHEMBL296370,TN,INACT,0.5199999809265137	CHEMBL352393,TP,ACT,0.550000011920929	CHEMBL2414786,TP,ACT,0.5400000214576721	CHEMBL78017,TP,ACT,0.550000011920929	CHEMBL354153,TP,ACT,0.5600000023841858	CHEMBL398158,TP,ACT,0.5400000214576721	CHEMBL407019,FP,INACT,0.550000011920929	CHEMBL2414782,TP,ACT,0.5299999713897705	CHEMBL3092206,FN,ACT,0.5199999809265137	

