ImageNetInceptionV2 CHEMBL4578 RMSprop 0.0001 15 0 0 0.8 False True
Number of active compounds :	767
Number of inactive compounds :	767
---------------------------------
Run id: ImageNetInceptionV2_CHEMBL4578_RMSprop_0.0001_15_0_0_0.8_False_True_id
Log directory: ../tflearnLogs/ImageNetInceptionV2_CHEMBL4578_RMSprop_0.0001_15_0.8/
---------------------------------
Training samples: 968
Validation samples: 303
--
Training Step: 1  | time: 60.659s
[2K
| RMSProp | epoch: 001 | loss: 0.00000 - acc: 0.0000 -- iter: 032/968
[A[ATraining Step: 2  | total loss: [1m[32m0.66301[0m[0m | time: 77.005s
[2K
| RMSProp | epoch: 001 | loss: 0.66301 - acc: 0.4219 -- iter: 064/968
[A[ATraining Step: 3  | total loss: [1m[32m0.70035[0m[0m | time: 94.161s
[2K
| RMSProp | epoch: 001 | loss: 0.70035 - acc: 0.5369 -- iter: 096/968
[A[ATraining Step: 4  | total loss: [1m[32m0.77314[0m[0m | time: 106.457s
[2K
| RMSProp | epoch: 001 | loss: 0.77314 - acc: 0.4155 -- iter: 128/968
[A[ATraining Step: 5  | total loss: [1m[32m0.74061[0m[0m | time: 118.957s
[2K
| RMSProp | epoch: 001 | loss: 0.74061 - acc: 0.4956 -- iter: 160/968
[A[ATraining Step: 6  | total loss: [1m[32m0.73541[0m[0m | time: 131.420s
[2K
| RMSProp | epoch: 001 | loss: 0.73541 - acc: 0.4984 -- iter: 192/968
[A[ATraining Step: 7  | total loss: [1m[32m0.72738[0m[0m | time: 143.973s
[2K
| RMSProp | epoch: 001 | loss: 0.72738 - acc: 0.5181 -- iter: 224/968
[A[ATraining Step: 8  | total loss: [1m[32m0.70437[0m[0m | time: 156.236s
[2K
| RMSProp | epoch: 001 | loss: 0.70437 - acc: 0.5782 -- iter: 256/968
[A[ATraining Step: 9  | total loss: [1m[32m0.72555[0m[0m | time: 168.549s
[2K
| RMSProp | epoch: 001 | loss: 0.72555 - acc: 0.5037 -- iter: 288/968
[A[ATraining Step: 10  | total loss: [1m[32m0.75347[0m[0m | time: 180.569s
[2K
| RMSProp | epoch: 001 | loss: 0.75347 - acc: 0.4706 -- iter: 320/968
[A[ATraining Step: 11  | total loss: [1m[32m0.77497[0m[0m | time: 192.718s
[2K
| RMSProp | epoch: 001 | loss: 0.77497 - acc: 0.4401 -- iter: 352/968
[A[ATraining Step: 12  | total loss: [1m[32m0.76493[0m[0m | time: 205.076s
[2K
| RMSProp | epoch: 001 | loss: 0.76493 - acc: 0.4530 -- iter: 384/968
[A[ATraining Step: 13  | total loss: [1m[32m0.77779[0m[0m | time: 217.509s
[2K
| RMSProp | epoch: 001 | loss: 0.77779 - acc: 0.4196 -- iter: 416/968
[A[ATraining Step: 14  | total loss: [1m[32m0.76055[0m[0m | time: 229.707s
[2K
| RMSProp | epoch: 001 | loss: 0.76055 - acc: 0.4653 -- iter: 448/968
[A[ATraining Step: 15  | total loss: [1m[32m0.76358[0m[0m | time: 242.119s
[2K
| RMSProp | epoch: 001 | loss: 0.76358 - acc: 0.4666 -- iter: 480/968
[A[ATraining Step: 16  | total loss: [1m[32m0.75953[0m[0m | time: 254.212s
[2K
| RMSProp | epoch: 001 | loss: 0.75953 - acc: 0.4440 -- iter: 512/968
[A[ATraining Step: 17  | total loss: [1m[32m0.75929[0m[0m | time: 266.605s
[2K
| RMSProp | epoch: 001 | loss: 0.75929 - acc: 0.4417 -- iter: 544/968
[A[ATraining Step: 18  | total loss: [1m[32m0.74324[0m[0m | time: 278.967s
[2K
| RMSProp | epoch: 001 | loss: 0.74324 - acc: 0.4727 -- iter: 576/968
[A[ATraining Step: 19  | total loss: [1m[32m0.73997[0m[0m | time: 291.915s
[2K
| RMSProp | epoch: 001 | loss: 0.73997 - acc: 0.5026 -- iter: 608/968
[A[ATraining Step: 20  | total loss: [1m[32m0.73624[0m[0m | time: 304.635s
[2K
| RMSProp | epoch: 001 | loss: 0.73624 - acc: 0.5118 -- iter: 640/968
[A[ATraining Step: 21  | total loss: [1m[32m0.72633[0m[0m | time: 316.574s
[2K
| RMSProp | epoch: 001 | loss: 0.72633 - acc: 0.5178 -- iter: 672/968
[A[ATraining Step: 22  | total loss: [1m[32m0.73975[0m[0m | time: 328.535s
[2K
| RMSProp | epoch: 001 | loss: 0.73975 - acc: 0.4656 -- iter: 704/968
[A[ATraining Step: 23  | total loss: [1m[32m0.74456[0m[0m | time: 340.907s
[2K
| RMSProp | epoch: 001 | loss: 0.74456 - acc: 0.4393 -- iter: 736/968
[A[ATraining Step: 24  | total loss: [1m[32m0.73160[0m[0m | time: 353.076s
[2K
| RMSProp | epoch: 001 | loss: 0.73160 - acc: 0.4827 -- iter: 768/968
[A[ATraining Step: 25  | total loss: [1m[32m0.73581[0m[0m | time: 365.240s
[2K
| RMSProp | epoch: 001 | loss: 0.73581 - acc: 0.4875 -- iter: 800/968
[A[ATraining Step: 26  | total loss: [1m[32m0.73893[0m[0m | time: 377.207s
[2K
| RMSProp | epoch: 001 | loss: 0.73893 - acc: 0.4908 -- iter: 832/968
[A[ATraining Step: 27  | total loss: [1m[32m0.74892[0m[0m | time: 389.253s
[2K
| RMSProp | epoch: 001 | loss: 0.74892 - acc: 0.4530 -- iter: 864/968
[A[ATraining Step: 28  | total loss: [1m[32m0.73591[0m[0m | time: 401.743s
[2K
| RMSProp | epoch: 001 | loss: 0.73591 - acc: 0.4960 -- iter: 896/968
[A[ATraining Step: 29  | total loss: [1m[32m0.72529[0m[0m | time: 414.183s
[2K
| RMSProp | epoch: 001 | loss: 0.72529 - acc: 0.5274 -- iter: 928/968
[A[ATraining Step: 30  | total loss: [1m[32m0.70398[0m[0m | time: 425.792s
[2K
| RMSProp | epoch: 001 | loss: 0.70398 - acc: 0.5727 -- iter: 960/968
[A[ATraining Step: 31  | total loss: [1m[32m0.71273[0m[0m | time: 464.616s
[2K
| RMSProp | epoch: 001 | loss: 0.71273 - acc: 0.5415 | val_loss: 0.71822 - val_acc: 0.4719 -- iter: 968/968
--
Training Step: 32  | total loss: [1m[32m0.69628[0m[0m | time: 2.857s
[2K
| RMSProp | epoch: 002 | loss: 0.69628 - acc: 0.5884 -- iter: 032/968
[A[ATraining Step: 33  | total loss: [1m[32m0.67130[0m[0m | time: 10.933s
[2K
| RMSProp | epoch: 002 | loss: 0.67130 - acc: 0.5964 -- iter: 064/968
[A[ATraining Step: 34  | total loss: [1m[32m0.67436[0m[0m | time: 19.169s
[2K
| RMSProp | epoch: 002 | loss: 0.67436 - acc: 0.5892 -- iter: 096/968
[A[ATraining Step: 35  | total loss: [1m[32m0.67506[0m[0m | time: 29.416s
[2K
| RMSProp | epoch: 002 | loss: 0.67506 - acc: 0.5836 -- iter: 128/968
[A[ATraining Step: 36  | total loss: [1m[32m0.67867[0m[0m | time: 41.889s
[2K
| RMSProp | epoch: 002 | loss: 0.67867 - acc: 0.5857 -- iter: 160/968
[A[ATraining Step: 37  | total loss: [1m[32m0.67962[0m[0m | time: 54.263s
[2K
| RMSProp | epoch: 002 | loss: 0.67962 - acc: 0.5873 -- iter: 192/968
[A[ATraining Step: 38  | total loss: [1m[32m0.68597[0m[0m | time: 65.952s
[2K
| RMSProp | epoch: 002 | loss: 0.68597 - acc: 0.5702 -- iter: 224/968
[A[ATraining Step: 39  | total loss: [1m[32m0.69080[0m[0m | time: 77.107s
[2K
| RMSProp | epoch: 002 | loss: 0.69080 - acc: 0.5568 -- iter: 256/968
[A[ATraining Step: 40  | total loss: [1m[32m0.69582[0m[0m | time: 89.287s
[2K
| RMSProp | epoch: 002 | loss: 0.69582 - acc: 0.5461 -- iter: 288/968
[A[ATraining Step: 41  | total loss: [1m[32m0.70561[0m[0m | time: 101.690s
[2K
| RMSProp | epoch: 002 | loss: 0.70561 - acc: 0.5262 -- iter: 320/968
[A[ATraining Step: 42  | total loss: [1m[32m0.70026[0m[0m | time: 114.164s
[2K
| RMSProp | epoch: 002 | loss: 0.70026 - acc: 0.5327 -- iter: 352/968
[A[ATraining Step: 43  | total loss: [1m[32m0.69802[0m[0m | time: 126.550s
[2K
| RMSProp | epoch: 002 | loss: 0.69802 - acc: 0.5159 -- iter: 384/968
[A[ATraining Step: 44  | total loss: [1m[32m0.69469[0m[0m | time: 139.124s
[2K
| RMSProp | epoch: 002 | loss: 0.69469 - acc: 0.5294 -- iter: 416/968
[A[ATraining Step: 45  | total loss: [1m[32m0.69075[0m[0m | time: 151.663s
[2K
| RMSProp | epoch: 002 | loss: 0.69075 - acc: 0.5509 -- iter: 448/968
[A[ATraining Step: 46  | total loss: [1m[32m0.68314[0m[0m | time: 163.950s
[2K
| RMSProp | epoch: 002 | loss: 0.68314 - acc: 0.5737 -- iter: 480/968
[A[ATraining Step: 47  | total loss: [1m[32m0.68494[0m[0m | time: 175.855s
[2K
| RMSProp | epoch: 002 | loss: 0.68494 - acc: 0.5565 -- iter: 512/968
[A[ATraining Step: 48  | total loss: [1m[32m0.67708[0m[0m | time: 187.979s
[2K
| RMSProp | epoch: 002 | loss: 0.67708 - acc: 0.5826 -- iter: 544/968
[A[ATraining Step: 49  | total loss: [1m[32m0.67902[0m[0m | time: 200.192s
[2K
| RMSProp | epoch: 002 | loss: 0.67902 - acc: 0.5844 -- iter: 576/968
[A[ATraining Step: 50  | total loss: [1m[32m0.67943[0m[0m | time: 212.859s
[2K
| RMSProp | epoch: 002 | loss: 0.67943 - acc: 0.5858 -- iter: 608/968
[A[ATraining Step: 51  | total loss: [1m[32m0.68369[0m[0m | time: 225.116s
[2K
| RMSProp | epoch: 002 | loss: 0.68369 - acc: 0.5727 -- iter: 640/968
[A[ATraining Step: 52  | total loss: [1m[32m0.67932[0m[0m | time: 237.058s
[2K
| RMSProp | epoch: 002 | loss: 0.67932 - acc: 0.5665 -- iter: 672/968
[A[ATraining Step: 53  | total loss: [1m[32m0.67318[0m[0m | time: 249.033s
[2K
| RMSProp | epoch: 002 | loss: 0.67318 - acc: 0.5797 -- iter: 704/968
[A[ATraining Step: 54  | total loss: [1m[32m0.66956[0m[0m | time: 261.080s
[2K
| RMSProp | epoch: 002 | loss: 0.66956 - acc: 0.5818 -- iter: 736/968
[A[ATraining Step: 55  | total loss: [1m[32m0.66971[0m[0m | time: 272.969s
[2K
| RMSProp | epoch: 002 | loss: 0.66971 - acc: 0.5879 -- iter: 768/968
[A[ATraining Step: 56  | total loss: [1m[32m0.66248[0m[0m | time: 285.606s
[2K
| RMSProp | epoch: 002 | loss: 0.66248 - acc: 0.5976 -- iter: 800/968
[A[ATraining Step: 57  | total loss: [1m[32m0.65892[0m[0m | time: 297.588s
[2K
| RMSProp | epoch: 002 | loss: 0.65892 - acc: 0.6014 -- iter: 832/968
[A[ATraining Step: 58  | total loss: [1m[32m0.65545[0m[0m | time: 309.752s
[2K
| RMSProp | epoch: 002 | loss: 0.65545 - acc: 0.6131 -- iter: 864/968
[A[ATraining Step: 59  | total loss: [1m[32m0.65323[0m[0m | time: 321.937s
[2K
| RMSProp | epoch: 002 | loss: 0.65323 - acc: 0.6147 -- iter: 896/968
[A[ATraining Step: 60  | total loss: [1m[32m0.64899[0m[0m | time: 334.453s
[2K
| RMSProp | epoch: 002 | loss: 0.64899 - acc: 0.6243 -- iter: 928/968
[A[ATraining Step: 61  | total loss: [1m[32m0.64790[0m[0m | time: 346.688s
[2K
| RMSProp | epoch: 002 | loss: 0.64790 - acc: 0.6326 -- iter: 960/968
[A[ATraining Step: 62  | total loss: [1m[32m0.64291[0m[0m | time: 381.202s
[2K
| RMSProp | epoch: 002 | loss: 0.64291 - acc: 0.6437 | val_loss: 0.63667 - val_acc: 0.5446 -- iter: 968/968
--
Training Step: 63  | total loss: [1m[32m0.64502[0m[0m | time: 4.473s
[2K
| RMSProp | epoch: 003 | loss: 0.64502 - acc: 0.6453 -- iter: 032/968
[A[ATraining Step: 64  | total loss: [1m[32m0.64636[0m[0m | time: 9.011s
[2K
| RMSProp | epoch: 003 | loss: 0.64636 - acc: 0.6271 -- iter: 064/968
[A[ATraining Step: 65  | total loss: [1m[32m0.64060[0m[0m | time: 21.173s
[2K
| RMSProp | epoch: 003 | loss: 0.64060 - acc: 0.6422 -- iter: 096/968
[A[ATraining Step: 66  | total loss: [1m[32m0.63774[0m[0m | time: 33.116s
[2K
| RMSProp | epoch: 003 | loss: 0.63774 - acc: 0.6440 -- iter: 128/968
[A[ATraining Step: 67  | total loss: [1m[32m0.62555[0m[0m | time: 45.520s
[2K
| RMSProp | epoch: 003 | loss: 0.62555 - acc: 0.6642 -- iter: 160/968
[A[ATraining Step: 68  | total loss: [1m[32m0.62366[0m[0m | time: 57.647s
[2K
| RMSProp | epoch: 003 | loss: 0.62366 - acc: 0.6743 -- iter: 192/968
[A[ATraining Step: 69  | total loss: [1m[32m0.61883[0m[0m | time: 69.802s
[2K
| RMSProp | epoch: 003 | loss: 0.61883 - acc: 0.6868 -- iter: 224/968
[A[ATraining Step: 70  | total loss: [1m[32m0.61695[0m[0m | time: 81.895s
[2K
| RMSProp | epoch: 003 | loss: 0.61695 - acc: 0.6941 -- iter: 256/968
[A[ATraining Step: 71  | total loss: [1m[32m0.61471[0m[0m | time: 94.154s
[2K
| RMSProp | epoch: 003 | loss: 0.61471 - acc: 0.7112 -- iter: 288/968
[A[ATraining Step: 72  | total loss: [1m[32m0.61603[0m[0m | time: 106.153s
[2K
| RMSProp | epoch: 003 | loss: 0.61603 - acc: 0.7015 -- iter: 320/968
[A[ATraining Step: 73  | total loss: [1m[32m0.61718[0m[0m | time: 117.980s
[2K
| RMSProp | epoch: 003 | loss: 0.61718 - acc: 0.6965 -- iter: 352/968
[A[ATraining Step: 74  | total loss: [1m[32m0.61376[0m[0m | time: 129.971s
[2K
| RMSProp | epoch: 003 | loss: 0.61376 - acc: 0.6989 -- iter: 384/968
[A[ATraining Step: 75  | total loss: [1m[32m0.60984[0m[0m | time: 142.021s
[2K
| RMSProp | epoch: 003 | loss: 0.60984 - acc: 0.7112 -- iter: 416/968
[A[ATraining Step: 76  | total loss: [1m[32m0.60682[0m[0m | time: 154.246s
[2K
| RMSProp | epoch: 003 | loss: 0.60682 - acc: 0.7053 -- iter: 448/968
[A[ATraining Step: 77  | total loss: [1m[32m0.60307[0m[0m | time: 166.654s
[2K
| RMSProp | epoch: 003 | loss: 0.60307 - acc: 0.7067 -- iter: 480/968
[A[ATraining Step: 78  | total loss: [1m[32m0.60046[0m[0m | time: 178.619s
[2K
| RMSProp | epoch: 003 | loss: 0.60046 - acc: 0.7080 -- iter: 512/968
[A[ATraining Step: 79  | total loss: [1m[32m0.59873[0m[0m | time: 190.680s
[2K
| RMSProp | epoch: 003 | loss: 0.59873 - acc: 0.7123 -- iter: 544/968
[A[ATraining Step: 80  | total loss: [1m[32m0.59262[0m[0m | time: 202.789s
[2K
| RMSProp | epoch: 003 | loss: 0.59262 - acc: 0.7226 -- iter: 576/968
[A[ATraining Step: 81  | total loss: [1m[32m0.57922[0m[0m | time: 214.945s
[2K
| RMSProp | epoch: 003 | loss: 0.57922 - acc: 0.7443 -- iter: 608/968
[A[ATraining Step: 82  | total loss: [1m[32m0.57815[0m[0m | time: 226.991s
[2K
| RMSProp | epoch: 003 | loss: 0.57815 - acc: 0.7355 -- iter: 640/968
[A[ATraining Step: 83  | total loss: [1m[32m0.57319[0m[0m | time: 238.941s
[2K
| RMSProp | epoch: 003 | loss: 0.57319 - acc: 0.7432 -- iter: 672/968
[A[ATraining Step: 84  | total loss: [1m[32m0.57100[0m[0m | time: 250.666s
[2K
| RMSProp | epoch: 003 | loss: 0.57100 - acc: 0.7470 -- iter: 704/968
[A[ATraining Step: 85  | total loss: [1m[32m0.56421[0m[0m | time: 262.745s
[2K
| RMSProp | epoch: 003 | loss: 0.56421 - acc: 0.7567 -- iter: 736/968
[A[ATraining Step: 86  | total loss: [1m[32m0.56308[0m[0m | time: 274.790s
[2K
| RMSProp | epoch: 003 | loss: 0.56308 - acc: 0.7560 -- iter: 768/968
[A[ATraining Step: 87  | total loss: [1m[32m0.55396[0m[0m | time: 286.721s
[2K
| RMSProp | epoch: 003 | loss: 0.55396 - acc: 0.7648 -- iter: 800/968
[A[ATraining Step: 88  | total loss: [1m[32m0.55212[0m[0m | time: 298.905s
[2K
| RMSProp | epoch: 003 | loss: 0.55212 - acc: 0.7633 -- iter: 832/968
[A[ATraining Step: 89  | total loss: [1m[32m0.54624[0m[0m | time: 311.292s
[2K
| RMSProp | epoch: 003 | loss: 0.54624 - acc: 0.7620 -- iter: 864/968
[A[ATraining Step: 90  | total loss: [1m[32m0.54823[0m[0m | time: 323.455s
[2K
| RMSProp | epoch: 003 | loss: 0.54823 - acc: 0.7670 -- iter: 896/968
[A[ATraining Step: 91  | total loss: [1m[32m0.54221[0m[0m | time: 335.533s
[2K
| RMSProp | epoch: 003 | loss: 0.54221 - acc: 0.7716 -- iter: 928/968
[A[ATraining Step: 92  | total loss: [1m[32m0.54142[0m[0m | time: 347.718s
[2K
| RMSProp | epoch: 003 | loss: 0.54142 - acc: 0.7788 -- iter: 960/968
[A[ATraining Step: 93  | total loss: [1m[32m0.53876[0m[0m | time: 382.211s
[2K
| RMSProp | epoch: 003 | loss: 0.53876 - acc: 0.7790 | val_loss: 0.86231 - val_acc: 0.5413 -- iter: 968/968
--
Training Step: 94  | total loss: [1m[32m0.53888[0m[0m | time: 12.531s
[2K
| RMSProp | epoch: 004 | loss: 0.53888 - acc: 0.7793 -- iter: 032/968
[A[ATraining Step: 95  | total loss: [1m[32m0.53647[0m[0m | time: 16.913s
[2K
| RMSProp | epoch: 004 | loss: 0.53647 - acc: 0.7795 -- iter: 064/968
[A[ATraining Step: 96  | total loss: [1m[32m0.54933[0m[0m | time: 20.921s
[2K
| RMSProp | epoch: 004 | loss: 0.54933 - acc: 0.7515 -- iter: 096/968
[A[ATraining Step: 97  | total loss: [1m[32m0.53728[0m[0m | time: 32.813s
[2K
| RMSProp | epoch: 004 | loss: 0.53728 - acc: 0.7639 -- iter: 128/968
[A[ATraining Step: 98  | total loss: [1m[32m0.52094[0m[0m | time: 44.800s
[2K
| RMSProp | epoch: 004 | loss: 0.52094 - acc: 0.7812 -- iter: 160/968
[A[ATraining Step: 99  | total loss: [1m[32m0.51044[0m[0m | time: 57.389s
[2K
| RMSProp | epoch: 004 | loss: 0.51044 - acc: 0.7906 -- iter: 192/968
[A[ATraining Step: 100  | total loss: [1m[32m0.50687[0m[0m | time: 69.825s
[2K
| RMSProp | epoch: 004 | loss: 0.50687 - acc: 0.7928 -- iter: 224/968
[A[ATraining Step: 101  | total loss: [1m[32m0.49462[0m[0m | time: 82.125s
[2K
| RMSProp | epoch: 004 | loss: 0.49462 - acc: 0.8010 -- iter: 256/968
[A[ATraining Step: 102  | total loss: [1m[32m0.49444[0m[0m | time: 94.418s
[2K
| RMSProp | epoch: 004 | loss: 0.49444 - acc: 0.8022 -- iter: 288/968
[A[ATraining Step: 103  | total loss: [1m[32m0.49026[0m[0m | time: 106.790s
[2K
| RMSProp | epoch: 004 | loss: 0.49026 - acc: 0.7969 -- iter: 320/968
[A[ATraining Step: 104  | total loss: [1m[32m0.48264[0m[0m | time: 119.022s
[2K
| RMSProp | epoch: 004 | loss: 0.48264 - acc: 0.7985 -- iter: 352/968
[A[ATraining Step: 105  | total loss: [1m[32m0.48217[0m[0m | time: 131.259s
[2K
| RMSProp | epoch: 004 | loss: 0.48217 - acc: 0.7968 -- iter: 384/968
[A[ATraining Step: 106  | total loss: [1m[32m0.47928[0m[0m | time: 143.491s
[2K
| RMSProp | epoch: 004 | loss: 0.47928 - acc: 0.8015 -- iter: 416/968
[A[ATraining Step: 107  | total loss: [1m[32m0.46699[0m[0m | time: 155.698s
[2K
| RMSProp | epoch: 004 | loss: 0.46699 - acc: 0.8120 -- iter: 448/968
[A[ATraining Step: 108  | total loss: [1m[32m0.47020[0m[0m | time: 167.969s
[2K
| RMSProp | epoch: 004 | loss: 0.47020 - acc: 0.8089 -- iter: 480/968
[A[ATraining Step: 109  | total loss: [1m[32m0.45948[0m[0m | time: 180.221s
[2K
| RMSProp | epoch: 004 | loss: 0.45948 - acc: 0.8124 -- iter: 512/968
[A[ATraining Step: 110  | total loss: [1m[32m0.43941[0m[0m | time: 192.466s
[2K
| RMSProp | epoch: 004 | loss: 0.43941 - acc: 0.8218 -- iter: 544/968
[A[ATraining Step: 111  | total loss: [1m[32m0.43746[0m[0m | time: 204.940s
[2K
| RMSProp | epoch: 004 | loss: 0.43746 - acc: 0.8240 -- iter: 576/968
[A[ATraining Step: 112  | total loss: [1m[32m0.43808[0m[0m | time: 217.587s
[2K
| RMSProp | epoch: 004 | loss: 0.43808 - acc: 0.8166 -- iter: 608/968
[A[ATraining Step: 113  | total loss: [1m[32m0.43983[0m[0m | time: 230.140s
[2K
| RMSProp | epoch: 004 | loss: 0.43983 - acc: 0.8130 -- iter: 640/968
[A[ATraining Step: 114  | total loss: [1m[32m0.43928[0m[0m | time: 242.372s
[2K
| RMSProp | epoch: 004 | loss: 0.43928 - acc: 0.8161 -- iter: 672/968
[A[ATraining Step: 115  | total loss: [1m[32m0.43087[0m[0m | time: 255.222s
[2K
| RMSProp | epoch: 004 | loss: 0.43087 - acc: 0.8220 -- iter: 704/968
[A[ATraining Step: 116  | total loss: [1m[32m0.42696[0m[0m | time: 268.485s
[2K
| RMSProp | epoch: 004 | loss: 0.42696 - acc: 0.8242 -- iter: 736/968
[A[ATraining Step: 117  | total loss: [1m[32m0.42734[0m[0m | time: 281.214s
[2K
| RMSProp | epoch: 004 | loss: 0.42734 - acc: 0.8261 -- iter: 768/968
[A[ATraining Step: 118  | total loss: [1m[32m0.42892[0m[0m | time: 294.584s
[2K
| RMSProp | epoch: 004 | loss: 0.42892 - acc: 0.8248 -- iter: 800/968
[A[ATraining Step: 119  | total loss: [1m[32m0.42088[0m[0m | time: 307.779s
[2K
| RMSProp | epoch: 004 | loss: 0.42088 - acc: 0.8298 -- iter: 832/968
[A[ATraining Step: 120  | total loss: [1m[32m0.39706[0m[0m | time: 320.839s
[2K
| RMSProp | epoch: 004 | loss: 0.39706 - acc: 0.8406 -- iter: 864/968
[A[ATraining Step: 121  | total loss: [1m[32m0.39491[0m[0m | time: 329.907s
[2K
| RMSProp | epoch: 004 | loss: 0.39491 - acc: 0.8378 -- iter: 896/968
[A[ATraining Step: 122  | total loss: [1m[32m0.40750[0m[0m | time: 339.316s
[2K
| RMSProp | epoch: 004 | loss: 0.40750 - acc: 0.8259 -- iter: 928/968
[A[ATraining Step: 123  | total loss: [1m[32m0.40548[0m[0m | time: 351.363s
[2K
| RMSProp | epoch: 004 | loss: 0.40548 - acc: 0.8308 -- iter: 960/968
[A[ATraining Step: 124  | total loss: [1m[32m0.39549[0m[0m | time: 386.443s
[2K
| RMSProp | epoch: 004 | loss: 0.39549 - acc: 0.8383 | val_loss: 1.24300 - val_acc: 0.5578 -- iter: 968/968
--
Training Step: 125  | total loss: [1m[32m0.39279[0m[0m | time: 12.427s
[2K
| RMSProp | epoch: 005 | loss: 0.39279 - acc: 0.8357 -- iter: 032/968
[A[ATraining Step: 126  | total loss: [1m[32m0.39004[0m[0m | time: 24.710s
[2K
| RMSProp | epoch: 005 | loss: 0.39004 - acc: 0.8334 -- iter: 064/968
[A[ATraining Step: 127  | total loss: [1m[32m0.37840[0m[0m | time: 28.816s
[2K
| RMSProp | epoch: 005 | loss: 0.37840 - acc: 0.8376 -- iter: 096/968
[A[ATraining Step: 128  | total loss: [1m[32m0.36754[0m[0m | time: 33.392s
[2K
| RMSProp | epoch: 005 | loss: 0.36754 - acc: 0.8413 -- iter: 128/968
[A[ATraining Step: 129  | total loss: [1m[32m0.34306[0m[0m | time: 45.638s
[2K
| RMSProp | epoch: 005 | loss: 0.34306 - acc: 0.8572 -- iter: 160/968
[A[ATraining Step: 130  | total loss: [1m[32m0.35498[0m[0m | time: 57.904s
[2K
| RMSProp | epoch: 005 | loss: 0.35498 - acc: 0.8558 -- iter: 192/968
[A[ATraining Step: 131  | total loss: [1m[32m0.33962[0m[0m | time: 70.019s
[2K
| RMSProp | epoch: 005 | loss: 0.33962 - acc: 0.8671 -- iter: 224/968
[A[ATraining Step: 132  | total loss: [1m[32m0.33407[0m[0m | time: 82.144s
[2K
| RMSProp | epoch: 005 | loss: 0.33407 - acc: 0.8679 -- iter: 256/968
[A[ATraining Step: 133  | total loss: [1m[32m0.32347[0m[0m | time: 94.256s
[2K
| RMSProp | epoch: 005 | loss: 0.32347 - acc: 0.8686 -- iter: 288/968
[A[ATraining Step: 134  | total loss: [1m[32m0.31508[0m[0m | time: 106.663s
[2K
| RMSProp | epoch: 005 | loss: 0.31508 - acc: 0.8693 -- iter: 320/968
[A[ATraining Step: 135  | total loss: [1m[32m0.29602[0m[0m | time: 118.856s
[2K
| RMSProp | epoch: 005 | loss: 0.29602 - acc: 0.8792 -- iter: 352/968
[A[ATraining Step: 136  | total loss: [1m[32m0.28688[0m[0m | time: 131.310s
[2K
| RMSProp | epoch: 005 | loss: 0.28688 - acc: 0.8819 -- iter: 384/968
[A[ATraining Step: 137  | total loss: [1m[32m0.29478[0m[0m | time: 145.069s
[2K
| RMSProp | epoch: 005 | loss: 0.29478 - acc: 0.8812 -- iter: 416/968
[A[ATraining Step: 138  | total loss: [1m[32m0.29357[0m[0m | time: 158.118s
[2K
| RMSProp | epoch: 005 | loss: 0.29357 - acc: 0.8775 -- iter: 448/968
[A[ATraining Step: 139  | total loss: [1m[32m0.28481[0m[0m | time: 171.395s
[2K
| RMSProp | epoch: 005 | loss: 0.28481 - acc: 0.8804 -- iter: 480/968
[A[ATraining Step: 140  | total loss: [1m[32m0.27383[0m[0m | time: 184.720s
[2K
| RMSProp | epoch: 005 | loss: 0.27383 - acc: 0.8829 -- iter: 512/968
[A[ATraining Step: 141  | total loss: [1m[32m0.26593[0m[0m | time: 197.384s
[2K
| RMSProp | epoch: 005 | loss: 0.26593 - acc: 0.8884 -- iter: 544/968
[A[ATraining Step: 142  | total loss: [1m[32m0.27330[0m[0m | time: 207.738s
[2K
| RMSProp | epoch: 005 | loss: 0.27330 - acc: 0.8871 -- iter: 576/968
[A[ATraining Step: 143  | total loss: [1m[32m0.27349[0m[0m | time: 215.699s
[2K
| RMSProp | epoch: 005 | loss: 0.27349 - acc: 0.8859 -- iter: 608/968
[A[ATraining Step: 144  | total loss: [1m[32m0.26242[0m[0m | time: 223.756s
[2K
| RMSProp | epoch: 005 | loss: 0.26242 - acc: 0.8910 -- iter: 640/968
[A[ATraining Step: 145  | total loss: [1m[32m0.25125[0m[0m | time: 233.383s
[2K
| RMSProp | epoch: 005 | loss: 0.25125 - acc: 0.8988 -- iter: 672/968
[A[ATraining Step: 146  | total loss: [1m[32m0.26041[0m[0m | time: 245.893s
[2K
| RMSProp | epoch: 005 | loss: 0.26041 - acc: 0.8964 -- iter: 704/968
[A[ATraining Step: 147  | total loss: [1m[32m0.26802[0m[0m | time: 258.346s
[2K
| RMSProp | epoch: 005 | loss: 0.26802 - acc: 0.8974 -- iter: 736/968
[A[ATraining Step: 148  | total loss: [1m[32m0.25826[0m[0m | time: 271.099s
[2K
| RMSProp | epoch: 005 | loss: 0.25826 - acc: 0.9045 -- iter: 768/968
[A[ATraining Step: 149  | total loss: [1m[32m0.25496[0m[0m | time: 282.814s
[2K
| RMSProp | epoch: 005 | loss: 0.25496 - acc: 0.9078 -- iter: 800/968
[A[ATraining Step: 150  | total loss: [1m[32m0.25241[0m[0m | time: 294.658s
[2K
| RMSProp | epoch: 005 | loss: 0.25241 - acc: 0.9108 -- iter: 832/968
[A[ATraining Step: 151  | total loss: [1m[32m0.24594[0m[0m | time: 307.199s
[2K
| RMSProp | epoch: 005 | loss: 0.24594 - acc: 0.9166 -- iter: 864/968
[A[ATraining Step: 152  | total loss: [1m[32m0.24183[0m[0m | time: 319.649s
[2K
| RMSProp | epoch: 005 | loss: 0.24183 - acc: 0.9218 -- iter: 896/968
[A[ATraining Step: 153  | total loss: [1m[32m0.23423[0m[0m | time: 331.953s
[2K
| RMSProp | epoch: 005 | loss: 0.23423 - acc: 0.9265 -- iter: 928/968
[A[ATraining Step: 154  | total loss: [1m[32m0.23334[0m[0m | time: 344.762s
[2K
| RMSProp | epoch: 005 | loss: 0.23334 - acc: 0.9307 -- iter: 960/968
[A[ATraining Step: 155  | total loss: [1m[32m0.22646[0m[0m | time: 380.055s
[2K
| RMSProp | epoch: 005 | loss: 0.22646 - acc: 0.9345 | val_loss: 0.60482 - val_acc: 0.7789 -- iter: 968/968
--
Training Step: 156  | total loss: [1m[32m0.22935[0m[0m | time: 12.392s
[2K
| RMSProp | epoch: 006 | loss: 0.22935 - acc: 0.9286 -- iter: 032/968
[A[ATraining Step: 157  | total loss: [1m[32m0.22428[0m[0m | time: 25.073s
[2K
| RMSProp | epoch: 006 | loss: 0.22428 - acc: 0.9263 -- iter: 064/968
[A[ATraining Step: 158  | total loss: [1m[32m0.22656[0m[0m | time: 37.061s
[2K
| RMSProp | epoch: 006 | loss: 0.22656 - acc: 0.9243 -- iter: 096/968
[A[ATraining Step: 159  | total loss: [1m[32m0.22897[0m[0m | time: 40.990s
[2K
| RMSProp | epoch: 006 | loss: 0.22897 - acc: 0.9225 -- iter: 128/968
[A[ATraining Step: 160  | total loss: [1m[32m0.31778[0m[0m | time: 45.478s
[2K
| RMSProp | epoch: 006 | loss: 0.31778 - acc: 0.8928 -- iter: 160/968
[A[ATraining Step: 161  | total loss: [1m[32m0.30991[0m[0m | time: 57.806s
[2K
| RMSProp | epoch: 006 | loss: 0.30991 - acc: 0.8910 -- iter: 192/968
[A[ATraining Step: 162  | total loss: [1m[32m0.28829[0m[0m | time: 70.343s
[2K
| RMSProp | epoch: 006 | loss: 0.28829 - acc: 0.9019 -- iter: 224/968
[A[ATraining Step: 163  | total loss: [1m[32m0.26937[0m[0m | time: 82.711s
[2K
| RMSProp | epoch: 006 | loss: 0.26937 - acc: 0.9117 -- iter: 256/968
[A[ATraining Step: 164  | total loss: [1m[32m0.26642[0m[0m | time: 94.595s
[2K
| RMSProp | epoch: 006 | loss: 0.26642 - acc: 0.9143 -- iter: 288/968
[A[ATraining Step: 165  | total loss: [1m[32m0.24993[0m[0m | time: 106.953s
[2K
| RMSProp | epoch: 006 | loss: 0.24993 - acc: 0.9197 -- iter: 320/968
[A[ATraining Step: 166  | total loss: [1m[32m0.23577[0m[0m | time: 119.046s
[2K
| RMSProp | epoch: 006 | loss: 0.23577 - acc: 0.9246 -- iter: 352/968
[A[ATraining Step: 167  | total loss: [1m[32m0.21876[0m[0m | time: 131.440s
[2K
| RMSProp | epoch: 006 | loss: 0.21876 - acc: 0.9322 -- iter: 384/968
[A[ATraining Step: 168  | total loss: [1m[32m0.20602[0m[0m | time: 143.774s
[2K
| RMSProp | epoch: 006 | loss: 0.20602 - acc: 0.9358 -- iter: 416/968
[A[ATraining Step: 169  | total loss: [1m[32m0.20272[0m[0m | time: 156.108s
[2K
| RMSProp | epoch: 006 | loss: 0.20272 - acc: 0.9360 -- iter: 448/968
[A[ATraining Step: 170  | total loss: [1m[32m0.19074[0m[0m | time: 168.040s
[2K
| RMSProp | epoch: 006 | loss: 0.19074 - acc: 0.9393 -- iter: 480/968
[A[ATraining Step: 171  | total loss: [1m[32m0.18574[0m[0m | time: 179.868s
[2K
| RMSProp | epoch: 006 | loss: 0.18574 - acc: 0.9422 -- iter: 512/968
[A[ATraining Step: 172  | total loss: [1m[32m0.17421[0m[0m | time: 192.121s
[2K
| RMSProp | epoch: 006 | loss: 0.17421 - acc: 0.9449 -- iter: 544/968
[A[ATraining Step: 173  | total loss: [1m[32m0.16803[0m[0m | time: 204.318s
[2K
| RMSProp | epoch: 006 | loss: 0.16803 - acc: 0.9441 -- iter: 576/968
[A[ATraining Step: 174  | total loss: [1m[32m0.16673[0m[0m | time: 216.392s
[2K
| RMSProp | epoch: 006 | loss: 0.16673 - acc: 0.9466 -- iter: 608/968
[A[ATraining Step: 175  | total loss: [1m[32m0.15792[0m[0m | time: 228.753s
[2K
| RMSProp | epoch: 006 | loss: 0.15792 - acc: 0.9488 -- iter: 640/968
[A[ATraining Step: 176  | total loss: [1m[32m0.14916[0m[0m | time: 241.285s
[2K
| RMSProp | epoch: 006 | loss: 0.14916 - acc: 0.9539 -- iter: 672/968
[A[ATraining Step: 177  | total loss: [1m[32m0.13904[0m[0m | time: 253.416s
[2K
| RMSProp | epoch: 006 | loss: 0.13904 - acc: 0.9585 -- iter: 704/968
[A[ATraining Step: 178  | total loss: [1m[32m0.13165[0m[0m | time: 265.857s
[2K
| RMSProp | epoch: 006 | loss: 0.13165 - acc: 0.9596 -- iter: 736/968
[A[ATraining Step: 179  | total loss: [1m[32m0.14079[0m[0m | time: 278.087s
[2K
| RMSProp | epoch: 006 | loss: 0.14079 - acc: 0.9542 -- iter: 768/968
[A[ATraining Step: 180  | total loss: [1m[32m0.15062[0m[0m | time: 290.508s
[2K
| RMSProp | epoch: 006 | loss: 0.15062 - acc: 0.9526 -- iter: 800/968
[A[ATraining Step: 181  | total loss: [1m[32m0.14137[0m[0m | time: 302.781s
[2K
| RMSProp | epoch: 006 | loss: 0.14137 - acc: 0.9573 -- iter: 832/968
[A[ATraining Step: 182  | total loss: [1m[32m0.13619[0m[0m | time: 314.844s
[2K
| RMSProp | epoch: 006 | loss: 0.13619 - acc: 0.9616 -- iter: 864/968
[A[ATraining Step: 183  | total loss: [1m[32m0.12841[0m[0m | time: 326.982s
[2K
| RMSProp | epoch: 006 | loss: 0.12841 - acc: 0.9623 -- iter: 896/968
[A[ATraining Step: 184  | total loss: [1m[32m0.12738[0m[0m | time: 339.025s
[2K
| RMSProp | epoch: 006 | loss: 0.12738 - acc: 0.9598 -- iter: 928/968
[A[ATraining Step: 185  | total loss: [1m[32m0.12302[0m[0m | time: 351.391s
[2K
| RMSProp | epoch: 006 | loss: 0.12302 - acc: 0.9638 -- iter: 960/968
[A[ATraining Step: 186  | total loss: [1m[32m0.11429[0m[0m | time: 385.955s
[2K
| RMSProp | epoch: 006 | loss: 0.11429 - acc: 0.9674 | val_loss: 0.63136 - val_acc: 0.8284 -- iter: 968/968
--
Training Step: 187  | total loss: [1m[32m0.11738[0m[0m | time: 12.543s
[2K
| RMSProp | epoch: 007 | loss: 0.11738 - acc: 0.9645 -- iter: 032/968
[A[ATraining Step: 188  | total loss: [1m[32m0.10807[0m[0m | time: 25.557s
[2K
| RMSProp | epoch: 007 | loss: 0.10807 - acc: 0.9680 -- iter: 064/968
[A[ATraining Step: 189  | total loss: [1m[32m0.10067[0m[0m | time: 37.692s
[2K
| RMSProp | epoch: 007 | loss: 0.10067 - acc: 0.9712 -- iter: 096/968
[A[ATraining Step: 190  | total loss: [1m[32m0.10786[0m[0m | time: 50.131s
[2K
| RMSProp | epoch: 007 | loss: 0.10786 - acc: 0.9678 -- iter: 128/968
[A[ATraining Step: 191  | total loss: [1m[32m0.11533[0m[0m | time: 53.864s
[2K
| RMSProp | epoch: 007 | loss: 0.11533 - acc: 0.9617 -- iter: 160/968
[A[ATraining Step: 192  | total loss: [1m[32m0.29162[0m[0m | time: 58.349s
[2K
| RMSProp | epoch: 007 | loss: 0.29162 - acc: 0.9155 -- iter: 192/968
[A[ATraining Step: 193  | total loss: [1m[32m0.29127[0m[0m | time: 70.744s
[2K
| RMSProp | epoch: 007 | loss: 0.29127 - acc: 0.8990 -- iter: 224/968
[A[ATraining Step: 194  | total loss: [1m[32m0.27184[0m[0m | time: 82.848s
[2K
| RMSProp | epoch: 007 | loss: 0.27184 - acc: 0.9059 -- iter: 256/968
[A[ATraining Step: 195  | total loss: [1m[32m0.24624[0m[0m | time: 95.386s
[2K
| RMSProp | epoch: 007 | loss: 0.24624 - acc: 0.9153 -- iter: 288/968
[A[ATraining Step: 196  | total loss: [1m[32m0.22638[0m[0m | time: 107.553s
[2K
| RMSProp | epoch: 007 | loss: 0.22638 - acc: 0.9238 -- iter: 320/968
[A[ATraining Step: 197  | total loss: [1m[32m0.21062[0m[0m | time: 119.825s
[2K
| RMSProp | epoch: 007 | loss: 0.21062 - acc: 0.9252 -- iter: 352/968
[A[ATraining Step: 198  | total loss: [1m[32m0.19939[0m[0m | time: 132.169s
[2K
| RMSProp | epoch: 007 | loss: 0.19939 - acc: 0.9295 -- iter: 384/968
[A[ATraining Step: 199  | total loss: [1m[32m0.18902[0m[0m | time: 144.213s
[2K
| RMSProp | epoch: 007 | loss: 0.18902 - acc: 0.9303 -- iter: 416/968
[A[ATraining Step: 200  | total loss: [1m[32m0.17254[0m[0m | time: 179.511s
[2K
| RMSProp | epoch: 007 | loss: 0.17254 - acc: 0.9373 | val_loss: 2.18261 - val_acc: 0.5545 -- iter: 448/968
--
Training Step: 201  | total loss: [1m[32m0.15752[0m[0m | time: 192.035s
[2K
| RMSProp | epoch: 007 | loss: 0.15752 - acc: 0.9436 -- iter: 480/968
[A[ATraining Step: 202  | total loss: [1m[32m0.14475[0m[0m | time: 204.427s
[2K
| RMSProp | epoch: 007 | loss: 0.14475 - acc: 0.9492 -- iter: 512/968
[A[ATraining Step: 203  | total loss: [1m[32m0.13953[0m[0m | time: 216.851s
[2K
| RMSProp | epoch: 007 | loss: 0.13953 - acc: 0.9512 -- iter: 544/968
[A[ATraining Step: 204  | total loss: [1m[32m0.12835[0m[0m | time: 229.389s
[2K
| RMSProp | epoch: 007 | loss: 0.12835 - acc: 0.9560 -- iter: 576/968
[A[ATraining Step: 205  | total loss: [1m[32m0.12083[0m[0m | time: 241.799s
[2K
| RMSProp | epoch: 007 | loss: 0.12083 - acc: 0.9604 -- iter: 608/968
[A[ATraining Step: 206  | total loss: [1m[32m0.11003[0m[0m | time: 254.111s
[2K
| RMSProp | epoch: 007 | loss: 0.11003 - acc: 0.9644 -- iter: 640/968
[A[ATraining Step: 207  | total loss: [1m[32m0.10025[0m[0m | time: 266.706s
[2K
| RMSProp | epoch: 007 | loss: 0.10025 - acc: 0.9680 -- iter: 672/968
[A[ATraining Step: 208  | total loss: [1m[32m0.09249[0m[0m | time: 278.682s
[2K
| RMSProp | epoch: 007 | loss: 0.09249 - acc: 0.9712 -- iter: 704/968
[A[ATraining Step: 209  | total loss: [1m[32m0.08571[0m[0m | time: 290.788s
[2K
| RMSProp | epoch: 007 | loss: 0.08571 - acc: 0.9740 -- iter: 736/968
[A[ATraining Step: 210  | total loss: [1m[32m0.07892[0m[0m | time: 303.409s
[2K
| RMSProp | epoch: 007 | loss: 0.07892 - acc: 0.9766 -- iter: 768/968
[A[ATraining Step: 211  | total loss: [1m[32m0.07370[0m[0m | time: 315.899s
[2K
| RMSProp | epoch: 007 | loss: 0.07370 - acc: 0.9790 -- iter: 800/968
[A[ATraining Step: 212  | total loss: [1m[32m0.06853[0m[0m | time: 328.023s
[2K
| RMSProp | epoch: 007 | loss: 0.06853 - acc: 0.9811 -- iter: 832/968
[A[ATraining Step: 213  | total loss: [1m[32m0.06518[0m[0m | time: 340.142s
[2K
| RMSProp | epoch: 007 | loss: 0.06518 - acc: 0.9830 -- iter: 864/968
[A[ATraining Step: 214  | total loss: [1m[32m0.06229[0m[0m | time: 352.367s
[2K
| RMSProp | epoch: 007 | loss: 0.06229 - acc: 0.9847 -- iter: 896/968
[A[ATraining Step: 215  | total loss: [1m[32m0.08600[0m[0m | time: 364.802s
[2K
| RMSProp | epoch: 007 | loss: 0.08600 - acc: 0.9768 -- iter: 928/968
[A[ATraining Step: 216  | total loss: [1m[32m0.07808[0m[0m | time: 376.589s
[2K
| RMSProp | epoch: 007 | loss: 0.07808 - acc: 0.9791 -- iter: 960/968
[A[ATraining Step: 217  | total loss: [1m[32m0.07195[0m[0m | time: 411.860s
[2K
| RMSProp | epoch: 007 | loss: 0.07195 - acc: 0.9812 | val_loss: 0.77743 - val_acc: 0.7657 -- iter: 968/968
--
Training Step: 218  | total loss: [1m[32m0.06660[0m[0m | time: 12.383s
[2K
| RMSProp | epoch: 008 | loss: 0.06660 - acc: 0.9831 -- iter: 032/968
[A[ATraining Step: 219  | total loss: [1m[32m0.06025[0m[0m | time: 24.782s
[2K
| RMSProp | epoch: 008 | loss: 0.06025 - acc: 0.9848 -- iter: 064/968
[A[ATraining Step: 220  | total loss: [1m[32m0.05646[0m[0m | time: 37.233s
[2K
| RMSProp | epoch: 008 | loss: 0.05646 - acc: 0.9863 -- iter: 096/968
[A[ATraining Step: 221  | total loss: [1m[32m0.05448[0m[0m | time: 49.647s
[2K
| RMSProp | epoch: 008 | loss: 0.05448 - acc: 0.9877 -- iter: 128/968
[A[ATraining Step: 222  | total loss: [1m[32m0.04984[0m[0m | time: 61.991s
[2K
| RMSProp | epoch: 008 | loss: 0.04984 - acc: 0.9889 -- iter: 160/968
[A[ATraining Step: 223  | total loss: [1m[32m0.06487[0m[0m | time: 66.657s
[2K
| RMSProp | epoch: 008 | loss: 0.06487 - acc: 0.9838 -- iter: 192/968
[A[ATraining Step: 224  | total loss: [1m[32m0.08338[0m[0m | time: 71.079s
[2K
| RMSProp | epoch: 008 | loss: 0.08338 - acc: 0.9729 -- iter: 224/968
[A[ATraining Step: 225  | total loss: [1m[32m0.11786[0m[0m | time: 83.491s
[2K
| RMSProp | epoch: 008 | loss: 0.11786 - acc: 0.9631 -- iter: 256/968
[A[ATraining Step: 226  | total loss: [1m[32m0.11384[0m[0m | time: 95.594s
[2K
| RMSProp | epoch: 008 | loss: 0.11384 - acc: 0.9637 -- iter: 288/968
[A[ATraining Step: 227  | total loss: [1m[32m0.13386[0m[0m | time: 107.714s
[2K
| RMSProp | epoch: 008 | loss: 0.13386 - acc: 0.9548 -- iter: 320/968
[A[ATraining Step: 228  | total loss: [1m[32m0.12949[0m[0m | time: 119.963s
[2K
| RMSProp | epoch: 008 | loss: 0.12949 - acc: 0.9531 -- iter: 352/968
[A[ATraining Step: 229  | total loss: [1m[32m0.11762[0m[0m | time: 132.408s
[2K
| RMSProp | epoch: 008 | loss: 0.11762 - acc: 0.9578 -- iter: 384/968
[A[ATraining Step: 230  | total loss: [1m[32m0.10808[0m[0m | time: 144.679s
[2K
| RMSProp | epoch: 008 | loss: 0.10808 - acc: 0.9620 -- iter: 416/968
[A[ATraining Step: 231  | total loss: [1m[32m0.09945[0m[0m | time: 156.858s
[2K
| RMSProp | epoch: 008 | loss: 0.09945 - acc: 0.9658 -- iter: 448/968
[A[ATraining Step: 232  | total loss: [1m[32m0.08991[0m[0m | time: 169.289s
[2K
| RMSProp | epoch: 008 | loss: 0.08991 - acc: 0.9692 -- iter: 480/968
[A[ATraining Step: 233  | total loss: [1m[32m0.08145[0m[0m | time: 181.504s
[2K
| RMSProp | epoch: 008 | loss: 0.08145 - acc: 0.9723 -- iter: 512/968
[A[ATraining Step: 234  | total loss: [1m[32m0.07361[0m[0m | time: 194.056s
[2K
| RMSProp | epoch: 008 | loss: 0.07361 - acc: 0.9751 -- iter: 544/968
[A[ATraining Step: 235  | total loss: [1m[32m0.06675[0m[0m | time: 206.930s
[2K
| RMSProp | epoch: 008 | loss: 0.06675 - acc: 0.9776 -- iter: 576/968
[A[ATraining Step: 236  | total loss: [1m[32m0.06109[0m[0m | time: 220.827s
[2K
| RMSProp | epoch: 008 | loss: 0.06109 - acc: 0.9798 -- iter: 608/968
[A[ATraining Step: 237  | total loss: [1m[32m0.05576[0m[0m | time: 234.037s
[2K
| RMSProp | epoch: 008 | loss: 0.05576 - acc: 0.9818 -- iter: 640/968
[A[ATraining Step: 238  | total loss: [1m[32m0.05049[0m[0m | time: 247.181s
[2K
| RMSProp | epoch: 008 | loss: 0.05049 - acc: 0.9836 -- iter: 672/968
[A[ATraining Step: 239  | total loss: [1m[32m0.04578[0m[0m | time: 260.434s
[2K
| RMSProp | epoch: 008 | loss: 0.04578 - acc: 0.9853 -- iter: 704/968
[A[ATraining Step: 240  | total loss: [1m[32m0.04163[0m[0m | time: 274.075s
[2K
| RMSProp | epoch: 008 | loss: 0.04163 - acc: 0.9867 -- iter: 736/968
[A[ATraining Step: 241  | total loss: [1m[32m0.04145[0m[0m | time: 282.378s
[2K
| RMSProp | epoch: 008 | loss: 0.04145 - acc: 0.9881 -- iter: 768/968
[A[ATraining Step: 242  | total loss: [1m[32m0.03994[0m[0m | time: 290.572s
[2K
| RMSProp | epoch: 008 | loss: 0.03994 - acc: 0.9893 -- iter: 800/968
[A[ATraining Step: 243  | total loss: [1m[32m0.04183[0m[0m | time: 298.701s
[2K
| RMSProp | epoch: 008 | loss: 0.04183 - acc: 0.9872 -- iter: 832/968
[A[ATraining Step: 244  | total loss: [1m[32m0.05228[0m[0m | time: 311.304s
[2K
| RMSProp | epoch: 008 | loss: 0.05228 - acc: 0.9791 -- iter: 864/968
[A[ATraining Step: 245  | total loss: [1m[32m0.04729[0m[0m | time: 323.723s
[2K
| RMSProp | epoch: 008 | loss: 0.04729 - acc: 0.9812 -- iter: 896/968
[A[ATraining Step: 246  | total loss: [1m[32m0.04480[0m[0m | time: 336.003s
[2K
| RMSProp | epoch: 008 | loss: 0.04480 - acc: 0.9831 -- iter: 928/968
[A[ATraining Step: 247  | total loss: [1m[32m0.04674[0m[0m | time: 348.687s
[2K
| RMSProp | epoch: 008 | loss: 0.04674 - acc: 0.9817 -- iter: 960/968
[A[ATraining Step: 248  | total loss: [1m[32m0.04272[0m[0m | time: 381.555s
[2K
| RMSProp | epoch: 008 | loss: 0.04272 - acc: 0.9835 | val_loss: 0.73616 - val_acc: 0.8449 -- iter: 968/968
--
Training Step: 249  | total loss: [1m[32m0.03890[0m[0m | time: 12.677s
[2K
| RMSProp | epoch: 009 | loss: 0.03890 - acc: 0.9851 -- iter: 032/968
[A[ATraining Step: 250  | total loss: [1m[32m0.03627[0m[0m | time: 25.241s
[2K
| RMSProp | epoch: 009 | loss: 0.03627 - acc: 0.9866 -- iter: 064/968
[A[ATraining Step: 251  | total loss: [1m[32m0.03363[0m[0m | time: 37.553s
[2K
| RMSProp | epoch: 009 | loss: 0.03363 - acc: 0.9880 -- iter: 096/968
[A[ATraining Step: 252  | total loss: [1m[32m0.03099[0m[0m | time: 50.420s
[2K
| RMSProp | epoch: 009 | loss: 0.03099 - acc: 0.9892 -- iter: 128/968
[A[ATraining Step: 253  | total loss: [1m[32m0.03228[0m[0m | time: 62.683s
[2K
| RMSProp | epoch: 009 | loss: 0.03228 - acc: 0.9902 -- iter: 160/968
[A[ATraining Step: 254  | total loss: [1m[32m0.02971[0m[0m | time: 74.815s
[2K
| RMSProp | epoch: 009 | loss: 0.02971 - acc: 0.9912 -- iter: 192/968
[A[ATraining Step: 255  | total loss: [1m[32m0.02721[0m[0m | time: 79.083s
[2K
| RMSProp | epoch: 009 | loss: 0.02721 - acc: 0.9921 -- iter: 224/968
[A[ATraining Step: 256  | total loss: [1m[32m0.09873[0m[0m | time: 83.757s
[2K
| RMSProp | epoch: 009 | loss: 0.09873 - acc: 0.9554 -- iter: 256/968
[A[ATraining Step: 257  | total loss: [1m[32m0.08928[0m[0m | time: 95.397s
[2K
| RMSProp | epoch: 009 | loss: 0.08928 - acc: 0.9599 -- iter: 288/968
[A[ATraining Step: 258  | total loss: [1m[32m0.08067[0m[0m | time: 107.598s
[2K
| RMSProp | epoch: 009 | loss: 0.08067 - acc: 0.9639 -- iter: 320/968
[A[ATraining Step: 259  | total loss: [1m[32m0.07486[0m[0m | time: 119.756s
[2K
| RMSProp | epoch: 009 | loss: 0.07486 - acc: 0.9675 -- iter: 352/968
[A[ATraining Step: 260  | total loss: [1m[32m0.07870[0m[0m | time: 131.748s
[2K
| RMSProp | epoch: 009 | loss: 0.07870 - acc: 0.9645 -- iter: 384/968
[A[ATraining Step: 261  | total loss: [1m[32m0.07294[0m[0m | time: 144.116s
[2K
| RMSProp | epoch: 009 | loss: 0.07294 - acc: 0.9680 -- iter: 416/968
[A[ATraining Step: 262  | total loss: [1m[32m0.06820[0m[0m | time: 156.637s
[2K
| RMSProp | epoch: 009 | loss: 0.06820 - acc: 0.9712 -- iter: 448/968
[A[ATraining Step: 263  | total loss: [1m[32m0.07810[0m[0m | time: 169.119s
[2K
| RMSProp | epoch: 009 | loss: 0.07810 - acc: 0.9710 -- iter: 480/968
[A[ATraining Step: 264  | total loss: [1m[32m0.07259[0m[0m | time: 181.769s
[2K
| RMSProp | epoch: 009 | loss: 0.07259 - acc: 0.9739 -- iter: 512/968
[A[ATraining Step: 265  | total loss: [1m[32m0.06690[0m[0m | time: 194.128s
[2K
| RMSProp | epoch: 009 | loss: 0.06690 - acc: 0.9765 -- iter: 544/968
[A[ATraining Step: 266  | total loss: [1m[32m0.06306[0m[0m | time: 206.317s
[2K
| RMSProp | epoch: 009 | loss: 0.06306 - acc: 0.9788 -- iter: 576/968
[A[ATraining Step: 267  | total loss: [1m[32m0.05703[0m[0m | time: 218.917s
[2K
| RMSProp | epoch: 009 | loss: 0.05703 - acc: 0.9810 -- iter: 608/968
[A[ATraining Step: 268  | total loss: [1m[32m0.05158[0m[0m | time: 231.362s
[2K
| RMSProp | epoch: 009 | loss: 0.05158 - acc: 0.9829 -- iter: 640/968
[A[ATraining Step: 269  | total loss: [1m[32m0.04704[0m[0m | time: 243.803s
[2K
| RMSProp | epoch: 009 | loss: 0.04704 - acc: 0.9846 -- iter: 672/968
[A[ATraining Step: 270  | total loss: [1m[32m0.04282[0m[0m | time: 255.885s
[2K
| RMSProp | epoch: 009 | loss: 0.04282 - acc: 0.9861 -- iter: 704/968
[A[ATraining Step: 271  | total loss: [1m[32m0.03887[0m[0m | time: 268.433s
[2K
| RMSProp | epoch: 009 | loss: 0.03887 - acc: 0.9875 -- iter: 736/968
[A[ATraining Step: 272  | total loss: [1m[32m0.03786[0m[0m | time: 280.464s
[2K
| RMSProp | epoch: 009 | loss: 0.03786 - acc: 0.9856 -- iter: 768/968
[A[ATraining Step: 273  | total loss: [1m[32m0.03501[0m[0m | time: 292.475s
[2K
| RMSProp | epoch: 009 | loss: 0.03501 - acc: 0.9871 -- iter: 800/968
[A[ATraining Step: 274  | total loss: [1m[32m0.03258[0m[0m | time: 304.858s
[2K
| RMSProp | epoch: 009 | loss: 0.03258 - acc: 0.9884 -- iter: 832/968
[A[ATraining Step: 275  | total loss: [1m[32m0.02965[0m[0m | time: 317.609s
[2K
| RMSProp | epoch: 009 | loss: 0.02965 - acc: 0.9895 -- iter: 864/968
[A[ATraining Step: 276  | total loss: [1m[32m0.02682[0m[0m | time: 329.963s
[2K
| RMSProp | epoch: 009 | loss: 0.02682 - acc: 0.9906 -- iter: 896/968
[A[ATraining Step: 277  | total loss: [1m[32m0.02426[0m[0m | time: 342.116s
[2K
| RMSProp | epoch: 009 | loss: 0.02426 - acc: 0.9915 -- iter: 928/968
[A[ATraining Step: 278  | total loss: [1m[32m0.02221[0m[0m | time: 354.433s
[2K
| RMSProp | epoch: 009 | loss: 0.02221 - acc: 0.9924 -- iter: 960/968
[A[ATraining Step: 279  | total loss: [1m[32m0.02033[0m[0m | time: 389.364s
[2K
| RMSProp | epoch: 009 | loss: 0.02033 - acc: 0.9931 | val_loss: 0.28293 - val_acc: 0.9010 -- iter: 968/968
--
Training Step: 280  | total loss: [1m[32m0.01988[0m[0m | time: 12.166s
[2K
| RMSProp | epoch: 010 | loss: 0.01988 - acc: 0.9938 -- iter: 032/968
[A[ATraining Step: 281  | total loss: [1m[32m0.01820[0m[0m | time: 24.549s
[2K
| RMSProp | epoch: 010 | loss: 0.01820 - acc: 0.9944 -- iter: 064/968
[A[ATraining Step: 282  | total loss: [1m[32m0.01682[0m[0m | time: 36.921s
[2K
| RMSProp | epoch: 010 | loss: 0.01682 - acc: 0.9950 -- iter: 096/968
[A[ATraining Step: 283  | total loss: [1m[32m0.01562[0m[0m | time: 49.179s
[2K
| RMSProp | epoch: 010 | loss: 0.01562 - acc: 0.9955 -- iter: 128/968
[A[ATraining Step: 284  | total loss: [1m[32m0.01412[0m[0m | time: 61.516s
[2K
| RMSProp | epoch: 010 | loss: 0.01412 - acc: 0.9959 -- iter: 160/968
[A[ATraining Step: 285  | total loss: [1m[32m0.01292[0m[0m | time: 73.939s
[2K
| RMSProp | epoch: 010 | loss: 0.01292 - acc: 0.9963 -- iter: 192/968
[A[ATraining Step: 286  | total loss: [1m[32m0.01189[0m[0m | time: 86.467s
[2K
| RMSProp | epoch: 010 | loss: 0.01189 - acc: 0.9967 -- iter: 224/968
[A[ATraining Step: 287  | total loss: [1m[32m0.02226[0m[0m | time: 91.062s
[2K
| RMSProp | epoch: 010 | loss: 0.02226 - acc: 0.9939 -- iter: 256/968
[A[ATraining Step: 288  | total loss: [1m[32m0.02123[0m[0m | time: 95.470s
[2K
| RMSProp | epoch: 010 | loss: 0.02123 - acc: 0.9945 -- iter: 288/968
[A[ATraining Step: 289  | total loss: [1m[32m0.01918[0m[0m | time: 107.849s
[2K
| RMSProp | epoch: 010 | loss: 0.01918 - acc: 0.9951 -- iter: 320/968
[A[ATraining Step: 290  | total loss: [1m[32m0.02024[0m[0m | time: 120.301s
[2K
| RMSProp | epoch: 010 | loss: 0.02024 - acc: 0.9924 -- iter: 352/968
[A[ATraining Step: 291  | total loss: [1m[32m0.01831[0m[0m | time: 132.638s
[2K
| RMSProp | epoch: 010 | loss: 0.01831 - acc: 0.9932 -- iter: 384/968
[A[ATraining Step: 292  | total loss: [1m[32m0.01687[0m[0m | time: 144.943s
[2K
| RMSProp | epoch: 010 | loss: 0.01687 - acc: 0.9939 -- iter: 416/968
[A[ATraining Step: 293  | total loss: [1m[32m0.01562[0m[0m | time: 157.487s
[2K
| RMSProp | epoch: 010 | loss: 0.01562 - acc: 0.9945 -- iter: 448/968
[A[ATraining Step: 294  | total loss: [1m[32m0.01417[0m[0m | time: 169.537s
[2K
| RMSProp | epoch: 010 | loss: 0.01417 - acc: 0.9950 -- iter: 480/968
[A[ATraining Step: 295  | total loss: [1m[32m0.01312[0m[0m | time: 182.092s
[2K
| RMSProp | epoch: 010 | loss: 0.01312 - acc: 0.9955 -- iter: 512/968
[A[ATraining Step: 296  | total loss: [1m[32m0.01186[0m[0m | time: 194.861s
[2K
| RMSProp | epoch: 010 | loss: 0.01186 - acc: 0.9960 -- iter: 544/968
[A[ATraining Step: 297  | total loss: [1m[32m0.01081[0m[0m | time: 207.233s
[2K
| RMSProp | epoch: 010 | loss: 0.01081 - acc: 0.9964 -- iter: 576/968
[A[ATraining Step: 298  | total loss: [1m[32m0.00979[0m[0m | time: 219.698s
[2K
| RMSProp | epoch: 010 | loss: 0.00979 - acc: 0.9967 -- iter: 608/968
[A[ATraining Step: 299  | total loss: [1m[32m0.00885[0m[0m | time: 231.689s
[2K
| RMSProp | epoch: 010 | loss: 0.00885 - acc: 0.9971 -- iter: 640/968
[A[ATraining Step: 300  | total loss: [1m[32m0.00799[0m[0m | time: 243.725s
[2K
| RMSProp | epoch: 010 | loss: 0.00799 - acc: 0.9974 -- iter: 672/968
[A[ATraining Step: 301  | total loss: [1m[32m0.00738[0m[0m | time: 256.160s
[2K
| RMSProp | epoch: 010 | loss: 0.00738 - acc: 0.9976 -- iter: 704/968
[A[ATraining Step: 302  | total loss: [1m[32m0.00672[0m[0m | time: 268.066s
[2K
| RMSProp | epoch: 010 | loss: 0.00672 - acc: 0.9979 -- iter: 736/968
[A[ATraining Step: 303  | total loss: [1m[32m0.00891[0m[0m | time: 280.294s
[2K
| RMSProp | epoch: 010 | loss: 0.00891 - acc: 0.9950 -- iter: 768/968
[A[ATraining Step: 304  | total loss: [1m[32m0.00817[0m[0m | time: 292.707s
[2K
| RMSProp | epoch: 010 | loss: 0.00817 - acc: 0.9955 -- iter: 800/968
[A[ATraining Step: 305  | total loss: [1m[32m0.00751[0m[0m | time: 305.084s
[2K
| RMSProp | epoch: 010 | loss: 0.00751 - acc: 0.9959 -- iter: 832/968
[A[ATraining Step: 306  | total loss: [1m[32m0.00727[0m[0m | time: 317.461s
[2K
| RMSProp | epoch: 010 | loss: 0.00727 - acc: 0.9963 -- iter: 864/968
[A[ATraining Step: 307  | total loss: [1m[32m0.00695[0m[0m | time: 329.990s
[2K
| RMSProp | epoch: 010 | loss: 0.00695 - acc: 0.9967 -- iter: 896/968
[A[ATraining Step: 308  | total loss: [1m[32m0.00634[0m[0m | time: 342.465s
[2K
| RMSProp | epoch: 010 | loss: 0.00634 - acc: 0.9970 -- iter: 928/968
[A[ATraining Step: 309  | total loss: [1m[32m0.00611[0m[0m | time: 354.857s
[2K
| RMSProp | epoch: 010 | loss: 0.00611 - acc: 0.9973 -- iter: 960/968
[A[ATraining Step: 310  | total loss: [1m[32m0.00562[0m[0m | time: 390.090s
[2K
| RMSProp | epoch: 010 | loss: 0.00562 - acc: 0.9976 | val_loss: 0.29175 - val_acc: 0.9340 -- iter: 968/968
--
Training Step: 311  | total loss: [1m[32m0.00511[0m[0m | time: 13.602s
[2K
| RMSProp | epoch: 011 | loss: 0.00511 - acc: 0.9978 -- iter: 032/968
[A[ATraining Step: 312  | total loss: [1m[32m0.00477[0m[0m | time: 27.265s
[2K
| RMSProp | epoch: 011 | loss: 0.00477 - acc: 0.9980 -- iter: 064/968
[A[ATraining Step: 313  | total loss: [1m[32m0.00514[0m[0m | time: 40.256s
[2K
| RMSProp | epoch: 011 | loss: 0.00514 - acc: 0.9982 -- iter: 096/968
[A[ATraining Step: 314  | total loss: [1m[32m0.00483[0m[0m | time: 50.159s
[2K
| RMSProp | epoch: 011 | loss: 0.00483 - acc: 0.9984 -- iter: 128/968
[A[ATraining Step: 315  | total loss: [1m[32m0.00440[0m[0m | time: 58.404s
[2K
| RMSProp | epoch: 011 | loss: 0.00440 - acc: 0.9986 -- iter: 160/968
[A[ATraining Step: 316  | total loss: [1m[32m0.00397[0m[0m | time: 70.903s
[2K
| RMSProp | epoch: 011 | loss: 0.00397 - acc: 0.9987 -- iter: 192/968
[A[ATraining Step: 317  | total loss: [1m[32m0.00740[0m[0m | time: 83.047s
[2K
| RMSProp | epoch: 011 | loss: 0.00740 - acc: 0.9988 -- iter: 224/968
[A[ATraining Step: 318  | total loss: [1m[32m0.01037[0m[0m | time: 95.538s
[2K
| RMSProp | epoch: 011 | loss: 0.01037 - acc: 0.9990 -- iter: 256/968
[A[ATraining Step: 319  | total loss: [1m[32m0.01031[0m[0m | time: 99.858s
[2K
| RMSProp | epoch: 011 | loss: 0.01031 - acc: 0.9991 -- iter: 288/968
[A[ATraining Step: 320  | total loss: [1m[32m0.20209[0m[0m | time: 104.417s
[2K
| RMSProp | epoch: 011 | loss: 0.20209 - acc: 0.9742 -- iter: 320/968
[A[ATraining Step: 321  | total loss: [1m[32m0.20845[0m[0m | time: 116.969s
[2K
| RMSProp | epoch: 011 | loss: 0.20845 - acc: 0.9642 -- iter: 352/968
[A[ATraining Step: 322  | total loss: [1m[32m0.19422[0m[0m | time: 129.411s
[2K
| RMSProp | epoch: 011 | loss: 0.19422 - acc: 0.9647 -- iter: 384/968
[A[ATraining Step: 323  | total loss: [1m[32m0.24020[0m[0m | time: 141.742s
[2K
| RMSProp | epoch: 011 | loss: 0.24020 - acc: 0.9651 -- iter: 416/968
[A[ATraining Step: 324  | total loss: [1m[32m0.21858[0m[0m | time: 154.314s
[2K
| RMSProp | epoch: 011 | loss: 0.21858 - acc: 0.9686 -- iter: 448/968
[A[ATraining Step: 325  | total loss: [1m[32m0.20276[0m[0m | time: 166.275s
[2K
| RMSProp | epoch: 011 | loss: 0.20276 - acc: 0.9686 -- iter: 480/968
[A[ATraining Step: 326  | total loss: [1m[32m0.18366[0m[0m | time: 178.416s
[2K
| RMSProp | epoch: 011 | loss: 0.18366 - acc: 0.9717 -- iter: 512/968
[A[ATraining Step: 327  | total loss: [1m[32m0.16592[0m[0m | time: 190.768s
[2K
| RMSProp | epoch: 011 | loss: 0.16592 - acc: 0.9746 -- iter: 544/968
[A[ATraining Step: 328  | total loss: [1m[32m0.14965[0m[0m | time: 203.342s
[2K
| RMSProp | epoch: 011 | loss: 0.14965 - acc: 0.9771 -- iter: 576/968
[A[ATraining Step: 329  | total loss: [1m[32m0.13554[0m[0m | time: 215.409s
[2K
| RMSProp | epoch: 011 | loss: 0.13554 - acc: 0.9794 -- iter: 608/968
[A[ATraining Step: 330  | total loss: [1m[32m0.12279[0m[0m | time: 228.003s
[2K
| RMSProp | epoch: 011 | loss: 0.12279 - acc: 0.9815 -- iter: 640/968
[A[ATraining Step: 331  | total loss: [1m[32m0.11124[0m[0m | time: 240.436s
[2K
| RMSProp | epoch: 011 | loss: 0.11124 - acc: 0.9833 -- iter: 672/968
[A[ATraining Step: 332  | total loss: [1m[32m0.10140[0m[0m | time: 252.729s
[2K
| RMSProp | epoch: 011 | loss: 0.10140 - acc: 0.9850 -- iter: 704/968
[A[ATraining Step: 333  | total loss: [1m[32m0.09694[0m[0m | time: 265.376s
[2K
| RMSProp | epoch: 011 | loss: 0.09694 - acc: 0.9802 -- iter: 736/968
[A[ATraining Step: 334  | total loss: [1m[32m0.09358[0m[0m | time: 278.069s
[2K
| RMSProp | epoch: 011 | loss: 0.09358 - acc: 0.9791 -- iter: 768/968
[A[ATraining Step: 335  | total loss: [1m[32m0.08718[0m[0m | time: 290.279s
[2K
| RMSProp | epoch: 011 | loss: 0.08718 - acc: 0.9781 -- iter: 800/968
[A[ATraining Step: 336  | total loss: [1m[32m0.07899[0m[0m | time: 302.829s
[2K
| RMSProp | epoch: 011 | loss: 0.07899 - acc: 0.9802 -- iter: 832/968
[A[ATraining Step: 337  | total loss: [1m[32m0.07151[0m[0m | time: 316.098s
[2K
| RMSProp | epoch: 011 | loss: 0.07151 - acc: 0.9822 -- iter: 864/968
[A[ATraining Step: 338  | total loss: [1m[32m0.06445[0m[0m | time: 389.807s
[2K
| RMSProp | epoch: 011 | loss: 0.06445 - acc: 0.9840 -- iter: 896/968
[A[ATraining Step: 339  | total loss: [1m[32m0.07658[0m[0m | time: 414.863s
[2K
| RMSProp | epoch: 011 | loss: 0.07658 - acc: 0.9825 -- iter: 928/968
[A[ATraining Step: 340  | total loss: [1m[32m0.07862[0m[0m | time: 443.170s
[2K
| RMSProp | epoch: 011 | loss: 0.07862 - acc: 0.9811 -- iter: 960/968
[A[ATraining Step: 341  | total loss: [1m[32m0.07095[0m[0m | time: 497.889s
[2K
| RMSProp | epoch: 011 | loss: 0.07095 - acc: 0.9830 | val_loss: 0.43946 - val_acc: 0.8911 -- iter: 968/968
--
Training Step: 342  | total loss: [1m[32m0.06396[0m[0m | time: 23.030s
[2K
| RMSProp | epoch: 012 | loss: 0.06396 - acc: 0.9847 -- iter: 032/968
[A[ATraining Step: 343  | total loss: [1m[32m0.05796[0m[0m | time: 41.947s
[2K
| RMSProp | epoch: 012 | loss: 0.05796 - acc: 0.9862 -- iter: 064/968
[A[ATraining Step: 344  | total loss: [1m[32m0.05227[0m[0m | time: 57.700s
[2K
| RMSProp | epoch: 012 | loss: 0.05227 - acc: 0.9876 -- iter: 096/968
[A[ATraining Step: 345  | total loss: [1m[32m0.04715[0m[0m | time: 75.660s
[2K
| RMSProp | epoch: 012 | loss: 0.04715 - acc: 0.9888 -- iter: 128/968
[A[ATraining Step: 346  | total loss: [1m[32m0.04482[0m[0m | time: 102.740s
[2K
| RMSProp | epoch: 012 | loss: 0.04482 - acc: 0.9900 -- iter: 160/968
[A[ATraining Step: 347  | total loss: [1m[32m0.04262[0m[0m | time: 121.246s
[2K
| RMSProp | epoch: 012 | loss: 0.04262 - acc: 0.9910 -- iter: 192/968
[A[ATraining Step: 348  | total loss: [1m[32m0.03870[0m[0m | time: 143.550s
[2K
| RMSProp | epoch: 012 | loss: 0.03870 - acc: 0.9919 -- iter: 224/968
[A[ATraining Step: 349  | total loss: [1m[32m0.03504[0m[0m | time: 174.413s
[2K
| RMSProp | epoch: 012 | loss: 0.03504 - acc: 0.9927 -- iter: 256/968
[A[ATraining Step: 350  | total loss: [1m[32m0.03169[0m[0m | time: 193.903s
[2K
| RMSProp | epoch: 012 | loss: 0.03169 - acc: 0.9934 -- iter: 288/968
[A[ATraining Step: 351  | total loss: [1m[32m0.02865[0m[0m | time: 200.258s
[2K
| RMSProp | epoch: 012 | loss: 0.02865 - acc: 0.9941 -- iter: 320/968
[A[ATraining Step: 352  | total loss: [1m[32m0.27043[0m[0m | time: 206.211s
[2K
| RMSProp | epoch: 012 | loss: 0.27043 - acc: 0.9697 -- iter: 352/968
[A[ATraining Step: 353  | total loss: [1m[32m0.24342[0m[0m | time: 227.434s
[2K
| RMSProp | epoch: 012 | loss: 0.24342 - acc: 0.9727 -- iter: 384/968
[A[ATraining Step: 354  | total loss: [1m[32m0.22324[0m[0m | time: 254.101s
[2K
| RMSProp | epoch: 012 | loss: 0.22324 - acc: 0.9723 -- iter: 416/968
[A[ATraining Step: 355  | total loss: [1m[32m0.20096[0m[0m | time: 280.378s
[2K
| RMSProp | epoch: 012 | loss: 0.20096 - acc: 0.9751 -- iter: 448/968
[A[ATraining Step: 356  | total loss: [1m[32m0.21924[0m[0m | time: 297.790s
[2K
| RMSProp | epoch: 012 | loss: 0.21924 - acc: 0.9682 -- iter: 480/968
[A[ATraining Step: 357  | total loss: [1m[32m0.19745[0m[0m | time: 316.599s
[2K
| RMSProp | epoch: 012 | loss: 0.19745 - acc: 0.9714 -- iter: 512/968
[A[ATraining Step: 358  | total loss: [1m[32m0.17800[0m[0m | time: 334.415s
[2K
| RMSProp | epoch: 012 | loss: 0.17800 - acc: 0.9742 -- iter: 544/968
[A[ATraining Step: 359  | total loss: [1m[32m0.16110[0m[0m | time: 352.795s
[2K
| RMSProp | epoch: 012 | loss: 0.16110 - acc: 0.9768 -- iter: 576/968
[A[ATraining Step: 360  | total loss: [1m[32m0.14547[0m[0m | time: 371.156s
[2K
| RMSProp | epoch: 012 | loss: 0.14547 - acc: 0.9791 -- iter: 608/968
[A[ATraining Step: 361  | total loss: [1m[32m0.13484[0m[0m | time: 392.804s
[2K
| RMSProp | epoch: 012 | loss: 0.13484 - acc: 0.9781 -- iter: 640/968
[A[ATraining Step: 362  | total loss: [1m[32m0.13477[0m[0m | time: 411.482s
[2K
| RMSProp | epoch: 012 | loss: 0.13477 - acc: 0.9740 -- iter: 672/968
[A[ATraining Step: 363  | total loss: [1m[32m0.12333[0m[0m | time: 430.134s
[2K
| RMSProp | epoch: 012 | loss: 0.12333 - acc: 0.9766 -- iter: 704/968
[A[ATraining Step: 364  | total loss: [1m[32m0.11156[0m[0m | time: 449.057s
[2K
| RMSProp | epoch: 012 | loss: 0.11156 - acc: 0.9790 -- iter: 736/968
[A[ATraining Step: 365  | total loss: [1m[32m0.10115[0m[0m | time: 467.280s
[2K
| RMSProp | epoch: 012 | loss: 0.10115 - acc: 0.9811 -- iter: 768/968
[A[ATraining Step: 366  | total loss: [1m[32m0.09208[0m[0m | time: 486.799s
[2K
| RMSProp | epoch: 012 | loss: 0.09208 - acc: 0.9830 -- iter: 800/968
[A[ATraining Step: 367  | total loss: [1m[32m0.08380[0m[0m | time: 507.669s
[2K
| RMSProp | epoch: 012 | loss: 0.08380 - acc: 0.9847 -- iter: 832/968
[A[ATraining Step: 368  | total loss: [1m[32m0.07569[0m[0m | time: 532.876s
[2K
| RMSProp | epoch: 012 | loss: 0.07569 - acc: 0.9862 -- iter: 864/968
[A[ATraining Step: 369  | total loss: [1m[32m0.06818[0m[0m | time: 552.987s
[2K
| RMSProp | epoch: 012 | loss: 0.06818 - acc: 0.9876 -- iter: 896/968
[A[ATraining Step: 370  | total loss: [1m[32m0.06290[0m[0m | time: 571.335s
[2K
| RMSProp | epoch: 012 | loss: 0.06290 - acc: 0.9888 -- iter: 928/968
[A[ATraining Step: 371  | total loss: [1m[32m0.05731[0m[0m | time: 590.063s
[2K
| RMSProp | epoch: 012 | loss: 0.05731 - acc: 0.9899 -- iter: 960/968
[A[ATraining Step: 372  | total loss: [1m[32m0.05167[0m[0m | time: 643.244s
[2K
| RMSProp | epoch: 012 | loss: 0.05167 - acc: 0.9909 | val_loss: 0.74616 - val_acc: 0.8218 -- iter: 968/968
--
Training Step: 373  | total loss: [1m[32m0.04673[0m[0m | time: 18.418s
[2K
| RMSProp | epoch: 013 | loss: 0.04673 - acc: 0.9919 -- iter: 032/968
[A[ATraining Step: 374  | total loss: [1m[32m0.04209[0m[0m | time: 36.561s
[2K
| RMSProp | epoch: 013 | loss: 0.04209 - acc: 0.9927 -- iter: 064/968
[A[ATraining Step: 375  | total loss: [1m[32m0.03795[0m[0m | time: 55.109s
[2K
| RMSProp | epoch: 013 | loss: 0.03795 - acc: 0.9934 -- iter: 096/968
[A[ATraining Step: 376  | total loss: [1m[32m0.03433[0m[0m | time: 74.341s
[2K
| RMSProp | epoch: 013 | loss: 0.03433 - acc: 0.9941 -- iter: 128/968
[A[ATraining Step: 377  | total loss: [1m[32m0.03096[0m[0m | time: 95.432s
[2K
| RMSProp | epoch: 013 | loss: 0.03096 - acc: 0.9947 -- iter: 160/968
[A[ATraining Step: 378  | total loss: [1m[32m0.02807[0m[0m | time: 114.940s
[2K
| RMSProp | epoch: 013 | loss: 0.02807 - acc: 0.9952 -- iter: 192/968
[A[ATraining Step: 379  | total loss: [1m[32m0.02536[0m[0m | time: 134.608s
[2K
| RMSProp | epoch: 013 | loss: 0.02536 - acc: 0.9957 -- iter: 224/968
[A[ATraining Step: 380  | total loss: [1m[32m0.02287[0m[0m | time: 153.165s
[2K
| RMSProp | epoch: 013 | loss: 0.02287 - acc: 0.9961 -- iter: 256/968
[A[ATraining Step: 381  | total loss: [1m[32m0.02071[0m[0m | time: 173.222s
[2K
| RMSProp | epoch: 013 | loss: 0.02071 - acc: 0.9965 -- iter: 288/968
[A[ATraining Step: 382  | total loss: [1m[32m0.01869[0m[0m | time: 193.664s
[2K
| RMSProp | epoch: 013 | loss: 0.01869 - acc: 0.9968 -- iter: 320/968
[A[ATraining Step: 383  | total loss: [1m[32m0.01684[0m[0m | time: 200.233s
[2K
| RMSProp | epoch: 013 | loss: 0.01684 - acc: 0.9972 -- iter: 352/968
[A[ATraining Step: 384  | total loss: [1m[32m0.22865[0m[0m | time: 207.002s
[2K
| RMSProp | epoch: 013 | loss: 0.22865 - acc: 0.9849 -- iter: 384/968
[A[ATraining Step: 385  | total loss: [1m[32m0.39874[0m[0m | time: 226.616s
[2K
| RMSProp | epoch: 013 | loss: 0.39874 - acc: 0.9489 -- iter: 416/968
[A[ATraining Step: 386  | total loss: [1m[32m0.36417[0m[0m | time: 247.958s
[2K
| RMSProp | epoch: 013 | loss: 0.36417 - acc: 0.9509 -- iter: 448/968
[A[ATraining Step: 387  | total loss: [1m[32m0.32993[0m[0m | time: 266.134s
[2K
| RMSProp | epoch: 013 | loss: 0.32993 - acc: 0.9558 -- iter: 480/968
[A[ATraining Step: 388  | total loss: [1m[32m0.29703[0m[0m | time: 284.170s
[2K
| RMSProp | epoch: 013 | loss: 0.29703 - acc: 0.9603 -- iter: 512/968
[A[ATraining Step: 389  | total loss: [1m[32m0.26760[0m[0m | time: 302.628s
[2K
| RMSProp | epoch: 013 | loss: 0.26760 - acc: 0.9642 -- iter: 544/968
[A[ATraining Step: 390  | total loss: [1m[32m0.24112[0m[0m | time: 322.340s
[2K
| RMSProp | epoch: 013 | loss: 0.24112 - acc: 0.9678 -- iter: 576/968
[A[ATraining Step: 391  | total loss: [1m[32m0.21709[0m[0m | time: 340.516s
[2K
| RMSProp | epoch: 013 | loss: 0.21709 - acc: 0.9710 -- iter: 608/968
[A[ATraining Step: 392  | total loss: [1m[32m0.19550[0m[0m | time: 358.046s
[2K
| RMSProp | epoch: 013 | loss: 0.19550 - acc: 0.9739 -- iter: 640/968
[A[ATraining Step: 393  | total loss: [1m[32m0.17615[0m[0m | time: 376.277s
[2K
| RMSProp | epoch: 013 | loss: 0.17615 - acc: 0.9765 -- iter: 672/968
[A[ATraining Step: 394  | total loss: [1m[32m0.15871[0m[0m | time: 394.927s
[2K
| RMSProp | epoch: 013 | loss: 0.15871 - acc: 0.9789 -- iter: 704/968
[A[ATraining Step: 395  | total loss: [1m[32m0.14670[0m[0m | time: 413.061s
[2K
| RMSProp | epoch: 013 | loss: 0.14670 - acc: 0.9779 -- iter: 736/968
[A[ATraining Step: 396  | total loss: [1m[32m0.13262[0m[0m | time: 431.629s
[2K
| RMSProp | epoch: 013 | loss: 0.13262 - acc: 0.9801 -- iter: 768/968
[A[ATraining Step: 397  | total loss: [1m[32m0.12076[0m[0m | time: 452.910s
[2K
| RMSProp | epoch: 013 | loss: 0.12076 - acc: 0.9821 -- iter: 800/968
[A[ATraining Step: 398  | total loss: [1m[32m0.10885[0m[0m | time: 472.522s
[2K
| RMSProp | epoch: 013 | loss: 0.10885 - acc: 0.9839 -- iter: 832/968
[A[ATraining Step: 399  | total loss: [1m[32m0.09810[0m[0m | time: 491.002s
[2K
| RMSProp | epoch: 013 | loss: 0.09810 - acc: 0.9855 -- iter: 864/968
[A[ATraining Step: 400  | total loss: [1m[32m0.08834[0m[0m | time: 542.822s
[2K
| RMSProp | epoch: 013 | loss: 0.08834 - acc: 0.9869 | val_loss: 0.46304 - val_acc: 0.8713 -- iter: 896/968
--
Training Step: 401  | total loss: [1m[32m0.07961[0m[0m | time: 567.254s
[2K
| RMSProp | epoch: 013 | loss: 0.07961 - acc: 0.9882 -- iter: 928/968
[A[ATraining Step: 402  | total loss: [1m[32m0.07541[0m[0m | time: 589.339s
[2K
| RMSProp | epoch: 013 | loss: 0.07541 - acc: 0.9863 -- iter: 960/968
[A[ATraining Step: 403  | total loss: [1m[32m0.06968[0m[0m | time: 641.991s
[2K
| RMSProp | epoch: 013 | loss: 0.06968 - acc: 0.9877 | val_loss: 0.25892 - val_acc: 0.9241 -- iter: 968/968
--
Training Step: 404  | total loss: [1m[32m0.06307[0m[0m | time: 19.363s
[2K
| RMSProp | epoch: 014 | loss: 0.06307 - acc: 0.9889 -- iter: 032/968
[A[ATraining Step: 405  | total loss: [1m[32m0.05700[0m[0m | time: 37.658s
[2K
| RMSProp | epoch: 014 | loss: 0.05700 - acc: 0.9900 -- iter: 064/968
[A[ATraining Step: 406  | total loss: [1m[32m0.05154[0m[0m | time: 55.928s
[2K
| RMSProp | epoch: 014 | loss: 0.05154 - acc: 0.9910 -- iter: 096/968
[A[ATraining Step: 407  | total loss: [1m[32m0.04714[0m[0m | time: 73.622s
[2K
| RMSProp | epoch: 014 | loss: 0.04714 - acc: 0.9919 -- iter: 128/968
[A[ATraining Step: 408  | total loss: [1m[32m0.04690[0m[0m | time: 91.696s
[2K
| RMSProp | epoch: 014 | loss: 0.04690 - acc: 0.9896 -- iter: 160/968
[A[ATraining Step: 409  | total loss: [1m[32m0.04234[0m[0m | time: 109.668s
[2K
| RMSProp | epoch: 014 | loss: 0.04234 - acc: 0.9906 -- iter: 192/968
[A[ATraining Step: 410  | total loss: [1m[32m0.05132[0m[0m | time: 129.855s
[2K
| RMSProp | epoch: 014 | loss: 0.05132 - acc: 0.9853 -- iter: 224/968
[A[ATraining Step: 411  | total loss: [1m[32m0.04746[0m[0m | time: 147.705s
[2K
| RMSProp | epoch: 014 | loss: 0.04746 - acc: 0.9868 -- iter: 256/968
[A[ATraining Step: 412  | total loss: [1m[32m0.04292[0m[0m | time: 165.820s
[2K
| RMSProp | epoch: 014 | loss: 0.04292 - acc: 0.9881 -- iter: 288/968
[A[ATraining Step: 413  | total loss: [1m[32m0.03992[0m[0m | time: 184.158s
[2K
| RMSProp | epoch: 014 | loss: 0.03992 - acc: 0.9893 -- iter: 320/968
[A[ATraining Step: 414  | total loss: [1m[32m0.03619[0m[0m | time: 201.755s
[2K
| RMSProp | epoch: 014 | loss: 0.03619 - acc: 0.9904 -- iter: 352/968
[A[ATraining Step: 415  | total loss: [1m[32m0.03262[0m[0m | time: 208.041s
[2K
| RMSProp | epoch: 014 | loss: 0.03262 - acc: 0.9913 -- iter: 384/968
[A[ATraining Step: 416  | total loss: [1m[32m0.02963[0m[0m | time: 214.698s
[2K
| RMSProp | epoch: 014 | loss: 0.02963 - acc: 0.9922 -- iter: 416/968
[A[ATraining Step: 417  | total loss: [1m[32m0.02920[0m[0m | time: 236.464s
[2K
| RMSProp | epoch: 014 | loss: 0.02920 - acc: 0.9930 -- iter: 448/968
[A[ATraining Step: 418  | total loss: [1m[32m0.02651[0m[0m | time: 262.392s
[2K
| RMSProp | epoch: 014 | loss: 0.02651 - acc: 0.9937 -- iter: 480/968
[A[ATraining Step: 419  | total loss: [1m[32m0.02857[0m[0m | time: 280.823s
[2K
| RMSProp | epoch: 014 | loss: 0.02857 - acc: 0.9912 -- iter: 512/968
[A[ATraining Step: 420  | total loss: [1m[32m0.02619[0m[0m | time: 298.751s
[2K
| RMSProp | epoch: 014 | loss: 0.02619 - acc: 0.9921 -- iter: 544/968
[A[ATraining Step: 421  | total loss: [1m[32m0.04239[0m[0m | time: 316.707s
[2K
| RMSProp | epoch: 014 | loss: 0.04239 - acc: 0.9835 -- iter: 576/968
[A[ATraining Step: 422  | total loss: [1m[32m0.04386[0m[0m | time: 334.370s
[2K
| RMSProp | epoch: 014 | loss: 0.04386 - acc: 0.9820 -- iter: 608/968
[A[ATraining Step: 423  | total loss: [1m[32m0.04554[0m[0m | time: 352.486s
[2K
| RMSProp | epoch: 014 | loss: 0.04554 - acc: 0.9838 -- iter: 640/968
[A[ATraining Step: 424  | total loss: [1m[32m0.04172[0m[0m | time: 370.695s
[2K
| RMSProp | epoch: 014 | loss: 0.04172 - acc: 0.9854 -- iter: 672/968
[A[ATraining Step: 425  | total loss: [1m[32m0.03760[0m[0m | time: 390.014s
[2K
| RMSProp | epoch: 014 | loss: 0.03760 - acc: 0.9869 -- iter: 704/968
[A[ATraining Step: 426  | total loss: [1m[32m0.03539[0m[0m | time: 409.225s
[2K
| RMSProp | epoch: 014 | loss: 0.03539 - acc: 0.9882 -- iter: 736/968
[A[ATraining Step: 427  | total loss: [1m[32m0.03280[0m[0m | time: 428.126s
[2K
| RMSProp | epoch: 014 | loss: 0.03280 - acc: 0.9894 -- iter: 768/968
[A[ATraining Step: 428  | total loss: [1m[32m0.02964[0m[0m | time: 446.628s
[2K
| RMSProp | epoch: 014 | loss: 0.02964 - acc: 0.9904 -- iter: 800/968
[A[ATraining Step: 429  | total loss: [1m[32m0.02802[0m[0m | time: 464.714s
[2K
| RMSProp | epoch: 014 | loss: 0.02802 - acc: 0.9914 -- iter: 832/968
[A[ATraining Step: 430  | total loss: [1m[32m0.02674[0m[0m | time: 482.856s
[2K
| RMSProp | epoch: 014 | loss: 0.02674 - acc: 0.9923 -- iter: 864/968
[A[ATraining Step: 431  | total loss: [1m[32m0.02411[0m[0m | time: 502.167s
[2K
| RMSProp | epoch: 014 | loss: 0.02411 - acc: 0.9930 -- iter: 896/968
[A[ATraining Step: 432  | total loss: [1m[32m0.02207[0m[0m | time: 519.937s
[2K
| RMSProp | epoch: 014 | loss: 0.02207 - acc: 0.9937 -- iter: 928/968
[A[ATraining Step: 433  | total loss: [1m[32m0.02873[0m[0m | time: 538.139s
[2K
| RMSProp | epoch: 014 | loss: 0.02873 - acc: 0.9881 -- iter: 960/968
[A[ATraining Step: 434  | total loss: [1m[32m0.02601[0m[0m | time: 590.972s
[2K
| RMSProp | epoch: 014 | loss: 0.02601 - acc: 0.9893 | val_loss: 0.29971 - val_acc: 0.9307 -- iter: 968/968
--
Training Step: 435  | total loss: [1m[32m0.02480[0m[0m | time: 18.697s
[2K
| RMSProp | epoch: 015 | loss: 0.02480 - acc: 0.9904 -- iter: 032/968
[A[ATraining Step: 436  | total loss: [1m[32m0.02246[0m[0m | time: 36.415s
[2K
| RMSProp | epoch: 015 | loss: 0.02246 - acc: 0.9913 -- iter: 064/968
[A[ATraining Step: 437  | total loss: [1m[32m0.02029[0m[0m | time: 54.112s
[2K
| RMSProp | epoch: 015 | loss: 0.02029 - acc: 0.9922 -- iter: 096/968
[A[ATraining Step: 438  | total loss: [1m[32m0.01828[0m[0m | time: 72.768s
[2K
| RMSProp | epoch: 015 | loss: 0.01828 - acc: 0.9930 -- iter: 128/968
[A[ATraining Step: 439  | total loss: [1m[32m0.01651[0m[0m | time: 92.249s
[2K
| RMSProp | epoch: 015 | loss: 0.01651 - acc: 0.9937 -- iter: 160/968
[A[ATraining Step: 440  | total loss: [1m[32m0.01492[0m[0m | time: 111.678s
[2K
| RMSProp | epoch: 015 | loss: 0.01492 - acc: 0.9943 -- iter: 192/968
[A[ATraining Step: 441  | total loss: [1m[32m0.01348[0m[0m | time: 131.369s
[2K
| RMSProp | epoch: 015 | loss: 0.01348 - acc: 0.9949 -- iter: 224/968
[A[ATraining Step: 442  | total loss: [1m[32m0.01249[0m[0m | time: 151.057s
[2K
| RMSProp | epoch: 015 | loss: 0.01249 - acc: 0.9954 -- iter: 256/968
[A[ATraining Step: 443  | total loss: [1m[32m0.01129[0m[0m | time: 170.223s
[2K
| RMSProp | epoch: 015 | loss: 0.01129 - acc: 0.9959 -- iter: 288/968
[A[ATraining Step: 444  | total loss: [1m[32m0.01027[0m[0m | time: 189.297s
[2K
| RMSProp | epoch: 015 | loss: 0.01027 - acc: 0.9963 -- iter: 320/968
[A[ATraining Step: 445  | total loss: [1m[32m0.00955[0m[0m | time: 202.656s
[2K
| RMSProp | epoch: 015 | loss: 0.00955 - acc: 0.9966 -- iter: 352/968
[A[ATraining Step: 446  | total loss: [1m[32m0.00876[0m[0m | time: 216.678s
[2K
| RMSProp | epoch: 015 | loss: 0.00876 - acc: 0.9970 -- iter: 384/968
[A[ATraining Step: 447  | total loss: [1m[32m0.00791[0m[0m | time: 223.033s
[2K
| RMSProp | epoch: 015 | loss: 0.00791 - acc: 0.9973 -- iter: 416/968
[A[ATraining Step: 448  | total loss: [1m[32m0.41670[0m[0m | time: 229.767s
[2K
| RMSProp | epoch: 015 | loss: 0.41670 - acc: 0.9601 -- iter: 448/968
[A[ATraining Step: 449  | total loss: [1m[32m0.39142[0m[0m | time: 247.685s
[2K
| RMSProp | epoch: 015 | loss: 0.39142 - acc: 0.9515 -- iter: 480/968
[A[ATraining Step: 450  | total loss: [1m[32m0.38139[0m[0m | time: 265.047s
[2K
| RMSProp | epoch: 015 | loss: 0.38139 - acc: 0.9533 -- iter: 512/968
[A[ATraining Step: 451  | total loss: [1m[32m0.34444[0m[0m | time: 282.839s
[2K
| RMSProp | epoch: 015 | loss: 0.34444 - acc: 0.9579 -- iter: 544/968
[A[ATraining Step: 452  | total loss: [1m[32m0.31193[0m[0m | time: 300.908s
[2K
| RMSProp | epoch: 015 | loss: 0.31193 - acc: 0.9621 -- iter: 576/968
[A[ATraining Step: 453  | total loss: [1m[32m0.28122[0m[0m | time: 319.319s
[2K
| RMSProp | epoch: 015 | loss: 0.28122 - acc: 0.9659 -- iter: 608/968
[A[ATraining Step: 454  | total loss: [1m[32m0.25862[0m[0m | time: 338.130s
[2K
| RMSProp | epoch: 015 | loss: 0.25862 - acc: 0.9662 -- iter: 640/968
[A[ATraining Step: 455  | total loss: [1m[32m0.23373[0m[0m | time: 355.682s
[2K
| RMSProp | epoch: 015 | loss: 0.23373 - acc: 0.9696 -- iter: 672/968
[A[ATraining Step: 456  | total loss: [1m[32m0.21800[0m[0m | time: 374.726s
[2K
| RMSProp | epoch: 015 | loss: 0.21800 - acc: 0.9695 -- iter: 704/968
[A[ATraining Step: 457  | total loss: [1m[32m0.19658[0m[0m | time: 393.613s
[2K
| RMSProp | epoch: 015 | loss: 0.19658 - acc: 0.9726 -- iter: 736/968
[A[ATraining Step: 458  | total loss: [1m[32m0.17848[0m[0m | time: 421.776s
[2K
| RMSProp | epoch: 015 | loss: 0.17848 - acc: 0.9753 -- iter: 768/968
[A[ATraining Step: 459  | total loss: [1m[32m0.16381[0m[0m | time: 451.738s
[2K
| RMSProp | epoch: 015 | loss: 0.16381 - acc: 0.9746 -- iter: 800/968
[A[ATraining Step: 460  | total loss: [1m[32m0.14792[0m[0m | time: 479.246s
[2K
| RMSProp | epoch: 015 | loss: 0.14792 - acc: 0.9772 -- iter: 832/968
[A[ATraining Step: 461  | total loss: [1m[32m0.15302[0m[0m | time: 498.026s
[2K
| RMSProp | epoch: 015 | loss: 0.15302 - acc: 0.9732 -- iter: 864/968
[A[ATraining Step: 462  | total loss: [1m[32m0.13910[0m[0m | time: 516.536s
[2K
| RMSProp | epoch: 015 | loss: 0.13910 - acc: 0.9759 -- iter: 896/968
[A[ATraining Step: 463  | total loss: [1m[32m0.13362[0m[0m | time: 534.353s
[2K
| RMSProp | epoch: 015 | loss: 0.13362 - acc: 0.9752 -- iter: 928/968
[A[ATraining Step: 464  | total loss: [1m[32m0.12036[0m[0m | time: 552.076s
[2K
| RMSProp | epoch: 015 | loss: 0.12036 - acc: 0.9777 -- iter: 960/968
[A[ATraining Step: 465  | total loss: [1m[32m0.10882[0m[0m | time: 603.496s
[2K
| RMSProp | epoch: 015 | loss: 0.10882 - acc: 0.9799 | val_loss: 0.20677 - val_acc: 0.9340 -- iter: 968/968
--
Validation AUC:0.9839160839160839
Validation AUPRC:0.9887163080460386
Test AUC:0.9832170880557976
Test AUPRC:0.9862921378561467
BestTestF1Score	0.95	0.91	0.95	0.97	0.93	138	4	151	10	0.63
BestTestMCCScore	0.95	0.91	0.95	0.97	0.93	138	4	151	10	0.63
BestTestAccuracyScore	0.95	0.91	0.95	0.97	0.93	138	4	151	10	0.63
BestValidationF1Score	0.95	0.9	0.95	0.98	0.92	147	3	140	13	0.63
BestValidationMCC	0.95	0.9	0.95	0.98	0.92	147	3	140	13	0.63
BestValidationAccuracy	0.95	0.9	0.95	0.98	0.92	147	3	140	13	0.63
TestPredictions (Threshold:0.63)
CHEMBL3674258,TP,ACT,1.0	CHEMBL1612732,TN,INACT,0.0	CHEMBL3679227,TP,ACT,1.0	CHEMBL3692829,TP,ACT,1.0	CHEMBL3659984,TN,INACT,0.3799999952316284	CHEMBL3679260,TP,ACT,1.0	CHEMBL3679276,TP,ACT,1.0	CHEMBL2392246,TN,INACT,0.0	CHEMBL3679192,TP,ACT,1.0	CHEMBL3822876,FN,ACT,0.0	CHEMBL3679246,TP,ACT,1.0	CHEMBL558859,TN,INACT,0.0	CHEMBL3674244,TP,ACT,0.9800000190734863	CHEMBL2029511,TN,INACT,0.0	CHEMBL1830265,TN,INACT,0.0	CHEMBL77262,TN,INACT,0.0	CHEMBL2335019,TN,INACT,0.0	CHEMBL99779,TN,INACT,0.0	CHEMBL1829273,TN,INACT,0.0	CHEMBL3679360,TP,ACT,1.0	CHEMBL2042136,TN,INACT,0.5699999928474426	CHEMBL86771,TN,INACT,0.0	CHEMBL483234,TN,INACT,0.0	CHEMBL603494,TN,INACT,0.0	CHEMBL373834,TN,INACT,0.0	CHEMBL3674220,TP,ACT,1.0	CHEMBL3659983,TN,INACT,0.009999999776482582	CHEMBL2316152,TN,INACT,0.0	CHEMBL3684262,TP,ACT,1.0	CHEMBL1270522,TN,INACT,0.0	CHEMBL3679256,TP,ACT,1.0	CHEMBL551936,TN,INACT,0.0	CHEMBL102136,TN,INACT,0.0	CHEMBL3674274,TP,ACT,1.0	CHEMBL3609569,TN,INACT,0.0	CHEMBL3679209,TP,ACT,1.0	CHEMBL600828,TN,INACT,0.10999999940395355	CHEMBL3679368,TP,ACT,1.0	CHEMBL3684173,TP,ACT,1.0	CHEMBL2029693,TN,INACT,0.0	CHEMBL282575,TN,INACT,0.23000000417232513	CHEMBL3692795,TP,ACT,1.0	CHEMBL3679206,TP,ACT,1.0	CHEMBL504547,TN,INACT,0.0	CHEMBL3679299,TP,ACT,1.0	CHEMBL390066,TN,INACT,0.0	CHEMBL1734241,TN,INACT,0.0	CHEMBL456964,TN,INACT,0.03999999910593033	CHEMBL3679255,TP,ACT,0.9800000190734863	CHEMBL3692793,TP,ACT,0.9900000095367432	CHEMBL3684278,TP,ACT,0.9700000286102295	CHEMBL3688348,TP,ACT,1.0	CHEMBL3674277,TP,ACT,1.0	CHEMBL402355,TN,INACT,0.009999999776482582	CHEMBL549792,TN,INACT,0.0	CHEMBL3674305,TP,ACT,0.9700000286102295	CHEMBL18797,TN,INACT,0.1899999976158142	CHEMBL469346,TN,INACT,0.0	CHEMBL3692831,TP,ACT,1.0	CHEMBL3679216,TP,ACT,1.0	CHEMBL551722,TN,INACT,0.0	CHEMBL113902,FP,INACT,0.8600000143051147	CHEMBL118,TN,INACT,0.0	CHEMBL3684189,TP,ACT,1.0	CHEMBL3684157,TP,ACT,1.0	CHEMBL541988,TN,INACT,0.0	CHEMBL62701,TN,INACT,0.0	CHEMBL1721885,FN,ACT,0.0	CHEMBL3098326,TN,INACT,0.0	CHEMBL3421974,TN,INACT,0.0	CHEMBL1288069,TN,INACT,0.0	CHEMBL100675,TN,INACT,0.0	CHEMBL264667,TN,INACT,0.0	CHEMBL3629013,TN,INACT,0.0	CHEMBL279481,TN,INACT,0.05000000074505806	CHEMBL1242032,TN,INACT,0.0	CHEMBL2177686,TN,INACT,0.0	CHEMBL494089,FN,ACT,0.0	CHEMBL3684162,TP,ACT,1.0	CHEMBL1821886,TN,INACT,0.0	CHEMBL233958,TN,INACT,0.0	CHEMBL3674335,FN,ACT,0.10999999940395355	CHEMBL3674193,TP,ACT,1.0	CHEMBL3674259,TP,ACT,0.9900000095367432	CHEMBL3684148,TP,ACT,1.0	CHEMBL2420909,TN,INACT,0.0	CHEMBL3679327,FN,ACT,0.5299999713897705	CHEMBL3688337,TP,ACT,0.9599999785423279	CHEMBL100670,TN,INACT,0.0	CHEMBL3674304,TP,ACT,0.9700000286102295	CHEMBL1241582,TN,INACT,0.0	CHEMBL1241680,TN,INACT,0.0	CHEMBL3679171,TP,ACT,1.0	CHEMBL1641996,TN,INACT,0.05000000074505806	CHEMBL3684237,TP,ACT,0.9800000190734863	CHEMBL3628816,TN,INACT,0.0	CHEMBL3684137,TP,ACT,1.0	CHEMBL3692789,TP,ACT,1.0	CHEMBL3679275,TP,ACT,1.0	CHEMBL1230609,FN,ACT,0.009999999776482582	CHEMBL3679223,TP,ACT,1.0	CHEMBL592141,TN,INACT,0.0	CHEMBL3679338,TP,ACT,1.0	CHEMBL100312,TN,INACT,0.0	CHEMBL2346665,TN,INACT,0.0	CHEMBL1241300,TN,INACT,0.0	CHEMBL1087054,TN,INACT,0.0	CHEMBL324439,TN,INACT,0.0	CHEMBL332342,FP,INACT,0.7900000214576721	CHEMBL1767292,TN,INACT,0.0	CHEMBL3679213,TP,ACT,1.0	CHEMBL3679374,TP,ACT,1.0	CHEMBL491064,TN,INACT,0.0	CHEMBL3684279,TP,ACT,0.949999988079071	CHEMBL3674331,TP,ACT,1.0	CHEMBL2392379,TN,INACT,0.0	CHEMBL91,TN,INACT,0.0	CHEMBL3679218,TP,ACT,1.0	CHEMBL3692830,TP,ACT,1.0	CHEMBL3674275,TP,ACT,1.0	CHEMBL3661090,TN,INACT,0.05999999865889549	CHEMBL3674203,TP,ACT,1.0	CHEMBL3692835,TP,ACT,1.0	CHEMBL3674208,TP,ACT,1.0	CHEMBL56201,TN,INACT,0.0	CHEMBL3679317,TP,ACT,1.0	CHEMBL328627,TN,INACT,0.0	CHEMBL3674267,TP,ACT,1.0	CHEMBL3674355,TP,ACT,1.0	CHEMBL1828882,TN,INACT,0.0	CHEMBL3679231,TP,ACT,1.0	CHEMBL490241,TN,INACT,0.0	CHEMBL2029519,TN,INACT,0.0	CHEMBL485878,TN,INACT,0.0	CHEMBL3692792,TP,ACT,0.9900000095367432	CHEMBL3674219,TP,ACT,0.9900000095367432	CHEMBL3679239,TP,ACT,0.9800000190734863	CHEMBL3674281,TP,ACT,0.8399999737739563	CHEMBL3679185,TP,ACT,1.0	CHEMBL3688384,TP,ACT,1.0	CHEMBL3679328,TP,ACT,1.0	CHEMBL3692824,TP,ACT,1.0	CHEMBL3680465,TN,INACT,0.0	CHEMBL1944923,TN,INACT,0.2199999988079071	CHEMBL486487,TN,INACT,0.019999999552965164	CHEMBL3674237,TP,ACT,1.0	CHEMBL55993,TN,INACT,0.0	CHEMBL56219,TN,INACT,0.0	CHEMBL3679303,TP,ACT,1.0	CHEMBL2283259,TN,INACT,0.0	CHEMBL525538,TN,INACT,0.03999999910593033	CHEMBL3679234,TP,ACT,1.0	CHEMBL3679178,TP,ACT,1.0	CHEMBL3688385,TP,ACT,1.0	CHEMBL1240683,TN,INACT,0.0	CHEMBL1094808,TN,INACT,0.019999999552965164	CHEMBL323015,TN,INACT,0.05999999865889549	CHEMBL515051,TN,INACT,0.0	CHEMBL3679196,TP,ACT,0.9700000286102295	CHEMBL3674232,TP,ACT,1.0	CHEMBL498248,TN,INACT,0.2199999988079071	CHEMBL3679248,TP,ACT,1.0	CHEMBL3679211,TP,ACT,1.0	CHEMBL3688357,TP,ACT,1.0	CHEMBL3684135,TP,ACT,1.0	CHEMBL499521,TN,INACT,0.0	CHEMBL558460,TN,INACT,0.0	CHEMBL3679202,TP,ACT,0.9900000095367432	CHEMBL1821889,TN,INACT,0.0	CHEMBL440213,TN,INACT,0.0	CHEMBL3672514,TN,INACT,0.20999999344348907	CHEMBL3688356,TP,ACT,0.949999988079071	CHEMBL1276308,FP,INACT,0.9900000095367432	CHEMBL498520,TN,INACT,0.0	CHEMBL3684208,TP,ACT,1.0	CHEMBL3692814,TP,ACT,1.0	CHEMBL44,TN,INACT,0.03999999910593033	CHEMBL3674158,TP,ACT,1.0	CHEMBL2070409,TN,INACT,0.0	CHEMBL3674260,TP,ACT,1.0	CHEMBL497454,TN,INACT,0.0	CHEMBL102047,TN,INACT,0.0	CHEMBL3237941,TN,INACT,0.5799999833106995	CHEMBL515356,TN,INACT,0.0	CHEMBL2392388,TN,INACT,0.0	CHEMBL3684241,TP,ACT,1.0	CHEMBL3692815,TP,ACT,1.0	CHEMBL3688350,TP,ACT,1.0	CHEMBL3674332,FN,ACT,0.4099999964237213	CHEMBL180022,TP,ACT,0.8399999737739563	CHEMBL1828884,TN,INACT,0.0	CHEMBL1242846,TN,INACT,0.0	CHEMBL3679282,TP,ACT,1.0	CHEMBL3674231,FN,ACT,0.07999999821186066	CHEMBL1922211,TN,INACT,0.0	CHEMBL419069,TN,INACT,0.0	CHEMBL316887,TN,INACT,0.0	CHEMBL3679359,TP,ACT,1.0	CHEMBL3665661,TN,INACT,0.0	CHEMBL1087421,TN,INACT,0.0	CHEMBL1828883,TN,INACT,0.0	CHEMBL3674261,TP,ACT,0.7900000214576721	CHEMBL110065,TN,INACT,0.0	CHEMBL2426288,TN,INACT,0.05999999865889549	CHEMBL1944641,TN,INACT,0.0	CHEMBL549303,TN,INACT,0.0	CHEMBL3674328,FN,ACT,0.17000000178813934	CHEMBL3421968,TN,INACT,0.0	CHEMBL3674337,TP,ACT,0.9900000095367432	CHEMBL3679322,TP,ACT,1.0	CHEMBL590083,TN,INACT,0.0	CHEMBL3674334,TP,ACT,0.8199999928474426	CHEMBL2177830,FP,INACT,0.6700000166893005	CHEMBL3684167,TP,ACT,1.0	CHEMBL3674366,TP,ACT,0.9900000095367432	CHEMBL457191,TN,INACT,0.0	CHEMBL2062563,TN,INACT,0.0	CHEMBL3692839,TP,ACT,0.9700000286102295	CHEMBL3674311,TP,ACT,1.0	CHEMBL3680491,TN,INACT,0.38999998569488525	CHEMBL562342,TN,INACT,0.0	CHEMBL150177,TN,INACT,0.25999999046325684	CHEMBL114073,TN,INACT,0.25	CHEMBL3679289,TP,ACT,1.0	CHEMBL3684224,TP,ACT,1.0	CHEMBL1683951,TN,INACT,0.0	CHEMBL3679173,TP,ACT,0.9800000190734863	CHEMBL3688372,TP,ACT,1.0	CHEMBL591437,TN,INACT,0.0	CHEMBL3674155,TP,ACT,1.0	CHEMBL2348165,TN,INACT,0.0	CHEMBL3674321,TP,ACT,1.0	CHEMBL487526,TN,INACT,0.0	CHEMBL3688340,TP,ACT,1.0	CHEMBL3824282,TP,ACT,0.8100000023841858	CHEMBL3692820,TP,ACT,0.9900000095367432	CHEMBL3684193,TP,ACT,1.0	CHEMBL3684158,TP,ACT,1.0	CHEMBL59099,TN,INACT,0.0	CHEMBL315546,TN,INACT,0.0	CHEMBL418793,TN,INACT,0.0	CHEMBL589165,TN,INACT,0.0	CHEMBL3799585,FN,ACT,0.0	CHEMBL3674352,TP,ACT,1.0	CHEMBL524820,TN,INACT,0.019999999552965164	CHEMBL3684197,TP,ACT,0.9700000286102295	CHEMBL3674288,TP,ACT,0.7099999785423279	CHEMBL115519,TN,INACT,0.0	CHEMBL3639780,TP,ACT,0.8999999761581421	CHEMBL3679342,TP,ACT,1.0	CHEMBL3692811,TP,ACT,1.0	CHEMBL3688346,TP,ACT,1.0	CHEMBL3674308,TP,ACT,1.0	CHEMBL3688379,TP,ACT,1.0	CHEMBL3679208,TP,ACT,0.9900000095367432	CHEMBL527039,TN,INACT,0.0	CHEMBL55994,TN,INACT,0.0	CHEMBL1242471,TN,INACT,0.0	CHEMBL3674254,TP,ACT,1.0	CHEMBL228114,TN,INACT,0.0	CHEMBL3684228,TP,ACT,1.0	CHEMBL3680394,TN,INACT,0.0	CHEMBL101558,TN,INACT,0.0	CHEMBL3679336,TP,ACT,1.0	CHEMBL3679265,TP,ACT,1.0	CHEMBL390156,TN,INACT,0.019999999552965164	CHEMBL238617,TN,INACT,0.0	CHEMBL3679238,TP,ACT,1.0	CHEMBL3684177,TP,ACT,0.9900000095367432	CHEMBL1688214,TN,INACT,0.0	CHEMBL3679318,TP,ACT,1.0	CHEMBL1908397,TP,ACT,0.8700000047683716	CHEMBL3692799,TP,ACT,1.0	CHEMBL3688353,TP,ACT,1.0	CHEMBL3688362,TP,ACT,1.0	CHEMBL2029516,TN,INACT,0.0	CHEMBL3679168,TP,ACT,1.0	CHEMBL521155,TN,INACT,0.0	CHEMBL128000,TN,INACT,0.0	CHEMBL3679330,TP,ACT,1.0	CHEMBL3674201,TP,ACT,1.0	CHEMBL3679162,TP,ACT,0.9900000095367432	CHEMBL3356117,TN,INACT,0.0	CHEMBL20926,TN,INACT,0.0	CHEMBL83228,TN,INACT,0.07000000029802322	CHEMBL483081,TN,INACT,0.0	CHEMBL3639732,TP,ACT,1.0	CHEMBL3680532,TN,INACT,0.0	CHEMBL3674280,TP,ACT,1.0	CHEMBL1241390,TN,INACT,0.0	CHEMBL3674351,TP,ACT,1.0	CHEMBL3674252,TP,ACT,1.0	CHEMBL3661093,TN,INACT,0.0	CHEMBL460472,TN,INACT,0.0	CHEMBL3684213,TP,ACT,1.0	CHEMBL2158866,TN,INACT,0.0	CHEMBL457047,TN,INACT,0.0	CHEMBL3692837,TP,ACT,1.0	CHEMBL48614,TN,INACT,0.009999999776482582	CHEMBL1688213,TN,INACT,0.0	CHEMBL2392378,TN,INACT,0.0	CHEMBL3674241,TP,ACT,0.9900000095367432	CHEMBL328034,TN,INACT,0.4699999988079071	

