ImageNetInceptionV2 CHEMBL1908389 adam 0.001 15 0 0 0.6 False True
Number of active compounds :	649
Number of inactive compounds :	649
---------------------------------
Run id: ImageNetInceptionV2_CHEMBL1908389_adam_0.001_15_0_0_0.6_False_True_id
Log directory: ../tflearnLogs/ImageNetInceptionV2_CHEMBL1908389_adam_0.001_15_0.6/
---------------------------------
Training samples: 828
Validation samples: 259
--
Training Step: 1  | time: 87.911s
[2K
| Adam | epoch: 001 | loss: 0.00000 - acc: 0.0000 -- iter: 032/828
[A[ATraining Step: 2  | total loss: [1m[32m0.69203[0m[0m | time: 101.206s
[2K
| Adam | epoch: 001 | loss: 0.69203 - acc: 0.4219 -- iter: 064/828
[A[ATraining Step: 3  | total loss: [1m[32m0.84883[0m[0m | time: 113.660s
[2K
| Adam | epoch: 001 | loss: 0.84883 - acc: 0.4602 -- iter: 096/828
[A[ATraining Step: 4  | total loss: [1m[32m0.64738[0m[0m | time: 136.880s
[2K
| Adam | epoch: 001 | loss: 0.64738 - acc: 0.6776 -- iter: 128/828
[A[ATraining Step: 5  | total loss: [1m[32m0.58254[0m[0m | time: 158.800s
[2K
| Adam | epoch: 001 | loss: 0.58254 - acc: 0.6628 -- iter: 160/828
[A[ATraining Step: 6  | total loss: [1m[32m0.71848[0m[0m | time: 175.418s
[2K
| Adam | epoch: 001 | loss: 0.71848 - acc: 0.5983 -- iter: 192/828
[A[ATraining Step: 7  | total loss: [1m[32m0.54726[0m[0m | time: 197.713s
[2K
| Adam | epoch: 001 | loss: 0.54726 - acc: 0.7456 -- iter: 224/828
[A[ATraining Step: 8  | total loss: [1m[32m0.52667[0m[0m | time: 223.070s
[2K
| Adam | epoch: 001 | loss: 0.52667 - acc: 0.7481 -- iter: 256/828
[A[ATraining Step: 9  | total loss: [1m[32m0.61944[0m[0m | time: 250.514s
[2K
| Adam | epoch: 001 | loss: 0.61944 - acc: 0.6498 -- iter: 288/828
[A[ATraining Step: 10  | total loss: [1m[32m0.47066[0m[0m | time: 273.570s
[2K
| Adam | epoch: 001 | loss: 0.47066 - acc: 0.7468 -- iter: 320/828
[A[ATraining Step: 11  | total loss: [1m[32m0.46921[0m[0m | time: 286.408s
[2K
| Adam | epoch: 001 | loss: 0.46921 - acc: 0.7335 -- iter: 352/828
[A[ATraining Step: 12  | total loss: [1m[32m0.37907[0m[0m | time: 299.118s
[2K
| Adam | epoch: 001 | loss: 0.37907 - acc: 0.8112 -- iter: 384/828
[A[ATraining Step: 13  | total loss: [1m[32m0.44323[0m[0m | time: 307.345s
[2K
| Adam | epoch: 001 | loss: 0.44323 - acc: 0.7984 -- iter: 416/828
[A[ATraining Step: 14  | total loss: [1m[32m0.48565[0m[0m | time: 315.399s
[2K
| Adam | epoch: 001 | loss: 0.48565 - acc: 0.7530 -- iter: 448/828
[A[ATraining Step: 15  | total loss: [1m[32m0.37734[0m[0m | time: 325.555s
[2K
| Adam | epoch: 001 | loss: 0.37734 - acc: 0.8374 -- iter: 480/828
[A[ATraining Step: 16  | total loss: [1m[32m0.45447[0m[0m | time: 341.687s
[2K
| Adam | epoch: 001 | loss: 0.45447 - acc: 0.7812 -- iter: 512/828
[A[ATraining Step: 17  | total loss: [1m[32m0.42876[0m[0m | time: 355.760s
[2K
| Adam | epoch: 001 | loss: 0.42876 - acc: 0.8262 -- iter: 544/828
[A[ATraining Step: 18  | total loss: [1m[32m0.35203[0m[0m | time: 368.044s
[2K
| Adam | epoch: 001 | loss: 0.35203 - acc: 0.8647 -- iter: 576/828
[A[ATraining Step: 19  | total loss: [1m[32m0.36890[0m[0m | time: 379.959s
[2K
| Adam | epoch: 001 | loss: 0.36890 - acc: 0.8890 -- iter: 608/828
[A[ATraining Step: 20  | total loss: [1m[32m0.31267[0m[0m | time: 391.888s
[2K
| Adam | epoch: 001 | loss: 0.31267 - acc: 0.9046 -- iter: 640/828
[A[ATraining Step: 21  | total loss: [1m[32m0.44161[0m[0m | time: 404.125s
[2K
| Adam | epoch: 001 | loss: 0.44161 - acc: 0.8469 -- iter: 672/828
[A[ATraining Step: 22  | total loss: [1m[32m0.41253[0m[0m | time: 416.071s
[2K
| Adam | epoch: 001 | loss: 0.41253 - acc: 0.8553 -- iter: 704/828
[A[ATraining Step: 23  | total loss: [1m[32m0.34521[0m[0m | time: 428.172s
[2K
| Adam | epoch: 001 | loss: 0.34521 - acc: 0.8792 -- iter: 736/828
[A[ATraining Step: 24  | total loss: [1m[32m0.27415[0m[0m | time: 440.209s
[2K
| Adam | epoch: 001 | loss: 0.27415 - acc: 0.9132 -- iter: 768/828
[A[ATraining Step: 25  | total loss: [1m[32m0.23941[0m[0m | time: 452.667s
[2K
| Adam | epoch: 001 | loss: 0.23941 - acc: 0.9283 -- iter: 800/828
[A[ATraining Step: 26  | total loss: [1m[32m0.22501[0m[0m | time: 477.775s
[2K
| Adam | epoch: 001 | loss: 0.22501 - acc: 0.9308 | val_loss: 4.51986 - val_acc: 0.4981 -- iter: 828/828
--
Training Step: 27  | total loss: [1m[32m0.21310[0m[0m | time: 11.857s
[2K
| Adam | epoch: 002 | loss: 0.21310 - acc: 0.9210 -- iter: 032/828
[A[ATraining Step: 28  | total loss: [1m[32m0.18796[0m[0m | time: 25.282s
[2K
| Adam | epoch: 002 | loss: 0.18796 - acc: 0.9318 -- iter: 064/828
[A[ATraining Step: 29  | total loss: [1m[32m0.21458[0m[0m | time: 37.311s
[2K
| Adam | epoch: 002 | loss: 0.21458 - acc: 0.9180 -- iter: 096/828
[A[ATraining Step: 30  | total loss: [1m[32m0.24031[0m[0m | time: 51.871s
[2K
| Adam | epoch: 002 | loss: 0.24031 - acc: 0.9078 -- iter: 128/828
[A[ATraining Step: 31  | total loss: [1m[32m0.22409[0m[0m | time: 63.805s
[2K
| Adam | epoch: 002 | loss: 0.22409 - acc: 0.9075 -- iter: 160/828
[A[ATraining Step: 32  | total loss: [1m[32m0.25359[0m[0m | time: 75.813s
[2K
| Adam | epoch: 002 | loss: 0.25359 - acc: 0.8861 -- iter: 192/828
[A[ATraining Step: 33  | total loss: [1m[32m0.29447[0m[0m | time: 94.814s
[2K
| Adam | epoch: 002 | loss: 0.29447 - acc: 0.8768 -- iter: 224/828
[A[ATraining Step: 34  | total loss: [1m[32m0.25415[0m[0m | time: 105.686s
[2K
| Adam | epoch: 002 | loss: 0.25415 - acc: 0.8965 -- iter: 256/828
[A[ATraining Step: 35  | total loss: [1m[32m0.36816[0m[0m | time: 113.964s
[2K
| Adam | epoch: 002 | loss: 0.36816 - acc: 0.8724 -- iter: 288/828
[A[ATraining Step: 36  | total loss: [1m[32m0.37707[0m[0m | time: 122.012s
[2K
| Adam | epoch: 002 | loss: 0.37707 - acc: 0.8601 -- iter: 320/828
[A[ATraining Step: 37  | total loss: [1m[32m0.35957[0m[0m | time: 130.124s
[2K
| Adam | epoch: 002 | loss: 0.35957 - acc: 0.8631 -- iter: 352/828
[A[ATraining Step: 38  | total loss: [1m[32m0.32673[0m[0m | time: 138.976s
[2K
| Adam | epoch: 002 | loss: 0.32673 - acc: 0.8654 -- iter: 384/828
[A[ATraining Step: 39  | total loss: [1m[32m0.31354[0m[0m | time: 150.812s
[2K
| Adam | epoch: 002 | loss: 0.31354 - acc: 0.8673 -- iter: 416/828
[A[ATraining Step: 40  | total loss: [1m[32m0.28034[0m[0m | time: 162.778s
[2K
| Adam | epoch: 002 | loss: 0.28034 - acc: 0.8863 -- iter: 448/828
[A[ATraining Step: 41  | total loss: [1m[32m0.27310[0m[0m | time: 175.283s
[2K
| Adam | epoch: 002 | loss: 0.27310 - acc: 0.8957 -- iter: 480/828
[A[ATraining Step: 42  | total loss: [1m[32m0.28074[0m[0m | time: 195.011s
[2K
| Adam | epoch: 002 | loss: 0.28074 - acc: 0.8920 -- iter: 512/828
[A[ATraining Step: 43  | total loss: [1m[32m0.24045[0m[0m | time: 207.332s
[2K
| Adam | epoch: 002 | loss: 0.24045 - acc: 0.9110 -- iter: 544/828
[A[ATraining Step: 44  | total loss: [1m[32m0.24416[0m[0m | time: 219.115s
[2K
| Adam | epoch: 002 | loss: 0.24416 - acc: 0.9102 -- iter: 576/828
[A[ATraining Step: 45  | total loss: [1m[32m0.22244[0m[0m | time: 238.697s
[2K
| Adam | epoch: 002 | loss: 0.22244 - acc: 0.9201 -- iter: 608/828
[A[ATraining Step: 46  | total loss: [1m[32m0.20658[0m[0m | time: 250.198s
[2K
| Adam | epoch: 002 | loss: 0.20658 - acc: 0.9282 -- iter: 640/828
[A[ATraining Step: 47  | total loss: [1m[32m0.22594[0m[0m | time: 270.677s
[2K
| Adam | epoch: 002 | loss: 0.22594 - acc: 0.9093 -- iter: 672/828
[A[ATraining Step: 48  | total loss: [1m[32m0.22646[0m[0m | time: 282.370s
[2K
| Adam | epoch: 002 | loss: 0.22646 - acc: 0.9088 -- iter: 704/828
[A[ATraining Step: 49  | total loss: [1m[32m0.21654[0m[0m | time: 292.798s
[2K
| Adam | epoch: 002 | loss: 0.21654 - acc: 0.9133 -- iter: 736/828
[A[ATraining Step: 50  | total loss: [1m[32m0.23577[0m[0m | time: 300.717s
[2K
| Adam | epoch: 002 | loss: 0.23577 - acc: 0.9025 -- iter: 768/828
[A[ATraining Step: 51  | total loss: [1m[32m0.22306[0m[0m | time: 308.692s
[2K
| Adam | epoch: 002 | loss: 0.22306 - acc: 0.9126 -- iter: 800/828
[A[ATraining Step: 52  | total loss: [1m[32m0.23996[0m[0m | time: 332.330s
[2K
| Adam | epoch: 002 | loss: 0.23996 - acc: 0.9023 | val_loss: 0.26348 - val_acc: 0.9266 -- iter: 828/828
--
Training Step: 53  | total loss: [1m[32m0.25983[0m[0m | time: 11.166s
[2K
| Adam | epoch: 003 | loss: 0.25983 - acc: 0.8983 -- iter: 032/828
[A[ATraining Step: 54  | total loss: [1m[32m0.22634[0m[0m | time: 22.113s
[2K
| Adam | epoch: 003 | loss: 0.22634 - acc: 0.9130 -- iter: 064/828
[A[ATraining Step: 55  | total loss: [1m[32m0.19816[0m[0m | time: 43.576s
[2K
| Adam | epoch: 003 | loss: 0.19816 - acc: 0.9255 -- iter: 096/828
[A[ATraining Step: 56  | total loss: [1m[32m0.17980[0m[0m | time: 55.896s
[2K
| Adam | epoch: 003 | loss: 0.17980 - acc: 0.9272 -- iter: 128/828
[A[ATraining Step: 57  | total loss: [1m[32m0.16216[0m[0m | time: 68.114s
[2K
| Adam | epoch: 003 | loss: 0.16216 - acc: 0.9372 -- iter: 160/828
[A[ATraining Step: 58  | total loss: [1m[32m0.14821[0m[0m | time: 78.210s
[2K
| Adam | epoch: 003 | loss: 0.14821 - acc: 0.9415 -- iter: 192/828
[A[ATraining Step: 59  | total loss: [1m[32m0.14396[0m[0m | time: 86.288s
[2K
| Adam | epoch: 003 | loss: 0.14396 - acc: 0.9452 -- iter: 224/828
[A[ATraining Step: 60  | total loss: [1m[32m0.15461[0m[0m | time: 94.273s
[2K
| Adam | epoch: 003 | loss: 0.15461 - acc: 0.9442 -- iter: 256/828
[A[ATraining Step: 61  | total loss: [1m[32m0.15054[0m[0m | time: 104.361s
[2K
| Adam | epoch: 003 | loss: 0.15054 - acc: 0.9433 -- iter: 288/828
[A[ATraining Step: 62  | total loss: [1m[32m0.15743[0m[0m | time: 116.215s
[2K
| Adam | epoch: 003 | loss: 0.15743 - acc: 0.9385 -- iter: 320/828
[A[ATraining Step: 63  | total loss: [1m[32m0.15458[0m[0m | time: 128.161s
[2K
| Adam | epoch: 003 | loss: 0.15458 - acc: 0.9384 -- iter: 352/828
[A[ATraining Step: 64  | total loss: [1m[32m0.18031[0m[0m | time: 140.326s
[2K
| Adam | epoch: 003 | loss: 0.18031 - acc: 0.9344 -- iter: 384/828
[A[ATraining Step: 65  | total loss: [1m[32m0.17445[0m[0m | time: 152.627s
[2K
| Adam | epoch: 003 | loss: 0.17445 - acc: 0.9386 -- iter: 416/828
[A[ATraining Step: 66  | total loss: [1m[32m0.15780[0m[0m | time: 164.285s
[2K
| Adam | epoch: 003 | loss: 0.15780 - acc: 0.9461 -- iter: 448/828
[A[ATraining Step: 67  | total loss: [1m[32m0.17510[0m[0m | time: 176.162s
[2K
| Adam | epoch: 003 | loss: 0.17510 - acc: 0.9451 -- iter: 480/828
[A[ATraining Step: 68  | total loss: [1m[32m0.16454[0m[0m | time: 188.010s
[2K
| Adam | epoch: 003 | loss: 0.16454 - acc: 0.9479 -- iter: 512/828
[A[ATraining Step: 69  | total loss: [1m[32m0.15479[0m[0m | time: 199.891s
[2K
| Adam | epoch: 003 | loss: 0.15479 - acc: 0.9503 -- iter: 544/828
[A[ATraining Step: 70  | total loss: [1m[32m0.16009[0m[0m | time: 211.715s
[2K
| Adam | epoch: 003 | loss: 0.16009 - acc: 0.9488 -- iter: 576/828
[A[ATraining Step: 71  | total loss: [1m[32m0.15890[0m[0m | time: 223.824s
[2K
| Adam | epoch: 003 | loss: 0.15890 - acc: 0.9475 -- iter: 608/828
[A[ATraining Step: 72  | total loss: [1m[32m0.15227[0m[0m | time: 232.780s
[2K
| Adam | epoch: 003 | loss: 0.15227 - acc: 0.9464 -- iter: 640/828
[A[ATraining Step: 73  | total loss: [1m[32m0.14815[0m[0m | time: 240.595s
[2K
| Adam | epoch: 003 | loss: 0.14815 - acc: 0.9489 -- iter: 672/828
[A[ATraining Step: 74  | total loss: [1m[32m0.15896[0m[0m | time: 248.609s
[2K
| Adam | epoch: 003 | loss: 0.15896 - acc: 0.9476 -- iter: 704/828
[A[ATraining Step: 75  | total loss: [1m[32m0.15779[0m[0m | time: 259.953s
[2K
| Adam | epoch: 003 | loss: 0.15779 - acc: 0.9499 -- iter: 736/828
[A[ATraining Step: 76  | total loss: [1m[32m0.17194[0m[0m | time: 272.862s
[2K
| Adam | epoch: 003 | loss: 0.17194 - acc: 0.9386 -- iter: 768/828
[A[ATraining Step: 77  | total loss: [1m[32m0.16278[0m[0m | time: 288.248s
[2K
| Adam | epoch: 003 | loss: 0.16278 - acc: 0.9418 -- iter: 800/828
[A[ATraining Step: 78  | total loss: [1m[32m0.15540[0m[0m | time: 318.782s
[2K
| Adam | epoch: 003 | loss: 0.15540 - acc: 0.9446 | val_loss: 0.85321 - val_acc: 0.7181 -- iter: 828/828
--
Training Step: 79  | total loss: [1m[32m0.14901[0m[0m | time: 14.392s
[2K
| Adam | epoch: 004 | loss: 0.14901 - acc: 0.9471 -- iter: 032/828
[A[ATraining Step: 80  | total loss: [1m[32m0.15052[0m[0m | time: 25.114s
[2K
| Adam | epoch: 004 | loss: 0.15052 - acc: 0.9429 -- iter: 064/828
[A[ATraining Step: 81  | total loss: [1m[32m0.14089[0m[0m | time: 35.024s
[2K
| Adam | epoch: 004 | loss: 0.14089 - acc: 0.9487 -- iter: 096/828
[A[ATraining Step: 82  | total loss: [1m[32m0.13111[0m[0m | time: 42.986s
[2K
| Adam | epoch: 004 | loss: 0.13111 - acc: 0.9538 -- iter: 128/828
[A[ATraining Step: 83  | total loss: [1m[32m0.12515[0m[0m | time: 50.904s
[2K
| Adam | epoch: 004 | loss: 0.12515 - acc: 0.9553 -- iter: 160/828
[A[ATraining Step: 84  | total loss: [1m[32m0.12537[0m[0m | time: 58.779s
[2K
| Adam | epoch: 004 | loss: 0.12537 - acc: 0.9566 -- iter: 192/828
[A[ATraining Step: 85  | total loss: [1m[32m0.12947[0m[0m | time: 68.046s
[2K
| Adam | epoch: 004 | loss: 0.12947 - acc: 0.9485 -- iter: 224/828
[A[ATraining Step: 86  | total loss: [1m[32m0.13141[0m[0m | time: 79.722s
[2K
| Adam | epoch: 004 | loss: 0.13141 - acc: 0.9505 -- iter: 256/828
[A[ATraining Step: 87  | total loss: [1m[32m0.12987[0m[0m | time: 91.616s
[2K
| Adam | epoch: 004 | loss: 0.12987 - acc: 0.9492 -- iter: 288/828
[A[ATraining Step: 88  | total loss: [1m[32m0.11953[0m[0m | time: 103.709s
[2K
| Adam | epoch: 004 | loss: 0.11953 - acc: 0.9543 -- iter: 320/828
[A[ATraining Step: 89  | total loss: [1m[32m0.11558[0m[0m | time: 115.764s
[2K
| Adam | epoch: 004 | loss: 0.11558 - acc: 0.9557 -- iter: 352/828
[A[ATraining Step: 90  | total loss: [1m[32m0.11138[0m[0m | time: 127.835s
[2K
| Adam | epoch: 004 | loss: 0.11138 - acc: 0.9602 -- iter: 384/828
[A[ATraining Step: 91  | total loss: [1m[32m0.10615[0m[0m | time: 139.710s
[2K
| Adam | epoch: 004 | loss: 0.10615 - acc: 0.9610 -- iter: 416/828
[A[ATraining Step: 92  | total loss: [1m[32m0.10158[0m[0m | time: 151.795s
[2K
| Adam | epoch: 004 | loss: 0.10158 - acc: 0.9618 -- iter: 448/828
[A[ATraining Step: 93  | total loss: [1m[32m0.09352[0m[0m | time: 164.036s
[2K
| Adam | epoch: 004 | loss: 0.09352 - acc: 0.9656 -- iter: 480/828
[A[ATraining Step: 94  | total loss: [1m[32m0.10685[0m[0m | time: 176.121s
[2K
| Adam | epoch: 004 | loss: 0.10685 - acc: 0.9659 -- iter: 512/828
[A[ATraining Step: 95  | total loss: [1m[32m0.10198[0m[0m | time: 188.815s
[2K
| Adam | epoch: 004 | loss: 0.10198 - acc: 0.9662 -- iter: 544/828
[A[ATraining Step: 96  | total loss: [1m[32m0.10607[0m[0m | time: 196.937s
[2K
| Adam | epoch: 004 | loss: 0.10607 - acc: 0.9665 -- iter: 576/828
[A[ATraining Step: 97  | total loss: [1m[32m0.11485[0m[0m | time: 204.856s
[2K
| Adam | epoch: 004 | loss: 0.11485 - acc: 0.9573 -- iter: 608/828
[A[ATraining Step: 98  | total loss: [1m[32m0.11761[0m[0m | time: 212.763s
[2K
| Adam | epoch: 004 | loss: 0.11761 - acc: 0.9585 -- iter: 640/828
[A[ATraining Step: 99  | total loss: [1m[32m0.11104[0m[0m | time: 241.475s
[2K
| Adam | epoch: 004 | loss: 0.11104 - acc: 0.9626 -- iter: 672/828
[A[ATraining Step: 100  | total loss: [1m[32m0.12617[0m[0m | time: 261.504s
[2K
| Adam | epoch: 004 | loss: 0.12617 - acc: 0.9539 -- iter: 704/828
[A[ATraining Step: 101  | total loss: [1m[32m0.12391[0m[0m | time: 281.393s
[2K
| Adam | epoch: 004 | loss: 0.12391 - acc: 0.9522 -- iter: 736/828
[A[ATraining Step: 102  | total loss: [1m[32m0.11938[0m[0m | time: 315.763s
[2K
| Adam | epoch: 004 | loss: 0.11938 - acc: 0.9507 -- iter: 768/828
[A[ATraining Step: 103  | total loss: [1m[32m0.12334[0m[0m | time: 328.421s
[2K
| Adam | epoch: 004 | loss: 0.12334 - acc: 0.9463 -- iter: 800/828
[A[ATraining Step: 104  | total loss: [1m[32m0.11193[0m[0m | time: 361.759s
[2K
| Adam | epoch: 004 | loss: 0.11193 - acc: 0.9517 | val_loss: 0.34253 - val_acc: 0.8880 -- iter: 828/828
--
Training Step: 105  | total loss: [1m[32m0.10303[0m[0m | time: 9.253s
[2K
| Adam | epoch: 005 | loss: 0.10303 - acc: 0.9565 -- iter: 032/828
[A[ATraining Step: 106  | total loss: [1m[32m0.10000[0m[0m | time: 17.357s
[2K
| Adam | epoch: 005 | loss: 0.10000 - acc: 0.9577 -- iter: 064/828
[A[ATraining Step: 107  | total loss: [1m[32m0.09427[0m[0m | time: 25.019s
[2K
| Adam | epoch: 005 | loss: 0.09427 - acc: 0.9588 -- iter: 096/828
[A[ATraining Step: 108  | total loss: [1m[32m0.08648[0m[0m | time: 38.722s
[2K
| Adam | epoch: 005 | loss: 0.08648 - acc: 0.9629 -- iter: 128/828
[A[ATraining Step: 109  | total loss: [1m[32m0.07929[0m[0m | time: 73.047s
[2K
| Adam | epoch: 005 | loss: 0.07929 - acc: 0.9667 -- iter: 160/828
[A[ATraining Step: 110  | total loss: [1m[32m0.07647[0m[0m | time: 96.365s
[2K
| Adam | epoch: 005 | loss: 0.07647 - acc: 0.9669 -- iter: 192/828
[A[ATraining Step: 111  | total loss: [1m[32m0.08355[0m[0m | time: 115.563s
[2K
| Adam | epoch: 005 | loss: 0.08355 - acc: 0.9639 -- iter: 224/828
[A[ATraining Step: 112  | total loss: [1m[32m0.07834[0m[0m | time: 145.380s
[2K
| Adam | epoch: 005 | loss: 0.07834 - acc: 0.9675 -- iter: 256/828
[A[ATraining Step: 113  | total loss: [1m[32m0.07148[0m[0m | time: 162.736s
[2K
| Adam | epoch: 005 | loss: 0.07148 - acc: 0.9708 -- iter: 288/828
[A[ATraining Step: 114  | total loss: [1m[32m0.06748[0m[0m | time: 197.439s
[2K
| Adam | epoch: 005 | loss: 0.06748 - acc: 0.9737 -- iter: 320/828
[A[ATraining Step: 115  | total loss: [1m[32m0.06194[0m[0m | time: 235.348s
[2K
| Adam | epoch: 005 | loss: 0.06194 - acc: 0.9763 -- iter: 352/828
[A[ATraining Step: 116  | total loss: [1m[32m0.06807[0m[0m | time: 268.512s
[2K
| Adam | epoch: 005 | loss: 0.06807 - acc: 0.9693 -- iter: 384/828
[A[ATraining Step: 117  | total loss: [1m[32m0.06567[0m[0m | time: 291.398s
[2K
| Adam | epoch: 005 | loss: 0.06567 - acc: 0.9724 -- iter: 416/828
[A[ATraining Step: 118  | total loss: [1m[32m0.07283[0m[0m | time: 302.847s
[2K
| Adam | epoch: 005 | loss: 0.07283 - acc: 0.9689 -- iter: 448/828
[A[ATraining Step: 119  | total loss: [1m[32m0.06835[0m[0m | time: 310.885s
[2K
| Adam | epoch: 005 | loss: 0.06835 - acc: 0.9720 -- iter: 480/828
[A[ATraining Step: 120  | total loss: [1m[32m0.06770[0m[0m | time: 319.080s
[2K
| Adam | epoch: 005 | loss: 0.06770 - acc: 0.9686 -- iter: 512/828
[A[ATraining Step: 121  | total loss: [1m[32m0.06392[0m[0m | time: 328.763s
[2K
| Adam | epoch: 005 | loss: 0.06392 - acc: 0.9717 -- iter: 544/828
[A[ATraining Step: 122  | total loss: [1m[32m0.07071[0m[0m | time: 341.244s
[2K
| Adam | epoch: 005 | loss: 0.07071 - acc: 0.9714 -- iter: 576/828
[A[ATraining Step: 123  | total loss: [1m[32m0.07609[0m[0m | time: 354.115s
[2K
| Adam | epoch: 005 | loss: 0.07609 - acc: 0.9680 -- iter: 608/828
[A[ATraining Step: 124  | total loss: [1m[32m0.07011[0m[0m | time: 366.480s
[2K
| Adam | epoch: 005 | loss: 0.07011 - acc: 0.9712 -- iter: 640/828
[A[ATraining Step: 125  | total loss: [1m[32m0.06664[0m[0m | time: 378.838s
[2K
| Adam | epoch: 005 | loss: 0.06664 - acc: 0.9710 -- iter: 672/828
[A[ATraining Step: 126  | total loss: [1m[32m0.10615[0m[0m | time: 391.173s
[2K
| Adam | epoch: 005 | loss: 0.10615 - acc: 0.9582 -- iter: 704/828
[A[ATraining Step: 127  | total loss: [1m[32m0.10042[0m[0m | time: 404.027s
[2K
| Adam | epoch: 005 | loss: 0.10042 - acc: 0.9593 -- iter: 736/828
[A[ATraining Step: 128  | total loss: [1m[32m0.10812[0m[0m | time: 416.394s
[2K
| Adam | epoch: 005 | loss: 0.10812 - acc: 0.9571 -- iter: 768/828
[A[ATraining Step: 129  | total loss: [1m[32m0.10272[0m[0m | time: 428.788s
[2K
| Adam | epoch: 005 | loss: 0.10272 - acc: 0.9614 -- iter: 800/828
[A[ATraining Step: 130  | total loss: [1m[32m0.13386[0m[0m | time: 460.278s
[2K
| Adam | epoch: 005 | loss: 0.13386 - acc: 0.9590 | val_loss: 0.19667 - val_acc: 0.9305 -- iter: 828/828
--
Training Step: 131  | total loss: [1m[32m0.13708[0m[0m | time: 26.621s
[2K
| Adam | epoch: 006 | loss: 0.13708 - acc: 0.9569 -- iter: 032/828
[A[ATraining Step: 132  | total loss: [1m[32m0.12663[0m[0m | time: 49.131s
[2K
| Adam | epoch: 006 | loss: 0.12663 - acc: 0.9612 -- iter: 064/828
[A[ATraining Step: 133  | total loss: [1m[32m0.12254[0m[0m | time: 61.913s
[2K
| Adam | epoch: 006 | loss: 0.12254 - acc: 0.9588 -- iter: 096/828
[A[ATraining Step: 134  | total loss: [1m[32m0.11875[0m[0m | time: 73.190s
[2K
| Adam | epoch: 006 | loss: 0.11875 - acc: 0.9567 -- iter: 128/828
[A[ATraining Step: 135  | total loss: [1m[32m0.10790[0m[0m | time: 84.608s
[2K
| Adam | epoch: 006 | loss: 0.10790 - acc: 0.9610 -- iter: 160/828
[A[ATraining Step: 136  | total loss: [1m[32m0.09764[0m[0m | time: 104.159s
[2K
| Adam | epoch: 006 | loss: 0.09764 - acc: 0.9649 -- iter: 192/828
[A[ATraining Step: 137  | total loss: [1m[32m0.09266[0m[0m | time: 124.526s
[2K
| Adam | epoch: 006 | loss: 0.09266 - acc: 0.9653 -- iter: 224/828
[A[ATraining Step: 138  | total loss: [1m[32m0.09778[0m[0m | time: 154.039s
[2K
| Adam | epoch: 006 | loss: 0.09778 - acc: 0.9625 -- iter: 256/828
[A[ATraining Step: 139  | total loss: [1m[32m0.09180[0m[0m | time: 164.580s
[2K
| Adam | epoch: 006 | loss: 0.09180 - acc: 0.9631 -- iter: 288/828
[A[ATraining Step: 140  | total loss: [1m[32m0.09769[0m[0m | time: 172.691s
[2K
| Adam | epoch: 006 | loss: 0.09769 - acc: 0.9574 -- iter: 320/828
[A[ATraining Step: 141  | total loss: [1m[32m0.09258[0m[0m | time: 180.917s
[2K
| Adam | epoch: 006 | loss: 0.09258 - acc: 0.9617 -- iter: 352/828
[A[ATraining Step: 142  | total loss: [1m[32m0.09028[0m[0m | time: 192.798s
[2K
| Adam | epoch: 006 | loss: 0.09028 - acc: 0.9624 -- iter: 384/828
[A[ATraining Step: 143  | total loss: [1m[32m0.08211[0m[0m | time: 205.112s
[2K
| Adam | epoch: 006 | loss: 0.08211 - acc: 0.9662 -- iter: 416/828
[A[ATraining Step: 144  | total loss: [1m[32m0.08164[0m[0m | time: 218.080s
[2K
| Adam | epoch: 006 | loss: 0.08164 - acc: 0.9664 -- iter: 448/828
[A[ATraining Step: 145  | total loss: [1m[32m0.08375[0m[0m | time: 273.522s
[2K
| Adam | epoch: 006 | loss: 0.08375 - acc: 0.9635 -- iter: 480/828
[A[ATraining Step: 146  | total loss: [1m[32m0.09553[0m[0m | time: 380.243s
[2K
| Adam | epoch: 006 | loss: 0.09553 - acc: 0.9609 -- iter: 512/828
[A[ATraining Step: 147  | total loss: [1m[32m0.08893[0m[0m | time: 432.226s
[2K
| Adam | epoch: 006 | loss: 0.08893 - acc: 0.9648 -- iter: 544/828
[A[ATraining Step: 148  | total loss: [1m[32m0.08490[0m[0m | time: 574.871s
[2K
| Adam | epoch: 006 | loss: 0.08490 - acc: 0.9684 -- iter: 576/828
[A[ATraining Step: 149  | total loss: [1m[32m0.08390[0m[0m | time: 586.848s
[2K
| Adam | epoch: 006 | loss: 0.08390 - acc: 0.9653 -- iter: 608/828
[A[ATraining Step: 150  | total loss: [1m[32m0.08643[0m[0m | time: 599.361s
[2K
| Adam | epoch: 006 | loss: 0.08643 - acc: 0.9656 -- iter: 640/828
[A[ATraining Step: 151  | total loss: [1m[32m0.08126[0m[0m | time: 611.669s
[2K
| Adam | epoch: 006 | loss: 0.08126 - acc: 0.9691 -- iter: 672/828
[A[ATraining Step: 152  | total loss: [1m[32m0.08838[0m[0m | time: 624.769s
[2K
| Adam | epoch: 006 | loss: 0.08838 - acc: 0.9659 -- iter: 704/828
[A[ATraining Step: 153  | total loss: [1m[32m0.08082[0m[0m | time: 633.389s
[2K
| Adam | epoch: 006 | loss: 0.08082 - acc: 0.9693 -- iter: 736/828
[A[ATraining Step: 154  | total loss: [1m[32m0.07517[0m[0m | time: 641.526s
[2K
| Adam | epoch: 006 | loss: 0.07517 - acc: 0.9724 -- iter: 768/828
[A[ATraining Step: 155  | total loss: [1m[32m0.07032[0m[0m | time: 650.694s
[2K
| Adam | epoch: 006 | loss: 0.07032 - acc: 0.9751 -- iter: 800/828
[A[ATraining Step: 156  | total loss: [1m[32m0.06524[0m[0m | time: 681.749s
[2K
| Adam | epoch: 006 | loss: 0.06524 - acc: 0.9776 | val_loss: 0.21240 - val_acc: 0.9382 -- iter: 828/828
--
Training Step: 157  | total loss: [1m[32m0.08764[0m[0m | time: 12.831s
[2K
| Adam | epoch: 007 | loss: 0.08764 - acc: 0.9767 -- iter: 032/828
[A[ATraining Step: 158  | total loss: [1m[32m0.08245[0m[0m | time: 24.676s
[2K
| Adam | epoch: 007 | loss: 0.08245 - acc: 0.9759 -- iter: 064/828
[A[ATraining Step: 159  | total loss: [1m[32m0.07506[0m[0m | time: 37.148s
[2K
| Adam | epoch: 007 | loss: 0.07506 - acc: 0.9783 -- iter: 096/828
[A[ATraining Step: 160  | total loss: [1m[32m0.07054[0m[0m | time: 49.692s
[2K
| Adam | epoch: 007 | loss: 0.07054 - acc: 0.9805 -- iter: 128/828
[A[ATraining Step: 161  | total loss: [1m[32m0.06774[0m[0m | time: 57.272s
[2K
| Adam | epoch: 007 | loss: 0.06774 - acc: 0.9825 -- iter: 160/828
[A[ATraining Step: 162  | total loss: [1m[32m0.07538[0m[0m | time: 64.735s
[2K
| Adam | epoch: 007 | loss: 0.07538 - acc: 0.9806 -- iter: 192/828
[A[ATraining Step: 163  | total loss: [1m[32m0.07090[0m[0m | time: 74.535s
[2K
| Adam | epoch: 007 | loss: 0.07090 - acc: 0.9826 -- iter: 224/828
[A[ATraining Step: 164  | total loss: [1m[32m0.07381[0m[0m | time: 86.821s
[2K
| Adam | epoch: 007 | loss: 0.07381 - acc: 0.9812 -- iter: 256/828
[A[ATraining Step: 165  | total loss: [1m[32m0.06703[0m[0m | time: 99.139s
[2K
| Adam | epoch: 007 | loss: 0.06703 - acc: 0.9831 -- iter: 288/828
[A[ATraining Step: 166  | total loss: [1m[32m0.06084[0m[0m | time: 111.728s
[2K
| Adam | epoch: 007 | loss: 0.06084 - acc: 0.9848 -- iter: 320/828
[A[ATraining Step: 167  | total loss: [1m[32m0.05623[0m[0m | time: 124.116s
[2K
| Adam | epoch: 007 | loss: 0.05623 - acc: 0.9863 -- iter: 352/828
[A[ATraining Step: 168  | total loss: [1m[32m0.05785[0m[0m | time: 136.416s
[2K
| Adam | epoch: 007 | loss: 0.05785 - acc: 0.9877 -- iter: 384/828
[A[ATraining Step: 169  | total loss: [1m[32m0.05651[0m[0m | time: 148.956s
[2K
| Adam | epoch: 007 | loss: 0.05651 - acc: 0.9889 -- iter: 416/828
[A[ATraining Step: 170  | total loss: [1m[32m0.06213[0m[0m | time: 161.312s
[2K
| Adam | epoch: 007 | loss: 0.06213 - acc: 0.9869 -- iter: 448/828
[A[ATraining Step: 171  | total loss: [1m[32m0.06400[0m[0m | time: 173.315s
[2K
| Adam | epoch: 007 | loss: 0.06400 - acc: 0.9819 -- iter: 480/828
[A[ATraining Step: 172  | total loss: [1m[32m0.06409[0m[0m | time: 185.363s
[2K
| Adam | epoch: 007 | loss: 0.06409 - acc: 0.9806 -- iter: 512/828
[A[ATraining Step: 173  | total loss: [1m[32m0.06307[0m[0m | time: 197.854s
[2K
| Adam | epoch: 007 | loss: 0.06307 - acc: 0.9794 -- iter: 544/828
[A[ATraining Step: 174  | total loss: [1m[32m0.05790[0m[0m | time: 206.841s
[2K
| Adam | epoch: 007 | loss: 0.05790 - acc: 0.9815 -- iter: 576/828
[A[ATraining Step: 175  | total loss: [1m[32m0.05287[0m[0m | time: 215.070s
[2K
| Adam | epoch: 007 | loss: 0.05287 - acc: 0.9833 -- iter: 608/828
[A[ATraining Step: 176  | total loss: [1m[32m0.05237[0m[0m | time: 224.711s
[2K
| Adam | epoch: 007 | loss: 0.05237 - acc: 0.9819 -- iter: 640/828
[A[ATraining Step: 177  | total loss: [1m[32m0.05273[0m[0m | time: 236.989s
[2K
| Adam | epoch: 007 | loss: 0.05273 - acc: 0.9806 -- iter: 672/828
[A[ATraining Step: 178  | total loss: [1m[32m0.05823[0m[0m | time: 249.380s
[2K
| Adam | epoch: 007 | loss: 0.05823 - acc: 0.9794 -- iter: 704/828
[A[ATraining Step: 179  | total loss: [1m[32m0.05842[0m[0m | time: 261.478s
[2K
| Adam | epoch: 007 | loss: 0.05842 - acc: 0.9783 -- iter: 736/828
[A[ATraining Step: 180  | total loss: [1m[32m0.05329[0m[0m | time: 273.708s
[2K
| Adam | epoch: 007 | loss: 0.05329 - acc: 0.9805 -- iter: 768/828
[A[ATraining Step: 181  | total loss: [1m[32m0.05099[0m[0m | time: 285.902s
[2K
| Adam | epoch: 007 | loss: 0.05099 - acc: 0.9824 -- iter: 800/828
[A[ATraining Step: 182  | total loss: [1m[32m0.04790[0m[0m | time: 316.115s
[2K
| Adam | epoch: 007 | loss: 0.04790 - acc: 0.9842 | val_loss: 1.24621 - val_acc: 0.6448 -- iter: 828/828
--
Training Step: 183  | total loss: [1m[32m0.05811[0m[0m | time: 10.691s
[2K
| Adam | epoch: 008 | loss: 0.05811 - acc: 0.9795 -- iter: 032/828
[A[ATraining Step: 184  | total loss: [1m[32m0.06210[0m[0m | time: 18.692s
[2K
| Adam | epoch: 008 | loss: 0.06210 - acc: 0.9785 -- iter: 064/828
[A[ATraining Step: 185  | total loss: [1m[32m0.05873[0m[0m | time: 27.058s
[2K
| Adam | epoch: 008 | loss: 0.05873 - acc: 0.9775 -- iter: 096/828
[A[ATraining Step: 186  | total loss: [1m[32m0.05655[0m[0m | time: 38.533s
[2K
| Adam | epoch: 008 | loss: 0.05655 - acc: 0.9766 -- iter: 128/828
[A[ATraining Step: 187  | total loss: [1m[32m0.05373[0m[0m | time: 50.826s
[2K
| Adam | epoch: 008 | loss: 0.05373 - acc: 0.9789 -- iter: 160/828
[A[ATraining Step: 188  | total loss: [1m[32m0.04936[0m[0m | time: 62.096s
[2K
| Adam | epoch: 008 | loss: 0.04936 - acc: 0.9811 -- iter: 192/828
[A[ATraining Step: 189  | total loss: [1m[32m0.04786[0m[0m | time: 73.059s
[2K
| Adam | epoch: 008 | loss: 0.04786 - acc: 0.9829 -- iter: 224/828
[A[ATraining Step: 190  | total loss: [1m[32m0.04502[0m[0m | time: 85.623s
[2K
| Adam | epoch: 008 | loss: 0.04502 - acc: 0.9847 -- iter: 256/828
[A[ATraining Step: 191  | total loss: [1m[32m0.04145[0m[0m | time: 98.536s
[2K
| Adam | epoch: 008 | loss: 0.04145 - acc: 0.9862 -- iter: 288/828
[A[ATraining Step: 192  | total loss: [1m[32m0.05667[0m[0m | time: 110.890s
[2K
| Adam | epoch: 008 | loss: 0.05667 - acc: 0.9813 -- iter: 320/828
[A[ATraining Step: 193  | total loss: [1m[32m0.05185[0m[0m | time: 122.858s
[2K
| Adam | epoch: 008 | loss: 0.05185 - acc: 0.9832 -- iter: 352/828
[A[ATraining Step: 194  | total loss: [1m[32m0.05124[0m[0m | time: 135.096s
[2K
| Adam | epoch: 008 | loss: 0.05124 - acc: 0.9817 -- iter: 384/828
[A[ATraining Step: 195  | total loss: [1m[32m0.06999[0m[0m | time: 146.796s
[2K
| Adam | epoch: 008 | loss: 0.06999 - acc: 0.9742 -- iter: 416/828
[A[ATraining Step: 196  | total loss: [1m[32m0.09589[0m[0m | time: 159.295s
[2K
| Adam | epoch: 008 | loss: 0.09589 - acc: 0.9705 -- iter: 448/828
[A[ATraining Step: 197  | total loss: [1m[32m0.08965[0m[0m | time: 167.691s
[2K
| Adam | epoch: 008 | loss: 0.08965 - acc: 0.9735 -- iter: 480/828
[A[ATraining Step: 198  | total loss: [1m[32m0.08091[0m[0m | time: 175.945s
[2K
| Adam | epoch: 008 | loss: 0.08091 - acc: 0.9761 -- iter: 512/828
[A[ATraining Step: 199  | total loss: [1m[32m0.07683[0m[0m | time: 187.912s
[2K
| Adam | epoch: 008 | loss: 0.07683 - acc: 0.9754 -- iter: 544/828
[A[ATraining Step: 200  | total loss: [1m[32m0.07816[0m[0m | time: 242.493s
[2K
| Adam | epoch: 008 | loss: 0.07816 - acc: 0.9747 | val_loss: 1.66321 - val_acc: 0.5753 -- iter: 576/828
--
Training Step: 201  | total loss: [1m[32m0.07173[0m[0m | time: 254.743s
[2K
| Adam | epoch: 008 | loss: 0.07173 - acc: 0.9773 -- iter: 608/828
[A[ATraining Step: 202  | total loss: [1m[32m0.06561[0m[0m | time: 267.164s
[2K
| Adam | epoch: 008 | loss: 0.06561 - acc: 0.9795 -- iter: 640/828
[A[ATraining Step: 203  | total loss: [1m[32m0.06169[0m[0m | time: 279.642s
[2K
| Adam | epoch: 008 | loss: 0.06169 - acc: 0.9816 -- iter: 672/828
[A[ATraining Step: 204  | total loss: [1m[32m0.07297[0m[0m | time: 292.251s
[2K
| Adam | epoch: 008 | loss: 0.07297 - acc: 0.9772 -- iter: 704/828
[A[ATraining Step: 205  | total loss: [1m[32m0.06825[0m[0m | time: 304.510s
[2K
| Adam | epoch: 008 | loss: 0.06825 - acc: 0.9794 -- iter: 736/828
[A[ATraining Step: 206  | total loss: [1m[32m0.07242[0m[0m | time: 316.143s
[2K
| Adam | epoch: 008 | loss: 0.07242 - acc: 0.9784 -- iter: 768/828
[A[ATraining Step: 207  | total loss: [1m[32m0.08278[0m[0m | time: 324.664s
[2K
| Adam | epoch: 008 | loss: 0.08278 - acc: 0.9743 -- iter: 800/828
[A[ATraining Step: 208  | total loss: [1m[32m0.07647[0m[0m | time: 350.709s
[2K
| Adam | epoch: 008 | loss: 0.07647 - acc: 0.9769 | val_loss: 1.62768 - val_acc: 0.6834 -- iter: 828/828
--
Training Step: 209  | total loss: [1m[32m0.07543[0m[0m | time: 12.562s
[2K
| Adam | epoch: 009 | loss: 0.07543 - acc: 0.9761 -- iter: 032/828
[A[ATraining Step: 210  | total loss: [1m[32m0.06936[0m[0m | time: 24.944s
[2K
| Adam | epoch: 009 | loss: 0.06936 - acc: 0.9784 -- iter: 064/828
[A[ATraining Step: 211  | total loss: [1m[32m0.09188[0m[0m | time: 37.464s
[2K
| Adam | epoch: 009 | loss: 0.09188 - acc: 0.9744 -- iter: 096/828
[A[ATraining Step: 212  | total loss: [1m[32m0.08301[0m[0m | time: 49.574s
[2K
| Adam | epoch: 009 | loss: 0.08301 - acc: 0.9769 -- iter: 128/828
[A[ATraining Step: 213  | total loss: [1m[32m0.07556[0m[0m | time: 61.492s
[2K
| Adam | epoch: 009 | loss: 0.07556 - acc: 0.9792 -- iter: 160/828
[A[ATraining Step: 214  | total loss: [1m[32m0.08032[0m[0m | time: 73.749s
[2K
| Adam | epoch: 009 | loss: 0.08032 - acc: 0.9719 -- iter: 192/828
[A[ATraining Step: 215  | total loss: [1m[32m0.07426[0m[0m | time: 85.245s
[2K
| Adam | epoch: 009 | loss: 0.07426 - acc: 0.9747 -- iter: 224/828
[A[ATraining Step: 216  | total loss: [1m[32m0.08068[0m[0m | time: 92.619s
[2K
| Adam | epoch: 009 | loss: 0.08068 - acc: 0.9737 -- iter: 256/828
[A[ATraining Step: 217  | total loss: [1m[32m0.07660[0m[0m | time: 100.795s
[2K
| Adam | epoch: 009 | loss: 0.07660 - acc: 0.9727 -- iter: 288/828
[A[ATraining Step: 218  | total loss: [1m[32m0.07143[0m[0m | time: 110.377s
[2K
| Adam | epoch: 009 | loss: 0.07143 - acc: 0.9755 -- iter: 320/828
[A[ATraining Step: 219  | total loss: [1m[32m0.06783[0m[0m | time: 122.555s
[2K
| Adam | epoch: 009 | loss: 0.06783 - acc: 0.9779 -- iter: 352/828
[A[ATraining Step: 220  | total loss: [1m[32m0.08266[0m[0m | time: 134.724s
[2K
| Adam | epoch: 009 | loss: 0.08266 - acc: 0.9708 -- iter: 384/828
[A[ATraining Step: 221  | total loss: [1m[32m0.08742[0m[0m | time: 146.601s
[2K
| Adam | epoch: 009 | loss: 0.08742 - acc: 0.9674 -- iter: 416/828
[A[ATraining Step: 222  | total loss: [1m[32m0.09221[0m[0m | time: 158.479s
[2K
| Adam | epoch: 009 | loss: 0.09221 - acc: 0.9613 -- iter: 448/828
[A[ATraining Step: 223  | total loss: [1m[32m0.08398[0m[0m | time: 170.498s
[2K
| Adam | epoch: 009 | loss: 0.08398 - acc: 0.9652 -- iter: 480/828
[A[ATraining Step: 224  | total loss: [1m[32m0.07592[0m[0m | time: 182.944s
[2K
| Adam | epoch: 009 | loss: 0.07592 - acc: 0.9687 -- iter: 512/828
[A[ATraining Step: 225  | total loss: [1m[32m0.08852[0m[0m | time: 194.958s
[2K
| Adam | epoch: 009 | loss: 0.08852 - acc: 0.9687 -- iter: 544/828
[A[ATraining Step: 226  | total loss: [1m[32m0.08012[0m[0m | time: 206.910s
[2K
| Adam | epoch: 009 | loss: 0.08012 - acc: 0.9718 -- iter: 576/828
[A[ATraining Step: 227  | total loss: [1m[32m0.07972[0m[0m | time: 219.034s
[2K
| Adam | epoch: 009 | loss: 0.07972 - acc: 0.9684 -- iter: 608/828
[A[ATraining Step: 228  | total loss: [1m[32m0.08095[0m[0m | time: 231.304s
[2K
| Adam | epoch: 009 | loss: 0.08095 - acc: 0.9653 -- iter: 640/828
[A[ATraining Step: 229  | total loss: [1m[32m0.07711[0m[0m | time: 240.864s
[2K
| Adam | epoch: 009 | loss: 0.07711 - acc: 0.9656 -- iter: 672/828
[A[ATraining Step: 230  | total loss: [1m[32m0.07081[0m[0m | time: 248.659s
[2K
| Adam | epoch: 009 | loss: 0.07081 - acc: 0.9691 -- iter: 704/828
[A[ATraining Step: 231  | total loss: [1m[32m0.06553[0m[0m | time: 257.526s
[2K
| Adam | epoch: 009 | loss: 0.06553 - acc: 0.9722 -- iter: 736/828
[A[ATraining Step: 232  | total loss: [1m[32m0.05974[0m[0m | time: 269.475s
[2K
| Adam | epoch: 009 | loss: 0.05974 - acc: 0.9749 -- iter: 768/828
[A[ATraining Step: 233  | total loss: [1m[32m0.05442[0m[0m | time: 281.723s
[2K
| Adam | epoch: 009 | loss: 0.05442 - acc: 0.9775 -- iter: 800/828
[A[ATraining Step: 234  | total loss: [1m[32m0.06543[0m[0m | time: 311.682s
[2K
| Adam | epoch: 009 | loss: 0.06543 - acc: 0.9703 | val_loss: 2.35980 - val_acc: 0.5174 -- iter: 828/828
--
Training Step: 235  | total loss: [1m[32m0.07241[0m[0m | time: 12.197s
[2K
| Adam | epoch: 010 | loss: 0.07241 - acc: 0.9670 -- iter: 032/828
[A[ATraining Step: 236  | total loss: [1m[32m0.07441[0m[0m | time: 24.571s
[2K
| Adam | epoch: 010 | loss: 0.07441 - acc: 0.9641 -- iter: 064/828
[A[ATraining Step: 237  | total loss: [1m[32m0.07212[0m[0m | time: 37.189s
[2K
| Adam | epoch: 010 | loss: 0.07212 - acc: 0.9614 -- iter: 096/828
[A[ATraining Step: 238  | total loss: [1m[32m0.07490[0m[0m | time: 45.599s
[2K
| Adam | epoch: 010 | loss: 0.07490 - acc: 0.9622 -- iter: 128/828
[A[ATraining Step: 239  | total loss: [1m[32m0.06987[0m[0m | time: 53.823s
[2K
| Adam | epoch: 010 | loss: 0.06987 - acc: 0.9659 -- iter: 160/828
[A[ATraining Step: 240  | total loss: [1m[32m0.06353[0m[0m | time: 63.143s
[2K
| Adam | epoch: 010 | loss: 0.06353 - acc: 0.9694 -- iter: 192/828
[A[ATraining Step: 241  | total loss: [1m[32m0.05845[0m[0m | time: 75.412s
[2K
| Adam | epoch: 010 | loss: 0.05845 - acc: 0.9724 -- iter: 224/828
[A[ATraining Step: 242  | total loss: [1m[32m0.05302[0m[0m | time: 86.599s
[2K
| Adam | epoch: 010 | loss: 0.05302 - acc: 0.9752 -- iter: 256/828
[A[ATraining Step: 243  | total loss: [1m[32m0.04943[0m[0m | time: 97.440s
[2K
| Adam | epoch: 010 | loss: 0.04943 - acc: 0.9777 -- iter: 288/828
[A[ATraining Step: 244  | total loss: [1m[32m0.04591[0m[0m | time: 109.822s
[2K
| Adam | epoch: 010 | loss: 0.04591 - acc: 0.9799 -- iter: 320/828
[A[ATraining Step: 245  | total loss: [1m[32m0.04198[0m[0m | time: 121.881s
[2K
| Adam | epoch: 010 | loss: 0.04198 - acc: 0.9819 -- iter: 352/828
[A[ATraining Step: 246  | total loss: [1m[32m0.04386[0m[0m | time: 133.350s
[2K
| Adam | epoch: 010 | loss: 0.04386 - acc: 0.9806 -- iter: 384/828
[A[ATraining Step: 247  | total loss: [1m[32m0.04888[0m[0m | time: 145.477s
[2K
| Adam | epoch: 010 | loss: 0.04888 - acc: 0.9794 -- iter: 416/828
[A[ATraining Step: 248  | total loss: [1m[32m0.06825[0m[0m | time: 157.583s
[2K
| Adam | epoch: 010 | loss: 0.06825 - acc: 0.9752 -- iter: 448/828
[A[ATraining Step: 249  | total loss: [1m[32m0.07265[0m[0m | time: 171.164s
[2K
| Adam | epoch: 010 | loss: 0.07265 - acc: 0.9714 -- iter: 480/828
[A[ATraining Step: 250  | total loss: [1m[32m0.07405[0m[0m | time: 183.233s
[2K
| Adam | epoch: 010 | loss: 0.07405 - acc: 0.9712 -- iter: 512/828
[A[ATraining Step: 251  | total loss: [1m[32m0.09358[0m[0m | time: 194.060s
[2K
| Adam | epoch: 010 | loss: 0.09358 - acc: 0.9647 -- iter: 544/828
[A[ATraining Step: 252  | total loss: [1m[32m0.08780[0m[0m | time: 202.086s
[2K
| Adam | epoch: 010 | loss: 0.08780 - acc: 0.9651 -- iter: 576/828
[A[ATraining Step: 253  | total loss: [1m[32m0.08287[0m[0m | time: 210.261s
[2K
| Adam | epoch: 010 | loss: 0.08287 - acc: 0.9655 -- iter: 608/828
[A[ATraining Step: 254  | total loss: [1m[32m0.08033[0m[0m | time: 234.225s
[2K
| Adam | epoch: 010 | loss: 0.08033 - acc: 0.9658 -- iter: 640/828
[A[ATraining Step: 255  | total loss: [1m[32m0.09472[0m[0m | time: 246.845s
[2K
| Adam | epoch: 010 | loss: 0.09472 - acc: 0.9598 -- iter: 672/828
[A[ATraining Step: 256  | total loss: [1m[32m0.08580[0m[0m | time: 276.163s
[2K
| Adam | epoch: 010 | loss: 0.08580 - acc: 0.9638 -- iter: 704/828
[A[ATraining Step: 257  | total loss: [1m[32m0.10694[0m[0m | time: 300.215s
[2K
| Adam | epoch: 010 | loss: 0.10694 - acc: 0.9550 -- iter: 736/828
[A[ATraining Step: 258  | total loss: [1m[32m0.10039[0m[0m | time: 313.472s
[2K
| Adam | epoch: 010 | loss: 0.10039 - acc: 0.9563 -- iter: 768/828
[A[ATraining Step: 259  | total loss: [1m[32m0.09128[0m[0m | time: 325.927s
[2K
| Adam | epoch: 010 | loss: 0.09128 - acc: 0.9607 -- iter: 800/828
[A[ATraining Step: 260  | total loss: [1m[32m0.08306[0m[0m | time: 357.141s
[2K
| Adam | epoch: 010 | loss: 0.08306 - acc: 0.9646 | val_loss: 0.23140 - val_acc: 0.9382 -- iter: 828/828
--
Training Step: 261  | total loss: [1m[32m0.07890[0m[0m | time: 8.181s
[2K
| Adam | epoch: 011 | loss: 0.07890 - acc: 0.9650 -- iter: 032/828
[A[ATraining Step: 262  | total loss: [1m[32m0.07390[0m[0m | time: 16.912s
[2K
| Adam | epoch: 011 | loss: 0.07390 - acc: 0.9685 -- iter: 064/828
[A[ATraining Step: 263  | total loss: [1m[32m0.07339[0m[0m | time: 29.740s
[2K
| Adam | epoch: 011 | loss: 0.07339 - acc: 0.9686 -- iter: 096/828
[A[ATraining Step: 264  | total loss: [1m[32m0.07375[0m[0m | time: 42.049s
[2K
| Adam | epoch: 011 | loss: 0.07375 - acc: 0.9686 -- iter: 128/828
[A[ATraining Step: 265  | total loss: [1m[32m0.10222[0m[0m | time: 54.273s
[2K
| Adam | epoch: 011 | loss: 0.10222 - acc: 0.9686 -- iter: 160/828
[A[ATraining Step: 266  | total loss: [1m[32m0.09367[0m[0m | time: 66.284s
[2K
| Adam | epoch: 011 | loss: 0.09367 - acc: 0.9717 -- iter: 192/828
[A[ATraining Step: 267  | total loss: [1m[32m0.09149[0m[0m | time: 78.443s
[2K
| Adam | epoch: 011 | loss: 0.09149 - acc: 0.9714 -- iter: 224/828
[A[ATraining Step: 268  | total loss: [1m[32m0.08317[0m[0m | time: 92.506s
[2K
| Adam | epoch: 011 | loss: 0.08317 - acc: 0.9743 -- iter: 256/828
[A[ATraining Step: 269  | total loss: [1m[32m0.08783[0m[0m | time: 103.624s
[2K
| Adam | epoch: 011 | loss: 0.08783 - acc: 0.9706 -- iter: 288/828
[A[ATraining Step: 270  | total loss: [1m[32m0.07970[0m[0m | time: 114.624s
[2K
| Adam | epoch: 011 | loss: 0.07970 - acc: 0.9736 -- iter: 320/828
[A[ATraining Step: 271  | total loss: [1m[32m0.07221[0m[0m | time: 126.883s
[2K
| Adam | epoch: 011 | loss: 0.07221 - acc: 0.9762 -- iter: 352/828
[A[ATraining Step: 272  | total loss: [1m[32m0.07576[0m[0m | time: 139.359s
[2K
| Adam | epoch: 011 | loss: 0.07576 - acc: 0.9755 -- iter: 384/828
[A[ATraining Step: 273  | total loss: [1m[32m0.07112[0m[0m | time: 149.606s
[2K
| Adam | epoch: 011 | loss: 0.07112 - acc: 0.9779 -- iter: 416/828
[A[ATraining Step: 274  | total loss: [1m[32m0.06631[0m[0m | time: 157.897s
[2K
| Adam | epoch: 011 | loss: 0.06631 - acc: 0.9801 -- iter: 448/828
[A[ATraining Step: 275  | total loss: [1m[32m0.06315[0m[0m | time: 166.008s
[2K
| Adam | epoch: 011 | loss: 0.06315 - acc: 0.9790 -- iter: 480/828
[A[ATraining Step: 276  | total loss: [1m[32m0.05850[0m[0m | time: 174.104s
[2K
| Adam | epoch: 011 | loss: 0.05850 - acc: 0.9811 -- iter: 512/828
[A[ATraining Step: 277  | total loss: [1m[32m0.05421[0m[0m | time: 188.463s
[2K
| Adam | epoch: 011 | loss: 0.05421 - acc: 0.9830 -- iter: 544/828
[A[ATraining Step: 278  | total loss: [1m[32m0.04978[0m[0m | time: 196.617s
[2K
| Adam | epoch: 011 | loss: 0.04978 - acc: 0.9847 -- iter: 576/828
[A[ATraining Step: 279  | total loss: [1m[32m0.04609[0m[0m | time: 204.528s
[2K
| Adam | epoch: 011 | loss: 0.04609 - acc: 0.9862 -- iter: 608/828
[A[ATraining Step: 280  | total loss: [1m[32m0.04242[0m[0m | time: 212.586s
[2K
| Adam | epoch: 011 | loss: 0.04242 - acc: 0.9876 -- iter: 640/828
[A[ATraining Step: 281  | total loss: [1m[32m0.04888[0m[0m | time: 220.793s
[2K
| Adam | epoch: 011 | loss: 0.04888 - acc: 0.9857 -- iter: 672/828
[A[ATraining Step: 282  | total loss: [1m[32m0.04775[0m[0m | time: 229.048s
[2K
| Adam | epoch: 011 | loss: 0.04775 - acc: 0.9871 -- iter: 704/828
[A[ATraining Step: 283  | total loss: [1m[32m0.04445[0m[0m | time: 237.037s
[2K
| Adam | epoch: 011 | loss: 0.04445 - acc: 0.9884 -- iter: 736/828
[A[ATraining Step: 284  | total loss: [1m[32m0.04765[0m[0m | time: 244.995s
[2K
| Adam | epoch: 011 | loss: 0.04765 - acc: 0.9865 -- iter: 768/828
[A[ATraining Step: 285  | total loss: [1m[32m0.05080[0m[0m | time: 253.136s
[2K
| Adam | epoch: 011 | loss: 0.05080 - acc: 0.9847 -- iter: 800/828
[A[ATraining Step: 286  | total loss: [1m[32m0.06661[0m[0m | time: 273.001s
[2K
| Adam | epoch: 011 | loss: 0.06661 - acc: 0.9768 | val_loss: 0.15523 - val_acc: 0.9653 -- iter: 828/828
--
Training Step: 287  | total loss: [1m[32m0.06020[0m[0m | time: 8.085s
[2K
| Adam | epoch: 012 | loss: 0.06020 - acc: 0.9792 -- iter: 032/828
[A[ATraining Step: 288  | total loss: [1m[32m0.05681[0m[0m | time: 16.629s
[2K
| Adam | epoch: 012 | loss: 0.05681 - acc: 0.9781 -- iter: 064/828
[A[ATraining Step: 289  | total loss: [1m[32m0.05139[0m[0m | time: 24.842s
[2K
| Adam | epoch: 012 | loss: 0.05139 - acc: 0.9803 -- iter: 096/828
[A[ATraining Step: 290  | total loss: [1m[32m0.04732[0m[0m | time: 32.980s
[2K
| Adam | epoch: 012 | loss: 0.04732 - acc: 0.9823 -- iter: 128/828
[A[ATraining Step: 291  | total loss: [1m[32m0.04976[0m[0m | time: 41.091s
[2K
| Adam | epoch: 012 | loss: 0.04976 - acc: 0.9809 -- iter: 160/828
[A[ATraining Step: 292  | total loss: [1m[32m0.05510[0m[0m | time: 49.347s
[2K
| Adam | epoch: 012 | loss: 0.05510 - acc: 0.9797 -- iter: 192/828
[A[ATraining Step: 293  | total loss: [1m[32m0.05279[0m[0m | time: 57.531s
[2K
| Adam | epoch: 012 | loss: 0.05279 - acc: 0.9817 -- iter: 224/828
[A[ATraining Step: 294  | total loss: [1m[32m0.04956[0m[0m | time: 65.679s
[2K
| Adam | epoch: 012 | loss: 0.04956 - acc: 0.9836 -- iter: 256/828
[A[ATraining Step: 295  | total loss: [1m[32m0.04485[0m[0m | time: 74.040s
[2K
| Adam | epoch: 012 | loss: 0.04485 - acc: 0.9852 -- iter: 288/828
[A[ATraining Step: 296  | total loss: [1m[32m0.04069[0m[0m | time: 81.307s
[2K
| Adam | epoch: 012 | loss: 0.04069 - acc: 0.9867 -- iter: 320/828
[A[ATraining Step: 297  | total loss: [1m[32m0.03691[0m[0m | time: 88.859s
[2K
| Adam | epoch: 012 | loss: 0.03691 - acc: 0.9880 -- iter: 352/828
[A[ATraining Step: 298  | total loss: [1m[32m0.03367[0m[0m | time: 97.053s
[2K
| Adam | epoch: 012 | loss: 0.03367 - acc: 0.9892 -- iter: 384/828
[A[ATraining Step: 299  | total loss: [1m[32m0.03082[0m[0m | time: 105.416s
[2K
| Adam | epoch: 012 | loss: 0.03082 - acc: 0.9903 -- iter: 416/828
[A[ATraining Step: 300  | total loss: [1m[32m0.03221[0m[0m | time: 113.530s
[2K
| Adam | epoch: 012 | loss: 0.03221 - acc: 0.9881 -- iter: 448/828
[A[ATraining Step: 301  | total loss: [1m[32m0.03414[0m[0m | time: 121.794s
[2K
| Adam | epoch: 012 | loss: 0.03414 - acc: 0.9862 -- iter: 480/828
[A[ATraining Step: 302  | total loss: [1m[32m0.03863[0m[0m | time: 129.920s
[2K
| Adam | epoch: 012 | loss: 0.03863 - acc: 0.9845 -- iter: 512/828
[A[ATraining Step: 303  | total loss: [1m[32m0.06678[0m[0m | time: 138.028s
[2K
| Adam | epoch: 012 | loss: 0.06678 - acc: 0.9829 -- iter: 544/828
[A[ATraining Step: 304  | total loss: [1m[32m0.06144[0m[0m | time: 146.069s
[2K
| Adam | epoch: 012 | loss: 0.06144 - acc: 0.9846 -- iter: 576/828
[A[ATraining Step: 305  | total loss: [1m[32m0.07254[0m[0m | time: 154.031s
[2K
| Adam | epoch: 012 | loss: 0.07254 - acc: 0.9768 -- iter: 608/828
[A[ATraining Step: 306  | total loss: [1m[32m0.07978[0m[0m | time: 162.077s
[2K
| Adam | epoch: 012 | loss: 0.07978 - acc: 0.9760 -- iter: 640/828
[A[ATraining Step: 307  | total loss: [1m[32m0.07502[0m[0m | time: 170.092s
[2K
| Adam | epoch: 012 | loss: 0.07502 - acc: 0.9752 -- iter: 672/828
[A[ATraining Step: 308  | total loss: [1m[32m0.06814[0m[0m | time: 178.086s
[2K
| Adam | epoch: 012 | loss: 0.06814 - acc: 0.9777 -- iter: 704/828
[A[ATraining Step: 309  | total loss: [1m[32m0.06696[0m[0m | time: 186.251s
[2K
| Adam | epoch: 012 | loss: 0.06696 - acc: 0.9768 -- iter: 736/828
[A[ATraining Step: 310  | total loss: [1m[32m0.06216[0m[0m | time: 194.228s
[2K
| Adam | epoch: 012 | loss: 0.06216 - acc: 0.9791 -- iter: 768/828
[A[ATraining Step: 311  | total loss: [1m[32m0.05697[0m[0m | time: 202.504s
[2K
| Adam | epoch: 012 | loss: 0.05697 - acc: 0.9812 -- iter: 800/828
[A[ATraining Step: 312  | total loss: [1m[32m0.05193[0m[0m | time: 222.352s
[2K
| Adam | epoch: 012 | loss: 0.05193 - acc: 0.9831 | val_loss: 0.48594 - val_acc: 0.8571 -- iter: 828/828
--
Training Step: 313  | total loss: [1m[32m0.04698[0m[0m | time: 8.254s
[2K
| Adam | epoch: 013 | loss: 0.04698 - acc: 0.9848 -- iter: 032/828
[A[ATraining Step: 314  | total loss: [1m[32m0.04262[0m[0m | time: 16.604s
[2K
| Adam | epoch: 013 | loss: 0.04262 - acc: 0.9863 -- iter: 064/828
[A[ATraining Step: 315  | total loss: [1m[32m0.03934[0m[0m | time: 24.588s
[2K
| Adam | epoch: 013 | loss: 0.03934 - acc: 0.9877 -- iter: 096/828
[A[ATraining Step: 316  | total loss: [1m[32m0.03619[0m[0m | time: 32.778s
[2K
| Adam | epoch: 013 | loss: 0.03619 - acc: 0.9889 -- iter: 128/828
[A[ATraining Step: 317  | total loss: [1m[32m0.04424[0m[0m | time: 40.982s
[2K
| Adam | epoch: 013 | loss: 0.04424 - acc: 0.9838 -- iter: 160/828
[A[ATraining Step: 318  | total loss: [1m[32m0.04381[0m[0m | time: 49.169s
[2K
| Adam | epoch: 013 | loss: 0.04381 - acc: 0.9823 -- iter: 192/828
[A[ATraining Step: 319  | total loss: [1m[32m0.05228[0m[0m | time: 57.316s
[2K
| Adam | epoch: 013 | loss: 0.05228 - acc: 0.9809 -- iter: 224/828
[A[ATraining Step: 320  | total loss: [1m[32m0.04743[0m[0m | time: 65.445s
[2K
| Adam | epoch: 013 | loss: 0.04743 - acc: 0.9828 -- iter: 256/828
[A[ATraining Step: 321  | total loss: [1m[32m0.04370[0m[0m | time: 73.681s
[2K
| Adam | epoch: 013 | loss: 0.04370 - acc: 0.9845 -- iter: 288/828
[A[ATraining Step: 322  | total loss: [1m[32m0.03964[0m[0m | time: 81.783s
[2K
| Adam | epoch: 013 | loss: 0.03964 - acc: 0.9861 -- iter: 320/828
[A[ATraining Step: 323  | total loss: [1m[32m0.03912[0m[0m | time: 89.208s
[2K
| Adam | epoch: 013 | loss: 0.03912 - acc: 0.9875 -- iter: 352/828
[A[ATraining Step: 324  | total loss: [1m[32m0.03693[0m[0m | time: 96.614s
[2K
| Adam | epoch: 013 | loss: 0.03693 - acc: 0.9887 -- iter: 384/828
[A[ATraining Step: 325  | total loss: [1m[32m0.03402[0m[0m | time: 104.972s
[2K
| Adam | epoch: 013 | loss: 0.03402 - acc: 0.9899 -- iter: 416/828
[A[ATraining Step: 326  | total loss: [1m[32m0.03185[0m[0m | time: 113.133s
[2K
| Adam | epoch: 013 | loss: 0.03185 - acc: 0.9909 -- iter: 448/828
[A[ATraining Step: 327  | total loss: [1m[32m0.02913[0m[0m | time: 121.460s
[2K
| Adam | epoch: 013 | loss: 0.02913 - acc: 0.9918 -- iter: 480/828
[A[ATraining Step: 328  | total loss: [1m[32m0.05725[0m[0m | time: 129.801s
[2K
| Adam | epoch: 013 | loss: 0.05725 - acc: 0.9864 -- iter: 512/828
[A[ATraining Step: 329  | total loss: [1m[32m0.05185[0m[0m | time: 137.941s
[2K
| Adam | epoch: 013 | loss: 0.05185 - acc: 0.9877 -- iter: 544/828
[A[ATraining Step: 330  | total loss: [1m[32m0.05061[0m[0m | time: 146.151s
[2K
| Adam | epoch: 013 | loss: 0.05061 - acc: 0.9858 -- iter: 576/828
[A[ATraining Step: 331  | total loss: [1m[32m0.05119[0m[0m | time: 154.192s
[2K
| Adam | epoch: 013 | loss: 0.05119 - acc: 0.9841 -- iter: 608/828
[A[ATraining Step: 332  | total loss: [1m[32m0.04669[0m[0m | time: 162.355s
[2K
| Adam | epoch: 013 | loss: 0.04669 - acc: 0.9857 -- iter: 640/828
[A[ATraining Step: 333  | total loss: [1m[32m0.05411[0m[0m | time: 170.638s
[2K
| Adam | epoch: 013 | loss: 0.05411 - acc: 0.9840 -- iter: 672/828
[A[ATraining Step: 334  | total loss: [1m[32m0.04933[0m[0m | time: 178.863s
[2K
| Adam | epoch: 013 | loss: 0.04933 - acc: 0.9856 -- iter: 704/828
[A[ATraining Step: 335  | total loss: [1m[32m0.04445[0m[0m | time: 187.236s
[2K
| Adam | epoch: 013 | loss: 0.04445 - acc: 0.9870 -- iter: 736/828
[A[ATraining Step: 336  | total loss: [1m[32m0.04276[0m[0m | time: 195.254s
[2K
| Adam | epoch: 013 | loss: 0.04276 - acc: 0.9852 -- iter: 768/828
[A[ATraining Step: 337  | total loss: [1m[32m0.04167[0m[0m | time: 203.316s
[2K
| Adam | epoch: 013 | loss: 0.04167 - acc: 0.9836 -- iter: 800/828
[A[ATraining Step: 338  | total loss: [1m[32m0.06096[0m[0m | time: 224.247s
[2K
| Adam | epoch: 013 | loss: 0.06096 - acc: 0.9758 | val_loss: 0.13539 - val_acc: 0.9653 -- iter: 828/828
--
Training Step: 339  | total loss: [1m[32m0.06018[0m[0m | time: 8.219s
[2K
| Adam | epoch: 014 | loss: 0.06018 - acc: 0.9751 -- iter: 032/828
[A[ATraining Step: 340  | total loss: [1m[32m0.05420[0m[0m | time: 16.482s
[2K
| Adam | epoch: 014 | loss: 0.05420 - acc: 0.9776 -- iter: 064/828
[A[ATraining Step: 341  | total loss: [1m[32m0.04912[0m[0m | time: 24.557s
[2K
| Adam | epoch: 014 | loss: 0.04912 - acc: 0.9799 -- iter: 096/828
[A[ATraining Step: 342  | total loss: [1m[32m0.04842[0m[0m | time: 32.554s
[2K
| Adam | epoch: 014 | loss: 0.04842 - acc: 0.9787 -- iter: 128/828
[A[ATraining Step: 343  | total loss: [1m[32m0.04779[0m[0m | time: 40.622s
[2K
| Adam | epoch: 014 | loss: 0.04779 - acc: 0.9809 -- iter: 160/828
[A[ATraining Step: 344  | total loss: [1m[32m0.04407[0m[0m | time: 48.606s
[2K
| Adam | epoch: 014 | loss: 0.04407 - acc: 0.9828 -- iter: 192/828
[A[ATraining Step: 345  | total loss: [1m[32m0.04969[0m[0m | time: 56.703s
[2K
| Adam | epoch: 014 | loss: 0.04969 - acc: 0.9814 -- iter: 224/828
[A[ATraining Step: 346  | total loss: [1m[32m0.08577[0m[0m | time: 64.842s
[2K
| Adam | epoch: 014 | loss: 0.08577 - acc: 0.9739 -- iter: 256/828
[A[ATraining Step: 347  | total loss: [1m[32m0.08249[0m[0m | time: 72.877s
[2K
| Adam | epoch: 014 | loss: 0.08249 - acc: 0.9734 -- iter: 288/828
[A[ATraining Step: 348  | total loss: [1m[32m0.09841[0m[0m | time: 81.171s
[2K
| Adam | epoch: 014 | loss: 0.09841 - acc: 0.9698 -- iter: 320/828
[A[ATraining Step: 349  | total loss: [1m[32m0.08881[0m[0m | time: 89.282s
[2K
| Adam | epoch: 014 | loss: 0.08881 - acc: 0.9728 -- iter: 352/828
[A[ATraining Step: 350  | total loss: [1m[32m0.10129[0m[0m | time: 96.698s
[2K
| Adam | epoch: 014 | loss: 0.10129 - acc: 0.9693 -- iter: 384/828
[A[ATraining Step: 351  | total loss: [1m[32m0.09133[0m[0m | time: 104.109s
[2K
| Adam | epoch: 014 | loss: 0.09133 - acc: 0.9723 -- iter: 416/828
[A[ATraining Step: 352  | total loss: [1m[32m0.08249[0m[0m | time: 112.251s
[2K
| Adam | epoch: 014 | loss: 0.08249 - acc: 0.9751 -- iter: 448/828
[A[ATraining Step: 353  | total loss: [1m[32m0.08078[0m[0m | time: 120.278s
[2K
| Adam | epoch: 014 | loss: 0.08078 - acc: 0.9745 -- iter: 480/828
[A[ATraining Step: 354  | total loss: [1m[32m0.07318[0m[0m | time: 128.546s
[2K
| Adam | epoch: 014 | loss: 0.07318 - acc: 0.9770 -- iter: 512/828
[A[ATraining Step: 355  | total loss: [1m[32m0.08357[0m[0m | time: 136.638s
[2K
| Adam | epoch: 014 | loss: 0.08357 - acc: 0.9731 -- iter: 544/828
[A[ATraining Step: 356  | total loss: [1m[32m0.09063[0m[0m | time: 144.749s
[2K
| Adam | epoch: 014 | loss: 0.09063 - acc: 0.9695 -- iter: 576/828
[A[ATraining Step: 357  | total loss: [1m[32m0.08482[0m[0m | time: 152.898s
[2K
| Adam | epoch: 014 | loss: 0.08482 - acc: 0.9694 -- iter: 608/828
[A[ATraining Step: 358  | total loss: [1m[32m0.09158[0m[0m | time: 161.112s
[2K
| Adam | epoch: 014 | loss: 0.09158 - acc: 0.9694 -- iter: 640/828
[A[ATraining Step: 359  | total loss: [1m[32m0.08327[0m[0m | time: 169.294s
[2K
| Adam | epoch: 014 | loss: 0.08327 - acc: 0.9724 -- iter: 672/828
[A[ATraining Step: 360  | total loss: [1m[32m0.08156[0m[0m | time: 177.568s
[2K
| Adam | epoch: 014 | loss: 0.08156 - acc: 0.9721 -- iter: 704/828
[A[ATraining Step: 361  | total loss: [1m[32m0.08188[0m[0m | time: 185.605s
[2K
| Adam | epoch: 014 | loss: 0.08188 - acc: 0.9717 -- iter: 736/828
[A[ATraining Step: 362  | total loss: [1m[32m0.07823[0m[0m | time: 193.741s
[2K
| Adam | epoch: 014 | loss: 0.07823 - acc: 0.9746 -- iter: 768/828
[A[ATraining Step: 363  | total loss: [1m[32m0.07943[0m[0m | time: 201.783s
[2K
| Adam | epoch: 014 | loss: 0.07943 - acc: 0.9740 -- iter: 800/828
[A[ATraining Step: 364  | total loss: [1m[32m0.07627[0m[0m | time: 222.084s
[2K
| Adam | epoch: 014 | loss: 0.07627 - acc: 0.9735 | val_loss: 0.58027 - val_acc: 0.8456 -- iter: 828/828
--
Training Step: 365  | total loss: [1m[32m0.07034[0m[0m | time: 8.182s
[2K
| Adam | epoch: 015 | loss: 0.07034 - acc: 0.9761 -- iter: 032/828
[A[ATraining Step: 366  | total loss: [1m[32m0.07322[0m[0m | time: 39.883s
[2K
| Adam | epoch: 015 | loss: 0.07322 - acc: 0.9722 -- iter: 064/828
[A[ATraining Step: 367  | total loss: [1m[32m0.06735[0m[0m | time: 55.656s
[2K
| Adam | epoch: 015 | loss: 0.06735 - acc: 0.9750 -- iter: 096/828
[A[ATraining Step: 368  | total loss: [1m[32m0.06381[0m[0m | time: 71.027s
[2K
| Adam | epoch: 015 | loss: 0.06381 - acc: 0.9775 -- iter: 128/828
[A[ATraining Step: 369  | total loss: [1m[32m0.06204[0m[0m | time: 84.186s
[2K
| Adam | epoch: 015 | loss: 0.06204 - acc: 0.9766 -- iter: 160/828
[A[ATraining Step: 370  | total loss: [1m[32m0.05757[0m[0m | time: 98.870s
[2K
| Adam | epoch: 015 | loss: 0.05757 - acc: 0.9790 -- iter: 192/828
[A[ATraining Step: 371  | total loss: [1m[32m0.05611[0m[0m | time: 111.816s
[2K
| Adam | epoch: 015 | loss: 0.05611 - acc: 0.9811 -- iter: 224/828
[A[ATraining Step: 372  | total loss: [1m[32m0.05142[0m[0m | time: 132.853s
[2K
| Adam | epoch: 015 | loss: 0.05142 - acc: 0.9830 -- iter: 256/828
[A[ATraining Step: 373  | total loss: [1m[32m0.08701[0m[0m | time: 144.136s
[2K
| Adam | epoch: 015 | loss: 0.08701 - acc: 0.9816 -- iter: 288/828
[A[ATraining Step: 374  | total loss: [1m[32m0.07917[0m[0m | time: 152.735s
[2K
| Adam | epoch: 015 | loss: 0.07917 - acc: 0.9834 -- iter: 320/828
[A[ATraining Step: 375  | total loss: [1m[32m0.07274[0m[0m | time: 184.226s
[2K
| Adam | epoch: 015 | loss: 0.07274 - acc: 0.9851 -- iter: 352/828
[A[ATraining Step: 376  | total loss: [1m[32m0.06705[0m[0m | time: 201.451s
[2K
| Adam | epoch: 015 | loss: 0.06705 - acc: 0.9866 -- iter: 384/828
[A[ATraining Step: 377  | total loss: [1m[32m0.06073[0m[0m | time: 209.502s
[2K
| Adam | epoch: 015 | loss: 0.06073 - acc: 0.9879 -- iter: 416/828
[A[ATraining Step: 378  | total loss: [1m[32m0.05772[0m[0m | time: 219.282s
[2K
| Adam | epoch: 015 | loss: 0.05772 - acc: 0.9891 -- iter: 448/828
[A[ATraining Step: 379  | total loss: [1m[32m0.05310[0m[0m | time: 235.714s
[2K
| Adam | epoch: 015 | loss: 0.05310 - acc: 0.9902 -- iter: 480/828
[A[ATraining Step: 380  | total loss: [1m[32m0.05390[0m[0m | time: 265.382s
[2K
| Adam | epoch: 015 | loss: 0.05390 - acc: 0.9881 -- iter: 512/828
[A[ATraining Step: 381  | total loss: [1m[32m0.06142[0m[0m | time: 277.563s
[2K
| Adam | epoch: 015 | loss: 0.06142 - acc: 0.9830 -- iter: 544/828
[A[ATraining Step: 382  | total loss: [1m[32m0.05546[0m[0m | time: 344.677s
[2K
| Adam | epoch: 015 | loss: 0.05546 - acc: 0.9847 -- iter: 576/828
[A[ATraining Step: 383  | total loss: [1m[32m0.05019[0m[0m | time: 411.413s
[2K
| Adam | epoch: 015 | loss: 0.05019 - acc: 0.9862 -- iter: 608/828
[A[ATraining Step: 384  | total loss: [1m[32m0.04716[0m[0m | time: 422.617s
[2K
| Adam | epoch: 015 | loss: 0.04716 - acc: 0.9876 -- iter: 640/828
[A[ATraining Step: 385  | total loss: [1m[32m0.04285[0m[0m | time: 430.997s
[2K
| Adam | epoch: 015 | loss: 0.04285 - acc: 0.9888 -- iter: 672/828
[A[ATraining Step: 386  | total loss: [1m[32m0.03928[0m[0m | time: 439.543s
[2K
| Adam | epoch: 015 | loss: 0.03928 - acc: 0.9900 -- iter: 704/828
[A[ATraining Step: 387  | total loss: [1m[32m0.03564[0m[0m | time: 447.974s
[2K
| Adam | epoch: 015 | loss: 0.03564 - acc: 0.9910 -- iter: 736/828
[A[ATraining Step: 388  | total loss: [1m[32m0.03242[0m[0m | time: 456.297s
[2K
| Adam | epoch: 015 | loss: 0.03242 - acc: 0.9919 -- iter: 768/828
[A[ATraining Step: 389  | total loss: [1m[32m0.02963[0m[0m | time: 464.718s
[2K
| Adam | epoch: 015 | loss: 0.02963 - acc: 0.9927 -- iter: 800/828
[A[ATraining Step: 390  | total loss: [1m[32m0.02758[0m[0m | time: 485.423s
[2K
| Adam | epoch: 015 | loss: 0.02758 - acc: 0.9934 | val_loss: 0.13152 - val_acc: 0.9691 -- iter: 828/828
--
Validation AUC:0.9950506857483601
Validation AUPRC:0.9955333099256763
Test AUC:0.9910991636798089
Test AUPRC:0.9928589463144055
BestTestF1Score	0.97	0.95	0.97	0.98	0.97	120	3	132	4	0.15
BestTestMCCScore	0.97	0.95	0.97	0.98	0.97	120	3	132	4	0.15
BestTestAccuracyScore	0.97	0.95	0.97	0.98	0.97	120	3	132	4	0.15
BestValidationF1Score	0.97	0.95	0.97	0.98	0.97	126	3	126	4	0.15
BestValidationMCC	0.97	0.95	0.97	0.98	0.97	126	3	126	4	0.15
BestValidationAccuracy	0.97	0.95	0.97	0.98	0.97	126	3	126	4	0.15
TestPredictions (Threshold:0.15)
CHEMBL558601,TN,INACT,0.0	CHEMBL1287853,FN,ACT,0.0	CHEMBL3715924,TP,ACT,0.9399999976158142	CHEMBL3691629,TN,INACT,0.009999999776482582	CHEMBL1891423,TN,INACT,0.0	CHEMBL395666,TN,INACT,0.0	CHEMBL489430,TN,INACT,0.0	CHEMBL498130,TN,INACT,0.0	CHEMBL2029522,TN,INACT,0.0	CHEMBL3728814,TP,ACT,1.0	CHEMBL3714846,TP,ACT,1.0	CHEMBL3727776,TP,ACT,1.0	CHEMBL315701,TN,INACT,0.0	CHEMBL113690,TN,INACT,0.0	CHEMBL418793,TN,INACT,0.0	CHEMBL3728015,TP,ACT,0.9900000095367432	CHEMBL3393327,TP,ACT,1.0	CHEMBL1956892,TN,INACT,0.0	CHEMBL23507,TN,INACT,0.0	CHEMBL3609567,TN,INACT,0.0	CHEMBL457179,TN,INACT,0.0	CHEMBL102136,TN,INACT,0.0	CHEMBL521734,TN,INACT,0.07999999821186066	CHEMBL3718810,TP,ACT,1.0	CHEMBL3732755,TP,ACT,1.0	CHEMBL3727890,TP,ACT,1.0	CHEMBL3715377,TP,ACT,1.0	CHEMBL3728224,TP,ACT,1.0	CHEMBL2392223,TN,INACT,0.0	CHEMBL3731181,TP,ACT,1.0	CHEMBL205652,TN,INACT,0.0	CHEMBL589847,TN,INACT,0.0	CHEMBL316485,TN,INACT,0.0	CHEMBL1171416,TN,INACT,0.0	CHEMBL55993,TN,INACT,0.0	CHEMBL3729575,TP,ACT,1.0	CHEMBL3715142,TP,ACT,1.0	CHEMBL3715457,TP,ACT,0.7799999713897705	CHEMBL602472,TN,INACT,0.0	CHEMBL1088348,TN,INACT,0.0	CHEMBL232542,TN,INACT,0.0	CHEMBL3730836,TP,ACT,1.0	CHEMBL2346665,TN,INACT,0.0	CHEMBL522011,TN,INACT,0.009999999776482582	CHEMBL1241680,TN,INACT,0.0	CHEMBL3732387,TP,ACT,1.0	CHEMBL3727659,TP,ACT,1.0	CHEMBL3730558,TP,ACT,0.9599999785423279	CHEMBL3729772,TP,ACT,1.0	CHEMBL3732422,TP,ACT,1.0	CHEMBL456797,TN,INACT,0.0	CHEMBL3727397,TP,ACT,1.0	CHEMBL3729476,TP,ACT,1.0	CHEMBL233958,TN,INACT,0.0	CHEMBL3714987,TP,ACT,1.0	CHEMBL1270522,TN,INACT,0.0	CHEMBL460472,TN,INACT,0.009999999776482582	CHEMBL197077,TN,INACT,0.0	CHEMBL1910761,TN,INACT,0.0	CHEMBL3728386,TP,ACT,1.0	CHEMBL592141,TN,INACT,0.0	CHEMBL2164696,TN,INACT,0.03999999910593033	CHEMBL3732823,TP,ACT,1.0	CHEMBL3716658,TP,ACT,1.0	CHEMBL1910760,TN,INACT,0.0	CHEMBL3729374,TP,ACT,1.0	CHEMBL3393317,TP,ACT,1.0	CHEMBL315546,TN,INACT,0.0	CHEMBL3730276,TP,ACT,1.0	CHEMBL3731631,TP,ACT,1.0	CHEMBL3718645,TP,ACT,0.9900000095367432	CHEMBL3797559,TN,INACT,0.0	CHEMBL490241,TN,INACT,0.0	CHEMBL20926,FP,INACT,0.46000000834465027	CHEMBL2348165,TN,INACT,0.0	CHEMBL3714822,TP,ACT,1.0	CHEMBL3731122,TP,ACT,0.9900000095367432	CHEMBL362455,TN,INACT,0.0	CHEMBL3729580,TP,ACT,1.0	CHEMBL3727829,TP,ACT,1.0	CHEMBL131695,TN,INACT,0.029999999329447746	CHEMBL3729524,TP,ACT,0.9300000071525574	CHEMBL3729735,TP,ACT,1.0	CHEMBL3733205,TP,ACT,1.0	CHEMBL3730195,TP,ACT,1.0	CHEMBL3732199,TP,ACT,1.0	CHEMBL2392355,TN,INACT,0.0	CHEMBL3729547,TP,ACT,0.7900000214576721	CHEMBL246166,TN,INACT,0.0	CHEMBL3727797,TP,ACT,1.0	CHEMBL128000,TN,INACT,0.0	CHEMBL440213,TN,INACT,0.05999999865889549	CHEMBL3799345,TN,INACT,0.0	CHEMBL3729163,TP,ACT,1.0	CHEMBL271138,TN,INACT,0.0	CHEMBL2029513,TN,INACT,0.0	CHEMBL2392241,TN,INACT,0.0	CHEMBL3665669,TN,INACT,0.05000000074505806	CHEMBL469346,TN,INACT,0.0	CHEMBL3085242,FP,INACT,0.49000000953674316	CHEMBL1270331,TN,INACT,0.0	CHEMBL44,TN,INACT,0.0	CHEMBL520515,TN,INACT,0.0	CHEMBL3665656,TN,INACT,0.0	CHEMBL3680492,TN,INACT,0.0	CHEMBL3731322,TP,ACT,1.0	CHEMBL3728489,TP,ACT,0.9900000095367432	CHEMBL100670,TN,INACT,0.009999999776482582	CHEMBL3728082,TP,ACT,1.0	CHEMBL509499,TN,INACT,0.0	CHEMBL497454,TN,INACT,0.0	CHEMBL265194,TN,INACT,0.0	CHEMBL3729886,TP,ACT,1.0	CHEMBL492828,TN,INACT,0.0	CHEMBL3732496,TP,ACT,1.0	CHEMBL3732287,TP,ACT,1.0	CHEMBL3731417,TP,ACT,1.0	CHEMBL3732209,TP,ACT,1.0	CHEMBL1945644,TN,INACT,0.0	CHEMBL3733120,TP,ACT,1.0	CHEMBL3728371,TP,ACT,0.9700000286102295	CHEMBL483081,TN,INACT,0.0	CHEMBL521201,TN,INACT,0.0	CHEMBL3715702,TP,ACT,0.9700000286102295	CHEMBL3729700,TP,ACT,0.8600000143051147	CHEMBL3729535,TP,ACT,1.0	CHEMBL458076,TN,INACT,0.0	CHEMBL488646,TN,INACT,0.0	CHEMBL485502,TN,INACT,0.0	CHEMBL1910373,TN,INACT,0.0	CHEMBL3718982,TP,ACT,1.0	CHEMBL454973,TN,INACT,0.0	CHEMBL600048,TN,INACT,0.0	CHEMBL291986,TN,INACT,0.0	CHEMBL2029511,TN,INACT,0.0	CHEMBL1172947,TN,INACT,0.0	CHEMBL3717559,TP,ACT,0.949999988079071	CHEMBL561136,TN,INACT,0.0	CHEMBL86795,TN,INACT,0.0	CHEMBL3732366,TP,ACT,1.0	CHEMBL557050,TN,INACT,0.0	CHEMBL3730992,TP,ACT,1.0	CHEMBL1612732,TN,INACT,0.0	CHEMBL1221415,TN,INACT,0.0	CHEMBL3727603,TP,ACT,1.0	CHEMBL549792,TN,INACT,0.0	CHEMBL3732627,TP,ACT,1.0	CHEMBL490053,TN,INACT,0.0	CHEMBL3732948,TP,ACT,0.7799999713897705	CHEMBL77732,FP,INACT,0.15000000596046448	CHEMBL282575,TN,INACT,0.0	CHEMBL3716510,TP,ACT,0.9900000095367432	CHEMBL522892,FN,ACT,0.0	CHEMBL173453,TN,INACT,0.0	CHEMBL1240683,TN,INACT,0.009999999776482582	CHEMBL390156,TN,INACT,0.009999999776482582	CHEMBL3715814,TP,ACT,0.9800000190734863	CHEMBL3728986,TP,ACT,1.0	CHEMBL3731284,TP,ACT,1.0	CHEMBL2392234,TN,INACT,0.0	CHEMBL388978,FN,ACT,0.029999999329447746	CHEMBL2392242,TN,INACT,0.0	CHEMBL3729456,TP,ACT,0.9900000095367432	CHEMBL3715583,TP,ACT,0.9800000190734863	CHEMBL3718328,TP,ACT,1.0	CHEMBL132399,TN,INACT,0.0	CHEMBL3731318,TP,ACT,1.0	CHEMBL589259,TN,INACT,0.0	CHEMBL131382,TN,INACT,0.019999999552965164	CHEMBL3729237,TP,ACT,0.9800000190734863	CHEMBL3727680,TP,ACT,0.9900000095367432	CHEMBL550608,TN,INACT,0.0	CHEMBL456760,TN,INACT,0.0	CHEMBL3730210,TP,ACT,1.0	CHEMBL93464,TN,INACT,0.0	CHEMBL3729553,TP,ACT,1.0	CHEMBL3729751,TP,ACT,1.0	CHEMBL3731490,TP,ACT,1.0	CHEMBL3680465,TN,INACT,0.0	CHEMBL216646,TN,INACT,0.0	CHEMBL3715298,TP,ACT,1.0	CHEMBL3730871,TP,ACT,1.0	CHEMBL3728181,TP,ACT,1.0	CHEMBL2163616,TN,INACT,0.0	CHEMBL3730377,TP,ACT,1.0	CHEMBL591437,TN,INACT,0.0	CHEMBL2392236,TN,INACT,0.0	CHEMBL3729832,TP,ACT,0.9900000095367432	CHEMBL3715482,TP,ACT,0.9900000095367432	CHEMBL3730148,TP,ACT,1.0	CHEMBL3727618,TP,ACT,1.0	CHEMBL3728114,TP,ACT,1.0	CHEMBL3715234,TP,ACT,0.9900000095367432	CHEMBL3730513,TP,ACT,0.9900000095367432	CHEMBL3727745,TP,ACT,0.9900000095367432	CHEMBL209511,TN,INACT,0.0	CHEMBL3732855,TP,ACT,1.0	CHEMBL456965,TN,INACT,0.0	CHEMBL1448,TN,INACT,0.0	CHEMBL1087650,TN,INACT,0.019999999552965164	CHEMBL8223,TN,INACT,0.019999999552965164	CHEMBL469770,TN,INACT,0.0	CHEMBL3716692,TP,ACT,0.9900000095367432	CHEMBL3732864,TP,ACT,1.0	CHEMBL3728674,TP,ACT,1.0	CHEMBL3421968,TN,INACT,0.09000000357627869	CHEMBL3730738,TP,ACT,0.9800000190734863	CHEMBL3727681,TP,ACT,0.9900000095367432	CHEMBL1269497,TN,INACT,0.0	CHEMBL603494,TN,INACT,0.0	CHEMBL3680532,TN,INACT,0.0	CHEMBL99779,TN,INACT,0.0	CHEMBL3717769,TP,ACT,1.0	CHEMBL3616869,TN,INACT,0.0	CHEMBL1829274,TN,INACT,0.0	CHEMBL334248,TN,INACT,0.0	CHEMBL3727644,TP,ACT,0.9900000095367432	CHEMBL1929304,TN,INACT,0.0	CHEMBL504550,TN,INACT,0.09000000357627869	CHEMBL154911,TN,INACT,0.0	CHEMBL3609656,TN,INACT,0.0	CHEMBL3729157,TP,ACT,0.9900000095367432	CHEMBL1688212,TN,INACT,0.0	CHEMBL541445,TN,INACT,0.0	CHEMBL3730390,TP,ACT,1.0	CHEMBL91,TN,INACT,0.0	CHEMBL3680461,TN,INACT,0.0	CHEMBL3730929,TP,ACT,1.0	CHEMBL396487,TN,INACT,0.0	CHEMBL3733035,TP,ACT,1.0	CHEMBL486285,TN,INACT,0.0	CHEMBL509435,TN,INACT,0.0	CHEMBL3393319,FN,ACT,0.0	CHEMBL3719045,TP,ACT,0.9900000095367432	CHEMBL3727400,TP,ACT,1.0	CHEMBL3730862,TP,ACT,1.0	CHEMBL3661096,TN,INACT,0.0	CHEMBL141238,TN,INACT,0.0	CHEMBL3728313,TP,ACT,0.9900000095367432	CHEMBL3714878,TP,ACT,1.0	CHEMBL3393314,TP,ACT,0.9300000071525574	CHEMBL3717099,TP,ACT,0.8500000238418579	CHEMBL3732975,TP,ACT,0.9900000095367432	CHEMBL322640,TN,INACT,0.0	CHEMBL3727899,TP,ACT,1.0	CHEMBL3719037,TP,ACT,1.0	CHEMBL504547,TN,INACT,0.0	CHEMBL1922122,TN,INACT,0.0	CHEMBL3730342,TP,ACT,1.0	CHEMBL3731907,TP,ACT,0.9900000095367432	CHEMBL3727765,TP,ACT,1.0	CHEMBL482883,TN,INACT,0.0	CHEMBL38380,TN,INACT,0.0	CHEMBL3733343,TP,ACT,1.0	CHEMBL3393322,TP,ACT,0.5299999713897705	CHEMBL131098,TN,INACT,0.0	CHEMBL3716915,TP,ACT,0.9900000095367432	CHEMBL3717487,TP,ACT,1.0	CHEMBL3629015,TP,ACT,0.6800000071525574	

