CNNModel CHEMBL1811 adam 0.001 15 32 0 0.6 False True
Number of active compounds :	596
Number of inactive compounds :	596
---------------------------------
Run id: CNNModel_CHEMBL1811_adam_0.001_15_32_0_0.6_False_True_id
Log directory: ../tflearnLogs/CNNModel_CHEMBL1811_adam_0.001_15_32_0.6_True/
---------------------------------
Training samples: 726
Validation samples: 227
--
Training Step: 1  | time: 1.005s
[2K
| Adam | epoch: 001 | loss: 0.00000 - acc: 0.0000 -- iter: 032/726
[A[ATraining Step: 2  | total loss: [1m[32m0.62390[0m[0m | time: 1.764s
[2K
| Adam | epoch: 001 | loss: 0.62390 - acc: 0.3937 -- iter: 064/726
[A[ATraining Step: 3  | total loss: [1m[32m0.68348[0m[0m | time: 2.478s
[2K
| Adam | epoch: 001 | loss: 0.68348 - acc: 0.4295 -- iter: 096/726
[A[ATraining Step: 4  | total loss: [1m[32m0.69338[0m[0m | time: 3.227s
[2K
| Adam | epoch: 001 | loss: 0.69338 - acc: 0.3418 -- iter: 128/726
[A[ATraining Step: 5  | total loss: [1m[32m0.69322[0m[0m | time: 3.957s
[2K
| Adam | epoch: 001 | loss: 0.69322 - acc: 0.4729 -- iter: 160/726
[A[ATraining Step: 6  | total loss: [1m[32m0.69299[0m[0m | time: 4.705s
[2K
| Adam | epoch: 001 | loss: 0.69299 - acc: 0.5104 -- iter: 192/726
[A[ATraining Step: 7  | total loss: [1m[32m0.69352[0m[0m | time: 5.451s
[2K
| Adam | epoch: 001 | loss: 0.69352 - acc: 0.5042 -- iter: 224/726
[A[ATraining Step: 8  | total loss: [1m[32m0.69268[0m[0m | time: 6.233s
[2K
| Adam | epoch: 001 | loss: 0.69268 - acc: 0.5194 -- iter: 256/726
[A[ATraining Step: 9  | total loss: [1m[32m0.69224[0m[0m | time: 6.980s
[2K
| Adam | epoch: 001 | loss: 0.69224 - acc: 0.5257 -- iter: 288/726
[A[ATraining Step: 10  | total loss: [1m[32m0.69348[0m[0m | time: 7.859s
[2K
| Adam | epoch: 001 | loss: 0.69348 - acc: 0.5128 -- iter: 320/726
[A[ATraining Step: 11  | total loss: [1m[32m0.69010[0m[0m | time: 8.689s
[2K
| Adam | epoch: 001 | loss: 0.69010 - acc: 0.5512 -- iter: 352/726
[A[ATraining Step: 12  | total loss: [1m[32m0.68442[0m[0m | time: 9.423s
[2K
| Adam | epoch: 001 | loss: 0.68442 - acc: 0.5844 -- iter: 384/726
[A[ATraining Step: 13  | total loss: [1m[32m0.68099[0m[0m | time: 10.197s
[2K
| Adam | epoch: 001 | loss: 0.68099 - acc: 0.5884 -- iter: 416/726
[A[ATraining Step: 14  | total loss: [1m[32m0.72103[0m[0m | time: 10.949s
[2K
| Adam | epoch: 001 | loss: 0.72103 - acc: 0.5139 -- iter: 448/726
[A[ATraining Step: 15  | total loss: [1m[32m0.70723[0m[0m | time: 11.743s
[2K
| Adam | epoch: 001 | loss: 0.70723 - acc: 0.5329 -- iter: 480/726
[A[ATraining Step: 16  | total loss: [1m[32m0.70685[0m[0m | time: 12.799s
[2K
| Adam | epoch: 001 | loss: 0.70685 - acc: 0.5088 -- iter: 512/726
[A[ATraining Step: 17  | total loss: [1m[32m0.70265[0m[0m | time: 13.408s
[2K
| Adam | epoch: 001 | loss: 0.70265 - acc: 0.5057 -- iter: 544/726
[A[ATraining Step: 18  | total loss: [1m[32m0.69554[0m[0m | time: 14.012s
[2K
| Adam | epoch: 001 | loss: 0.69554 - acc: 0.5578 -- iter: 576/726
[A[ATraining Step: 19  | total loss: [1m[32m0.69362[0m[0m | time: 14.747s
[2K
| Adam | epoch: 001 | loss: 0.69362 - acc: 0.5594 -- iter: 608/726
[A[ATraining Step: 20  | total loss: [1m[32m0.69312[0m[0m | time: 15.495s
[2K
| Adam | epoch: 001 | loss: 0.69312 - acc: 0.5503 -- iter: 640/726
[A[ATraining Step: 21  | total loss: [1m[32m0.69075[0m[0m | time: 16.269s
[2K
| Adam | epoch: 001 | loss: 0.69075 - acc: 0.5929 -- iter: 672/726
[A[ATraining Step: 22  | total loss: [1m[32m0.69111[0m[0m | time: 17.009s
[2K
| Adam | epoch: 001 | loss: 0.69111 - acc: 0.5744 -- iter: 704/726
[A[ATraining Step: 23  | total loss: [1m[32m0.69128[0m[0m | time: 18.571s
[2K
| Adam | epoch: 001 | loss: 0.69128 - acc: 0.5619 | val_loss: 0.69367 - val_acc: 0.4934 -- iter: 726/726
--
Training Step: 24  | total loss: [1m[32m0.69033[0m[0m | time: 0.496s
[2K
| Adam | epoch: 002 | loss: 0.69033 - acc: 0.5828 -- iter: 032/726
[A[ATraining Step: 25  | total loss: [1m[32m0.68951[0m[0m | time: 1.352s
[2K
| Adam | epoch: 002 | loss: 0.68951 - acc: 0.5974 -- iter: 064/726
[A[ATraining Step: 26  | total loss: [1m[32m0.69138[0m[0m | time: 2.097s
[2K
| Adam | epoch: 002 | loss: 0.69138 - acc: 0.5551 -- iter: 096/726
[A[ATraining Step: 27  | total loss: [1m[32m0.69192[0m[0m | time: 3.186s
[2K
| Adam | epoch: 002 | loss: 0.69192 - acc: 0.5409 -- iter: 128/726
[A[ATraining Step: 28  | total loss: [1m[32m0.69236[0m[0m | time: 3.798s
[2K
| Adam | epoch: 002 | loss: 0.69236 - acc: 0.5307 -- iter: 160/726
[A[ATraining Step: 29  | total loss: [1m[32m0.69146[0m[0m | time: 4.562s
[2K
| Adam | epoch: 002 | loss: 0.69146 - acc: 0.5460 -- iter: 192/726
[A[ATraining Step: 30  | total loss: [1m[32m0.69146[0m[0m | time: 5.300s
[2K
| Adam | epoch: 002 | loss: 0.69146 - acc: 0.5425 -- iter: 224/726
[A[ATraining Step: 31  | total loss: [1m[32m0.69194[0m[0m | time: 6.057s
[2K
| Adam | epoch: 002 | loss: 0.69194 - acc: 0.5327 -- iter: 256/726
[A[ATraining Step: 32  | total loss: [1m[32m0.69287[0m[0m | time: 6.815s
[2K
| Adam | epoch: 002 | loss: 0.69287 - acc: 0.5183 -- iter: 288/726
[A[ATraining Step: 33  | total loss: [1m[32m0.69355[0m[0m | time: 7.538s
[2K
| Adam | epoch: 002 | loss: 0.69355 - acc: 0.5074 -- iter: 320/726
[A[ATraining Step: 34  | total loss: [1m[32m0.69266[0m[0m | time: 8.267s
[2K
| Adam | epoch: 002 | loss: 0.69266 - acc: 0.5192 -- iter: 352/726
[A[ATraining Step: 35  | total loss: [1m[32m0.69374[0m[0m | time: 9.027s
[2K
| Adam | epoch: 002 | loss: 0.69374 - acc: 0.5021 -- iter: 384/726
[A[ATraining Step: 36  | total loss: [1m[32m0.69456[0m[0m | time: 9.792s
[2K
| Adam | epoch: 002 | loss: 0.69456 - acc: 0.4889 -- iter: 416/726
[A[ATraining Step: 37  | total loss: [1m[32m0.69356[0m[0m | time: 10.547s
[2K
| Adam | epoch: 002 | loss: 0.69356 - acc: 0.5036 -- iter: 448/726
[A[ATraining Step: 38  | total loss: [1m[32m0.69284[0m[0m | time: 11.282s
[2K
| Adam | epoch: 002 | loss: 0.69284 - acc: 0.5151 -- iter: 480/726
[A[ATraining Step: 39  | total loss: [1m[32m0.69302[0m[0m | time: 12.010s
[2K
| Adam | epoch: 002 | loss: 0.69302 - acc: 0.5122 -- iter: 512/726
[A[ATraining Step: 40  | total loss: [1m[32m0.69460[0m[0m | time: 12.732s
[2K
| Adam | epoch: 002 | loss: 0.69460 - acc: 0.4865 -- iter: 544/726
[A[ATraining Step: 41  | total loss: [1m[32m0.69294[0m[0m | time: 13.439s
[2K
| Adam | epoch: 002 | loss: 0.69294 - acc: 0.5119 -- iter: 576/726
[A[ATraining Step: 42  | total loss: [1m[32m0.69205[0m[0m | time: 14.190s
[2K
| Adam | epoch: 002 | loss: 0.69205 - acc: 0.5267 -- iter: 608/726
[A[ATraining Step: 43  | total loss: [1m[32m0.69231[0m[0m | time: 14.938s
[2K
| Adam | epoch: 002 | loss: 0.69231 - acc: 0.5220 -- iter: 640/726
[A[ATraining Step: 44  | total loss: [1m[32m0.69186[0m[0m | time: 15.664s
[2K
| Adam | epoch: 002 | loss: 0.69186 - acc: 0.5290 -- iter: 672/726
[A[ATraining Step: 45  | total loss: [1m[32m0.69180[0m[0m | time: 16.521s
[2K
| Adam | epoch: 002 | loss: 0.69180 - acc: 0.5294 -- iter: 704/726
[A[ATraining Step: 46  | total loss: [1m[32m0.69042[0m[0m | time: 18.376s
[2K
| Adam | epoch: 002 | loss: 0.69042 - acc: 0.5505 | val_loss: 0.69428 - val_acc: 0.4934 -- iter: 726/726
--
Training Step: 47  | total loss: [1m[32m0.68987[0m[0m | time: 0.542s
[2K
| Adam | epoch: 003 | loss: 0.68987 - acc: 0.5576 -- iter: 032/726
[A[ATraining Step: 48  | total loss: [1m[32m0.69208[0m[0m | time: 1.095s
[2K
| Adam | epoch: 003 | loss: 0.69208 - acc: 0.5264 -- iter: 064/726
[A[ATraining Step: 49  | total loss: [1m[32m0.69387[0m[0m | time: 1.855s
[2K
| Adam | epoch: 003 | loss: 0.69387 - acc: 0.5007 -- iter: 096/726
[A[ATraining Step: 50  | total loss: [1m[32m0.69213[0m[0m | time: 2.609s
[2K
| Adam | epoch: 003 | loss: 0.69213 - acc: 0.5249 -- iter: 128/726
[A[ATraining Step: 51  | total loss: [1m[32m0.69206[0m[0m | time: 3.346s
[2K
| Adam | epoch: 003 | loss: 0.69206 - acc: 0.5258 -- iter: 160/726
[A[ATraining Step: 52  | total loss: [1m[32m0.69191[0m[0m | time: 4.049s
[2K
| Adam | epoch: 003 | loss: 0.69191 - acc: 0.5266 -- iter: 192/726
[A[ATraining Step: 53  | total loss: [1m[32m0.69112[0m[0m | time: 4.805s
[2K
| Adam | epoch: 003 | loss: 0.69112 - acc: 0.5365 -- iter: 224/726
[A[ATraining Step: 54  | total loss: [1m[32m0.69260[0m[0m | time: 5.515s
[2K
| Adam | epoch: 003 | loss: 0.69260 - acc: 0.5176 -- iter: 256/726
[A[ATraining Step: 55  | total loss: [1m[32m0.69211[0m[0m | time: 6.336s
[2K
| Adam | epoch: 003 | loss: 0.69211 - acc: 0.5240 -- iter: 288/726
[A[ATraining Step: 56  | total loss: [1m[32m0.69273[0m[0m | time: 7.105s
[2K
| Adam | epoch: 003 | loss: 0.69273 - acc: 0.5163 -- iter: 320/726
[A[ATraining Step: 57  | total loss: [1m[32m0.69215[0m[0m | time: 7.974s
[2K
| Adam | epoch: 003 | loss: 0.69215 - acc: 0.5227 -- iter: 352/726
[A[ATraining Step: 58  | total loss: [1m[32m0.69277[0m[0m | time: 8.799s
[2K
| Adam | epoch: 003 | loss: 0.69277 - acc: 0.5153 -- iter: 384/726
[A[ATraining Step: 59  | total loss: [1m[32m0.69259[0m[0m | time: 9.532s
[2K
| Adam | epoch: 003 | loss: 0.69259 - acc: 0.5175 -- iter: 416/726
[A[ATraining Step: 60  | total loss: [1m[32m0.69241[0m[0m | time: 10.308s
[2K
| Adam | epoch: 003 | loss: 0.69241 - acc: 0.5193 -- iter: 448/726
[A[ATraining Step: 61  | total loss: [1m[32m0.69197[0m[0m | time: 11.042s
[2K
| Adam | epoch: 003 | loss: 0.69197 - acc: 0.5249 -- iter: 480/726
[A[ATraining Step: 62  | total loss: [1m[32m0.69333[0m[0m | time: 11.795s
[2K
| Adam | epoch: 003 | loss: 0.69333 - acc: 0.5097 -- iter: 512/726
[A[ATraining Step: 63  | total loss: [1m[32m0.69375[0m[0m | time: 12.595s
[2K
| Adam | epoch: 003 | loss: 0.69375 - acc: 0.5045 -- iter: 544/726
[A[ATraining Step: 64  | total loss: [1m[32m0.69311[0m[0m | time: 13.352s
[2K
| Adam | epoch: 003 | loss: 0.69311 - acc: 0.5117 -- iter: 576/726
[A[ATraining Step: 65  | total loss: [1m[32m0.69288[0m[0m | time: 14.089s
[2K
| Adam | epoch: 003 | loss: 0.69288 - acc: 0.5141 -- iter: 608/726
[A[ATraining Step: 66  | total loss: [1m[32m0.69422[0m[0m | time: 14.798s
[2K
| Adam | epoch: 003 | loss: 0.69422 - acc: 0.4972 -- iter: 640/726
[A[ATraining Step: 67  | total loss: [1m[32m0.69363[0m[0m | time: 15.555s
[2K
| Adam | epoch: 003 | loss: 0.69363 - acc: 0.5050 -- iter: 672/726
[A[ATraining Step: 68  | total loss: [1m[32m0.69416[0m[0m | time: 16.300s
[2K
| Adam | epoch: 003 | loss: 0.69416 - acc: 0.4970 -- iter: 704/726
[A[ATraining Step: 69  | total loss: [1m[32m0.69438[0m[0m | time: 18.072s
[2K
| Adam | epoch: 003 | loss: 0.69438 - acc: 0.4937 | val_loss: 0.69397 - val_acc: 0.4934 -- iter: 726/726
--
Training Step: 70  | total loss: [1m[32m0.69292[0m[0m | time: 0.741s
[2K
| Adam | epoch: 004 | loss: 0.69292 - acc: 0.5161 -- iter: 032/726
[A[ATraining Step: 71  | total loss: [1m[32m0.69138[0m[0m | time: 1.511s
[2K
| Adam | epoch: 004 | loss: 0.69138 - acc: 0.5392 -- iter: 064/726
[A[ATraining Step: 72  | total loss: [1m[32m0.69059[0m[0m | time: 2.009s
[2K
| Adam | epoch: 004 | loss: 0.69059 - acc: 0.5501 -- iter: 096/726
[A[ATraining Step: 73  | total loss: [1m[32m0.68989[0m[0m | time: 2.711s
[2K
| Adam | epoch: 004 | loss: 0.68989 - acc: 0.5597 -- iter: 128/726
[A[ATraining Step: 74  | total loss: [1m[32m0.69131[0m[0m | time: 3.460s
[2K
| Adam | epoch: 004 | loss: 0.69131 - acc: 0.5394 -- iter: 160/726
[A[ATraining Step: 75  | total loss: [1m[32m0.69131[0m[0m | time: 4.175s
[2K
| Adam | epoch: 004 | loss: 0.69131 - acc: 0.5385 -- iter: 192/726
[A[ATraining Step: 76  | total loss: [1m[32m0.69211[0m[0m | time: 4.885s
[2K
| Adam | epoch: 004 | loss: 0.69211 - acc: 0.5277 -- iter: 224/726
[A[ATraining Step: 77  | total loss: [1m[32m0.69198[0m[0m | time: 5.581s
[2K
| Adam | epoch: 004 | loss: 0.69198 - acc: 0.5281 -- iter: 256/726
[A[ATraining Step: 78  | total loss: [1m[32m0.69220[0m[0m | time: 6.304s
[2K
| Adam | epoch: 004 | loss: 0.69220 - acc: 0.5252 -- iter: 288/726
[A[ATraining Step: 79  | total loss: [1m[32m0.69343[0m[0m | time: 7.090s
[2K
| Adam | epoch: 004 | loss: 0.69343 - acc: 0.5096 -- iter: 320/726
[A[ATraining Step: 80  | total loss: [1m[32m0.69316[0m[0m | time: 7.843s
[2K
| Adam | epoch: 004 | loss: 0.69316 - acc: 0.5118 -- iter: 352/726
[A[ATraining Step: 81  | total loss: [1m[32m0.69320[0m[0m | time: 8.577s
[2K
| Adam | epoch: 004 | loss: 0.69320 - acc: 0.5106 -- iter: 384/726
[A[ATraining Step: 82  | total loss: [1m[32m0.69276[0m[0m | time: 9.346s
[2K
| Adam | epoch: 004 | loss: 0.69276 - acc: 0.5158 -- iter: 416/726
[A[ATraining Step: 83  | total loss: [1m[32m0.69240[0m[0m | time: 10.123s
[2K
| Adam | epoch: 004 | loss: 0.69240 - acc: 0.5205 -- iter: 448/726
[A[ATraining Step: 84  | total loss: [1m[32m0.69177[0m[0m | time: 10.876s
[2K
| Adam | epoch: 004 | loss: 0.69177 - acc: 0.5278 -- iter: 480/726
[A[ATraining Step: 85  | total loss: [1m[32m0.69220[0m[0m | time: 11.643s
[2K
| Adam | epoch: 004 | loss: 0.69220 - acc: 0.5219 -- iter: 512/726
[A[ATraining Step: 86  | total loss: [1m[32m0.69134[0m[0m | time: 12.390s
[2K
| Adam | epoch: 004 | loss: 0.69134 - acc: 0.5322 -- iter: 544/726
[A[ATraining Step: 87  | total loss: [1m[32m0.69076[0m[0m | time: 13.125s
[2K
| Adam | epoch: 004 | loss: 0.69076 - acc: 0.5384 -- iter: 576/726
[A[ATraining Step: 88  | total loss: [1m[32m0.69068[0m[0m | time: 13.852s
[2K
| Adam | epoch: 004 | loss: 0.69068 - acc: 0.5377 -- iter: 608/726
[A[ATraining Step: 89  | total loss: [1m[32m0.69064[0m[0m | time: 14.592s
[2K
| Adam | epoch: 004 | loss: 0.69064 - acc: 0.5370 -- iter: 640/726
[A[ATraining Step: 90  | total loss: [1m[32m0.68907[0m[0m | time: 15.364s
[2K
| Adam | epoch: 004 | loss: 0.68907 - acc: 0.5489 -- iter: 672/726
[A[ATraining Step: 91  | total loss: [1m[32m0.68827[0m[0m | time: 16.167s
[2K
| Adam | epoch: 004 | loss: 0.68827 - acc: 0.5534 -- iter: 704/726
[A[ATraining Step: 92  | total loss: [1m[32m0.68883[0m[0m | time: 17.926s
[2K
| Adam | epoch: 004 | loss: 0.68883 - acc: 0.5481 | val_loss: 0.69824 - val_acc: 0.4934 -- iter: 726/726
--
Training Step: 93  | total loss: [1m[32m0.68802[0m[0m | time: 0.761s
[2K
| Adam | epoch: 005 | loss: 0.68802 - acc: 0.5495 -- iter: 032/726
[A[ATraining Step: 94  | total loss: [1m[32m0.69039[0m[0m | time: 1.515s
[2K
| Adam | epoch: 005 | loss: 0.69039 - acc: 0.5383 -- iter: 064/726
[A[ATraining Step: 95  | total loss: [1m[32m0.68937[0m[0m | time: 2.016s
[2K
| Adam | epoch: 005 | loss: 0.68937 - acc: 0.5407 -- iter: 096/726
[A[ATraining Step: 96  | total loss: [1m[32m0.68707[0m[0m | time: 2.554s
[2K
| Adam | epoch: 005 | loss: 0.68707 - acc: 0.5503 -- iter: 128/726
[A[ATraining Step: 97  | total loss: [1m[32m0.68460[0m[0m | time: 3.311s
[2K
| Adam | epoch: 005 | loss: 0.68460 - acc: 0.5589 -- iter: 160/726
[A[ATraining Step: 98  | total loss: [1m[32m0.68447[0m[0m | time: 4.249s
[2K
| Adam | epoch: 005 | loss: 0.68447 - acc: 0.5561 -- iter: 192/726
[A[ATraining Step: 99  | total loss: [1m[32m0.68807[0m[0m | time: 5.001s
[2K
| Adam | epoch: 005 | loss: 0.68807 - acc: 0.5412 -- iter: 224/726
[A[ATraining Step: 100  | total loss: [1m[32m0.68441[0m[0m | time: 5.664s
[2K
| Adam | epoch: 005 | loss: 0.68441 - acc: 0.5527 -- iter: 256/726
[A[ATraining Step: 101  | total loss: [1m[32m0.68251[0m[0m | time: 6.398s
[2K
| Adam | epoch: 005 | loss: 0.68251 - acc: 0.5536 -- iter: 288/726
[A[ATraining Step: 102  | total loss: [1m[32m0.68281[0m[0m | time: 7.155s
[2K
| Adam | epoch: 005 | loss: 0.68281 - acc: 0.5452 -- iter: 320/726
[A[ATraining Step: 103  | total loss: [1m[32m0.68590[0m[0m | time: 8.003s
[2K
| Adam | epoch: 005 | loss: 0.68590 - acc: 0.5219 -- iter: 352/726
[A[ATraining Step: 104  | total loss: [1m[32m0.68258[0m[0m | time: 8.706s
[2K
| Adam | epoch: 005 | loss: 0.68258 - acc: 0.5291 -- iter: 384/726
[A[ATraining Step: 105  | total loss: [1m[32m0.68013[0m[0m | time: 9.468s
[2K
| Adam | epoch: 005 | loss: 0.68013 - acc: 0.5324 -- iter: 416/726
[A[ATraining Step: 106  | total loss: [1m[32m0.68086[0m[0m | time: 10.276s
[2K
| Adam | epoch: 005 | loss: 0.68086 - acc: 0.5292 -- iter: 448/726
[A[ATraining Step: 107  | total loss: [1m[32m0.68108[0m[0m | time: 11.040s
[2K
| Adam | epoch: 005 | loss: 0.68108 - acc: 0.5294 -- iter: 480/726
[A[ATraining Step: 108  | total loss: [1m[32m0.67450[0m[0m | time: 11.791s
[2K
| Adam | epoch: 005 | loss: 0.67450 - acc: 0.5296 -- iter: 512/726
[A[ATraining Step: 109  | total loss: [1m[32m0.67205[0m[0m | time: 12.511s
[2K
| Adam | epoch: 005 | loss: 0.67205 - acc: 0.5360 -- iter: 544/726
[A[ATraining Step: 110  | total loss: [1m[32m0.66777[0m[0m | time: 13.262s
[2K
| Adam | epoch: 005 | loss: 0.66777 - acc: 0.5293 -- iter: 576/726
[A[ATraining Step: 111  | total loss: [1m[32m0.66550[0m[0m | time: 14.008s
[2K
| Adam | epoch: 005 | loss: 0.66550 - acc: 0.5201 -- iter: 608/726
[A[ATraining Step: 112  | total loss: [1m[32m0.66147[0m[0m | time: 14.752s
[2K
| Adam | epoch: 005 | loss: 0.66147 - acc: 0.5275 -- iter: 640/726
[A[ATraining Step: 113  | total loss: [1m[32m0.65488[0m[0m | time: 15.546s
[2K
| Adam | epoch: 005 | loss: 0.65488 - acc: 0.5403 -- iter: 672/726
[A[ATraining Step: 114  | total loss: [1m[32m0.64241[0m[0m | time: 16.287s
[2K
| Adam | epoch: 005 | loss: 0.64241 - acc: 0.5488 -- iter: 704/726
[A[ATraining Step: 115  | total loss: [1m[32m0.63225[0m[0m | time: 18.087s
[2K
| Adam | epoch: 005 | loss: 0.63225 - acc: 0.5783 | val_loss: 0.57496 - val_acc: 0.7621 -- iter: 726/726
--
Training Step: 116  | total loss: [1m[32m0.63316[0m[0m | time: 0.772s
[2K
| Adam | epoch: 006 | loss: 0.63316 - acc: 0.5861 -- iter: 032/726
[A[ATraining Step: 117  | total loss: [1m[32m0.62421[0m[0m | time: 1.528s
[2K
| Adam | epoch: 006 | loss: 0.62421 - acc: 0.5962 -- iter: 064/726
[A[ATraining Step: 118  | total loss: [1m[32m0.62718[0m[0m | time: 2.281s
[2K
| Adam | epoch: 006 | loss: 0.62718 - acc: 0.5960 -- iter: 096/726
[A[ATraining Step: 119  | total loss: [1m[32m0.62560[0m[0m | time: 2.851s
[2K
| Adam | epoch: 006 | loss: 0.62560 - acc: 0.6051 -- iter: 128/726
[A[ATraining Step: 120  | total loss: [1m[32m0.61867[0m[0m | time: 3.404s
[2K
| Adam | epoch: 006 | loss: 0.61867 - acc: 0.6219 -- iter: 160/726
[A[ATraining Step: 121  | total loss: [1m[32m0.60773[0m[0m | time: 4.168s
[2K
| Adam | epoch: 006 | loss: 0.60773 - acc: 0.6324 -- iter: 192/726
[A[ATraining Step: 122  | total loss: [1m[32m0.61917[0m[0m | time: 4.903s
[2K
| Adam | epoch: 006 | loss: 0.61917 - acc: 0.6286 -- iter: 224/726
[A[ATraining Step: 123  | total loss: [1m[32m0.60265[0m[0m | time: 5.639s
[2K
| Adam | epoch: 006 | loss: 0.60265 - acc: 0.6501 -- iter: 256/726
[A[ATraining Step: 124  | total loss: [1m[32m0.59572[0m[0m | time: 6.434s
[2K
| Adam | epoch: 006 | loss: 0.59572 - acc: 0.6632 -- iter: 288/726
[A[ATraining Step: 125  | total loss: [1m[32m0.57749[0m[0m | time: 7.283s
[2K
| Adam | epoch: 006 | loss: 0.57749 - acc: 0.6844 -- iter: 320/726
[A[ATraining Step: 126  | total loss: [1m[32m0.55802[0m[0m | time: 7.888s
[2K
| Adam | epoch: 006 | loss: 0.55802 - acc: 0.7003 -- iter: 352/726
[A[ATraining Step: 127  | total loss: [1m[32m0.56249[0m[0m | time: 8.507s
[2K
| Adam | epoch: 006 | loss: 0.56249 - acc: 0.6959 -- iter: 384/726
[A[ATraining Step: 128  | total loss: [1m[32m0.55513[0m[0m | time: 9.223s
[2K
| Adam | epoch: 006 | loss: 0.55513 - acc: 0.7013 -- iter: 416/726
[A[ATraining Step: 129  | total loss: [1m[32m0.54823[0m[0m | time: 9.930s
[2K
| Adam | epoch: 006 | loss: 0.54823 - acc: 0.7093 -- iter: 448/726
[A[ATraining Step: 130  | total loss: [1m[32m0.53877[0m[0m | time: 10.662s
[2K
| Adam | epoch: 006 | loss: 0.53877 - acc: 0.7134 -- iter: 480/726
[A[ATraining Step: 131  | total loss: [1m[32m0.51511[0m[0m | time: 11.412s
[2K
| Adam | epoch: 006 | loss: 0.51511 - acc: 0.7327 -- iter: 512/726
[A[ATraining Step: 132  | total loss: [1m[32m0.53197[0m[0m | time: 12.162s
[2K
| Adam | epoch: 006 | loss: 0.53197 - acc: 0.7219 -- iter: 544/726
[A[ATraining Step: 133  | total loss: [1m[32m0.52127[0m[0m | time: 12.929s
[2K
| Adam | epoch: 006 | loss: 0.52127 - acc: 0.7310 -- iter: 576/726
[A[ATraining Step: 134  | total loss: [1m[32m0.51318[0m[0m | time: 13.658s
[2K
| Adam | epoch: 006 | loss: 0.51318 - acc: 0.7360 -- iter: 608/726
[A[ATraining Step: 135  | total loss: [1m[32m0.50522[0m[0m | time: 14.375s
[2K
| Adam | epoch: 006 | loss: 0.50522 - acc: 0.7436 -- iter: 640/726
[A[ATraining Step: 136  | total loss: [1m[32m0.50025[0m[0m | time: 15.110s
[2K
| Adam | epoch: 006 | loss: 0.50025 - acc: 0.7443 -- iter: 672/726
[A[ATraining Step: 137  | total loss: [1m[32m0.49420[0m[0m | time: 15.808s
[2K
| Adam | epoch: 006 | loss: 0.49420 - acc: 0.7511 -- iter: 704/726
[A[ATraining Step: 138  | total loss: [1m[32m0.51001[0m[0m | time: 17.599s
[2K
| Adam | epoch: 006 | loss: 0.51001 - acc: 0.7322 | val_loss: 0.49512 - val_acc: 0.7533 -- iter: 726/726
--
Training Step: 139  | total loss: [1m[32m0.49970[0m[0m | time: 0.722s
[2K
| Adam | epoch: 007 | loss: 0.49970 - acc: 0.7465 -- iter: 032/726
[A[ATraining Step: 140  | total loss: [1m[32m0.49406[0m[0m | time: 1.463s
[2K
| Adam | epoch: 007 | loss: 0.49406 - acc: 0.7531 -- iter: 064/726
[A[ATraining Step: 141  | total loss: [1m[32m0.49088[0m[0m | time: 2.203s
[2K
| Adam | epoch: 007 | loss: 0.49088 - acc: 0.7622 -- iter: 096/726
[A[ATraining Step: 142  | total loss: [1m[32m0.48245[0m[0m | time: 2.926s
[2K
| Adam | epoch: 007 | loss: 0.48245 - acc: 0.7641 -- iter: 128/726
[A[ATraining Step: 143  | total loss: [1m[32m0.50156[0m[0m | time: 3.451s
[2K
| Adam | epoch: 007 | loss: 0.50156 - acc: 0.7721 -- iter: 160/726
[A[ATraining Step: 144  | total loss: [1m[32m0.50796[0m[0m | time: 3.990s
[2K
| Adam | epoch: 007 | loss: 0.50796 - acc: 0.7676 -- iter: 192/726
[A[ATraining Step: 145  | total loss: [1m[32m0.50823[0m[0m | time: 4.776s
[2K
| Adam | epoch: 007 | loss: 0.50823 - acc: 0.7635 -- iter: 224/726
[A[ATraining Step: 146  | total loss: [1m[32m0.50767[0m[0m | time: 5.572s
[2K
| Adam | epoch: 007 | loss: 0.50767 - acc: 0.7591 -- iter: 256/726
[A[ATraining Step: 147  | total loss: [1m[32m0.49603[0m[0m | time: 6.344s
[2K
| Adam | epoch: 007 | loss: 0.49603 - acc: 0.7644 -- iter: 288/726
[A[ATraining Step: 148  | total loss: [1m[32m0.49395[0m[0m | time: 7.106s
[2K
| Adam | epoch: 007 | loss: 0.49395 - acc: 0.7661 -- iter: 320/726
[A[ATraining Step: 149  | total loss: [1m[32m0.49135[0m[0m | time: 7.915s
[2K
| Adam | epoch: 007 | loss: 0.49135 - acc: 0.7676 -- iter: 352/726
[A[ATraining Step: 150  | total loss: [1m[32m0.48412[0m[0m | time: 8.673s
[2K
| Adam | epoch: 007 | loss: 0.48412 - acc: 0.7752 -- iter: 384/726
[A[ATraining Step: 151  | total loss: [1m[32m0.48988[0m[0m | time: 9.538s
[2K
| Adam | epoch: 007 | loss: 0.48988 - acc: 0.7696 -- iter: 416/726
[A[ATraining Step: 152  | total loss: [1m[32m0.48520[0m[0m | time: 10.295s
[2K
| Adam | epoch: 007 | loss: 0.48520 - acc: 0.7676 -- iter: 448/726
[A[ATraining Step: 153  | total loss: [1m[32m0.48482[0m[0m | time: 11.373s
[2K
| Adam | epoch: 007 | loss: 0.48482 - acc: 0.7659 -- iter: 480/726
[A[ATraining Step: 154  | total loss: [1m[32m0.48683[0m[0m | time: 11.980s
[2K
| Adam | epoch: 007 | loss: 0.48683 - acc: 0.7580 -- iter: 512/726
[A[ATraining Step: 155  | total loss: [1m[32m0.47416[0m[0m | time: 12.597s
[2K
| Adam | epoch: 007 | loss: 0.47416 - acc: 0.7728 -- iter: 544/726
[A[ATraining Step: 156  | total loss: [1m[32m0.45914[0m[0m | time: 13.325s
[2K
| Adam | epoch: 007 | loss: 0.45914 - acc: 0.7831 -- iter: 576/726
[A[ATraining Step: 157  | total loss: [1m[32m0.45869[0m[0m | time: 14.092s
[2K
| Adam | epoch: 007 | loss: 0.45869 - acc: 0.7829 -- iter: 608/726
[A[ATraining Step: 158  | total loss: [1m[32m0.44460[0m[0m | time: 14.866s
[2K
| Adam | epoch: 007 | loss: 0.44460 - acc: 0.7952 -- iter: 640/726
[A[ATraining Step: 159  | total loss: [1m[32m0.43107[0m[0m | time: 15.611s
[2K
| Adam | epoch: 007 | loss: 0.43107 - acc: 0.8032 -- iter: 672/726
[A[ATraining Step: 160  | total loss: [1m[32m0.44385[0m[0m | time: 16.381s
[2K
| Adam | epoch: 007 | loss: 0.44385 - acc: 0.8041 -- iter: 704/726
[A[ATraining Step: 161  | total loss: [1m[32m0.43340[0m[0m | time: 18.157s
[2K
| Adam | epoch: 007 | loss: 0.43340 - acc: 0.8050 | val_loss: 0.40618 - val_acc: 0.8370 -- iter: 726/726
--
Training Step: 162  | total loss: [1m[32m0.43189[0m[0m | time: 0.792s
[2K
| Adam | epoch: 008 | loss: 0.43189 - acc: 0.8057 -- iter: 032/726
[A[ATraining Step: 163  | total loss: [1m[32m0.40853[0m[0m | time: 1.512s
[2K
| Adam | epoch: 008 | loss: 0.40853 - acc: 0.8189 -- iter: 064/726
[A[ATraining Step: 164  | total loss: [1m[32m0.41824[0m[0m | time: 2.299s
[2K
| Adam | epoch: 008 | loss: 0.41824 - acc: 0.8089 -- iter: 096/726
[A[ATraining Step: 165  | total loss: [1m[32m0.40622[0m[0m | time: 3.103s
[2K
| Adam | epoch: 008 | loss: 0.40622 - acc: 0.8186 -- iter: 128/726
[A[ATraining Step: 166  | total loss: [1m[32m0.39874[0m[0m | time: 3.860s
[2K
| Adam | epoch: 008 | loss: 0.39874 - acc: 0.8243 -- iter: 160/726
[A[ATraining Step: 167  | total loss: [1m[32m0.40691[0m[0m | time: 4.353s
[2K
| Adam | epoch: 008 | loss: 0.40691 - acc: 0.8231 -- iter: 192/726
[A[ATraining Step: 168  | total loss: [1m[32m0.40288[0m[0m | time: 4.951s
[2K
| Adam | epoch: 008 | loss: 0.40288 - acc: 0.8226 -- iter: 224/726
[A[ATraining Step: 169  | total loss: [1m[32m0.39375[0m[0m | time: 5.691s
[2K
| Adam | epoch: 008 | loss: 0.39375 - acc: 0.8312 -- iter: 256/726
[A[ATraining Step: 170  | total loss: [1m[32m0.38198[0m[0m | time: 6.430s
[2K
| Adam | epoch: 008 | loss: 0.38198 - acc: 0.8325 -- iter: 288/726
[A[ATraining Step: 171  | total loss: [1m[32m0.37141[0m[0m | time: 7.179s
[2K
| Adam | epoch: 008 | loss: 0.37141 - acc: 0.8336 -- iter: 320/726
[A[ATraining Step: 172  | total loss: [1m[32m0.37824[0m[0m | time: 7.948s
[2K
| Adam | epoch: 008 | loss: 0.37824 - acc: 0.8315 -- iter: 352/726
[A[ATraining Step: 173  | total loss: [1m[32m0.37648[0m[0m | time: 8.713s
[2K
| Adam | epoch: 008 | loss: 0.37648 - acc: 0.8327 -- iter: 384/726
[A[ATraining Step: 174  | total loss: [1m[32m0.37121[0m[0m | time: 9.446s
[2K
| Adam | epoch: 008 | loss: 0.37121 - acc: 0.8401 -- iter: 416/726
[A[ATraining Step: 175  | total loss: [1m[32m0.37881[0m[0m | time: 10.169s
[2K
| Adam | epoch: 008 | loss: 0.37881 - acc: 0.8311 -- iter: 448/726
[A[ATraining Step: 176  | total loss: [1m[32m0.37172[0m[0m | time: 10.937s
[2K
| Adam | epoch: 008 | loss: 0.37172 - acc: 0.8386 -- iter: 480/726
[A[ATraining Step: 177  | total loss: [1m[32m0.37613[0m[0m | time: 11.659s
[2K
| Adam | epoch: 008 | loss: 0.37613 - acc: 0.8360 -- iter: 512/726
[A[ATraining Step: 178  | total loss: [1m[32m0.39171[0m[0m | time: 12.386s
[2K
| Adam | epoch: 008 | loss: 0.39171 - acc: 0.8243 -- iter: 544/726
[A[ATraining Step: 179  | total loss: [1m[32m0.37995[0m[0m | time: 13.102s
[2K
| Adam | epoch: 008 | loss: 0.37995 - acc: 0.8293 -- iter: 576/726
[A[ATraining Step: 180  | total loss: [1m[32m0.39828[0m[0m | time: 13.899s
[2K
| Adam | epoch: 008 | loss: 0.39828 - acc: 0.8151 -- iter: 608/726
[A[ATraining Step: 181  | total loss: [1m[32m0.39038[0m[0m | time: 14.777s
[2K
| Adam | epoch: 008 | loss: 0.39038 - acc: 0.8211 -- iter: 640/726
[A[ATraining Step: 182  | total loss: [1m[32m0.37295[0m[0m | time: 15.380s
[2K
| Adam | epoch: 008 | loss: 0.37295 - acc: 0.8359 -- iter: 672/726
[A[ATraining Step: 183  | total loss: [1m[32m0.37178[0m[0m | time: 16.001s
[2K
| Adam | epoch: 008 | loss: 0.37178 - acc: 0.8367 -- iter: 704/726
[A[ATraining Step: 184  | total loss: [1m[32m0.42432[0m[0m | time: 17.728s
[2K
| Adam | epoch: 008 | loss: 0.42432 - acc: 0.8186 | val_loss: 0.72878 - val_acc: 0.5991 -- iter: 726/726
--
Training Step: 185  | total loss: [1m[32m0.45950[0m[0m | time: 0.769s
[2K
| Adam | epoch: 009 | loss: 0.45950 - acc: 0.7961 -- iter: 032/726
[A[ATraining Step: 186  | total loss: [1m[32m0.50066[0m[0m | time: 1.517s
[2K
| Adam | epoch: 009 | loss: 0.50066 - acc: 0.7697 -- iter: 064/726
[A[ATraining Step: 187  | total loss: [1m[32m0.52909[0m[0m | time: 2.273s
[2K
| Adam | epoch: 009 | loss: 0.52909 - acc: 0.7427 -- iter: 096/726
[A[ATraining Step: 188  | total loss: [1m[32m0.51429[0m[0m | time: 3.037s
[2K
| Adam | epoch: 009 | loss: 0.51429 - acc: 0.7559 -- iter: 128/726
[A[ATraining Step: 189  | total loss: [1m[32m0.49431[0m[0m | time: 3.774s
[2K
| Adam | epoch: 009 | loss: 0.49431 - acc: 0.7710 -- iter: 160/726
[A[ATraining Step: 190  | total loss: [1m[32m0.47410[0m[0m | time: 4.569s
[2K
| Adam | epoch: 009 | loss: 0.47410 - acc: 0.7876 -- iter: 192/726
[A[ATraining Step: 191  | total loss: [1m[32m0.45640[0m[0m | time: 5.151s
[2K
| Adam | epoch: 009 | loss: 0.45640 - acc: 0.7995 -- iter: 224/726
[A[ATraining Step: 192  | total loss: [1m[32m0.47599[0m[0m | time: 5.687s
[2K
| Adam | epoch: 009 | loss: 0.47599 - acc: 0.7741 -- iter: 256/726
[A[ATraining Step: 193  | total loss: [1m[32m0.49236[0m[0m | time: 6.462s
[2K
| Adam | epoch: 009 | loss: 0.49236 - acc: 0.7558 -- iter: 288/726
[A[ATraining Step: 194  | total loss: [1m[32m0.48328[0m[0m | time: 7.202s
[2K
| Adam | epoch: 009 | loss: 0.48328 - acc: 0.7646 -- iter: 320/726
[A[ATraining Step: 195  | total loss: [1m[32m0.47774[0m[0m | time: 7.948s
[2K
| Adam | epoch: 009 | loss: 0.47774 - acc: 0.7725 -- iter: 352/726
[A[ATraining Step: 196  | total loss: [1m[32m0.46293[0m[0m | time: 8.694s
[2K
| Adam | epoch: 009 | loss: 0.46293 - acc: 0.7859 -- iter: 384/726
[A[ATraining Step: 197  | total loss: [1m[32m0.45560[0m[0m | time: 9.443s
[2K
| Adam | epoch: 009 | loss: 0.45560 - acc: 0.7916 -- iter: 416/726
[A[ATraining Step: 198  | total loss: [1m[32m0.45993[0m[0m | time: 10.174s
[2K
| Adam | epoch: 009 | loss: 0.45993 - acc: 0.7812 -- iter: 448/726
[A[ATraining Step: 199  | total loss: [1m[32m0.44626[0m[0m | time: 10.881s
[2K
| Adam | epoch: 009 | loss: 0.44626 - acc: 0.7937 -- iter: 480/726
[A[ATraining Step: 200  | total loss: [1m[32m0.42916[0m[0m | time: 12.669s
[2K
| Adam | epoch: 009 | loss: 0.42916 - acc: 0.8081 | val_loss: 0.38096 - val_acc: 0.8590 -- iter: 512/726
--
Training Step: 201  | total loss: [1m[32m0.43170[0m[0m | time: 13.429s
[2K
| Adam | epoch: 009 | loss: 0.43170 - acc: 0.8117 -- iter: 544/726
[A[ATraining Step: 202  | total loss: [1m[32m0.41602[0m[0m | time: 14.180s
[2K
| Adam | epoch: 009 | loss: 0.41602 - acc: 0.8274 -- iter: 576/726
[A[ATraining Step: 203  | total loss: [1m[32m0.40884[0m[0m | time: 14.952s
[2K
| Adam | epoch: 009 | loss: 0.40884 - acc: 0.8321 -- iter: 608/726
[A[ATraining Step: 204  | total loss: [1m[32m0.39944[0m[0m | time: 15.904s
[2K
| Adam | epoch: 009 | loss: 0.39944 - acc: 0.8364 -- iter: 640/726
[A[ATraining Step: 205  | total loss: [1m[32m0.38399[0m[0m | time: 16.497s
[2K
| Adam | epoch: 009 | loss: 0.38399 - acc: 0.8434 -- iter: 672/726
[A[ATraining Step: 206  | total loss: [1m[32m0.38578[0m[0m | time: 17.245s
[2K
| Adam | epoch: 009 | loss: 0.38578 - acc: 0.8372 -- iter: 704/726
[A[ATraining Step: 207  | total loss: [1m[32m0.37920[0m[0m | time: 18.968s
[2K
| Adam | epoch: 009 | loss: 0.37920 - acc: 0.8410 | val_loss: 0.38314 - val_acc: 0.8458 -- iter: 726/726
--
Training Step: 208  | total loss: [1m[32m0.38027[0m[0m | time: 0.781s
[2K
| Adam | epoch: 010 | loss: 0.38027 - acc: 0.8444 -- iter: 032/726
[A[ATraining Step: 209  | total loss: [1m[32m0.38051[0m[0m | time: 1.507s
[2K
| Adam | epoch: 010 | loss: 0.38051 - acc: 0.8443 -- iter: 064/726
[A[ATraining Step: 210  | total loss: [1m[32m0.37709[0m[0m | time: 2.249s
[2K
| Adam | epoch: 010 | loss: 0.37709 - acc: 0.8474 -- iter: 096/726
[A[ATraining Step: 211  | total loss: [1m[32m0.37375[0m[0m | time: 2.976s
[2K
| Adam | epoch: 010 | loss: 0.37375 - acc: 0.8470 -- iter: 128/726
[A[ATraining Step: 212  | total loss: [1m[32m0.35646[0m[0m | time: 3.715s
[2K
| Adam | epoch: 010 | loss: 0.35646 - acc: 0.8561 -- iter: 160/726
[A[ATraining Step: 213  | total loss: [1m[32m0.35068[0m[0m | time: 4.437s
[2K
| Adam | epoch: 010 | loss: 0.35068 - acc: 0.8580 -- iter: 192/726
[A[ATraining Step: 214  | total loss: [1m[32m0.35632[0m[0m | time: 5.152s
[2K
| Adam | epoch: 010 | loss: 0.35632 - acc: 0.8534 -- iter: 224/726
[A[ATraining Step: 215  | total loss: [1m[32m0.35845[0m[0m | time: 5.667s
[2K
| Adam | epoch: 010 | loss: 0.35845 - acc: 0.8587 -- iter: 256/726
[A[ATraining Step: 216  | total loss: [1m[32m0.35182[0m[0m | time: 6.171s
[2K
| Adam | epoch: 010 | loss: 0.35182 - acc: 0.8592 -- iter: 288/726
[A[ATraining Step: 217  | total loss: [1m[32m0.34625[0m[0m | time: 6.988s
[2K
| Adam | epoch: 010 | loss: 0.34625 - acc: 0.8596 -- iter: 320/726
[A[ATraining Step: 218  | total loss: [1m[32m0.33959[0m[0m | time: 7.745s
[2K
| Adam | epoch: 010 | loss: 0.33959 - acc: 0.8612 -- iter: 352/726
[A[ATraining Step: 219  | total loss: [1m[32m0.33926[0m[0m | time: 8.479s
[2K
| Adam | epoch: 010 | loss: 0.33926 - acc: 0.8563 -- iter: 384/726
[A[ATraining Step: 220  | total loss: [1m[32m0.33382[0m[0m | time: 9.195s
[2K
| Adam | epoch: 010 | loss: 0.33382 - acc: 0.8582 -- iter: 416/726
[A[ATraining Step: 221  | total loss: [1m[32m0.33122[0m[0m | time: 9.909s
[2K
| Adam | epoch: 010 | loss: 0.33122 - acc: 0.8567 -- iter: 448/726
[A[ATraining Step: 222  | total loss: [1m[32m0.32229[0m[0m | time: 10.679s
[2K
| Adam | epoch: 010 | loss: 0.32229 - acc: 0.8617 -- iter: 480/726
[A[ATraining Step: 223  | total loss: [1m[32m0.30968[0m[0m | time: 11.395s
[2K
| Adam | epoch: 010 | loss: 0.30968 - acc: 0.8693 -- iter: 512/726
[A[ATraining Step: 224  | total loss: [1m[32m0.30556[0m[0m | time: 12.139s
[2K
| Adam | epoch: 010 | loss: 0.30556 - acc: 0.8667 -- iter: 544/726
[A[ATraining Step: 225  | total loss: [1m[32m0.32114[0m[0m | time: 12.903s
[2K
| Adam | epoch: 010 | loss: 0.32114 - acc: 0.8582 -- iter: 576/726
[A[ATraining Step: 226  | total loss: [1m[32m0.31089[0m[0m | time: 13.806s
[2K
| Adam | epoch: 010 | loss: 0.31089 - acc: 0.8661 -- iter: 608/726
[A[ATraining Step: 227  | total loss: [1m[32m0.31037[0m[0m | time: 14.601s
[2K
| Adam | epoch: 010 | loss: 0.31037 - acc: 0.8639 -- iter: 640/726
[A[ATraining Step: 228  | total loss: [1m[32m0.30550[0m[0m | time: 15.387s
[2K
| Adam | epoch: 010 | loss: 0.30550 - acc: 0.8681 -- iter: 672/726
[A[ATraining Step: 229  | total loss: [1m[32m0.30498[0m[0m | time: 16.146s
[2K
| Adam | epoch: 010 | loss: 0.30498 - acc: 0.8688 -- iter: 704/726
[A[ATraining Step: 230  | total loss: [1m[32m0.30038[0m[0m | time: 17.900s
[2K
| Adam | epoch: 010 | loss: 0.30038 - acc: 0.8725 | val_loss: 0.36218 - val_acc: 0.8678 -- iter: 726/726
--
Training Step: 231  | total loss: [1m[32m0.30843[0m[0m | time: 0.626s
[2K
| Adam | epoch: 011 | loss: 0.30843 - acc: 0.8665 -- iter: 032/726
[A[ATraining Step: 232  | total loss: [1m[32m0.29721[0m[0m | time: 1.384s
[2K
| Adam | epoch: 011 | loss: 0.29721 - acc: 0.8736 -- iter: 064/726
[A[ATraining Step: 233  | total loss: [1m[32m0.29088[0m[0m | time: 2.135s
[2K
| Adam | epoch: 011 | loss: 0.29088 - acc: 0.8769 -- iter: 096/726
[A[ATraining Step: 234  | total loss: [1m[32m0.27567[0m[0m | time: 2.883s
[2K
| Adam | epoch: 011 | loss: 0.27567 - acc: 0.8861 -- iter: 128/726
[A[ATraining Step: 235  | total loss: [1m[32m0.26590[0m[0m | time: 3.651s
[2K
| Adam | epoch: 011 | loss: 0.26590 - acc: 0.8912 -- iter: 160/726
[A[ATraining Step: 236  | total loss: [1m[32m0.26887[0m[0m | time: 4.401s
[2K
| Adam | epoch: 011 | loss: 0.26887 - acc: 0.8896 -- iter: 192/726
[A[ATraining Step: 237  | total loss: [1m[32m0.26859[0m[0m | time: 5.160s
[2K
| Adam | epoch: 011 | loss: 0.26859 - acc: 0.8913 -- iter: 224/726
[A[ATraining Step: 238  | total loss: [1m[32m0.26126[0m[0m | time: 5.870s
[2K
| Adam | epoch: 011 | loss: 0.26126 - acc: 0.8959 -- iter: 256/726
[A[ATraining Step: 239  | total loss: [1m[32m0.25758[0m[0m | time: 6.404s
[2K
| Adam | epoch: 011 | loss: 0.25758 - acc: 0.8969 -- iter: 288/726
[A[ATraining Step: 240  | total loss: [1m[32m0.25641[0m[0m | time: 6.952s
[2K
| Adam | epoch: 011 | loss: 0.25641 - acc: 0.8936 -- iter: 320/726
[A[ATraining Step: 241  | total loss: [1m[32m0.25099[0m[0m | time: 7.715s
[2K
| Adam | epoch: 011 | loss: 0.25099 - acc: 0.8951 -- iter: 352/726
[A[ATraining Step: 242  | total loss: [1m[32m0.25281[0m[0m | time: 8.428s
[2K
| Adam | epoch: 011 | loss: 0.25281 - acc: 0.8994 -- iter: 384/726
[A[ATraining Step: 243  | total loss: [1m[32m0.24184[0m[0m | time: 9.201s
[2K
| Adam | epoch: 011 | loss: 0.24184 - acc: 0.9032 -- iter: 416/726
[A[ATraining Step: 244  | total loss: [1m[32m0.22759[0m[0m | time: 9.970s
[2K
| Adam | epoch: 011 | loss: 0.22759 - acc: 0.9129 -- iter: 448/726
[A[ATraining Step: 245  | total loss: [1m[32m0.27054[0m[0m | time: 10.696s
[2K
| Adam | epoch: 011 | loss: 0.27054 - acc: 0.8872 -- iter: 480/726
[A[ATraining Step: 246  | total loss: [1m[32m0.26618[0m[0m | time: 11.425s
[2K
| Adam | epoch: 011 | loss: 0.26618 - acc: 0.8891 -- iter: 512/726
[A[ATraining Step: 247  | total loss: [1m[32m0.28785[0m[0m | time: 12.192s
[2K
| Adam | epoch: 011 | loss: 0.28785 - acc: 0.8815 -- iter: 544/726
[A[ATraining Step: 248  | total loss: [1m[32m0.29187[0m[0m | time: 12.949s
[2K
| Adam | epoch: 011 | loss: 0.29187 - acc: 0.8777 -- iter: 576/726
[A[ATraining Step: 249  | total loss: [1m[32m0.29493[0m[0m | time: 13.672s
[2K
| Adam | epoch: 011 | loss: 0.29493 - acc: 0.8774 -- iter: 608/726
[A[ATraining Step: 250  | total loss: [1m[32m0.29183[0m[0m | time: 14.423s
[2K
| Adam | epoch: 011 | loss: 0.29183 - acc: 0.8803 -- iter: 640/726
[A[ATraining Step: 251  | total loss: [1m[32m0.29125[0m[0m | time: 15.150s
[2K
| Adam | epoch: 011 | loss: 0.29125 - acc: 0.8829 -- iter: 672/726
[A[ATraining Step: 252  | total loss: [1m[32m0.28520[0m[0m | time: 15.886s
[2K
| Adam | epoch: 011 | loss: 0.28520 - acc: 0.8852 -- iter: 704/726
[A[ATraining Step: 253  | total loss: [1m[32m0.28847[0m[0m | time: 17.599s
[2K
| Adam | epoch: 011 | loss: 0.28847 - acc: 0.8811 | val_loss: 0.32879 - val_acc: 0.8767 -- iter: 726/726
--
Training Step: 254  | total loss: [1m[32m0.27175[0m[0m | time: 0.789s
[2K
| Adam | epoch: 012 | loss: 0.27175 - acc: 0.8898 -- iter: 032/726
[A[ATraining Step: 255  | total loss: [1m[32m0.26757[0m[0m | time: 1.552s
[2K
| Adam | epoch: 012 | loss: 0.26757 - acc: 0.8915 -- iter: 064/726
[A[ATraining Step: 256  | total loss: [1m[32m0.26778[0m[0m | time: 2.311s
[2K
| Adam | epoch: 012 | loss: 0.26778 - acc: 0.8930 -- iter: 096/726
[A[ATraining Step: 257  | total loss: [1m[32m0.26284[0m[0m | time: 3.284s
[2K
| Adam | epoch: 012 | loss: 0.26284 - acc: 0.8974 -- iter: 128/726
[A[ATraining Step: 258  | total loss: [1m[32m0.26231[0m[0m | time: 3.935s
[2K
| Adam | epoch: 012 | loss: 0.26231 - acc: 0.8983 -- iter: 160/726
[A[ATraining Step: 259  | total loss: [1m[32m0.26023[0m[0m | time: 4.686s
[2K
| Adam | epoch: 012 | loss: 0.26023 - acc: 0.8960 -- iter: 192/726
[A[ATraining Step: 260  | total loss: [1m[32m0.25549[0m[0m | time: 5.459s
[2K
| Adam | epoch: 012 | loss: 0.25549 - acc: 0.9001 -- iter: 224/726
[A[ATraining Step: 261  | total loss: [1m[32m0.26434[0m[0m | time: 6.203s
[2K
| Adam | epoch: 012 | loss: 0.26434 - acc: 0.8945 -- iter: 256/726
[A[ATraining Step: 262  | total loss: [1m[32m0.24537[0m[0m | time: 6.941s
[2K
| Adam | epoch: 012 | loss: 0.24537 - acc: 0.9050 -- iter: 288/726
[A[ATraining Step: 263  | total loss: [1m[32m0.23837[0m[0m | time: 7.491s
[2K
| Adam | epoch: 012 | loss: 0.23837 - acc: 0.9052 -- iter: 320/726
[A[ATraining Step: 264  | total loss: [1m[32m0.22961[0m[0m | time: 8.046s
[2K
| Adam | epoch: 012 | loss: 0.22961 - acc: 0.9101 -- iter: 352/726
[A[ATraining Step: 265  | total loss: [1m[32m0.21160[0m[0m | time: 8.736s
[2K
| Adam | epoch: 012 | loss: 0.21160 - acc: 0.9191 -- iter: 384/726
[A[ATraining Step: 266  | total loss: [1m[32m0.21049[0m[0m | time: 9.519s
[2K
| Adam | epoch: 012 | loss: 0.21049 - acc: 0.9178 -- iter: 416/726
[A[ATraining Step: 267  | total loss: [1m[32m0.19558[0m[0m | time: 10.237s
[2K
| Adam | epoch: 012 | loss: 0.19558 - acc: 0.9260 -- iter: 448/726
[A[ATraining Step: 268  | total loss: [1m[32m0.19548[0m[0m | time: 10.929s
[2K
| Adam | epoch: 012 | loss: 0.19548 - acc: 0.9240 -- iter: 480/726
[A[ATraining Step: 269  | total loss: [1m[32m0.18824[0m[0m | time: 11.797s
[2K
| Adam | epoch: 012 | loss: 0.18824 - acc: 0.9285 -- iter: 512/726
[A[ATraining Step: 270  | total loss: [1m[32m0.18845[0m[0m | time: 12.530s
[2K
| Adam | epoch: 012 | loss: 0.18845 - acc: 0.9294 -- iter: 544/726
[A[ATraining Step: 271  | total loss: [1m[32m0.19077[0m[0m | time: 13.267s
[2K
| Adam | epoch: 012 | loss: 0.19077 - acc: 0.9302 -- iter: 576/726
[A[ATraining Step: 272  | total loss: [1m[32m0.22404[0m[0m | time: 13.993s
[2K
| Adam | epoch: 012 | loss: 0.22404 - acc: 0.9185 -- iter: 608/726
[A[ATraining Step: 273  | total loss: [1m[32m0.22878[0m[0m | time: 14.750s
[2K
| Adam | epoch: 012 | loss: 0.22878 - acc: 0.9172 -- iter: 640/726
[A[ATraining Step: 274  | total loss: [1m[32m0.24148[0m[0m | time: 15.442s
[2K
| Adam | epoch: 012 | loss: 0.24148 - acc: 0.9036 -- iter: 672/726
[A[ATraining Step: 275  | total loss: [1m[32m0.23667[0m[0m | time: 16.233s
[2K
| Adam | epoch: 012 | loss: 0.23667 - acc: 0.9070 -- iter: 704/726
[A[ATraining Step: 276  | total loss: [1m[32m0.22468[0m[0m | time: 17.966s
[2K
| Adam | epoch: 012 | loss: 0.22468 - acc: 0.9101 | val_loss: 0.30066 - val_acc: 0.8722 -- iter: 726/726
--
Training Step: 277  | total loss: [1m[32m0.21854[0m[0m | time: 0.749s
[2K
| Adam | epoch: 013 | loss: 0.21854 - acc: 0.9128 -- iter: 032/726
[A[ATraining Step: 278  | total loss: [1m[32m0.21231[0m[0m | time: 1.470s
[2K
| Adam | epoch: 013 | loss: 0.21231 - acc: 0.9153 -- iter: 064/726
[A[ATraining Step: 279  | total loss: [1m[32m0.22389[0m[0m | time: 2.227s
[2K
| Adam | epoch: 013 | loss: 0.22389 - acc: 0.9113 -- iter: 096/726
[A[ATraining Step: 280  | total loss: [1m[32m0.22942[0m[0m | time: 2.940s
[2K
| Adam | epoch: 013 | loss: 0.22942 - acc: 0.9045 -- iter: 128/726
[A[ATraining Step: 281  | total loss: [1m[32m0.22622[0m[0m | time: 3.671s
[2K
| Adam | epoch: 013 | loss: 0.22622 - acc: 0.9078 -- iter: 160/726
[A[ATraining Step: 282  | total loss: [1m[32m0.23778[0m[0m | time: 4.479s
[2K
| Adam | epoch: 013 | loss: 0.23778 - acc: 0.8983 -- iter: 192/726
[A[ATraining Step: 283  | total loss: [1m[32m0.23687[0m[0m | time: 5.285s
[2K
| Adam | epoch: 013 | loss: 0.23687 - acc: 0.8991 -- iter: 224/726
[A[ATraining Step: 284  | total loss: [1m[32m0.22838[0m[0m | time: 6.150s
[2K
| Adam | epoch: 013 | loss: 0.22838 - acc: 0.9060 -- iter: 256/726
[A[ATraining Step: 285  | total loss: [1m[32m0.22181[0m[0m | time: 7.045s
[2K
| Adam | epoch: 013 | loss: 0.22181 - acc: 0.9092 -- iter: 288/726
[A[ATraining Step: 286  | total loss: [1m[32m0.22604[0m[0m | time: 7.655s
[2K
| Adam | epoch: 013 | loss: 0.22604 - acc: 0.9120 -- iter: 320/726
[A[ATraining Step: 287  | total loss: [1m[32m0.21919[0m[0m | time: 8.246s
[2K
| Adam | epoch: 013 | loss: 0.21919 - acc: 0.9177 -- iter: 352/726
[A[ATraining Step: 288  | total loss: [1m[32m0.23001[0m[0m | time: 8.793s
[2K
| Adam | epoch: 013 | loss: 0.23001 - acc: 0.9123 -- iter: 384/726
[A[ATraining Step: 289  | total loss: [1m[32m0.23917[0m[0m | time: 9.530s
[2K
| Adam | epoch: 013 | loss: 0.23917 - acc: 0.9120 -- iter: 416/726
[A[ATraining Step: 290  | total loss: [1m[32m0.24032[0m[0m | time: 10.305s
[2K
| Adam | epoch: 013 | loss: 0.24032 - acc: 0.9114 -- iter: 448/726
[A[ATraining Step: 291  | total loss: [1m[32m0.23740[0m[0m | time: 11.071s
[2K
| Adam | epoch: 013 | loss: 0.23740 - acc: 0.9109 -- iter: 480/726
[A[ATraining Step: 292  | total loss: [1m[32m0.22339[0m[0m | time: 11.793s
[2K
| Adam | epoch: 013 | loss: 0.22339 - acc: 0.9167 -- iter: 512/726
[A[ATraining Step: 293  | total loss: [1m[32m0.22954[0m[0m | time: 12.543s
[2K
| Adam | epoch: 013 | loss: 0.22954 - acc: 0.9062 -- iter: 544/726
[A[ATraining Step: 294  | total loss: [1m[32m0.21551[0m[0m | time: 13.285s
[2K
| Adam | epoch: 013 | loss: 0.21551 - acc: 0.9125 -- iter: 576/726
[A[ATraining Step: 295  | total loss: [1m[32m0.20135[0m[0m | time: 14.004s
[2K
| Adam | epoch: 013 | loss: 0.20135 - acc: 0.9181 -- iter: 608/726
[A[ATraining Step: 296  | total loss: [1m[32m0.19672[0m[0m | time: 14.773s
[2K
| Adam | epoch: 013 | loss: 0.19672 - acc: 0.9201 -- iter: 640/726
[A[ATraining Step: 297  | total loss: [1m[32m0.19080[0m[0m | time: 15.520s
[2K
| Adam | epoch: 013 | loss: 0.19080 - acc: 0.9218 -- iter: 672/726
[A[ATraining Step: 298  | total loss: [1m[32m0.18783[0m[0m | time: 16.241s
[2K
| Adam | epoch: 013 | loss: 0.18783 - acc: 0.9234 -- iter: 704/726
[A[ATraining Step: 299  | total loss: [1m[32m0.17875[0m[0m | time: 17.972s
[2K
| Adam | epoch: 013 | loss: 0.17875 - acc: 0.9279 | val_loss: 0.43238 - val_acc: 0.8811 -- iter: 726/726
--
Training Step: 300  | total loss: [1m[32m0.17073[0m[0m | time: 0.774s
[2K
| Adam | epoch: 014 | loss: 0.17073 - acc: 0.9320 -- iter: 032/726
[A[ATraining Step: 301  | total loss: [1m[32m0.17228[0m[0m | time: 1.506s
[2K
| Adam | epoch: 014 | loss: 0.17228 - acc: 0.9325 -- iter: 064/726
[A[ATraining Step: 302  | total loss: [1m[32m0.18449[0m[0m | time: 2.237s
[2K
| Adam | epoch: 014 | loss: 0.18449 - acc: 0.9268 -- iter: 096/726
[A[ATraining Step: 303  | total loss: [1m[32m0.18927[0m[0m | time: 2.978s
[2K
| Adam | epoch: 014 | loss: 0.18927 - acc: 0.9216 -- iter: 128/726
[A[ATraining Step: 304  | total loss: [1m[32m0.19222[0m[0m | time: 3.696s
[2K
| Adam | epoch: 014 | loss: 0.19222 - acc: 0.9232 -- iter: 160/726
[A[ATraining Step: 305  | total loss: [1m[32m0.18815[0m[0m | time: 4.418s
[2K
| Adam | epoch: 014 | loss: 0.18815 - acc: 0.9246 -- iter: 192/726
[A[ATraining Step: 306  | total loss: [1m[32m0.19907[0m[0m | time: 5.163s
[2K
| Adam | epoch: 014 | loss: 0.19907 - acc: 0.9228 -- iter: 224/726
[A[ATraining Step: 307  | total loss: [1m[32m0.19031[0m[0m | time: 5.918s
[2K
| Adam | epoch: 014 | loss: 0.19031 - acc: 0.9274 -- iter: 256/726
[A[ATraining Step: 308  | total loss: [1m[32m0.17952[0m[0m | time: 6.615s
[2K
| Adam | epoch: 014 | loss: 0.17952 - acc: 0.9315 -- iter: 288/726
[A[ATraining Step: 309  | total loss: [1m[32m0.19033[0m[0m | time: 7.319s
[2K
| Adam | epoch: 014 | loss: 0.19033 - acc: 0.9259 -- iter: 320/726
[A[ATraining Step: 310  | total loss: [1m[32m0.19947[0m[0m | time: 8.035s
[2K
| Adam | epoch: 014 | loss: 0.19947 - acc: 0.9239 -- iter: 352/726
[A[ATraining Step: 311  | total loss: [1m[32m0.19969[0m[0m | time: 8.571s
[2K
| Adam | epoch: 014 | loss: 0.19969 - acc: 0.9221 -- iter: 384/726
[A[ATraining Step: 312  | total loss: [1m[32m0.18304[0m[0m | time: 9.333s
[2K
| Adam | epoch: 014 | loss: 0.18304 - acc: 0.9299 -- iter: 416/726
[A[ATraining Step: 313  | total loss: [1m[32m0.16708[0m[0m | time: 9.947s
[2K
| Adam | epoch: 014 | loss: 0.16708 - acc: 0.9369 -- iter: 448/726
[A[ATraining Step: 314  | total loss: [1m[32m0.17535[0m[0m | time: 10.725s
[2K
| Adam | epoch: 014 | loss: 0.17535 - acc: 0.9276 -- iter: 480/726
[A[ATraining Step: 315  | total loss: [1m[32m0.16799[0m[0m | time: 11.511s
[2K
| Adam | epoch: 014 | loss: 0.16799 - acc: 0.9317 -- iter: 512/726
[A[ATraining Step: 316  | total loss: [1m[32m0.15621[0m[0m | time: 12.265s
[2K
| Adam | epoch: 014 | loss: 0.15621 - acc: 0.9386 -- iter: 544/726
[A[ATraining Step: 317  | total loss: [1m[32m0.15056[0m[0m | time: 13.036s
[2K
| Adam | epoch: 014 | loss: 0.15056 - acc: 0.9385 -- iter: 576/726
[A[ATraining Step: 318  | total loss: [1m[32m0.15639[0m[0m | time: 13.809s
[2K
| Adam | epoch: 014 | loss: 0.15639 - acc: 0.9352 -- iter: 608/726
[A[ATraining Step: 319  | total loss: [1m[32m0.15546[0m[0m | time: 14.627s
[2K
| Adam | epoch: 014 | loss: 0.15546 - acc: 0.9355 -- iter: 640/726
[A[ATraining Step: 320  | total loss: [1m[32m0.15302[0m[0m | time: 15.456s
[2K
| Adam | epoch: 014 | loss: 0.15302 - acc: 0.9357 -- iter: 672/726
[A[ATraining Step: 321  | total loss: [1m[32m0.16210[0m[0m | time: 16.178s
[2K
| Adam | epoch: 014 | loss: 0.16210 - acc: 0.9296 -- iter: 704/726
[A[ATraining Step: 322  | total loss: [1m[32m0.16138[0m[0m | time: 18.036s
[2K
| Adam | epoch: 014 | loss: 0.16138 - acc: 0.9335 | val_loss: 0.33225 - val_acc: 0.8987 -- iter: 726/726
--
Training Step: 323  | total loss: [1m[32m0.16840[0m[0m | time: 0.740s
[2K
| Adam | epoch: 015 | loss: 0.16840 - acc: 0.9308 -- iter: 032/726
[A[ATraining Step: 324  | total loss: [1m[32m0.15434[0m[0m | time: 1.516s
[2K
| Adam | epoch: 015 | loss: 0.15434 - acc: 0.9377 -- iter: 064/726
[A[ATraining Step: 325  | total loss: [1m[32m0.15791[0m[0m | time: 2.281s
[2K
| Adam | epoch: 015 | loss: 0.15791 - acc: 0.9377 -- iter: 096/726
[A[ATraining Step: 326  | total loss: [1m[32m0.16011[0m[0m | time: 3.008s
[2K
| Adam | epoch: 015 | loss: 0.16011 - acc: 0.9345 -- iter: 128/726
[A[ATraining Step: 327  | total loss: [1m[32m0.15684[0m[0m | time: 3.716s
[2K
| Adam | epoch: 015 | loss: 0.15684 - acc: 0.9317 -- iter: 160/726
[A[ATraining Step: 328  | total loss: [1m[32m0.14523[0m[0m | time: 4.418s
[2K
| Adam | epoch: 015 | loss: 0.14523 - acc: 0.9385 -- iter: 192/726
[A[ATraining Step: 329  | total loss: [1m[32m0.14667[0m[0m | time: 5.156s
[2K
| Adam | epoch: 015 | loss: 0.14667 - acc: 0.9384 -- iter: 224/726
[A[ATraining Step: 330  | total loss: [1m[32m0.13781[0m[0m | time: 5.901s
[2K
| Adam | epoch: 015 | loss: 0.13781 - acc: 0.9446 -- iter: 256/726
[A[ATraining Step: 331  | total loss: [1m[32m0.13464[0m[0m | time: 6.642s
[2K
| Adam | epoch: 015 | loss: 0.13464 - acc: 0.9470 -- iter: 288/726
[A[ATraining Step: 332  | total loss: [1m[32m0.13232[0m[0m | time: 7.410s
[2K
| Adam | epoch: 015 | loss: 0.13232 - acc: 0.9461 -- iter: 320/726
[A[ATraining Step: 333  | total loss: [1m[32m0.13041[0m[0m | time: 8.168s
[2K
| Adam | epoch: 015 | loss: 0.13041 - acc: 0.9452 -- iter: 352/726
[A[ATraining Step: 334  | total loss: [1m[32m0.12732[0m[0m | time: 8.917s
[2K
| Adam | epoch: 015 | loss: 0.12732 - acc: 0.9476 -- iter: 384/726
[A[ATraining Step: 335  | total loss: [1m[32m0.12775[0m[0m | time: 9.488s
[2K
| Adam | epoch: 015 | loss: 0.12775 - acc: 0.9466 -- iter: 416/726
[A[ATraining Step: 336  | total loss: [1m[32m0.11791[0m[0m | time: 10.006s
[2K
| Adam | epoch: 015 | loss: 0.11791 - acc: 0.9519 -- iter: 448/726
[A[ATraining Step: 337  | total loss: [1m[32m0.10892[0m[0m | time: 10.730s
[2K
| Adam | epoch: 015 | loss: 0.10892 - acc: 0.9567 -- iter: 480/726
[A[ATraining Step: 338  | total loss: [1m[32m0.11273[0m[0m | time: 11.459s
[2K
| Adam | epoch: 015 | loss: 0.11273 - acc: 0.9579 -- iter: 512/726
[A[ATraining Step: 339  | total loss: [1m[32m0.11557[0m[0m | time: 12.483s
[2K
| Adam | epoch: 015 | loss: 0.11557 - acc: 0.9559 -- iter: 544/726
[A[ATraining Step: 340  | total loss: [1m[32m0.11393[0m[0m | time: 13.166s
[2K
| Adam | epoch: 015 | loss: 0.11393 - acc: 0.9572 -- iter: 576/726
[A[ATraining Step: 341  | total loss: [1m[32m0.11136[0m[0m | time: 13.929s
[2K
| Adam | epoch: 015 | loss: 0.11136 - acc: 0.9583 -- iter: 608/726
[A[ATraining Step: 342  | total loss: [1m[32m0.10114[0m[0m | time: 14.700s
[2K
| Adam | epoch: 015 | loss: 0.10114 - acc: 0.9625 -- iter: 640/726
[A[ATraining Step: 343  | total loss: [1m[32m0.10395[0m[0m | time: 15.462s
[2K
| Adam | epoch: 015 | loss: 0.10395 - acc: 0.9600 -- iter: 672/726
[A[ATraining Step: 344  | total loss: [1m[32m0.11343[0m[0m | time: 16.216s
[2K
| Adam | epoch: 015 | loss: 0.11343 - acc: 0.9577 -- iter: 704/726
[A[ATraining Step: 345  | total loss: [1m[32m0.10415[0m[0m | time: 17.969s
[2K
| Adam | epoch: 015 | loss: 0.10415 - acc: 0.9620 | val_loss: 0.43258 - val_acc: 0.8899 -- iter: 726/726
--
Validation AUC:0.9631987577639751
Validation AUPRC:0.9688558527943082
Test AUC:0.9570828798009642
Test AUPRC:0.9563912405897265
BestTestF1Score	0.92	0.84	0.92	0.88	0.96	105	15	103	4	0.14
BestTestMCCScore	0.92	0.84	0.92	0.88	0.96	105	15	103	4	0.14
BestTestAccuracyScore	0.92	0.84	0.92	0.88	0.96	105	15	103	4	0.14
BestValidationF1Score	0.91	0.81	0.91	0.91	0.91	105	11	101	10	0.14
BestValidationMCC	0.91	0.81	0.91	0.91	0.91	105	11	101	10	0.14
BestValidationAccuracy	0.91	0.81	0.91	0.91	0.91	105	11	101	10	0.14
TestPredictions (Threshold:0.14)
CHEMBL268881,TN,INACT,0.0	CHEMBL401698,TP,ACT,0.9800000190734863	CHEMBL29937,TN,INACT,0.009999999776482582	CHEMBL121314,TN,INACT,0.0	CHEMBL151084,TN,INACT,0.0	CHEMBL2316408,TN,INACT,0.0	CHEMBL376347,TN,INACT,0.0	CHEMBL403329,TP,ACT,0.9900000095367432	CHEMBL223744,TN,INACT,0.0	CHEMBL301060,TN,INACT,0.0	CHEMBL232924,TP,ACT,0.9900000095367432	CHEMBL118619,TN,INACT,0.0	CHEMBL182367,TP,ACT,0.9700000286102295	CHEMBL232537,TP,ACT,0.9599999785423279	CHEMBL50530,TN,INACT,0.0	CHEMBL33224,TN,INACT,0.0	CHEMBL404698,TP,ACT,0.9900000095367432	CHEMBL1915257,TP,ACT,0.9900000095367432	CHEMBL389596,TP,ACT,0.9800000190734863	CHEMBL377338,TP,ACT,0.9700000286102295	CHEMBL208891,TP,ACT,0.9900000095367432	CHEMBL211700,TP,ACT,1.0	CHEMBL114478,TN,INACT,0.0	CHEMBL150743,TN,INACT,0.029999999329447746	CHEMBL281232,TN,INACT,0.0	CHEMBL2113697,TN,INACT,0.0	CHEMBL1916697,FP,INACT,0.8199999928474426	CHEMBL54453,TN,INACT,0.0	CHEMBL280065,TN,INACT,0.0	CHEMBL417550,TN,INACT,0.009999999776482582	CHEMBL210994,TP,ACT,0.9800000190734863	CHEMBL3127160,TP,ACT,0.9900000095367432	CHEMBL209746,TP,ACT,0.9700000286102295	CHEMBL523216,TP,ACT,0.9700000286102295	CHEMBL3586362,FP,INACT,0.8100000023841858	CHEMBL385620,TP,ACT,0.9900000095367432	CHEMBL40317,TN,INACT,0.0	CHEMBL182623,TP,ACT,0.9900000095367432	CHEMBL240247,TP,ACT,0.9900000095367432	CHEMBL240866,TP,ACT,0.9900000095367432	CHEMBL1923416,TN,INACT,0.0	CHEMBL215690,TP,ACT,0.9599999785423279	CHEMBL391456,TP,ACT,0.9399999976158142	CHEMBL1084009,FP,INACT,0.44999998807907104	CHEMBL2443009,TN,INACT,0.0	CHEMBL257998,TP,ACT,0.9800000190734863	CHEMBL2112163,TN,INACT,0.0	CHEMBL251504,FN,ACT,0.0	CHEMBL107681,TN,INACT,0.0	CHEMBL63760,TN,INACT,0.0	CHEMBL3290986,TN,INACT,0.0	CHEMBL380197,TP,ACT,0.9900000095367432	CHEMBL341021,TN,INACT,0.0	CHEMBL1915264,TP,ACT,0.949999988079071	CHEMBL270208,TP,ACT,0.9900000095367432	CHEMBL63421,TN,INACT,0.0	CHEMBL1076,TN,INACT,0.0	CHEMBL426913,TP,ACT,1.0	CHEMBL32996,TN,INACT,0.0	CHEMBL59517,TN,INACT,0.0	CHEMBL1223345,TN,INACT,0.0	CHEMBL3586323,TN,INACT,0.0	CHEMBL233160,TP,ACT,0.6600000262260437	CHEMBL257957,FP,INACT,0.6499999761581421	CHEMBL399000,TN,INACT,0.0	CHEMBL481870,TP,ACT,0.9700000286102295	CHEMBL354748,TN,INACT,0.0	CHEMBL2443001,TN,INACT,0.0	CHEMBL234940,TP,ACT,0.9900000095367432	CHEMBL454951,FP,INACT,0.75	CHEMBL52438,TN,INACT,0.0	CHEMBL374824,TP,ACT,0.9900000095367432	CHEMBL435009,TN,INACT,0.0	CHEMBL344752,TN,INACT,0.0	CHEMBL232543,TP,ACT,0.25	CHEMBL2443003,TN,INACT,0.0	CHEMBL3092154,TP,ACT,0.9900000095367432	CHEMBL284311,TN,INACT,0.0	CHEMBL184947,TP,ACT,0.9900000095367432	CHEMBL3127159,TP,ACT,0.9700000286102295	CHEMBL209326,TP,ACT,1.0	CHEMBL169562,TN,INACT,0.0	CHEMBL494510,TN,INACT,0.0	CHEMBL414978,TP,ACT,0.9200000166893005	CHEMBL173629,TN,INACT,0.0	CHEMBL434173,TP,ACT,0.9800000190734863	CHEMBL1080153,TN,INACT,0.0	CHEMBL1082013,TN,INACT,0.0	CHEMBL466103,TP,ACT,0.9900000095367432	CHEMBL90491,TP,ACT,0.5400000214576721	CHEMBL274955,TN,INACT,0.0	CHEMBL3127166,TP,ACT,0.9599999785423279	CHEMBL393374,TP,ACT,0.9900000095367432	CHEMBL241076,TP,ACT,0.9900000095367432	CHEMBL212471,TP,ACT,0.9900000095367432	CHEMBL240028,TP,ACT,0.9900000095367432	CHEMBL3127161,TP,ACT,0.9599999785423279	CHEMBL314097,TP,ACT,0.9200000166893005	CHEMBL494282,TP,ACT,0.9399999976158142	CHEMBL10813,TN,INACT,0.0	CHEMBL257413,TP,ACT,0.9700000286102295	CHEMBL439559,TP,ACT,0.949999988079071	CHEMBL466101,TP,ACT,0.9900000095367432	CHEMBL233137,TP,ACT,0.9900000095367432	CHEMBL1915249,TP,ACT,0.9900000095367432	CHEMBL1214377,TN,INACT,0.0	CHEMBL380046,TP,ACT,0.9900000095367432	CHEMBL165175,TN,INACT,0.0	CHEMBL388294,TP,ACT,1.0	CHEMBL408367,TP,ACT,0.9900000095367432	CHEMBL234710,TP,ACT,0.9200000166893005	CHEMBL11401,TN,INACT,0.0	CHEMBL76403,TN,INACT,0.0	CHEMBL1381098,TN,INACT,0.029999999329447746	CHEMBL18797,FP,INACT,0.8999999761581421	CHEMBL233768,TP,ACT,0.9100000262260437	CHEMBL2062849,TN,INACT,0.019999999552965164	CHEMBL291992,TN,INACT,0.0	CHEMBL276029,TN,INACT,0.0	CHEMBL3092153,TP,ACT,0.9900000095367432	CHEMBL169631,TN,INACT,0.0	CHEMBL3753622,TP,ACT,0.33000001311302185	CHEMBL3800636,TN,INACT,0.009999999776482582	CHEMBL441126,TP,ACT,0.949999988079071	CHEMBL314533,TP,ACT,0.9800000190734863	CHEMBL3092150,FN,ACT,0.05000000074505806	CHEMBL34328,TN,INACT,0.0	CHEMBL3127168,TP,ACT,0.550000011920929	CHEMBL232531,TP,ACT,0.8700000047683716	CHEMBL103404,FP,INACT,0.28999999165534973	CHEMBL3290975,TN,INACT,0.0	CHEMBL1915245,TP,ACT,0.9900000095367432	CHEMBL429259,TP,ACT,0.9900000095367432	CHEMBL395284,TP,ACT,0.9900000095367432	CHEMBL38861,TN,INACT,0.0	CHEMBL2442497,TP,ACT,0.9800000190734863	CHEMBL144114,TN,INACT,0.0	CHEMBL266290,TN,INACT,0.0	CHEMBL54885,TN,INACT,0.0	CHEMBL590582,TN,INACT,0.0	CHEMBL413343,TN,INACT,0.0	CHEMBL40986,TN,INACT,0.0	CHEMBL275433,TN,INACT,0.0	CHEMBL87975,TP,ACT,0.23999999463558197	CHEMBL377034,TP,ACT,0.8700000047683716	CHEMBL37853,FN,ACT,0.0	CHEMBL11414,TN,INACT,0.0	CHEMBL3753853,TP,ACT,0.949999988079071	CHEMBL2397392,TN,INACT,0.0	CHEMBL3220951,TN,INACT,0.009999999776482582	CHEMBL481689,TP,ACT,0.949999988079071	CHEMBL218228,TP,ACT,0.8700000047683716	CHEMBL379143,TP,ACT,0.9900000095367432	CHEMBL489310,FP,INACT,0.9800000190734863	CHEMBL395311,TP,ACT,0.9700000286102295	CHEMBL3805044,TP,ACT,0.9800000190734863	CHEMBL481519,TP,ACT,0.9800000190734863	CHEMBL86886,TP,ACT,0.9900000095367432	CHEMBL291306,TN,INACT,0.0	CHEMBL1088284,FP,INACT,0.949999988079071	CHEMBL45008,FP,INACT,0.9800000190734863	CHEMBL2347045,TN,INACT,0.009999999776482582	CHEMBL456496,TP,ACT,0.9399999976158142	CHEMBL2386558,FP,INACT,0.3400000035762787	CHEMBL3115577,TN,INACT,0.0	CHEMBL234290,TP,ACT,0.9800000190734863	CHEMBL100624,TN,INACT,0.0	CHEMBL393187,TP,ACT,0.9800000190734863	CHEMBL3092132,TP,ACT,0.8500000238418579	CHEMBL215687,TP,ACT,0.9599999785423279	CHEMBL104551,TN,INACT,0.0	CHEMBL46395,FP,INACT,0.9700000286102295	CHEMBL480002,TP,ACT,0.9900000095367432	CHEMBL72168,TN,INACT,0.0	CHEMBL557117,TN,INACT,0.0	CHEMBL512542,TN,INACT,0.0	CHEMBL3120199,TN,INACT,0.05000000074505806	CHEMBL2070835,TN,INACT,0.10999999940395355	CHEMBL106487,TN,INACT,0.0	CHEMBL233043,TP,ACT,0.9900000095367432	CHEMBL391931,TP,ACT,0.9800000190734863	CHEMBL3310162,FP,INACT,0.9800000190734863	CHEMBL418411,TN,INACT,0.0	CHEMBL3804978,TP,ACT,0.20999999344348907	CHEMBL425076,TP,ACT,0.1599999964237213	CHEMBL212742,TP,ACT,0.9700000286102295	CHEMBL271488,TN,INACT,0.0	CHEMBL283606,TN,INACT,0.0	CHEMBL565799,TP,ACT,0.9900000095367432	CHEMBL393743,TP,ACT,1.0	CHEMBL3127167,TP,ACT,0.9800000190734863	CHEMBL2316388,TN,INACT,0.0	CHEMBL1222983,TN,INACT,0.05999999865889549	CHEMBL338221,TN,INACT,0.0	CHEMBL213221,TP,ACT,0.9700000286102295	CHEMBL222287,TN,INACT,0.0	CHEMBL3127169,TP,ACT,0.9800000190734863	CHEMBL353087,TN,INACT,0.0	CHEMBL1223054,TN,INACT,0.0	CHEMBL125087,TP,ACT,0.5699999928474426	CHEMBL84331,TN,INACT,0.0	CHEMBL281214,TN,INACT,0.0	CHEMBL207688,TP,ACT,0.9900000095367432	CHEMBL234069,TP,ACT,0.9900000095367432	CHEMBL349689,TN,INACT,0.0	CHEMBL3127165,TP,ACT,0.9700000286102295	CHEMBL1915260,TP,ACT,0.3400000035762787	CHEMBL103096,TN,INACT,0.0	CHEMBL416262,TN,INACT,0.07000000029802322	CHEMBL3127177,TP,ACT,0.9399999976158142	CHEMBL458448,TP,ACT,0.8799999952316284	CHEMBL543251,TN,INACT,0.0	CHEMBL343381,FP,INACT,0.5799999833106995	CHEMBL548,FN,ACT,0.0	CHEMBL79915,TN,INACT,0.0	CHEMBL422959,TN,INACT,0.0	CHEMBL284912,TN,INACT,0.0	CHEMBL318830,TN,INACT,0.0	CHEMBL11262,TN,INACT,0.0	CHEMBL173299,TP,ACT,0.9800000190734863	CHEMBL222677,TN,INACT,0.09000000357627869	CHEMBL3577345,TN,INACT,0.0	CHEMBL523679,TP,ACT,0.9800000190734863	CHEMBL445895,TP,ACT,0.9200000166893005	CHEMBL492829,TP,ACT,0.9800000190734863	CHEMBL390238,TP,ACT,0.8799999952316284	CHEMBL404037,FP,INACT,0.2800000011920929	

