ImageNetInceptionV2 CHEMBL290 adam 0.0005 15 0 0 0.8 False True
Number of active compounds :	115
Number of inactive compounds :	115
---------------------------------
Run id: ImageNetInceptionV2_CHEMBL290_adam_0.0005_15_0_0_0.8_False_True_id
Log directory: ../tflearnLogs/ImageNetInceptionV2_CHEMBL290_adam_0.0005_15_0.8/
---------------------------------
Training samples: 147
Validation samples: 46
--
Training Step: 1  | time: 71.419s
[2K
| Adam | epoch: 001 | loss: 0.00000 - acc: 0.0000 -- iter: 032/147
[A[ATraining Step: 2  | total loss: [1m[32m0.67044[0m[0m | time: 90.671s
[2K
| Adam | epoch: 001 | loss: 0.67044 - acc: 0.2812 -- iter: 064/147
[A[ATraining Step: 3  | total loss: [1m[32m0.69231[0m[0m | time: 115.509s
[2K
| Adam | epoch: 001 | loss: 0.69231 - acc: 0.5881 -- iter: 096/147
[A[ATraining Step: 4  | total loss: [1m[32m0.63265[0m[0m | time: 133.939s
[2K
| Adam | epoch: 001 | loss: 0.63265 - acc: 0.6861 -- iter: 128/147
[A[ATraining Step: 5  | total loss: [1m[32m0.63013[0m[0m | time: 159.972s
[2K
| Adam | epoch: 001 | loss: 0.63013 - acc: 0.6438 | val_loss: 2.26499 - val_acc: 0.5217 -- iter: 147/147
--
Training Step: 6  | total loss: [1m[32m0.51395[0m[0m | time: 11.874s
[2K
| Adam | epoch: 002 | loss: 0.51395 - acc: 0.7036 -- iter: 032/147
[A[ATraining Step: 7  | total loss: [1m[32m0.28841[0m[0m | time: 32.032s
[2K
| Adam | epoch: 002 | loss: 0.28841 - acc: 0.8814 -- iter: 064/147
[A[ATraining Step: 8  | total loss: [1m[32m0.29727[0m[0m | time: 50.943s
[2K
| Adam | epoch: 002 | loss: 0.29727 - acc: 0.8602 -- iter: 096/147
[A[ATraining Step: 9  | total loss: [1m[32m0.50058[0m[0m | time: 70.125s
[2K
| Adam | epoch: 002 | loss: 0.50058 - acc: 0.7688 -- iter: 128/147
[A[ATraining Step: 10  | total loss: [1m[32m0.58153[0m[0m | time: 81.614s
[2K
| Adam | epoch: 002 | loss: 0.58153 - acc: 0.7594 | val_loss: 1.85010 - val_acc: 0.5217 -- iter: 147/147
--
Training Step: 11  | total loss: [1m[32m0.45334[0m[0m | time: 14.164s
[2K
| Adam | epoch: 003 | loss: 0.45334 - acc: 0.7994 -- iter: 032/147
[A[ATraining Step: 12  | total loss: [1m[32m0.30900[0m[0m | time: 28.734s
[2K
| Adam | epoch: 003 | loss: 0.30900 - acc: 0.8896 -- iter: 064/147
[A[ATraining Step: 13  | total loss: [1m[32m0.19887[0m[0m | time: 48.840s
[2K
| Adam | epoch: 003 | loss: 0.19887 - acc: 0.9369 -- iter: 096/147
[A[ATraining Step: 14  | total loss: [1m[32m0.22141[0m[0m | time: 63.016s
[2K
| Adam | epoch: 003 | loss: 0.22141 - acc: 0.9244 -- iter: 128/147
[A[ATraining Step: 15  | total loss: [1m[32m0.23509[0m[0m | time: 79.344s
[2K
| Adam | epoch: 003 | loss: 0.23509 - acc: 0.8928 | val_loss: 2.52205 - val_acc: 0.5217 -- iter: 147/147
--
Training Step: 16  | total loss: [1m[32m0.21640[0m[0m | time: 9.488s
[2K
| Adam | epoch: 004 | loss: 0.21640 - acc: 0.9096 -- iter: 032/147
[A[ATraining Step: 17  | total loss: [1m[32m0.15769[0m[0m | time: 17.823s
[2K
| Adam | epoch: 004 | loss: 0.15769 - acc: 0.9309 -- iter: 064/147
[A[ATraining Step: 18  | total loss: [1m[32m0.14965[0m[0m | time: 26.212s
[2K
| Adam | epoch: 004 | loss: 0.14965 - acc: 0.9184 -- iter: 096/147
[A[ATraining Step: 19  | total loss: [1m[32m0.11000[0m[0m | time: 38.986s
[2K
| Adam | epoch: 004 | loss: 0.11000 - acc: 0.9456 -- iter: 128/147
[A[ATraining Step: 20  | total loss: [1m[32m0.09983[0m[0m | time: 54.768s
[2K
| Adam | epoch: 004 | loss: 0.09983 - acc: 0.9530 | val_loss: 3.07246 - val_acc: 0.5217 -- iter: 147/147
--
Training Step: 21  | total loss: [1m[32m0.08075[0m[0m | time: 8.230s
[2K
| Adam | epoch: 005 | loss: 0.08075 - acc: 0.9676 -- iter: 032/147
[A[ATraining Step: 22  | total loss: [1m[32m0.11601[0m[0m | time: 16.660s
[2K
| Adam | epoch: 005 | loss: 0.11601 - acc: 0.9679 -- iter: 064/147
[A[ATraining Step: 23  | total loss: [1m[32m0.08549[0m[0m | time: 21.916s
[2K
| Adam | epoch: 005 | loss: 0.08549 - acc: 0.9773 -- iter: 096/147
[A[ATraining Step: 24  | total loss: [1m[32m0.07163[0m[0m | time: 30.068s
[2K
| Adam | epoch: 005 | loss: 0.07163 - acc: 0.9837 -- iter: 128/147
[A[ATraining Step: 25  | total loss: [1m[32m0.05493[0m[0m | time: 46.846s
[2K
| Adam | epoch: 005 | loss: 0.05493 - acc: 0.9881 | val_loss: 3.01626 - val_acc: 0.5217 -- iter: 147/147
--
Training Step: 26  | total loss: [1m[32m0.04309[0m[0m | time: 12.168s
[2K
| Adam | epoch: 006 | loss: 0.04309 - acc: 0.9913 -- iter: 032/147
[A[ATraining Step: 27  | total loss: [1m[32m0.10948[0m[0m | time: 20.586s
[2K
| Adam | epoch: 006 | loss: 0.10948 - acc: 0.9855 -- iter: 064/147
[A[ATraining Step: 28  | total loss: [1m[32m0.87397[0m[0m | time: 28.692s
[2K
| Adam | epoch: 006 | loss: 0.87397 - acc: 0.8641 -- iter: 096/147
[A[ATraining Step: 29  | total loss: [1m[32m0.66625[0m[0m | time: 34.083s
[2K
| Adam | epoch: 006 | loss: 0.66625 - acc: 0.8972 -- iter: 128/147
[A[ATraining Step: 30  | total loss: [1m[32m0.52291[0m[0m | time: 46.193s
[2K
| Adam | epoch: 006 | loss: 0.52291 - acc: 0.9215 | val_loss: 2.45697 - val_acc: 0.5217 -- iter: 147/147
--
Training Step: 31  | total loss: [1m[32m0.41837[0m[0m | time: 12.885s
[2K
| Adam | epoch: 007 | loss: 0.41837 - acc: 0.9396 -- iter: 032/147
[A[ATraining Step: 32  | total loss: [1m[32m0.34566[0m[0m | time: 25.482s
[2K
| Adam | epoch: 007 | loss: 0.34566 - acc: 0.9532 -- iter: 064/147
[A[ATraining Step: 33  | total loss: [1m[32m0.33004[0m[0m | time: 34.681s
[2K
| Adam | epoch: 007 | loss: 0.33004 - acc: 0.9429 -- iter: 096/147
[A[ATraining Step: 34  | total loss: [1m[32m0.28890[0m[0m | time: 42.910s
[2K
| Adam | epoch: 007 | loss: 0.28890 - acc: 0.9484 -- iter: 128/147
[A[ATraining Step: 35  | total loss: [1m[32m0.26273[0m[0m | time: 50.560s
[2K
| Adam | epoch: 007 | loss: 0.26273 - acc: 0.9396 | val_loss: 2.77998 - val_acc: 0.5217 -- iter: 147/147
--
Training Step: 36  | total loss: [1m[32m0.22665[0m[0m | time: 8.533s
[2K
| Adam | epoch: 008 | loss: 0.22665 - acc: 0.9412 -- iter: 032/147
[A[ATraining Step: 37  | total loss: [1m[32m0.19088[0m[0m | time: 21.944s
[2K
| Adam | epoch: 008 | loss: 0.19088 - acc: 0.9530 -- iter: 064/147
[A[ATraining Step: 38  | total loss: [1m[32m0.16145[0m[0m | time: 35.012s
[2K
| Adam | epoch: 008 | loss: 0.16145 - acc: 0.9622 -- iter: 096/147
[A[ATraining Step: 39  | total loss: [1m[32m0.14939[0m[0m | time: 47.821s
[2K
| Adam | epoch: 008 | loss: 0.14939 - acc: 0.9634 -- iter: 128/147
[A[ATraining Step: 40  | total loss: [1m[32m0.13867[0m[0m | time: 58.174s
[2K
| Adam | epoch: 008 | loss: 0.13867 - acc: 0.9644 | val_loss: 2.03386 - val_acc: 0.5217 -- iter: 147/147
--
Training Step: 41  | total loss: [1m[32m0.12072[0m[0m | time: 6.376s
[2K
| Adam | epoch: 009 | loss: 0.12072 - acc: 0.9710 -- iter: 032/147
[A[ATraining Step: 42  | total loss: [1m[32m0.10703[0m[0m | time: 14.535s
[2K
| Adam | epoch: 009 | loss: 0.10703 - acc: 0.9762 -- iter: 064/147
[A[ATraining Step: 43  | total loss: [1m[32m0.09144[0m[0m | time: 27.683s
[2K
| Adam | epoch: 009 | loss: 0.09144 - acc: 0.9804 -- iter: 096/147
[A[ATraining Step: 44  | total loss: [1m[32m0.07897[0m[0m | time: 41.130s
[2K
| Adam | epoch: 009 | loss: 0.07897 - acc: 0.9838 -- iter: 128/147
[A[ATraining Step: 45  | total loss: [1m[32m0.06790[0m[0m | time: 58.075s
[2K
| Adam | epoch: 009 | loss: 0.06790 - acc: 0.9865 | val_loss: 0.78471 - val_acc: 0.5652 -- iter: 147/147
--
Training Step: 46  | total loss: [1m[32m0.08489[0m[0m | time: 8.449s
[2K
| Adam | epoch: 010 | loss: 0.08489 - acc: 0.9836 -- iter: 032/147
[A[ATraining Step: 47  | total loss: [1m[32m0.07306[0m[0m | time: 15.963s
[2K
| Adam | epoch: 010 | loss: 0.07306 - acc: 0.9863 -- iter: 064/147
[A[ATraining Step: 48  | total loss: [1m[32m0.06168[0m[0m | time: 24.316s
[2K
| Adam | epoch: 010 | loss: 0.06168 - acc: 0.9885 -- iter: 096/147
[A[ATraining Step: 49  | total loss: [1m[32m0.05236[0m[0m | time: 37.012s
[2K
| Adam | epoch: 010 | loss: 0.05236 - acc: 0.9903 -- iter: 128/147
[A[ATraining Step: 50  | total loss: [1m[32m0.05428[0m[0m | time: 54.222s
[2K
| Adam | epoch: 010 | loss: 0.05428 - acc: 0.9869 | val_loss: 1.69379 - val_acc: 0.4783 -- iter: 147/147
--
Training Step: 51  | total loss: [1m[32m0.08428[0m[0m | time: 8.499s
[2K
| Adam | epoch: 011 | loss: 0.08428 - acc: 0.9842 -- iter: 032/147
[A[ATraining Step: 52  | total loss: [1m[32m0.09568[0m[0m | time: 16.748s
[2K
| Adam | epoch: 011 | loss: 0.09568 - acc: 0.9772 -- iter: 064/147
[A[ATraining Step: 53  | total loss: [1m[32m0.09045[0m[0m | time: 22.001s
[2K
| Adam | epoch: 011 | loss: 0.09045 - acc: 0.9759 -- iter: 096/147
[A[ATraining Step: 54  | total loss: [1m[32m0.08575[0m[0m | time: 31.131s
[2K
| Adam | epoch: 011 | loss: 0.08575 - acc: 0.9718 -- iter: 128/147
[A[ATraining Step: 55  | total loss: [1m[32m0.07716[0m[0m | time: 48.138s
[2K
| Adam | epoch: 011 | loss: 0.07716 - acc: 0.9758 | val_loss: 1.19962 - val_acc: 0.5000 -- iter: 147/147
--
Training Step: 56  | total loss: [1m[32m0.06753[0m[0m | time: 12.751s
[2K
| Adam | epoch: 012 | loss: 0.06753 - acc: 0.9792 -- iter: 032/147
[A[ATraining Step: 57  | total loss: [1m[32m0.08049[0m[0m | time: 21.200s
[2K
| Adam | epoch: 012 | loss: 0.08049 - acc: 0.9778 -- iter: 064/147
[A[ATraining Step: 58  | total loss: [1m[32m0.11651[0m[0m | time: 29.582s
[2K
| Adam | epoch: 012 | loss: 0.11651 - acc: 0.9723 -- iter: 096/147
[A[ATraining Step: 59  | total loss: [1m[32m0.10285[0m[0m | time: 34.947s
[2K
| Adam | epoch: 012 | loss: 0.10285 - acc: 0.9760 -- iter: 128/147
[A[ATraining Step: 60  | total loss: [1m[32m0.09098[0m[0m | time: 45.574s
[2K
| Adam | epoch: 012 | loss: 0.09098 - acc: 0.9792 | val_loss: 0.86808 - val_acc: 0.6957 -- iter: 147/147
--
Training Step: 61  | total loss: [1m[32m0.08093[0m[0m | time: 11.738s
[2K
| Adam | epoch: 013 | loss: 0.08093 - acc: 0.9819 -- iter: 032/147
[A[ATraining Step: 62  | total loss: [1m[32m0.08227[0m[0m | time: 20.097s
[2K
| Adam | epoch: 013 | loss: 0.08227 - acc: 0.9762 -- iter: 064/147
[A[ATraining Step: 63  | total loss: [1m[32m0.08532[0m[0m | time: 28.654s
[2K
| Adam | epoch: 013 | loss: 0.08532 - acc: 0.9752 -- iter: 096/147
[A[ATraining Step: 64  | total loss: [1m[32m0.07628[0m[0m | time: 38.216s
[2K
| Adam | epoch: 013 | loss: 0.07628 - acc: 0.9783 -- iter: 128/147
[A[ATraining Step: 65  | total loss: [1m[32m0.06813[0m[0m | time: 50.581s
[2K
| Adam | epoch: 013 | loss: 0.06813 - acc: 0.9810 | val_loss: 1.47033 - val_acc: 0.5870 -- iter: 147/147
--
Training Step: 66  | total loss: [1m[32m0.06264[0m[0m | time: 9.817s
[2K
| Adam | epoch: 014 | loss: 0.06264 - acc: 0.9833 -- iter: 032/147
[A[ATraining Step: 67  | total loss: [1m[32m0.05682[0m[0m | time: 23.418s
[2K
| Adam | epoch: 014 | loss: 0.05682 - acc: 0.9853 -- iter: 064/147
[A[ATraining Step: 68  | total loss: [1m[32m0.06517[0m[0m | time: 33.270s
[2K
| Adam | epoch: 014 | loss: 0.06517 - acc: 0.9834 -- iter: 096/147
[A[ATraining Step: 69  | total loss: [1m[32m0.05947[0m[0m | time: 43.101s
[2K
| Adam | epoch: 014 | loss: 0.05947 - acc: 0.9853 -- iter: 128/147
[A[ATraining Step: 70  | total loss: [1m[32m0.05714[0m[0m | time: 55.141s
[2K
| Adam | epoch: 014 | loss: 0.05714 - acc: 0.9870 | val_loss: 0.99845 - val_acc: 0.6957 -- iter: 147/147
--
Training Step: 71  | total loss: [1m[32m0.05215[0m[0m | time: 9.878s
[2K
| Adam | epoch: 015 | loss: 0.05215 - acc: 0.9885 -- iter: 032/147
[A[ATraining Step: 72  | total loss: [1m[32m0.04777[0m[0m | time: 20.756s
[2K
| Adam | epoch: 015 | loss: 0.04777 - acc: 0.9898 -- iter: 064/147
[A[ATraining Step: 73  | total loss: [1m[32m0.04313[0m[0m | time: 35.643s
[2K
| Adam | epoch: 015 | loss: 0.04313 - acc: 0.9909 -- iter: 096/147
[A[ATraining Step: 74  | total loss: [1m[32m0.03877[0m[0m | time: 47.967s
[2K
| Adam | epoch: 015 | loss: 0.03877 - acc: 0.9919 -- iter: 128/147
[A[ATraining Step: 75  | total loss: [1m[32m0.03930[0m[0m | time: 59.682s
[2K
| Adam | epoch: 015 | loss: 0.03930 - acc: 0.9928 | val_loss: 0.54356 - val_acc: 0.7826 -- iter: 147/147
--
Validation AUC:0.875
Validation AUPRC:0.8957743831028272
Test AUC:0.9375
Test AUPRC:0.9426641741209214
BestTestF1Score	0.87	0.73	0.85	0.77	1.0	24	7	15	0	0.51
BestTestMCCScore	0.84	0.71	0.85	0.95	0.75	18	1	21	6	0.94
BestTestAccuracyScore	0.84	0.71	0.85	0.95	0.75	18	1	21	6	0.94
BestValidationF1Score	0.82	0.6	0.78	0.72	0.96	23	9	13	1	0.51
BestValidationMCC	0.78	0.64	0.8	0.94	0.67	16	1	21	8	0.94
BestValidationAccuracy	0.78	0.64	0.8	0.94	0.67	16	1	21	8	0.94
TestPredictions (Threshold:0.94)
CHEMBL3770459,FN,ACT,0.6800000071525574	CHEMBL92043,TN,INACT,0.0	CHEMBL3614033,TP,ACT,0.9900000095367432	CHEMBL2312696,TN,INACT,0.4000000059604645	CHEMBL3393194,TP,ACT,1.0	CHEMBL274528,TN,INACT,0.30000001192092896	CHEMBL3769843,TN,INACT,0.019999999552965164	CHEMBL3614045,FP,INACT,0.9900000095367432	CHEMBL130081,TP,ACT,0.9900000095367432	CHEMBL31964,TN,INACT,0.0	CHEMBL421249,TP,ACT,1.0	CHEMBL131355,TP,ACT,1.0	CHEMBL3614032,TP,ACT,1.0	CHEMBL128263,TP,ACT,1.0	CHEMBL340118,TP,ACT,0.9900000095367432	CHEMBL3628714,FN,ACT,0.7799999713897705	CHEMBL219123,TP,ACT,0.9900000095367432	CHEMBL3647462,TN,INACT,0.33000001311302185	CHEMBL3647460,TN,INACT,0.6399999856948853	CHEMBL553934,TN,INACT,0.6399999856948853	CHEMBL358296,TN,INACT,0.0	CHEMBL1097585,TN,INACT,0.0	CHEMBL341475,TN,INACT,0.8999999761581421	CHEMBL146165,TN,INACT,0.27000001072883606	CHEMBL34431,FN,ACT,0.6399999856948853	CHEMBL218855,TP,ACT,0.9900000095367432	CHEMBL313143,TN,INACT,0.1899999976158142	CHEMBL592242,TP,ACT,0.9900000095367432	CHEMBL1079948,TN,INACT,0.0	CHEMBL260006,TP,ACT,1.0	CHEMBL118572,TN,INACT,0.019999999552965164	CHEMBL341327,FN,ACT,0.8999999761581421	CHEMBL219451,FN,ACT,0.6700000166893005	CHEMBL340785,TP,ACT,0.9700000286102295	CHEMBL3614043,TN,INACT,0.8999999761581421	CHEMBL144940,TN,INACT,0.0	CHEMBL358574,TN,INACT,0.10999999940395355	CHEMBL344720,TN,INACT,0.07000000029802322	CHEMBL3628716,FN,ACT,0.5899999737739563	CHEMBL387166,TP,ACT,0.9800000190734863	CHEMBL564209,TP,ACT,0.9900000095367432	CHEMBL592057,TP,ACT,0.9900000095367432	CHEMBL128619,TP,ACT,0.9900000095367432	CHEMBL129668,TP,ACT,0.9800000190734863	CHEMBL542216,TN,INACT,0.9100000262260437	CHEMBL182703,TN,INACT,0.6499999761581421	

