CNNModel CHEMBL250 adam 0.001 30 32 0 0.8 False True
Number of active compounds :	358
Number of inactive compounds :	358
---------------------------------
Run id: CNNModel_CHEMBL250_adam_0.001_30_32_0_0.8_False_True_id
Log directory: ../tflearnLogs/CNNModel_CHEMBL250_adam_0.001_30_32_0.8_True/
---------------------------------
Training samples: 457
Validation samples: 143
--
Training Step: 1  | time: 1.658s
[2K
| Adam | epoch: 001 | loss: 0.00000 - acc: 0.0000 -- iter: 032/457
[A[ATraining Step: 2  | total loss: [1m[32m0.62370[0m[0m | time: 2.904s
[2K
| Adam | epoch: 001 | loss: 0.62370 - acc: 0.5062 -- iter: 064/457
[A[ATraining Step: 3  | total loss: [1m[32m0.68097[0m[0m | time: 3.906s
[2K
| Adam | epoch: 001 | loss: 0.68097 - acc: 0.5011 -- iter: 096/457
[A[ATraining Step: 4  | total loss: [1m[32m0.68688[0m[0m | time: 4.783s
[2K
| Adam | epoch: 001 | loss: 0.68688 - acc: 0.5706 -- iter: 128/457
[A[ATraining Step: 5  | total loss: [1m[32m0.69001[0m[0m | time: 5.685s
[2K
| Adam | epoch: 001 | loss: 0.69001 - acc: 0.5434 -- iter: 160/457
[A[ATraining Step: 6  | total loss: [1m[32m0.71794[0m[0m | time: 6.624s
[2K
| Adam | epoch: 001 | loss: 0.71794 - acc: 0.4351 -- iter: 192/457
[A[ATraining Step: 7  | total loss: [1m[32m0.70644[0m[0m | time: 7.528s
[2K
| Adam | epoch: 001 | loss: 0.70644 - acc: 0.4553 -- iter: 224/457
[A[ATraining Step: 8  | total loss: [1m[32m0.69739[0m[0m | time: 8.451s
[2K
| Adam | epoch: 001 | loss: 0.69739 - acc: 0.5156 -- iter: 256/457
[A[ATraining Step: 9  | total loss: [1m[32m0.69352[0m[0m | time: 9.398s
[2K
| Adam | epoch: 001 | loss: 0.69352 - acc: 0.5735 -- iter: 288/457
[A[ATraining Step: 10  | total loss: [1m[32m0.69364[0m[0m | time: 10.275s
[2K
| Adam | epoch: 001 | loss: 0.69364 - acc: 0.5211 -- iter: 320/457
[A[ATraining Step: 11  | total loss: [1m[32m0.69379[0m[0m | time: 11.198s
[2K
| Adam | epoch: 001 | loss: 0.69379 - acc: 0.4963 -- iter: 352/457
[A[ATraining Step: 12  | total loss: [1m[32m0.69336[0m[0m | time: 12.512s
[2K
| Adam | epoch: 001 | loss: 0.69336 - acc: 0.5120 -- iter: 384/457
[A[ATraining Step: 13  | total loss: [1m[32m0.69367[0m[0m | time: 13.895s
[2K
| Adam | epoch: 001 | loss: 0.69367 - acc: 0.4801 -- iter: 416/457
[A[ATraining Step: 14  | total loss: [1m[32m0.69328[0m[0m | time: 14.728s
[2K
| Adam | epoch: 001 | loss: 0.69328 - acc: 0.5010 -- iter: 448/457
[A[ATraining Step: 15  | total loss: [1m[32m0.69291[0m[0m | time: 16.044s
[2K
| Adam | epoch: 001 | loss: 0.69291 - acc: 0.5251 | val_loss: 0.69342 - val_acc: 0.4825 -- iter: 457/457
--
Training Step: 16  | total loss: [1m[32m0.69274[0m[0m | time: 0.304s
[2K
| Adam | epoch: 002 | loss: 0.69274 - acc: 0.5365 -- iter: 032/457
[A[ATraining Step: 17  | total loss: [1m[32m0.69256[0m[0m | time: 1.295s
[2K
| Adam | epoch: 002 | loss: 0.69256 - acc: 0.5434 -- iter: 064/457
[A[ATraining Step: 18  | total loss: [1m[32m0.69276[0m[0m | time: 2.222s
[2K
| Adam | epoch: 002 | loss: 0.69276 - acc: 0.5284 -- iter: 096/457
[A[ATraining Step: 19  | total loss: [1m[32m0.69314[0m[0m | time: 3.061s
[2K
| Adam | epoch: 002 | loss: 0.69314 - acc: 0.5085 -- iter: 128/457
[A[ATraining Step: 20  | total loss: [1m[32m0.69273[0m[0m | time: 4.081s
[2K
| Adam | epoch: 002 | loss: 0.69273 - acc: 0.5258 -- iter: 160/457
[A[ATraining Step: 21  | total loss: [1m[32m0.69260[0m[0m | time: 5.177s
[2K
| Adam | epoch: 002 | loss: 0.69260 - acc: 0.5275 -- iter: 192/457
[A[ATraining Step: 22  | total loss: [1m[32m0.69366[0m[0m | time: 6.433s
[2K
| Adam | epoch: 002 | loss: 0.69366 - acc: 0.4818 -- iter: 224/457
[A[ATraining Step: 23  | total loss: [1m[32m0.69354[0m[0m | time: 7.253s
[2K
| Adam | epoch: 002 | loss: 0.69354 - acc: 0.4871 -- iter: 256/457
[A[ATraining Step: 24  | total loss: [1m[32m0.69328[0m[0m | time: 8.157s
[2K
| Adam | epoch: 002 | loss: 0.69328 - acc: 0.4995 -- iter: 288/457
[A[ATraining Step: 25  | total loss: [1m[32m0.69286[0m[0m | time: 9.067s
[2K
| Adam | epoch: 002 | loss: 0.69286 - acc: 0.5167 -- iter: 320/457
[A[ATraining Step: 26  | total loss: [1m[32m0.69415[0m[0m | time: 9.970s
[2K
| Adam | epoch: 002 | loss: 0.69415 - acc: 0.4626 -- iter: 352/457
[A[ATraining Step: 27  | total loss: [1m[32m0.69323[0m[0m | time: 10.923s
[2K
| Adam | epoch: 002 | loss: 0.69323 - acc: 0.5044 -- iter: 384/457
[A[ATraining Step: 28  | total loss: [1m[32m0.69333[0m[0m | time: 11.920s
[2K
| Adam | epoch: 002 | loss: 0.69333 - acc: 0.4955 -- iter: 416/457
[A[ATraining Step: 29  | total loss: [1m[32m0.69315[0m[0m | time: 12.845s
[2K
| Adam | epoch: 002 | loss: 0.69315 - acc: 0.5042 -- iter: 448/457
[A[ATraining Step: 30  | total loss: [1m[32m0.69298[0m[0m | time: 14.719s
[2K
| Adam | epoch: 002 | loss: 0.69298 - acc: 0.5106 | val_loss: 0.69364 - val_acc: 0.4825 -- iter: 457/457
--
Training Step: 31  | total loss: [1m[32m0.69198[0m[0m | time: 0.237s
[2K
| Adam | epoch: 003 | loss: 0.69198 - acc: 0.5586 -- iter: 032/457
[A[ATraining Step: 32  | total loss: [1m[32m0.69194[0m[0m | time: 0.493s
[2K
| Adam | epoch: 003 | loss: 0.69194 - acc: 0.5579 -- iter: 064/457
[A[ATraining Step: 33  | total loss: [1m[32m0.69185[0m[0m | time: 1.334s
[2K
| Adam | epoch: 003 | loss: 0.69185 - acc: 0.5574 -- iter: 096/457
[A[ATraining Step: 34  | total loss: [1m[32m0.69156[0m[0m | time: 2.204s
[2K
| Adam | epoch: 003 | loss: 0.69156 - acc: 0.5652 -- iter: 128/457
[A[ATraining Step: 35  | total loss: [1m[32m0.69213[0m[0m | time: 3.073s
[2K
| Adam | epoch: 003 | loss: 0.69213 - acc: 0.5450 -- iter: 160/457
[A[ATraining Step: 36  | total loss: [1m[32m0.69212[0m[0m | time: 3.967s
[2K
| Adam | epoch: 003 | loss: 0.69212 - acc: 0.5422 -- iter: 192/457
[A[ATraining Step: 37  | total loss: [1m[32m0.69181[0m[0m | time: 4.892s
[2K
| Adam | epoch: 003 | loss: 0.69181 - acc: 0.5463 -- iter: 224/457
[A[ATraining Step: 38  | total loss: [1m[32m0.69268[0m[0m | time: 5.826s
[2K
| Adam | epoch: 003 | loss: 0.69268 - acc: 0.5250 -- iter: 256/457
[A[ATraining Step: 39  | total loss: [1m[32m0.69274[0m[0m | time: 6.728s
[2K
| Adam | epoch: 003 | loss: 0.69274 - acc: 0.5202 -- iter: 288/457
[A[ATraining Step: 40  | total loss: [1m[32m0.69226[0m[0m | time: 7.563s
[2K
| Adam | epoch: 003 | loss: 0.69226 - acc: 0.5281 -- iter: 320/457
[A[ATraining Step: 41  | total loss: [1m[32m0.69224[0m[0m | time: 8.694s
[2K
| Adam | epoch: 003 | loss: 0.69224 - acc: 0.5287 -- iter: 352/457
[A[ATraining Step: 42  | total loss: [1m[32m0.69065[0m[0m | time: 9.879s
[2K
| Adam | epoch: 003 | loss: 0.69065 - acc: 0.5573 -- iter: 384/457
[A[ATraining Step: 43  | total loss: [1m[32m0.69051[0m[0m | time: 11.122s
[2K
| Adam | epoch: 003 | loss: 0.69051 - acc: 0.5582 -- iter: 416/457
[A[ATraining Step: 44  | total loss: [1m[32m0.69138[0m[0m | time: 11.844s
[2K
| Adam | epoch: 003 | loss: 0.69138 - acc: 0.5427 -- iter: 448/457
[A[ATraining Step: 45  | total loss: [1m[32m0.69140[0m[0m | time: 13.689s
[2K
| Adam | epoch: 003 | loss: 0.69140 - acc: 0.5408 | val_loss: 0.69502 - val_acc: 0.4825 -- iter: 457/457
--
Training Step: 46  | total loss: [1m[32m0.69297[0m[0m | time: 0.975s
[2K
| Adam | epoch: 004 | loss: 0.69297 - acc: 0.5184 -- iter: 032/457
[A[ATraining Step: 47  | total loss: [1m[32m0.69461[0m[0m | time: 1.244s
[2K
| Adam | epoch: 004 | loss: 0.69461 - acc: 0.4949 -- iter: 064/457
[A[ATraining Step: 48  | total loss: [1m[32m0.69257[0m[0m | time: 1.497s
[2K
| Adam | epoch: 004 | loss: 0.69257 - acc: 0.5225 -- iter: 096/457
[A[ATraining Step: 49  | total loss: [1m[32m0.69089[0m[0m | time: 2.617s
[2K
| Adam | epoch: 004 | loss: 0.69089 - acc: 0.5453 -- iter: 128/457
[A[ATraining Step: 50  | total loss: [1m[32m0.69272[0m[0m | time: 3.803s
[2K
| Adam | epoch: 004 | loss: 0.69272 - acc: 0.5188 -- iter: 160/457
[A[ATraining Step: 51  | total loss: [1m[32m0.69255[0m[0m | time: 5.015s
[2K
| Adam | epoch: 004 | loss: 0.69255 - acc: 0.5207 -- iter: 192/457
[A[ATraining Step: 52  | total loss: [1m[32m0.69343[0m[0m | time: 5.893s
[2K
| Adam | epoch: 004 | loss: 0.69343 - acc: 0.5083 -- iter: 224/457
[A[ATraining Step: 53  | total loss: [1m[32m0.69445[0m[0m | time: 6.721s
[2K
| Adam | epoch: 004 | loss: 0.69445 - acc: 0.4932 -- iter: 256/457
[A[ATraining Step: 54  | total loss: [1m[32m0.69403[0m[0m | time: 7.607s
[2K
| Adam | epoch: 004 | loss: 0.69403 - acc: 0.4987 -- iter: 288/457
[A[ATraining Step: 55  | total loss: [1m[32m0.69431[0m[0m | time: 8.512s
[2K
| Adam | epoch: 004 | loss: 0.69431 - acc: 0.4944 -- iter: 320/457
[A[ATraining Step: 56  | total loss: [1m[32m0.69361[0m[0m | time: 9.432s
[2K
| Adam | epoch: 004 | loss: 0.69361 - acc: 0.5040 -- iter: 352/457
[A[ATraining Step: 57  | total loss: [1m[32m0.69331[0m[0m | time: 10.334s
[2K
| Adam | epoch: 004 | loss: 0.69331 - acc: 0.5078 -- iter: 384/457
[A[ATraining Step: 58  | total loss: [1m[32m0.69253[0m[0m | time: 11.303s
[2K
| Adam | epoch: 004 | loss: 0.69253 - acc: 0.5195 -- iter: 416/457
[A[ATraining Step: 59  | total loss: [1m[32m0.69150[0m[0m | time: 12.166s
[2K
| Adam | epoch: 004 | loss: 0.69150 - acc: 0.5337 -- iter: 448/457
[A[ATraining Step: 60  | total loss: [1m[32m0.69173[0m[0m | time: 14.112s
[2K
| Adam | epoch: 004 | loss: 0.69173 - acc: 0.5292 | val_loss: 0.69493 - val_acc: 0.4825 -- iter: 457/457
--
Training Step: 61  | total loss: [1m[32m0.69199[0m[0m | time: 0.896s
[2K
| Adam | epoch: 005 | loss: 0.69199 - acc: 0.5254 -- iter: 032/457
[A[ATraining Step: 62  | total loss: [1m[32m0.69215[0m[0m | time: 1.777s
[2K
| Adam | epoch: 005 | loss: 0.69215 - acc: 0.5221 -- iter: 064/457
[A[ATraining Step: 63  | total loss: [1m[32m0.69112[0m[0m | time: 2.078s
[2K
| Adam | epoch: 005 | loss: 0.69112 - acc: 0.5352 -- iter: 096/457
[A[ATraining Step: 64  | total loss: [1m[32m0.68995[0m[0m | time: 2.364s
[2K
| Adam | epoch: 005 | loss: 0.68995 - acc: 0.5516 -- iter: 128/457
[A[ATraining Step: 65  | total loss: [1m[32m0.68964[0m[0m | time: 3.243s
[2K
| Adam | epoch: 005 | loss: 0.68964 - acc: 0.5521 -- iter: 160/457
[A[ATraining Step: 66  | total loss: [1m[32m0.69052[0m[0m | time: 4.126s
[2K
| Adam | epoch: 005 | loss: 0.69052 - acc: 0.5420 -- iter: 192/457
[A[ATraining Step: 67  | total loss: [1m[32m0.69058[0m[0m | time: 5.039s
[2K
| Adam | epoch: 005 | loss: 0.69058 - acc: 0.5407 -- iter: 224/457
[A[ATraining Step: 68  | total loss: [1m[32m0.69112[0m[0m | time: 5.971s
[2K
| Adam | epoch: 005 | loss: 0.69112 - acc: 0.5322 -- iter: 256/457
[A[ATraining Step: 69  | total loss: [1m[32m0.69128[0m[0m | time: 7.242s
[2K
| Adam | epoch: 005 | loss: 0.69128 - acc: 0.5284 -- iter: 288/457
[A[ATraining Step: 70  | total loss: [1m[32m0.69147[0m[0m | time: 8.610s
[2K
| Adam | epoch: 005 | loss: 0.69147 - acc: 0.5251 -- iter: 320/457
[A[ATraining Step: 71  | total loss: [1m[32m0.69119[0m[0m | time: 9.609s
[2K
| Adam | epoch: 005 | loss: 0.69119 - acc: 0.5258 -- iter: 352/457
[A[ATraining Step: 72  | total loss: [1m[32m0.68995[0m[0m | time: 10.463s
[2K
| Adam | epoch: 005 | loss: 0.68995 - acc: 0.5370 -- iter: 384/457
[A[ATraining Step: 73  | total loss: [1m[32m0.68857[0m[0m | time: 11.405s
[2K
| Adam | epoch: 005 | loss: 0.68857 - acc: 0.5468 -- iter: 416/457
[A[ATraining Step: 74  | total loss: [1m[32m0.68808[0m[0m | time: 12.331s
[2K
| Adam | epoch: 005 | loss: 0.68808 - acc: 0.5485 -- iter: 448/457
[A[ATraining Step: 75  | total loss: [1m[32m0.69010[0m[0m | time: 14.247s
[2K
| Adam | epoch: 005 | loss: 0.69010 - acc: 0.5297 | val_loss: 0.69116 - val_acc: 0.4825 -- iter: 457/457
--
Training Step: 76  | total loss: [1m[32m0.69043[0m[0m | time: 0.918s
[2K
| Adam | epoch: 006 | loss: 0.69043 - acc: 0.5265 -- iter: 032/457
[A[ATraining Step: 77  | total loss: [1m[32m0.68926[0m[0m | time: 2.254s
[2K
| Adam | epoch: 006 | loss: 0.68926 - acc: 0.5270 -- iter: 064/457
[A[ATraining Step: 78  | total loss: [1m[32m0.68901[0m[0m | time: 3.493s
[2K
| Adam | epoch: 006 | loss: 0.68901 - acc: 0.5373 -- iter: 096/457
[A[ATraining Step: 79  | total loss: [1m[32m0.68907[0m[0m | time: 3.933s
[2K
| Adam | epoch: 006 | loss: 0.68907 - acc: 0.5334 -- iter: 128/457
[A[ATraining Step: 80  | total loss: [1m[32m0.68773[0m[0m | time: 4.330s
[2K
| Adam | epoch: 006 | loss: 0.68773 - acc: 0.5584 -- iter: 160/457
[A[ATraining Step: 81  | total loss: [1m[32m0.68605[0m[0m | time: 5.083s
[2K
| Adam | epoch: 006 | loss: 0.68605 - acc: 0.5918 -- iter: 192/457
[A[ATraining Step: 82  | total loss: [1m[32m0.68242[0m[0m | time: 5.958s
[2K
| Adam | epoch: 006 | loss: 0.68242 - acc: 0.6076 -- iter: 224/457
[A[ATraining Step: 83  | total loss: [1m[32m0.67832[0m[0m | time: 6.868s
[2K
| Adam | epoch: 006 | loss: 0.67832 - acc: 0.6250 -- iter: 256/457
[A[ATraining Step: 84  | total loss: [1m[32m0.67553[0m[0m | time: 7.731s
[2K
| Adam | epoch: 006 | loss: 0.67553 - acc: 0.6187 -- iter: 288/457
[A[ATraining Step: 85  | total loss: [1m[32m0.67029[0m[0m | time: 8.693s
[2K
| Adam | epoch: 006 | loss: 0.67029 - acc: 0.6225 -- iter: 320/457
[A[ATraining Step: 86  | total loss: [1m[32m0.67077[0m[0m | time: 9.633s
[2K
| Adam | epoch: 006 | loss: 0.67077 - acc: 0.6165 -- iter: 352/457
[A[ATraining Step: 87  | total loss: [1m[32m0.67235[0m[0m | time: 10.553s
[2K
| Adam | epoch: 006 | loss: 0.67235 - acc: 0.6205 -- iter: 384/457
[A[ATraining Step: 88  | total loss: [1m[32m0.67588[0m[0m | time: 11.473s
[2K
| Adam | epoch: 006 | loss: 0.67588 - acc: 0.6115 -- iter: 416/457
[A[ATraining Step: 89  | total loss: [1m[32m0.67588[0m[0m | time: 12.323s
[2K
| Adam | epoch: 006 | loss: 0.67588 - acc: 0.6066 -- iter: 448/457
[A[ATraining Step: 90  | total loss: [1m[32m0.67331[0m[0m | time: 14.410s
[2K
| Adam | epoch: 006 | loss: 0.67331 - acc: 0.6085 | val_loss: 0.68287 - val_acc: 0.5804 -- iter: 457/457
--
Training Step: 91  | total loss: [1m[32m0.68027[0m[0m | time: 0.902s
[2K
| Adam | epoch: 007 | loss: 0.68027 - acc: 0.6008 -- iter: 032/457
[A[ATraining Step: 92  | total loss: [1m[32m0.67057[0m[0m | time: 1.788s
[2K
| Adam | epoch: 007 | loss: 0.67057 - acc: 0.6188 -- iter: 064/457
[A[ATraining Step: 93  | total loss: [1m[32m0.66435[0m[0m | time: 2.761s
[2K
| Adam | epoch: 007 | loss: 0.66435 - acc: 0.6319 -- iter: 096/457
[A[ATraining Step: 94  | total loss: [1m[32m0.66728[0m[0m | time: 3.720s
[2K
| Adam | epoch: 007 | loss: 0.66728 - acc: 0.6187 -- iter: 128/457
[A[ATraining Step: 95  | total loss: [1m[32m0.66614[0m[0m | time: 4.052s
[2K
| Adam | epoch: 007 | loss: 0.66614 - acc: 0.6194 -- iter: 160/457
[A[ATraining Step: 96  | total loss: [1m[32m0.66257[0m[0m | time: 4.347s
[2K
| Adam | epoch: 007 | loss: 0.66257 - acc: 0.6241 -- iter: 192/457
[A[ATraining Step: 97  | total loss: [1m[32m0.65170[0m[0m | time: 5.265s
[2K
| Adam | epoch: 007 | loss: 0.65170 - acc: 0.6283 -- iter: 224/457
[A[ATraining Step: 98  | total loss: [1m[32m0.64557[0m[0m | time: 6.501s
[2K
| Adam | epoch: 007 | loss: 0.64557 - acc: 0.6374 -- iter: 256/457
[A[ATraining Step: 99  | total loss: [1m[32m0.64026[0m[0m | time: 7.671s
[2K
| Adam | epoch: 007 | loss: 0.64026 - acc: 0.6518 -- iter: 288/457
[A[ATraining Step: 100  | total loss: [1m[32m0.64039[0m[0m | time: 8.731s
[2K
| Adam | epoch: 007 | loss: 0.64039 - acc: 0.6553 -- iter: 320/457
[A[ATraining Step: 101  | total loss: [1m[32m0.63689[0m[0m | time: 9.541s
[2K
| Adam | epoch: 007 | loss: 0.63689 - acc: 0.6617 -- iter: 352/457
[A[ATraining Step: 102  | total loss: [1m[32m0.63089[0m[0m | time: 10.468s
[2K
| Adam | epoch: 007 | loss: 0.63089 - acc: 0.6674 -- iter: 384/457
[A[ATraining Step: 103  | total loss: [1m[32m0.62370[0m[0m | time: 11.332s
[2K
| Adam | epoch: 007 | loss: 0.62370 - acc: 0.6757 -- iter: 416/457
[A[ATraining Step: 104  | total loss: [1m[32m0.61642[0m[0m | time: 12.248s
[2K
| Adam | epoch: 007 | loss: 0.61642 - acc: 0.6831 -- iter: 448/457
[A[ATraining Step: 105  | total loss: [1m[32m0.61289[0m[0m | time: 14.200s
[2K
| Adam | epoch: 007 | loss: 0.61289 - acc: 0.6960 | val_loss: 0.70832 - val_acc: 0.5874 -- iter: 457/457
--
Training Step: 106  | total loss: [1m[32m0.61943[0m[0m | time: 1.228s
[2K
| Adam | epoch: 008 | loss: 0.61943 - acc: 0.6858 -- iter: 032/457
[A[ATraining Step: 107  | total loss: [1m[32m0.61748[0m[0m | time: 2.407s
[2K
| Adam | epoch: 008 | loss: 0.61748 - acc: 0.6797 -- iter: 064/457
[A[ATraining Step: 108  | total loss: [1m[32m0.60900[0m[0m | time: 3.393s
[2K
| Adam | epoch: 008 | loss: 0.60900 - acc: 0.6867 -- iter: 096/457
[A[ATraining Step: 109  | total loss: [1m[32m0.61785[0m[0m | time: 4.301s
[2K
| Adam | epoch: 008 | loss: 0.61785 - acc: 0.6837 -- iter: 128/457
[A[ATraining Step: 110  | total loss: [1m[32m0.60383[0m[0m | time: 5.238s
[2K
| Adam | epoch: 008 | loss: 0.60383 - acc: 0.6966 -- iter: 160/457
[A[ATraining Step: 111  | total loss: [1m[32m0.58846[0m[0m | time: 5.536s
[2K
| Adam | epoch: 008 | loss: 0.58846 - acc: 0.7019 -- iter: 192/457
[A[ATraining Step: 112  | total loss: [1m[32m0.58080[0m[0m | time: 5.843s
[2K
| Adam | epoch: 008 | loss: 0.58080 - acc: 0.7095 -- iter: 224/457
[A[ATraining Step: 113  | total loss: [1m[32m0.56685[0m[0m | time: 6.752s
[2K
| Adam | epoch: 008 | loss: 0.56685 - acc: 0.7163 -- iter: 256/457
[A[ATraining Step: 114  | total loss: [1m[32m0.56284[0m[0m | time: 7.715s
[2K
| Adam | epoch: 008 | loss: 0.56284 - acc: 0.7072 -- iter: 288/457
[A[ATraining Step: 115  | total loss: [1m[32m0.59487[0m[0m | time: 8.665s
[2K
| Adam | epoch: 008 | loss: 0.59487 - acc: 0.6959 -- iter: 320/457
[A[ATraining Step: 116  | total loss: [1m[32m0.59491[0m[0m | time: 9.689s
[2K
| Adam | epoch: 008 | loss: 0.59491 - acc: 0.6981 -- iter: 352/457
[A[ATraining Step: 117  | total loss: [1m[32m0.56965[0m[0m | time: 10.538s
[2K
| Adam | epoch: 008 | loss: 0.56965 - acc: 0.7221 -- iter: 384/457
[A[ATraining Step: 118  | total loss: [1m[32m0.57294[0m[0m | time: 11.563s
[2K
| Adam | epoch: 008 | loss: 0.57294 - acc: 0.7217 -- iter: 416/457
[A[ATraining Step: 119  | total loss: [1m[32m0.57919[0m[0m | time: 12.820s
[2K
| Adam | epoch: 008 | loss: 0.57919 - acc: 0.7121 -- iter: 448/457
[A[ATraining Step: 120  | total loss: [1m[32m0.57194[0m[0m | time: 15.062s
[2K
| Adam | epoch: 008 | loss: 0.57194 - acc: 0.7190 | val_loss: 0.73153 - val_acc: 0.5594 -- iter: 457/457
--
Training Step: 121  | total loss: [1m[32m0.58116[0m[0m | time: 0.892s
[2K
| Adam | epoch: 009 | loss: 0.58116 - acc: 0.7065 -- iter: 032/457
[A[ATraining Step: 122  | total loss: [1m[32m0.58320[0m[0m | time: 1.779s
[2K
| Adam | epoch: 009 | loss: 0.58320 - acc: 0.7046 -- iter: 064/457
[A[ATraining Step: 123  | total loss: [1m[32m0.59869[0m[0m | time: 2.736s
[2K
| Adam | epoch: 009 | loss: 0.59869 - acc: 0.6841 -- iter: 096/457
[A[ATraining Step: 124  | total loss: [1m[32m0.59239[0m[0m | time: 3.676s
[2K
| Adam | epoch: 009 | loss: 0.59239 - acc: 0.6938 -- iter: 128/457
[A[ATraining Step: 125  | total loss: [1m[32m0.58713[0m[0m | time: 4.624s
[2K
| Adam | epoch: 009 | loss: 0.58713 - acc: 0.7057 -- iter: 160/457
[A[ATraining Step: 126  | total loss: [1m[32m0.57652[0m[0m | time: 5.628s
[2K
| Adam | epoch: 009 | loss: 0.57652 - acc: 0.7257 -- iter: 192/457
[A[ATraining Step: 127  | total loss: [1m[32m0.57577[0m[0m | time: 6.061s
[2K
| Adam | epoch: 009 | loss: 0.57577 - acc: 0.7250 -- iter: 224/457
[A[ATraining Step: 128  | total loss: [1m[32m0.58816[0m[0m | time: 6.511s
[2K
| Adam | epoch: 009 | loss: 0.58816 - acc: 0.6970 -- iter: 256/457
[A[ATraining Step: 129  | total loss: [1m[32m0.58249[0m[0m | time: 7.773s
[2K
| Adam | epoch: 009 | loss: 0.58249 - acc: 0.7051 -- iter: 288/457
[A[ATraining Step: 130  | total loss: [1m[32m0.59016[0m[0m | time: 8.916s
[2K
| Adam | epoch: 009 | loss: 0.59016 - acc: 0.6908 -- iter: 320/457
[A[ATraining Step: 131  | total loss: [1m[32m0.58732[0m[0m | time: 9.740s
[2K
| Adam | epoch: 009 | loss: 0.58732 - acc: 0.6874 -- iter: 352/457
[A[ATraining Step: 132  | total loss: [1m[32m0.57242[0m[0m | time: 10.695s
[2K
| Adam | epoch: 009 | loss: 0.57242 - acc: 0.6999 -- iter: 384/457
[A[ATraining Step: 133  | total loss: [1m[32m0.57358[0m[0m | time: 11.581s
[2K
| Adam | epoch: 009 | loss: 0.57358 - acc: 0.7018 -- iter: 416/457
[A[ATraining Step: 134  | total loss: [1m[32m0.55695[0m[0m | time: 12.509s
[2K
| Adam | epoch: 009 | loss: 0.55695 - acc: 0.7191 -- iter: 448/457
[A[ATraining Step: 135  | total loss: [1m[32m0.55677[0m[0m | time: 14.433s
[2K
| Adam | epoch: 009 | loss: 0.55677 - acc: 0.7222 | val_loss: 0.69821 - val_acc: 0.6084 -- iter: 457/457
--
Training Step: 136  | total loss: [1m[32m0.56236[0m[0m | time: 1.210s
[2K
| Adam | epoch: 010 | loss: 0.56236 - acc: 0.7187 -- iter: 032/457
[A[ATraining Step: 137  | total loss: [1m[32m0.56324[0m[0m | time: 2.270s
[2K
| Adam | epoch: 010 | loss: 0.56324 - acc: 0.7156 -- iter: 064/457
[A[ATraining Step: 138  | total loss: [1m[32m0.56150[0m[0m | time: 3.021s
[2K
| Adam | epoch: 010 | loss: 0.56150 - acc: 0.7159 -- iter: 096/457
[A[ATraining Step: 139  | total loss: [1m[32m0.54679[0m[0m | time: 3.913s
[2K
| Adam | epoch: 010 | loss: 0.54679 - acc: 0.7224 -- iter: 128/457
[A[ATraining Step: 140  | total loss: [1m[32m0.55175[0m[0m | time: 4.799s
[2K
| Adam | epoch: 010 | loss: 0.55175 - acc: 0.7252 -- iter: 160/457
[A[ATraining Step: 141  | total loss: [1m[32m0.53774[0m[0m | time: 5.757s
[2K
| Adam | epoch: 010 | loss: 0.53774 - acc: 0.7370 -- iter: 192/457
[A[ATraining Step: 142  | total loss: [1m[32m0.53796[0m[0m | time: 7.184s
[2K
| Adam | epoch: 010 | loss: 0.53796 - acc: 0.7383 -- iter: 224/457
[A[ATraining Step: 143  | total loss: [1m[32m0.52266[0m[0m | time: 7.704s
[2K
| Adam | epoch: 010 | loss: 0.52266 - acc: 0.7489 -- iter: 256/457
[A[ATraining Step: 144  | total loss: [1m[32m0.56460[0m[0m | time: 8.244s
[2K
| Adam | epoch: 010 | loss: 0.56460 - acc: 0.7407 -- iter: 288/457
[A[ATraining Step: 145  | total loss: [1m[32m0.57146[0m[0m | time: 9.754s
[2K
| Adam | epoch: 010 | loss: 0.57146 - acc: 0.7444 -- iter: 320/457
[A[ATraining Step: 146  | total loss: [1m[32m0.55448[0m[0m | time: 11.161s
[2K
| Adam | epoch: 010 | loss: 0.55448 - acc: 0.7574 -- iter: 352/457
[A[ATraining Step: 147  | total loss: [1m[32m0.53379[0m[0m | time: 12.542s
[2K
| Adam | epoch: 010 | loss: 0.53379 - acc: 0.7692 -- iter: 384/457
[A[ATraining Step: 148  | total loss: [1m[32m0.52962[0m[0m | time: 15.857s
[2K
| Adam | epoch: 010 | loss: 0.52962 - acc: 0.7704 -- iter: 416/457
[A[ATraining Step: 149  | total loss: [1m[32m0.52974[0m[0m | time: 17.134s
[2K
| Adam | epoch: 010 | loss: 0.52974 - acc: 0.7652 -- iter: 448/457
[A[ATraining Step: 150  | total loss: [1m[32m0.51632[0m[0m | time: 19.602s
[2K
| Adam | epoch: 010 | loss: 0.51632 - acc: 0.7762 | val_loss: 0.59028 - val_acc: 0.6783 -- iter: 457/457
--
Training Step: 151  | total loss: [1m[32m0.52694[0m[0m | time: 1.199s
[2K
| Adam | epoch: 011 | loss: 0.52694 - acc: 0.7611 -- iter: 032/457
[A[ATraining Step: 152  | total loss: [1m[32m0.51980[0m[0m | time: 2.590s
[2K
| Adam | epoch: 011 | loss: 0.51980 - acc: 0.7694 -- iter: 064/457
[A[ATraining Step: 153  | total loss: [1m[32m0.52071[0m[0m | time: 3.983s
[2K
| Adam | epoch: 011 | loss: 0.52071 - acc: 0.7643 -- iter: 096/457
[A[ATraining Step: 154  | total loss: [1m[32m0.50638[0m[0m | time: 5.129s
[2K
| Adam | epoch: 011 | loss: 0.50638 - acc: 0.7785 -- iter: 128/457
[A[ATraining Step: 155  | total loss: [1m[32m0.49606[0m[0m | time: 6.048s
[2K
| Adam | epoch: 011 | loss: 0.49606 - acc: 0.7944 -- iter: 160/457
[A[ATraining Step: 156  | total loss: [1m[32m0.47922[0m[0m | time: 6.916s
[2K
| Adam | epoch: 011 | loss: 0.47922 - acc: 0.8025 -- iter: 192/457
[A[ATraining Step: 157  | total loss: [1m[32m0.46900[0m[0m | time: 8.270s
[2K
| Adam | epoch: 011 | loss: 0.46900 - acc: 0.8097 -- iter: 224/457
[A[ATraining Step: 158  | total loss: [1m[32m0.46831[0m[0m | time: 9.706s
[2K
| Adam | epoch: 011 | loss: 0.46831 - acc: 0.8100 -- iter: 256/457
[A[ATraining Step: 159  | total loss: [1m[32m0.46634[0m[0m | time: 10.246s
[2K
| Adam | epoch: 011 | loss: 0.46634 - acc: 0.8071 -- iter: 288/457
[A[ATraining Step: 160  | total loss: [1m[32m0.50750[0m[0m | time: 10.766s
[2K
| Adam | epoch: 011 | loss: 0.50750 - acc: 0.7931 -- iter: 320/457
[A[ATraining Step: 161  | total loss: [1m[32m0.51683[0m[0m | time: 12.136s
[2K
| Adam | epoch: 011 | loss: 0.51683 - acc: 0.7915 -- iter: 352/457
[A[ATraining Step: 162  | total loss: [1m[32m0.51187[0m[0m | time: 13.393s
[2K
| Adam | epoch: 011 | loss: 0.51187 - acc: 0.7905 -- iter: 384/457
[A[ATraining Step: 163  | total loss: [1m[32m0.49600[0m[0m | time: 25.331s
[2K
| Adam | epoch: 011 | loss: 0.49600 - acc: 0.7958 -- iter: 416/457
[A[ATraining Step: 164  | total loss: [1m[32m0.47451[0m[0m | time: 28.698s
[2K
| Adam | epoch: 011 | loss: 0.47451 - acc: 0.8038 -- iter: 448/457
[A[ATraining Step: 165  | total loss: [1m[32m0.45597[0m[0m | time: 31.460s
[2K
| Adam | epoch: 011 | loss: 0.45597 - acc: 0.8140 | val_loss: 0.69353 - val_acc: 0.6713 -- iter: 457/457
--
Training Step: 166  | total loss: [1m[32m0.45536[0m[0m | time: 1.293s
[2K
| Adam | epoch: 012 | loss: 0.45536 - acc: 0.8139 -- iter: 032/457
[A[ATraining Step: 167  | total loss: [1m[32m0.45049[0m[0m | time: 2.647s
[2K
| Adam | epoch: 012 | loss: 0.45049 - acc: 0.8043 -- iter: 064/457
[A[ATraining Step: 168  | total loss: [1m[32m0.45094[0m[0m | time: 4.125s
[2K
| Adam | epoch: 012 | loss: 0.45094 - acc: 0.8052 -- iter: 096/457
[A[ATraining Step: 169  | total loss: [1m[32m0.43833[0m[0m | time: 5.368s
[2K
| Adam | epoch: 012 | loss: 0.43833 - acc: 0.8090 -- iter: 128/457
[A[ATraining Step: 170  | total loss: [1m[32m0.43203[0m[0m | time: 6.979s
[2K
| Adam | epoch: 012 | loss: 0.43203 - acc: 0.8125 -- iter: 160/457
[A[ATraining Step: 171  | total loss: [1m[32m0.43411[0m[0m | time: 8.406s
[2K
| Adam | epoch: 012 | loss: 0.43411 - acc: 0.8094 -- iter: 192/457
[A[ATraining Step: 172  | total loss: [1m[32m0.42732[0m[0m | time: 9.809s
[2K
| Adam | epoch: 012 | loss: 0.42732 - acc: 0.8159 -- iter: 224/457
[A[ATraining Step: 173  | total loss: [1m[32m0.41934[0m[0m | time: 11.223s
[2K
| Adam | epoch: 012 | loss: 0.41934 - acc: 0.8250 -- iter: 256/457
[A[ATraining Step: 174  | total loss: [1m[32m0.41246[0m[0m | time: 12.390s
[2K
| Adam | epoch: 012 | loss: 0.41246 - acc: 0.8237 -- iter: 288/457
[A[ATraining Step: 175  | total loss: [1m[32m0.40021[0m[0m | time: 12.885s
[2K
| Adam | epoch: 012 | loss: 0.40021 - acc: 0.8288 -- iter: 320/457
[A[ATraining Step: 176  | total loss: [1m[32m0.40201[0m[0m | time: 13.393s
[2K
| Adam | epoch: 012 | loss: 0.40201 - acc: 0.8237 -- iter: 352/457
[A[ATraining Step: 177  | total loss: [1m[32m0.38113[0m[0m | time: 14.972s
[2K
| Adam | epoch: 012 | loss: 0.38113 - acc: 0.8414 -- iter: 384/457
[A[ATraining Step: 178  | total loss: [1m[32m0.38661[0m[0m | time: 16.522s
[2K
| Adam | epoch: 012 | loss: 0.38661 - acc: 0.8385 -- iter: 416/457
[A[ATraining Step: 179  | total loss: [1m[32m0.37691[0m[0m | time: 18.012s
[2K
| Adam | epoch: 012 | loss: 0.37691 - acc: 0.8453 -- iter: 448/457
[A[ATraining Step: 180  | total loss: [1m[32m0.38486[0m[0m | time: 20.254s
[2K
| Adam | epoch: 012 | loss: 0.38486 - acc: 0.8420 | val_loss: 0.62196 - val_acc: 0.7203 -- iter: 457/457
--
Training Step: 181  | total loss: [1m[32m0.38226[0m[0m | time: 1.586s
[2K
| Adam | epoch: 013 | loss: 0.38226 - acc: 0.8359 -- iter: 032/457
[A[ATraining Step: 182  | total loss: [1m[32m0.36941[0m[0m | time: 3.050s
[2K
| Adam | epoch: 013 | loss: 0.36941 - acc: 0.8429 -- iter: 064/457
[A[ATraining Step: 183  | total loss: [1m[32m0.35736[0m[0m | time: 5.566s
[2K
| Adam | epoch: 013 | loss: 0.35736 - acc: 0.8493 -- iter: 096/457
[A[ATraining Step: 184  | total loss: [1m[32m0.35148[0m[0m | time: 8.399s
[2K
| Adam | epoch: 013 | loss: 0.35148 - acc: 0.8518 -- iter: 128/457
[A[ATraining Step: 185  | total loss: [1m[32m0.36525[0m[0m | time: 13.502s
[2K
| Adam | epoch: 013 | loss: 0.36525 - acc: 0.8479 -- iter: 160/457
[A[ATraining Step: 186  | total loss: [1m[32m0.37990[0m[0m | time: 14.991s
[2K
| Adam | epoch: 013 | loss: 0.37990 - acc: 0.8381 -- iter: 192/457
[A[ATraining Step: 187  | total loss: [1m[32m0.39277[0m[0m | time: 16.434s
[2K
| Adam | epoch: 013 | loss: 0.39277 - acc: 0.8324 -- iter: 224/457
[A[ATraining Step: 188  | total loss: [1m[32m0.40479[0m[0m | time: 17.901s
[2K
| Adam | epoch: 013 | loss: 0.40479 - acc: 0.8211 -- iter: 256/457
[A[ATraining Step: 189  | total loss: [1m[32m0.37916[0m[0m | time: 19.349s
[2K
| Adam | epoch: 013 | loss: 0.37916 - acc: 0.8327 -- iter: 288/457
[A[ATraining Step: 190  | total loss: [1m[32m0.37171[0m[0m | time: 20.601s
[2K
| Adam | epoch: 013 | loss: 0.37171 - acc: 0.8369 -- iter: 320/457
[A[ATraining Step: 191  | total loss: [1m[32m0.39242[0m[0m | time: 21.019s
[2K
| Adam | epoch: 013 | loss: 0.39242 - acc: 0.8282 -- iter: 352/457
[A[ATraining Step: 192  | total loss: [1m[32m0.46941[0m[0m | time: 21.470s
[2K
| Adam | epoch: 013 | loss: 0.46941 - acc: 0.7899 -- iter: 384/457
[A[ATraining Step: 193  | total loss: [1m[32m0.47398[0m[0m | time: 22.733s
[2K
| Adam | epoch: 013 | loss: 0.47398 - acc: 0.7887 -- iter: 416/457
[A[ATraining Step: 194  | total loss: [1m[32m0.46494[0m[0m | time: 23.882s
[2K
| Adam | epoch: 013 | loss: 0.46494 - acc: 0.7942 -- iter: 448/457
[A[ATraining Step: 195  | total loss: [1m[32m0.46388[0m[0m | time: 26.495s
[2K
| Adam | epoch: 013 | loss: 0.46388 - acc: 0.7929 | val_loss: 0.55836 - val_acc: 0.7413 -- iter: 457/457
--
Training Step: 196  | total loss: [1m[32m0.45416[0m[0m | time: 6.213s
[2K
| Adam | epoch: 014 | loss: 0.45416 - acc: 0.7980 -- iter: 032/457
[A[ATraining Step: 197  | total loss: [1m[32m0.44283[0m[0m | time: 8.501s
[2K
| Adam | epoch: 014 | loss: 0.44283 - acc: 0.8025 -- iter: 064/457
[A[ATraining Step: 198  | total loss: [1m[32m0.43172[0m[0m | time: 10.027s
[2K
| Adam | epoch: 014 | loss: 0.43172 - acc: 0.8160 -- iter: 096/457
[A[ATraining Step: 199  | total loss: [1m[32m0.42700[0m[0m | time: 11.555s
[2K
| Adam | epoch: 014 | loss: 0.42700 - acc: 0.8188 -- iter: 128/457
[A[ATraining Step: 200  | total loss: [1m[32m0.42069[0m[0m | time: 14.013s
[2K
| Adam | epoch: 014 | loss: 0.42069 - acc: 0.8213 | val_loss: 0.57158 - val_acc: 0.7343 -- iter: 160/457
--
Training Step: 201  | total loss: [1m[32m0.40514[0m[0m | time: 15.555s
[2K
| Adam | epoch: 014 | loss: 0.40514 - acc: 0.8298 -- iter: 192/457
[A[ATraining Step: 202  | total loss: [1m[32m0.39733[0m[0m | time: 16.844s
[2K
| Adam | epoch: 014 | loss: 0.39733 - acc: 0.8343 -- iter: 224/457
[A[ATraining Step: 203  | total loss: [1m[32m0.39645[0m[0m | time: 18.180s
[2K
| Adam | epoch: 014 | loss: 0.39645 - acc: 0.8290 -- iter: 256/457
[A[ATraining Step: 204  | total loss: [1m[32m0.38703[0m[0m | time: 19.649s
[2K
| Adam | epoch: 014 | loss: 0.38703 - acc: 0.8367 -- iter: 288/457
[A[ATraining Step: 205  | total loss: [1m[32m0.37907[0m[0m | time: 20.980s
[2K
| Adam | epoch: 014 | loss: 0.37907 - acc: 0.8406 -- iter: 320/457
[A[ATraining Step: 206  | total loss: [1m[32m0.37152[0m[0m | time: 22.144s
[2K
| Adam | epoch: 014 | loss: 0.37152 - acc: 0.8440 -- iter: 352/457
[A[ATraining Step: 207  | total loss: [1m[32m0.35799[0m[0m | time: 22.611s
[2K
| Adam | epoch: 014 | loss: 0.35799 - acc: 0.8440 -- iter: 384/457
[A[ATraining Step: 208  | total loss: [1m[32m0.40115[0m[0m | time: 23.044s
[2K
| Adam | epoch: 014 | loss: 0.40115 - acc: 0.8262 -- iter: 416/457
[A[ATraining Step: 209  | total loss: [1m[32m0.39023[0m[0m | time: 24.225s
[2K
| Adam | epoch: 014 | loss: 0.39023 - acc: 0.8214 -- iter: 448/457
[A[ATraining Step: 210  | total loss: [1m[32m0.38191[0m[0m | time: 26.792s
[2K
| Adam | epoch: 014 | loss: 0.38191 - acc: 0.8268 | val_loss: 0.58195 - val_acc: 0.7343 -- iter: 457/457
--
Training Step: 211  | total loss: [1m[32m0.37328[0m[0m | time: 0.788s
[2K
| Adam | epoch: 015 | loss: 0.37328 - acc: 0.8316 -- iter: 032/457
[A[ATraining Step: 212  | total loss: [1m[32m0.35970[0m[0m | time: 1.659s
[2K
| Adam | epoch: 015 | loss: 0.35970 - acc: 0.8359 -- iter: 064/457
[A[ATraining Step: 213  | total loss: [1m[32m0.35445[0m[0m | time: 2.547s
[2K
| Adam | epoch: 015 | loss: 0.35445 - acc: 0.8367 -- iter: 096/457
[A[ATraining Step: 214  | total loss: [1m[32m0.34809[0m[0m | time: 3.438s
[2K
| Adam | epoch: 015 | loss: 0.34809 - acc: 0.8437 -- iter: 128/457
[A[ATraining Step: 215  | total loss: [1m[32m0.33333[0m[0m | time: 4.341s
[2K
| Adam | epoch: 015 | loss: 0.33333 - acc: 0.8530 -- iter: 160/457
[A[ATraining Step: 216  | total loss: [1m[32m0.31589[0m[0m | time: 5.411s
[2K
| Adam | epoch: 015 | loss: 0.31589 - acc: 0.8615 -- iter: 192/457
[A[ATraining Step: 217  | total loss: [1m[32m0.29236[0m[0m | time: 6.438s
[2K
| Adam | epoch: 015 | loss: 0.29236 - acc: 0.8722 -- iter: 224/457
[A[ATraining Step: 218  | total loss: [1m[32m0.28497[0m[0m | time: 7.354s
[2K
| Adam | epoch: 015 | loss: 0.28497 - acc: 0.8756 -- iter: 256/457
[A[ATraining Step: 219  | total loss: [1m[32m0.27121[0m[0m | time: 8.243s
[2K
| Adam | epoch: 015 | loss: 0.27121 - acc: 0.8818 -- iter: 288/457
[A[ATraining Step: 220  | total loss: [1m[32m0.26792[0m[0m | time: 9.529s
[2K
| Adam | epoch: 015 | loss: 0.26792 - acc: 0.8843 -- iter: 320/457
[A[ATraining Step: 221  | total loss: [1m[32m0.26573[0m[0m | time: 11.117s
[2K
| Adam | epoch: 015 | loss: 0.26573 - acc: 0.8802 -- iter: 352/457
[A[ATraining Step: 222  | total loss: [1m[32m0.25736[0m[0m | time: 12.546s
[2K
| Adam | epoch: 015 | loss: 0.25736 - acc: 0.8891 -- iter: 384/457
[A[ATraining Step: 223  | total loss: [1m[32m0.26788[0m[0m | time: 12.943s
[2K
| Adam | epoch: 015 | loss: 0.26788 - acc: 0.8845 -- iter: 416/457
[A[ATraining Step: 224  | total loss: [1m[32m0.24724[0m[0m | time: 13.375s
[2K
| Adam | epoch: 015 | loss: 0.24724 - acc: 0.8961 -- iter: 448/457
[A[ATraining Step: 225  | total loss: [1m[32m0.22968[0m[0m | time: 15.601s
[2K
| Adam | epoch: 015 | loss: 0.22968 - acc: 0.9065 | val_loss: 0.59196 - val_acc: 0.7762 -- iter: 457/457
--
Training Step: 226  | total loss: [1m[32m0.22367[0m[0m | time: 0.990s
[2K
| Adam | epoch: 016 | loss: 0.22367 - acc: 0.9064 -- iter: 032/457
[A[ATraining Step: 227  | total loss: [1m[32m0.22119[0m[0m | time: 2.181s
[2K
| Adam | epoch: 016 | loss: 0.22119 - acc: 0.9033 -- iter: 064/457
[A[ATraining Step: 228  | total loss: [1m[32m0.21382[0m[0m | time: 3.432s
[2K
| Adam | epoch: 016 | loss: 0.21382 - acc: 0.9067 -- iter: 096/457
[A[ATraining Step: 229  | total loss: [1m[32m0.20019[0m[0m | time: 4.485s
[2K
| Adam | epoch: 016 | loss: 0.20019 - acc: 0.9160 -- iter: 128/457
[A[ATraining Step: 230  | total loss: [1m[32m0.18995[0m[0m | time: 5.295s
[2K
| Adam | epoch: 016 | loss: 0.18995 - acc: 0.9213 -- iter: 160/457
[A[ATraining Step: 231  | total loss: [1m[32m0.18775[0m[0m | time: 6.177s
[2K
| Adam | epoch: 016 | loss: 0.18775 - acc: 0.9261 -- iter: 192/457
[A[ATraining Step: 232  | total loss: [1m[32m0.18017[0m[0m | time: 7.090s
[2K
| Adam | epoch: 016 | loss: 0.18017 - acc: 0.9303 -- iter: 224/457
[A[ATraining Step: 233  | total loss: [1m[32m0.18478[0m[0m | time: 7.972s
[2K
| Adam | epoch: 016 | loss: 0.18478 - acc: 0.9279 -- iter: 256/457
[A[ATraining Step: 234  | total loss: [1m[32m0.17174[0m[0m | time: 8.933s
[2K
| Adam | epoch: 016 | loss: 0.17174 - acc: 0.9351 -- iter: 288/457
[A[ATraining Step: 235  | total loss: [1m[32m0.16964[0m[0m | time: 9.855s
[2K
| Adam | epoch: 016 | loss: 0.16964 - acc: 0.9385 -- iter: 320/457
[A[ATraining Step: 236  | total loss: [1m[32m0.16491[0m[0m | time: 10.841s
[2K
| Adam | epoch: 016 | loss: 0.16491 - acc: 0.9415 -- iter: 352/457
[A[ATraining Step: 237  | total loss: [1m[32m0.17727[0m[0m | time: 11.805s
[2K
| Adam | epoch: 016 | loss: 0.17727 - acc: 0.9380 -- iter: 384/457
[A[ATraining Step: 238  | total loss: [1m[32m0.18100[0m[0m | time: 12.754s
[2K
| Adam | epoch: 016 | loss: 0.18100 - acc: 0.9348 -- iter: 416/457
[A[ATraining Step: 239  | total loss: [1m[32m0.17715[0m[0m | time: 13.187s
[2K
| Adam | epoch: 016 | loss: 0.17715 - acc: 0.9382 -- iter: 448/457
[A[ATraining Step: 240  | total loss: [1m[32m0.19218[0m[0m | time: 14.648s
[2K
| Adam | epoch: 016 | loss: 0.19218 - acc: 0.9333 | val_loss: 0.56172 - val_acc: 0.7692 -- iter: 457/457
--
Training Step: 241  | total loss: [1m[32m0.17795[0m[0m | time: 0.926s
[2K
| Adam | epoch: 017 | loss: 0.17795 - acc: 0.9400 -- iter: 032/457
[A[ATraining Step: 242  | total loss: [1m[32m0.18404[0m[0m | time: 1.880s
[2K
| Adam | epoch: 017 | loss: 0.18404 - acc: 0.9366 -- iter: 064/457
[A[ATraining Step: 243  | total loss: [1m[32m0.17087[0m[0m | time: 2.806s
[2K
| Adam | epoch: 017 | loss: 0.17087 - acc: 0.9429 -- iter: 096/457
[A[ATraining Step: 244  | total loss: [1m[32m0.15791[0m[0m | time: 3.744s
[2K
| Adam | epoch: 017 | loss: 0.15791 - acc: 0.9486 -- iter: 128/457
[A[ATraining Step: 245  | total loss: [1m[32m0.15065[0m[0m | time: 4.788s
[2K
| Adam | epoch: 017 | loss: 0.15065 - acc: 0.9538 -- iter: 160/457
[A[ATraining Step: 246  | total loss: [1m[32m0.14329[0m[0m | time: 5.849s
[2K
| Adam | epoch: 017 | loss: 0.14329 - acc: 0.9584 -- iter: 192/457
[A[ATraining Step: 247  | total loss: [1m[32m0.13490[0m[0m | time: 6.748s
[2K
| Adam | epoch: 017 | loss: 0.13490 - acc: 0.9594 -- iter: 224/457
[A[ATraining Step: 248  | total loss: [1m[32m0.12923[0m[0m | time: 7.661s
[2K
| Adam | epoch: 017 | loss: 0.12923 - acc: 0.9604 -- iter: 256/457
[A[ATraining Step: 249  | total loss: [1m[32m0.12754[0m[0m | time: 8.842s
[2K
| Adam | epoch: 017 | loss: 0.12754 - acc: 0.9612 -- iter: 288/457
[A[ATraining Step: 250  | total loss: [1m[32m0.11875[0m[0m | time: 10.059s
[2K
| Adam | epoch: 017 | loss: 0.11875 - acc: 0.9651 -- iter: 320/457
[A[ATraining Step: 251  | total loss: [1m[32m0.12865[0m[0m | time: 11.002s
[2K
| Adam | epoch: 017 | loss: 0.12865 - acc: 0.9592 -- iter: 352/457
[A[ATraining Step: 252  | total loss: [1m[32m0.13796[0m[0m | time: 11.820s
[2K
| Adam | epoch: 017 | loss: 0.13796 - acc: 0.9539 -- iter: 384/457
[A[ATraining Step: 253  | total loss: [1m[32m0.12758[0m[0m | time: 12.731s
[2K
| Adam | epoch: 017 | loss: 0.12758 - acc: 0.9585 -- iter: 416/457
[A[ATraining Step: 254  | total loss: [1m[32m0.11963[0m[0m | time: 13.696s
[2K
| Adam | epoch: 017 | loss: 0.11963 - acc: 0.9595 -- iter: 448/457
[A[ATraining Step: 255  | total loss: [1m[32m0.15479[0m[0m | time: 15.010s
[2K
| Adam | epoch: 017 | loss: 0.15479 - acc: 0.9511 | val_loss: 0.64736 - val_acc: 0.7832 -- iter: 457/457
--
Training Step: 256  | total loss: [1m[32m0.51169[0m[0m | time: 0.523s
[2K
| Adam | epoch: 018 | loss: 0.51169 - acc: 0.9004 -- iter: 032/457
[A[ATraining Step: 257  | total loss: [1m[32m0.46281[0m[0m | time: 2.087s
[2K
| Adam | epoch: 018 | loss: 0.46281 - acc: 0.9104 -- iter: 064/457
[A[ATraining Step: 258  | total loss: [1m[32m0.42175[0m[0m | time: 3.649s
[2K
| Adam | epoch: 018 | loss: 0.42175 - acc: 0.9193 -- iter: 096/457
[A[ATraining Step: 259  | total loss: [1m[32m0.38538[0m[0m | time: 4.852s
[2K
| Adam | epoch: 018 | loss: 0.38538 - acc: 0.9243 -- iter: 128/457
[A[ATraining Step: 260  | total loss: [1m[32m0.35030[0m[0m | time: 11.493s
[2K
| Adam | epoch: 018 | loss: 0.35030 - acc: 0.9319 -- iter: 160/457
[A[ATraining Step: 261  | total loss: [1m[32m0.33324[0m[0m | time: 12.859s
[2K
| Adam | epoch: 018 | loss: 0.33324 - acc: 0.9293 -- iter: 192/457
[A[ATraining Step: 262  | total loss: [1m[32m0.31181[0m[0m | time: 14.279s
[2K
| Adam | epoch: 018 | loss: 0.31181 - acc: 0.9364 -- iter: 224/457
[A[ATraining Step: 263  | total loss: [1m[32m0.28764[0m[0m | time: 15.617s
[2K
| Adam | epoch: 018 | loss: 0.28764 - acc: 0.9396 -- iter: 256/457
[A[ATraining Step: 264  | total loss: [1m[32m0.28020[0m[0m | time: 16.822s
[2K
| Adam | epoch: 018 | loss: 0.28020 - acc: 0.9331 -- iter: 288/457
[A[ATraining Step: 265  | total loss: [1m[32m0.26115[0m[0m | time: 18.057s
[2K
| Adam | epoch: 018 | loss: 0.26115 - acc: 0.9367 -- iter: 320/457
[A[ATraining Step: 266  | total loss: [1m[32m0.24557[0m[0m | time: 19.511s
[2K
| Adam | epoch: 018 | loss: 0.24557 - acc: 0.9399 -- iter: 352/457
[A[ATraining Step: 267  | total loss: [1m[32m0.22549[0m[0m | time: 20.910s
[2K
| Adam | epoch: 018 | loss: 0.22549 - acc: 0.9459 -- iter: 384/457
[A[ATraining Step: 268  | total loss: [1m[32m0.21796[0m[0m | time: 22.305s
[2K
| Adam | epoch: 018 | loss: 0.21796 - acc: 0.9451 -- iter: 416/457
[A[ATraining Step: 269  | total loss: [1m[32m0.20287[0m[0m | time: 24.944s
[2K
| Adam | epoch: 018 | loss: 0.20287 - acc: 0.9506 -- iter: 448/457
[A[ATraining Step: 270  | total loss: [1m[32m0.19456[0m[0m | time: 27.291s
[2K
| Adam | epoch: 018 | loss: 0.19456 - acc: 0.9493 | val_loss: 0.52459 - val_acc: 0.8042 -- iter: 457/457
--
Training Step: 271  | total loss: [1m[32m0.19530[0m[0m | time: 0.467s
[2K
| Adam | epoch: 019 | loss: 0.19530 - acc: 0.9481 -- iter: 032/457
[A[ATraining Step: 272  | total loss: [1m[32m0.23449[0m[0m | time: 0.989s
[2K
| Adam | epoch: 019 | loss: 0.23449 - acc: 0.9311 -- iter: 064/457
[A[ATraining Step: 273  | total loss: [1m[32m0.21751[0m[0m | time: 2.396s
[2K
| Adam | epoch: 019 | loss: 0.21751 - acc: 0.9379 -- iter: 096/457
[A[ATraining Step: 274  | total loss: [1m[32m0.20602[0m[0m | time: 3.491s
[2K
| Adam | epoch: 019 | loss: 0.20602 - acc: 0.9410 -- iter: 128/457
[A[ATraining Step: 275  | total loss: [1m[32m0.19972[0m[0m | time: 4.966s
[2K
| Adam | epoch: 019 | loss: 0.19972 - acc: 0.9344 -- iter: 160/457
[A[ATraining Step: 276  | total loss: [1m[32m0.18470[0m[0m | time: 6.404s
[2K
| Adam | epoch: 019 | loss: 0.18470 - acc: 0.9410 -- iter: 192/457
[A[ATraining Step: 277  | total loss: [1m[32m0.17030[0m[0m | time: 7.917s
[2K
| Adam | epoch: 019 | loss: 0.17030 - acc: 0.9469 -- iter: 224/457
[A[ATraining Step: 278  | total loss: [1m[32m0.15846[0m[0m | time: 14.031s
[2K
| Adam | epoch: 019 | loss: 0.15846 - acc: 0.9522 -- iter: 256/457
[A[ATraining Step: 279  | total loss: [1m[32m0.17986[0m[0m | time: 20.654s
[2K
| Adam | epoch: 019 | loss: 0.17986 - acc: 0.9414 -- iter: 288/457
[A[ATraining Step: 280  | total loss: [1m[32m0.16735[0m[0m | time: 25.794s
[2K
| Adam | epoch: 019 | loss: 0.16735 - acc: 0.9472 -- iter: 320/457
[A[ATraining Step: 281  | total loss: [1m[32m0.16497[0m[0m | time: 27.136s
[2K
| Adam | epoch: 019 | loss: 0.16497 - acc: 0.9494 -- iter: 352/457
[A[ATraining Step: 282  | total loss: [1m[32m0.15148[0m[0m | time: 28.677s
[2K
| Adam | epoch: 019 | loss: 0.15148 - acc: 0.9544 -- iter: 384/457
[A[ATraining Step: 283  | total loss: [1m[32m0.14582[0m[0m | time: 30.124s
[2K
| Adam | epoch: 019 | loss: 0.14582 - acc: 0.9559 -- iter: 416/457
[A[ATraining Step: 284  | total loss: [1m[32m0.15399[0m[0m | time: 31.439s
[2K
| Adam | epoch: 019 | loss: 0.15399 - acc: 0.9509 -- iter: 448/457
[A[ATraining Step: 285  | total loss: [1m[32m0.14450[0m[0m | time: 34.102s
[2K
| Adam | epoch: 019 | loss: 0.14450 - acc: 0.9527 | val_loss: 0.51882 - val_acc: 0.8112 -- iter: 457/457
--
Training Step: 286  | total loss: [1m[32m0.13430[0m[0m | time: 1.466s
[2K
| Adam | epoch: 020 | loss: 0.13430 - acc: 0.9574 -- iter: 032/457
[A[ATraining Step: 287  | total loss: [1m[32m0.12447[0m[0m | time: 1.985s
[2K
| Adam | epoch: 020 | loss: 0.12447 - acc: 0.9617 -- iter: 064/457
[A[ATraining Step: 288  | total loss: [1m[32m0.18747[0m[0m | time: 2.456s
[2K
| Adam | epoch: 020 | loss: 0.18747 - acc: 0.9433 -- iter: 096/457
[A[ATraining Step: 289  | total loss: [1m[32m0.17594[0m[0m | time: 3.826s
[2K
| Adam | epoch: 020 | loss: 0.17594 - acc: 0.9490 -- iter: 128/457
[A[ATraining Step: 290  | total loss: [1m[32m0.16621[0m[0m | time: 5.997s
[2K
| Adam | epoch: 020 | loss: 0.16621 - acc: 0.9509 -- iter: 160/457
[A[ATraining Step: 291  | total loss: [1m[32m0.15176[0m[0m | time: 16.260s
[2K
| Adam | epoch: 020 | loss: 0.15176 - acc: 0.9558 -- iter: 192/457
[A[ATraining Step: 292  | total loss: [1m[32m0.13929[0m[0m | time: 28.065s
[2K
| Adam | epoch: 020 | loss: 0.13929 - acc: 0.9603 -- iter: 224/457
[A[ATraining Step: 293  | total loss: [1m[32m0.12811[0m[0m | time: 29.469s
[2K
| Adam | epoch: 020 | loss: 0.12811 - acc: 0.9642 -- iter: 256/457
[A[ATraining Step: 294  | total loss: [1m[32m0.12964[0m[0m | time: 31.108s
[2K
| Adam | epoch: 020 | loss: 0.12964 - acc: 0.9647 -- iter: 288/457
[A[ATraining Step: 295  | total loss: [1m[32m0.13052[0m[0m | time: 32.452s
[2K
| Adam | epoch: 020 | loss: 0.13052 - acc: 0.9620 -- iter: 320/457
[A[ATraining Step: 296  | total loss: [1m[32m0.11997[0m[0m | time: 33.702s
[2K
| Adam | epoch: 020 | loss: 0.11997 - acc: 0.9658 -- iter: 352/457
[A[ATraining Step: 297  | total loss: [1m[32m0.10999[0m[0m | time: 35.138s
[2K
| Adam | epoch: 020 | loss: 0.10999 - acc: 0.9692 -- iter: 384/457
[A[ATraining Step: 298  | total loss: [1m[32m0.11733[0m[0m | time: 36.692s
[2K
| Adam | epoch: 020 | loss: 0.11733 - acc: 0.9629 -- iter: 416/457
[A[ATraining Step: 299  | total loss: [1m[32m0.12039[0m[0m | time: 38.036s
[2K
| Adam | epoch: 020 | loss: 0.12039 - acc: 0.9572 -- iter: 448/457
[A[ATraining Step: 300  | total loss: [1m[32m0.12028[0m[0m | time: 40.885s
[2K
| Adam | epoch: 020 | loss: 0.12028 - acc: 0.9553 | val_loss: 0.60779 - val_acc: 0.8182 -- iter: 457/457
--
Training Step: 301  | total loss: [1m[32m0.11184[0m[0m | time: 1.213s
[2K
| Adam | epoch: 021 | loss: 0.11184 - acc: 0.9597 -- iter: 032/457
[A[ATraining Step: 302  | total loss: [1m[32m0.10524[0m[0m | time: 2.377s
[2K
| Adam | epoch: 021 | loss: 0.10524 - acc: 0.9638 -- iter: 064/457
[A[ATraining Step: 303  | total loss: [1m[32m0.10270[0m[0m | time: 2.846s
[2K
| Adam | epoch: 021 | loss: 0.10270 - acc: 0.9674 -- iter: 096/457
[A[ATraining Step: 304  | total loss: [1m[32m0.16143[0m[0m | time: 3.379s
[2K
| Adam | epoch: 021 | loss: 0.16143 - acc: 0.9595 -- iter: 128/457
[A[ATraining Step: 305  | total loss: [1m[32m0.14668[0m[0m | time: 4.903s
[2K
| Adam | epoch: 021 | loss: 0.14668 - acc: 0.9636 -- iter: 160/457
[A[ATraining Step: 306  | total loss: [1m[32m0.13351[0m[0m | time: 6.445s
[2K
| Adam | epoch: 021 | loss: 0.13351 - acc: 0.9672 -- iter: 192/457
[A[ATraining Step: 307  | total loss: [1m[32m0.12222[0m[0m | time: 7.874s
[2K
| Adam | epoch: 021 | loss: 0.12222 - acc: 0.9705 -- iter: 224/457
[A[ATraining Step: 308  | total loss: [1m[32m0.11657[0m[0m | time: 9.269s
[2K
| Adam | epoch: 021 | loss: 0.11657 - acc: 0.9703 -- iter: 256/457
[A[ATraining Step: 309  | total loss: [1m[32m0.11254[0m[0m | time: 10.664s
[2K
| Adam | epoch: 021 | loss: 0.11254 - acc: 0.9702 -- iter: 288/457
[A[ATraining Step: 310  | total loss: [1m[32m0.11351[0m[0m | time: 11.900s
[2K
| Adam | epoch: 021 | loss: 0.11351 - acc: 0.9700 -- iter: 320/457
[A[ATraining Step: 311  | total loss: [1m[32m0.10471[0m[0m | time: 13.417s
[2K
| Adam | epoch: 021 | loss: 0.10471 - acc: 0.9730 -- iter: 352/457
[A[ATraining Step: 312  | total loss: [1m[32m0.09653[0m[0m | time: 14.927s
[2K
| Adam | epoch: 021 | loss: 0.09653 - acc: 0.9757 -- iter: 384/457
[A[ATraining Step: 313  | total loss: [1m[32m0.09307[0m[0m | time: 16.288s
[2K
| Adam | epoch: 021 | loss: 0.09307 - acc: 0.9781 -- iter: 416/457
[A[ATraining Step: 314  | total loss: [1m[32m0.09531[0m[0m | time: 18.038s
[2K
| Adam | epoch: 021 | loss: 0.09531 - acc: 0.9741 -- iter: 448/457
[A[ATraining Step: 315  | total loss: [1m[32m0.08898[0m[0m | time: 20.295s
[2K
| Adam | epoch: 021 | loss: 0.08898 - acc: 0.9767 | val_loss: 0.43961 - val_acc: 0.8462 -- iter: 457/457
--
Training Step: 316  | total loss: [1m[32m0.08236[0m[0m | time: 1.754s
[2K
| Adam | epoch: 022 | loss: 0.08236 - acc: 0.9790 -- iter: 032/457
[A[ATraining Step: 317  | total loss: [1m[32m0.08923[0m[0m | time: 3.094s
[2K
| Adam | epoch: 022 | loss: 0.08923 - acc: 0.9780 -- iter: 064/457
[A[ATraining Step: 318  | total loss: [1m[32m0.08422[0m[0m | time: 4.241s
[2K
| Adam | epoch: 022 | loss: 0.08422 - acc: 0.9802 -- iter: 096/457
[A[ATraining Step: 319  | total loss: [1m[32m0.08397[0m[0m | time: 4.686s
[2K
| Adam | epoch: 022 | loss: 0.08397 - acc: 0.9759 -- iter: 128/457
[A[ATraining Step: 320  | total loss: [1m[32m0.07673[0m[0m | time: 5.100s
[2K
| Adam | epoch: 022 | loss: 0.07673 - acc: 0.9783 -- iter: 160/457
[A[ATraining Step: 321  | total loss: [1m[32m0.07002[0m[0m | time: 6.485s
[2K
| Adam | epoch: 022 | loss: 0.07002 - acc: 0.9805 -- iter: 192/457
[A[ATraining Step: 322  | total loss: [1m[32m0.06465[0m[0m | time: 7.790s
[2K
| Adam | epoch: 022 | loss: 0.06465 - acc: 0.9824 -- iter: 224/457
[A[ATraining Step: 323  | total loss: [1m[32m0.06005[0m[0m | time: 8.834s
[2K
| Adam | epoch: 022 | loss: 0.06005 - acc: 0.9842 -- iter: 256/457
[A[ATraining Step: 324  | total loss: [1m[32m0.05570[0m[0m | time: 9.751s
[2K
| Adam | epoch: 022 | loss: 0.05570 - acc: 0.9858 -- iter: 288/457
[A[ATraining Step: 325  | total loss: [1m[32m0.05652[0m[0m | time: 10.715s
[2K
| Adam | epoch: 022 | loss: 0.05652 - acc: 0.9841 -- iter: 320/457
[A[ATraining Step: 326  | total loss: [1m[32m0.05185[0m[0m | time: 11.680s
[2K
| Adam | epoch: 022 | loss: 0.05185 - acc: 0.9857 -- iter: 352/457
[A[ATraining Step: 327  | total loss: [1m[32m0.04835[0m[0m | time: 12.551s
[2K
| Adam | epoch: 022 | loss: 0.04835 - acc: 0.9871 -- iter: 384/457
[A[ATraining Step: 328  | total loss: [1m[32m0.04456[0m[0m | time: 13.765s
[2K
| Adam | epoch: 022 | loss: 0.04456 - acc: 0.9884 -- iter: 416/457
[A[ATraining Step: 329  | total loss: [1m[32m0.04125[0m[0m | time: 14.987s
[2K
| Adam | epoch: 022 | loss: 0.04125 - acc: 0.9896 -- iter: 448/457
[A[ATraining Step: 330  | total loss: [1m[32m0.03947[0m[0m | time: 17.277s
[2K
| Adam | epoch: 022 | loss: 0.03947 - acc: 0.9906 | val_loss: 0.64871 - val_acc: 0.7972 -- iter: 457/457
--
Training Step: 331  | total loss: [1m[32m0.03845[0m[0m | time: 0.902s
[2K
| Adam | epoch: 023 | loss: 0.03845 - acc: 0.9915 -- iter: 032/457
[A[ATraining Step: 332  | total loss: [1m[32m0.03518[0m[0m | time: 1.837s
[2K
| Adam | epoch: 023 | loss: 0.03518 - acc: 0.9924 -- iter: 064/457
[A[ATraining Step: 333  | total loss: [1m[32m0.04349[0m[0m | time: 2.783s
[2K
| Adam | epoch: 023 | loss: 0.04349 - acc: 0.9900 -- iter: 096/457
[A[ATraining Step: 334  | total loss: [1m[32m0.03990[0m[0m | time: 3.729s
[2K
| Adam | epoch: 023 | loss: 0.03990 - acc: 0.9910 -- iter: 128/457
[A[ATraining Step: 335  | total loss: [1m[32m0.03797[0m[0m | time: 4.004s
[2K
| Adam | epoch: 023 | loss: 0.03797 - acc: 0.9919 -- iter: 160/457
[A[ATraining Step: 336  | total loss: [1m[32m0.03433[0m[0m | time: 4.286s
[2K
| Adam | epoch: 023 | loss: 0.03433 - acc: 0.9927 -- iter: 192/457
[A[ATraining Step: 337  | total loss: [1m[32m0.03101[0m[0m | time: 5.156s
[2K
| Adam | epoch: 023 | loss: 0.03101 - acc: 0.9935 -- iter: 224/457
[A[ATraining Step: 338  | total loss: [1m[32m0.05190[0m[0m | time: 6.038s
[2K
| Adam | epoch: 023 | loss: 0.05190 - acc: 0.9879 -- iter: 256/457
[A[ATraining Step: 339  | total loss: [1m[32m0.05078[0m[0m | time: 7.147s
[2K
| Adam | epoch: 023 | loss: 0.05078 - acc: 0.9859 -- iter: 288/457
[A[ATraining Step: 340  | total loss: [1m[32m0.04898[0m[0m | time: 8.482s
[2K
| Adam | epoch: 023 | loss: 0.04898 - acc: 0.9842 -- iter: 320/457
[A[ATraining Step: 341  | total loss: [1m[32m0.04458[0m[0m | time: 9.708s
[2K
| Adam | epoch: 023 | loss: 0.04458 - acc: 0.9858 -- iter: 352/457
[A[ATraining Step: 342  | total loss: [1m[32m0.04072[0m[0m | time: 10.448s
[2K
| Adam | epoch: 023 | loss: 0.04072 - acc: 0.9872 -- iter: 384/457
[A[ATraining Step: 343  | total loss: [1m[32m0.03801[0m[0m | time: 11.447s
[2K
| Adam | epoch: 023 | loss: 0.03801 - acc: 0.9885 -- iter: 416/457
[A[ATraining Step: 344  | total loss: [1m[32m0.03708[0m[0m | time: 12.388s
[2K
| Adam | epoch: 023 | loss: 0.03708 - acc: 0.9897 -- iter: 448/457
[A[ATraining Step: 345  | total loss: [1m[32m0.03533[0m[0m | time: 14.364s
[2K
| Adam | epoch: 023 | loss: 0.03533 - acc: 0.9907 | val_loss: 0.72411 - val_acc: 0.8042 -- iter: 457/457
--
Training Step: 346  | total loss: [1m[32m0.03416[0m[0m | time: 1.012s
[2K
| Adam | epoch: 024 | loss: 0.03416 - acc: 0.9916 -- iter: 032/457
[A[ATraining Step: 347  | total loss: [1m[32m0.03289[0m[0m | time: 2.747s
[2K
| Adam | epoch: 024 | loss: 0.03289 - acc: 0.9925 -- iter: 064/457
[A[ATraining Step: 348  | total loss: [1m[32m0.02990[0m[0m | time: 4.244s
[2K
| Adam | epoch: 024 | loss: 0.02990 - acc: 0.9932 -- iter: 096/457
[A[ATraining Step: 349  | total loss: [1m[32m0.02744[0m[0m | time: 6.688s
[2K
| Adam | epoch: 024 | loss: 0.02744 - acc: 0.9939 -- iter: 128/457
[A[ATraining Step: 350  | total loss: [1m[32m0.02896[0m[0m | time: 10.702s
[2K
| Adam | epoch: 024 | loss: 0.02896 - acc: 0.9945 -- iter: 160/457
[A[ATraining Step: 351  | total loss: [1m[32m0.02854[0m[0m | time: 19.851s
[2K
| Adam | epoch: 024 | loss: 0.02854 - acc: 0.9951 -- iter: 192/457
[A[ATraining Step: 352  | total loss: [1m[32m0.17716[0m[0m | time: 20.715s
[2K
| Adam | epoch: 024 | loss: 0.17716 - acc: 0.9733 -- iter: 224/457
[A[ATraining Step: 353  | total loss: [1m[32m0.16692[0m[0m | time: 21.809s
[2K
| Adam | epoch: 024 | loss: 0.16692 - acc: 0.9760 -- iter: 256/457
[A[ATraining Step: 354  | total loss: [1m[32m0.15507[0m[0m | time: 23.107s
[2K
| Adam | epoch: 024 | loss: 0.15507 - acc: 0.9753 -- iter: 288/457
[A[ATraining Step: 355  | total loss: [1m[32m0.14305[0m[0m | time: 24.338s
[2K
| Adam | epoch: 024 | loss: 0.14305 - acc: 0.9746 -- iter: 320/457
[A[ATraining Step: 356  | total loss: [1m[32m0.14909[0m[0m | time: 25.579s
[2K
| Adam | epoch: 024 | loss: 0.14909 - acc: 0.9678 -- iter: 352/457
[A[ATraining Step: 357  | total loss: [1m[32m0.14989[0m[0m | time: 26.822s
[2K
| Adam | epoch: 024 | loss: 0.14989 - acc: 0.9585 -- iter: 384/457
[A[ATraining Step: 358  | total loss: [1m[32m0.13559[0m[0m | time: 28.360s
[2K
| Adam | epoch: 024 | loss: 0.13559 - acc: 0.9627 -- iter: 416/457
[A[ATraining Step: 359  | total loss: [1m[32m0.13607[0m[0m | time: 29.819s
[2K
| Adam | epoch: 024 | loss: 0.13607 - acc: 0.9601 -- iter: 448/457
[A[ATraining Step: 360  | total loss: [1m[32m0.12330[0m[0m | time: 32.073s
[2K
| Adam | epoch: 024 | loss: 0.12330 - acc: 0.9641 | val_loss: 0.51765 - val_acc: 0.8252 -- iter: 457/457
--
Training Step: 361  | total loss: [1m[32m0.12884[0m[0m | time: 0.980s
[2K
| Adam | epoch: 025 | loss: 0.12884 - acc: 0.9615 -- iter: 032/457
[A[ATraining Step: 362  | total loss: [1m[32m0.12040[0m[0m | time: 2.531s
[2K
| Adam | epoch: 025 | loss: 0.12040 - acc: 0.9653 -- iter: 064/457
[A[ATraining Step: 363  | total loss: [1m[32m0.10970[0m[0m | time: 3.936s
[2K
| Adam | epoch: 025 | loss: 0.10970 - acc: 0.9688 -- iter: 096/457
[A[ATraining Step: 364  | total loss: [1m[32m0.10026[0m[0m | time: 5.177s
[2K
| Adam | epoch: 025 | loss: 0.10026 - acc: 0.9719 -- iter: 128/457
[A[ATraining Step: 365  | total loss: [1m[32m0.11241[0m[0m | time: 9.528s
[2K
| Adam | epoch: 025 | loss: 0.11241 - acc: 0.9685 -- iter: 160/457
[A[ATraining Step: 366  | total loss: [1m[32m0.10324[0m[0m | time: 15.311s
[2K
| Adam | epoch: 025 | loss: 0.10324 - acc: 0.9716 -- iter: 192/457
[A[ATraining Step: 367  | total loss: [1m[32m0.09570[0m[0m | time: 15.694s
[2K
| Adam | epoch: 025 | loss: 0.09570 - acc: 0.9745 -- iter: 224/457
[A[ATraining Step: 368  | total loss: [1m[32m0.36338[0m[0m | time: 16.223s
[2K
| Adam | epoch: 025 | loss: 0.36338 - acc: 0.9215 -- iter: 256/457
[A[ATraining Step: 369  | total loss: [1m[32m0.32879[0m[0m | time: 19.844s
[2K
| Adam | epoch: 025 | loss: 0.32879 - acc: 0.9293 -- iter: 288/457
[A[ATraining Step: 370  | total loss: [1m[32m0.29911[0m[0m | time: 21.066s
[2K
| Adam | epoch: 025 | loss: 0.29911 - acc: 0.9364 -- iter: 320/457
[A[ATraining Step: 371  | total loss: [1m[32m0.27118[0m[0m | time: 22.270s
[2K
| Adam | epoch: 025 | loss: 0.27118 - acc: 0.9427 -- iter: 352/457
[A[ATraining Step: 372  | total loss: [1m[32m0.24735[0m[0m | time: 23.808s
[2K
| Adam | epoch: 025 | loss: 0.24735 - acc: 0.9485 -- iter: 384/457
[A[ATraining Step: 373  | total loss: [1m[32m0.22541[0m[0m | time: 25.259s
[2K
| Adam | epoch: 025 | loss: 0.22541 - acc: 0.9536 -- iter: 416/457
[A[ATraining Step: 374  | total loss: [1m[32m0.20605[0m[0m | time: 26.967s
[2K
| Adam | epoch: 025 | loss: 0.20605 - acc: 0.9583 -- iter: 448/457
[A[ATraining Step: 375  | total loss: [1m[32m0.18760[0m[0m | time: 29.473s
[2K
| Adam | epoch: 025 | loss: 0.18760 - acc: 0.9624 | val_loss: 0.43624 - val_acc: 0.8182 -- iter: 457/457
--
Training Step: 376  | total loss: [1m[32m0.17120[0m[0m | time: 1.419s
[2K
| Adam | epoch: 026 | loss: 0.17120 - acc: 0.9662 -- iter: 032/457
[A[ATraining Step: 377  | total loss: [1m[32m0.15818[0m[0m | time: 4.277s
[2K
| Adam | epoch: 026 | loss: 0.15818 - acc: 0.9696 -- iter: 064/457
[A[ATraining Step: 378  | total loss: [1m[32m0.14462[0m[0m | time: 6.204s
[2K
| Adam | epoch: 026 | loss: 0.14462 - acc: 0.9726 -- iter: 096/457
[A[ATraining Step: 379  | total loss: [1m[32m0.14183[0m[0m | time: 7.341s
[2K
| Adam | epoch: 026 | loss: 0.14183 - acc: 0.9722 -- iter: 128/457
[A[ATraining Step: 380  | total loss: [1m[32m0.13223[0m[0m | time: 8.635s
[2K
| Adam | epoch: 026 | loss: 0.13223 - acc: 0.9750 -- iter: 160/457
[A[ATraining Step: 381  | total loss: [1m[32m0.12327[0m[0m | time: 10.193s
[2K
| Adam | epoch: 026 | loss: 0.12327 - acc: 0.9744 -- iter: 192/457
[A[ATraining Step: 382  | total loss: [1m[32m0.12405[0m[0m | time: 11.642s
[2K
| Adam | epoch: 026 | loss: 0.12405 - acc: 0.9738 -- iter: 224/457
[A[ATraining Step: 383  | total loss: [1m[32m0.11472[0m[0m | time: 12.108s
[2K
| Adam | epoch: 026 | loss: 0.11472 - acc: 0.9764 -- iter: 256/457
[A[ATraining Step: 384  | total loss: [1m[32m0.16194[0m[0m | time: 12.593s
[2K
| Adam | epoch: 026 | loss: 0.16194 - acc: 0.9677 -- iter: 288/457
[A[ATraining Step: 385  | total loss: [1m[32m0.14673[0m[0m | time: 13.990s
[2K
| Adam | epoch: 026 | loss: 0.14673 - acc: 0.9709 -- iter: 320/457
[A[ATraining Step: 386  | total loss: [1m[32m0.13343[0m[0m | time: 15.247s
[2K
| Adam | epoch: 026 | loss: 0.13343 - acc: 0.9738 -- iter: 352/457
[A[ATraining Step: 387  | total loss: [1m[32m0.12317[0m[0m | time: 16.737s
[2K
| Adam | epoch: 026 | loss: 0.12317 - acc: 0.9764 -- iter: 384/457
[A[ATraining Step: 388  | total loss: [1m[32m0.11564[0m[0m | time: 18.269s
[2K
| Adam | epoch: 026 | loss: 0.11564 - acc: 0.9788 -- iter: 416/457
[A[ATraining Step: 389  | total loss: [1m[32m0.11737[0m[0m | time: 19.694s
[2K
| Adam | epoch: 026 | loss: 0.11737 - acc: 0.9778 -- iter: 448/457
[A[ATraining Step: 390  | total loss: [1m[32m0.10845[0m[0m | time: 25.675s
[2K
| Adam | epoch: 026 | loss: 0.10845 - acc: 0.9800 | val_loss: 0.46249 - val_acc: 0.8182 -- iter: 457/457
--
Training Step: 391  | total loss: [1m[32m0.09934[0m[0m | time: 1.475s
[2K
| Adam | epoch: 027 | loss: 0.09934 - acc: 0.9820 -- iter: 032/457
[A[ATraining Step: 392  | total loss: [1m[32m0.09605[0m[0m | time: 3.110s
[2K
| Adam | epoch: 027 | loss: 0.09605 - acc: 0.9807 -- iter: 064/457
[A[ATraining Step: 393  | total loss: [1m[32m0.08936[0m[0m | time: 4.407s
[2K
| Adam | epoch: 027 | loss: 0.08936 - acc: 0.9826 -- iter: 096/457
[A[ATraining Step: 394  | total loss: [1m[32m0.08449[0m[0m | time: 5.685s
[2K
| Adam | epoch: 027 | loss: 0.08449 - acc: 0.9812 -- iter: 128/457
[A[ATraining Step: 395  | total loss: [1m[32m0.08420[0m[0m | time: 6.978s
[2K
| Adam | epoch: 027 | loss: 0.08420 - acc: 0.9800 -- iter: 160/457
[A[ATraining Step: 396  | total loss: [1m[32m0.07768[0m[0m | time: 8.480s
[2K
| Adam | epoch: 027 | loss: 0.07768 - acc: 0.9820 -- iter: 192/457
[A[ATraining Step: 397  | total loss: [1m[32m0.07083[0m[0m | time: 9.944s
[2K
| Adam | epoch: 027 | loss: 0.07083 - acc: 0.9838 -- iter: 224/457
[A[ATraining Step: 398  | total loss: [1m[32m0.06471[0m[0m | time: 11.137s
[2K
| Adam | epoch: 027 | loss: 0.06471 - acc: 0.9854 -- iter: 256/457
[A[ATraining Step: 399  | total loss: [1m[32m0.06039[0m[0m | time: 11.910s
[2K
| Adam | epoch: 027 | loss: 0.06039 - acc: 0.9869 -- iter: 288/457
[A[ATraining Step: 400  | total loss: [1m[32m0.21192[0m[0m | time: 19.527s
[2K
| Adam | epoch: 027 | loss: 0.21192 - acc: 0.9660 | val_loss: 0.47979 - val_acc: 0.8392 -- iter: 320/457
--
Training Step: 401  | total loss: [1m[32m0.19173[0m[0m | time: 20.897s
[2K
| Adam | epoch: 027 | loss: 0.19173 - acc: 0.9694 -- iter: 352/457
[A[ATraining Step: 402  | total loss: [1m[32m0.17377[0m[0m | time: 22.388s
[2K
| Adam | epoch: 027 | loss: 0.17377 - acc: 0.9724 -- iter: 384/457
[A[ATraining Step: 403  | total loss: [1m[32m0.15737[0m[0m | time: 23.819s
[2K
| Adam | epoch: 027 | loss: 0.15737 - acc: 0.9752 -- iter: 416/457
[A[ATraining Step: 404  | total loss: [1m[32m0.14304[0m[0m | time: 25.360s
[2K
| Adam | epoch: 027 | loss: 0.14304 - acc: 0.9777 -- iter: 448/457
[A[ATraining Step: 405  | total loss: [1m[32m0.12963[0m[0m | time: 27.705s
[2K
| Adam | epoch: 027 | loss: 0.12963 - acc: 0.9799 | val_loss: 0.50397 - val_acc: 0.8322 -- iter: 457/457
--
Training Step: 406  | total loss: [1m[32m0.11822[0m[0m | time: 1.367s
[2K
| Adam | epoch: 028 | loss: 0.11822 - acc: 0.9819 -- iter: 032/457
[A[ATraining Step: 407  | total loss: [1m[32m0.10751[0m[0m | time: 2.719s
[2K
| Adam | epoch: 028 | loss: 0.10751 - acc: 0.9837 -- iter: 064/457
[A[ATraining Step: 408  | total loss: [1m[32m0.09782[0m[0m | time: 3.689s
[2K
| Adam | epoch: 028 | loss: 0.09782 - acc: 0.9853 -- iter: 096/457
[A[ATraining Step: 409  | total loss: [1m[32m0.08904[0m[0m | time: 4.637s
[2K
| Adam | epoch: 028 | loss: 0.08904 - acc: 0.9868 -- iter: 128/457
[A[ATraining Step: 410  | total loss: [1m[32m0.08158[0m[0m | time: 5.460s
[2K
| Adam | epoch: 028 | loss: 0.08158 - acc: 0.9881 -- iter: 160/457
[A[ATraining Step: 411  | total loss: [1m[32m0.08814[0m[0m | time: 6.534s
[2K
| Adam | epoch: 028 | loss: 0.08814 - acc: 0.9862 -- iter: 192/457
[A[ATraining Step: 412  | total loss: [1m[32m0.08537[0m[0m | time: 7.754s
[2K
| Adam | epoch: 028 | loss: 0.08537 - acc: 0.9844 -- iter: 224/457
[A[ATraining Step: 413  | total loss: [1m[32m0.07788[0m[0m | time: 8.939s
[2K
| Adam | epoch: 028 | loss: 0.07788 - acc: 0.9860 -- iter: 256/457
[A[ATraining Step: 414  | total loss: [1m[32m0.07120[0m[0m | time: 9.711s
[2K
| Adam | epoch: 028 | loss: 0.07120 - acc: 0.9874 -- iter: 288/457
[A[ATraining Step: 415  | total loss: [1m[32m0.06713[0m[0m | time: 10.034s
[2K
| Adam | epoch: 028 | loss: 0.06713 - acc: 0.9887 -- iter: 320/457
[A[ATraining Step: 416  | total loss: [1m[32m0.06147[0m[0m | time: 10.325s
[2K
| Adam | epoch: 028 | loss: 0.06147 - acc: 0.9898 -- iter: 352/457
[A[ATraining Step: 417  | total loss: [1m[32m0.05630[0m[0m | time: 11.249s
[2K
| Adam | epoch: 028 | loss: 0.05630 - acc: 0.9908 -- iter: 384/457
[A[ATraining Step: 418  | total loss: [1m[32m0.05160[0m[0m | time: 12.197s
[2K
| Adam | epoch: 028 | loss: 0.05160 - acc: 0.9917 -- iter: 416/457
[A[ATraining Step: 419  | total loss: [1m[32m0.04776[0m[0m | time: 13.107s
[2K
| Adam | epoch: 028 | loss: 0.04776 - acc: 0.9926 -- iter: 448/457
[A[ATraining Step: 420  | total loss: [1m[32m0.04399[0m[0m | time: 15.110s
[2K
| Adam | epoch: 028 | loss: 0.04399 - acc: 0.9933 | val_loss: 0.73289 - val_acc: 0.8042 -- iter: 457/457
--
Training Step: 421  | total loss: [1m[32m0.04065[0m[0m | time: 1.271s
[2K
| Adam | epoch: 029 | loss: 0.04065 - acc: 0.9940 -- iter: 032/457
[A[ATraining Step: 422  | total loss: [1m[32m0.03712[0m[0m | time: 2.504s
[2K
| Adam | epoch: 029 | loss: 0.03712 - acc: 0.9946 -- iter: 064/457
[A[ATraining Step: 423  | total loss: [1m[32m0.03889[0m[0m | time: 3.444s
[2K
| Adam | epoch: 029 | loss: 0.03889 - acc: 0.9920 -- iter: 096/457
[A[ATraining Step: 424  | total loss: [1m[32m0.03525[0m[0m | time: 4.400s
[2K
| Adam | epoch: 029 | loss: 0.03525 - acc: 0.9928 -- iter: 128/457
[A[ATraining Step: 425  | total loss: [1m[32m0.03555[0m[0m | time: 5.345s
[2K
| Adam | epoch: 029 | loss: 0.03555 - acc: 0.9904 -- iter: 160/457
[A[ATraining Step: 426  | total loss: [1m[32m0.03700[0m[0m | time: 6.236s
[2K
| Adam | epoch: 029 | loss: 0.03700 - acc: 0.9882 -- iter: 192/457
[A[ATraining Step: 427  | total loss: [1m[32m0.04110[0m[0m | time: 7.099s
[2K
| Adam | epoch: 029 | loss: 0.04110 - acc: 0.9863 -- iter: 224/457
[A[ATraining Step: 428  | total loss: [1m[32m0.05291[0m[0m | time: 8.115s
[2K
| Adam | epoch: 029 | loss: 0.05291 - acc: 0.9845 -- iter: 256/457
[A[ATraining Step: 429  | total loss: [1m[32m0.04847[0m[0m | time: 9.048s
[2K
| Adam | epoch: 029 | loss: 0.04847 - acc: 0.9861 -- iter: 288/457
[A[ATraining Step: 430  | total loss: [1m[32m0.05698[0m[0m | time: 10.149s
[2K
| Adam | epoch: 029 | loss: 0.05698 - acc: 0.9812 -- iter: 320/457
[A[ATraining Step: 431  | total loss: [1m[32m0.05507[0m[0m | time: 10.724s
[2K
| Adam | epoch: 029 | loss: 0.05507 - acc: 0.9831 -- iter: 352/457
[A[ATraining Step: 432  | total loss: [1m[32m0.14611[0m[0m | time: 11.209s
[2K
| Adam | epoch: 029 | loss: 0.14611 - acc: 0.9737 -- iter: 384/457
[A[ATraining Step: 433  | total loss: [1m[32m0.13196[0m[0m | time: 12.939s
[2K
| Adam | epoch: 029 | loss: 0.13196 - acc: 0.9763 -- iter: 416/457
[A[ATraining Step: 434  | total loss: [1m[32m0.11992[0m[0m | time: 14.434s
[2K
| Adam | epoch: 029 | loss: 0.11992 - acc: 0.9787 -- iter: 448/457
[A[ATraining Step: 435  | total loss: [1m[32m0.11692[0m[0m | time: 36.563s
[2K
| Adam | epoch: 029 | loss: 0.11692 - acc: 0.9777 | val_loss: 0.49266 - val_acc: 0.8182 -- iter: 457/457
--
Training Step: 436  | total loss: [1m[32m0.10771[0m[0m | time: 2.706s
[2K
| Adam | epoch: 030 | loss: 0.10771 - acc: 0.9799 -- iter: 032/457
[A[ATraining Step: 437  | total loss: [1m[32m0.10140[0m[0m | time: 3.886s
[2K
| Adam | epoch: 030 | loss: 0.10140 - acc: 0.9819 -- iter: 064/457
[A[ATraining Step: 438  | total loss: [1m[32m0.09270[0m[0m | time: 5.214s
[2K
| Adam | epoch: 030 | loss: 0.09270 - acc: 0.9837 -- iter: 096/457
[A[ATraining Step: 439  | total loss: [1m[32m0.08499[0m[0m | time: 6.585s
[2K
| Adam | epoch: 030 | loss: 0.08499 - acc: 0.9854 -- iter: 128/457
[A[ATraining Step: 440  | total loss: [1m[32m0.07791[0m[0m | time: 7.851s
[2K
| Adam | epoch: 030 | loss: 0.07791 - acc: 0.9868 -- iter: 160/457
[A[ATraining Step: 441  | total loss: [1m[32m0.07189[0m[0m | time: 9.224s
[2K
| Adam | epoch: 030 | loss: 0.07189 - acc: 0.9881 -- iter: 192/457
[A[ATraining Step: 442  | total loss: [1m[32m0.06716[0m[0m | time: 10.670s
[2K
| Adam | epoch: 030 | loss: 0.06716 - acc: 0.9893 -- iter: 224/457
[A[ATraining Step: 443  | total loss: [1m[32m0.06146[0m[0m | time: 11.810s
[2K
| Adam | epoch: 030 | loss: 0.06146 - acc: 0.9904 -- iter: 256/457
[A[ATraining Step: 444  | total loss: [1m[32m0.05678[0m[0m | time: 13.145s
[2K
| Adam | epoch: 030 | loss: 0.05678 - acc: 0.9914 -- iter: 288/457
[A[ATraining Step: 445  | total loss: [1m[32m0.05200[0m[0m | time: 14.676s
[2K
| Adam | epoch: 030 | loss: 0.05200 - acc: 0.9922 -- iter: 320/457
[A[ATraining Step: 446  | total loss: [1m[32m0.04780[0m[0m | time: 15.816s
[2K
| Adam | epoch: 030 | loss: 0.04780 - acc: 0.9930 -- iter: 352/457
[A[ATraining Step: 447  | total loss: [1m[32m0.04394[0m[0m | time: 16.227s
[2K
| Adam | epoch: 030 | loss: 0.04394 - acc: 0.9937 -- iter: 384/457
[A[ATraining Step: 448  | total loss: [1m[32m0.12508[0m[0m | time: 16.737s
[2K
| Adam | epoch: 030 | loss: 0.12508 - acc: 0.9832 -- iter: 416/457
[A[ATraining Step: 449  | total loss: [1m[32m0.11317[0m[0m | time: 18.203s
[2K
| Adam | epoch: 030 | loss: 0.11317 - acc: 0.9849 -- iter: 448/457
[A[ATraining Step: 450  | total loss: [1m[32m0.11184[0m[0m | time: 20.982s
[2K
| Adam | epoch: 030 | loss: 0.11184 - acc: 0.9833 | val_loss: 0.61129 - val_acc: 0.7972 -- iter: 457/457
--
Validation AUC:0.9161770466118292
Validation AUPRC:0.9220456334664044
Test AUC:0.9369599371563236
Test AUPRC:0.932287864498015
BestTestF1Score	0.84	0.71	0.85	0.84	0.85	57	11	65	10	0.93
BestTestMCCScore	0.84	0.71	0.85	0.84	0.85	57	11	65	10	0.93
BestTestAccuracyScore	0.84	0.71	0.85	0.84	0.85	57	11	65	10	0.93
BestValidationF1Score	0.84	0.67	0.83	0.79	0.88	61	16	58	8	0.93
BestValidationMCC	0.84	0.67	0.83	0.79	0.88	61	16	58	8	0.93
BestValidationAccuracy	0.84	0.67	0.83	0.79	0.88	61	16	58	8	0.93
TestPredictions (Threshold:0.93)
CHEMBL54041,TP,ACT,0.9800000190734863	CHEMBL338017,TN,INACT,0.019999999552965164	CHEMBL57489,TP,ACT,0.9700000286102295	CHEMBL1076554,TN,INACT,0.009999999776482582	CHEMBL60209,TN,INACT,0.029999999329447746	CHEMBL30635,TN,INACT,0.029999999329447746	CHEMBL127387,TN,INACT,0.5299999713897705	CHEMBL20208,TP,ACT,1.0	CHEMBL293362,TP,ACT,1.0	CHEMBL320577,FP,INACT,0.9900000095367432	CHEMBL222287,TN,INACT,0.9200000166893005	CHEMBL32475,FN,ACT,0.8999999761581421	CHEMBL297335,TN,INACT,0.009999999776482582	CHEMBL3810290,TN,INACT,0.009999999776482582	CHEMBL322832,FN,ACT,0.7200000286102295	CHEMBL37770,TP,ACT,0.9900000095367432	CHEMBL20808,TP,ACT,0.9599999785423279	CHEMBL233552,TN,INACT,0.1599999964237213	CHEMBL296169,FN,ACT,0.7699999809265137	CHEMBL79089,TP,ACT,0.9800000190734863	CHEMBL285186,TN,INACT,0.009999999776482582	CHEMBL297624,TP,ACT,0.9900000095367432	CHEMBL1324,TN,INACT,0.029999999329447746	CHEMBL2373409,FN,ACT,0.550000011920929	CHEMBL142903,TP,ACT,0.9900000095367432	CHEMBL34461,TP,ACT,1.0	CHEMBL286696,TP,ACT,0.9900000095367432	CHEMBL279021,TP,ACT,1.0	CHEMBL414570,TN,INACT,0.8999999761581421	CHEMBL20178,TP,ACT,1.0	CHEMBL34182,TP,ACT,1.0	CHEMBL155873,TP,ACT,0.9800000190734863	CHEMBL33487,TN,INACT,0.019999999552965164	CHEMBL2392174,FP,INACT,0.9700000286102295	CHEMBL310425,TN,INACT,0.009999999776482582	CHEMBL296245,TN,INACT,0.029999999329447746	CHEMBL3218122,TN,INACT,0.019999999552965164	CHEMBL54935,TP,ACT,0.9900000095367432	CHEMBL3326905,TN,INACT,0.9200000166893005	CHEMBL435756,TP,ACT,1.0	CHEMBL3650378,TN,INACT,0.029999999329447746	CHEMBL291432,FP,INACT,0.9399999976158142	CHEMBL20163,TP,ACT,1.0	CHEMBL420943,TP,ACT,0.9800000190734863	CHEMBL50244,TP,ACT,0.9900000095367432	CHEMBL130858,FP,INACT,0.9900000095367432	CHEMBL286229,FN,ACT,0.07000000029802322	CHEMBL364405,TN,INACT,0.019999999552965164	CHEMBL953,TN,INACT,0.8999999761581421	CHEMBL435810,TN,INACT,0.05000000074505806	CHEMBL3288121,FP,INACT,0.9599999785423279	CHEMBL53750,TP,ACT,0.9800000190734863	CHEMBL3627863,TN,INACT,0.019999999552965164	CHEMBL105724,TN,INACT,0.019999999552965164	CHEMBL312268,TN,INACT,0.25999999046325684	CHEMBL252232,FP,INACT,0.9700000286102295	CHEMBL2436825,TN,INACT,0.019999999552965164	CHEMBL2369493,TN,INACT,0.009999999776482582	CHEMBL42360,TN,INACT,0.009999999776482582	CHEMBL37364,TP,ACT,1.0	CHEMBL432324,FN,ACT,0.7400000095367432	CHEMBL3098251,TN,INACT,0.5099999904632568	CHEMBL43661,TN,INACT,0.20999999344348907	CHEMBL3218121,TN,INACT,0.009999999776482582	CHEMBL2392179,FP,INACT,0.949999988079071	CHEMBL3347393,TN,INACT,0.019999999552965164	CHEMBL104767,TP,ACT,0.9900000095367432	CHEMBL284079,TP,ACT,0.9900000095367432	CHEMBL371569,TP,ACT,1.0	CHEMBL2113730,FN,ACT,0.47999998927116394	CHEMBL54068,TP,ACT,1.0	CHEMBL53014,TP,ACT,1.0	CHEMBL3581278,TN,INACT,0.009999999776482582	CHEMBL53149,TP,ACT,0.9900000095367432	CHEMBL241514,TN,INACT,0.03999999910593033	CHEMBL95720,TP,ACT,1.0	CHEMBL300644,TP,ACT,0.9599999785423279	CHEMBL69025,TN,INACT,0.6299999952316284	CHEMBL2392142,TN,INACT,0.009999999776482582	CHEMBL52297,TP,ACT,0.9700000286102295	CHEMBL19640,TP,ACT,0.9800000190734863	CHEMBL1765667,TN,INACT,0.019999999552965164	CHEMBL53322,TN,INACT,0.18000000715255737	CHEMBL195093,TN,INACT,0.009999999776482582	CHEMBL3288122,TN,INACT,0.9100000262260437	CHEMBL19721,FN,ACT,0.75	CHEMBL2436712,TN,INACT,0.029999999329447746	CHEMBL603858,TN,INACT,0.0	CHEMBL2431725,TN,INACT,0.009999999776482582	CHEMBL273386,TN,INACT,0.019999999552965164	CHEMBL283365,TP,ACT,0.9800000190734863	CHEMBL3775378,TN,INACT,0.09000000357627869	CHEMBL442150,TN,INACT,0.009999999776482582	CHEMBL54095,TP,ACT,1.0	CHEMBL90504,TN,INACT,0.7400000095367432	CHEMBL214122,TN,INACT,0.03999999910593033	CHEMBL91397,FN,ACT,0.6299999952316284	CHEMBL291082,TP,ACT,1.0	CHEMBL128360,TN,INACT,0.6100000143051147	CHEMBL209121,TN,INACT,0.03999999910593033	CHEMBL54709,TP,ACT,1.0	CHEMBL52616,TP,ACT,0.9800000190734863	CHEMBL300251,TP,ACT,1.0	CHEMBL283339,TP,ACT,1.0	CHEMBL2373416,FN,ACT,0.4399999976158142	CHEMBL321170,FP,INACT,0.9800000190734863	CHEMBL52577,TP,ACT,0.9900000095367432	CHEMBL42799,TN,INACT,0.009999999776482582	CHEMBL289406,TP,ACT,1.0	CHEMBL280207,TP,ACT,0.9900000095367432	CHEMBL20033,TP,ACT,0.9900000095367432	CHEMBL2113072,TN,INACT,0.019999999552965164	CHEMBL415879,TN,INACT,0.05000000074505806	CHEMBL462650,TN,INACT,0.019999999552965164	CHEMBL2436718,TN,INACT,0.019999999552965164	CHEMBL407818,TN,INACT,0.07000000029802322	CHEMBL19747,TP,ACT,1.0	CHEMBL2304168,TP,ACT,0.9399999976158142	CHEMBL142295,FP,INACT,0.949999988079071	CHEMBL1235246,TP,ACT,0.9300000071525574	CHEMBL2322893,TN,INACT,0.7900000214576721	CHEMBL52966,TP,ACT,0.9900000095367432	CHEMBL3326770,FP,INACT,0.9800000190734863	CHEMBL1765668,TN,INACT,0.029999999329447746	CHEMBL142822,FP,INACT,0.9900000095367432	CHEMBL412591,TN,INACT,0.25	CHEMBL288329,TP,ACT,1.0	CHEMBL34612,TP,ACT,0.9300000071525574	CHEMBL83413,TN,INACT,0.019999999552965164	CHEMBL283162,TP,ACT,1.0	CHEMBL432850,TP,ACT,1.0	CHEMBL106358,TP,ACT,0.9900000095367432	CHEMBL239153,TN,INACT,0.019999999552965164	CHEMBL1256291,TN,INACT,0.800000011920929	CHEMBL86558,TN,INACT,0.6899999976158142	CHEMBL252507,TN,INACT,0.1599999964237213	CHEMBL36269,TP,ACT,0.9900000095367432	CHEMBL160692,TP,ACT,0.9700000286102295	CHEMBL299155,TN,INACT,0.019999999552965164	CHEMBL34669,TP,ACT,1.0	CHEMBL2071534,TN,INACT,0.009999999776482582	CHEMBL280210,TP,ACT,1.0	CHEMBL104631,TP,ACT,0.9900000095367432	

