CNNModel CHEMBL2527 adam 0.0005 30 32 0 0.8 False True
Number of active compounds :	267
Number of inactive compounds :	267
---------------------------------
Run id: CNNModel_CHEMBL2527_adam_0.0005_30_32_0_0.8_False_True_id
Log directory: ../tflearnLogs/CNNModel_CHEMBL2527_adam_0.0005_30_32_0.8_True/
---------------------------------
Training samples: 340
Validation samples: 107
--
Training Step: 1  | time: 0.859s
[2K
| Adam | epoch: 001 | loss: 0.00000 - acc: 0.0000 -- iter: 032/340
[A[ATraining Step: 2  | total loss: [1m[32m0.62372[0m[0m | time: 1.487s
[2K
| Adam | epoch: 001 | loss: 0.62372 - acc: 0.4500 -- iter: 064/340
[A[ATraining Step: 3  | total loss: [1m[32m0.68069[0m[0m | time: 2.107s
[2K
| Adam | epoch: 001 | loss: 0.68069 - acc: 0.4398 -- iter: 096/340
[A[ATraining Step: 4  | total loss: [1m[32m0.68956[0m[0m | time: 2.724s
[2K
| Adam | epoch: 001 | loss: 0.68956 - acc: 0.5084 -- iter: 128/340
[A[ATraining Step: 5  | total loss: [1m[32m0.69121[0m[0m | time: 3.341s
[2K
| Adam | epoch: 001 | loss: 0.69121 - acc: 0.5242 -- iter: 160/340
[A[ATraining Step: 6  | total loss: [1m[32m0.69221[0m[0m | time: 3.940s
[2K
| Adam | epoch: 001 | loss: 0.69221 - acc: 0.5086 -- iter: 192/340
[A[ATraining Step: 7  | total loss: [1m[32m0.69432[0m[0m | time: 4.551s
[2K
| Adam | epoch: 001 | loss: 0.69432 - acc: 0.4847 -- iter: 224/340
[A[ATraining Step: 8  | total loss: [1m[32m0.69327[0m[0m | time: 5.154s
[2K
| Adam | epoch: 001 | loss: 0.69327 - acc: 0.5109 -- iter: 256/340
[A[ATraining Step: 9  | total loss: [1m[32m0.69390[0m[0m | time: 5.760s
[2K
| Adam | epoch: 001 | loss: 0.69390 - acc: 0.4886 -- iter: 288/340
[A[ATraining Step: 10  | total loss: [1m[32m0.69167[0m[0m | time: 6.384s
[2K
| Adam | epoch: 001 | loss: 0.69167 - acc: 0.5412 -- iter: 320/340
[A[ATraining Step: 11  | total loss: [1m[32m0.69134[0m[0m | time: 7.811s
[2K
| Adam | epoch: 001 | loss: 0.69134 - acc: 0.5513 | val_loss: 0.70423 - val_acc: 0.4019 -- iter: 340/340
--
Training Step: 12  | total loss: [1m[32m0.69024[0m[0m | time: 0.401s
[2K
| Adam | epoch: 002 | loss: 0.69024 - acc: 0.5732 -- iter: 032/340
[A[ATraining Step: 13  | total loss: [1m[32m0.68795[0m[0m | time: 1.006s
[2K
| Adam | epoch: 002 | loss: 0.68795 - acc: 0.5847 -- iter: 064/340
[A[ATraining Step: 14  | total loss: [1m[32m0.68764[0m[0m | time: 1.614s
[2K
| Adam | epoch: 002 | loss: 0.68764 - acc: 0.5756 -- iter: 096/340
[A[ATraining Step: 15  | total loss: [1m[32m0.69596[0m[0m | time: 2.240s
[2K
| Adam | epoch: 002 | loss: 0.69596 - acc: 0.5338 -- iter: 128/340
[A[ATraining Step: 16  | total loss: [1m[32m0.69933[0m[0m | time: 2.848s
[2K
| Adam | epoch: 002 | loss: 0.69933 - acc: 0.5094 -- iter: 160/340
[A[ATraining Step: 17  | total loss: [1m[32m0.69866[0m[0m | time: 3.463s
[2K
| Adam | epoch: 002 | loss: 0.69866 - acc: 0.5060 -- iter: 192/340
[A[ATraining Step: 18  | total loss: [1m[32m0.69153[0m[0m | time: 4.079s
[2K
| Adam | epoch: 002 | loss: 0.69153 - acc: 0.5472 -- iter: 224/340
[A[ATraining Step: 19  | total loss: [1m[32m0.69130[0m[0m | time: 4.713s
[2K
| Adam | epoch: 002 | loss: 0.69130 - acc: 0.5419 -- iter: 256/340
[A[ATraining Step: 20  | total loss: [1m[32m0.69230[0m[0m | time: 5.341s
[2K
| Adam | epoch: 002 | loss: 0.69230 - acc: 0.5284 -- iter: 288/340
[A[ATraining Step: 21  | total loss: [1m[32m0.69116[0m[0m | time: 5.981s
[2K
| Adam | epoch: 002 | loss: 0.69116 - acc: 0.5390 -- iter: 320/340
[A[ATraining Step: 22  | total loss: [1m[32m0.69102[0m[0m | time: 7.595s
[2K
| Adam | epoch: 002 | loss: 0.69102 - acc: 0.5367 | val_loss: 0.70111 - val_acc: 0.4019 -- iter: 340/340
--
Training Step: 23  | total loss: [1m[32m0.69188[0m[0m | time: 0.392s
[2K
| Adam | epoch: 003 | loss: 0.69188 - acc: 0.5260 -- iter: 032/340
[A[ATraining Step: 24  | total loss: [1m[32m0.69095[0m[0m | time: 0.787s
[2K
| Adam | epoch: 003 | loss: 0.69095 - acc: 0.5328 -- iter: 064/340
[A[ATraining Step: 25  | total loss: [1m[32m0.69063[0m[0m | time: 1.399s
[2K
| Adam | epoch: 003 | loss: 0.69063 - acc: 0.5375 -- iter: 096/340
[A[ATraining Step: 26  | total loss: [1m[32m0.69078[0m[0m | time: 2.006s
[2K
| Adam | epoch: 003 | loss: 0.69078 - acc: 0.5358 -- iter: 128/340
[A[ATraining Step: 27  | total loss: [1m[32m0.69143[0m[0m | time: 2.614s
[2K
| Adam | epoch: 003 | loss: 0.69143 - acc: 0.5266 -- iter: 160/340
[A[ATraining Step: 28  | total loss: [1m[32m0.69191[0m[0m | time: 3.218s
[2K
| Adam | epoch: 003 | loss: 0.69191 - acc: 0.5200 -- iter: 192/340
[A[ATraining Step: 29  | total loss: [1m[32m0.69227[0m[0m | time: 3.844s
[2K
| Adam | epoch: 003 | loss: 0.69227 - acc: 0.5151 -- iter: 224/340
[A[ATraining Step: 30  | total loss: [1m[32m0.68954[0m[0m | time: 4.453s
[2K
| Adam | epoch: 003 | loss: 0.68954 - acc: 0.5485 -- iter: 256/340
[A[ATraining Step: 31  | total loss: [1m[32m0.68811[0m[0m | time: 5.058s
[2K
| Adam | epoch: 003 | loss: 0.68811 - acc: 0.5662 -- iter: 288/340
[A[ATraining Step: 32  | total loss: [1m[32m0.68797[0m[0m | time: 5.685s
[2K
| Adam | epoch: 003 | loss: 0.68797 - acc: 0.5654 -- iter: 320/340
[A[ATraining Step: 33  | total loss: [1m[32m0.68912[0m[0m | time: 7.292s
[2K
| Adam | epoch: 003 | loss: 0.68912 - acc: 0.5510 | val_loss: 0.70924 - val_acc: 0.4019 -- iter: 340/340
--
Training Step: 34  | total loss: [1m[32m0.69129[0m[0m | time: 0.620s
[2K
| Adam | epoch: 004 | loss: 0.69129 - acc: 0.5334 -- iter: 032/340
[A[ATraining Step: 35  | total loss: [1m[32m0.68976[0m[0m | time: 1.016s
[2K
| Adam | epoch: 004 | loss: 0.68976 - acc: 0.5395 -- iter: 064/340
[A[ATraining Step: 36  | total loss: [1m[32m0.69412[0m[0m | time: 1.404s
[2K
| Adam | epoch: 004 | loss: 0.69412 - acc: 0.5109 -- iter: 096/340
[A[ATraining Step: 37  | total loss: [1m[32m0.69679[0m[0m | time: 2.020s
[2K
| Adam | epoch: 004 | loss: 0.69679 - acc: 0.4888 -- iter: 128/340
[A[ATraining Step: 38  | total loss: [1m[32m0.69406[0m[0m | time: 2.661s
[2K
| Adam | epoch: 004 | loss: 0.69406 - acc: 0.5093 -- iter: 160/340
[A[ATraining Step: 39  | total loss: [1m[32m0.69649[0m[0m | time: 3.271s
[2K
| Adam | epoch: 004 | loss: 0.69649 - acc: 0.4836 -- iter: 192/340
[A[ATraining Step: 40  | total loss: [1m[32m0.69362[0m[0m | time: 3.901s
[2K
| Adam | epoch: 004 | loss: 0.69362 - acc: 0.5101 -- iter: 224/340
[A[ATraining Step: 41  | total loss: [1m[32m0.69130[0m[0m | time: 4.510s
[2K
| Adam | epoch: 004 | loss: 0.69130 - acc: 0.5369 -- iter: 256/340
[A[ATraining Step: 42  | total loss: [1m[32m0.69471[0m[0m | time: 5.106s
[2K
| Adam | epoch: 004 | loss: 0.69471 - acc: 0.4909 -- iter: 288/340
[A[ATraining Step: 43  | total loss: [1m[32m0.69318[0m[0m | time: 5.706s
[2K
| Adam | epoch: 004 | loss: 0.69318 - acc: 0.5091 -- iter: 320/340
[A[ATraining Step: 44  | total loss: [1m[32m0.69230[0m[0m | time: 7.331s
[2K
| Adam | epoch: 004 | loss: 0.69230 - acc: 0.5183 | val_loss: 0.69799 - val_acc: 0.4019 -- iter: 340/340
--
Training Step: 45  | total loss: [1m[32m0.69232[0m[0m | time: 0.613s
[2K
| Adam | epoch: 005 | loss: 0.69232 - acc: 0.5152 -- iter: 032/340
[A[ATraining Step: 46  | total loss: [1m[32m0.69129[0m[0m | time: 1.224s
[2K
| Adam | epoch: 005 | loss: 0.69129 - acc: 0.5335 -- iter: 064/340
[A[ATraining Step: 47  | total loss: [1m[32m0.69046[0m[0m | time: 1.618s
[2K
| Adam | epoch: 005 | loss: 0.69046 - acc: 0.5434 -- iter: 096/340
[A[ATraining Step: 48  | total loss: [1m[32m0.68919[0m[0m | time: 2.047s
[2K
| Adam | epoch: 005 | loss: 0.68919 - acc: 0.5605 -- iter: 128/340
[A[ATraining Step: 49  | total loss: [1m[32m0.68799[0m[0m | time: 2.651s
[2K
| Adam | epoch: 005 | loss: 0.68799 - acc: 0.5746 -- iter: 160/340
[A[ATraining Step: 50  | total loss: [1m[32m0.68950[0m[0m | time: 3.274s
[2K
| Adam | epoch: 005 | loss: 0.68950 - acc: 0.5534 -- iter: 192/340
[A[ATraining Step: 51  | total loss: [1m[32m0.69287[0m[0m | time: 3.875s
[2K
| Adam | epoch: 005 | loss: 0.69287 - acc: 0.5166 -- iter: 224/340
[A[ATraining Step: 52  | total loss: [1m[32m0.69292[0m[0m | time: 4.522s
[2K
| Adam | epoch: 005 | loss: 0.69292 - acc: 0.5141 -- iter: 256/340
[A[ATraining Step: 53  | total loss: [1m[32m0.69083[0m[0m | time: 5.117s
[2K
| Adam | epoch: 005 | loss: 0.69083 - acc: 0.5305 -- iter: 288/340
[A[ATraining Step: 54  | total loss: [1m[32m0.69123[0m[0m | time: 5.728s
[2K
| Adam | epoch: 005 | loss: 0.69123 - acc: 0.5215 -- iter: 320/340
[A[ATraining Step: 55  | total loss: [1m[32m0.69038[0m[0m | time: 7.344s
[2K
| Adam | epoch: 005 | loss: 0.69038 - acc: 0.5274 | val_loss: 0.70009 - val_acc: 0.4019 -- iter: 340/340
--
Training Step: 56  | total loss: [1m[32m0.69174[0m[0m | time: 0.614s
[2K
| Adam | epoch: 006 | loss: 0.69174 - acc: 0.5103 -- iter: 032/340
[A[ATraining Step: 57  | total loss: [1m[32m0.69012[0m[0m | time: 1.233s
[2K
| Adam | epoch: 006 | loss: 0.69012 - acc: 0.5176 -- iter: 064/340
[A[ATraining Step: 58  | total loss: [1m[32m0.68965[0m[0m | time: 1.873s
[2K
| Adam | epoch: 006 | loss: 0.68965 - acc: 0.5194 -- iter: 096/340
[A[ATraining Step: 59  | total loss: [1m[32m0.68828[0m[0m | time: 2.277s
[2K
| Adam | epoch: 006 | loss: 0.68828 - acc: 0.5294 -- iter: 128/340
[A[ATraining Step: 60  | total loss: [1m[32m0.68948[0m[0m | time: 2.668s
[2K
| Adam | epoch: 006 | loss: 0.68948 - acc: 0.5189 -- iter: 160/340
[A[ATraining Step: 61  | total loss: [1m[32m0.69066[0m[0m | time: 3.271s
[2K
| Adam | epoch: 006 | loss: 0.69066 - acc: 0.5099 -- iter: 192/340
[A[ATraining Step: 62  | total loss: [1m[32m0.68745[0m[0m | time: 3.891s
[2K
| Adam | epoch: 006 | loss: 0.68745 - acc: 0.5247 -- iter: 224/340
[A[ATraining Step: 63  | total loss: [1m[32m0.68859[0m[0m | time: 4.490s
[2K
| Adam | epoch: 006 | loss: 0.68859 - acc: 0.5137 -- iter: 256/340
[A[ATraining Step: 64  | total loss: [1m[32m0.68690[0m[0m | time: 5.099s
[2K
| Adam | epoch: 006 | loss: 0.68690 - acc: 0.5198 -- iter: 288/340
[A[ATraining Step: 65  | total loss: [1m[32m0.68686[0m[0m | time: 5.711s
[2K
| Adam | epoch: 006 | loss: 0.68686 - acc: 0.5058 -- iter: 320/340
[A[ATraining Step: 66  | total loss: [1m[32m0.68543[0m[0m | time: 7.337s
[2K
| Adam | epoch: 006 | loss: 0.68543 - acc: 0.5013 | val_loss: 0.68649 - val_acc: 0.4019 -- iter: 340/340
--
Training Step: 67  | total loss: [1m[32m0.68441[0m[0m | time: 0.620s
[2K
| Adam | epoch: 007 | loss: 0.68441 - acc: 0.5049 -- iter: 032/340
[A[ATraining Step: 68  | total loss: [1m[32m0.68459[0m[0m | time: 1.229s
[2K
| Adam | epoch: 007 | loss: 0.68459 - acc: 0.4932 -- iter: 064/340
[A[ATraining Step: 69  | total loss: [1m[32m0.68289[0m[0m | time: 1.862s
[2K
| Adam | epoch: 007 | loss: 0.68289 - acc: 0.5049 -- iter: 096/340
[A[ATraining Step: 70  | total loss: [1m[32m0.67951[0m[0m | time: 2.479s
[2K
| Adam | epoch: 007 | loss: 0.67951 - acc: 0.5044 -- iter: 128/340
[A[ATraining Step: 71  | total loss: [1m[32m0.66913[0m[0m | time: 2.878s
[2K
| Adam | epoch: 007 | loss: 0.66913 - acc: 0.5288 -- iter: 160/340
[A[ATraining Step: 72  | total loss: [1m[32m0.67892[0m[0m | time: 3.273s
[2K
| Adam | epoch: 007 | loss: 0.67892 - acc: 0.5199 -- iter: 192/340
[A[ATraining Step: 73  | total loss: [1m[32m0.68553[0m[0m | time: 3.886s
[2K
| Adam | epoch: 007 | loss: 0.68553 - acc: 0.5122 -- iter: 224/340
[A[ATraining Step: 74  | total loss: [1m[32m0.68272[0m[0m | time: 4.508s
[2K
| Adam | epoch: 007 | loss: 0.68272 - acc: 0.5177 -- iter: 256/340
[A[ATraining Step: 75  | total loss: [1m[32m0.67670[0m[0m | time: 5.160s
[2K
| Adam | epoch: 007 | loss: 0.67670 - acc: 0.5225 -- iter: 288/340
[A[ATraining Step: 76  | total loss: [1m[32m0.67742[0m[0m | time: 5.788s
[2K
| Adam | epoch: 007 | loss: 0.67742 - acc: 0.5268 -- iter: 320/340
[A[ATraining Step: 77  | total loss: [1m[32m0.67495[0m[0m | time: 7.430s
[2K
| Adam | epoch: 007 | loss: 0.67495 - acc: 0.5471 | val_loss: 0.66887 - val_acc: 0.6916 -- iter: 340/340
--
Training Step: 78  | total loss: [1m[32m0.67471[0m[0m | time: 0.634s
[2K
| Adam | epoch: 008 | loss: 0.67471 - acc: 0.5422 -- iter: 032/340
[A[ATraining Step: 79  | total loss: [1m[32m0.67121[0m[0m | time: 1.253s
[2K
| Adam | epoch: 008 | loss: 0.67121 - acc: 0.5572 -- iter: 064/340
[A[ATraining Step: 80  | total loss: [1m[32m0.66918[0m[0m | time: 1.858s
[2K
| Adam | epoch: 008 | loss: 0.66918 - acc: 0.5770 -- iter: 096/340
[A[ATraining Step: 81  | total loss: [1m[32m0.66879[0m[0m | time: 2.464s
[2K
| Adam | epoch: 008 | loss: 0.66879 - acc: 0.5818 -- iter: 128/340
[A[ATraining Step: 82  | total loss: [1m[32m0.66669[0m[0m | time: 3.064s
[2K
| Adam | epoch: 008 | loss: 0.66669 - acc: 0.5924 -- iter: 160/340
[A[ATraining Step: 83  | total loss: [1m[32m0.66188[0m[0m | time: 3.451s
[2K
| Adam | epoch: 008 | loss: 0.66188 - acc: 0.6113 -- iter: 192/340
[A[ATraining Step: 84  | total loss: [1m[32m0.64822[0m[0m | time: 3.855s
[2K
| Adam | epoch: 008 | loss: 0.64822 - acc: 0.6201 -- iter: 224/340
[A[ATraining Step: 85  | total loss: [1m[32m0.63329[0m[0m | time: 4.472s
[2K
| Adam | epoch: 008 | loss: 0.63329 - acc: 0.6281 -- iter: 256/340
[A[ATraining Step: 86  | total loss: [1m[32m0.62669[0m[0m | time: 5.080s
[2K
| Adam | epoch: 008 | loss: 0.62669 - acc: 0.6372 -- iter: 288/340
[A[ATraining Step: 87  | total loss: [1m[32m0.63243[0m[0m | time: 5.701s
[2K
| Adam | epoch: 008 | loss: 0.63243 - acc: 0.6297 -- iter: 320/340
[A[ATraining Step: 88  | total loss: [1m[32m0.61841[0m[0m | time: 7.322s
[2K
| Adam | epoch: 008 | loss: 0.61841 - acc: 0.6480 | val_loss: 0.54532 - val_acc: 0.7290 -- iter: 340/340
--
Training Step: 89  | total loss: [1m[32m0.60668[0m[0m | time: 0.629s
[2K
| Adam | epoch: 009 | loss: 0.60668 - acc: 0.6676 -- iter: 032/340
[A[ATraining Step: 90  | total loss: [1m[32m0.59662[0m[0m | time: 1.255s
[2K
| Adam | epoch: 009 | loss: 0.59662 - acc: 0.6758 -- iter: 064/340
[A[ATraining Step: 91  | total loss: [1m[32m0.57998[0m[0m | time: 1.865s
[2K
| Adam | epoch: 009 | loss: 0.57998 - acc: 0.6895 -- iter: 096/340
[A[ATraining Step: 92  | total loss: [1m[32m0.57861[0m[0m | time: 2.517s
[2K
| Adam | epoch: 009 | loss: 0.57861 - acc: 0.6924 -- iter: 128/340
[A[ATraining Step: 93  | total loss: [1m[32m0.57577[0m[0m | time: 3.168s
[2K
| Adam | epoch: 009 | loss: 0.57577 - acc: 0.6888 -- iter: 160/340
[A[ATraining Step: 94  | total loss: [1m[32m0.57189[0m[0m | time: 3.781s
[2K
| Adam | epoch: 009 | loss: 0.57189 - acc: 0.6980 -- iter: 192/340
[A[ATraining Step: 95  | total loss: [1m[32m0.56502[0m[0m | time: 4.176s
[2K
| Adam | epoch: 009 | loss: 0.56502 - acc: 0.7064 -- iter: 224/340
[A[ATraining Step: 96  | total loss: [1m[32m0.55953[0m[0m | time: 4.589s
[2K
| Adam | epoch: 009 | loss: 0.55953 - acc: 0.7157 -- iter: 256/340
[A[ATraining Step: 97  | total loss: [1m[32m0.54884[0m[0m | time: 5.214s
[2K
| Adam | epoch: 009 | loss: 0.54884 - acc: 0.7242 -- iter: 288/340
[A[ATraining Step: 98  | total loss: [1m[32m0.58416[0m[0m | time: 5.819s
[2K
| Adam | epoch: 009 | loss: 0.58416 - acc: 0.7017 -- iter: 320/340
[A[ATraining Step: 99  | total loss: [1m[32m0.59080[0m[0m | time: 7.427s
[2K
| Adam | epoch: 009 | loss: 0.59080 - acc: 0.7003 | val_loss: 0.55292 - val_acc: 0.7290 -- iter: 340/340
--
Training Step: 100  | total loss: [1m[32m0.58250[0m[0m | time: 0.661s
[2K
| Adam | epoch: 010 | loss: 0.58250 - acc: 0.6990 -- iter: 032/340
[A[ATraining Step: 101  | total loss: [1m[32m0.57267[0m[0m | time: 1.282s
[2K
| Adam | epoch: 010 | loss: 0.57267 - acc: 0.7010 -- iter: 064/340
[A[ATraining Step: 102  | total loss: [1m[32m0.58090[0m[0m | time: 1.890s
[2K
| Adam | epoch: 010 | loss: 0.58090 - acc: 0.6965 -- iter: 096/340
[A[ATraining Step: 103  | total loss: [1m[32m0.58509[0m[0m | time: 2.508s
[2K
| Adam | epoch: 010 | loss: 0.58509 - acc: 0.6800 -- iter: 128/340
[A[ATraining Step: 104  | total loss: [1m[32m0.57744[0m[0m | time: 3.121s
[2K
| Adam | epoch: 010 | loss: 0.57744 - acc: 0.6901 -- iter: 160/340
[A[ATraining Step: 105  | total loss: [1m[32m0.56619[0m[0m | time: 3.734s
[2K
| Adam | epoch: 010 | loss: 0.56619 - acc: 0.7055 -- iter: 192/340
[A[ATraining Step: 106  | total loss: [1m[32m0.56445[0m[0m | time: 4.348s
[2K
| Adam | epoch: 010 | loss: 0.56445 - acc: 0.7068 -- iter: 224/340
[A[ATraining Step: 107  | total loss: [1m[32m0.56341[0m[0m | time: 4.744s
[2K
| Adam | epoch: 010 | loss: 0.56341 - acc: 0.7143 -- iter: 256/340
[A[ATraining Step: 108  | total loss: [1m[32m0.55541[0m[0m | time: 5.148s
[2K
| Adam | epoch: 010 | loss: 0.55541 - acc: 0.7228 -- iter: 288/340
[A[ATraining Step: 109  | total loss: [1m[32m0.54621[0m[0m | time: 5.791s
[2K
| Adam | epoch: 010 | loss: 0.54621 - acc: 0.7305 -- iter: 320/340
[A[ATraining Step: 110  | total loss: [1m[32m0.53966[0m[0m | time: 7.409s
[2K
| Adam | epoch: 010 | loss: 0.53966 - acc: 0.7450 | val_loss: 0.51577 - val_acc: 0.7664 -- iter: 340/340
--
Training Step: 111  | total loss: [1m[32m0.54146[0m[0m | time: 0.627s
[2K
| Adam | epoch: 011 | loss: 0.54146 - acc: 0.7392 -- iter: 032/340
[A[ATraining Step: 112  | total loss: [1m[32m0.53034[0m[0m | time: 1.260s
[2K
| Adam | epoch: 011 | loss: 0.53034 - acc: 0.7497 -- iter: 064/340
[A[ATraining Step: 113  | total loss: [1m[32m0.53154[0m[0m | time: 1.891s
[2K
| Adam | epoch: 011 | loss: 0.53154 - acc: 0.7404 -- iter: 096/340
[A[ATraining Step: 114  | total loss: [1m[32m0.52180[0m[0m | time: 2.504s
[2K
| Adam | epoch: 011 | loss: 0.52180 - acc: 0.7476 -- iter: 128/340
[A[ATraining Step: 115  | total loss: [1m[32m0.50967[0m[0m | time: 3.136s
[2K
| Adam | epoch: 011 | loss: 0.50967 - acc: 0.7541 -- iter: 160/340
[A[ATraining Step: 116  | total loss: [1m[32m0.50234[0m[0m | time: 3.752s
[2K
| Adam | epoch: 011 | loss: 0.50234 - acc: 0.7599 -- iter: 192/340
[A[ATraining Step: 117  | total loss: [1m[32m0.50237[0m[0m | time: 4.381s
[2K
| Adam | epoch: 011 | loss: 0.50237 - acc: 0.7589 -- iter: 224/340
[A[ATraining Step: 118  | total loss: [1m[32m0.49717[0m[0m | time: 5.016s
[2K
| Adam | epoch: 011 | loss: 0.49717 - acc: 0.7611 -- iter: 256/340
[A[ATraining Step: 119  | total loss: [1m[32m0.47680[0m[0m | time: 5.409s
[2K
| Adam | epoch: 011 | loss: 0.47680 - acc: 0.7788 -- iter: 288/340
[A[ATraining Step: 120  | total loss: [1m[32m0.46098[0m[0m | time: 5.802s
[2K
| Adam | epoch: 011 | loss: 0.46098 - acc: 0.7909 -- iter: 320/340
[A[ATraining Step: 121  | total loss: [1m[32m0.44445[0m[0m | time: 7.435s
[2K
| Adam | epoch: 011 | loss: 0.44445 - acc: 0.8018 | val_loss: 0.44034 - val_acc: 0.7850 -- iter: 340/340
--
Training Step: 122  | total loss: [1m[32m0.45319[0m[0m | time: 0.626s
[2K
| Adam | epoch: 012 | loss: 0.45319 - acc: 0.8029 -- iter: 032/340
[A[ATraining Step: 123  | total loss: [1m[32m0.45172[0m[0m | time: 1.265s
[2K
| Adam | epoch: 012 | loss: 0.45172 - acc: 0.7976 -- iter: 064/340
[A[ATraining Step: 124  | total loss: [1m[32m0.45602[0m[0m | time: 1.887s
[2K
| Adam | epoch: 012 | loss: 0.45602 - acc: 0.7991 -- iter: 096/340
[A[ATraining Step: 125  | total loss: [1m[32m0.45260[0m[0m | time: 2.506s
[2K
| Adam | epoch: 012 | loss: 0.45260 - acc: 0.8004 -- iter: 128/340
[A[ATraining Step: 126  | total loss: [1m[32m0.45151[0m[0m | time: 3.130s
[2K
| Adam | epoch: 012 | loss: 0.45151 - acc: 0.7985 -- iter: 160/340
[A[ATraining Step: 127  | total loss: [1m[32m0.43284[0m[0m | time: 3.732s
[2K
| Adam | epoch: 012 | loss: 0.43284 - acc: 0.8093 -- iter: 192/340
[A[ATraining Step: 128  | total loss: [1m[32m0.43793[0m[0m | time: 4.340s
[2K
| Adam | epoch: 012 | loss: 0.43793 - acc: 0.8065 -- iter: 224/340
[A[ATraining Step: 129  | total loss: [1m[32m0.44926[0m[0m | time: 4.957s
[2K
| Adam | epoch: 012 | loss: 0.44926 - acc: 0.7977 -- iter: 256/340
[A[ATraining Step: 130  | total loss: [1m[32m0.43076[0m[0m | time: 5.599s
[2K
| Adam | epoch: 012 | loss: 0.43076 - acc: 0.8086 -- iter: 288/340
[A[ATraining Step: 131  | total loss: [1m[32m0.45179[0m[0m | time: 5.993s
[2K
| Adam | epoch: 012 | loss: 0.45179 - acc: 0.7902 -- iter: 320/340
[A[ATraining Step: 132  | total loss: [1m[32m0.44385[0m[0m | time: 7.394s
[2K
| Adam | epoch: 012 | loss: 0.44385 - acc: 0.7912 | val_loss: 0.43284 - val_acc: 0.8318 -- iter: 340/340
--
Training Step: 133  | total loss: [1m[32m0.42985[0m[0m | time: 0.616s
[2K
| Adam | epoch: 013 | loss: 0.42985 - acc: 0.8021 -- iter: 032/340
[A[ATraining Step: 134  | total loss: [1m[32m0.42605[0m[0m | time: 1.240s
[2K
| Adam | epoch: 013 | loss: 0.42605 - acc: 0.8031 -- iter: 064/340
[A[ATraining Step: 135  | total loss: [1m[32m0.41649[0m[0m | time: 1.871s
[2K
| Adam | epoch: 013 | loss: 0.41649 - acc: 0.8103 -- iter: 096/340
[A[ATraining Step: 136  | total loss: [1m[32m0.40030[0m[0m | time: 2.482s
[2K
| Adam | epoch: 013 | loss: 0.40030 - acc: 0.8199 -- iter: 128/340
[A[ATraining Step: 137  | total loss: [1m[32m0.40394[0m[0m | time: 3.093s
[2K
| Adam | epoch: 013 | loss: 0.40394 - acc: 0.8223 -- iter: 160/340
[A[ATraining Step: 138  | total loss: [1m[32m0.39809[0m[0m | time: 3.697s
[2K
| Adam | epoch: 013 | loss: 0.39809 - acc: 0.8244 -- iter: 192/340
[A[ATraining Step: 139  | total loss: [1m[32m0.39020[0m[0m | time: 4.319s
[2K
| Adam | epoch: 013 | loss: 0.39020 - acc: 0.8232 -- iter: 224/340
[A[ATraining Step: 140  | total loss: [1m[32m0.37987[0m[0m | time: 4.936s
[2K
| Adam | epoch: 013 | loss: 0.37987 - acc: 0.8253 -- iter: 256/340
[A[ATraining Step: 141  | total loss: [1m[32m0.37988[0m[0m | time: 5.535s
[2K
| Adam | epoch: 013 | loss: 0.37988 - acc: 0.8209 -- iter: 288/340
[A[ATraining Step: 142  | total loss: [1m[32m0.36263[0m[0m | time: 6.146s
[2K
| Adam | epoch: 013 | loss: 0.36263 - acc: 0.8357 -- iter: 320/340
[A[ATraining Step: 143  | total loss: [1m[32m0.34564[0m[0m | time: 7.543s
[2K
| Adam | epoch: 013 | loss: 0.34564 - acc: 0.8490 | val_loss: 0.37082 - val_acc: 0.8224 -- iter: 340/340
--
Training Step: 144  | total loss: [1m[32m0.34041[0m[0m | time: 0.397s
[2K
| Adam | epoch: 014 | loss: 0.34041 - acc: 0.8541 -- iter: 032/340
[A[ATraining Step: 145  | total loss: [1m[32m0.33085[0m[0m | time: 1.039s
[2K
| Adam | epoch: 014 | loss: 0.33085 - acc: 0.8587 -- iter: 064/340
[A[ATraining Step: 146  | total loss: [1m[32m0.34001[0m[0m | time: 1.644s
[2K
| Adam | epoch: 014 | loss: 0.34001 - acc: 0.8509 -- iter: 096/340
[A[ATraining Step: 147  | total loss: [1m[32m0.32831[0m[0m | time: 2.250s
[2K
| Adam | epoch: 014 | loss: 0.32831 - acc: 0.8565 -- iter: 128/340
[A[ATraining Step: 148  | total loss: [1m[32m0.32239[0m[0m | time: 2.864s
[2K
| Adam | epoch: 014 | loss: 0.32239 - acc: 0.8646 -- iter: 160/340
[A[ATraining Step: 149  | total loss: [1m[32m0.31485[0m[0m | time: 3.491s
[2K
| Adam | epoch: 014 | loss: 0.31485 - acc: 0.8719 -- iter: 192/340
[A[ATraining Step: 150  | total loss: [1m[32m0.31059[0m[0m | time: 4.100s
[2K
| Adam | epoch: 014 | loss: 0.31059 - acc: 0.8722 -- iter: 224/340
[A[ATraining Step: 151  | total loss: [1m[32m0.30180[0m[0m | time: 4.722s
[2K
| Adam | epoch: 014 | loss: 0.30180 - acc: 0.8787 -- iter: 256/340
[A[ATraining Step: 152  | total loss: [1m[32m0.28739[0m[0m | time: 5.362s
[2K
| Adam | epoch: 014 | loss: 0.28739 - acc: 0.8908 -- iter: 288/340
[A[ATraining Step: 153  | total loss: [1m[32m0.28145[0m[0m | time: 5.976s
[2K
| Adam | epoch: 014 | loss: 0.28145 - acc: 0.8893 -- iter: 320/340
[A[ATraining Step: 154  | total loss: [1m[32m0.27193[0m[0m | time: 7.595s
[2K
| Adam | epoch: 014 | loss: 0.27193 - acc: 0.8910 | val_loss: 0.42455 - val_acc: 0.8131 -- iter: 340/340
--
Training Step: 155  | total loss: [1m[32m0.26167[0m[0m | time: 0.397s
[2K
| Adam | epoch: 015 | loss: 0.26167 - acc: 0.8987 -- iter: 032/340
[A[ATraining Step: 156  | total loss: [1m[32m0.25206[0m[0m | time: 0.794s
[2K
| Adam | epoch: 015 | loss: 0.25206 - acc: 0.9039 -- iter: 064/340
[A[ATraining Step: 157  | total loss: [1m[32m0.24200[0m[0m | time: 1.417s
[2K
| Adam | epoch: 015 | loss: 0.24200 - acc: 0.9035 -- iter: 096/340
[A[ATraining Step: 158  | total loss: [1m[32m0.27773[0m[0m | time: 2.030s
[2K
| Adam | epoch: 015 | loss: 0.27773 - acc: 0.8850 -- iter: 128/340
[A[ATraining Step: 159  | total loss: [1m[32m0.34986[0m[0m | time: 2.644s
[2K
| Adam | epoch: 015 | loss: 0.34986 - acc: 0.8621 -- iter: 160/340
[A[ATraining Step: 160  | total loss: [1m[32m0.34867[0m[0m | time: 3.260s
[2K
| Adam | epoch: 015 | loss: 0.34867 - acc: 0.8540 -- iter: 192/340
[A[ATraining Step: 161  | total loss: [1m[32m0.35049[0m[0m | time: 3.875s
[2K
| Adam | epoch: 015 | loss: 0.35049 - acc: 0.8530 -- iter: 224/340
[A[ATraining Step: 162  | total loss: [1m[32m0.36424[0m[0m | time: 4.489s
[2K
| Adam | epoch: 015 | loss: 0.36424 - acc: 0.8427 -- iter: 256/340
[A[ATraining Step: 163  | total loss: [1m[32m0.37482[0m[0m | time: 5.132s
[2K
| Adam | epoch: 015 | loss: 0.37482 - acc: 0.8334 -- iter: 288/340
[A[ATraining Step: 164  | total loss: [1m[32m0.34908[0m[0m | time: 5.740s
[2K
| Adam | epoch: 015 | loss: 0.34908 - acc: 0.8438 -- iter: 320/340
[A[ATraining Step: 165  | total loss: [1m[32m0.32850[0m[0m | time: 7.368s
[2K
| Adam | epoch: 015 | loss: 0.32850 - acc: 0.8563 | val_loss: 0.44257 - val_acc: 0.7944 -- iter: 340/340
--
Training Step: 166  | total loss: [1m[32m0.32783[0m[0m | time: 0.613s
[2K
| Adam | epoch: 016 | loss: 0.32783 - acc: 0.8551 -- iter: 032/340
[A[ATraining Step: 167  | total loss: [1m[32m0.31914[0m[0m | time: 1.018s
[2K
| Adam | epoch: 016 | loss: 0.31914 - acc: 0.8539 -- iter: 064/340
[A[ATraining Step: 168  | total loss: [1m[32m0.30091[0m[0m | time: 1.406s
[2K
| Adam | epoch: 016 | loss: 0.30091 - acc: 0.8635 -- iter: 096/340
[A[ATraining Step: 169  | total loss: [1m[32m0.28382[0m[0m | time: 2.073s
[2K
| Adam | epoch: 016 | loss: 0.28382 - acc: 0.8722 -- iter: 128/340
[A[ATraining Step: 170  | total loss: [1m[32m0.29395[0m[0m | time: 2.683s
[2K
| Adam | epoch: 016 | loss: 0.29395 - acc: 0.8693 -- iter: 160/340
[A[ATraining Step: 171  | total loss: [1m[32m0.27982[0m[0m | time: 3.323s
[2K
| Adam | epoch: 016 | loss: 0.27982 - acc: 0.8762 -- iter: 192/340
[A[ATraining Step: 172  | total loss: [1m[32m0.28350[0m[0m | time: 3.931s
[2K
| Adam | epoch: 016 | loss: 0.28350 - acc: 0.8823 -- iter: 224/340
[A[ATraining Step: 173  | total loss: [1m[32m0.27518[0m[0m | time: 4.562s
[2K
| Adam | epoch: 016 | loss: 0.27518 - acc: 0.8816 -- iter: 256/340
[A[ATraining Step: 174  | total loss: [1m[32m0.28887[0m[0m | time: 5.173s
[2K
| Adam | epoch: 016 | loss: 0.28887 - acc: 0.8715 -- iter: 288/340
[A[ATraining Step: 175  | total loss: [1m[32m0.29372[0m[0m | time: 5.791s
[2K
| Adam | epoch: 016 | loss: 0.29372 - acc: 0.8719 -- iter: 320/340
[A[ATraining Step: 176  | total loss: [1m[32m0.28827[0m[0m | time: 7.406s
[2K
| Adam | epoch: 016 | loss: 0.28827 - acc: 0.8753 | val_loss: 0.43193 - val_acc: 0.8411 -- iter: 340/340
--
Training Step: 177  | total loss: [1m[32m0.27413[0m[0m | time: 0.618s
[2K
| Adam | epoch: 017 | loss: 0.27413 - acc: 0.8847 -- iter: 032/340
[A[ATraining Step: 178  | total loss: [1m[32m0.27149[0m[0m | time: 1.232s
[2K
| Adam | epoch: 017 | loss: 0.27149 - acc: 0.8837 -- iter: 064/340
[A[ATraining Step: 179  | total loss: [1m[32m0.25829[0m[0m | time: 1.625s
[2K
| Adam | epoch: 017 | loss: 0.25829 - acc: 0.8891 -- iter: 096/340
[A[ATraining Step: 180  | total loss: [1m[32m0.25251[0m[0m | time: 2.029s
[2K
| Adam | epoch: 017 | loss: 0.25251 - acc: 0.8952 -- iter: 128/340
[A[ATraining Step: 181  | total loss: [1m[32m0.23630[0m[0m | time: 2.673s
[2K
| Adam | epoch: 017 | loss: 0.23630 - acc: 0.9007 -- iter: 160/340
[A[ATraining Step: 182  | total loss: [1m[32m0.23399[0m[0m | time: 3.282s
[2K
| Adam | epoch: 017 | loss: 0.23399 - acc: 0.8981 -- iter: 192/340
[A[ATraining Step: 183  | total loss: [1m[32m0.24677[0m[0m | time: 3.900s
[2K
| Adam | epoch: 017 | loss: 0.24677 - acc: 0.8927 -- iter: 224/340
[A[ATraining Step: 184  | total loss: [1m[32m0.25614[0m[0m | time: 4.514s
[2K
| Adam | epoch: 017 | loss: 0.25614 - acc: 0.8878 -- iter: 256/340
[A[ATraining Step: 185  | total loss: [1m[32m0.23981[0m[0m | time: 5.131s
[2K
| Adam | epoch: 017 | loss: 0.23981 - acc: 0.8990 -- iter: 288/340
[A[ATraining Step: 186  | total loss: [1m[32m0.23109[0m[0m | time: 5.727s
[2K
| Adam | epoch: 017 | loss: 0.23109 - acc: 0.9060 -- iter: 320/340
[A[ATraining Step: 187  | total loss: [1m[32m0.23926[0m[0m | time: 7.334s
[2K
| Adam | epoch: 017 | loss: 0.23926 - acc: 0.9060 | val_loss: 0.45291 - val_acc: 0.8224 -- iter: 340/340
--
Training Step: 188  | total loss: [1m[32m0.24695[0m[0m | time: 0.630s
[2K
| Adam | epoch: 018 | loss: 0.24695 - acc: 0.9029 -- iter: 032/340
[A[ATraining Step: 189  | total loss: [1m[32m0.23994[0m[0m | time: 1.242s
[2K
| Adam | epoch: 018 | loss: 0.23994 - acc: 0.9064 -- iter: 064/340
[A[ATraining Step: 190  | total loss: [1m[32m0.22551[0m[0m | time: 1.841s
[2K
| Adam | epoch: 018 | loss: 0.22551 - acc: 0.9126 -- iter: 096/340
[A[ATraining Step: 191  | total loss: [1m[32m0.23261[0m[0m | time: 2.231s
[2K
| Adam | epoch: 018 | loss: 0.23261 - acc: 0.9088 -- iter: 128/340
[A[ATraining Step: 192  | total loss: [1m[32m0.25593[0m[0m | time: 2.619s
[2K
| Adam | epoch: 018 | loss: 0.25593 - acc: 0.8930 -- iter: 160/340
[A[ATraining Step: 193  | total loss: [1m[32m0.26880[0m[0m | time: 3.243s
[2K
| Adam | epoch: 018 | loss: 0.26880 - acc: 0.8837 -- iter: 192/340
[A[ATraining Step: 194  | total loss: [1m[32m0.25923[0m[0m | time: 3.885s
[2K
| Adam | epoch: 018 | loss: 0.25923 - acc: 0.8859 -- iter: 224/340
[A[ATraining Step: 195  | total loss: [1m[32m0.24451[0m[0m | time: 4.494s
[2K
| Adam | epoch: 018 | loss: 0.24451 - acc: 0.8942 -- iter: 256/340
[A[ATraining Step: 196  | total loss: [1m[32m0.23989[0m[0m | time: 5.115s
[2K
| Adam | epoch: 018 | loss: 0.23989 - acc: 0.9017 -- iter: 288/340
[A[ATraining Step: 197  | total loss: [1m[32m0.22698[0m[0m | time: 5.724s
[2K
| Adam | epoch: 018 | loss: 0.22698 - acc: 0.9084 -- iter: 320/340
[A[ATraining Step: 198  | total loss: [1m[32m0.22138[0m[0m | time: 7.337s
[2K
| Adam | epoch: 018 | loss: 0.22138 - acc: 0.9082 | val_loss: 0.37699 - val_acc: 0.8505 -- iter: 340/340
--
Training Step: 199  | total loss: [1m[32m0.20487[0m[0m | time: 0.630s
[2K
| Adam | epoch: 019 | loss: 0.20487 - acc: 0.9173 -- iter: 032/340
[A[ATraining Step: 200  | total loss: [1m[32m0.19519[0m[0m | time: 2.254s
[2K
| Adam | epoch: 019 | loss: 0.19519 - acc: 0.9256 | val_loss: 0.43468 - val_acc: 0.8037 -- iter: 064/340
--
Training Step: 201  | total loss: [1m[32m0.18267[0m[0m | time: 2.899s
[2K
| Adam | epoch: 019 | loss: 0.18267 - acc: 0.9330 -- iter: 096/340
[A[ATraining Step: 202  | total loss: [1m[32m0.18267[0m[0m | time: 3.516s
[2K
| Adam | epoch: 019 | loss: 0.18267 - acc: 0.9335 -- iter: 128/340
[A[ATraining Step: 203  | total loss: [1m[32m0.17144[0m[0m | time: 3.910s
[2K
| Adam | epoch: 019 | loss: 0.17144 - acc: 0.9370 -- iter: 160/340
[A[ATraining Step: 204  | total loss: [1m[32m0.15843[0m[0m | time: 4.300s
[2K
| Adam | epoch: 019 | loss: 0.15843 - acc: 0.9433 -- iter: 192/340
[A[ATraining Step: 205  | total loss: [1m[32m0.14735[0m[0m | time: 4.914s
[2K
| Adam | epoch: 019 | loss: 0.14735 - acc: 0.9490 -- iter: 224/340
[A[ATraining Step: 206  | total loss: [1m[32m0.13755[0m[0m | time: 5.530s
[2K
| Adam | epoch: 019 | loss: 0.13755 - acc: 0.9541 -- iter: 256/340
[A[ATraining Step: 207  | total loss: [1m[32m0.13567[0m[0m | time: 6.144s
[2K
| Adam | epoch: 019 | loss: 0.13567 - acc: 0.9556 -- iter: 288/340
[A[ATraining Step: 208  | total loss: [1m[32m0.14470[0m[0m | time: 6.756s
[2K
| Adam | epoch: 019 | loss: 0.14470 - acc: 0.9569 -- iter: 320/340
[A[ATraining Step: 209  | total loss: [1m[32m0.13849[0m[0m | time: 8.372s
[2K
| Adam | epoch: 019 | loss: 0.13849 - acc: 0.9581 | val_loss: 0.43475 - val_acc: 0.8318 -- iter: 340/340
--
Training Step: 210  | total loss: [1m[32m0.12796[0m[0m | time: 0.618s
[2K
| Adam | epoch: 020 | loss: 0.12796 - acc: 0.9623 -- iter: 032/340
[A[ATraining Step: 211  | total loss: [1m[32m0.12193[0m[0m | time: 1.240s
[2K
| Adam | epoch: 020 | loss: 0.12193 - acc: 0.9629 -- iter: 064/340
[A[ATraining Step: 212  | total loss: [1m[32m0.11739[0m[0m | time: 1.851s
[2K
| Adam | epoch: 020 | loss: 0.11739 - acc: 0.9635 -- iter: 096/340
[A[ATraining Step: 213  | total loss: [1m[32m0.10745[0m[0m | time: 2.458s
[2K
| Adam | epoch: 020 | loss: 0.10745 - acc: 0.9671 -- iter: 128/340
[A[ATraining Step: 214  | total loss: [1m[32m0.09856[0m[0m | time: 3.065s
[2K
| Adam | epoch: 020 | loss: 0.09856 - acc: 0.9704 -- iter: 160/340
[A[ATraining Step: 215  | total loss: [1m[32m0.09273[0m[0m | time: 3.463s
[2K
| Adam | epoch: 020 | loss: 0.09273 - acc: 0.9734 -- iter: 192/340
[A[ATraining Step: 216  | total loss: [1m[32m0.08765[0m[0m | time: 3.874s
[2K
| Adam | epoch: 020 | loss: 0.08765 - acc: 0.9760 -- iter: 224/340
[A[ATraining Step: 217  | total loss: [1m[32m0.08072[0m[0m | time: 4.497s
[2K
| Adam | epoch: 020 | loss: 0.08072 - acc: 0.9784 -- iter: 256/340
[A[ATraining Step: 218  | total loss: [1m[32m0.08351[0m[0m | time: 5.110s
[2K
| Adam | epoch: 020 | loss: 0.08351 - acc: 0.9775 -- iter: 288/340
[A[ATraining Step: 219  | total loss: [1m[32m0.07592[0m[0m | time: 5.731s
[2K
| Adam | epoch: 020 | loss: 0.07592 - acc: 0.9797 -- iter: 320/340
[A[ATraining Step: 220  | total loss: [1m[32m0.06959[0m[0m | time: 7.366s
[2K
| Adam | epoch: 020 | loss: 0.06959 - acc: 0.9818 | val_loss: 0.48675 - val_acc: 0.8505 -- iter: 340/340
--
Training Step: 221  | total loss: [1m[32m0.06370[0m[0m | time: 0.614s
[2K
| Adam | epoch: 021 | loss: 0.06370 - acc: 0.9836 -- iter: 032/340
[A[ATraining Step: 222  | total loss: [1m[32m0.05794[0m[0m | time: 1.227s
[2K
| Adam | epoch: 021 | loss: 0.05794 - acc: 0.9852 -- iter: 064/340
[A[ATraining Step: 223  | total loss: [1m[32m0.05422[0m[0m | time: 1.866s
[2K
| Adam | epoch: 021 | loss: 0.05422 - acc: 0.9867 -- iter: 096/340
[A[ATraining Step: 224  | total loss: [1m[32m0.05005[0m[0m | time: 2.487s
[2K
| Adam | epoch: 021 | loss: 0.05005 - acc: 0.9880 -- iter: 128/340
[A[ATraining Step: 225  | total loss: [1m[32m0.04586[0m[0m | time: 3.115s
[2K
| Adam | epoch: 021 | loss: 0.04586 - acc: 0.9892 -- iter: 160/340
[A[ATraining Step: 226  | total loss: [1m[32m0.04251[0m[0m | time: 3.721s
[2K
| Adam | epoch: 021 | loss: 0.04251 - acc: 0.9903 -- iter: 192/340
[A[ATraining Step: 227  | total loss: [1m[32m0.04186[0m[0m | time: 4.142s
[2K
| Adam | epoch: 021 | loss: 0.04186 - acc: 0.9881 -- iter: 224/340
[A[ATraining Step: 228  | total loss: [1m[32m0.04126[0m[0m | time: 4.530s
[2K
| Adam | epoch: 021 | loss: 0.04126 - acc: 0.9893 -- iter: 256/340
[A[ATraining Step: 229  | total loss: [1m[32m0.04023[0m[0m | time: 5.143s
[2K
| Adam | epoch: 021 | loss: 0.04023 - acc: 0.9904 -- iter: 288/340
[A[ATraining Step: 230  | total loss: [1m[32m0.06422[0m[0m | time: 5.788s
[2K
| Adam | epoch: 021 | loss: 0.06422 - acc: 0.9851 -- iter: 320/340
[A[ATraining Step: 231  | total loss: [1m[32m0.06459[0m[0m | time: 7.406s
[2K
| Adam | epoch: 021 | loss: 0.06459 - acc: 0.9835 | val_loss: 0.56406 - val_acc: 0.8224 -- iter: 340/340
--
Training Step: 232  | total loss: [1m[32m0.07444[0m[0m | time: 0.611s
[2K
| Adam | epoch: 022 | loss: 0.07444 - acc: 0.9820 -- iter: 032/340
[A[ATraining Step: 233  | total loss: [1m[32m0.06771[0m[0m | time: 1.225s
[2K
| Adam | epoch: 022 | loss: 0.06771 - acc: 0.9838 -- iter: 064/340
[A[ATraining Step: 234  | total loss: [1m[32m0.06971[0m[0m | time: 1.853s
[2K
| Adam | epoch: 022 | loss: 0.06971 - acc: 0.9823 -- iter: 096/340
[A[ATraining Step: 235  | total loss: [1m[32m0.06380[0m[0m | time: 2.480s
[2K
| Adam | epoch: 022 | loss: 0.06380 - acc: 0.9841 -- iter: 128/340
[A[ATraining Step: 236  | total loss: [1m[32m0.06065[0m[0m | time: 3.102s
[2K
| Adam | epoch: 022 | loss: 0.06065 - acc: 0.9857 -- iter: 160/340
[A[ATraining Step: 237  | total loss: [1m[32m0.05573[0m[0m | time: 3.736s
[2K
| Adam | epoch: 022 | loss: 0.05573 - acc: 0.9871 -- iter: 192/340
[A[ATraining Step: 238  | total loss: [1m[32m0.05254[0m[0m | time: 4.351s
[2K
| Adam | epoch: 022 | loss: 0.05254 - acc: 0.9884 -- iter: 224/340
[A[ATraining Step: 239  | total loss: [1m[32m0.05662[0m[0m | time: 4.740s
[2K
| Adam | epoch: 022 | loss: 0.05662 - acc: 0.9864 -- iter: 256/340
[A[ATraining Step: 240  | total loss: [1m[32m0.05311[0m[0m | time: 5.132s
[2K
| Adam | epoch: 022 | loss: 0.05311 - acc: 0.9878 -- iter: 288/340
[A[ATraining Step: 241  | total loss: [1m[32m0.05102[0m[0m | time: 5.773s
[2K
| Adam | epoch: 022 | loss: 0.05102 - acc: 0.9890 -- iter: 320/340
[A[ATraining Step: 242  | total loss: [1m[32m0.04983[0m[0m | time: 7.396s
[2K
| Adam | epoch: 022 | loss: 0.04983 - acc: 0.9901 | val_loss: 0.51094 - val_acc: 0.8131 -- iter: 340/340
--
Training Step: 243  | total loss: [1m[32m0.04613[0m[0m | time: 0.617s
[2K
| Adam | epoch: 023 | loss: 0.04613 - acc: 0.9911 -- iter: 032/340
[A[ATraining Step: 244  | total loss: [1m[32m0.08557[0m[0m | time: 1.232s
[2K
| Adam | epoch: 023 | loss: 0.08557 - acc: 0.9826 -- iter: 064/340
[A[ATraining Step: 245  | total loss: [1m[32m0.07890[0m[0m | time: 1.853s
[2K
| Adam | epoch: 023 | loss: 0.07890 - acc: 0.9843 -- iter: 096/340
[A[ATraining Step: 246  | total loss: [1m[32m0.07155[0m[0m | time: 2.469s
[2K
| Adam | epoch: 023 | loss: 0.07155 - acc: 0.9859 -- iter: 128/340
[A[ATraining Step: 247  | total loss: [1m[32m0.06523[0m[0m | time: 3.078s
[2K
| Adam | epoch: 023 | loss: 0.06523 - acc: 0.9873 -- iter: 160/340
[A[ATraining Step: 248  | total loss: [1m[32m0.06573[0m[0m | time: 3.704s
[2K
| Adam | epoch: 023 | loss: 0.06573 - acc: 0.9855 -- iter: 192/340
[A[ATraining Step: 249  | total loss: [1m[32m0.06743[0m[0m | time: 4.311s
[2K
| Adam | epoch: 023 | loss: 0.06743 - acc: 0.9807 -- iter: 224/340
[A[ATraining Step: 250  | total loss: [1m[32m0.06236[0m[0m | time: 4.946s
[2K
| Adam | epoch: 023 | loss: 0.06236 - acc: 0.9826 -- iter: 256/340
[A[ATraining Step: 251  | total loss: [1m[32m0.06492[0m[0m | time: 5.346s
[2K
| Adam | epoch: 023 | loss: 0.06492 - acc: 0.9812 -- iter: 288/340
[A[ATraining Step: 252  | total loss: [1m[32m0.06094[0m[0m | time: 5.739s
[2K
| Adam | epoch: 023 | loss: 0.06094 - acc: 0.9831 -- iter: 320/340
[A[ATraining Step: 253  | total loss: [1m[32m0.05544[0m[0m | time: 7.359s
[2K
| Adam | epoch: 023 | loss: 0.05544 - acc: 0.9848 | val_loss: 0.54002 - val_acc: 0.8224 -- iter: 340/340
--
Training Step: 254  | total loss: [1m[32m0.05033[0m[0m | time: 0.621s
[2K
| Adam | epoch: 024 | loss: 0.05033 - acc: 0.9863 -- iter: 032/340
[A[ATraining Step: 255  | total loss: [1m[32m0.04932[0m[0m | time: 1.222s
[2K
| Adam | epoch: 024 | loss: 0.04932 - acc: 0.9846 -- iter: 064/340
[A[ATraining Step: 256  | total loss: [1m[32m0.04507[0m[0m | time: 1.829s
[2K
| Adam | epoch: 024 | loss: 0.04507 - acc: 0.9861 -- iter: 096/340
[A[ATraining Step: 257  | total loss: [1m[32m0.05145[0m[0m | time: 2.453s
[2K
| Adam | epoch: 024 | loss: 0.05145 - acc: 0.9844 -- iter: 128/340
[A[ATraining Step: 258  | total loss: [1m[32m0.04757[0m[0m | time: 3.069s
[2K
| Adam | epoch: 024 | loss: 0.04757 - acc: 0.9859 -- iter: 160/340
[A[ATraining Step: 259  | total loss: [1m[32m0.04983[0m[0m | time: 3.682s
[2K
| Adam | epoch: 024 | loss: 0.04983 - acc: 0.9811 -- iter: 192/340
[A[ATraining Step: 260  | total loss: [1m[32m0.04823[0m[0m | time: 4.298s
[2K
| Adam | epoch: 024 | loss: 0.04823 - acc: 0.9830 -- iter: 224/340
[A[ATraining Step: 261  | total loss: [1m[32m0.05680[0m[0m | time: 4.926s
[2K
| Adam | epoch: 024 | loss: 0.05680 - acc: 0.9816 -- iter: 256/340
[A[ATraining Step: 262  | total loss: [1m[32m0.05349[0m[0m | time: 5.537s
[2K
| Adam | epoch: 024 | loss: 0.05349 - acc: 0.9834 -- iter: 288/340
[A[ATraining Step: 263  | total loss: [1m[32m0.05791[0m[0m | time: 5.932s
[2K
| Adam | epoch: 024 | loss: 0.05791 - acc: 0.9819 -- iter: 320/340
[A[ATraining Step: 264  | total loss: [1m[32m0.06550[0m[0m | time: 7.326s
[2K
| Adam | epoch: 024 | loss: 0.06550 - acc: 0.9787 | val_loss: 0.52942 - val_acc: 0.8411 -- iter: 340/340
--
Training Step: 265  | total loss: [1m[32m0.06099[0m[0m | time: 0.599s
[2K
| Adam | epoch: 025 | loss: 0.06099 - acc: 0.9809 -- iter: 032/340
[A[ATraining Step: 266  | total loss: [1m[32m0.05740[0m[0m | time: 1.223s
[2K
| Adam | epoch: 025 | loss: 0.05740 - acc: 0.9828 -- iter: 064/340
[A[ATraining Step: 267  | total loss: [1m[32m0.07089[0m[0m | time: 1.844s
[2K
| Adam | epoch: 025 | loss: 0.07089 - acc: 0.9783 -- iter: 096/340
[A[ATraining Step: 268  | total loss: [1m[32m0.08402[0m[0m | time: 2.456s
[2K
| Adam | epoch: 025 | loss: 0.08402 - acc: 0.9773 -- iter: 128/340
[A[ATraining Step: 269  | total loss: [1m[32m0.07835[0m[0m | time: 3.066s
[2K
| Adam | epoch: 025 | loss: 0.07835 - acc: 0.9796 -- iter: 160/340
[A[ATraining Step: 270  | total loss: [1m[32m0.07139[0m[0m | time: 3.686s
[2K
| Adam | epoch: 025 | loss: 0.07139 - acc: 0.9816 -- iter: 192/340
[A[ATraining Step: 271  | total loss: [1m[32m0.06550[0m[0m | time: 4.308s
[2K
| Adam | epoch: 025 | loss: 0.06550 - acc: 0.9835 -- iter: 224/340
[A[ATraining Step: 272  | total loss: [1m[32m0.06115[0m[0m | time: 4.933s
[2K
| Adam | epoch: 025 | loss: 0.06115 - acc: 0.9851 -- iter: 256/340
[A[ATraining Step: 273  | total loss: [1m[32m0.05916[0m[0m | time: 5.561s
[2K
| Adam | epoch: 025 | loss: 0.05916 - acc: 0.9835 -- iter: 288/340
[A[ATraining Step: 274  | total loss: [1m[32m0.05589[0m[0m | time: 6.172s
[2K
| Adam | epoch: 025 | loss: 0.05589 - acc: 0.9851 -- iter: 320/340
[A[ATraining Step: 275  | total loss: [1m[32m0.05185[0m[0m | time: 7.562s
[2K
| Adam | epoch: 025 | loss: 0.05185 - acc: 0.9866 | val_loss: 0.51156 - val_acc: 0.8037 -- iter: 340/340
--
Training Step: 276  | total loss: [1m[32m0.05238[0m[0m | time: 0.404s
[2K
| Adam | epoch: 026 | loss: 0.05238 - acc: 0.9830 -- iter: 032/340
[A[ATraining Step: 277  | total loss: [1m[32m0.04848[0m[0m | time: 1.046s
[2K
| Adam | epoch: 026 | loss: 0.04848 - acc: 0.9847 -- iter: 064/340
[A[ATraining Step: 278  | total loss: [1m[32m0.04617[0m[0m | time: 1.666s
[2K
| Adam | epoch: 026 | loss: 0.04617 - acc: 0.9862 -- iter: 096/340
[A[ATraining Step: 279  | total loss: [1m[32m0.04908[0m[0m | time: 2.310s
[2K
| Adam | epoch: 026 | loss: 0.04908 - acc: 0.9844 -- iter: 128/340
[A[ATraining Step: 280  | total loss: [1m[32m0.07404[0m[0m | time: 2.920s
[2K
| Adam | epoch: 026 | loss: 0.07404 - acc: 0.9829 -- iter: 160/340
[A[ATraining Step: 281  | total loss: [1m[32m0.07030[0m[0m | time: 3.534s
[2K
| Adam | epoch: 026 | loss: 0.07030 - acc: 0.9815 -- iter: 192/340
[A[ATraining Step: 282  | total loss: [1m[32m0.06416[0m[0m | time: 4.158s
[2K
| Adam | epoch: 026 | loss: 0.06416 - acc: 0.9833 -- iter: 224/340
[A[ATraining Step: 283  | total loss: [1m[32m0.05904[0m[0m | time: 4.759s
[2K
| Adam | epoch: 026 | loss: 0.05904 - acc: 0.9850 -- iter: 256/340
[A[ATraining Step: 284  | total loss: [1m[32m0.06564[0m[0m | time: 5.383s
[2K
| Adam | epoch: 026 | loss: 0.06564 - acc: 0.9802 -- iter: 288/340
[A[ATraining Step: 285  | total loss: [1m[32m0.07306[0m[0m | time: 5.988s
[2K
| Adam | epoch: 026 | loss: 0.07306 - acc: 0.9791 -- iter: 320/340
[A[ATraining Step: 286  | total loss: [1m[32m0.06623[0m[0m | time: 7.596s
[2K
| Adam | epoch: 026 | loss: 0.06623 - acc: 0.9812 | val_loss: 0.50960 - val_acc: 0.8224 -- iter: 340/340
--
Training Step: 287  | total loss: [1m[32m0.06054[0m[0m | time: 0.400s
[2K
| Adam | epoch: 027 | loss: 0.06054 - acc: 0.9831 -- iter: 032/340
[A[ATraining Step: 288  | total loss: [1m[32m0.05667[0m[0m | time: 0.808s
[2K
| Adam | epoch: 027 | loss: 0.05667 - acc: 0.9848 -- iter: 064/340
[A[ATraining Step: 289  | total loss: [1m[32m0.05190[0m[0m | time: 1.455s
[2K
| Adam | epoch: 027 | loss: 0.05190 - acc: 0.9863 -- iter: 096/340
[A[ATraining Step: 290  | total loss: [1m[32m0.04745[0m[0m | time: 2.066s
[2K
| Adam | epoch: 027 | loss: 0.04745 - acc: 0.9877 -- iter: 128/340
[A[ATraining Step: 291  | total loss: [1m[32m0.04434[0m[0m | time: 2.686s
[2K
| Adam | epoch: 027 | loss: 0.04434 - acc: 0.9889 -- iter: 160/340
[A[ATraining Step: 292  | total loss: [1m[32m0.04195[0m[0m | time: 3.290s
[2K
| Adam | epoch: 027 | loss: 0.04195 - acc: 0.9900 -- iter: 192/340
[A[ATraining Step: 293  | total loss: [1m[32m0.03916[0m[0m | time: 3.911s
[2K
| Adam | epoch: 027 | loss: 0.03916 - acc: 0.9910 -- iter: 224/340
[A[ATraining Step: 294  | total loss: [1m[32m0.03598[0m[0m | time: 4.520s
[2K
| Adam | epoch: 027 | loss: 0.03598 - acc: 0.9919 -- iter: 256/340
[A[ATraining Step: 295  | total loss: [1m[32m0.03334[0m[0m | time: 5.133s
[2K
| Adam | epoch: 027 | loss: 0.03334 - acc: 0.9927 -- iter: 288/340
[A[ATraining Step: 296  | total loss: [1m[32m0.03047[0m[0m | time: 5.749s
[2K
| Adam | epoch: 027 | loss: 0.03047 - acc: 0.9934 -- iter: 320/340
[A[ATraining Step: 297  | total loss: [1m[32m0.02800[0m[0m | time: 7.375s
[2K
| Adam | epoch: 027 | loss: 0.02800 - acc: 0.9941 | val_loss: 0.56888 - val_acc: 0.8224 -- iter: 340/340
--
Training Step: 298  | total loss: [1m[32m0.02585[0m[0m | time: 0.613s
[2K
| Adam | epoch: 028 | loss: 0.02585 - acc: 0.9947 -- iter: 032/340
[A[ATraining Step: 299  | total loss: [1m[32m0.02743[0m[0m | time: 1.016s
[2K
| Adam | epoch: 028 | loss: 0.02743 - acc: 0.9921 -- iter: 064/340
[A[ATraining Step: 300  | total loss: [1m[32m0.02560[0m[0m | time: 1.416s
[2K
| Adam | epoch: 028 | loss: 0.02560 - acc: 0.9929 -- iter: 096/340
[A[ATraining Step: 301  | total loss: [1m[32m0.02355[0m[0m | time: 2.070s
[2K
| Adam | epoch: 028 | loss: 0.02355 - acc: 0.9936 -- iter: 128/340
[A[ATraining Step: 302  | total loss: [1m[32m0.02239[0m[0m | time: 2.675s
[2K
| Adam | epoch: 028 | loss: 0.02239 - acc: 0.9942 -- iter: 160/340
[A[ATraining Step: 303  | total loss: [1m[32m0.03053[0m[0m | time: 3.282s
[2K
| Adam | epoch: 028 | loss: 0.03053 - acc: 0.9917 -- iter: 192/340
[A[ATraining Step: 304  | total loss: [1m[32m0.04845[0m[0m | time: 3.888s
[2K
| Adam | epoch: 028 | loss: 0.04845 - acc: 0.9894 -- iter: 224/340
[A[ATraining Step: 305  | total loss: [1m[32m0.04392[0m[0m | time: 4.483s
[2K
| Adam | epoch: 028 | loss: 0.04392 - acc: 0.9905 -- iter: 256/340
[A[ATraining Step: 306  | total loss: [1m[32m0.05367[0m[0m | time: 5.092s
[2K
| Adam | epoch: 028 | loss: 0.05367 - acc: 0.9883 -- iter: 288/340
[A[ATraining Step: 307  | total loss: [1m[32m0.05066[0m[0m | time: 5.707s
[2K
| Adam | epoch: 028 | loss: 0.05066 - acc: 0.9895 -- iter: 320/340
[A[ATraining Step: 308  | total loss: [1m[32m0.04599[0m[0m | time: 7.310s
[2K
| Adam | epoch: 028 | loss: 0.04599 - acc: 0.9905 | val_loss: 0.49266 - val_acc: 0.8037 -- iter: 340/340
--
Training Step: 309  | total loss: [1m[32m0.04683[0m[0m | time: 0.608s
[2K
| Adam | epoch: 029 | loss: 0.04683 - acc: 0.9883 -- iter: 032/340
[A[ATraining Step: 310  | total loss: [1m[32m0.04317[0m[0m | time: 1.238s
[2K
| Adam | epoch: 029 | loss: 0.04317 - acc: 0.9895 -- iter: 064/340
[A[ATraining Step: 311  | total loss: [1m[32m0.03962[0m[0m | time: 1.627s
[2K
| Adam | epoch: 029 | loss: 0.03962 - acc: 0.9905 -- iter: 096/340
[A[ATraining Step: 312  | total loss: [1m[32m0.03718[0m[0m | time: 2.028s
[2K
| Adam | epoch: 029 | loss: 0.03718 - acc: 0.9915 -- iter: 128/340
[A[ATraining Step: 313  | total loss: [1m[32m0.03482[0m[0m | time: 2.644s
[2K
| Adam | epoch: 029 | loss: 0.03482 - acc: 0.9923 -- iter: 160/340
[A[ATraining Step: 314  | total loss: [1m[32m0.03223[0m[0m | time: 3.264s
[2K
| Adam | epoch: 029 | loss: 0.03223 - acc: 0.9931 -- iter: 192/340
[A[ATraining Step: 315  | total loss: [1m[32m0.02998[0m[0m | time: 3.888s
[2K
| Adam | epoch: 029 | loss: 0.02998 - acc: 0.9938 -- iter: 224/340
[A[ATraining Step: 316  | total loss: [1m[32m0.02760[0m[0m | time: 4.503s
[2K
| Adam | epoch: 029 | loss: 0.02760 - acc: 0.9944 -- iter: 256/340
[A[ATraining Step: 317  | total loss: [1m[32m0.02538[0m[0m | time: 5.126s
[2K
| Adam | epoch: 029 | loss: 0.02538 - acc: 0.9950 -- iter: 288/340
[A[ATraining Step: 318  | total loss: [1m[32m0.02327[0m[0m | time: 5.790s
[2K
| Adam | epoch: 029 | loss: 0.02327 - acc: 0.9955 -- iter: 320/340
[A[ATraining Step: 319  | total loss: [1m[32m0.02670[0m[0m | time: 7.405s
[2K
| Adam | epoch: 029 | loss: 0.02670 - acc: 0.9928 | val_loss: 0.59754 - val_acc: 0.8411 -- iter: 340/340
--
Training Step: 320  | total loss: [1m[32m0.02967[0m[0m | time: 0.622s
[2K
| Adam | epoch: 030 | loss: 0.02967 - acc: 0.9904 -- iter: 032/340
[A[ATraining Step: 321  | total loss: [1m[32m0.02730[0m[0m | time: 1.227s
[2K
| Adam | epoch: 030 | loss: 0.02730 - acc: 0.9914 -- iter: 064/340
[A[ATraining Step: 322  | total loss: [1m[32m0.02716[0m[0m | time: 1.846s
[2K
| Adam | epoch: 030 | loss: 0.02716 - acc: 0.9922 -- iter: 096/340
[A[ATraining Step: 323  | total loss: [1m[32m0.02463[0m[0m | time: 2.239s
[2K
| Adam | epoch: 030 | loss: 0.02463 - acc: 0.9930 -- iter: 128/340
[A[ATraining Step: 324  | total loss: [1m[32m0.02234[0m[0m | time: 2.646s
[2K
| Adam | epoch: 030 | loss: 0.02234 - acc: 0.9937 -- iter: 160/340
[A[ATraining Step: 325  | total loss: [1m[32m0.02033[0m[0m | time: 3.263s
[2K
| Adam | epoch: 030 | loss: 0.02033 - acc: 0.9943 -- iter: 192/340
[A[ATraining Step: 326  | total loss: [1m[32m0.01855[0m[0m | time: 3.890s
[2K
| Adam | epoch: 030 | loss: 0.01855 - acc: 0.9949 -- iter: 224/340
[A[ATraining Step: 327  | total loss: [1m[32m0.01896[0m[0m | time: 4.491s
[2K
| Adam | epoch: 030 | loss: 0.01896 - acc: 0.9954 -- iter: 256/340
[A[ATraining Step: 328  | total loss: [1m[32m0.03793[0m[0m | time: 5.114s
[2K
| Adam | epoch: 030 | loss: 0.03793 - acc: 0.9927 -- iter: 288/340
[A[ATraining Step: 329  | total loss: [1m[32m0.03503[0m[0m | time: 5.742s
[2K
| Adam | epoch: 030 | loss: 0.03503 - acc: 0.9935 -- iter: 320/340
[A[ATraining Step: 330  | total loss: [1m[32m0.03228[0m[0m | time: 7.365s
[2K
| Adam | epoch: 030 | loss: 0.03228 - acc: 0.9941 | val_loss: 0.55776 - val_acc: 0.8224 -- iter: 340/340
--
Validation AUC:0.9273255813953488
Validation AUPRC:0.8975371580944347
Test AUC:0.875611460517121
Test AUPRC:0.8904099784031784
BestTestF1Score	0.8	0.57	0.79	0.76	0.83	45	14	39	9	0.12
BestTestMCCScore	0.82	0.61	0.8	0.77	0.87	47	14	39	7	0.05
BestTestAccuracyScore	0.72	0.54	0.76	0.87	0.61	33	5	48	21	0.95
BestValidationF1Score	0.81	0.68	0.82	0.71	0.95	41	17	47	2	0.12
BestValidationMCC	0.81	0.69	0.81	0.68	1.0	43	20	44	0	0.05
BestValidationAccuracy	0.78	0.65	0.83	0.82	0.74	32	7	57	11	0.95
TestPredictions (Threshold:0.05)
CHEMBL3330409,FN,ACT,0.0	CHEMBL512658,TN,INACT,0.0	CHEMBL250796,TP,ACT,1.0	CHEMBL176041,FN,ACT,0.0	CHEMBL589091,TP,ACT,0.9900000095367432	CHEMBL131098,TN,INACT,0.0	CHEMBL373598,TP,ACT,0.9900000095367432	CHEMBL77732,TN,INACT,0.03999999910593033	CHEMBL515356,TN,INACT,0.0	CHEMBL549303,TN,INACT,0.0	CHEMBL1650128,TP,ACT,0.949999988079071	CHEMBL557321,TN,INACT,0.0	CHEMBL400772,TP,ACT,0.9900000095367432	CHEMBL2392242,TN,INACT,0.0	CHEMBL575565,TP,ACT,1.0	CHEMBL1910606,TN,INACT,0.03999999910593033	CHEMBL3330410,TP,ACT,0.15000000596046448	CHEMBL589986,FP,INACT,0.9599999785423279	CHEMBL195177,TP,ACT,1.0	CHEMBL361708,TP,ACT,1.0	CHEMBL250759,TP,ACT,1.0	CHEMBL1910756,FP,INACT,1.0	CHEMBL1170748,TP,ACT,0.3400000035762787	CHEMBL3421968,FP,INACT,0.9800000190734863	CHEMBL1928697,FN,ACT,0.019999999552965164	CHEMBL561136,TN,INACT,0.0	CHEMBL1947252,TP,ACT,0.4099999964237213	CHEMBL2392223,TN,INACT,0.0	CHEMBL504547,TN,INACT,0.009999999776482582	CHEMBL2392385,TN,INACT,0.009999999776482582	CHEMBL225519,FN,ACT,0.0	CHEMBL191969,TP,ACT,1.0	CHEMBL1087421,TN,INACT,0.029999999329447746	CHEMBL248934,TP,ACT,0.9800000190734863	CHEMBL490251,FP,INACT,0.6700000166893005	CHEMBL253324,TP,ACT,1.0	CHEMBL456113,TN,INACT,0.029999999329447746	CHEMBL251256,TP,ACT,0.7799999713897705	CHEMBL2070409,FP,INACT,0.9900000095367432	CHEMBL2380834,FN,ACT,0.029999999329447746	CHEMBL590637,TP,ACT,1.0	CHEMBL574737,TP,ACT,0.8600000143051147	CHEMBL77155,TN,INACT,0.009999999776482582	CHEMBL1910607,FP,INACT,0.15000000596046448	CHEMBL599519,TN,INACT,0.019999999552965164	CHEMBL559882,TN,INACT,0.0	CHEMBL1236782,TP,ACT,0.9800000190734863	CHEMBL1947254,TP,ACT,0.8700000047683716	CHEMBL1910753,FP,INACT,0.9900000095367432	CHEMBL253116,TP,ACT,0.25999999046325684	CHEMBL1910755,FP,INACT,0.20000000298023224	CHEMBL419069,TN,INACT,0.009999999776482582	CHEMBL1922122,TN,INACT,0.0	CHEMBL362255,TP,ACT,1.0	CHEMBL438868,TP,ACT,0.9900000095367432	CHEMBL450383,TN,INACT,0.0	CHEMBL535,TP,ACT,0.05000000074505806	CHEMBL509499,TN,INACT,0.0	CHEMBL1650056,TP,ACT,1.0	CHEMBL509032,FN,ACT,0.0	CHEMBL3335362,FP,INACT,0.23999999463558197	CHEMBL1170126,TP,ACT,0.18000000715255737	CHEMBL1922121,TN,INACT,0.0	CHEMBL253542,TP,ACT,0.9900000095367432	CHEMBL1171532,TP,ACT,1.0	CHEMBL1910375,FP,INACT,0.6100000143051147	CHEMBL1650126,TP,ACT,0.9900000095367432	CHEMBL100670,TN,INACT,0.0	CHEMBL251368,TP,ACT,1.0	CHEMBL551663,TN,INACT,0.0	CHEMBL599581,TP,ACT,1.0	CHEMBL176235,TP,ACT,1.0	CHEMBL456796,TN,INACT,0.0	CHEMBL590335,TP,ACT,1.0	CHEMBL592489,TP,ACT,1.0	CHEMBL226471,FP,INACT,0.7799999713897705	CHEMBL176326,TP,ACT,0.05000000074505806	CHEMBL328627,TN,INACT,0.0	CHEMBL2164716,TN,INACT,0.009999999776482582	CHEMBL590808,TP,ACT,1.0	CHEMBL202930,FP,INACT,0.6600000262260437	CHEMBL413188,FN,ACT,0.009999999776482582	CHEMBL251284,TP,ACT,0.8899999856948853	CHEMBL1081198,FP,INACT,0.1899999976158142	CHEMBL1650102,TP,ACT,0.2199999988079071	CHEMBL469776,TN,INACT,0.0	CHEMBL524820,TN,INACT,0.03999999910593033	CHEMBL249750,TP,ACT,1.0	CHEMBL398759,TP,ACT,1.0	CHEMBL175553,TP,ACT,1.0	CHEMBL1650119,TP,ACT,0.9599999785423279	CHEMBL456965,TN,INACT,0.0	CHEMBL2392233,TN,INACT,0.0	CHEMBL525538,TN,INACT,0.009999999776482582	CHEMBL99779,TN,INACT,0.0	CHEMBL3609656,TN,INACT,0.009999999776482582	CHEMBL604784,TP,ACT,1.0	CHEMBL2392240,TN,INACT,0.0	CHEMBL2420584,TN,INACT,0.009999999776482582	CHEMBL1650103,TP,ACT,1.0	CHEMBL179717,TP,ACT,1.0	CHEMBL457390,TN,INACT,0.0	CHEMBL573177,TP,ACT,1.0	CHEMBL78223,TN,INACT,0.0	CHEMBL1087650,FP,INACT,0.6800000071525574	CHEMBL1721885,TP,ACT,0.25999999046325684	CHEMBL335938,TN,INACT,0.0	

