ImageNetInceptionV2 CHEMBL2470 adam 0.0005 30 0 0 0.6 False True
Number of active compounds :	371
Number of inactive compounds :	371
---------------------------------
Run id: ImageNetInceptionV2_CHEMBL2470_adam_0.0005_30_0_0_0.6_False_True_id
Log directory: ../tflearnLogs/ImageNetInceptionV2_CHEMBL2470_adam_0.0005_30_0.6/
---------------------------------
Training samples: 464
Validation samples: 146
--
Training Step: 1  | time: 63.203s
[2K
| Adam | epoch: 001 | loss: 0.00000 - acc: 0.0000 -- iter: 032/464
[A[ATraining Step: 2  | total loss: [1m[32m0.62920[0m[0m | time: 74.360s
[2K
| Adam | epoch: 001 | loss: 0.62920 - acc: 0.5625 -- iter: 064/464
[A[ATraining Step: 3  | total loss: [1m[32m0.81438[0m[0m | time: 85.299s
[2K
| Adam | epoch: 001 | loss: 0.81438 - acc: 0.5369 -- iter: 096/464
[A[ATraining Step: 4  | total loss: [1m[32m0.64295[0m[0m | time: 96.021s
[2K
| Adam | epoch: 001 | loss: 0.64295 - acc: 0.6264 -- iter: 128/464
[A[ATraining Step: 5  | total loss: [1m[32m0.67683[0m[0m | time: 110.135s
[2K
| Adam | epoch: 001 | loss: 0.67683 - acc: 0.6254 -- iter: 160/464
[A[ATraining Step: 6  | total loss: [1m[32m0.67690[0m[0m | time: 124.686s
[2K
| Adam | epoch: 001 | loss: 0.67690 - acc: 0.6653 -- iter: 192/464
[A[ATraining Step: 7  | total loss: [1m[32m0.67006[0m[0m | time: 138.988s
[2K
| Adam | epoch: 001 | loss: 0.67006 - acc: 0.6599 -- iter: 224/464
[A[ATraining Step: 8  | total loss: [1m[32m0.62209[0m[0m | time: 153.285s
[2K
| Adam | epoch: 001 | loss: 0.62209 - acc: 0.6754 -- iter: 256/464
[A[ATraining Step: 9  | total loss: [1m[32m0.56109[0m[0m | time: 168.190s
[2K
| Adam | epoch: 001 | loss: 0.56109 - acc: 0.7480 -- iter: 288/464
[A[ATraining Step: 10  | total loss: [1m[32m0.50511[0m[0m | time: 182.700s
[2K
| Adam | epoch: 001 | loss: 0.50511 - acc: 0.7802 -- iter: 320/464
[A[ATraining Step: 11  | total loss: [1m[32m0.48075[0m[0m | time: 196.417s
[2K
| Adam | epoch: 001 | loss: 0.48075 - acc: 0.7807 -- iter: 352/464
[A[ATraining Step: 12  | total loss: [1m[32m0.37902[0m[0m | time: 210.525s
[2K
| Adam | epoch: 001 | loss: 0.37902 - acc: 0.8231 -- iter: 384/464
[A[ATraining Step: 13  | total loss: [1m[32m0.36755[0m[0m | time: 224.557s
[2K
| Adam | epoch: 001 | loss: 0.36755 - acc: 0.8320 -- iter: 416/464
[A[ATraining Step: 14  | total loss: [1m[32m0.35569[0m[0m | time: 238.720s
[2K
| Adam | epoch: 001 | loss: 0.35569 - acc: 0.7984 -- iter: 448/464
[A[ATraining Step: 15  | total loss: [1m[32m0.32400[0m[0m | time: 268.332s
[2K
| Adam | epoch: 001 | loss: 0.32400 - acc: 0.8406 | val_loss: 2.05075 - val_acc: 0.4110 -- iter: 464/464
--
Training Step: 16  | total loss: [1m[32m0.42673[0m[0m | time: 8.648s
[2K
| Adam | epoch: 002 | loss: 0.42673 - acc: 0.8301 -- iter: 032/464
[A[ATraining Step: 17  | total loss: [1m[32m0.31197[0m[0m | time: 22.633s
[2K
| Adam | epoch: 002 | loss: 0.31197 - acc: 0.8688 -- iter: 064/464
[A[ATraining Step: 18  | total loss: [1m[32m0.31825[0m[0m | time: 36.778s
[2K
| Adam | epoch: 002 | loss: 0.31825 - acc: 0.8817 -- iter: 096/464
[A[ATraining Step: 19  | total loss: [1m[32m0.32886[0m[0m | time: 50.757s
[2K
| Adam | epoch: 002 | loss: 0.32886 - acc: 0.8795 -- iter: 128/464
[A[ATraining Step: 20  | total loss: [1m[32m0.30009[0m[0m | time: 64.876s
[2K
| Adam | epoch: 002 | loss: 0.30009 - acc: 0.8780 -- iter: 160/464
[A[ATraining Step: 21  | total loss: [1m[32m0.28710[0m[0m | time: 78.534s
[2K
| Adam | epoch: 002 | loss: 0.28710 - acc: 0.8771 -- iter: 192/464
[A[ATraining Step: 22  | total loss: [1m[32m0.25227[0m[0m | time: 92.764s
[2K
| Adam | epoch: 002 | loss: 0.25227 - acc: 0.9046 -- iter: 224/464
[A[ATraining Step: 23  | total loss: [1m[32m0.27918[0m[0m | time: 107.002s
[2K
| Adam | epoch: 002 | loss: 0.27918 - acc: 0.8779 -- iter: 256/464
[A[ATraining Step: 24  | total loss: [1m[32m0.24655[0m[0m | time: 121.164s
[2K
| Adam | epoch: 002 | loss: 0.24655 - acc: 0.8946 -- iter: 288/464
[A[ATraining Step: 25  | total loss: [1m[32m0.32530[0m[0m | time: 135.950s
[2K
| Adam | epoch: 002 | loss: 0.32530 - acc: 0.8722 -- iter: 320/464
[A[ATraining Step: 26  | total loss: [1m[32m0.37518[0m[0m | time: 149.723s
[2K
| Adam | epoch: 002 | loss: 0.37518 - acc: 0.8647 -- iter: 352/464
[A[ATraining Step: 27  | total loss: [1m[32m0.36801[0m[0m | time: 163.656s
[2K
| Adam | epoch: 002 | loss: 0.36801 - acc: 0.8593 -- iter: 384/464
[A[ATraining Step: 28  | total loss: [1m[32m0.32623[0m[0m | time: 179.231s
[2K
| Adam | epoch: 002 | loss: 0.32623 - acc: 0.8867 -- iter: 416/464
[A[ATraining Step: 29  | total loss: [1m[32m0.33038[0m[0m | time: 193.414s
[2K
| Adam | epoch: 002 | loss: 0.33038 - acc: 0.8686 -- iter: 448/464
[A[ATraining Step: 30  | total loss: [1m[32m0.32449[0m[0m | time: 218.896s
[2K
| Adam | epoch: 002 | loss: 0.32449 - acc: 0.8701 | val_loss: 0.97602 - val_acc: 0.4110 -- iter: 464/464
--
Training Step: 31  | total loss: [1m[32m0.31060[0m[0m | time: 6.092s
[2K
| Adam | epoch: 003 | loss: 0.31060 - acc: 0.8857 -- iter: 032/464
[A[ATraining Step: 32  | total loss: [1m[32m0.28693[0m[0m | time: 12.166s
[2K
| Adam | epoch: 003 | loss: 0.28693 - acc: 0.8973 -- iter: 064/464
[A[ATraining Step: 33  | total loss: [1m[32m0.23425[0m[0m | time: 22.496s
[2K
| Adam | epoch: 003 | loss: 0.23425 - acc: 0.9199 -- iter: 096/464
[A[ATraining Step: 34  | total loss: [1m[32m0.25061[0m[0m | time: 35.988s
[2K
| Adam | epoch: 003 | loss: 0.25061 - acc: 0.9103 -- iter: 128/464
[A[ATraining Step: 35  | total loss: [1m[32m0.28777[0m[0m | time: 49.936s
[2K
| Adam | epoch: 003 | loss: 0.28777 - acc: 0.8898 -- iter: 160/464
[A[ATraining Step: 36  | total loss: [1m[32m0.25934[0m[0m | time: 63.932s
[2K
| Adam | epoch: 003 | loss: 0.25934 - acc: 0.9123 -- iter: 192/464
[A[ATraining Step: 37  | total loss: [1m[32m0.24068[0m[0m | time: 78.598s
[2K
| Adam | epoch: 003 | loss: 0.24068 - acc: 0.9111 -- iter: 224/464
[A[ATraining Step: 38  | total loss: [1m[32m0.21192[0m[0m | time: 92.618s
[2K
| Adam | epoch: 003 | loss: 0.21192 - acc: 0.9285 -- iter: 256/464
[A[ATraining Step: 39  | total loss: [1m[32m0.18507[0m[0m | time: 106.171s
[2K
| Adam | epoch: 003 | loss: 0.18507 - acc: 0.9422 -- iter: 288/464
[A[ATraining Step: 40  | total loss: [1m[32m0.17862[0m[0m | time: 119.969s
[2K
| Adam | epoch: 003 | loss: 0.17862 - acc: 0.9472 -- iter: 320/464
[A[ATraining Step: 41  | total loss: [1m[32m0.16057[0m[0m | time: 134.456s
[2K
| Adam | epoch: 003 | loss: 0.16057 - acc: 0.9511 -- iter: 352/464
[A[ATraining Step: 42  | total loss: [1m[32m0.18891[0m[0m | time: 148.619s
[2K
| Adam | epoch: 003 | loss: 0.18891 - acc: 0.9487 -- iter: 384/464
[A[ATraining Step: 43  | total loss: [1m[32m0.19620[0m[0m | time: 162.811s
[2K
| Adam | epoch: 003 | loss: 0.19620 - acc: 0.9412 -- iter: 416/464
[A[ATraining Step: 44  | total loss: [1m[32m0.20923[0m[0m | time: 176.967s
[2K
| Adam | epoch: 003 | loss: 0.20923 - acc: 0.9351 -- iter: 448/464
[A[ATraining Step: 45  | total loss: [1m[32m0.18823[0m[0m | time: 201.126s
[2K
| Adam | epoch: 003 | loss: 0.18823 - acc: 0.9355 | val_loss: 1.35005 - val_acc: 0.4589 -- iter: 464/464
--
Training Step: 46  | total loss: [1m[32m0.18341[0m[0m | time: 13.723s
[2K
| Adam | epoch: 004 | loss: 0.18341 - acc: 0.9307 -- iter: 032/464
[A[ATraining Step: 47  | total loss: [1m[32m0.16263[0m[0m | time: 21.597s
[2K
| Adam | epoch: 004 | loss: 0.16263 - acc: 0.9420 -- iter: 064/464
[A[ATraining Step: 48  | total loss: [1m[32m0.21234[0m[0m | time: 30.263s
[2K
| Adam | epoch: 004 | loss: 0.21234 - acc: 0.9413 -- iter: 096/464
[A[ATraining Step: 49  | total loss: [1m[32m0.18935[0m[0m | time: 43.973s
[2K
| Adam | epoch: 004 | loss: 0.18935 - acc: 0.9506 -- iter: 128/464
[A[ATraining Step: 50  | total loss: [1m[32m0.17015[0m[0m | time: 57.827s
[2K
| Adam | epoch: 004 | loss: 0.17015 - acc: 0.9582 -- iter: 160/464
[A[ATraining Step: 51  | total loss: [1m[32m0.17153[0m[0m | time: 71.353s
[2K
| Adam | epoch: 004 | loss: 0.17153 - acc: 0.9551 -- iter: 192/464
[A[ATraining Step: 52  | total loss: [1m[32m0.15633[0m[0m | time: 85.516s
[2K
| Adam | epoch: 004 | loss: 0.15633 - acc: 0.9571 -- iter: 224/464
[A[ATraining Step: 53  | total loss: [1m[32m0.14542[0m[0m | time: 99.589s
[2K
| Adam | epoch: 004 | loss: 0.14542 - acc: 0.9634 -- iter: 256/464
[A[ATraining Step: 54  | total loss: [1m[32m0.13340[0m[0m | time: 113.305s
[2K
| Adam | epoch: 004 | loss: 0.13340 - acc: 0.9642 -- iter: 288/464
[A[ATraining Step: 55  | total loss: [1m[32m0.11950[0m[0m | time: 126.973s
[2K
| Adam | epoch: 004 | loss: 0.11950 - acc: 0.9693 -- iter: 320/464
[A[ATraining Step: 56  | total loss: [1m[32m0.11629[0m[0m | time: 141.580s
[2K
| Adam | epoch: 004 | loss: 0.11629 - acc: 0.9649 -- iter: 352/464
[A[ATraining Step: 57  | total loss: [1m[32m0.10181[0m[0m | time: 154.811s
[2K
| Adam | epoch: 004 | loss: 0.10181 - acc: 0.9697 -- iter: 384/464
[A[ATraining Step: 58  | total loss: [1m[32m0.08957[0m[0m | time: 164.526s
[2K
| Adam | epoch: 004 | loss: 0.08957 - acc: 0.9738 -- iter: 416/464
[A[ATraining Step: 59  | total loss: [1m[32m0.07927[0m[0m | time: 178.378s
[2K
| Adam | epoch: 004 | loss: 0.07927 - acc: 0.9774 -- iter: 448/464
[A[ATraining Step: 60  | total loss: [1m[32m0.07986[0m[0m | time: 203.305s
[2K
| Adam | epoch: 004 | loss: 0.07986 - acc: 0.9762 | val_loss: 0.80728 - val_acc: 0.8219 -- iter: 464/464
--
Training Step: 61  | total loss: [1m[32m0.08374[0m[0m | time: 14.465s
[2K
| Adam | epoch: 005 | loss: 0.08374 - acc: 0.9752 -- iter: 032/464
[A[ATraining Step: 62  | total loss: [1m[32m0.10687[0m[0m | time: 27.363s
[2K
| Adam | epoch: 005 | loss: 0.10687 - acc: 0.9624 -- iter: 064/464
[A[ATraining Step: 63  | total loss: [1m[32m0.09923[0m[0m | time: 33.175s
[2K
| Adam | epoch: 005 | loss: 0.09923 - acc: 0.9632 -- iter: 096/464
[A[ATraining Step: 64  | total loss: [1m[32m0.36978[0m[0m | time: 39.119s
[2K
| Adam | epoch: 005 | loss: 0.36978 - acc: 0.9209 -- iter: 128/464
[A[ATraining Step: 65  | total loss: [1m[32m0.33334[0m[0m | time: 49.033s
[2K
| Adam | epoch: 005 | loss: 0.33334 - acc: 0.9306 -- iter: 160/464
[A[ATraining Step: 66  | total loss: [1m[32m0.30193[0m[0m | time: 61.592s
[2K
| Adam | epoch: 005 | loss: 0.30193 - acc: 0.9391 -- iter: 192/464
[A[ATraining Step: 67  | total loss: [1m[32m0.27773[0m[0m | time: 75.481s
[2K
| Adam | epoch: 005 | loss: 0.27773 - acc: 0.9426 -- iter: 224/464
[A[ATraining Step: 68  | total loss: [1m[32m0.25044[0m[0m | time: 89.599s
[2K
| Adam | epoch: 005 | loss: 0.25044 - acc: 0.9494 -- iter: 256/464
[A[ATraining Step: 69  | total loss: [1m[32m0.22400[0m[0m | time: 103.428s
[2K
| Adam | epoch: 005 | loss: 0.22400 - acc: 0.9553 -- iter: 288/464
[A[ATraining Step: 70  | total loss: [1m[32m0.20786[0m[0m | time: 116.845s
[2K
| Adam | epoch: 005 | loss: 0.20786 - acc: 0.9569 -- iter: 320/464
[A[ATraining Step: 71  | total loss: [1m[32m0.19124[0m[0m | time: 130.827s
[2K
| Adam | epoch: 005 | loss: 0.19124 - acc: 0.9582 -- iter: 352/464
[A[ATraining Step: 72  | total loss: [1m[32m0.17798[0m[0m | time: 144.517s
[2K
| Adam | epoch: 005 | loss: 0.17798 - acc: 0.9629 -- iter: 384/464
[A[ATraining Step: 73  | total loss: [1m[32m0.17392[0m[0m | time: 158.687s
[2K
| Adam | epoch: 005 | loss: 0.17392 - acc: 0.9601 -- iter: 416/464
[A[ATraining Step: 74  | total loss: [1m[32m0.16025[0m[0m | time: 172.635s
[2K
| Adam | epoch: 005 | loss: 0.16025 - acc: 0.9645 -- iter: 448/464
[A[ATraining Step: 75  | total loss: [1m[32m0.15050[0m[0m | time: 197.293s
[2K
| Adam | epoch: 005 | loss: 0.15050 - acc: 0.9650 | val_loss: 0.80863 - val_acc: 0.7945 -- iter: 464/464
--
Training Step: 76  | total loss: [1m[32m0.13897[0m[0m | time: 14.378s
[2K
| Adam | epoch: 006 | loss: 0.13897 - acc: 0.9654 -- iter: 032/464
[A[ATraining Step: 77  | total loss: [1m[32m0.12957[0m[0m | time: 27.735s
[2K
| Adam | epoch: 006 | loss: 0.12957 - acc: 0.9690 -- iter: 064/464
[A[ATraining Step: 78  | total loss: [1m[32m0.12027[0m[0m | time: 41.096s
[2K
| Adam | epoch: 006 | loss: 0.12027 - acc: 0.9690 -- iter: 096/464
[A[ATraining Step: 79  | total loss: [1m[32m0.11080[0m[0m | time: 48.792s
[2K
| Adam | epoch: 006 | loss: 0.11080 - acc: 0.9722 -- iter: 128/464
[A[ATraining Step: 80  | total loss: [1m[32m0.12954[0m[0m | time: 57.258s
[2K
| Adam | epoch: 006 | loss: 0.12954 - acc: 0.9687 -- iter: 160/464
[A[ATraining Step: 81  | total loss: [1m[32m0.11693[0m[0m | time: 71.147s
[2K
| Adam | epoch: 006 | loss: 0.11693 - acc: 0.9718 -- iter: 192/464
[A[ATraining Step: 82  | total loss: [1m[32m0.11014[0m[0m | time: 84.622s
[2K
| Adam | epoch: 006 | loss: 0.11014 - acc: 0.9746 -- iter: 224/464
[A[ATraining Step: 83  | total loss: [1m[32m0.11546[0m[0m | time: 98.829s
[2K
| Adam | epoch: 006 | loss: 0.11546 - acc: 0.9741 -- iter: 256/464
[A[ATraining Step: 84  | total loss: [1m[32m0.10695[0m[0m | time: 112.604s
[2K
| Adam | epoch: 006 | loss: 0.10695 - acc: 0.9766 -- iter: 288/464
[A[ATraining Step: 85  | total loss: [1m[32m0.10011[0m[0m | time: 126.651s
[2K
| Adam | epoch: 006 | loss: 0.10011 - acc: 0.9759 -- iter: 320/464
[A[ATraining Step: 86  | total loss: [1m[32m0.09309[0m[0m | time: 140.688s
[2K
| Adam | epoch: 006 | loss: 0.09309 - acc: 0.9783 -- iter: 352/464
[A[ATraining Step: 87  | total loss: [1m[32m0.08556[0m[0m | time: 154.391s
[2K
| Adam | epoch: 006 | loss: 0.08556 - acc: 0.9804 -- iter: 384/464
[A[ATraining Step: 88  | total loss: [1m[32m0.10211[0m[0m | time: 167.860s
[2K
| Adam | epoch: 006 | loss: 0.10211 - acc: 0.9762 -- iter: 416/464
[A[ATraining Step: 89  | total loss: [1m[32m0.09650[0m[0m | time: 181.457s
[2K
| Adam | epoch: 006 | loss: 0.09650 - acc: 0.9754 -- iter: 448/464
[A[ATraining Step: 90  | total loss: [1m[32m0.09725[0m[0m | time: 206.795s
[2K
| Adam | epoch: 006 | loss: 0.09725 - acc: 0.9716 | val_loss: 1.78386 - val_acc: 0.5000 -- iter: 464/464
--
Training Step: 91  | total loss: [1m[32m0.08906[0m[0m | time: 13.506s
[2K
| Adam | epoch: 007 | loss: 0.08906 - acc: 0.9745 -- iter: 032/464
[A[ATraining Step: 92  | total loss: [1m[32m0.08897[0m[0m | time: 27.494s
[2K
| Adam | epoch: 007 | loss: 0.08897 - acc: 0.9739 -- iter: 064/464
[A[ATraining Step: 93  | total loss: [1m[32m0.08252[0m[0m | time: 41.073s
[2K
| Adam | epoch: 007 | loss: 0.08252 - acc: 0.9765 -- iter: 096/464
[A[ATraining Step: 94  | total loss: [1m[32m0.07476[0m[0m | time: 55.505s
[2K
| Adam | epoch: 007 | loss: 0.07476 - acc: 0.9788 -- iter: 128/464
[A[ATraining Step: 95  | total loss: [1m[32m0.07039[0m[0m | time: 62.341s
[2K
| Adam | epoch: 007 | loss: 0.07039 - acc: 0.9810 -- iter: 160/464
[A[ATraining Step: 96  | total loss: [1m[32m0.33493[0m[0m | time: 68.091s
[2K
| Adam | epoch: 007 | loss: 0.33493 - acc: 0.9391 -- iter: 192/464
[A[ATraining Step: 97  | total loss: [1m[32m0.32004[0m[0m | time: 78.034s
[2K
| Adam | epoch: 007 | loss: 0.32004 - acc: 0.9390 -- iter: 224/464
[A[ATraining Step: 98  | total loss: [1m[32m0.30092[0m[0m | time: 88.120s
[2K
| Adam | epoch: 007 | loss: 0.30092 - acc: 0.9357 -- iter: 256/464
[A[ATraining Step: 99  | total loss: [1m[32m0.27179[0m[0m | time: 98.036s
[2K
| Adam | epoch: 007 | loss: 0.27179 - acc: 0.9421 -- iter: 288/464
[A[ATraining Step: 100  | total loss: [1m[32m0.25851[0m[0m | time: 120.830s
[2K
| Adam | epoch: 007 | loss: 0.25851 - acc: 0.9417 -- iter: 320/464
[A[ATraining Step: 101  | total loss: [1m[32m0.23733[0m[0m | time: 140.060s
[2K
| Adam | epoch: 007 | loss: 0.23733 - acc: 0.9475 -- iter: 352/464
[A[ATraining Step: 102  | total loss: [1m[32m0.21985[0m[0m | time: 149.612s
[2K
| Adam | epoch: 007 | loss: 0.21985 - acc: 0.9527 -- iter: 384/464
[A[ATraining Step: 103  | total loss: [1m[32m0.20131[0m[0m | time: 158.492s
[2K
| Adam | epoch: 007 | loss: 0.20131 - acc: 0.9575 -- iter: 416/464
[A[ATraining Step: 104  | total loss: [1m[32m0.19170[0m[0m | time: 167.370s
[2K
| Adam | epoch: 007 | loss: 0.19170 - acc: 0.9586 -- iter: 448/464
[A[ATraining Step: 105  | total loss: [1m[32m0.18072[0m[0m | time: 182.631s
[2K
| Adam | epoch: 007 | loss: 0.18072 - acc: 0.9596 | val_loss: 0.31170 - val_acc: 0.8836 -- iter: 464/464
--
Training Step: 106  | total loss: [1m[32m0.16904[0m[0m | time: 8.870s
[2K
| Adam | epoch: 008 | loss: 0.16904 - acc: 0.9605 -- iter: 032/464
[A[ATraining Step: 107  | total loss: [1m[32m0.17161[0m[0m | time: 17.577s
[2K
| Adam | epoch: 008 | loss: 0.17161 - acc: 0.9582 -- iter: 064/464
[A[ATraining Step: 108  | total loss: [1m[32m0.16001[0m[0m | time: 26.457s
[2K
| Adam | epoch: 008 | loss: 0.16001 - acc: 0.9593 -- iter: 096/464
[A[ATraining Step: 109  | total loss: [1m[32m0.14546[0m[0m | time: 35.382s
[2K
| Adam | epoch: 008 | loss: 0.14546 - acc: 0.9633 -- iter: 128/464
[A[ATraining Step: 110  | total loss: [1m[32m0.13392[0m[0m | time: 44.378s
[2K
| Adam | epoch: 008 | loss: 0.13392 - acc: 0.9670 -- iter: 160/464
[A[ATraining Step: 111  | total loss: [1m[32m0.12500[0m[0m | time: 49.474s
[2K
| Adam | epoch: 008 | loss: 0.12500 - acc: 0.9672 -- iter: 192/464
[A[ATraining Step: 112  | total loss: [1m[32m0.15294[0m[0m | time: 54.572s
[2K
| Adam | epoch: 008 | loss: 0.15294 - acc: 0.9642 -- iter: 224/464
[A[ATraining Step: 113  | total loss: [1m[32m0.13860[0m[0m | time: 63.393s
[2K
| Adam | epoch: 008 | loss: 0.13860 - acc: 0.9678 -- iter: 256/464
[A[ATraining Step: 114  | total loss: [1m[32m0.12757[0m[0m | time: 72.305s
[2K
| Adam | epoch: 008 | loss: 0.12757 - acc: 0.9710 -- iter: 288/464
[A[ATraining Step: 115  | total loss: [1m[32m0.12125[0m[0m | time: 81.156s
[2K
| Adam | epoch: 008 | loss: 0.12125 - acc: 0.9739 -- iter: 320/464
[A[ATraining Step: 116  | total loss: [1m[32m0.13383[0m[0m | time: 90.055s
[2K
| Adam | epoch: 008 | loss: 0.13383 - acc: 0.9609 -- iter: 352/464
[A[ATraining Step: 117  | total loss: [1m[32m0.13438[0m[0m | time: 98.848s
[2K
| Adam | epoch: 008 | loss: 0.13438 - acc: 0.9586 -- iter: 384/464
[A[ATraining Step: 118  | total loss: [1m[32m0.12457[0m[0m | time: 107.710s
[2K
| Adam | epoch: 008 | loss: 0.12457 - acc: 0.9596 -- iter: 416/464
[A[ATraining Step: 119  | total loss: [1m[32m0.11520[0m[0m | time: 116.647s
[2K
| Adam | epoch: 008 | loss: 0.11520 - acc: 0.9636 -- iter: 448/464
[A[ATraining Step: 120  | total loss: [1m[32m0.10858[0m[0m | time: 131.807s
[2K
| Adam | epoch: 008 | loss: 0.10858 - acc: 0.9673 | val_loss: 6.93298 - val_acc: 0.5890 -- iter: 464/464
--
Training Step: 121  | total loss: [1m[32m0.10013[0m[0m | time: 9.183s
[2K
| Adam | epoch: 009 | loss: 0.10013 - acc: 0.9705 -- iter: 032/464
[A[ATraining Step: 122  | total loss: [1m[32m0.10031[0m[0m | time: 18.022s
[2K
| Adam | epoch: 009 | loss: 0.10031 - acc: 0.9704 -- iter: 064/464
[A[ATraining Step: 123  | total loss: [1m[32m0.09864[0m[0m | time: 27.027s
[2K
| Adam | epoch: 009 | loss: 0.09864 - acc: 0.9702 -- iter: 096/464
[A[ATraining Step: 124  | total loss: [1m[32m0.09268[0m[0m | time: 35.769s
[2K
| Adam | epoch: 009 | loss: 0.09268 - acc: 0.9732 -- iter: 128/464
[A[ATraining Step: 125  | total loss: [1m[32m0.08711[0m[0m | time: 44.712s
[2K
| Adam | epoch: 009 | loss: 0.08711 - acc: 0.9759 -- iter: 160/464
[A[ATraining Step: 126  | total loss: [1m[32m0.08111[0m[0m | time: 53.616s
[2K
| Adam | epoch: 009 | loss: 0.08111 - acc: 0.9783 -- iter: 192/464
[A[ATraining Step: 127  | total loss: [1m[32m0.07976[0m[0m | time: 58.808s
[2K
| Adam | epoch: 009 | loss: 0.07976 - acc: 0.9773 -- iter: 224/464
[A[ATraining Step: 128  | total loss: [1m[32m0.16256[0m[0m | time: 63.949s
[2K
| Adam | epoch: 009 | loss: 0.16256 - acc: 0.9671 -- iter: 256/464
[A[ATraining Step: 129  | total loss: [1m[32m0.15122[0m[0m | time: 72.715s
[2K
| Adam | epoch: 009 | loss: 0.15122 - acc: 0.9704 -- iter: 288/464
[A[ATraining Step: 130  | total loss: [1m[32m0.13697[0m[0m | time: 81.496s
[2K
| Adam | epoch: 009 | loss: 0.13697 - acc: 0.9733 -- iter: 320/464
[A[ATraining Step: 131  | total loss: [1m[32m0.13120[0m[0m | time: 90.409s
[2K
| Adam | epoch: 009 | loss: 0.13120 - acc: 0.9729 -- iter: 352/464
[A[ATraining Step: 132  | total loss: [1m[32m0.13403[0m[0m | time: 99.406s
[2K
| Adam | epoch: 009 | loss: 0.13403 - acc: 0.9725 -- iter: 384/464
[A[ATraining Step: 133  | total loss: [1m[32m0.12652[0m[0m | time: 108.311s
[2K
| Adam | epoch: 009 | loss: 0.12652 - acc: 0.9752 -- iter: 416/464
[A[ATraining Step: 134  | total loss: [1m[32m0.11548[0m[0m | time: 117.200s
[2K
| Adam | epoch: 009 | loss: 0.11548 - acc: 0.9777 -- iter: 448/464
[A[ATraining Step: 135  | total loss: [1m[32m0.10499[0m[0m | time: 132.401s
[2K
| Adam | epoch: 009 | loss: 0.10499 - acc: 0.9799 | val_loss: 2.12993 - val_acc: 0.6918 -- iter: 464/464
--
Training Step: 136  | total loss: [1m[32m0.09524[0m[0m | time: 9.147s
[2K
| Adam | epoch: 010 | loss: 0.09524 - acc: 0.9819 -- iter: 032/464
[A[ATraining Step: 137  | total loss: [1m[32m0.08756[0m[0m | time: 17.989s
[2K
| Adam | epoch: 010 | loss: 0.08756 - acc: 0.9837 -- iter: 064/464
[A[ATraining Step: 138  | total loss: [1m[32m0.08173[0m[0m | time: 27.029s
[2K
| Adam | epoch: 010 | loss: 0.08173 - acc: 0.9854 -- iter: 096/464
[A[ATraining Step: 139  | total loss: [1m[32m0.07462[0m[0m | time: 35.869s
[2K
| Adam | epoch: 010 | loss: 0.07462 - acc: 0.9868 -- iter: 128/464
[A[ATraining Step: 140  | total loss: [1m[32m0.08379[0m[0m | time: 44.776s
[2K
| Adam | epoch: 010 | loss: 0.08379 - acc: 0.9725 -- iter: 160/464
[A[ATraining Step: 141  | total loss: [1m[32m0.07625[0m[0m | time: 53.766s
[2K
| Adam | epoch: 010 | loss: 0.07625 - acc: 0.9753 -- iter: 192/464
[A[ATraining Step: 142  | total loss: [1m[32m0.08529[0m[0m | time: 62.599s
[2K
| Adam | epoch: 010 | loss: 0.08529 - acc: 0.9684 -- iter: 224/464
[A[ATraining Step: 143  | total loss: [1m[32m0.07906[0m[0m | time: 67.711s
[2K
| Adam | epoch: 010 | loss: 0.07906 - acc: 0.9715 -- iter: 256/464
[A[ATraining Step: 144  | total loss: [1m[32m0.07430[0m[0m | time: 72.758s
[2K
| Adam | epoch: 010 | loss: 0.07430 - acc: 0.9744 -- iter: 288/464
[A[ATraining Step: 145  | total loss: [1m[32m0.06981[0m[0m | time: 81.679s
[2K
| Adam | epoch: 010 | loss: 0.06981 - acc: 0.9769 -- iter: 320/464
[A[ATraining Step: 146  | total loss: [1m[32m0.07057[0m[0m | time: 90.671s
[2K
| Adam | epoch: 010 | loss: 0.07057 - acc: 0.9761 -- iter: 352/464
[A[ATraining Step: 147  | total loss: [1m[32m0.06870[0m[0m | time: 99.675s
[2K
| Adam | epoch: 010 | loss: 0.06870 - acc: 0.9785 -- iter: 384/464
[A[ATraining Step: 148  | total loss: [1m[32m0.06636[0m[0m | time: 108.578s
[2K
| Adam | epoch: 010 | loss: 0.06636 - acc: 0.9775 -- iter: 416/464
[A[ATraining Step: 149  | total loss: [1m[32m0.06319[0m[0m | time: 117.503s
[2K
| Adam | epoch: 010 | loss: 0.06319 - acc: 0.9798 -- iter: 448/464
[A[ATraining Step: 150  | total loss: [1m[32m0.06287[0m[0m | time: 132.691s
[2K
| Adam | epoch: 010 | loss: 0.06287 - acc: 0.9787 | val_loss: 0.70990 - val_acc: 0.7397 -- iter: 464/464
--
Training Step: 151  | total loss: [1m[32m0.05951[0m[0m | time: 9.042s
[2K
| Adam | epoch: 011 | loss: 0.05951 - acc: 0.9808 -- iter: 032/464
[A[ATraining Step: 152  | total loss: [1m[32m0.05380[0m[0m | time: 17.912s
[2K
| Adam | epoch: 011 | loss: 0.05380 - acc: 0.9827 -- iter: 064/464
[A[ATraining Step: 153  | total loss: [1m[32m0.05012[0m[0m | time: 26.659s
[2K
| Adam | epoch: 011 | loss: 0.05012 - acc: 0.9845 -- iter: 096/464
[A[ATraining Step: 154  | total loss: [1m[32m0.04620[0m[0m | time: 35.535s
[2K
| Adam | epoch: 011 | loss: 0.04620 - acc: 0.9860 -- iter: 128/464
[A[ATraining Step: 155  | total loss: [1m[32m0.04368[0m[0m | time: 44.334s
[2K
| Adam | epoch: 011 | loss: 0.04368 - acc: 0.9874 -- iter: 160/464
[A[ATraining Step: 156  | total loss: [1m[32m0.04221[0m[0m | time: 53.107s
[2K
| Adam | epoch: 011 | loss: 0.04221 - acc: 0.9887 -- iter: 192/464
[A[ATraining Step: 157  | total loss: [1m[32m0.04082[0m[0m | time: 61.928s
[2K
| Adam | epoch: 011 | loss: 0.04082 - acc: 0.9867 -- iter: 224/464
[A[ATraining Step: 158  | total loss: [1m[32m0.03691[0m[0m | time: 70.839s
[2K
| Adam | epoch: 011 | loss: 0.03691 - acc: 0.9880 -- iter: 256/464
[A[ATraining Step: 159  | total loss: [1m[32m0.03372[0m[0m | time: 75.951s
[2K
| Adam | epoch: 011 | loss: 0.03372 - acc: 0.9892 -- iter: 288/464
[A[ATraining Step: 160  | total loss: [1m[32m0.03378[0m[0m | time: 81.069s
[2K
| Adam | epoch: 011 | loss: 0.03378 - acc: 0.9903 -- iter: 320/464
[A[ATraining Step: 161  | total loss: [1m[32m0.03240[0m[0m | time: 89.896s
[2K
| Adam | epoch: 011 | loss: 0.03240 - acc: 0.9913 -- iter: 352/464
[A[ATraining Step: 162  | total loss: [1m[32m0.03127[0m[0m | time: 98.849s
[2K
| Adam | epoch: 011 | loss: 0.03127 - acc: 0.9921 -- iter: 384/464
[A[ATraining Step: 163  | total loss: [1m[32m0.02948[0m[0m | time: 107.737s
[2K
| Adam | epoch: 011 | loss: 0.02948 - acc: 0.9929 -- iter: 416/464
[A[ATraining Step: 164  | total loss: [1m[32m0.02803[0m[0m | time: 116.871s
[2K
| Adam | epoch: 011 | loss: 0.02803 - acc: 0.9936 -- iter: 448/464
[A[ATraining Step: 165  | total loss: [1m[32m0.02537[0m[0m | time: 132.050s
[2K
| Adam | epoch: 011 | loss: 0.02537 - acc: 0.9943 | val_loss: 1.07118 - val_acc: 0.6918 -- iter: 464/464
--
Training Step: 166  | total loss: [1m[32m0.02304[0m[0m | time: 9.240s
[2K
| Adam | epoch: 012 | loss: 0.02304 - acc: 0.9948 -- iter: 032/464
[A[ATraining Step: 167  | total loss: [1m[32m0.02227[0m[0m | time: 18.241s
[2K
| Adam | epoch: 012 | loss: 0.02227 - acc: 0.9954 -- iter: 064/464
[A[ATraining Step: 168  | total loss: [1m[32m0.02121[0m[0m | time: 27.220s
[2K
| Adam | epoch: 012 | loss: 0.02121 - acc: 0.9958 -- iter: 096/464
[A[ATraining Step: 169  | total loss: [1m[32m0.01923[0m[0m | time: 36.288s
[2K
| Adam | epoch: 012 | loss: 0.01923 - acc: 0.9962 -- iter: 128/464
[A[ATraining Step: 170  | total loss: [1m[32m0.01762[0m[0m | time: 45.236s
[2K
| Adam | epoch: 012 | loss: 0.01762 - acc: 0.9966 -- iter: 160/464
[A[ATraining Step: 171  | total loss: [1m[32m0.01596[0m[0m | time: 54.327s
[2K
| Adam | epoch: 012 | loss: 0.01596 - acc: 0.9970 -- iter: 192/464
[A[ATraining Step: 172  | total loss: [1m[32m0.01908[0m[0m | time: 63.306s
[2K
| Adam | epoch: 012 | loss: 0.01908 - acc: 0.9973 -- iter: 224/464
[A[ATraining Step: 173  | total loss: [1m[32m0.01773[0m[0m | time: 72.112s
[2K
| Adam | epoch: 012 | loss: 0.01773 - acc: 0.9975 -- iter: 256/464
[A[ATraining Step: 174  | total loss: [1m[32m0.01639[0m[0m | time: 81.058s
[2K
| Adam | epoch: 012 | loss: 0.01639 - acc: 0.9978 -- iter: 288/464
[A[ATraining Step: 175  | total loss: [1m[32m0.01519[0m[0m | time: 86.277s
[2K
| Adam | epoch: 012 | loss: 0.01519 - acc: 0.9980 -- iter: 320/464
[A[ATraining Step: 176  | total loss: [1m[32m0.05117[0m[0m | time: 91.439s
[2K
| Adam | epoch: 012 | loss: 0.05117 - acc: 0.9920 -- iter: 352/464
[A[ATraining Step: 177  | total loss: [1m[32m0.04616[0m[0m | time: 100.256s
[2K
| Adam | epoch: 012 | loss: 0.04616 - acc: 0.9928 -- iter: 384/464
[A[ATraining Step: 178  | total loss: [1m[32m0.04341[0m[0m | time: 109.118s
[2K
| Adam | epoch: 012 | loss: 0.04341 - acc: 0.9935 -- iter: 416/464
[A[ATraining Step: 179  | total loss: [1m[32m0.03963[0m[0m | time: 118.069s
[2K
| Adam | epoch: 012 | loss: 0.03963 - acc: 0.9941 -- iter: 448/464
[A[ATraining Step: 180  | total loss: [1m[32m0.03725[0m[0m | time: 133.484s
[2K
| Adam | epoch: 012 | loss: 0.03725 - acc: 0.9947 | val_loss: 1.25003 - val_acc: 0.6233 -- iter: 464/464
--
Training Step: 181  | total loss: [1m[32m0.03908[0m[0m | time: 15.118s
[2K
| Adam | epoch: 013 | loss: 0.03908 - acc: 0.9921 -- iter: 032/464
[A[ATraining Step: 182  | total loss: [1m[32m0.03820[0m[0m | time: 31.950s
[2K
| Adam | epoch: 013 | loss: 0.03820 - acc: 0.9929 -- iter: 064/464
[A[ATraining Step: 183  | total loss: [1m[32m0.03619[0m[0m | time: 48.209s
[2K
| Adam | epoch: 013 | loss: 0.03619 - acc: 0.9936 -- iter: 096/464
[A[ATraining Step: 184  | total loss: [1m[32m0.03832[0m[0m | time: 64.825s
[2K
| Adam | epoch: 013 | loss: 0.03832 - acc: 0.9911 -- iter: 128/464
[A[ATraining Step: 185  | total loss: [1m[32m0.07345[0m[0m | time: 81.463s
[2K
| Adam | epoch: 013 | loss: 0.07345 - acc: 0.9889 -- iter: 160/464
[A[ATraining Step: 186  | total loss: [1m[32m0.06674[0m[0m | time: 97.902s
[2K
| Adam | epoch: 013 | loss: 0.06674 - acc: 0.9900 -- iter: 192/464
[A[ATraining Step: 187  | total loss: [1m[32m0.08462[0m[0m | time: 114.292s
[2K
| Adam | epoch: 013 | loss: 0.08462 - acc: 0.9848 -- iter: 224/464
[A[ATraining Step: 188  | total loss: [1m[32m0.07810[0m[0m | time: 130.494s
[2K
| Adam | epoch: 013 | loss: 0.07810 - acc: 0.9863 -- iter: 256/464
[A[ATraining Step: 189  | total loss: [1m[32m0.07279[0m[0m | time: 146.625s
[2K
| Adam | epoch: 013 | loss: 0.07279 - acc: 0.9877 -- iter: 288/464
[A[ATraining Step: 190  | total loss: [1m[32m0.06597[0m[0m | time: 163.056s
[2K
| Adam | epoch: 013 | loss: 0.06597 - acc: 0.9889 -- iter: 320/464
[A[ATraining Step: 191  | total loss: [1m[32m0.06161[0m[0m | time: 172.526s
[2K
| Adam | epoch: 013 | loss: 0.06161 - acc: 0.9900 -- iter: 352/464
[A[ATraining Step: 192  | total loss: [1m[32m0.05571[0m[0m | time: 182.579s
[2K
| Adam | epoch: 013 | loss: 0.05571 - acc: 0.9910 -- iter: 384/464
[A[ATraining Step: 193  | total loss: [1m[32m0.05035[0m[0m | time: 198.610s
[2K
| Adam | epoch: 013 | loss: 0.05035 - acc: 0.9919 -- iter: 416/464
[A[ATraining Step: 194  | total loss: [1m[32m0.05781[0m[0m | time: 214.353s
[2K
| Adam | epoch: 013 | loss: 0.05781 - acc: 0.9896 -- iter: 448/464
[A[ATraining Step: 195  | total loss: [1m[32m0.05335[0m[0m | time: 242.898s
[2K
| Adam | epoch: 013 | loss: 0.05335 - acc: 0.9906 | val_loss: 2.42739 - val_acc: 0.5342 -- iter: 464/464
--
Training Step: 196  | total loss: [1m[32m0.04895[0m[0m | time: 15.467s
[2K
| Adam | epoch: 014 | loss: 0.04895 - acc: 0.9916 -- iter: 032/464
[A[ATraining Step: 197  | total loss: [1m[32m0.04430[0m[0m | time: 31.734s
[2K
| Adam | epoch: 014 | loss: 0.04430 - acc: 0.9924 -- iter: 064/464
[A[ATraining Step: 198  | total loss: [1m[32m0.04166[0m[0m | time: 47.750s
[2K
| Adam | epoch: 014 | loss: 0.04166 - acc: 0.9932 -- iter: 096/464
[A[ATraining Step: 199  | total loss: [1m[32m0.03782[0m[0m | time: 63.768s
[2K
| Adam | epoch: 014 | loss: 0.03782 - acc: 0.9938 -- iter: 128/464
[A[ATraining Step: 200  | total loss: [1m[32m0.08280[0m[0m | time: 92.454s
[2K
| Adam | epoch: 014 | loss: 0.08280 - acc: 0.9788 | val_loss: 0.68119 - val_acc: 0.7808 -- iter: 160/464
--
Training Step: 201  | total loss: [1m[32m0.07790[0m[0m | time: 105.070s
[2K
| Adam | epoch: 014 | loss: 0.07790 - acc: 0.9810 -- iter: 192/464
[A[ATraining Step: 202  | total loss: [1m[32m0.07054[0m[0m | time: 116.046s
[2K
| Adam | epoch: 014 | loss: 0.07054 - acc: 0.9829 -- iter: 224/464
[A[ATraining Step: 203  | total loss: [1m[32m0.06406[0m[0m | time: 131.948s
[2K
| Adam | epoch: 014 | loss: 0.06406 - acc: 0.9846 -- iter: 256/464
[A[ATraining Step: 204  | total loss: [1m[32m0.05821[0m[0m | time: 142.890s
[2K
| Adam | epoch: 014 | loss: 0.05821 - acc: 0.9861 -- iter: 288/464
[A[ATraining Step: 205  | total loss: [1m[32m0.05875[0m[0m | time: 152.585s
[2K
| Adam | epoch: 014 | loss: 0.05875 - acc: 0.9844 -- iter: 320/464
[A[ATraining Step: 206  | total loss: [1m[32m0.05369[0m[0m | time: 162.397s
[2K
| Adam | epoch: 014 | loss: 0.05369 - acc: 0.9859 -- iter: 352/464
[A[ATraining Step: 207  | total loss: [1m[32m0.04876[0m[0m | time: 168.026s
[2K
| Adam | epoch: 014 | loss: 0.04876 - acc: 0.9873 -- iter: 384/464
[A[ATraining Step: 208  | total loss: [1m[32m0.11432[0m[0m | time: 173.638s
[2K
| Adam | epoch: 014 | loss: 0.11432 - acc: 0.9761 -- iter: 416/464
[A[ATraining Step: 209  | total loss: [1m[32m0.10409[0m[0m | time: 186.059s
[2K
| Adam | epoch: 014 | loss: 0.10409 - acc: 0.9785 -- iter: 448/464
[A[ATraining Step: 210  | total loss: [1m[32m0.09418[0m[0m | time: 213.526s
[2K
| Adam | epoch: 014 | loss: 0.09418 - acc: 0.9807 | val_loss: 0.55966 - val_acc: 0.8630 -- iter: 464/464
--
Training Step: 211  | total loss: [1m[32m0.09028[0m[0m | time: 15.695s
[2K
| Adam | epoch: 015 | loss: 0.09028 - acc: 0.9795 -- iter: 032/464
[A[ATraining Step: 212  | total loss: [1m[32m0.08595[0m[0m | time: 31.344s
[2K
| Adam | epoch: 015 | loss: 0.08595 - acc: 0.9815 -- iter: 064/464
[A[ATraining Step: 213  | total loss: [1m[32m0.07898[0m[0m | time: 46.916s
[2K
| Adam | epoch: 015 | loss: 0.07898 - acc: 0.9834 -- iter: 096/464
[A[ATraining Step: 214  | total loss: [1m[32m0.07193[0m[0m | time: 62.648s
[2K
| Adam | epoch: 015 | loss: 0.07193 - acc: 0.9850 -- iter: 128/464
[A[ATraining Step: 215  | total loss: [1m[32m0.06738[0m[0m | time: 78.271s
[2K
| Adam | epoch: 015 | loss: 0.06738 - acc: 0.9865 -- iter: 160/464
[A[ATraining Step: 216  | total loss: [1m[32m0.06239[0m[0m | time: 94.078s
[2K
| Adam | epoch: 015 | loss: 0.06239 - acc: 0.9879 -- iter: 192/464
[A[ATraining Step: 217  | total loss: [1m[32m0.06962[0m[0m | time: 110.038s
[2K
| Adam | epoch: 015 | loss: 0.06962 - acc: 0.9797 -- iter: 224/464
[A[ATraining Step: 218  | total loss: [1m[32m0.06540[0m[0m | time: 125.489s
[2K
| Adam | epoch: 015 | loss: 0.06540 - acc: 0.9817 -- iter: 256/464
[A[ATraining Step: 219  | total loss: [1m[32m0.06615[0m[0m | time: 141.394s
[2K
| Adam | epoch: 015 | loss: 0.06615 - acc: 0.9804 -- iter: 288/464
[A[ATraining Step: 220  | total loss: [1m[32m0.06469[0m[0m | time: 157.069s
[2K
| Adam | epoch: 015 | loss: 0.06469 - acc: 0.9793 -- iter: 320/464
[A[ATraining Step: 221  | total loss: [1m[32m0.05860[0m[0m | time: 172.892s
[2K
| Adam | epoch: 015 | loss: 0.05860 - acc: 0.9813 -- iter: 352/464
[A[ATraining Step: 222  | total loss: [1m[32m0.05461[0m[0m | time: 188.442s
[2K
| Adam | epoch: 015 | loss: 0.05461 - acc: 0.9832 -- iter: 384/464
[A[ATraining Step: 223  | total loss: [1m[32m0.05119[0m[0m | time: 198.519s
[2K
| Adam | epoch: 015 | loss: 0.05119 - acc: 0.9849 -- iter: 416/464
[A[ATraining Step: 224  | total loss: [1m[32m0.05985[0m[0m | time: 207.455s
[2K
| Adam | epoch: 015 | loss: 0.05985 - acc: 0.9801 -- iter: 448/464
[A[ATraining Step: 225  | total loss: [1m[32m0.05515[0m[0m | time: 235.566s
[2K
| Adam | epoch: 015 | loss: 0.05515 - acc: 0.9821 | val_loss: 3.31727 - val_acc: 0.4247 -- iter: 464/464
--
Training Step: 226  | total loss: [1m[32m0.05940[0m[0m | time: 15.463s
[2K
| Adam | epoch: 016 | loss: 0.05940 - acc: 0.9808 -- iter: 032/464
[A[ATraining Step: 227  | total loss: [1m[32m0.05447[0m[0m | time: 30.793s
[2K
| Adam | epoch: 016 | loss: 0.05447 - acc: 0.9827 -- iter: 064/464
[A[ATraining Step: 228  | total loss: [1m[32m0.05057[0m[0m | time: 46.502s
[2K
| Adam | epoch: 016 | loss: 0.05057 - acc: 0.9844 -- iter: 096/464
[A[ATraining Step: 229  | total loss: [1m[32m0.04694[0m[0m | time: 62.141s
[2K
| Adam | epoch: 016 | loss: 0.04694 - acc: 0.9860 -- iter: 128/464
[A[ATraining Step: 230  | total loss: [1m[32m0.04311[0m[0m | time: 77.503s
[2K
| Adam | epoch: 016 | loss: 0.04311 - acc: 0.9874 -- iter: 160/464
[A[ATraining Step: 231  | total loss: [1m[32m0.04546[0m[0m | time: 87.268s
[2K
| Adam | epoch: 016 | loss: 0.04546 - acc: 0.9824 -- iter: 192/464
[A[ATraining Step: 232  | total loss: [1m[32m0.04246[0m[0m | time: 97.010s
[2K
| Adam | epoch: 016 | loss: 0.04246 - acc: 0.9842 -- iter: 224/464
[A[ATraining Step: 233  | total loss: [1m[32m0.03968[0m[0m | time: 106.604s
[2K
| Adam | epoch: 016 | loss: 0.03968 - acc: 0.9858 -- iter: 256/464
[A[ATraining Step: 234  | total loss: [1m[32m0.03736[0m[0m | time: 116.305s
[2K
| Adam | epoch: 016 | loss: 0.03736 - acc: 0.9872 -- iter: 288/464
[A[ATraining Step: 235  | total loss: [1m[32m0.03536[0m[0m | time: 127.145s
[2K
| Adam | epoch: 016 | loss: 0.03536 - acc: 0.9885 -- iter: 320/464
[A[ATraining Step: 236  | total loss: [1m[32m0.03507[0m[0m | time: 142.644s
[2K
| Adam | epoch: 016 | loss: 0.03507 - acc: 0.9896 -- iter: 352/464
[A[ATraining Step: 237  | total loss: [1m[32m0.03365[0m[0m | time: 158.888s
[2K
| Adam | epoch: 016 | loss: 0.03365 - acc: 0.9907 -- iter: 384/464
[A[ATraining Step: 238  | total loss: [1m[32m0.03710[0m[0m | time: 174.854s
[2K
| Adam | epoch: 016 | loss: 0.03710 - acc: 0.9885 -- iter: 416/464
[A[ATraining Step: 239  | total loss: [1m[32m0.03361[0m[0m | time: 184.172s
[2K
| Adam | epoch: 016 | loss: 0.03361 - acc: 0.9896 -- iter: 448/464
[A[ATraining Step: 240  | total loss: [1m[32m0.03185[0m[0m | time: 206.709s
[2K
| Adam | epoch: 016 | loss: 0.03185 - acc: 0.9907 | val_loss: 0.28722 - val_acc: 0.8904 -- iter: 464/464
--
Training Step: 241  | total loss: [1m[32m0.02887[0m[0m | time: 15.201s
[2K
| Adam | epoch: 017 | loss: 0.02887 - acc: 0.9916 -- iter: 032/464
[A[ATraining Step: 242  | total loss: [1m[32m0.03101[0m[0m | time: 30.509s
[2K
| Adam | epoch: 017 | loss: 0.03101 - acc: 0.9893 -- iter: 064/464
[A[ATraining Step: 243  | total loss: [1m[32m0.02830[0m[0m | time: 45.888s
[2K
| Adam | epoch: 017 | loss: 0.02830 - acc: 0.9904 -- iter: 096/464
[A[ATraining Step: 244  | total loss: [1m[32m0.03912[0m[0m | time: 61.245s
[2K
| Adam | epoch: 017 | loss: 0.03912 - acc: 0.9882 -- iter: 128/464
[A[ATraining Step: 245  | total loss: [1m[32m0.03939[0m[0m | time: 76.930s
[2K
| Adam | epoch: 017 | loss: 0.03939 - acc: 0.9894 -- iter: 160/464
[A[ATraining Step: 246  | total loss: [1m[32m0.03593[0m[0m | time: 92.791s
[2K
| Adam | epoch: 017 | loss: 0.03593 - acc: 0.9905 -- iter: 192/464
[A[ATraining Step: 247  | total loss: [1m[32m0.04023[0m[0m | time: 108.292s
[2K
| Adam | epoch: 017 | loss: 0.04023 - acc: 0.9852 -- iter: 224/464
[A[ATraining Step: 248  | total loss: [1m[32m0.03877[0m[0m | time: 124.202s
[2K
| Adam | epoch: 017 | loss: 0.03877 - acc: 0.9866 -- iter: 256/464
[A[ATraining Step: 249  | total loss: [1m[32m0.03510[0m[0m | time: 139.493s
[2K
| Adam | epoch: 017 | loss: 0.03510 - acc: 0.9880 -- iter: 288/464
[A[ATraining Step: 250  | total loss: [1m[32m0.03321[0m[0m | time: 154.990s
[2K
| Adam | epoch: 017 | loss: 0.03321 - acc: 0.9892 -- iter: 320/464
[A[ATraining Step: 251  | total loss: [1m[32m0.03169[0m[0m | time: 170.475s
[2K
| Adam | epoch: 017 | loss: 0.03169 - acc: 0.9903 -- iter: 352/464
[A[ATraining Step: 252  | total loss: [1m[32m0.03873[0m[0m | time: 186.070s
[2K
| Adam | epoch: 017 | loss: 0.03873 - acc: 0.9850 -- iter: 384/464
[A[ATraining Step: 253  | total loss: [1m[32m0.03523[0m[0m | time: 201.641s
[2K
| Adam | epoch: 017 | loss: 0.03523 - acc: 0.9865 -- iter: 416/464
[A[ATraining Step: 254  | total loss: [1m[32m0.03311[0m[0m | time: 217.245s
[2K
| Adam | epoch: 017 | loss: 0.03311 - acc: 0.9878 -- iter: 448/464
[A[ATraining Step: 255  | total loss: [1m[32m0.03067[0m[0m | time: 239.148s
[2K
| Adam | epoch: 017 | loss: 0.03067 - acc: 0.9891 | val_loss: 2.33997 - val_acc: 0.5137 -- iter: 464/464
--
Training Step: 256  | total loss: [1m[32m0.03437[0m[0m | time: 5.667s
[2K
| Adam | epoch: 018 | loss: 0.03437 - acc: 0.9839 -- iter: 032/464
[A[ATraining Step: 257  | total loss: [1m[32m0.03102[0m[0m | time: 19.967s
[2K
| Adam | epoch: 018 | loss: 0.03102 - acc: 0.9855 -- iter: 064/464
[A[ATraining Step: 258  | total loss: [1m[32m0.05429[0m[0m | time: 32.953s
[2K
| Adam | epoch: 018 | loss: 0.05429 - acc: 0.9807 -- iter: 096/464
[A[ATraining Step: 259  | total loss: [1m[32m0.04946[0m[0m | time: 48.898s
[2K
| Adam | epoch: 018 | loss: 0.04946 - acc: 0.9826 -- iter: 128/464
[A[ATraining Step: 260  | total loss: [1m[32m0.04582[0m[0m | time: 63.968s
[2K
| Adam | epoch: 018 | loss: 0.04582 - acc: 0.9844 -- iter: 160/464
[A[ATraining Step: 261  | total loss: [1m[32m0.04931[0m[0m | time: 79.721s
[2K
| Adam | epoch: 018 | loss: 0.04931 - acc: 0.9828 -- iter: 192/464
[A[ATraining Step: 262  | total loss: [1m[32m0.04679[0m[0m | time: 95.344s
[2K
| Adam | epoch: 018 | loss: 0.04679 - acc: 0.9845 -- iter: 224/464
[A[ATraining Step: 263  | total loss: [1m[32m0.04276[0m[0m | time: 110.614s
[2K
| Adam | epoch: 018 | loss: 0.04276 - acc: 0.9861 -- iter: 256/464
[A[ATraining Step: 264  | total loss: [1m[32m0.03994[0m[0m | time: 126.320s
[2K
| Adam | epoch: 018 | loss: 0.03994 - acc: 0.9875 -- iter: 288/464
[A[ATraining Step: 265  | total loss: [1m[32m0.03682[0m[0m | time: 141.150s
[2K
| Adam | epoch: 018 | loss: 0.03682 - acc: 0.9887 -- iter: 320/464
[A[ATraining Step: 266  | total loss: [1m[32m0.04113[0m[0m | time: 156.165s
[2K
| Adam | epoch: 018 | loss: 0.04113 - acc: 0.9867 -- iter: 352/464
[A[ATraining Step: 267  | total loss: [1m[32m0.04071[0m[0m | time: 171.538s
[2K
| Adam | epoch: 018 | loss: 0.04071 - acc: 0.9881 -- iter: 384/464
[A[ATraining Step: 268  | total loss: [1m[32m0.04099[0m[0m | time: 186.951s
[2K
| Adam | epoch: 018 | loss: 0.04099 - acc: 0.9861 -- iter: 416/464
[A[ATraining Step: 269  | total loss: [1m[32m0.03787[0m[0m | time: 202.337s
[2K
| Adam | epoch: 018 | loss: 0.03787 - acc: 0.9875 -- iter: 448/464
[A[ATraining Step: 270  | total loss: [1m[32m0.03481[0m[0m | time: 230.438s
[2K
| Adam | epoch: 018 | loss: 0.03481 - acc: 0.9888 | val_loss: 0.31024 - val_acc: 0.9384 -- iter: 464/464
--
Training Step: 271  | total loss: [1m[32m0.06778[0m[0m | time: 8.849s
[2K
| Adam | epoch: 019 | loss: 0.06778 - acc: 0.9836 -- iter: 032/464
[A[ATraining Step: 272  | total loss: [1m[32m0.08371[0m[0m | time: 18.270s
[2K
| Adam | epoch: 019 | loss: 0.08371 - acc: 0.9790 -- iter: 064/464
[A[ATraining Step: 273  | total loss: [1m[32m0.08381[0m[0m | time: 33.916s
[2K
| Adam | epoch: 019 | loss: 0.08381 - acc: 0.9749 -- iter: 096/464
[A[ATraining Step: 274  | total loss: [1m[32m0.07836[0m[0m | time: 49.526s
[2K
| Adam | epoch: 019 | loss: 0.07836 - acc: 0.9774 -- iter: 128/464
[A[ATraining Step: 275  | total loss: [1m[32m0.07762[0m[0m | time: 65.060s
[2K
| Adam | epoch: 019 | loss: 0.07762 - acc: 0.9765 -- iter: 160/464
[A[ATraining Step: 276  | total loss: [1m[32m0.07105[0m[0m | time: 80.125s
[2K
| Adam | epoch: 019 | loss: 0.07105 - acc: 0.9789 -- iter: 192/464
[A[ATraining Step: 277  | total loss: [1m[32m0.06413[0m[0m | time: 95.324s
[2K
| Adam | epoch: 019 | loss: 0.06413 - acc: 0.9810 -- iter: 224/464
[A[ATraining Step: 278  | total loss: [1m[32m0.05871[0m[0m | time: 110.522s
[2K
| Adam | epoch: 019 | loss: 0.05871 - acc: 0.9829 -- iter: 256/464
[A[ATraining Step: 279  | total loss: [1m[32m0.07180[0m[0m | time: 125.837s
[2K
| Adam | epoch: 019 | loss: 0.07180 - acc: 0.9752 -- iter: 288/464
[A[ATraining Step: 280  | total loss: [1m[32m0.11338[0m[0m | time: 137.175s
[2K
| Adam | epoch: 019 | loss: 0.11338 - acc: 0.9652 -- iter: 320/464
[A[ATraining Step: 281  | total loss: [1m[32m0.10590[0m[0m | time: 146.796s
[2K
| Adam | epoch: 019 | loss: 0.10590 - acc: 0.9687 -- iter: 352/464
[A[ATraining Step: 282  | total loss: [1m[32m0.09554[0m[0m | time: 156.342s
[2K
| Adam | epoch: 019 | loss: 0.09554 - acc: 0.9718 -- iter: 384/464
[A[ATraining Step: 283  | total loss: [1m[32m0.09091[0m[0m | time: 165.931s
[2K
| Adam | epoch: 019 | loss: 0.09091 - acc: 0.9715 -- iter: 416/464
[A[ATraining Step: 284  | total loss: [1m[32m0.08679[0m[0m | time: 179.067s
[2K
| Adam | epoch: 019 | loss: 0.08679 - acc: 0.9712 -- iter: 448/464
[A[ATraining Step: 285  | total loss: [1m[32m0.08121[0m[0m | time: 205.259s
[2K
| Adam | epoch: 019 | loss: 0.08121 - acc: 0.9710 | val_loss: 0.49182 - val_acc: 0.8493 -- iter: 464/464
--
Training Step: 286  | total loss: [1m[32m0.07472[0m[0m | time: 15.044s
[2K
| Adam | epoch: 020 | loss: 0.07472 - acc: 0.9739 -- iter: 032/464
[A[ATraining Step: 287  | total loss: [1m[32m0.06827[0m[0m | time: 24.254s
[2K
| Adam | epoch: 020 | loss: 0.06827 - acc: 0.9765 -- iter: 064/464
[A[ATraining Step: 288  | total loss: [1m[32m0.06250[0m[0m | time: 32.964s
[2K
| Adam | epoch: 020 | loss: 0.06250 - acc: 0.9788 -- iter: 096/464
[A[ATraining Step: 289  | total loss: [1m[32m0.05676[0m[0m | time: 48.087s
[2K
| Adam | epoch: 020 | loss: 0.05676 - acc: 0.9810 -- iter: 128/464
[A[ATraining Step: 290  | total loss: [1m[32m0.05221[0m[0m | time: 63.789s
[2K
| Adam | epoch: 020 | loss: 0.05221 - acc: 0.9829 -- iter: 160/464
[A[ATraining Step: 291  | total loss: [1m[32m0.04769[0m[0m | time: 79.243s
[2K
| Adam | epoch: 020 | loss: 0.04769 - acc: 0.9846 -- iter: 192/464
[A[ATraining Step: 292  | total loss: [1m[32m0.04776[0m[0m | time: 94.851s
[2K
| Adam | epoch: 020 | loss: 0.04776 - acc: 0.9830 -- iter: 224/464
[A[ATraining Step: 293  | total loss: [1m[32m0.04652[0m[0m | time: 111.043s
[2K
| Adam | epoch: 020 | loss: 0.04652 - acc: 0.9816 -- iter: 256/464
[A[ATraining Step: 294  | total loss: [1m[32m0.04620[0m[0m | time: 126.098s
[2K
| Adam | epoch: 020 | loss: 0.04620 - acc: 0.9803 -- iter: 288/464
[A[ATraining Step: 295  | total loss: [1m[32m0.04246[0m[0m | time: 141.883s
[2K
| Adam | epoch: 020 | loss: 0.04246 - acc: 0.9823 -- iter: 320/464
[A[ATraining Step: 296  | total loss: [1m[32m0.04226[0m[0m | time: 157.436s
[2K
| Adam | epoch: 020 | loss: 0.04226 - acc: 0.9809 -- iter: 352/464
[A[ATraining Step: 297  | total loss: [1m[32m0.03904[0m[0m | time: 172.966s
[2K
| Adam | epoch: 020 | loss: 0.03904 - acc: 0.9828 -- iter: 384/464
[A[ATraining Step: 298  | total loss: [1m[32m0.03969[0m[0m | time: 188.631s
[2K
| Adam | epoch: 020 | loss: 0.03969 - acc: 0.9814 -- iter: 416/464
[A[ATraining Step: 299  | total loss: [1m[32m0.03778[0m[0m | time: 204.063s
[2K
| Adam | epoch: 020 | loss: 0.03778 - acc: 0.9833 -- iter: 448/464
[A[ATraining Step: 300  | total loss: [1m[32m0.03457[0m[0m | time: 231.460s
[2K
| Adam | epoch: 020 | loss: 0.03457 - acc: 0.9849 | val_loss: 1.18198 - val_acc: 0.6438 -- iter: 464/464
--
Training Step: 301  | total loss: [1m[32m0.03181[0m[0m | time: 15.374s
[2K
| Adam | epoch: 021 | loss: 0.03181 - acc: 0.9864 -- iter: 032/464
[A[ATraining Step: 302  | total loss: [1m[32m0.02934[0m[0m | time: 30.747s
[2K
| Adam | epoch: 021 | loss: 0.02934 - acc: 0.9878 -- iter: 064/464
[A[ATraining Step: 303  | total loss: [1m[32m0.02929[0m[0m | time: 39.674s
[2K
| Adam | epoch: 021 | loss: 0.02929 - acc: 0.9859 -- iter: 096/464
[A[ATraining Step: 304  | total loss: [1m[32m0.02699[0m[0m | time: 48.907s
[2K
| Adam | epoch: 021 | loss: 0.02699 - acc: 0.9873 -- iter: 128/464
[A[ATraining Step: 305  | total loss: [1m[32m0.02510[0m[0m | time: 63.134s
[2K
| Adam | epoch: 021 | loss: 0.02510 - acc: 0.9886 -- iter: 160/464
[A[ATraining Step: 306  | total loss: [1m[32m0.02340[0m[0m | time: 72.543s
[2K
| Adam | epoch: 021 | loss: 0.02340 - acc: 0.9897 -- iter: 192/464
[A[ATraining Step: 307  | total loss: [1m[32m0.02123[0m[0m | time: 82.250s
[2K
| Adam | epoch: 021 | loss: 0.02123 - acc: 0.9907 -- iter: 224/464
[A[ATraining Step: 308  | total loss: [1m[32m0.02255[0m[0m | time: 94.746s
[2K
| Adam | epoch: 021 | loss: 0.02255 - acc: 0.9917 -- iter: 256/464
[A[ATraining Step: 309  | total loss: [1m[32m0.02098[0m[0m | time: 110.478s
[2K
| Adam | epoch: 021 | loss: 0.02098 - acc: 0.9925 -- iter: 288/464
[A[ATraining Step: 310  | total loss: [1m[32m0.01970[0m[0m | time: 125.866s
[2K
| Adam | epoch: 021 | loss: 0.01970 - acc: 0.9933 -- iter: 320/464
[A[ATraining Step: 311  | total loss: [1m[32m0.01938[0m[0m | time: 138.860s
[2K
| Adam | epoch: 021 | loss: 0.01938 - acc: 0.9939 -- iter: 352/464
[A[ATraining Step: 312  | total loss: [1m[32m0.01766[0m[0m | time: 154.102s
[2K
| Adam | epoch: 021 | loss: 0.01766 - acc: 0.9945 -- iter: 384/464
[A[ATraining Step: 313  | total loss: [1m[32m0.01625[0m[0m | time: 169.141s
[2K
| Adam | epoch: 021 | loss: 0.01625 - acc: 0.9951 -- iter: 416/464
[A[ATraining Step: 314  | total loss: [1m[32m0.01475[0m[0m | time: 184.712s
[2K
| Adam | epoch: 021 | loss: 0.01475 - acc: 0.9956 -- iter: 448/464
[A[ATraining Step: 315  | total loss: [1m[32m0.01374[0m[0m | time: 211.976s
[2K
| Adam | epoch: 021 | loss: 0.01374 - acc: 0.9960 | val_loss: 1.11020 - val_acc: 0.7055 -- iter: 464/464
--
Training Step: 316  | total loss: [1m[32m0.01285[0m[0m | time: 15.187s
[2K
| Adam | epoch: 022 | loss: 0.01285 - acc: 0.9964 -- iter: 032/464
[A[ATraining Step: 317  | total loss: [1m[32m0.01259[0m[0m | time: 30.718s
[2K
| Adam | epoch: 022 | loss: 0.01259 - acc: 0.9968 -- iter: 064/464
[A[ATraining Step: 318  | total loss: [1m[32m0.01140[0m[0m | time: 45.685s
[2K
| Adam | epoch: 022 | loss: 0.01140 - acc: 0.9971 -- iter: 096/464
[A[ATraining Step: 319  | total loss: [1m[32m0.01144[0m[0m | time: 54.553s
[2K
| Adam | epoch: 022 | loss: 0.01144 - acc: 0.9974 -- iter: 128/464
[A[ATraining Step: 320  | total loss: [1m[32m0.01083[0m[0m | time: 63.370s
[2K
| Adam | epoch: 022 | loss: 0.01083 - acc: 0.9976 -- iter: 160/464
[A[ATraining Step: 321  | total loss: [1m[32m0.01021[0m[0m | time: 78.358s
[2K
| Adam | epoch: 022 | loss: 0.01021 - acc: 0.9979 -- iter: 192/464
[A[ATraining Step: 322  | total loss: [1m[32m0.01331[0m[0m | time: 93.408s
[2K
| Adam | epoch: 022 | loss: 0.01331 - acc: 0.9950 -- iter: 224/464
[A[ATraining Step: 323  | total loss: [1m[32m0.01223[0m[0m | time: 108.529s
[2K
| Adam | epoch: 022 | loss: 0.01223 - acc: 0.9955 -- iter: 256/464
[A[ATraining Step: 324  | total loss: [1m[32m0.01118[0m[0m | time: 123.773s
[2K
| Adam | epoch: 022 | loss: 0.01118 - acc: 0.9959 -- iter: 288/464
[A[ATraining Step: 325  | total loss: [1m[32m0.01013[0m[0m | time: 139.118s
[2K
| Adam | epoch: 022 | loss: 0.01013 - acc: 0.9963 -- iter: 320/464
[A[ATraining Step: 326  | total loss: [1m[32m0.01030[0m[0m | time: 154.462s
[2K
| Adam | epoch: 022 | loss: 0.01030 - acc: 0.9967 -- iter: 352/464
[A[ATraining Step: 327  | total loss: [1m[32m0.01000[0m[0m | time: 169.753s
[2K
| Adam | epoch: 022 | loss: 0.01000 - acc: 0.9970 -- iter: 384/464
[A[ATraining Step: 328  | total loss: [1m[32m0.00906[0m[0m | time: 185.128s
[2K
| Adam | epoch: 022 | loss: 0.00906 - acc: 0.9973 -- iter: 416/464
[A[ATraining Step: 329  | total loss: [1m[32m0.00862[0m[0m | time: 200.248s
[2K
| Adam | epoch: 022 | loss: 0.00862 - acc: 0.9976 -- iter: 448/464
[A[ATraining Step: 330  | total loss: [1m[32m0.00953[0m[0m | time: 227.828s
[2K
| Adam | epoch: 022 | loss: 0.00953 - acc: 0.9978 | val_loss: 0.24172 - val_acc: 0.9315 -- iter: 464/464
--
Training Step: 331  | total loss: [1m[32m0.01233[0m[0m | time: 9.482s
[2K
| Adam | epoch: 023 | loss: 0.01233 - acc: 0.9981 -- iter: 032/464
[A[ATraining Step: 332  | total loss: [1m[32m0.01112[0m[0m | time: 24.360s
[2K
| Adam | epoch: 023 | loss: 0.01112 - acc: 0.9982 -- iter: 064/464
[A[ATraining Step: 333  | total loss: [1m[32m0.01095[0m[0m | time: 39.927s
[2K
| Adam | epoch: 023 | loss: 0.01095 - acc: 0.9984 -- iter: 096/464
[A[ATraining Step: 334  | total loss: [1m[32m0.00995[0m[0m | time: 55.227s
[2K
| Adam | epoch: 023 | loss: 0.00995 - acc: 0.9986 -- iter: 128/464
[A[ATraining Step: 335  | total loss: [1m[32m0.00899[0m[0m | time: 64.276s
[2K
| Adam | epoch: 023 | loss: 0.00899 - acc: 0.9987 -- iter: 160/464
[A[ATraining Step: 336  | total loss: [1m[32m0.01000[0m[0m | time: 72.253s
[2K
| Adam | epoch: 023 | loss: 0.01000 - acc: 0.9988 -- iter: 192/464
[A[ATraining Step: 337  | total loss: [1m[32m0.00942[0m[0m | time: 85.109s
[2K
| Adam | epoch: 023 | loss: 0.00942 - acc: 0.9990 -- iter: 224/464
[A[ATraining Step: 338  | total loss: [1m[32m0.00853[0m[0m | time: 100.134s
[2K
| Adam | epoch: 023 | loss: 0.00853 - acc: 0.9991 -- iter: 256/464
[A[ATraining Step: 339  | total loss: [1m[32m0.00770[0m[0m | time: 114.910s
[2K
| Adam | epoch: 023 | loss: 0.00770 - acc: 0.9992 -- iter: 288/464
[A[ATraining Step: 340  | total loss: [1m[32m0.00739[0m[0m | time: 130.164s
[2K
| Adam | epoch: 023 | loss: 0.00739 - acc: 0.9992 -- iter: 320/464
[A[ATraining Step: 341  | total loss: [1m[32m0.00676[0m[0m | time: 145.323s
[2K
| Adam | epoch: 023 | loss: 0.00676 - acc: 0.9993 -- iter: 352/464
[A[ATraining Step: 342  | total loss: [1m[32m0.00610[0m[0m | time: 160.306s
[2K
| Adam | epoch: 023 | loss: 0.00610 - acc: 0.9994 -- iter: 384/464
[A[ATraining Step: 343  | total loss: [1m[32m0.00555[0m[0m | time: 175.261s
[2K
| Adam | epoch: 023 | loss: 0.00555 - acc: 0.9994 -- iter: 416/464
[A[ATraining Step: 344  | total loss: [1m[32m0.00509[0m[0m | time: 190.415s
[2K
| Adam | epoch: 023 | loss: 0.00509 - acc: 0.9995 -- iter: 448/464
[A[ATraining Step: 345  | total loss: [1m[32m0.00474[0m[0m | time: 217.976s
[2K
| Adam | epoch: 023 | loss: 0.00474 - acc: 0.9996 | val_loss: 0.42407 - val_acc: 0.9041 -- iter: 464/464
--
Training Step: 346  | total loss: [1m[32m0.00441[0m[0m | time: 15.498s
[2K
| Adam | epoch: 024 | loss: 0.00441 - acc: 0.9996 -- iter: 032/464
[A[ATraining Step: 347  | total loss: [1m[32m0.00401[0m[0m | time: 30.702s
[2K
| Adam | epoch: 024 | loss: 0.00401 - acc: 0.9996 -- iter: 064/464
[A[ATraining Step: 348  | total loss: [1m[32m0.00364[0m[0m | time: 45.171s
[2K
| Adam | epoch: 024 | loss: 0.00364 - acc: 0.9997 -- iter: 096/464
[A[ATraining Step: 349  | total loss: [1m[32m0.00332[0m[0m | time: 60.240s
[2K
| Adam | epoch: 024 | loss: 0.00332 - acc: 0.9997 -- iter: 128/464
[A[ATraining Step: 350  | total loss: [1m[32m0.00369[0m[0m | time: 75.710s
[2K
| Adam | epoch: 024 | loss: 0.00369 - acc: 0.9997 -- iter: 160/464
[A[ATraining Step: 351  | total loss: [1m[32m0.00350[0m[0m | time: 84.784s
[2K
| Adam | epoch: 024 | loss: 0.00350 - acc: 0.9998 -- iter: 192/464
[A[ATraining Step: 352  | total loss: [1m[32m0.43285[0m[0m | time: 93.978s
[2K
| Adam | epoch: 024 | loss: 0.43285 - acc: 0.9623 -- iter: 224/464
[A[ATraining Step: 353  | total loss: [1m[32m0.39573[0m[0m | time: 109.139s
[2K
| Adam | epoch: 024 | loss: 0.39573 - acc: 0.9598 -- iter: 256/464
[A[ATraining Step: 354  | total loss: [1m[32m0.35692[0m[0m | time: 123.728s
[2K
| Adam | epoch: 024 | loss: 0.35692 - acc: 0.9638 -- iter: 288/464
[A[ATraining Step: 355  | total loss: [1m[32m0.32280[0m[0m | time: 138.398s
[2K
| Adam | epoch: 024 | loss: 0.32280 - acc: 0.9674 -- iter: 320/464
[A[ATraining Step: 356  | total loss: [1m[32m0.29199[0m[0m | time: 153.934s
[2K
| Adam | epoch: 024 | loss: 0.29199 - acc: 0.9707 -- iter: 352/464
[A[ATraining Step: 357  | total loss: [1m[32m0.27921[0m[0m | time: 164.919s
[2K
| Adam | epoch: 024 | loss: 0.27921 - acc: 0.9705 -- iter: 384/464
[A[ATraining Step: 358  | total loss: [1m[32m0.25472[0m[0m | time: 174.510s
[2K
| Adam | epoch: 024 | loss: 0.25472 - acc: 0.9703 -- iter: 416/464
[A[ATraining Step: 359  | total loss: [1m[32m0.25841[0m[0m | time: 184.108s
[2K
| Adam | epoch: 024 | loss: 0.25841 - acc: 0.9639 -- iter: 448/464
[A[ATraining Step: 360  | total loss: [1m[32m0.23279[0m[0m | time: 210.370s
[2K
| Adam | epoch: 024 | loss: 0.23279 - acc: 0.9675 | val_loss: 2.77739 - val_acc: 0.4247 -- iter: 464/464
--
Training Step: 361  | total loss: [1m[32m0.21734[0m[0m | time: 13.798s
[2K
| Adam | epoch: 025 | loss: 0.21734 - acc: 0.9677 -- iter: 032/464
[A[ATraining Step: 362  | total loss: [1m[32m0.19827[0m[0m | time: 26.577s
[2K
| Adam | epoch: 025 | loss: 0.19827 - acc: 0.9678 -- iter: 064/464
[A[ATraining Step: 363  | total loss: [1m[32m0.17921[0m[0m | time: 41.280s
[2K
| Adam | epoch: 025 | loss: 0.17921 - acc: 0.9710 -- iter: 096/464
[A[ATraining Step: 364  | total loss: [1m[32m0.16160[0m[0m | time: 55.646s
[2K
| Adam | epoch: 025 | loss: 0.16160 - acc: 0.9739 -- iter: 128/464
[A[ATraining Step: 365  | total loss: [1m[32m0.14591[0m[0m | time: 69.664s
[2K
| Adam | epoch: 025 | loss: 0.14591 - acc: 0.9765 -- iter: 160/464
[A[ATraining Step: 366  | total loss: [1m[32m0.13190[0m[0m | time: 83.747s
[2K
| Adam | epoch: 025 | loss: 0.13190 - acc: 0.9788 -- iter: 192/464
[A[ATraining Step: 367  | total loss: [1m[32m0.11999[0m[0m | time: 92.398s
[2K
| Adam | epoch: 025 | loss: 0.11999 - acc: 0.9810 -- iter: 224/464
[A[ATraining Step: 368  | total loss: [1m[32m0.16474[0m[0m | time: 98.829s
[2K
| Adam | epoch: 025 | loss: 0.16474 - acc: 0.9766 -- iter: 256/464
[A[ATraining Step: 369  | total loss: [1m[32m0.14925[0m[0m | time: 107.687s
[2K
| Adam | epoch: 025 | loss: 0.14925 - acc: 0.9790 -- iter: 288/464
[A[ATraining Step: 370  | total loss: [1m[32m0.13763[0m[0m | time: 116.373s
[2K
| Adam | epoch: 025 | loss: 0.13763 - acc: 0.9811 -- iter: 320/464
[A[ATraining Step: 371  | total loss: [1m[32m0.12889[0m[0m | time: 127.858s
[2K
| Adam | epoch: 025 | loss: 0.12889 - acc: 0.9830 -- iter: 352/464
[A[ATraining Step: 372  | total loss: [1m[32m0.11994[0m[0m | time: 142.172s
[2K
| Adam | epoch: 025 | loss: 0.11994 - acc: 0.9815 -- iter: 384/464
[A[ATraining Step: 373  | total loss: [1m[32m0.11049[0m[0m | time: 156.588s
[2K
| Adam | epoch: 025 | loss: 0.11049 - acc: 0.9834 -- iter: 416/464
[A[ATraining Step: 374  | total loss: [1m[32m0.10079[0m[0m | time: 171.291s
[2K
| Adam | epoch: 025 | loss: 0.10079 - acc: 0.9850 -- iter: 448/464
[A[ATraining Step: 375  | total loss: [1m[32m0.11722[0m[0m | time: 197.400s
[2K
| Adam | epoch: 025 | loss: 0.11722 - acc: 0.9834 | val_loss: 0.74688 - val_acc: 0.7329 -- iter: 464/464
--
Training Step: 376  | total loss: [1m[32m0.10688[0m[0m | time: 14.201s
[2K
| Adam | epoch: 026 | loss: 0.10688 - acc: 0.9851 -- iter: 032/464
[A[ATraining Step: 377  | total loss: [1m[32m0.09958[0m[0m | time: 28.225s
[2K
| Adam | epoch: 026 | loss: 0.09958 - acc: 0.9834 -- iter: 064/464
[A[ATraining Step: 378  | total loss: [1m[32m0.09247[0m[0m | time: 42.358s
[2K
| Adam | epoch: 026 | loss: 0.09247 - acc: 0.9851 -- iter: 096/464
[A[ATraining Step: 379  | total loss: [1m[32m0.09022[0m[0m | time: 56.861s
[2K
| Adam | epoch: 026 | loss: 0.09022 - acc: 0.9866 -- iter: 128/464
[A[ATraining Step: 380  | total loss: [1m[32m0.09304[0m[0m | time: 71.006s
[2K
| Adam | epoch: 026 | loss: 0.09304 - acc: 0.9817 -- iter: 160/464
[A[ATraining Step: 381  | total loss: [1m[32m0.08689[0m[0m | time: 85.222s
[2K
| Adam | epoch: 026 | loss: 0.08689 - acc: 0.9835 -- iter: 192/464
[A[ATraining Step: 382  | total loss: [1m[32m0.07885[0m[0m | time: 99.159s
[2K
| Adam | epoch: 026 | loss: 0.07885 - acc: 0.9852 -- iter: 224/464
[A[ATraining Step: 383  | total loss: [1m[32m0.07281[0m[0m | time: 107.071s
[2K
| Adam | epoch: 026 | loss: 0.07281 - acc: 0.9866 -- iter: 256/464
[A[ATraining Step: 384  | total loss: [1m[32m0.06907[0m[0m | time: 115.298s
[2K
| Adam | epoch: 026 | loss: 0.06907 - acc: 0.9880 -- iter: 288/464
[A[ATraining Step: 385  | total loss: [1m[32m0.06263[0m[0m | time: 129.492s
[2K
| Adam | epoch: 026 | loss: 0.06263 - acc: 0.9892 -- iter: 320/464
[A[ATraining Step: 386  | total loss: [1m[32m0.05779[0m[0m | time: 138.580s
[2K
| Adam | epoch: 026 | loss: 0.05779 - acc: 0.9903 -- iter: 352/464
[A[ATraining Step: 387  | total loss: [1m[32m0.05261[0m[0m | time: 147.839s
[2K
| Adam | epoch: 026 | loss: 0.05261 - acc: 0.9912 -- iter: 384/464
[A[ATraining Step: 388  | total loss: [1m[32m0.04780[0m[0m | time: 157.644s
[2K
| Adam | epoch: 026 | loss: 0.04780 - acc: 0.9921 -- iter: 416/464
[A[ATraining Step: 389  | total loss: [1m[32m0.04376[0m[0m | time: 171.642s
[2K
| Adam | epoch: 026 | loss: 0.04376 - acc: 0.9929 -- iter: 448/464
[A[ATraining Step: 390  | total loss: [1m[32m0.03986[0m[0m | time: 197.883s
[2K
| Adam | epoch: 026 | loss: 0.03986 - acc: 0.9936 | val_loss: 1.10375 - val_acc: 0.7740 -- iter: 464/464
--
Training Step: 391  | total loss: [1m[32m0.04226[0m[0m | time: 12.818s
[2K
| Adam | epoch: 027 | loss: 0.04226 - acc: 0.9880 -- iter: 032/464
[A[ATraining Step: 392  | total loss: [1m[32m0.04140[0m[0m | time: 26.080s
[2K
| Adam | epoch: 027 | loss: 0.04140 - acc: 0.9861 -- iter: 064/464
[A[ATraining Step: 393  | total loss: [1m[32m0.03752[0m[0m | time: 40.644s
[2K
| Adam | epoch: 027 | loss: 0.03752 - acc: 0.9875 -- iter: 096/464
[A[ATraining Step: 394  | total loss: [1m[32m0.03437[0m[0m | time: 55.025s
[2K
| Adam | epoch: 027 | loss: 0.03437 - acc: 0.9887 -- iter: 128/464
[A[ATraining Step: 395  | total loss: [1m[32m0.03544[0m[0m | time: 69.850s
[2K
| Adam | epoch: 027 | loss: 0.03544 - acc: 0.9867 -- iter: 160/464
[A[ATraining Step: 396  | total loss: [1m[32m0.03201[0m[0m | time: 84.223s
[2K
| Adam | epoch: 027 | loss: 0.03201 - acc: 0.9881 -- iter: 192/464
[A[ATraining Step: 397  | total loss: [1m[32m0.02899[0m[0m | time: 98.664s
[2K
| Adam | epoch: 027 | loss: 0.02899 - acc: 0.9892 -- iter: 224/464
[A[ATraining Step: 398  | total loss: [1m[32m0.02633[0m[0m | time: 113.030s
[2K
| Adam | epoch: 027 | loss: 0.02633 - acc: 0.9903 -- iter: 256/464
[A[ATraining Step: 399  | total loss: [1m[32m0.02396[0m[0m | time: 121.763s
[2K
| Adam | epoch: 027 | loss: 0.02396 - acc: 0.9913 -- iter: 288/464
[A[ATraining Step: 400  | total loss: [1m[32m0.04201[0m[0m | time: 141.632s
[2K
| Adam | epoch: 027 | loss: 0.04201 - acc: 0.9859 | val_loss: 0.53139 - val_acc: 0.8493 -- iter: 320/464
--
Training Step: 401  | total loss: [1m[32m0.03897[0m[0m | time: 156.125s
[2K
| Adam | epoch: 027 | loss: 0.03897 - acc: 0.9873 -- iter: 352/464
[A[ATraining Step: 402  | total loss: [1m[32m0.03926[0m[0m | time: 170.530s
[2K
| Adam | epoch: 027 | loss: 0.03926 - acc: 0.9886 -- iter: 384/464
[A[ATraining Step: 403  | total loss: [1m[32m0.03542[0m[0m | time: 185.430s
[2K
| Adam | epoch: 027 | loss: 0.03542 - acc: 0.9897 -- iter: 416/464
[A[ATraining Step: 404  | total loss: [1m[32m0.03333[0m[0m | time: 199.669s
[2K
| Adam | epoch: 027 | loss: 0.03333 - acc: 0.9908 -- iter: 448/464
[A[ATraining Step: 405  | total loss: [1m[32m0.03011[0m[0m | time: 225.808s
[2K
| Adam | epoch: 027 | loss: 0.03011 - acc: 0.9917 | val_loss: 0.44844 - val_acc: 0.8767 -- iter: 464/464
--
Training Step: 406  | total loss: [1m[32m0.02729[0m[0m | time: 14.180s
[2K
| Adam | epoch: 028 | loss: 0.02729 - acc: 0.9925 -- iter: 032/464
[A[ATraining Step: 407  | total loss: [1m[32m0.02590[0m[0m | time: 28.998s
[2K
| Adam | epoch: 028 | loss: 0.02590 - acc: 0.9933 -- iter: 064/464
[A[ATraining Step: 408  | total loss: [1m[32m0.02794[0m[0m | time: 39.734s
[2K
| Adam | epoch: 028 | loss: 0.02794 - acc: 0.9908 -- iter: 096/464
[A[ATraining Step: 409  | total loss: [1m[32m0.02525[0m[0m | time: 49.202s
[2K
| Adam | epoch: 028 | loss: 0.02525 - acc: 0.9917 -- iter: 128/464
[A[ATraining Step: 410  | total loss: [1m[32m0.02533[0m[0m | time: 58.556s
[2K
| Adam | epoch: 028 | loss: 0.02533 - acc: 0.9926 -- iter: 160/464
[A[ATraining Step: 411  | total loss: [1m[32m0.02338[0m[0m | time: 72.746s
[2K
| Adam | epoch: 028 | loss: 0.02338 - acc: 0.9933 -- iter: 192/464
[A[ATraining Step: 412  | total loss: [1m[32m0.02114[0m[0m | time: 87.067s
[2K
| Adam | epoch: 028 | loss: 0.02114 - acc: 0.9940 -- iter: 224/464
[A[ATraining Step: 413  | total loss: [1m[32m0.02104[0m[0m | time: 100.790s
[2K
| Adam | epoch: 028 | loss: 0.02104 - acc: 0.9946 -- iter: 256/464
[A[ATraining Step: 414  | total loss: [1m[32m0.01944[0m[0m | time: 115.218s
[2K
| Adam | epoch: 028 | loss: 0.01944 - acc: 0.9951 -- iter: 288/464
[A[ATraining Step: 415  | total loss: [1m[32m0.02069[0m[0m | time: 123.455s
[2K
| Adam | epoch: 028 | loss: 0.02069 - acc: 0.9925 -- iter: 320/464
[A[ATraining Step: 416  | total loss: [1m[32m0.26283[0m[0m | time: 132.228s
[2K
| Adam | epoch: 028 | loss: 0.26283 - acc: 0.9745 -- iter: 352/464
[A[ATraining Step: 417  | total loss: [1m[32m0.23874[0m[0m | time: 146.687s
[2K
| Adam | epoch: 028 | loss: 0.23874 - acc: 0.9770 -- iter: 384/464
[A[ATraining Step: 418  | total loss: [1m[32m0.21787[0m[0m | time: 159.919s
[2K
| Adam | epoch: 028 | loss: 0.21787 - acc: 0.9762 -- iter: 416/464
[A[ATraining Step: 419  | total loss: [1m[32m0.19759[0m[0m | time: 172.518s
[2K
| Adam | epoch: 028 | loss: 0.19759 - acc: 0.9786 -- iter: 448/464
[A[ATraining Step: 420  | total loss: [1m[32m0.17839[0m[0m | time: 199.342s
[2K
| Adam | epoch: 028 | loss: 0.17839 - acc: 0.9807 | val_loss: 2.93236 - val_acc: 0.4589 -- iter: 464/464
--
Training Step: 421  | total loss: [1m[32m0.16170[0m[0m | time: 14.343s
[2K
| Adam | epoch: 029 | loss: 0.16170 - acc: 0.9827 -- iter: 032/464
[A[ATraining Step: 422  | total loss: [1m[32m0.14751[0m[0m | time: 28.832s
[2K
| Adam | epoch: 029 | loss: 0.14751 - acc: 0.9844 -- iter: 064/464
[A[ATraining Step: 423  | total loss: [1m[32m0.15067[0m[0m | time: 43.490s
[2K
| Adam | epoch: 029 | loss: 0.15067 - acc: 0.9766 -- iter: 096/464
[A[ATraining Step: 424  | total loss: [1m[32m0.14849[0m[0m | time: 57.581s
[2K
| Adam | epoch: 029 | loss: 0.14849 - acc: 0.9758 -- iter: 128/464
[A[ATraining Step: 425  | total loss: [1m[32m0.15081[0m[0m | time: 71.791s
[2K
| Adam | epoch: 029 | loss: 0.15081 - acc: 0.9720 -- iter: 160/464
[A[ATraining Step: 426  | total loss: [1m[32m0.13736[0m[0m | time: 86.470s
[2K
| Adam | epoch: 029 | loss: 0.13736 - acc: 0.9748 -- iter: 192/464
[A[ATraining Step: 427  | total loss: [1m[32m0.12500[0m[0m | time: 100.666s
[2K
| Adam | epoch: 029 | loss: 0.12500 - acc: 0.9773 -- iter: 224/464
[A[ATraining Step: 428  | total loss: [1m[32m0.11365[0m[0m | time: 114.600s
[2K
| Adam | epoch: 029 | loss: 0.11365 - acc: 0.9796 -- iter: 256/464
[A[ATraining Step: 429  | total loss: [1m[32m0.11971[0m[0m | time: 128.554s
[2K
| Adam | epoch: 029 | loss: 0.11971 - acc: 0.9785 -- iter: 288/464
[A[ATraining Step: 430  | total loss: [1m[32m0.11306[0m[0m | time: 142.928s
[2K
| Adam | epoch: 029 | loss: 0.11306 - acc: 0.9806 -- iter: 320/464
[A[ATraining Step: 431  | total loss: [1m[32m0.10345[0m[0m | time: 151.853s
[2K
| Adam | epoch: 029 | loss: 0.10345 - acc: 0.9826 -- iter: 352/464
[A[ATraining Step: 432  | total loss: [1m[32m0.09530[0m[0m | time: 159.441s
[2K
| Adam | epoch: 029 | loss: 0.09530 - acc: 0.9843 -- iter: 384/464
[A[ATraining Step: 433  | total loss: [1m[32m0.08835[0m[0m | time: 173.377s
[2K
| Adam | epoch: 029 | loss: 0.08835 - acc: 0.9859 -- iter: 416/464
[A[ATraining Step: 434  | total loss: [1m[32m0.08012[0m[0m | time: 187.611s
[2K
| Adam | epoch: 029 | loss: 0.08012 - acc: 0.9873 -- iter: 448/464
[A[ATraining Step: 435  | total loss: [1m[32m0.07268[0m[0m | time: 212.882s
[2K
| Adam | epoch: 029 | loss: 0.07268 - acc: 0.9886 | val_loss: 0.86737 - val_acc: 0.6644 -- iter: 464/464
--
Training Step: 436  | total loss: [1m[32m0.06718[0m[0m | time: 14.995s
[2K
| Adam | epoch: 030 | loss: 0.06718 - acc: 0.9897 -- iter: 032/464
[A[ATraining Step: 437  | total loss: [1m[32m0.06189[0m[0m | time: 29.437s
[2K
| Adam | epoch: 030 | loss: 0.06189 - acc: 0.9907 -- iter: 064/464
[A[ATraining Step: 438  | total loss: [1m[32m0.05635[0m[0m | time: 44.212s
[2K
| Adam | epoch: 030 | loss: 0.05635 - acc: 0.9917 -- iter: 096/464
[A[ATraining Step: 439  | total loss: [1m[32m0.05126[0m[0m | time: 59.224s
[2K
| Adam | epoch: 030 | loss: 0.05126 - acc: 0.9925 -- iter: 128/464
[A[ATraining Step: 440  | total loss: [1m[32m0.04729[0m[0m | time: 74.031s
[2K
| Adam | epoch: 030 | loss: 0.04729 - acc: 0.9932 -- iter: 160/464
[A[ATraining Step: 441  | total loss: [1m[32m0.04319[0m[0m | time: 88.903s
[2K
| Adam | epoch: 030 | loss: 0.04319 - acc: 0.9939 -- iter: 192/464
[A[ATraining Step: 442  | total loss: [1m[32m0.04234[0m[0m | time: 103.754s
[2K
| Adam | epoch: 030 | loss: 0.04234 - acc: 0.9914 -- iter: 224/464
[A[ATraining Step: 443  | total loss: [1m[32m0.03988[0m[0m | time: 116.878s
[2K
| Adam | epoch: 030 | loss: 0.03988 - acc: 0.9923 -- iter: 256/464
[A[ATraining Step: 444  | total loss: [1m[32m0.03798[0m[0m | time: 130.981s
[2K
| Adam | epoch: 030 | loss: 0.03798 - acc: 0.9930 -- iter: 288/464
[A[ATraining Step: 445  | total loss: [1m[32m0.03743[0m[0m | time: 146.055s
[2K
| Adam | epoch: 030 | loss: 0.03743 - acc: 0.9937 -- iter: 320/464
[A[ATraining Step: 446  | total loss: [1m[32m0.03488[0m[0m | time: 160.739s
[2K
| Adam | epoch: 030 | loss: 0.03488 - acc: 0.9944 -- iter: 352/464
[A[ATraining Step: 447  | total loss: [1m[32m0.03399[0m[0m | time: 169.529s
[2K
| Adam | epoch: 030 | loss: 0.03399 - acc: 0.9949 -- iter: 384/464
[A[ATraining Step: 448  | total loss: [1m[32m0.13067[0m[0m | time: 177.742s
[2K
| Adam | epoch: 030 | loss: 0.13067 - acc: 0.9829 -- iter: 416/464
[A[ATraining Step: 449  | total loss: [1m[32m0.11854[0m[0m | time: 192.263s
[2K
| Adam | epoch: 030 | loss: 0.11854 - acc: 0.9846 -- iter: 448/464
[A[ATraining Step: 450  | total loss: [1m[32m0.10832[0m[0m | time: 218.039s
[2K
| Adam | epoch: 030 | loss: 0.10832 - acc: 0.9862 | val_loss: 0.25843 - val_acc: 0.9247 -- iter: 464/464
--
Validation AUC:0.9906976744186047
Validation AUPRC:0.993603257502459
Test AUC:0.9821696696696698
Test AUPRC:0.9806670881527527
BestTestF1Score	0.95	0.9	0.95	0.93	0.97	70	5	69	2	0.97
BestTestMCCScore	0.95	0.9	0.95	0.93	0.97	70	5	69	2	0.97
BestTestAccuracyScore	0.95	0.9	0.95	0.93	0.97	70	5	69	2	0.97
BestValidationF1Score	0.97	0.92	0.96	0.95	0.98	84	4	56	2	0.97
BestValidationMCC	0.97	0.92	0.96	0.95	0.98	84	4	56	2	0.97
BestValidationAccuracy	0.97	0.92	0.96	0.95	0.98	84	4	56	2	0.97
TestPredictions (Threshold:0.97)
CHEMBL582739,TN,INACT,0.14000000059604645	CHEMBL3410301,TN,INACT,0.0	CHEMBL3650131,TP,ACT,1.0	CHEMBL122195,FN,ACT,0.03999999910593033	CHEMBL51985,TN,INACT,0.7400000095367432	CHEMBL235162,TN,INACT,0.3100000023841858	CHEMBL1201151,TN,INACT,0.23000000417232513	CHEMBL11401,TN,INACT,0.0	CHEMBL3686342,TP,ACT,1.0	CHEMBL2316273,TP,ACT,1.0	CHEMBL3647317,TP,ACT,0.9900000095367432	CHEMBL2316269,TP,ACT,1.0	CHEMBL2316279,TP,ACT,1.0	CHEMBL2163948,TP,ACT,1.0	CHEMBL1214376,TN,INACT,0.17000000178813934	CHEMBL237079,TN,INACT,0.0	CHEMBL2316281,TP,ACT,1.0	CHEMBL591795,TP,ACT,1.0	CHEMBL10879,TN,INACT,0.0	CHEMBL3647319,TP,ACT,1.0	CHEMBL2316287,TP,ACT,1.0	CHEMBL341733,TN,INACT,0.0	CHEMBL3650107,TP,ACT,1.0	CHEMBL3647335,TP,ACT,1.0	CHEMBL237698,TN,INACT,0.019999999552965164	CHEMBL2163939,TP,ACT,1.0	CHEMBL2381671,TP,ACT,1.0	CHEMBL3650089,TP,ACT,1.0	CHEMBL1214377,TN,INACT,0.15000000596046448	CHEMBL3092903,TP,ACT,1.0	CHEMBL808,TN,INACT,0.9599999785423279	CHEMBL3647312,TP,ACT,1.0	CHEMBL257715,TN,INACT,0.8399999737739563	CHEMBL3314919,TN,INACT,0.49000000953674316	CHEMBL59597,TN,INACT,0.0	CHEMBL58241,TN,INACT,0.0	CHEMBL237051,TN,INACT,0.8500000238418579	CHEMBL238180,TN,INACT,0.0	CHEMBL391706,TN,INACT,0.0	CHEMBL2010908,TP,ACT,1.0	CHEMBL2010898,TP,ACT,1.0	CHEMBL2381810,TP,ACT,1.0	CHEMBL392521,TN,INACT,0.009999999776482582	CHEMBL2316262,TP,ACT,1.0	CHEMBL2381799,TP,ACT,1.0	CHEMBL269776,TN,INACT,0.3700000047683716	CHEMBL3650091,TP,ACT,1.0	CHEMBL3650136,TP,ACT,1.0	CHEMBL3650106,TP,ACT,1.0	CHEMBL323074,FP,INACT,0.9900000095367432	CHEMBL208311,TN,INACT,0.699999988079071	CHEMBL3092891,TP,ACT,1.0	CHEMBL3686333,TP,ACT,1.0	CHEMBL3639852,TP,ACT,1.0	CHEMBL602265,TN,INACT,0.800000011920929	CHEMBL3650113,TP,ACT,1.0	CHEMBL237694,TN,INACT,0.38999998569488525	CHEMBL53842,TN,INACT,0.1899999976158142	CHEMBL1214557,TN,INACT,0.009999999776482582	CHEMBL3686295,TP,ACT,1.0	CHEMBL69036,TN,INACT,0.0	CHEMBL3704833,TN,INACT,0.0	CHEMBL3686316,TP,ACT,1.0	CHEMBL319387,TN,INACT,0.009999999776482582	CHEMBL91,FP,INACT,1.0	CHEMBL3647309,TP,ACT,1.0	CHEMBL2163960,TP,ACT,1.0	CHEMBL394669,TN,INACT,0.1899999976158142	CHEMBL3639489,TP,ACT,1.0	CHEMBL3403741,FP,INACT,1.0	CHEMBL229616,TN,INACT,0.0	CHEMBL238367,TN,INACT,0.0	CHEMBL70840,TN,INACT,0.009999999776482582	CHEMBL291516,TN,INACT,0.0	CHEMBL11467,TN,INACT,0.0	CHEMBL3092897,TP,ACT,1.0	CHEMBL173629,TN,INACT,0.0	CHEMBL2381784,TP,ACT,1.0	CHEMBL391707,TN,INACT,0.0	CHEMBL3741290,TN,INACT,0.11999999731779099	CHEMBL2381798,TP,ACT,1.0	CHEMBL3647327,TP,ACT,1.0	CHEMBL3314942,TN,INACT,0.0	CHEMBL2096745,TN,INACT,0.05000000074505806	CHEMBL2381785,TP,ACT,1.0	CHEMBL602128,TP,ACT,1.0	CHEMBL8561,TN,INACT,0.0	CHEMBL3647323,TP,ACT,1.0	CHEMBL72707,TN,INACT,0.0	CHEMBL2413161,TN,INACT,0.30000001192092896	CHEMBL2205620,TP,ACT,1.0	CHEMBL286800,TN,INACT,0.009999999776482582	CHEMBL2316285,TP,ACT,1.0	CHEMBL2010907,TP,ACT,1.0	CHEMBL574597,TN,INACT,0.07999999821186066	CHEMBL3686294,TP,ACT,1.0	CHEMBL236840,FP,INACT,0.9800000190734863	CHEMBL2205593,TP,ACT,0.9900000095367432	CHEMBL240279,TN,INACT,0.009999999776482582	CHEMBL236649,TN,INACT,0.0	CHEMBL236020,TN,INACT,0.0	CHEMBL2316295,TP,ACT,1.0	CHEMBL393383,TN,INACT,0.0	CHEMBL3686341,FN,ACT,0.33000001311302185	CHEMBL3403733,TN,INACT,0.20999999344348907	CHEMBL2163573,TP,ACT,1.0	CHEMBL1214436,TN,INACT,0.029999999329447746	CHEMBL536800,TN,INACT,0.029999999329447746	CHEMBL237315,TN,INACT,0.3400000035762787	CHEMBL3686309,TP,ACT,1.0	CHEMBL2112095,TN,INACT,0.0	CHEMBL3647305,TP,ACT,1.0	CHEMBL2057795,TP,ACT,1.0	CHEMBL2386558,TN,INACT,0.009999999776482582	CHEMBL3686301,TP,ACT,1.0	CHEMBL3403728,TN,INACT,0.8600000143051147	CHEMBL2163961,TP,ACT,1.0	CHEMBL477,TN,INACT,0.0	CHEMBL356213,TN,INACT,0.4699999988079071	CHEMBL2163962,TP,ACT,1.0	CHEMBL596401,TP,ACT,1.0	CHEMBL2163575,TP,ACT,1.0	CHEMBL3650132,TP,ACT,1.0	CHEMBL74122,TN,INACT,0.009999999776482582	CHEMBL3650087,TP,ACT,1.0	CHEMBL113247,TP,ACT,1.0	CHEMBL3686335,TP,ACT,1.0	CHEMBL99331,TN,INACT,0.019999999552965164	CHEMBL229615,TN,INACT,0.0	CHEMBL95727,TN,INACT,0.05000000074505806	CHEMBL2316268,TP,ACT,1.0	CHEMBL105383,TN,INACT,0.0	CHEMBL269689,TN,INACT,0.0	CHEMBL3092907,TP,ACT,1.0	CHEMBL3686320,TP,ACT,1.0	CHEMBL438334,TN,INACT,0.0	CHEMBL3092888,TP,ACT,1.0	CHEMBL569614,TN,INACT,0.20000000298023224	CHEMBL2163942,TP,ACT,1.0	CHEMBL3647313,TP,ACT,1.0	CHEMBL235802,TN,INACT,0.009999999776482582	CHEMBL3647322,TP,ACT,1.0	CHEMBL2163937,TP,ACT,1.0	CHEMBL183888,TN,INACT,0.009999999776482582	CHEMBL2441617,FP,INACT,1.0	CHEMBL2381673,TP,ACT,1.0	

