CNNModel CHEMBL3510 adam 0.001 30 256 0 0.8 False True
Number of active compounds :	515
Number of inactive compounds :	385
---------------------------------
Run id: CNNModel_CHEMBL3510_adam_0.001_30_256_0_0.8_False_True_id
Log directory: ../tflearnLogs/CNNModel_CHEMBL3510_adam_0.001_30_256_0.8_True/
---------------------------------
Training samples: 564
Validation samples: 177
--
Training Step: 1  | time: 0.827s
[2K
| Adam | epoch: 001 | loss: 0.00000 - acc: 0.0000 -- iter: 032/564
[A[ATraining Step: 2  | total loss: [1m[32m0.62368[0m[0m | time: 1.487s
[2K
| Adam | epoch: 001 | loss: 0.62368 - acc: 0.6469 -- iter: 064/564
[A[ATraining Step: 3  | total loss: [1m[32m0.67094[0m[0m | time: 2.114s
[2K
| Adam | epoch: 001 | loss: 0.67094 - acc: 0.7057 -- iter: 096/564
[A[ATraining Step: 4  | total loss: [1m[32m0.71572[0m[0m | time: 2.736s
[2K
| Adam | epoch: 001 | loss: 0.71572 - acc: 0.4811 -- iter: 128/564
[A[ATraining Step: 5  | total loss: [1m[32m0.68270[0m[0m | time: 3.369s
[2K
| Adam | epoch: 001 | loss: 0.68270 - acc: 0.6240 -- iter: 160/564
[A[ATraining Step: 6  | total loss: [1m[32m0.69140[0m[0m | time: 4.032s
[2K
| Adam | epoch: 001 | loss: 0.69140 - acc: 0.5443 -- iter: 192/564
[A[ATraining Step: 7  | total loss: [1m[32m0.68082[0m[0m | time: 4.671s
[2K
| Adam | epoch: 001 | loss: 0.68082 - acc: 0.6115 -- iter: 224/564
[A[ATraining Step: 8  | total loss: [1m[32m0.67850[0m[0m | time: 5.329s
[2K
| Adam | epoch: 001 | loss: 0.67850 - acc: 0.6191 -- iter: 256/564
[A[ATraining Step: 9  | total loss: [1m[32m0.68201[0m[0m | time: 5.990s
[2K
| Adam | epoch: 001 | loss: 0.68201 - acc: 0.5891 -- iter: 288/564
[A[ATraining Step: 10  | total loss: [1m[32m0.69256[0m[0m | time: 6.647s
[2K
| Adam | epoch: 001 | loss: 0.69256 - acc: 0.5446 -- iter: 320/564
[A[ATraining Step: 11  | total loss: [1m[32m0.68858[0m[0m | time: 7.303s
[2K
| Adam | epoch: 001 | loss: 0.68858 - acc: 0.5531 -- iter: 352/564
[A[ATraining Step: 12  | total loss: [1m[32m0.67917[0m[0m | time: 7.987s
[2K
| Adam | epoch: 001 | loss: 0.67917 - acc: 0.5854 -- iter: 384/564
[A[ATraining Step: 13  | total loss: [1m[32m0.67838[0m[0m | time: 8.670s
[2K
| Adam | epoch: 001 | loss: 0.67838 - acc: 0.5890 -- iter: 416/564
[A[ATraining Step: 14  | total loss: [1m[32m0.67253[0m[0m | time: 9.338s
[2K
| Adam | epoch: 001 | loss: 0.67253 - acc: 0.6037 -- iter: 448/564
[A[ATraining Step: 15  | total loss: [1m[32m0.70153[0m[0m | time: 10.020s
[2K
| Adam | epoch: 001 | loss: 0.70153 - acc: 0.5387 -- iter: 480/564
[A[ATraining Step: 16  | total loss: [1m[32m0.69937[0m[0m | time: 10.687s
[2K
| Adam | epoch: 001 | loss: 0.69937 - acc: 0.5359 -- iter: 512/564
[A[ATraining Step: 17  | total loss: [1m[32m0.70005[0m[0m | time: 11.322s
[2K
| Adam | epoch: 001 | loss: 0.70005 - acc: 0.5230 -- iter: 544/564
[A[ATraining Step: 18  | total loss: [1m[32m0.69653[0m[0m | time: 12.753s
[2K
| Adam | epoch: 001 | loss: 0.69653 - acc: 0.5258 | val_loss: 0.68438 - val_acc: 0.5932 -- iter: 564/564
--
Training Step: 19  | total loss: [1m[32m0.68755[0m[0m | time: 0.893s
[2K
| Adam | epoch: 002 | loss: 0.68755 - acc: 0.5839 -- iter: 032/564
[A[ATraining Step: 20  | total loss: [1m[32m0.68263[0m[0m | time: 2.178s
[2K
| Adam | epoch: 002 | loss: 0.68263 - acc: 0.6212 -- iter: 064/564
[A[ATraining Step: 21  | total loss: [1m[32m0.68528[0m[0m | time: 5.183s
[2K
| Adam | epoch: 002 | loss: 0.68528 - acc: 0.5933 -- iter: 096/564
[A[ATraining Step: 22  | total loss: [1m[32m0.68394[0m[0m | time: 8.346s
[2K
| Adam | epoch: 002 | loss: 0.68394 - acc: 0.6028 -- iter: 128/564
[A[ATraining Step: 23  | total loss: [1m[32m0.68095[0m[0m | time: 9.288s
[2K
| Adam | epoch: 002 | loss: 0.68095 - acc: 0.6274 -- iter: 160/564
[A[ATraining Step: 24  | total loss: [1m[32m0.68812[0m[0m | time: 10.225s
[2K
| Adam | epoch: 002 | loss: 0.68812 - acc: 0.5652 -- iter: 192/564
[A[ATraining Step: 25  | total loss: [1m[32m0.68992[0m[0m | time: 11.169s
[2K
| Adam | epoch: 002 | loss: 0.68992 - acc: 0.5474 -- iter: 224/564
[A[ATraining Step: 26  | total loss: [1m[32m0.68820[0m[0m | time: 12.204s
[2K
| Adam | epoch: 002 | loss: 0.68820 - acc: 0.5597 -- iter: 256/564
[A[ATraining Step: 27  | total loss: [1m[32m0.68579[0m[0m | time: 13.250s
[2K
| Adam | epoch: 002 | loss: 0.68579 - acc: 0.5765 -- iter: 288/564
[A[ATraining Step: 28  | total loss: [1m[32m0.68604[0m[0m | time: 14.372s
[2K
| Adam | epoch: 002 | loss: 0.68604 - acc: 0.5730 -- iter: 320/564
[A[ATraining Step: 29  | total loss: [1m[32m0.68598[0m[0m | time: 15.330s
[2K
| Adam | epoch: 002 | loss: 0.68598 - acc: 0.5704 -- iter: 352/564
[A[ATraining Step: 30  | total loss: [1m[32m0.68729[0m[0m | time: 16.409s
[2K
| Adam | epoch: 002 | loss: 0.68729 - acc: 0.5612 -- iter: 384/564
[A[ATraining Step: 31  | total loss: [1m[32m0.69591[0m[0m | time: 17.705s
[2K
| Adam | epoch: 002 | loss: 0.69591 - acc: 0.5110 -- iter: 416/564
[A[ATraining Step: 32  | total loss: [1m[32m0.69339[0m[0m | time: 18.977s
[2K
| Adam | epoch: 002 | loss: 0.69339 - acc: 0.5226 -- iter: 448/564
[A[ATraining Step: 33  | total loss: [1m[32m0.69176[0m[0m | time: 26.301s
[2K
| Adam | epoch: 002 | loss: 0.69176 - acc: 0.5313 -- iter: 480/564
[A[ATraining Step: 34  | total loss: [1m[32m0.69037[0m[0m | time: 27.109s
[2K
| Adam | epoch: 002 | loss: 0.69037 - acc: 0.5380 -- iter: 512/564
[A[ATraining Step: 35  | total loss: [1m[32m0.69072[0m[0m | time: 28.109s
[2K
| Adam | epoch: 002 | loss: 0.69072 - acc: 0.5366 -- iter: 544/564
[A[ATraining Step: 36  | total loss: [1m[32m0.69193[0m[0m | time: 30.212s
[2K
| Adam | epoch: 002 | loss: 0.69193 - acc: 0.5291 | val_loss: 0.68112 - val_acc: 0.5932 -- iter: 564/564
--
Training Step: 37  | total loss: [1m[32m0.68590[0m[0m | time: 0.745s
[2K
| Adam | epoch: 003 | loss: 0.68590 - acc: 0.5670 -- iter: 032/564
[A[ATraining Step: 38  | total loss: [1m[32m0.68805[0m[0m | time: 1.487s
[2K
| Adam | epoch: 003 | loss: 0.68805 - acc: 0.5539 -- iter: 064/564
[A[ATraining Step: 39  | total loss: [1m[32m0.68944[0m[0m | time: 2.389s
[2K
| Adam | epoch: 003 | loss: 0.68944 - acc: 0.5436 -- iter: 096/564
[A[ATraining Step: 40  | total loss: [1m[32m0.68588[0m[0m | time: 3.581s
[2K
| Adam | epoch: 003 | loss: 0.68588 - acc: 0.5647 -- iter: 128/564
[A[ATraining Step: 41  | total loss: [1m[32m0.68168[0m[0m | time: 4.881s
[2K
| Adam | epoch: 003 | loss: 0.68168 - acc: 0.5873 -- iter: 160/564
[A[ATraining Step: 42  | total loss: [1m[32m0.68366[0m[0m | time: 6.003s
[2K
| Adam | epoch: 003 | loss: 0.68366 - acc: 0.5772 -- iter: 192/564
[A[ATraining Step: 43  | total loss: [1m[32m0.68245[0m[0m | time: 8.017s
[2K
| Adam | epoch: 003 | loss: 0.68245 - acc: 0.5801 -- iter: 224/564
[A[ATraining Step: 44  | total loss: [1m[32m0.67739[0m[0m | time: 10.719s
[2K
| Adam | epoch: 003 | loss: 0.67739 - acc: 0.5987 -- iter: 256/564
[A[ATraining Step: 45  | total loss: [1m[32m0.67171[0m[0m | time: 16.573s
[2K
| Adam | epoch: 003 | loss: 0.67171 - acc: 0.6138 -- iter: 288/564
[A[ATraining Step: 46  | total loss: [1m[32m0.67003[0m[0m | time: 22.370s
[2K
| Adam | epoch: 003 | loss: 0.67003 - acc: 0.6156 -- iter: 320/564
[A[ATraining Step: 47  | total loss: [1m[32m0.66868[0m[0m | time: 23.290s
[2K
| Adam | epoch: 003 | loss: 0.66868 - acc: 0.6172 -- iter: 352/564
[A[ATraining Step: 48  | total loss: [1m[32m0.67962[0m[0m | time: 24.430s
[2K
| Adam | epoch: 003 | loss: 0.67962 - acc: 0.6034 -- iter: 384/564
[A[ATraining Step: 49  | total loss: [1m[32m0.68971[0m[0m | time: 25.427s
[2K
| Adam | epoch: 003 | loss: 0.68971 - acc: 0.5870 -- iter: 416/564
[A[ATraining Step: 50  | total loss: [1m[32m0.69841[0m[0m | time: 26.427s
[2K
| Adam | epoch: 003 | loss: 0.69841 - acc: 0.5638 -- iter: 448/564
[A[ATraining Step: 51  | total loss: [1m[32m0.68918[0m[0m | time: 27.546s
[2K
| Adam | epoch: 003 | loss: 0.68918 - acc: 0.5875 -- iter: 480/564
[A[ATraining Step: 52  | total loss: [1m[32m0.69512[0m[0m | time: 28.656s
[2K
| Adam | epoch: 003 | loss: 0.69512 - acc: 0.5556 -- iter: 512/564
[A[ATraining Step: 53  | total loss: [1m[32m0.69115[0m[0m | time: 29.601s
[2K
| Adam | epoch: 003 | loss: 0.69115 - acc: 0.5705 -- iter: 544/564
[A[ATraining Step: 54  | total loss: [1m[32m0.69106[0m[0m | time: 31.656s
[2K
| Adam | epoch: 003 | loss: 0.69106 - acc: 0.5648 | val_loss: 0.68351 - val_acc: 0.5932 -- iter: 564/564
--
Training Step: 55  | total loss: [1m[32m0.69100[0m[0m | time: 1.038s
[2K
| Adam | epoch: 004 | loss: 0.69100 - acc: 0.5600 -- iter: 032/564
[A[ATraining Step: 56  | total loss: [1m[32m0.69203[0m[0m | time: 1.597s
[2K
| Adam | epoch: 004 | loss: 0.69203 - acc: 0.5471 -- iter: 064/564
[A[ATraining Step: 57  | total loss: [1m[32m0.69317[0m[0m | time: 2.094s
[2K
| Adam | epoch: 004 | loss: 0.69317 - acc: 0.5337 -- iter: 096/564
[A[ATraining Step: 58  | total loss: [1m[32m0.69408[0m[0m | time: 2.933s
[2K
| Adam | epoch: 004 | loss: 0.69408 - acc: 0.5223 -- iter: 128/564
[A[ATraining Step: 59  | total loss: [1m[32m0.69372[0m[0m | time: 3.805s
[2K
| Adam | epoch: 004 | loss: 0.69372 - acc: 0.5235 -- iter: 160/564
[A[ATraining Step: 60  | total loss: [1m[32m0.69232[0m[0m | time: 4.662s
[2K
| Adam | epoch: 004 | loss: 0.69232 - acc: 0.5369 -- iter: 192/564
[A[ATraining Step: 61  | total loss: [1m[32m0.69292[0m[0m | time: 6.087s
[2K
| Adam | epoch: 004 | loss: 0.69292 - acc: 0.5280 -- iter: 224/564
[A[ATraining Step: 62  | total loss: [1m[32m0.69134[0m[0m | time: 7.358s
[2K
| Adam | epoch: 004 | loss: 0.69134 - acc: 0.5445 -- iter: 256/564
[A[ATraining Step: 63  | total loss: [1m[32m0.69128[0m[0m | time: 9.653s
[2K
| Adam | epoch: 004 | loss: 0.69128 - acc: 0.5428 -- iter: 288/564
[A[ATraining Step: 64  | total loss: [1m[32m0.69131[0m[0m | time: 14.368s
[2K
| Adam | epoch: 004 | loss: 0.69131 - acc: 0.5414 -- iter: 320/564
[A[ATraining Step: 65  | total loss: [1m[32m0.69198[0m[0m | time: 26.299s
[2K
| Adam | epoch: 004 | loss: 0.69198 - acc: 0.5324 -- iter: 352/564
[A[ATraining Step: 66  | total loss: [1m[32m0.69192[0m[0m | time: 32.093s
[2K
| Adam | epoch: 004 | loss: 0.69192 - acc: 0.5323 -- iter: 384/564
[A[ATraining Step: 67  | total loss: [1m[32m0.69155[0m[0m | time: 35.208s
[2K
| Adam | epoch: 004 | loss: 0.69155 - acc: 0.5359 -- iter: 416/564
[A[ATraining Step: 68  | total loss: [1m[32m0.69085[0m[0m | time: 39.943s
[2K
| Adam | epoch: 004 | loss: 0.69085 - acc: 0.5428 -- iter: 448/564
[A[ATraining Step: 69  | total loss: [1m[32m0.69088[0m[0m | time: 41.014s
[2K
| Adam | epoch: 004 | loss: 0.69088 - acc: 0.5414 -- iter: 480/564
[A[ATraining Step: 70  | total loss: [1m[32m0.68962[0m[0m | time: 42.007s
[2K
| Adam | epoch: 004 | loss: 0.68962 - acc: 0.5547 -- iter: 512/564
[A[ATraining Step: 71  | total loss: [1m[32m0.69150[0m[0m | time: 42.933s
[2K
| Adam | epoch: 004 | loss: 0.69150 - acc: 0.5342 -- iter: 544/564
[A[ATraining Step: 72  | total loss: [1m[32m0.69114[0m[0m | time: 45.025s
[2K
| Adam | epoch: 004 | loss: 0.69114 - acc: 0.5374 | val_loss: 0.68478 - val_acc: 0.5932 -- iter: 564/564
--
Training Step: 73  | total loss: [1m[32m0.68907[0m[0m | time: 0.994s
[2K
| Adam | epoch: 005 | loss: 0.68907 - acc: 0.5575 -- iter: 032/564
[A[ATraining Step: 74  | total loss: [1m[32m0.68861[0m[0m | time: 2.259s
[2K
| Adam | epoch: 005 | loss: 0.68861 - acc: 0.5615 -- iter: 064/564
[A[ATraining Step: 75  | total loss: [1m[32m0.68961[0m[0m | time: 3.107s
[2K
| Adam | epoch: 005 | loss: 0.68961 - acc: 0.5515 -- iter: 096/564
[A[ATraining Step: 76  | total loss: [1m[32m0.68701[0m[0m | time: 3.957s
[2K
| Adam | epoch: 005 | loss: 0.68701 - acc: 0.5727 -- iter: 128/564
[A[ATraining Step: 77  | total loss: [1m[32m0.68442[0m[0m | time: 9.382s
[2K
| Adam | epoch: 005 | loss: 0.68442 - acc: 0.5915 -- iter: 160/564
[A[ATraining Step: 78  | total loss: [1m[32m0.68262[0m[0m | time: 11.077s
[2K
| Adam | epoch: 005 | loss: 0.68262 - acc: 0.6015 -- iter: 192/564
[A[ATraining Step: 79  | total loss: [1m[32m0.68166[0m[0m | time: 12.038s
[2K
| Adam | epoch: 005 | loss: 0.68166 - acc: 0.6040 -- iter: 224/564
[A[ATraining Step: 80  | total loss: [1m[32m0.68763[0m[0m | time: 13.052s
[2K
| Adam | epoch: 005 | loss: 0.68763 - acc: 0.5806 -- iter: 256/564
[A[ATraining Step: 81  | total loss: [1m[32m0.68468[0m[0m | time: 14.029s
[2K
| Adam | epoch: 005 | loss: 0.68468 - acc: 0.5882 -- iter: 288/564
[A[ATraining Step: 82  | total loss: [1m[32m0.68654[0m[0m | time: 15.128s
[2K
| Adam | epoch: 005 | loss: 0.68654 - acc: 0.5794 -- iter: 320/564
[A[ATraining Step: 83  | total loss: [1m[32m0.68309[0m[0m | time: 16.330s
[2K
| Adam | epoch: 005 | loss: 0.68309 - acc: 0.5902 -- iter: 352/564
[A[ATraining Step: 84  | total loss: [1m[32m0.68239[0m[0m | time: 17.432s
[2K
| Adam | epoch: 005 | loss: 0.68239 - acc: 0.5906 -- iter: 384/564
[A[ATraining Step: 85  | total loss: [1m[32m0.68280[0m[0m | time: 18.407s
[2K
| Adam | epoch: 005 | loss: 0.68280 - acc: 0.5877 -- iter: 416/564
[A[ATraining Step: 86  | total loss: [1m[32m0.68509[0m[0m | time: 19.697s
[2K
| Adam | epoch: 005 | loss: 0.68509 - acc: 0.5790 -- iter: 448/564
[A[ATraining Step: 87  | total loss: [1m[32m0.68623[0m[0m | time: 21.116s
[2K
| Adam | epoch: 005 | loss: 0.68623 - acc: 0.5742 -- iter: 480/564
[A[ATraining Step: 88  | total loss: [1m[32m0.68524[0m[0m | time: 22.822s
[2K
| Adam | epoch: 005 | loss: 0.68524 - acc: 0.5762 -- iter: 512/564
[A[ATraining Step: 89  | total loss: [1m[32m0.68505[0m[0m | time: 38.199s
[2K
| Adam | epoch: 005 | loss: 0.68505 - acc: 0.5748 -- iter: 544/564
[A[ATraining Step: 90  | total loss: [1m[32m0.68592[0m[0m | time: 75.904s
[2K
| Adam | epoch: 005 | loss: 0.68592 - acc: 0.5704 | val_loss: 0.67685 - val_acc: 0.5932 -- iter: 564/564
--
Training Step: 91  | total loss: [1m[32m0.68428[0m[0m | time: 1.061s
[2K
| Adam | epoch: 006 | loss: 0.68428 - acc: 0.5759 -- iter: 032/564
[A[ATraining Step: 92  | total loss: [1m[32m0.68244[0m[0m | time: 2.079s
[2K
| Adam | epoch: 006 | loss: 0.68244 - acc: 0.5808 -- iter: 064/564
[A[ATraining Step: 93  | total loss: [1m[32m0.68201[0m[0m | time: 3.124s
[2K
| Adam | epoch: 006 | loss: 0.68201 - acc: 0.5821 -- iter: 096/564
[A[ATraining Step: 94  | total loss: [1m[32m0.68329[0m[0m | time: 3.885s
[2K
| Adam | epoch: 006 | loss: 0.68329 - acc: 0.5770 -- iter: 128/564
[A[ATraining Step: 95  | total loss: [1m[32m0.68657[0m[0m | time: 4.582s
[2K
| Adam | epoch: 006 | loss: 0.68657 - acc: 0.5643 -- iter: 160/564
[A[ATraining Step: 96  | total loss: [1m[32m0.68947[0m[0m | time: 5.593s
[2K
| Adam | epoch: 006 | loss: 0.68947 - acc: 0.5529 -- iter: 192/564
[A[ATraining Step: 97  | total loss: [1m[32m0.69058[0m[0m | time: 6.663s
[2K
| Adam | epoch: 006 | loss: 0.69058 - acc: 0.5476 -- iter: 224/564
[A[ATraining Step: 98  | total loss: [1m[32m0.69074[0m[0m | time: 7.754s
[2K
| Adam | epoch: 006 | loss: 0.69074 - acc: 0.5460 -- iter: 256/564
[A[ATraining Step: 99  | total loss: [1m[32m0.69087[0m[0m | time: 8.869s
[2K
| Adam | epoch: 006 | loss: 0.69087 - acc: 0.5445 -- iter: 288/564
[A[ATraining Step: 100  | total loss: [1m[32m0.68839[0m[0m | time: 9.834s
[2K
| Adam | epoch: 006 | loss: 0.68839 - acc: 0.5557 -- iter: 320/564
[A[ATraining Step: 101  | total loss: [1m[32m0.68925[0m[0m | time: 10.673s
[2K
| Adam | epoch: 006 | loss: 0.68925 - acc: 0.5501 -- iter: 352/564
[A[ATraining Step: 102  | total loss: [1m[32m0.68733[0m[0m | time: 11.341s
[2K
| Adam | epoch: 006 | loss: 0.68733 - acc: 0.5607 -- iter: 384/564
[A[ATraining Step: 103  | total loss: [1m[32m0.68996[0m[0m | time: 11.992s
[2K
| Adam | epoch: 006 | loss: 0.68996 - acc: 0.5453 -- iter: 416/564
[A[ATraining Step: 104  | total loss: [1m[32m0.69165[0m[0m | time: 12.647s
[2K
| Adam | epoch: 006 | loss: 0.69165 - acc: 0.5345 -- iter: 448/564
[A[ATraining Step: 105  | total loss: [1m[32m0.69009[0m[0m | time: 13.316s
[2K
| Adam | epoch: 006 | loss: 0.69009 - acc: 0.5435 -- iter: 480/564
[A[ATraining Step: 106  | total loss: [1m[32m0.69116[0m[0m | time: 14.021s
[2K
| Adam | epoch: 006 | loss: 0.69116 - acc: 0.5361 -- iter: 512/564
[A[ATraining Step: 107  | total loss: [1m[32m0.69115[0m[0m | time: 14.702s
[2K
| Adam | epoch: 006 | loss: 0.69115 - acc: 0.5356 -- iter: 544/564
[A[ATraining Step: 108  | total loss: [1m[32m0.69023[0m[0m | time: 16.379s
[2K
| Adam | epoch: 006 | loss: 0.69023 - acc: 0.5414 | val_loss: 0.68189 - val_acc: 0.5932 -- iter: 564/564
--
Training Step: 109  | total loss: [1m[32m0.68908[0m[0m | time: 0.662s
[2K
| Adam | epoch: 007 | loss: 0.68908 - acc: 0.5498 -- iter: 032/564
[A[ATraining Step: 110  | total loss: [1m[32m0.69151[0m[0m | time: 1.376s
[2K
| Adam | epoch: 007 | loss: 0.69151 - acc: 0.5323 -- iter: 064/564
[A[ATraining Step: 111  | total loss: [1m[32m0.68961[0m[0m | time: 2.060s
[2K
| Adam | epoch: 007 | loss: 0.68961 - acc: 0.5447 -- iter: 096/564
[A[ATraining Step: 112  | total loss: [1m[32m0.68972[0m[0m | time: 2.736s
[2K
| Adam | epoch: 007 | loss: 0.68972 - acc: 0.5433 -- iter: 128/564
[A[ATraining Step: 113  | total loss: [1m[32m0.68712[0m[0m | time: 3.141s
[2K
| Adam | epoch: 007 | loss: 0.68712 - acc: 0.5609 -- iter: 160/564
[A[ATraining Step: 114  | total loss: [1m[32m0.68723[0m[0m | time: 3.592s
[2K
| Adam | epoch: 007 | loss: 0.68723 - acc: 0.5598 -- iter: 192/564
[A[ATraining Step: 115  | total loss: [1m[32m0.68731[0m[0m | time: 4.269s
[2K
| Adam | epoch: 007 | loss: 0.68731 - acc: 0.5588 -- iter: 224/564
[A[ATraining Step: 116  | total loss: [1m[32m0.68767[0m[0m | time: 4.943s
[2K
| Adam | epoch: 007 | loss: 0.68767 - acc: 0.5561 -- iter: 256/564
[A[ATraining Step: 117  | total loss: [1m[32m0.68756[0m[0m | time: 5.599s
[2K
| Adam | epoch: 007 | loss: 0.68756 - acc: 0.5567 -- iter: 288/564
[A[ATraining Step: 118  | total loss: [1m[32m0.68684[0m[0m | time: 6.239s
[2K
| Adam | epoch: 007 | loss: 0.68684 - acc: 0.5604 -- iter: 320/564
[A[ATraining Step: 119  | total loss: [1m[32m0.68558[0m[0m | time: 6.927s
[2K
| Adam | epoch: 007 | loss: 0.68558 - acc: 0.5669 -- iter: 352/564
[A[ATraining Step: 120  | total loss: [1m[32m0.68454[0m[0m | time: 7.577s
[2K
| Adam | epoch: 007 | loss: 0.68454 - acc: 0.5727 -- iter: 384/564
[A[ATraining Step: 121  | total loss: [1m[32m0.68394[0m[0m | time: 8.254s
[2K
| Adam | epoch: 007 | loss: 0.68394 - acc: 0.5748 -- iter: 416/564
[A[ATraining Step: 122  | total loss: [1m[32m0.68654[0m[0m | time: 8.920s
[2K
| Adam | epoch: 007 | loss: 0.68654 - acc: 0.5611 -- iter: 448/564
[A[ATraining Step: 123  | total loss: [1m[32m0.68709[0m[0m | time: 9.593s
[2K
| Adam | epoch: 007 | loss: 0.68709 - acc: 0.5581 -- iter: 480/564
[A[ATraining Step: 124  | total loss: [1m[32m0.68408[0m[0m | time: 10.250s
[2K
| Adam | epoch: 007 | loss: 0.68408 - acc: 0.5710 -- iter: 512/564
[A[ATraining Step: 125  | total loss: [1m[32m0.68701[0m[0m | time: 10.937s
[2K
| Adam | epoch: 007 | loss: 0.68701 - acc: 0.5577 -- iter: 544/564
[A[ATraining Step: 126  | total loss: [1m[32m0.68523[0m[0m | time: 12.610s
[2K
| Adam | epoch: 007 | loss: 0.68523 - acc: 0.5644 | val_loss: 0.67471 - val_acc: 0.5932 -- iter: 564/564
--
Training Step: 127  | total loss: [1m[32m0.68647[0m[0m | time: 0.702s
[2K
| Adam | epoch: 008 | loss: 0.68647 - acc: 0.5580 -- iter: 032/564
[A[ATraining Step: 128  | total loss: [1m[32m0.68396[0m[0m | time: 1.388s
[2K
| Adam | epoch: 008 | loss: 0.68396 - acc: 0.5647 -- iter: 064/564
[A[ATraining Step: 129  | total loss: [1m[32m0.67589[0m[0m | time: 2.109s
[2K
| Adam | epoch: 008 | loss: 0.67589 - acc: 0.5926 -- iter: 096/564
[A[ATraining Step: 130  | total loss: [1m[32m0.67553[0m[0m | time: 2.760s
[2K
| Adam | epoch: 008 | loss: 0.67553 - acc: 0.5927 -- iter: 128/564
[A[ATraining Step: 131  | total loss: [1m[32m0.68414[0m[0m | time: 3.450s
[2K
| Adam | epoch: 008 | loss: 0.68414 - acc: 0.5709 -- iter: 160/564
[A[ATraining Step: 132  | total loss: [1m[32m0.68383[0m[0m | time: 3.902s
[2K
| Adam | epoch: 008 | loss: 0.68383 - acc: 0.5701 -- iter: 192/564
[A[ATraining Step: 133  | total loss: [1m[32m0.68207[0m[0m | time: 4.310s
[2K
| Adam | epoch: 008 | loss: 0.68207 - acc: 0.5731 -- iter: 224/564
[A[ATraining Step: 134  | total loss: [1m[32m0.68011[0m[0m | time: 5.116s
[2K
| Adam | epoch: 008 | loss: 0.68011 - acc: 0.5758 -- iter: 256/564
[A[ATraining Step: 135  | total loss: [1m[32m0.68253[0m[0m | time: 6.617s
[2K
| Adam | epoch: 008 | loss: 0.68253 - acc: 0.5682 -- iter: 288/564
[A[ATraining Step: 136  | total loss: [1m[32m0.68222[0m[0m | time: 7.926s
[2K
| Adam | epoch: 008 | loss: 0.68222 - acc: 0.5676 -- iter: 320/564
[A[ATraining Step: 137  | total loss: [1m[32m0.68123[0m[0m | time: 9.641s
[2K
| Adam | epoch: 008 | loss: 0.68123 - acc: 0.5702 -- iter: 352/564
[A[ATraining Step: 138  | total loss: [1m[32m0.68331[0m[0m | time: 13.407s
[2K
| Adam | epoch: 008 | loss: 0.68331 - acc: 0.5601 -- iter: 384/564
[A[ATraining Step: 139  | total loss: [1m[32m0.68265[0m[0m | time: 14.325s
[2K
| Adam | epoch: 008 | loss: 0.68265 - acc: 0.5603 -- iter: 416/564
[A[ATraining Step: 140  | total loss: [1m[32m0.68319[0m[0m | time: 15.282s
[2K
| Adam | epoch: 008 | loss: 0.68319 - acc: 0.5543 -- iter: 448/564
[A[ATraining Step: 141  | total loss: [1m[32m0.68228[0m[0m | time: 16.310s
[2K
| Adam | epoch: 008 | loss: 0.68228 - acc: 0.5551 -- iter: 480/564
[A[ATraining Step: 142  | total loss: [1m[32m0.68375[0m[0m | time: 17.285s
[2K
| Adam | epoch: 008 | loss: 0.68375 - acc: 0.5496 -- iter: 512/564
[A[ATraining Step: 143  | total loss: [1m[32m0.68325[0m[0m | time: 18.390s
[2K
| Adam | epoch: 008 | loss: 0.68325 - acc: 0.5540 -- iter: 544/564
[A[ATraining Step: 144  | total loss: [1m[32m0.68259[0m[0m | time: 20.447s
[2K
| Adam | epoch: 008 | loss: 0.68259 - acc: 0.5611 | val_loss: 0.65948 - val_acc: 0.5932 -- iter: 564/564
--
Training Step: 145  | total loss: [1m[32m0.67644[0m[0m | time: 1.347s
[2K
| Adam | epoch: 009 | loss: 0.67644 - acc: 0.5644 -- iter: 032/564
[A[ATraining Step: 146  | total loss: [1m[32m0.68156[0m[0m | time: 6.414s
[2K
| Adam | epoch: 009 | loss: 0.68156 - acc: 0.5548 -- iter: 064/564
[A[ATraining Step: 147  | total loss: [1m[32m0.67800[0m[0m | time: 11.269s
[2K
| Adam | epoch: 009 | loss: 0.67800 - acc: 0.5618 -- iter: 096/564
[A[ATraining Step: 148  | total loss: [1m[32m0.67021[0m[0m | time: 18.342s
[2K
| Adam | epoch: 009 | loss: 0.67021 - acc: 0.5838 -- iter: 128/564
[A[ATraining Step: 149  | total loss: [1m[32m0.67423[0m[0m | time: 24.419s
[2K
| Adam | epoch: 009 | loss: 0.67423 - acc: 0.5723 -- iter: 160/564
[A[ATraining Step: 150  | total loss: [1m[32m0.67206[0m[0m | time: 35.520s
[2K
| Adam | epoch: 009 | loss: 0.67206 - acc: 0.5807 -- iter: 192/564
[A[ATraining Step: 151  | total loss: [1m[32m0.67670[0m[0m | time: 36.124s
[2K
| Adam | epoch: 009 | loss: 0.67670 - acc: 0.5789 -- iter: 224/564
[A[ATraining Step: 152  | total loss: [1m[32m0.67303[0m[0m | time: 36.765s
[2K
| Adam | epoch: 009 | loss: 0.67303 - acc: 0.5810 -- iter: 256/564
[A[ATraining Step: 153  | total loss: [1m[32m0.67081[0m[0m | time: 37.824s
[2K
| Adam | epoch: 009 | loss: 0.67081 - acc: 0.5929 -- iter: 288/564
[A[ATraining Step: 154  | total loss: [1m[32m0.66874[0m[0m | time: 38.810s
[2K
| Adam | epoch: 009 | loss: 0.66874 - acc: 0.5992 -- iter: 320/564
[A[ATraining Step: 155  | total loss: [1m[32m0.66488[0m[0m | time: 39.876s
[2K
| Adam | epoch: 009 | loss: 0.66488 - acc: 0.6112 -- iter: 352/564
[A[ATraining Step: 156  | total loss: [1m[32m0.66960[0m[0m | time: 40.983s
[2K
| Adam | epoch: 009 | loss: 0.66960 - acc: 0.6032 -- iter: 384/564
[A[ATraining Step: 157  | total loss: [1m[32m0.65703[0m[0m | time: 41.977s
[2K
| Adam | epoch: 009 | loss: 0.65703 - acc: 0.6179 -- iter: 416/564
[A[ATraining Step: 158  | total loss: [1m[32m0.65719[0m[0m | time: 43.112s
[2K
| Adam | epoch: 009 | loss: 0.65719 - acc: 0.6186 -- iter: 448/564
[A[ATraining Step: 159  | total loss: [1m[32m0.65897[0m[0m | time: 44.349s
[2K
| Adam | epoch: 009 | loss: 0.65897 - acc: 0.6192 -- iter: 480/564
[A[ATraining Step: 160  | total loss: [1m[32m0.66798[0m[0m | time: 45.575s
[2K
| Adam | epoch: 009 | loss: 0.66798 - acc: 0.6042 -- iter: 512/564
[A[ATraining Step: 161  | total loss: [1m[32m0.66789[0m[0m | time: 57.986s
[2K
| Adam | epoch: 009 | loss: 0.66789 - acc: 0.6094 -- iter: 544/564
[A[ATraining Step: 162  | total loss: [1m[32m0.66211[0m[0m | time: 79.226s
[2K
| Adam | epoch: 009 | loss: 0.66211 - acc: 0.6141 | val_loss: 0.66053 - val_acc: 0.6158 -- iter: 564/564
--
Training Step: 163  | total loss: [1m[32m0.66017[0m[0m | time: 1.040s
[2K
| Adam | epoch: 010 | loss: 0.66017 - acc: 0.6245 -- iter: 032/564
[A[ATraining Step: 164  | total loss: [1m[32m0.66086[0m[0m | time: 1.986s
[2K
| Adam | epoch: 010 | loss: 0.66086 - acc: 0.6215 -- iter: 064/564
[A[ATraining Step: 165  | total loss: [1m[32m0.65856[0m[0m | time: 3.068s
[2K
| Adam | epoch: 010 | loss: 0.65856 - acc: 0.6312 -- iter: 096/564
[A[ATraining Step: 166  | total loss: [1m[32m0.65644[0m[0m | time: 4.147s
[2K
| Adam | epoch: 010 | loss: 0.65644 - acc: 0.6399 -- iter: 128/564
[A[ATraining Step: 167  | total loss: [1m[32m0.65821[0m[0m | time: 5.068s
[2K
| Adam | epoch: 010 | loss: 0.65821 - acc: 0.6322 -- iter: 160/564
[A[ATraining Step: 168  | total loss: [1m[32m0.65656[0m[0m | time: 6.478s
[2K
| Adam | epoch: 010 | loss: 0.65656 - acc: 0.6284 -- iter: 192/564
[A[ATraining Step: 169  | total loss: [1m[32m0.65336[0m[0m | time: 7.689s
[2K
| Adam | epoch: 010 | loss: 0.65336 - acc: 0.6405 -- iter: 224/564
[A[ATraining Step: 170  | total loss: [1m[32m0.65432[0m[0m | time: 8.535s
[2K
| Adam | epoch: 010 | loss: 0.65432 - acc: 0.6390 -- iter: 256/564
[A[ATraining Step: 171  | total loss: [1m[32m0.65030[0m[0m | time: 9.103s
[2K
| Adam | epoch: 010 | loss: 0.65030 - acc: 0.6351 -- iter: 288/564
[A[ATraining Step: 172  | total loss: [1m[32m0.64443[0m[0m | time: 9.858s
[2K
| Adam | epoch: 010 | loss: 0.64443 - acc: 0.6366 -- iter: 320/564
[A[ATraining Step: 173  | total loss: [1m[32m0.65455[0m[0m | time: 10.879s
[2K
| Adam | epoch: 010 | loss: 0.65455 - acc: 0.6229 -- iter: 352/564
[A[ATraining Step: 174  | total loss: [1m[32m0.65471[0m[0m | time: 11.895s
[2K
| Adam | epoch: 010 | loss: 0.65471 - acc: 0.6294 -- iter: 384/564
[A[ATraining Step: 175  | total loss: [1m[32m0.65329[0m[0m | time: 12.968s
[2K
| Adam | epoch: 010 | loss: 0.65329 - acc: 0.6321 -- iter: 416/564
[A[ATraining Step: 176  | total loss: [1m[32m0.65730[0m[0m | time: 14.037s
[2K
| Adam | epoch: 010 | loss: 0.65730 - acc: 0.6313 -- iter: 448/564
[A[ATraining Step: 177  | total loss: [1m[32m0.66075[0m[0m | time: 15.127s
[2K
| Adam | epoch: 010 | loss: 0.66075 - acc: 0.6307 -- iter: 480/564
[A[ATraining Step: 178  | total loss: [1m[32m0.66720[0m[0m | time: 16.084s
[2K
| Adam | epoch: 010 | loss: 0.66720 - acc: 0.6145 -- iter: 512/564
[A[ATraining Step: 179  | total loss: [1m[32m0.66426[0m[0m | time: 17.038s
[2K
| Adam | epoch: 010 | loss: 0.66426 - acc: 0.6156 -- iter: 544/564
[A[ATraining Step: 180  | total loss: [1m[32m0.66664[0m[0m | time: 18.993s
[2K
| Adam | epoch: 010 | loss: 0.66664 - acc: 0.6071 | val_loss: 0.65876 - val_acc: 0.6215 -- iter: 564/564
--
Training Step: 181  | total loss: [1m[32m0.67402[0m[0m | time: 1.080s
[2K
| Adam | epoch: 011 | loss: 0.67402 - acc: 0.5964 -- iter: 032/564
[A[ATraining Step: 182  | total loss: [1m[32m0.66774[0m[0m | time: 1.974s
[2K
| Adam | epoch: 011 | loss: 0.66774 - acc: 0.6149 -- iter: 064/564
[A[ATraining Step: 183  | total loss: [1m[32m0.66552[0m[0m | time: 2.806s
[2K
| Adam | epoch: 011 | loss: 0.66552 - acc: 0.6190 -- iter: 096/564
[A[ATraining Step: 184  | total loss: [1m[32m0.66655[0m[0m | time: 3.767s
[2K
| Adam | epoch: 011 | loss: 0.66655 - acc: 0.6165 -- iter: 128/564
[A[ATraining Step: 185  | total loss: [1m[32m0.66847[0m[0m | time: 4.903s
[2K
| Adam | epoch: 011 | loss: 0.66847 - acc: 0.6080 -- iter: 160/564
[A[ATraining Step: 186  | total loss: [1m[32m0.67096[0m[0m | time: 6.255s
[2K
| Adam | epoch: 011 | loss: 0.67096 - acc: 0.5909 -- iter: 192/564
[A[ATraining Step: 187  | total loss: [1m[32m0.67046[0m[0m | time: 7.483s
[2K
| Adam | epoch: 011 | loss: 0.67046 - acc: 0.5912 -- iter: 224/564
[A[ATraining Step: 188  | total loss: [1m[32m0.66628[0m[0m | time: 8.355s
[2K
| Adam | epoch: 011 | loss: 0.66628 - acc: 0.6040 -- iter: 256/564
[A[ATraining Step: 189  | total loss: [1m[32m0.66878[0m[0m | time: 9.041s
[2K
| Adam | epoch: 011 | loss: 0.66878 - acc: 0.5998 -- iter: 288/564
[A[ATraining Step: 190  | total loss: [1m[32m0.66669[0m[0m | time: 9.644s
[2K
| Adam | epoch: 011 | loss: 0.66669 - acc: 0.5998 -- iter: 320/564
[A[ATraining Step: 191  | total loss: [1m[32m0.66445[0m[0m | time: 10.616s
[2K
| Adam | epoch: 011 | loss: 0.66445 - acc: 0.5999 -- iter: 352/564
[A[ATraining Step: 192  | total loss: [1m[32m0.65762[0m[0m | time: 11.630s
[2K
| Adam | epoch: 011 | loss: 0.65762 - acc: 0.6086 -- iter: 384/564
[A[ATraining Step: 193  | total loss: [1m[32m0.65699[0m[0m | time: 12.698s
[2K
| Adam | epoch: 011 | loss: 0.65699 - acc: 0.6134 -- iter: 416/564
[A[ATraining Step: 194  | total loss: [1m[32m0.65222[0m[0m | time: 13.838s
[2K
| Adam | epoch: 011 | loss: 0.65222 - acc: 0.6208 -- iter: 448/564
[A[ATraining Step: 195  | total loss: [1m[32m0.64749[0m[0m | time: 14.762s
[2K
| Adam | epoch: 011 | loss: 0.64749 - acc: 0.6243 -- iter: 480/564
[A[ATraining Step: 196  | total loss: [1m[32m0.64540[0m[0m | time: 15.884s
[2K
| Adam | epoch: 011 | loss: 0.64540 - acc: 0.6275 -- iter: 512/564
[A[ATraining Step: 197  | total loss: [1m[32m0.64973[0m[0m | time: 17.193s
[2K
| Adam | epoch: 011 | loss: 0.64973 - acc: 0.6210 -- iter: 544/564
[A[ATraining Step: 198  | total loss: [1m[32m0.64935[0m[0m | time: 20.885s
[2K
| Adam | epoch: 011 | loss: 0.64935 - acc: 0.6214 | val_loss: 0.64908 - val_acc: 0.6271 -- iter: 564/564
--
Training Step: 199  | total loss: [1m[32m0.64907[0m[0m | time: 1.005s
[2K
| Adam | epoch: 012 | loss: 0.64907 - acc: 0.6187 -- iter: 032/564
[A[ATraining Step: 200  | total loss: [1m[32m0.65042[0m[0m | time: 3.086s
[2K
| Adam | epoch: 012 | loss: 0.65042 - acc: 0.6193 | val_loss: 0.64905 - val_acc: 0.6045 -- iter: 064/564
--
Training Step: 201  | total loss: [1m[32m0.65958[0m[0m | time: 4.255s
[2K
| Adam | epoch: 012 | loss: 0.65958 - acc: 0.6074 -- iter: 096/564
[A[ATraining Step: 202  | total loss: [1m[32m0.65924[0m[0m | time: 5.281s
[2K
| Adam | epoch: 012 | loss: 0.65924 - acc: 0.6060 -- iter: 128/564
[A[ATraining Step: 203  | total loss: [1m[32m0.66085[0m[0m | time: 6.294s
[2K
| Adam | epoch: 012 | loss: 0.66085 - acc: 0.6048 -- iter: 160/564
[A[ATraining Step: 204  | total loss: [1m[32m0.66062[0m[0m | time: 7.463s
[2K
| Adam | epoch: 012 | loss: 0.66062 - acc: 0.6068 -- iter: 192/564
[A[ATraining Step: 205  | total loss: [1m[32m0.65380[0m[0m | time: 8.623s
[2K
| Adam | epoch: 012 | loss: 0.65380 - acc: 0.6117 -- iter: 224/564
[A[ATraining Step: 206  | total loss: [1m[32m0.64753[0m[0m | time: 9.615s
[2K
| Adam | epoch: 012 | loss: 0.64753 - acc: 0.6162 -- iter: 256/564
[A[ATraining Step: 207  | total loss: [1m[32m0.64361[0m[0m | time: 10.324s
[2K
| Adam | epoch: 012 | loss: 0.64361 - acc: 0.6140 -- iter: 288/564
[A[ATraining Step: 208  | total loss: [1m[32m0.64569[0m[0m | time: 10.759s
[2K
| Adam | epoch: 012 | loss: 0.64569 - acc: 0.6057 -- iter: 320/564
[A[ATraining Step: 209  | total loss: [1m[32m0.64664[0m[0m | time: 11.195s
[2K
| Adam | epoch: 012 | loss: 0.64664 - acc: 0.6001 -- iter: 352/564
[A[ATraining Step: 210  | total loss: [1m[32m0.64744[0m[0m | time: 11.841s
[2K
| Adam | epoch: 012 | loss: 0.64744 - acc: 0.6051 -- iter: 384/564
[A[ATraining Step: 211  | total loss: [1m[32m0.64381[0m[0m | time: 12.527s
[2K
| Adam | epoch: 012 | loss: 0.64381 - acc: 0.6165 -- iter: 416/564
[A[ATraining Step: 212  | total loss: [1m[32m0.64032[0m[0m | time: 13.218s
[2K
| Adam | epoch: 012 | loss: 0.64032 - acc: 0.6267 -- iter: 448/564
[A[ATraining Step: 213  | total loss: [1m[32m0.63853[0m[0m | time: 13.934s
[2K
| Adam | epoch: 012 | loss: 0.63853 - acc: 0.6359 -- iter: 480/564
[A[ATraining Step: 214  | total loss: [1m[32m0.62536[0m[0m | time: 14.670s
[2K
| Adam | epoch: 012 | loss: 0.62536 - acc: 0.6598 -- iter: 512/564
[A[ATraining Step: 215  | total loss: [1m[32m0.62248[0m[0m | time: 15.317s
[2K
| Adam | epoch: 012 | loss: 0.62248 - acc: 0.6688 -- iter: 544/564
[A[ATraining Step: 216  | total loss: [1m[32m0.61590[0m[0m | time: 17.031s
[2K
| Adam | epoch: 012 | loss: 0.61590 - acc: 0.6769 | val_loss: 0.65949 - val_acc: 0.6441 -- iter: 564/564
--
Training Step: 217  | total loss: [1m[32m0.61373[0m[0m | time: 0.664s
[2K
| Adam | epoch: 013 | loss: 0.61373 - acc: 0.6718 -- iter: 032/564
[A[ATraining Step: 218  | total loss: [1m[32m0.60809[0m[0m | time: 1.331s
[2K
| Adam | epoch: 013 | loss: 0.60809 - acc: 0.6702 -- iter: 064/564
[A[ATraining Step: 219  | total loss: [1m[32m0.60889[0m[0m | time: 2.034s
[2K
| Adam | epoch: 013 | loss: 0.60889 - acc: 0.6719 -- iter: 096/564
[A[ATraining Step: 220  | total loss: [1m[32m0.60234[0m[0m | time: 2.711s
[2K
| Adam | epoch: 013 | loss: 0.60234 - acc: 0.6704 -- iter: 128/564
[A[ATraining Step: 221  | total loss: [1m[32m0.58649[0m[0m | time: 3.376s
[2K
| Adam | epoch: 013 | loss: 0.58649 - acc: 0.6783 -- iter: 160/564
[A[ATraining Step: 222  | total loss: [1m[32m0.59809[0m[0m | time: 4.035s
[2K
| Adam | epoch: 013 | loss: 0.59809 - acc: 0.6699 -- iter: 192/564
[A[ATraining Step: 223  | total loss: [1m[32m0.60777[0m[0m | time: 4.693s
[2K
| Adam | epoch: 013 | loss: 0.60777 - acc: 0.6716 -- iter: 224/564
[A[ATraining Step: 224  | total loss: [1m[32m0.60444[0m[0m | time: 5.383s
[2K
| Adam | epoch: 013 | loss: 0.60444 - acc: 0.6763 -- iter: 256/564
[A[ATraining Step: 225  | total loss: [1m[32m0.60226[0m[0m | time: 6.072s
[2K
| Adam | epoch: 013 | loss: 0.60226 - acc: 0.6806 -- iter: 288/564
[A[ATraining Step: 226  | total loss: [1m[32m0.59367[0m[0m | time: 6.741s
[2K
| Adam | epoch: 013 | loss: 0.59367 - acc: 0.6938 -- iter: 320/564
[A[ATraining Step: 227  | total loss: [1m[32m0.59141[0m[0m | time: 7.150s
[2K
| Adam | epoch: 013 | loss: 0.59141 - acc: 0.7025 -- iter: 352/564
[A[ATraining Step: 228  | total loss: [1m[32m0.59372[0m[0m | time: 7.581s
[2K
| Adam | epoch: 013 | loss: 0.59372 - acc: 0.7023 -- iter: 384/564
[A[ATraining Step: 229  | total loss: [1m[32m0.59611[0m[0m | time: 8.289s
[2K
| Adam | epoch: 013 | loss: 0.59611 - acc: 0.6970 -- iter: 416/564
[A[ATraining Step: 230  | total loss: [1m[32m0.59781[0m[0m | time: 8.953s
[2K
| Adam | epoch: 013 | loss: 0.59781 - acc: 0.6836 -- iter: 448/564
[A[ATraining Step: 231  | total loss: [1m[32m0.59320[0m[0m | time: 9.592s
[2K
| Adam | epoch: 013 | loss: 0.59320 - acc: 0.6902 -- iter: 480/564
[A[ATraining Step: 232  | total loss: [1m[32m0.59628[0m[0m | time: 10.243s
[2K
| Adam | epoch: 013 | loss: 0.59628 - acc: 0.6806 -- iter: 512/564
[A[ATraining Step: 233  | total loss: [1m[32m0.59173[0m[0m | time: 10.894s
[2K
| Adam | epoch: 013 | loss: 0.59173 - acc: 0.6813 -- iter: 544/564
[A[ATraining Step: 234  | total loss: [1m[32m0.59345[0m[0m | time: 12.568s
[2K
| Adam | epoch: 013 | loss: 0.59345 - acc: 0.6788 | val_loss: 0.59858 - val_acc: 0.6554 -- iter: 564/564
--
Training Step: 235  | total loss: [1m[32m0.59237[0m[0m | time: 0.655s
[2K
| Adam | epoch: 014 | loss: 0.59237 - acc: 0.6765 -- iter: 032/564
[A[ATraining Step: 236  | total loss: [1m[32m0.58808[0m[0m | time: 1.371s
[2K
| Adam | epoch: 014 | loss: 0.58808 - acc: 0.6807 -- iter: 064/564
[A[ATraining Step: 237  | total loss: [1m[32m0.58305[0m[0m | time: 2.061s
[2K
| Adam | epoch: 014 | loss: 0.58305 - acc: 0.6845 -- iter: 096/564
[A[ATraining Step: 238  | total loss: [1m[32m0.57990[0m[0m | time: 2.769s
[2K
| Adam | epoch: 014 | loss: 0.57990 - acc: 0.6942 -- iter: 128/564
[A[ATraining Step: 239  | total loss: [1m[32m0.58195[0m[0m | time: 3.424s
[2K
| Adam | epoch: 014 | loss: 0.58195 - acc: 0.6904 -- iter: 160/564
[A[ATraining Step: 240  | total loss: [1m[32m0.57748[0m[0m | time: 4.423s
[2K
| Adam | epoch: 014 | loss: 0.57748 - acc: 0.6933 -- iter: 192/564
[A[ATraining Step: 241  | total loss: [1m[32m0.57470[0m[0m | time: 5.729s
[2K
| Adam | epoch: 014 | loss: 0.57470 - acc: 0.6833 -- iter: 224/564
[A[ATraining Step: 242  | total loss: [1m[32m0.58611[0m[0m | time: 7.032s
[2K
| Adam | epoch: 014 | loss: 0.58611 - acc: 0.6712 -- iter: 256/564
[A[ATraining Step: 243  | total loss: [1m[32m0.57847[0m[0m | time: 7.922s
[2K
| Adam | epoch: 014 | loss: 0.57847 - acc: 0.6791 -- iter: 288/564
[A[ATraining Step: 244  | total loss: [1m[32m0.56232[0m[0m | time: 8.867s
[2K
| Adam | epoch: 014 | loss: 0.56232 - acc: 0.6924 -- iter: 320/564
[A[ATraining Step: 245  | total loss: [1m[32m0.56232[0m[0m | time: 9.921s
[2K
| Adam | epoch: 014 | loss: 0.56232 - acc: 0.6888 -- iter: 352/564
[A[ATraining Step: 246  | total loss: [1m[32m0.56194[0m[0m | time: 10.548s
[2K
| Adam | epoch: 014 | loss: 0.56194 - acc: 0.6824 -- iter: 384/564
[A[ATraining Step: 247  | total loss: [1m[32m0.55609[0m[0m | time: 11.174s
[2K
| Adam | epoch: 014 | loss: 0.55609 - acc: 0.6942 -- iter: 416/564
[A[ATraining Step: 248  | total loss: [1m[32m0.54551[0m[0m | time: 12.183s
[2K
| Adam | epoch: 014 | loss: 0.54551 - acc: 0.7098 -- iter: 448/564
[A[ATraining Step: 249  | total loss: [1m[32m0.54366[0m[0m | time: 13.175s
[2K
| Adam | epoch: 014 | loss: 0.54366 - acc: 0.7138 -- iter: 480/564
[A[ATraining Step: 250  | total loss: [1m[32m0.54918[0m[0m | time: 14.211s
[2K
| Adam | epoch: 014 | loss: 0.54918 - acc: 0.7143 -- iter: 512/564
[A[ATraining Step: 251  | total loss: [1m[32m0.56430[0m[0m | time: 15.333s
[2K
| Adam | epoch: 014 | loss: 0.56430 - acc: 0.7022 -- iter: 544/564
[A[ATraining Step: 252  | total loss: [1m[32m0.57219[0m[0m | time: 17.856s
[2K
| Adam | epoch: 014 | loss: 0.57219 - acc: 0.6945 | val_loss: 0.68679 - val_acc: 0.6384 -- iter: 564/564
--
Training Step: 253  | total loss: [1m[32m0.57840[0m[0m | time: 0.921s
[2K
| Adam | epoch: 015 | loss: 0.57840 - acc: 0.6844 -- iter: 032/564
[A[ATraining Step: 254  | total loss: [1m[32m0.57522[0m[0m | time: 1.967s
[2K
| Adam | epoch: 015 | loss: 0.57522 - acc: 0.6847 -- iter: 064/564
[A[ATraining Step: 255  | total loss: [1m[32m0.57805[0m[0m | time: 2.935s
[2K
| Adam | epoch: 015 | loss: 0.57805 - acc: 0.6850 -- iter: 096/564
[A[ATraining Step: 256  | total loss: [1m[32m0.60153[0m[0m | time: 4.049s
[2K
| Adam | epoch: 015 | loss: 0.60153 - acc: 0.6759 -- iter: 128/564
[A[ATraining Step: 257  | total loss: [1m[32m0.60152[0m[0m | time: 5.230s
[2K
| Adam | epoch: 015 | loss: 0.60152 - acc: 0.6739 -- iter: 160/564
[A[ATraining Step: 258  | total loss: [1m[32m0.59132[0m[0m | time: 6.251s
[2K
| Adam | epoch: 015 | loss: 0.59132 - acc: 0.6909 -- iter: 192/564
[A[ATraining Step: 259  | total loss: [1m[32m0.58022[0m[0m | time: 7.372s
[2K
| Adam | epoch: 015 | loss: 0.58022 - acc: 0.6937 -- iter: 224/564
[A[ATraining Step: 260  | total loss: [1m[32m0.57923[0m[0m | time: 8.607s
[2K
| Adam | epoch: 015 | loss: 0.57923 - acc: 0.6900 -- iter: 256/564
[A[ATraining Step: 261  | total loss: [1m[32m0.58102[0m[0m | time: 9.854s
[2K
| Adam | epoch: 015 | loss: 0.58102 - acc: 0.6866 -- iter: 288/564
[A[ATraining Step: 262  | total loss: [1m[32m0.58833[0m[0m | time: 13.175s
[2K
| Adam | epoch: 015 | loss: 0.58833 - acc: 0.6804 -- iter: 320/564
[A[ATraining Step: 263  | total loss: [1m[32m0.59814[0m[0m | time: 24.215s
[2K
| Adam | epoch: 015 | loss: 0.59814 - acc: 0.6718 -- iter: 352/564
[A[ATraining Step: 264  | total loss: [1m[32m0.60989[0m[0m | time: 25.687s
[2K
| Adam | epoch: 015 | loss: 0.60989 - acc: 0.6546 -- iter: 384/564
[A[ATraining Step: 265  | total loss: [1m[32m0.63410[0m[0m | time: 26.279s
[2K
| Adam | epoch: 015 | loss: 0.63410 - acc: 0.6235 -- iter: 416/564
[A[ATraining Step: 266  | total loss: [1m[32m0.64444[0m[0m | time: 26.909s
[2K
| Adam | epoch: 015 | loss: 0.64444 - acc: 0.6061 -- iter: 448/564
[A[ATraining Step: 267  | total loss: [1m[32m0.64996[0m[0m | time: 27.921s
[2K
| Adam | epoch: 015 | loss: 0.64996 - acc: 0.5955 -- iter: 480/564
[A[ATraining Step: 268  | total loss: [1m[32m0.65011[0m[0m | time: 28.927s
[2K
| Adam | epoch: 015 | loss: 0.65011 - acc: 0.5985 -- iter: 512/564
[A[ATraining Step: 269  | total loss: [1m[32m0.64618[0m[0m | time: 29.943s
[2K
| Adam | epoch: 015 | loss: 0.64618 - acc: 0.6074 -- iter: 544/564
[A[ATraining Step: 270  | total loss: [1m[32m0.65124[0m[0m | time: 32.112s
[2K
| Adam | epoch: 015 | loss: 0.65124 - acc: 0.5998 | val_loss: 0.66411 - val_acc: 0.6271 -- iter: 564/564
--
Training Step: 271  | total loss: [1m[32m0.65069[0m[0m | time: 1.344s
[2K
| Adam | epoch: 016 | loss: 0.65069 - acc: 0.6023 -- iter: 032/564
[A[ATraining Step: 272  | total loss: [1m[32m0.65107[0m[0m | time: 2.605s
[2K
| Adam | epoch: 016 | loss: 0.65107 - acc: 0.6108 -- iter: 064/564
[A[ATraining Step: 273  | total loss: [1m[32m0.65117[0m[0m | time: 3.482s
[2K
| Adam | epoch: 016 | loss: 0.65117 - acc: 0.6247 -- iter: 096/564
[A[ATraining Step: 274  | total loss: [1m[32m0.64942[0m[0m | time: 4.443s
[2K
| Adam | epoch: 016 | loss: 0.64942 - acc: 0.6341 -- iter: 128/564
[A[ATraining Step: 275  | total loss: [1m[32m0.64851[0m[0m | time: 5.446s
[2K
| Adam | epoch: 016 | loss: 0.64851 - acc: 0.6520 -- iter: 160/564
[A[ATraining Step: 276  | total loss: [1m[32m0.64314[0m[0m | time: 6.421s
[2K
| Adam | epoch: 016 | loss: 0.64314 - acc: 0.6711 -- iter: 192/564
[A[ATraining Step: 277  | total loss: [1m[32m0.64311[0m[0m | time: 7.468s
[2K
| Adam | epoch: 016 | loss: 0.64311 - acc: 0.6697 -- iter: 224/564
[A[ATraining Step: 278  | total loss: [1m[32m0.64534[0m[0m | time: 8.554s
[2K
| Adam | epoch: 016 | loss: 0.64534 - acc: 0.6589 -- iter: 256/564
[A[ATraining Step: 279  | total loss: [1m[32m0.64169[0m[0m | time: 9.635s
[2K
| Adam | epoch: 016 | loss: 0.64169 - acc: 0.6712 -- iter: 288/564
[A[ATraining Step: 280  | total loss: [1m[32m0.63927[0m[0m | time: 10.655s
[2K
| Adam | epoch: 016 | loss: 0.63927 - acc: 0.6728 -- iter: 320/564
[A[ATraining Step: 281  | total loss: [1m[32m0.64103[0m[0m | time: 11.988s
[2K
| Adam | epoch: 016 | loss: 0.64103 - acc: 0.6586 -- iter: 352/564
[A[ATraining Step: 282  | total loss: [1m[32m0.63209[0m[0m | time: 13.268s
[2K
| Adam | epoch: 016 | loss: 0.63209 - acc: 0.6678 -- iter: 384/564
[A[ATraining Step: 283  | total loss: [1m[32m0.62740[0m[0m | time: 18.317s
[2K
| Adam | epoch: 016 | loss: 0.62740 - acc: 0.6854 -- iter: 416/564
[A[ATraining Step: 284  | total loss: [1m[32m0.62478[0m[0m | time: 23.733s
[2K
| Adam | epoch: 016 | loss: 0.62478 - acc: 0.6793 -- iter: 448/564
[A[ATraining Step: 285  | total loss: [1m[32m0.62729[0m[0m | time: 27.419s
[2K
| Adam | epoch: 016 | loss: 0.62729 - acc: 0.6664 -- iter: 480/564
[A[ATraining Step: 286  | total loss: [1m[32m0.62223[0m[0m | time: 39.923s
[2K
| Adam | epoch: 016 | loss: 0.62223 - acc: 0.6748 -- iter: 512/564
[A[ATraining Step: 287  | total loss: [1m[32m0.61574[0m[0m | time: 44.514s
[2K
| Adam | epoch: 016 | loss: 0.61574 - acc: 0.6823 -- iter: 544/564
[A[ATraining Step: 288  | total loss: [1m[32m0.60884[0m[0m | time: 46.638s
[2K
| Adam | epoch: 016 | loss: 0.60884 - acc: 0.6859 | val_loss: 0.60732 - val_acc: 0.6384 -- iter: 564/564
--
Training Step: 289  | total loss: [1m[32m0.60068[0m[0m | time: 1.062s
[2K
| Adam | epoch: 017 | loss: 0.60068 - acc: 0.6892 -- iter: 032/564
[A[ATraining Step: 290  | total loss: [1m[32m0.58482[0m[0m | time: 2.131s
[2K
| Adam | epoch: 017 | loss: 0.58482 - acc: 0.7047 -- iter: 064/564
[A[ATraining Step: 291  | total loss: [1m[32m0.57722[0m[0m | time: 3.231s
[2K
| Adam | epoch: 017 | loss: 0.57722 - acc: 0.7061 -- iter: 096/564
[A[ATraining Step: 292  | total loss: [1m[32m0.56221[0m[0m | time: 4.004s
[2K
| Adam | epoch: 017 | loss: 0.56221 - acc: 0.7105 -- iter: 128/564
[A[ATraining Step: 293  | total loss: [1m[32m0.55842[0m[0m | time: 5.154s
[2K
| Adam | epoch: 017 | loss: 0.55842 - acc: 0.7082 -- iter: 160/564
[A[ATraining Step: 294  | total loss: [1m[32m0.55129[0m[0m | time: 6.005s
[2K
| Adam | epoch: 017 | loss: 0.55129 - acc: 0.7124 -- iter: 192/564
[A[ATraining Step: 295  | total loss: [1m[32m0.52801[0m[0m | time: 6.843s
[2K
| Adam | epoch: 017 | loss: 0.52801 - acc: 0.7317 -- iter: 224/564
[A[ATraining Step: 296  | total loss: [1m[32m0.52197[0m[0m | time: 7.799s
[2K
| Adam | epoch: 017 | loss: 0.52197 - acc: 0.7273 -- iter: 256/564
[A[ATraining Step: 297  | total loss: [1m[32m0.51241[0m[0m | time: 8.848s
[2K
| Adam | epoch: 017 | loss: 0.51241 - acc: 0.7327 -- iter: 288/564
[A[ATraining Step: 298  | total loss: [1m[32m0.50643[0m[0m | time: 9.850s
[2K
| Adam | epoch: 017 | loss: 0.50643 - acc: 0.7344 -- iter: 320/564
[A[ATraining Step: 299  | total loss: [1m[32m0.49349[0m[0m | time: 10.961s
[2K
| Adam | epoch: 017 | loss: 0.49349 - acc: 0.7391 -- iter: 352/564
[A[ATraining Step: 300  | total loss: [1m[32m0.48711[0m[0m | time: 12.017s
[2K
| Adam | epoch: 017 | loss: 0.48711 - acc: 0.7496 -- iter: 384/564
[A[ATraining Step: 301  | total loss: [1m[32m0.48588[0m[0m | time: 13.083s
[2K
| Adam | epoch: 017 | loss: 0.48588 - acc: 0.7496 -- iter: 416/564
[A[ATraining Step: 302  | total loss: [1m[32m0.48069[0m[0m | time: 14.662s
[2K
| Adam | epoch: 017 | loss: 0.48069 - acc: 0.7528 -- iter: 448/564
[A[ATraining Step: 303  | total loss: [1m[32m0.49412[0m[0m | time: 15.620s
[2K
| Adam | epoch: 017 | loss: 0.49412 - acc: 0.7494 -- iter: 480/564
[A[ATraining Step: 304  | total loss: [1m[32m0.53798[0m[0m | time: 16.427s
[2K
| Adam | epoch: 017 | loss: 0.53798 - acc: 0.7294 -- iter: 512/564
[A[ATraining Step: 305  | total loss: [1m[32m0.54258[0m[0m | time: 21.782s
[2K
| Adam | epoch: 017 | loss: 0.54258 - acc: 0.7315 -- iter: 544/564
[A[ATraining Step: 306  | total loss: [1m[32m0.54037[0m[0m | time: 35.275s
[2K
| Adam | epoch: 017 | loss: 0.54037 - acc: 0.7365 | val_loss: 0.65230 - val_acc: 0.6271 -- iter: 564/564
--
Training Step: 307  | total loss: [1m[32m0.54847[0m[0m | time: 1.194s
[2K
| Adam | epoch: 018 | loss: 0.54847 - acc: 0.7253 -- iter: 032/564
[A[ATraining Step: 308  | total loss: [1m[32m0.54477[0m[0m | time: 2.401s
[2K
| Adam | epoch: 018 | loss: 0.54477 - acc: 0.7309 -- iter: 064/564
[A[ATraining Step: 309  | total loss: [1m[32m0.53324[0m[0m | time: 3.633s
[2K
| Adam | epoch: 018 | loss: 0.53324 - acc: 0.7422 -- iter: 096/564
[A[ATraining Step: 310  | total loss: [1m[32m0.52846[0m[0m | time: 4.864s
[2K
| Adam | epoch: 018 | loss: 0.52846 - acc: 0.7524 -- iter: 128/564
[A[ATraining Step: 311  | total loss: [1m[32m0.51565[0m[0m | time: 6.231s
[2K
| Adam | epoch: 018 | loss: 0.51565 - acc: 0.7615 -- iter: 160/564
[A[ATraining Step: 312  | total loss: [1m[32m0.50484[0m[0m | time: 7.529s
[2K
| Adam | epoch: 018 | loss: 0.50484 - acc: 0.7728 -- iter: 192/564
[A[ATraining Step: 313  | total loss: [1m[32m0.51927[0m[0m | time: 8.699s
[2K
| Adam | epoch: 018 | loss: 0.51927 - acc: 0.7549 -- iter: 224/564
[A[ATraining Step: 314  | total loss: [1m[32m0.51201[0m[0m | time: 10.080s
[2K
| Adam | epoch: 018 | loss: 0.51201 - acc: 0.7638 -- iter: 256/564
[A[ATraining Step: 315  | total loss: [1m[32m0.49758[0m[0m | time: 11.485s
[2K
| Adam | epoch: 018 | loss: 0.49758 - acc: 0.7781 -- iter: 288/564
[A[ATraining Step: 316  | total loss: [1m[32m0.48691[0m[0m | time: 12.832s
[2K
| Adam | epoch: 018 | loss: 0.48691 - acc: 0.7846 -- iter: 320/564
[A[ATraining Step: 317  | total loss: [1m[32m0.47785[0m[0m | time: 14.073s
[2K
| Adam | epoch: 018 | loss: 0.47785 - acc: 0.7905 -- iter: 352/564
[A[ATraining Step: 318  | total loss: [1m[32m0.47835[0m[0m | time: 15.056s
[2K
| Adam | epoch: 018 | loss: 0.47835 - acc: 0.7834 -- iter: 384/564
[A[ATraining Step: 319  | total loss: [1m[32m0.47664[0m[0m | time: 15.913s
[2K
| Adam | epoch: 018 | loss: 0.47664 - acc: 0.7894 -- iter: 416/564
[A[ATraining Step: 320  | total loss: [1m[32m0.47822[0m[0m | time: 16.800s
[2K
| Adam | epoch: 018 | loss: 0.47822 - acc: 0.7886 -- iter: 448/564
[A[ATraining Step: 321  | total loss: [1m[32m0.47733[0m[0m | time: 17.672s
[2K
| Adam | epoch: 018 | loss: 0.47733 - acc: 0.7910 -- iter: 480/564
[A[ATraining Step: 322  | total loss: [1m[32m0.45884[0m[0m | time: 18.272s
[2K
| Adam | epoch: 018 | loss: 0.45884 - acc: 0.8056 -- iter: 512/564
[A[ATraining Step: 323  | total loss: [1m[32m0.44669[0m[0m | time: 18.748s
[2K
| Adam | epoch: 018 | loss: 0.44669 - acc: 0.8101 -- iter: 544/564
[A[ATraining Step: 324  | total loss: [1m[32m0.43124[0m[0m | time: 21.073s
[2K
| Adam | epoch: 018 | loss: 0.43124 - acc: 0.8141 | val_loss: 0.57903 - val_acc: 0.7345 -- iter: 564/564
--
Training Step: 325  | total loss: [1m[32m0.41426[0m[0m | time: 0.868s
[2K
| Adam | epoch: 019 | loss: 0.41426 - acc: 0.8233 -- iter: 032/564
[A[ATraining Step: 326  | total loss: [1m[32m0.39940[0m[0m | time: 1.721s
[2K
| Adam | epoch: 019 | loss: 0.39940 - acc: 0.8285 -- iter: 064/564
[A[ATraining Step: 327  | total loss: [1m[32m0.41813[0m[0m | time: 2.672s
[2K
| Adam | epoch: 019 | loss: 0.41813 - acc: 0.8175 -- iter: 096/564
[A[ATraining Step: 328  | total loss: [1m[32m0.40495[0m[0m | time: 3.557s
[2K
| Adam | epoch: 019 | loss: 0.40495 - acc: 0.8264 -- iter: 128/564
[A[ATraining Step: 329  | total loss: [1m[32m0.38714[0m[0m | time: 4.381s
[2K
| Adam | epoch: 019 | loss: 0.38714 - acc: 0.8406 -- iter: 160/564
[A[ATraining Step: 330  | total loss: [1m[32m0.37567[0m[0m | time: 5.202s
[2K
| Adam | epoch: 019 | loss: 0.37567 - acc: 0.8440 -- iter: 192/564
[A[ATraining Step: 331  | total loss: [1m[32m0.36262[0m[0m | time: 6.067s
[2K
| Adam | epoch: 019 | loss: 0.36262 - acc: 0.8503 -- iter: 224/564
[A[ATraining Step: 332  | total loss: [1m[32m0.35291[0m[0m | time: 6.923s
[2K
| Adam | epoch: 019 | loss: 0.35291 - acc: 0.8527 -- iter: 256/564
[A[ATraining Step: 333  | total loss: [1m[32m0.33545[0m[0m | time: 7.776s
[2K
| Adam | epoch: 019 | loss: 0.33545 - acc: 0.8612 -- iter: 288/564
[A[ATraining Step: 334  | total loss: [1m[32m0.34939[0m[0m | time: 8.610s
[2K
| Adam | epoch: 019 | loss: 0.34939 - acc: 0.8563 -- iter: 320/564
[A[ATraining Step: 335  | total loss: [1m[32m0.35290[0m[0m | time: 9.489s
[2K
| Adam | epoch: 019 | loss: 0.35290 - acc: 0.8551 -- iter: 352/564
[A[ATraining Step: 336  | total loss: [1m[32m0.36157[0m[0m | time: 10.286s
[2K
| Adam | epoch: 019 | loss: 0.36157 - acc: 0.8508 -- iter: 384/564
[A[ATraining Step: 337  | total loss: [1m[32m0.35567[0m[0m | time: 11.114s
[2K
| Adam | epoch: 019 | loss: 0.35567 - acc: 0.8501 -- iter: 416/564
[A[ATraining Step: 338  | total loss: [1m[32m0.36776[0m[0m | time: 12.175s
[2K
| Adam | epoch: 019 | loss: 0.36776 - acc: 0.8432 -- iter: 448/564
[A[ATraining Step: 339  | total loss: [1m[32m0.35216[0m[0m | time: 13.560s
[2K
| Adam | epoch: 019 | loss: 0.35216 - acc: 0.8558 -- iter: 480/564
[A[ATraining Step: 340  | total loss: [1m[32m0.35531[0m[0m | time: 14.970s
[2K
| Adam | epoch: 019 | loss: 0.35531 - acc: 0.8577 -- iter: 512/564
[A[ATraining Step: 341  | total loss: [1m[32m0.34918[0m[0m | time: 18.585s
[2K
| Adam | epoch: 019 | loss: 0.34918 - acc: 0.8563 -- iter: 544/564
[A[ATraining Step: 342  | total loss: [1m[32m0.32736[0m[0m | time: 55.203s
[2K
| Adam | epoch: 019 | loss: 0.32736 - acc: 0.8657 | val_loss: 0.58166 - val_acc: 0.7345 -- iter: 564/564
--
Training Step: 343  | total loss: [1m[32m0.30773[0m[0m | time: 5.199s
[2K
| Adam | epoch: 020 | loss: 0.30773 - acc: 0.8791 -- iter: 032/564
[A[ATraining Step: 344  | total loss: [1m[32m0.31136[0m[0m | time: 6.305s
[2K
| Adam | epoch: 020 | loss: 0.31136 - acc: 0.8693 -- iter: 064/564
[A[ATraining Step: 345  | total loss: [1m[32m0.32243[0m[0m | time: 7.493s
[2K
| Adam | epoch: 020 | loss: 0.32243 - acc: 0.8636 -- iter: 096/564
[A[ATraining Step: 346  | total loss: [1m[32m0.33245[0m[0m | time: 8.799s
[2K
| Adam | epoch: 020 | loss: 0.33245 - acc: 0.8492 -- iter: 128/564
[A[ATraining Step: 347  | total loss: [1m[32m0.32589[0m[0m | time: 10.091s
[2K
| Adam | epoch: 020 | loss: 0.32589 - acc: 0.8549 -- iter: 160/564
[A[ATraining Step: 348  | total loss: [1m[32m0.31456[0m[0m | time: 11.645s
[2K
| Adam | epoch: 020 | loss: 0.31456 - acc: 0.8631 -- iter: 192/564
[A[ATraining Step: 349  | total loss: [1m[32m0.30446[0m[0m | time: 12.823s
[2K
| Adam | epoch: 020 | loss: 0.30446 - acc: 0.8706 -- iter: 224/564
[A[ATraining Step: 350  | total loss: [1m[32m0.30131[0m[0m | time: 14.044s
[2K
| Adam | epoch: 020 | loss: 0.30131 - acc: 0.8741 -- iter: 256/564
[A[ATraining Step: 351  | total loss: [1m[32m0.29619[0m[0m | time: 15.412s
[2K
| Adam | epoch: 020 | loss: 0.29619 - acc: 0.8773 -- iter: 288/564
[A[ATraining Step: 352  | total loss: [1m[32m0.28081[0m[0m | time: 16.861s
[2K
| Adam | epoch: 020 | loss: 0.28081 - acc: 0.8865 -- iter: 320/564
[A[ATraining Step: 353  | total loss: [1m[32m0.27028[0m[0m | time: 18.209s
[2K
| Adam | epoch: 020 | loss: 0.27028 - acc: 0.8916 -- iter: 352/564
[A[ATraining Step: 354  | total loss: [1m[32m0.26291[0m[0m | time: 20.955s
[2K
| Adam | epoch: 020 | loss: 0.26291 - acc: 0.8962 -- iter: 384/564
[A[ATraining Step: 355  | total loss: [1m[32m0.24918[0m[0m | time: 29.019s
[2K
| Adam | epoch: 020 | loss: 0.24918 - acc: 0.9034 -- iter: 416/564
[A[ATraining Step: 356  | total loss: [1m[32m0.24361[0m[0m | time: 33.017s
[2K
| Adam | epoch: 020 | loss: 0.24361 - acc: 0.9068 -- iter: 448/564
[A[ATraining Step: 357  | total loss: [1m[32m0.23389[0m[0m | time: 34.174s
[2K
| Adam | epoch: 020 | loss: 0.23389 - acc: 0.9099 -- iter: 480/564
[A[ATraining Step: 358  | total loss: [1m[32m0.22768[0m[0m | time: 35.338s
[2K
| Adam | epoch: 020 | loss: 0.22768 - acc: 0.9127 -- iter: 512/564
[A[ATraining Step: 359  | total loss: [1m[32m0.23123[0m[0m | time: 36.515s
[2K
| Adam | epoch: 020 | loss: 0.23123 - acc: 0.9120 -- iter: 544/564
[A[ATraining Step: 360  | total loss: [1m[32m0.21800[0m[0m | time: 38.756s
[2K
| Adam | epoch: 020 | loss: 0.21800 - acc: 0.9177 | val_loss: 0.69688 - val_acc: 0.7571 -- iter: 564/564
--
Training Step: 361  | total loss: [1m[32m0.21487[0m[0m | time: 0.902s
[2K
| Adam | epoch: 021 | loss: 0.21487 - acc: 0.9159 -- iter: 032/564
[A[ATraining Step: 362  | total loss: [1m[32m0.19981[0m[0m | time: 2.107s
[2K
| Adam | epoch: 021 | loss: 0.19981 - acc: 0.9243 -- iter: 064/564
[A[ATraining Step: 363  | total loss: [1m[32m0.20271[0m[0m | time: 3.607s
[2K
| Adam | epoch: 021 | loss: 0.20271 - acc: 0.9225 -- iter: 096/564
[A[ATraining Step: 364  | total loss: [1m[32m0.19191[0m[0m | time: 4.869s
[2K
| Adam | epoch: 021 | loss: 0.19191 - acc: 0.9271 -- iter: 128/564
[A[ATraining Step: 365  | total loss: [1m[32m0.20547[0m[0m | time: 6.133s
[2K
| Adam | epoch: 021 | loss: 0.20547 - acc: 0.9188 -- iter: 160/564
[A[ATraining Step: 366  | total loss: [1m[32m0.20289[0m[0m | time: 17.421s
[2K
| Adam | epoch: 021 | loss: 0.20289 - acc: 0.9207 -- iter: 192/564
[A[ATraining Step: 367  | total loss: [1m[32m0.22437[0m[0m | time: 27.593s
[2K
| Adam | epoch: 021 | loss: 0.22437 - acc: 0.9130 -- iter: 224/564
[A[ATraining Step: 368  | total loss: [1m[32m0.21916[0m[0m | time: 39.285s
[2K
| Adam | epoch: 021 | loss: 0.21916 - acc: 0.9092 -- iter: 256/564
[A[ATraining Step: 369  | total loss: [1m[32m0.21166[0m[0m | time: 54.794s
[2K
| Adam | epoch: 021 | loss: 0.21166 - acc: 0.9120 -- iter: 288/564
[A[ATraining Step: 370  | total loss: [1m[32m0.20736[0m[0m | time: 64.539s
[2K
| Adam | epoch: 021 | loss: 0.20736 - acc: 0.9114 -- iter: 320/564
[A[ATraining Step: 371  | total loss: [1m[32m0.20154[0m[0m | time: 68.688s
[2K
| Adam | epoch: 021 | loss: 0.20154 - acc: 0.9140 -- iter: 352/564
[A[ATraining Step: 372  | total loss: [1m[32m0.18986[0m[0m | time: 69.847s
[2K
| Adam | epoch: 021 | loss: 0.18986 - acc: 0.9226 -- iter: 384/564
[A[ATraining Step: 373  | total loss: [1m[32m0.18219[0m[0m | time: 71.119s
[2K
| Adam | epoch: 021 | loss: 0.18219 - acc: 0.9241 -- iter: 416/564
[A[ATraining Step: 374  | total loss: [1m[32m0.17720[0m[0m | time: 72.424s
[2K
| Adam | epoch: 021 | loss: 0.17720 - acc: 0.9286 -- iter: 448/564
[A[ATraining Step: 375  | total loss: [1m[32m0.16706[0m[0m | time: 73.842s
[2K
| Adam | epoch: 021 | loss: 0.16706 - acc: 0.9357 -- iter: 480/564
[A[ATraining Step: 376  | total loss: [1m[32m0.17198[0m[0m | time: 75.312s
[2K
| Adam | epoch: 021 | loss: 0.17198 - acc: 0.9359 -- iter: 512/564
[A[ATraining Step: 377  | total loss: [1m[32m0.16977[0m[0m | time: 76.664s
[2K
| Adam | epoch: 021 | loss: 0.16977 - acc: 0.9329 -- iter: 544/564
[A[ATraining Step: 378  | total loss: [1m[32m0.16022[0m[0m | time: 79.420s
[2K
| Adam | epoch: 021 | loss: 0.16022 - acc: 0.9365 | val_loss: 0.65654 - val_acc: 0.7853 -- iter: 564/564
--
Training Step: 379  | total loss: [1m[32m0.15321[0m[0m | time: 0.896s
[2K
| Adam | epoch: 022 | loss: 0.15321 - acc: 0.9397 -- iter: 032/564
[A[ATraining Step: 380  | total loss: [1m[32m0.14232[0m[0m | time: 7.531s
[2K
| Adam | epoch: 022 | loss: 0.14232 - acc: 0.9458 -- iter: 064/564
[A[ATraining Step: 381  | total loss: [1m[32m0.13012[0m[0m | time: 10.584s
[2K
| Adam | epoch: 022 | loss: 0.13012 - acc: 0.9512 -- iter: 096/564
[A[ATraining Step: 382  | total loss: [1m[32m0.12733[0m[0m | time: 21.425s
[2K
| Adam | epoch: 022 | loss: 0.12733 - acc: 0.9529 -- iter: 128/564
[A[ATraining Step: 383  | total loss: [1m[32m0.12300[0m[0m | time: 36.691s
[2K
| Adam | epoch: 022 | loss: 0.12300 - acc: 0.9545 -- iter: 160/564
[A[ATraining Step: 384  | total loss: [1m[32m0.14413[0m[0m | time: 48.938s
[2K
| Adam | epoch: 022 | loss: 0.14413 - acc: 0.9497 -- iter: 192/564
[A[ATraining Step: 385  | total loss: [1m[32m0.13138[0m[0m | time: 50.056s
[2K
| Adam | epoch: 022 | loss: 0.13138 - acc: 0.9547 -- iter: 224/564
[A[ATraining Step: 386  | total loss: [1m[32m0.17386[0m[0m | time: 51.218s
[2K
| Adam | epoch: 022 | loss: 0.17386 - acc: 0.9499 -- iter: 256/564
[A[ATraining Step: 387  | total loss: [1m[32m0.15778[0m[0m | time: 52.425s
[2K
| Adam | epoch: 022 | loss: 0.15778 - acc: 0.9549 -- iter: 288/564
[A[ATraining Step: 388  | total loss: [1m[32m0.15223[0m[0m | time: 53.612s
[2K
| Adam | epoch: 022 | loss: 0.15223 - acc: 0.9532 -- iter: 320/564
[A[ATraining Step: 389  | total loss: [1m[32m0.13887[0m[0m | time: 54.884s
[2K
| Adam | epoch: 022 | loss: 0.13887 - acc: 0.9578 -- iter: 352/564
[A[ATraining Step: 390  | total loss: [1m[32m0.12917[0m[0m | time: 56.176s
[2K
| Adam | epoch: 022 | loss: 0.12917 - acc: 0.9621 -- iter: 384/564
[A[ATraining Step: 391  | total loss: [1m[32m0.13563[0m[0m | time: 57.456s
[2K
| Adam | epoch: 022 | loss: 0.13563 - acc: 0.9596 -- iter: 416/564
[A[ATraining Step: 392  | total loss: [1m[32m0.12529[0m[0m | time: 58.734s
[2K
| Adam | epoch: 022 | loss: 0.12529 - acc: 0.9636 -- iter: 448/564
[A[ATraining Step: 393  | total loss: [1m[32m0.12061[0m[0m | time: 60.176s
[2K
| Adam | epoch: 022 | loss: 0.12061 - acc: 0.9642 -- iter: 480/564
[A[ATraining Step: 394  | total loss: [1m[32m0.12227[0m[0m | time: 61.433s
[2K
| Adam | epoch: 022 | loss: 0.12227 - acc: 0.9646 -- iter: 512/564
[A[ATraining Step: 395  | total loss: [1m[32m0.11323[0m[0m | time: 65.220s
[2K
| Adam | epoch: 022 | loss: 0.11323 - acc: 0.9682 -- iter: 544/564
[A[ATraining Step: 396  | total loss: [1m[32m0.10514[0m[0m | time: 91.391s
[2K
| Adam | epoch: 022 | loss: 0.10514 - acc: 0.9713 | val_loss: 0.77070 - val_acc: 0.7797 -- iter: 564/564
--
Training Step: 397  | total loss: [1m[32m0.10454[0m[0m | time: 1.242s
[2K
| Adam | epoch: 023 | loss: 0.10454 - acc: 0.9680 -- iter: 032/564
[A[ATraining Step: 398  | total loss: [1m[32m0.09780[0m[0m | time: 1.993s
[2K
| Adam | epoch: 023 | loss: 0.09780 - acc: 0.9712 -- iter: 064/564
[A[ATraining Step: 399  | total loss: [1m[32m0.09543[0m[0m | time: 2.737s
[2K
| Adam | epoch: 023 | loss: 0.09543 - acc: 0.9740 -- iter: 096/564
[A[ATraining Step: 400  | total loss: [1m[32m0.08777[0m[0m | time: 5.295s
[2K
| Adam | epoch: 023 | loss: 0.08777 - acc: 0.9766 | val_loss: 0.89765 - val_acc: 0.7627 -- iter: 128/564
--
Training Step: 401  | total loss: [1m[32m0.08883[0m[0m | time: 6.610s
[2K
| Adam | epoch: 023 | loss: 0.08883 - acc: 0.9758 -- iter: 160/564
[A[ATraining Step: 402  | total loss: [1m[32m0.08087[0m[0m | time: 7.818s
[2K
| Adam | epoch: 023 | loss: 0.08087 - acc: 0.9783 -- iter: 192/564
[A[ATraining Step: 403  | total loss: [1m[32m0.10176[0m[0m | time: 9.064s
[2K
| Adam | epoch: 023 | loss: 0.10176 - acc: 0.9711 -- iter: 224/564
[A[ATraining Step: 404  | total loss: [1m[32m0.09386[0m[0m | time: 10.610s
[2K
| Adam | epoch: 023 | loss: 0.09386 - acc: 0.9740 -- iter: 256/564
[A[ATraining Step: 405  | total loss: [1m[32m0.13155[0m[0m | time: 12.017s
[2K
| Adam | epoch: 023 | loss: 0.13155 - acc: 0.9703 -- iter: 288/564
[A[ATraining Step: 406  | total loss: [1m[32m0.14410[0m[0m | time: 13.631s
[2K
| Adam | epoch: 023 | loss: 0.14410 - acc: 0.9639 -- iter: 320/564
[A[ATraining Step: 407  | total loss: [1m[32m0.13455[0m[0m | time: 16.210s
[2K
| Adam | epoch: 023 | loss: 0.13455 - acc: 0.9644 -- iter: 352/564
[A[ATraining Step: 408  | total loss: [1m[32m0.12468[0m[0m | time: 17.412s
[2K
| Adam | epoch: 023 | loss: 0.12468 - acc: 0.9679 -- iter: 384/564
[A[ATraining Step: 409  | total loss: [1m[32m0.12083[0m[0m | time: 18.627s
[2K
| Adam | epoch: 023 | loss: 0.12083 - acc: 0.9680 -- iter: 416/564
[A[ATraining Step: 410  | total loss: [1m[32m0.11185[0m[0m | time: 19.853s
[2K
| Adam | epoch: 023 | loss: 0.11185 - acc: 0.9712 -- iter: 448/564
[A[ATraining Step: 411  | total loss: [1m[32m0.10266[0m[0m | time: 21.164s
[2K
| Adam | epoch: 023 | loss: 0.10266 - acc: 0.9741 -- iter: 480/564
[A[ATraining Step: 412  | total loss: [1m[32m0.09517[0m[0m | time: 22.567s
[2K
| Adam | epoch: 023 | loss: 0.09517 - acc: 0.9767 -- iter: 512/564
[A[ATraining Step: 413  | total loss: [1m[32m0.08795[0m[0m | time: 23.925s
[2K
| Adam | epoch: 023 | loss: 0.08795 - acc: 0.9790 -- iter: 544/564
[A[ATraining Step: 414  | total loss: [1m[32m0.12508[0m[0m | time: 26.229s
[2K
| Adam | epoch: 023 | loss: 0.12508 - acc: 0.9686 | val_loss: 0.75418 - val_acc: 0.7627 -- iter: 564/564
--
Training Step: 415  | total loss: [1m[32m0.11907[0m[0m | time: 1.119s
[2K
| Adam | epoch: 024 | loss: 0.11907 - acc: 0.9655 -- iter: 032/564
[A[ATraining Step: 416  | total loss: [1m[32m0.10881[0m[0m | time: 2.273s
[2K
| Adam | epoch: 024 | loss: 0.10881 - acc: 0.9690 -- iter: 064/564
[A[ATraining Step: 417  | total loss: [1m[32m0.11097[0m[0m | time: 3.046s
[2K
| Adam | epoch: 024 | loss: 0.11097 - acc: 0.9689 -- iter: 096/564
[A[ATraining Step: 418  | total loss: [1m[32m0.10118[0m[0m | time: 3.849s
[2K
| Adam | epoch: 024 | loss: 0.10118 - acc: 0.9720 -- iter: 128/564
[A[ATraining Step: 419  | total loss: [1m[32m0.09249[0m[0m | time: 5.060s
[2K
| Adam | epoch: 024 | loss: 0.09249 - acc: 0.9748 -- iter: 160/564
[A[ATraining Step: 420  | total loss: [1m[32m0.08627[0m[0m | time: 6.079s
[2K
| Adam | epoch: 024 | loss: 0.08627 - acc: 0.9774 -- iter: 192/564
[A[ATraining Step: 421  | total loss: [1m[32m0.08759[0m[0m | time: 7.171s
[2K
| Adam | epoch: 024 | loss: 0.08759 - acc: 0.9734 -- iter: 224/564
[A[ATraining Step: 422  | total loss: [1m[32m0.08049[0m[0m | time: 8.230s
[2K
| Adam | epoch: 024 | loss: 0.08049 - acc: 0.9760 -- iter: 256/564
[A[ATraining Step: 423  | total loss: [1m[32m0.07614[0m[0m | time: 9.571s
[2K
| Adam | epoch: 024 | loss: 0.07614 - acc: 0.9784 -- iter: 288/564
[A[ATraining Step: 424  | total loss: [1m[32m0.09546[0m[0m | time: 10.907s
[2K
| Adam | epoch: 024 | loss: 0.09546 - acc: 0.9775 -- iter: 320/564
[A[ATraining Step: 425  | total loss: [1m[32m0.09362[0m[0m | time: 12.316s
[2K
| Adam | epoch: 024 | loss: 0.09362 - acc: 0.9766 -- iter: 352/564
[A[ATraining Step: 426  | total loss: [1m[32m0.09193[0m[0m | time: 13.727s
[2K
| Adam | epoch: 024 | loss: 0.09193 - acc: 0.9758 -- iter: 384/564
[A[ATraining Step: 427  | total loss: [1m[32m0.08735[0m[0m | time: 14.854s
[2K
| Adam | epoch: 024 | loss: 0.08735 - acc: 0.9751 -- iter: 416/564
[A[ATraining Step: 428  | total loss: [1m[32m0.08022[0m[0m | time: 15.716s
[2K
| Adam | epoch: 024 | loss: 0.08022 - acc: 0.9776 -- iter: 448/564
[A[ATraining Step: 429  | total loss: [1m[32m0.08258[0m[0m | time: 16.607s
[2K
| Adam | epoch: 024 | loss: 0.08258 - acc: 0.9767 -- iter: 480/564
[A[ATraining Step: 430  | total loss: [1m[32m0.08874[0m[0m | time: 17.436s
[2K
| Adam | epoch: 024 | loss: 0.08874 - acc: 0.9697 -- iter: 512/564
[A[ATraining Step: 431  | total loss: [1m[32m0.08150[0m[0m | time: 18.357s
[2K
| Adam | epoch: 024 | loss: 0.08150 - acc: 0.9727 -- iter: 544/564
[A[ATraining Step: 432  | total loss: [1m[32m0.09410[0m[0m | time: 20.227s
[2K
| Adam | epoch: 024 | loss: 0.09410 - acc: 0.9723 | val_loss: 0.78531 - val_acc: 0.7684 -- iter: 564/564
--
Training Step: 433  | total loss: [1m[32m0.09879[0m[0m | time: 0.826s
[2K
| Adam | epoch: 025 | loss: 0.09879 - acc: 0.9719 -- iter: 032/564
[A[ATraining Step: 434  | total loss: [1m[32m0.09864[0m[0m | time: 1.656s
[2K
| Adam | epoch: 025 | loss: 0.09864 - acc: 0.9716 -- iter: 064/564
[A[ATraining Step: 435  | total loss: [1m[32m0.10171[0m[0m | time: 2.508s
[2K
| Adam | epoch: 025 | loss: 0.10171 - acc: 0.9651 -- iter: 096/564
[A[ATraining Step: 436  | total loss: [1m[32m0.09398[0m[0m | time: 3.073s
[2K
| Adam | epoch: 025 | loss: 0.09398 - acc: 0.9686 -- iter: 128/564
[A[ATraining Step: 437  | total loss: [1m[32m0.08650[0m[0m | time: 3.643s
[2K
| Adam | epoch: 025 | loss: 0.08650 - acc: 0.9717 -- iter: 160/564
[A[ATraining Step: 438  | total loss: [1m[32m0.07971[0m[0m | time: 4.545s
[2K
| Adam | epoch: 025 | loss: 0.07971 - acc: 0.9745 -- iter: 192/564
[A[ATraining Step: 439  | total loss: [1m[32m0.07520[0m[0m | time: 5.423s
[2K
| Adam | epoch: 025 | loss: 0.07520 - acc: 0.9771 -- iter: 224/564
[A[ATraining Step: 440  | total loss: [1m[32m0.07192[0m[0m | time: 6.232s
[2K
| Adam | epoch: 025 | loss: 0.07192 - acc: 0.9763 -- iter: 256/564
[A[ATraining Step: 441  | total loss: [1m[32m0.06712[0m[0m | time: 7.061s
[2K
| Adam | epoch: 025 | loss: 0.06712 - acc: 0.9786 -- iter: 288/564
[A[ATraining Step: 442  | total loss: [1m[32m0.06817[0m[0m | time: 7.891s
[2K
| Adam | epoch: 025 | loss: 0.06817 - acc: 0.9776 -- iter: 320/564
[A[ATraining Step: 443  | total loss: [1m[32m0.09089[0m[0m | time: 8.745s
[2K
| Adam | epoch: 025 | loss: 0.09089 - acc: 0.9736 -- iter: 352/564
[A[ATraining Step: 444  | total loss: [1m[32m0.08412[0m[0m | time: 9.634s
[2K
| Adam | epoch: 025 | loss: 0.08412 - acc: 0.9763 -- iter: 384/564
[A[ATraining Step: 445  | total loss: [1m[32m0.07821[0m[0m | time: 10.475s
[2K
| Adam | epoch: 025 | loss: 0.07821 - acc: 0.9786 -- iter: 416/564
[A[ATraining Step: 446  | total loss: [1m[32m0.07260[0m[0m | time: 11.354s
[2K
| Adam | epoch: 025 | loss: 0.07260 - acc: 0.9808 -- iter: 448/564
[A[ATraining Step: 447  | total loss: [1m[32m0.07084[0m[0m | time: 12.155s
[2K
| Adam | epoch: 025 | loss: 0.07084 - acc: 0.9827 -- iter: 480/564
[A[ATraining Step: 448  | total loss: [1m[32m0.06742[0m[0m | time: 13.400s
[2K
| Adam | epoch: 025 | loss: 0.06742 - acc: 0.9844 -- iter: 512/564
[A[ATraining Step: 449  | total loss: [1m[32m0.07044[0m[0m | time: 14.744s
[2K
| Adam | epoch: 025 | loss: 0.07044 - acc: 0.9797 -- iter: 544/564
[A[ATraining Step: 450  | total loss: [1m[32m0.06468[0m[0m | time: 47.775s
[2K
| Adam | epoch: 025 | loss: 0.06468 - acc: 0.9818 | val_loss: 0.81671 - val_acc: 0.7797 -- iter: 564/564
--
Training Step: 451  | total loss: [1m[32m0.07956[0m[0m | time: 6.849s
[2K
| Adam | epoch: 026 | loss: 0.07956 - acc: 0.9773 -- iter: 032/564
[A[ATraining Step: 452  | total loss: [1m[32m0.07394[0m[0m | time: 7.829s
[2K
| Adam | epoch: 026 | loss: 0.07394 - acc: 0.9796 -- iter: 064/564
[A[ATraining Step: 453  | total loss: [1m[32m0.06792[0m[0m | time: 9.014s
[2K
| Adam | epoch: 026 | loss: 0.06792 - acc: 0.9816 -- iter: 096/564
[A[ATraining Step: 454  | total loss: [1m[32m0.07616[0m[0m | time: 10.311s
[2K
| Adam | epoch: 026 | loss: 0.07616 - acc: 0.9772 -- iter: 128/564
[A[ATraining Step: 455  | total loss: [1m[32m0.08040[0m[0m | time: 11.093s
[2K
| Adam | epoch: 026 | loss: 0.08040 - acc: 0.9733 -- iter: 160/564
[A[ATraining Step: 456  | total loss: [1m[32m0.07888[0m[0m | time: 11.924s
[2K
| Adam | epoch: 026 | loss: 0.07888 - acc: 0.9709 -- iter: 192/564
[A[ATraining Step: 457  | total loss: [1m[32m0.07347[0m[0m | time: 13.087s
[2K
| Adam | epoch: 026 | loss: 0.07347 - acc: 0.9738 -- iter: 224/564
[A[ATraining Step: 458  | total loss: [1m[32m0.07363[0m[0m | time: 14.445s
[2K
| Adam | epoch: 026 | loss: 0.07363 - acc: 0.9733 -- iter: 256/564
[A[ATraining Step: 459  | total loss: [1m[32m0.06969[0m[0m | time: 15.593s
[2K
| Adam | epoch: 026 | loss: 0.06969 - acc: 0.9729 -- iter: 288/564
[A[ATraining Step: 460  | total loss: [1m[32m0.06744[0m[0m | time: 17.070s
[2K
| Adam | epoch: 026 | loss: 0.06744 - acc: 0.9725 -- iter: 320/564
[A[ATraining Step: 461  | total loss: [1m[32m0.06517[0m[0m | time: 18.554s
[2K
| Adam | epoch: 026 | loss: 0.06517 - acc: 0.9721 -- iter: 352/564
[A[ATraining Step: 462  | total loss: [1m[32m0.08131[0m[0m | time: 19.847s
[2K
| Adam | epoch: 026 | loss: 0.08131 - acc: 0.9686 -- iter: 384/564
[A[ATraining Step: 463  | total loss: [1m[32m0.09990[0m[0m | time: 26.768s
[2K
| Adam | epoch: 026 | loss: 0.09990 - acc: 0.9561 -- iter: 416/564
[A[ATraining Step: 464  | total loss: [1m[32m0.09917[0m[0m | time: 30.336s
[2K
| Adam | epoch: 026 | loss: 0.09917 - acc: 0.9574 -- iter: 448/564
[A[ATraining Step: 465  | total loss: [1m[32m0.10308[0m[0m | time: 31.419s
[2K
| Adam | epoch: 026 | loss: 0.10308 - acc: 0.9585 -- iter: 480/564
[A[ATraining Step: 466  | total loss: [1m[32m0.11582[0m[0m | time: 32.693s
[2K
| Adam | epoch: 026 | loss: 0.11582 - acc: 0.9596 -- iter: 512/564
[A[ATraining Step: 467  | total loss: [1m[32m0.11416[0m[0m | time: 33.940s
[2K
| Adam | epoch: 026 | loss: 0.11416 - acc: 0.9605 -- iter: 544/564
[A[ATraining Step: 468  | total loss: [1m[32m0.14855[0m[0m | time: 36.551s
[2K
| Adam | epoch: 026 | loss: 0.14855 - acc: 0.9488 | val_loss: 0.86824 - val_acc: 0.7401 -- iter: 564/564
--
Training Step: 469  | total loss: [1m[32m0.15128[0m[0m | time: 1.266s
[2K
| Adam | epoch: 027 | loss: 0.15128 - acc: 0.9477 -- iter: 032/564
[A[ATraining Step: 470  | total loss: [1m[32m0.15734[0m[0m | time: 2.336s
[2K
| Adam | epoch: 027 | loss: 0.15734 - acc: 0.9467 -- iter: 064/564
[A[ATraining Step: 471  | total loss: [1m[32m0.14471[0m[0m | time: 3.753s
[2K
| Adam | epoch: 027 | loss: 0.14471 - acc: 0.9520 -- iter: 096/564
[A[ATraining Step: 472  | total loss: [1m[32m0.14369[0m[0m | time: 5.159s
[2K
| Adam | epoch: 027 | loss: 0.14369 - acc: 0.9537 -- iter: 128/564
[A[ATraining Step: 473  | total loss: [1m[32m0.14072[0m[0m | time: 6.256s
[2K
| Adam | epoch: 027 | loss: 0.14072 - acc: 0.9521 -- iter: 160/564
[A[ATraining Step: 474  | total loss: [1m[32m0.13131[0m[0m | time: 8.737s
[2K
| Adam | epoch: 027 | loss: 0.13131 - acc: 0.9568 -- iter: 192/564
[A[ATraining Step: 475  | total loss: [1m[32m0.13289[0m[0m | time: 11.396s
[2K
| Adam | epoch: 027 | loss: 0.13289 - acc: 0.9562 -- iter: 224/564
[A[ATraining Step: 476  | total loss: [1m[32m0.12702[0m[0m | time: 14.252s
[2K
| Adam | epoch: 027 | loss: 0.12702 - acc: 0.9555 -- iter: 256/564
[A[ATraining Step: 477  | total loss: [1m[32m0.11980[0m[0m | time: 19.582s
[2K
| Adam | epoch: 027 | loss: 0.11980 - acc: 0.9600 -- iter: 288/564
[A[ATraining Step: 478  | total loss: [1m[32m0.13289[0m[0m | time: 25.473s
[2K
| Adam | epoch: 027 | loss: 0.13289 - acc: 0.9452 -- iter: 320/564
[A[ATraining Step: 479  | total loss: [1m[32m0.13096[0m[0m | time: 26.510s
[2K
| Adam | epoch: 027 | loss: 0.13096 - acc: 0.9476 -- iter: 352/564
[A[ATraining Step: 480  | total loss: [1m[32m0.12458[0m[0m | time: 27.834s
[2K
| Adam | epoch: 027 | loss: 0.12458 - acc: 0.9497 -- iter: 384/564
[A[ATraining Step: 481  | total loss: [1m[32m0.11536[0m[0m | time: 29.152s
[2K
| Adam | epoch: 027 | loss: 0.11536 - acc: 0.9547 -- iter: 416/564
[A[ATraining Step: 482  | total loss: [1m[32m0.10712[0m[0m | time: 30.384s
[2K
| Adam | epoch: 027 | loss: 0.10712 - acc: 0.9593 -- iter: 448/564
[A[ATraining Step: 483  | total loss: [1m[32m0.10135[0m[0m | time: 31.720s
[2K
| Adam | epoch: 027 | loss: 0.10135 - acc: 0.9633 -- iter: 480/564
[A[ATraining Step: 484  | total loss: [1m[32m0.09458[0m[0m | time: 33.066s
[2K
| Adam | epoch: 027 | loss: 0.09458 - acc: 0.9670 -- iter: 512/564
[A[ATraining Step: 485  | total loss: [1m[32m0.08972[0m[0m | time: 34.334s
[2K
| Adam | epoch: 027 | loss: 0.08972 - acc: 0.9703 -- iter: 544/564
[A[ATraining Step: 486  | total loss: [1m[32m0.08196[0m[0m | time: 37.172s
[2K
| Adam | epoch: 027 | loss: 0.08196 - acc: 0.9733 | val_loss: 0.88248 - val_acc: 0.7458 -- iter: 564/564
--
Training Step: 487  | total loss: [1m[32m0.07867[0m[0m | time: 1.245s
[2K
| Adam | epoch: 028 | loss: 0.07867 - acc: 0.9759 -- iter: 032/564
[A[ATraining Step: 488  | total loss: [1m[32m0.08820[0m[0m | time: 2.298s
[2K
| Adam | epoch: 028 | loss: 0.08820 - acc: 0.9721 -- iter: 064/564
[A[ATraining Step: 489  | total loss: [1m[32m0.08252[0m[0m | time: 6.356s
[2K
| Adam | epoch: 028 | loss: 0.08252 - acc: 0.9749 -- iter: 096/564
[A[ATraining Step: 490  | total loss: [1m[32m0.07789[0m[0m | time: 14.609s
[2K
| Adam | epoch: 028 | loss: 0.07789 - acc: 0.9774 -- iter: 128/564
[A[ATraining Step: 491  | total loss: [1m[32m0.07201[0m[0m | time: 23.465s
[2K
| Adam | epoch: 028 | loss: 0.07201 - acc: 0.9797 -- iter: 160/564
[A[ATraining Step: 492  | total loss: [1m[32m0.06579[0m[0m | time: 24.585s
[2K
| Adam | epoch: 028 | loss: 0.06579 - acc: 0.9817 -- iter: 192/564
[A[ATraining Step: 493  | total loss: [1m[32m0.07177[0m[0m | time: 25.421s
[2K
| Adam | epoch: 028 | loss: 0.07177 - acc: 0.9804 -- iter: 224/564
[A[ATraining Step: 494  | total loss: [1m[32m0.06650[0m[0m | time: 26.193s
[2K
| Adam | epoch: 028 | loss: 0.06650 - acc: 0.9824 -- iter: 256/564
[A[ATraining Step: 495  | total loss: [1m[32m0.06019[0m[0m | time: 27.410s
[2K
| Adam | epoch: 028 | loss: 0.06019 - acc: 0.9841 -- iter: 288/564
[A[ATraining Step: 496  | total loss: [1m[32m0.05510[0m[0m | time: 28.535s
[2K
| Adam | epoch: 028 | loss: 0.05510 - acc: 0.9857 -- iter: 320/564
[A[ATraining Step: 497  | total loss: [1m[32m0.06275[0m[0m | time: 29.789s
[2K
| Adam | epoch: 028 | loss: 0.06275 - acc: 0.9840 -- iter: 352/564
[A[ATraining Step: 498  | total loss: [1m[32m0.06846[0m[0m | time: 31.166s
[2K
| Adam | epoch: 028 | loss: 0.06846 - acc: 0.9825 -- iter: 384/564
[A[ATraining Step: 499  | total loss: [1m[32m0.07414[0m[0m | time: 32.322s
[2K
| Adam | epoch: 028 | loss: 0.07414 - acc: 0.9780 -- iter: 416/564
[A[ATraining Step: 500  | total loss: [1m[32m0.10622[0m[0m | time: 33.730s
[2K
| Adam | epoch: 028 | loss: 0.10622 - acc: 0.9739 -- iter: 448/564
[A[ATraining Step: 501  | total loss: [1m[32m0.09876[0m[0m | time: 34.994s
[2K
| Adam | epoch: 028 | loss: 0.09876 - acc: 0.9734 -- iter: 480/564
[A[ATraining Step: 502  | total loss: [1m[32m0.09474[0m[0m | time: 36.338s
[2K
| Adam | epoch: 028 | loss: 0.09474 - acc: 0.9730 -- iter: 512/564
[A[ATraining Step: 503  | total loss: [1m[32m0.08590[0m[0m | time: 40.521s
[2K
| Adam | epoch: 028 | loss: 0.08590 - acc: 0.9757 -- iter: 544/564
[A[ATraining Step: 504  | total loss: [1m[32m0.07800[0m[0m | time: 43.099s
[2K
| Adam | epoch: 028 | loss: 0.07800 - acc: 0.9781 | val_loss: 0.96485 - val_acc: 0.7853 -- iter: 564/564
--
Training Step: 505  | total loss: [1m[32m0.07327[0m[0m | time: 1.164s
[2K
| Adam | epoch: 029 | loss: 0.07327 - acc: 0.9772 -- iter: 032/564
[A[ATraining Step: 506  | total loss: [1m[32m0.08211[0m[0m | time: 2.693s
[2K
| Adam | epoch: 029 | loss: 0.08211 - acc: 0.9763 -- iter: 064/564
[A[ATraining Step: 507  | total loss: [1m[32m0.08926[0m[0m | time: 4.089s
[2K
| Adam | epoch: 029 | loss: 0.08926 - acc: 0.9756 -- iter: 096/564
[A[ATraining Step: 508  | total loss: [1m[32m0.08563[0m[0m | time: 5.430s
[2K
| Adam | epoch: 029 | loss: 0.08563 - acc: 0.9749 -- iter: 128/564
[A[ATraining Step: 509  | total loss: [1m[32m0.07849[0m[0m | time: 6.831s
[2K
| Adam | epoch: 029 | loss: 0.07849 - acc: 0.9774 -- iter: 160/564
[A[ATraining Step: 510  | total loss: [1m[32m0.07820[0m[0m | time: 8.289s
[2K
| Adam | epoch: 029 | loss: 0.07820 - acc: 0.9765 -- iter: 192/564
[A[ATraining Step: 511  | total loss: [1m[32m0.07323[0m[0m | time: 9.567s
[2K
| Adam | epoch: 029 | loss: 0.07323 - acc: 0.9789 -- iter: 224/564
[A[ATraining Step: 512  | total loss: [1m[32m0.06820[0m[0m | time: 10.150s
[2K
| Adam | epoch: 029 | loss: 0.06820 - acc: 0.9810 -- iter: 256/564
[A[ATraining Step: 513  | total loss: [1m[32m0.08602[0m[0m | time: 10.873s
[2K
| Adam | epoch: 029 | loss: 0.08602 - acc: 0.9779 -- iter: 288/564
[A[ATraining Step: 514  | total loss: [1m[32m0.09778[0m[0m | time: 11.984s
[2K
| Adam | epoch: 029 | loss: 0.09778 - acc: 0.9751 -- iter: 320/564
[A[ATraining Step: 515  | total loss: [1m[32m0.09040[0m[0m | time: 13.181s
[2K
| Adam | epoch: 029 | loss: 0.09040 - acc: 0.9776 -- iter: 352/564
[A[ATraining Step: 516  | total loss: [1m[32m0.08547[0m[0m | time: 14.270s
[2K
| Adam | epoch: 029 | loss: 0.08547 - acc: 0.9767 -- iter: 384/564
[A[ATraining Step: 517  | total loss: [1m[32m0.07822[0m[0m | time: 15.461s
[2K
| Adam | epoch: 029 | loss: 0.07822 - acc: 0.9790 -- iter: 416/564
[A[ATraining Step: 518  | total loss: [1m[32m0.07468[0m[0m | time: 16.694s
[2K
| Adam | epoch: 029 | loss: 0.07468 - acc: 0.9780 -- iter: 448/564
[A[ATraining Step: 519  | total loss: [1m[32m0.21618[0m[0m | time: 17.996s
[2K
| Adam | epoch: 029 | loss: 0.21618 - acc: 0.9552 -- iter: 480/564
[A[ATraining Step: 520  | total loss: [1m[32m0.19603[0m[0m | time: 19.129s
[2K
| Adam | epoch: 029 | loss: 0.19603 - acc: 0.9597 -- iter: 512/564
[A[ATraining Step: 521  | total loss: [1m[32m0.18099[0m[0m | time: 20.495s
[2K
| Adam | epoch: 029 | loss: 0.18099 - acc: 0.9637 -- iter: 544/564
[A[ATraining Step: 522  | total loss: [1m[32m0.16828[0m[0m | time: 27.211s
[2K
| Adam | epoch: 029 | loss: 0.16828 - acc: 0.9673 | val_loss: 0.56882 - val_acc: 0.7910 -- iter: 564/564
--
Training Step: 523  | total loss: [1m[32m0.15744[0m[0m | time: 4.337s
[2K
| Adam | epoch: 030 | loss: 0.15744 - acc: 0.9675 -- iter: 032/564
[A[ATraining Step: 524  | total loss: [1m[32m0.14980[0m[0m | time: 16.436s
[2K
| Adam | epoch: 030 | loss: 0.14980 - acc: 0.9676 -- iter: 064/564
[A[ATraining Step: 525  | total loss: [1m[32m0.14175[0m[0m | time: 19.816s
[2K
| Adam | epoch: 030 | loss: 0.14175 - acc: 0.9677 -- iter: 096/564
[A[ATraining Step: 526  | total loss: [1m[32m0.13880[0m[0m | time: 20.908s
[2K
| Adam | epoch: 030 | loss: 0.13880 - acc: 0.9678 -- iter: 128/564
[A[ATraining Step: 527  | total loss: [1m[32m0.14055[0m[0m | time: 22.091s
[2K
| Adam | epoch: 030 | loss: 0.14055 - acc: 0.9648 -- iter: 160/564
[A[ATraining Step: 528  | total loss: [1m[32m0.13027[0m[0m | time: 23.336s
[2K
| Adam | epoch: 030 | loss: 0.13027 - acc: 0.9683 -- iter: 192/564
[A[ATraining Step: 529  | total loss: [1m[32m0.13193[0m[0m | time: 24.667s
[2K
| Adam | epoch: 030 | loss: 0.13193 - acc: 0.9652 -- iter: 224/564
[A[ATraining Step: 530  | total loss: [1m[32m0.12241[0m[0m | time: 25.913s
[2K
| Adam | epoch: 030 | loss: 0.12241 - acc: 0.9687 -- iter: 256/564
[A[ATraining Step: 531  | total loss: [1m[32m0.11453[0m[0m | time: 26.752s
[2K
| Adam | epoch: 030 | loss: 0.11453 - acc: 0.9718 -- iter: 288/564
[A[ATraining Step: 532  | total loss: [1m[32m0.10727[0m[0m | time: 27.590s
[2K
| Adam | epoch: 030 | loss: 0.10727 - acc: 0.9747 -- iter: 320/564
[A[ATraining Step: 533  | total loss: [1m[32m0.09962[0m[0m | time: 28.685s
[2K
| Adam | epoch: 030 | loss: 0.09962 - acc: 0.9772 -- iter: 352/564
[A[ATraining Step: 534  | total loss: [1m[32m0.09479[0m[0m | time: 29.915s
[2K
| Adam | epoch: 030 | loss: 0.09479 - acc: 0.9795 -- iter: 384/564
[A[ATraining Step: 535  | total loss: [1m[32m0.08831[0m[0m | time: 31.115s
[2K
| Adam | epoch: 030 | loss: 0.08831 - acc: 0.9815 -- iter: 416/564
[A[ATraining Step: 536  | total loss: [1m[32m0.08157[0m[0m | time: 32.128s
[2K
| Adam | epoch: 030 | loss: 0.08157 - acc: 0.9834 -- iter: 448/564
[A[ATraining Step: 537  | total loss: [1m[32m0.07541[0m[0m | time: 33.253s
[2K
| Adam | epoch: 030 | loss: 0.07541 - acc: 0.9850 -- iter: 480/564
[A[ATraining Step: 538  | total loss: [1m[32m0.08863[0m[0m | time: 34.486s
[2K
| Adam | epoch: 030 | loss: 0.08863 - acc: 0.9803 -- iter: 512/564
[A[ATraining Step: 539  | total loss: [1m[32m0.08885[0m[0m | time: 35.867s
[2K
| Adam | epoch: 030 | loss: 0.08885 - acc: 0.9791 -- iter: 544/564
[A[ATraining Step: 540  | total loss: [1m[32m0.08245[0m[0m | time: 38.756s
[2K
| Adam | epoch: 030 | loss: 0.08245 - acc: 0.9812 | val_loss: 0.80795 - val_acc: 0.7740 -- iter: 564/564
--
Validation AUC:0.8675925925925927
Validation AUPRC:0.8979707474314029
Test AUC:0.8447833888746474
Test AUPRC:0.876920074823667
BestTestF1Score	0.8	0.6	0.8	0.84	0.77	72	14	69	22	0.05
BestTestMCCScore	0.8	0.6	0.8	0.84	0.77	72	14	69	22	0.05
BestTestAccuracyScore	0.8	0.6	0.8	0.84	0.77	72	14	69	22	0.05
BestValidationF1Score	0.85	0.61	0.81	0.83	0.87	91	19	53	14	0.05
BestValidationMCC	0.85	0.61	0.81	0.83	0.87	91	19	53	14	0.05
BestValidationAccuracy	0.85	0.61	0.81	0.83	0.87	91	19	53	14	0.05
TestPredictions (Threshold:0.05)
CHEMBL560175,TP,ACT,0.9800000190734863	CHEMBL1200739,TN,INACT,0.019999999552965164	CHEMBL7087,FN,ACT,0.0	CHEMBL1956761,TP,ACT,0.9900000095367432	CHEMBL3110147,TN,INACT,0.0	CHEMBL170588,TN,INACT,0.0	CHEMBL2335176,TN,INACT,0.019999999552965164	CHEMBL3752037,TP,ACT,0.05000000074505806	CHEMBL1956746,TP,ACT,1.0	CHEMBL388325,FN,ACT,0.029999999329447746	CHEMBL3291002,TP,ACT,0.9800000190734863	CHEMBL1214193,FP,INACT,0.12999999523162842	CHEMBL3291010,TP,ACT,0.8799999952316284	CHEMBL336247,TN,INACT,0.0	CHEMBL1200731,TN,INACT,0.0	CHEMBL1762642,TN,INACT,0.0	CHEMBL571519,TP,ACT,0.949999988079071	CHEMBL3137798,TN,INACT,0.0	CHEMBL107217,TN,INACT,0.0	CHEMBL2048926,TP,ACT,0.7300000190734863	CHEMBL344181,TN,INACT,0.0	CHEMBL2333587,TP,ACT,0.9900000095367432	CHEMBL2334004,TN,INACT,0.0	CHEMBL332549,TN,INACT,0.0	CHEMBL2323136,FN,ACT,0.0	CHEMBL3291003,TP,ACT,0.6000000238418579	CHEMBL1956773,TP,ACT,1.0	CHEMBL466810,TP,ACT,0.4300000071525574	CHEMBL2323134,FN,ACT,0.0	CHEMBL2048925,TP,ACT,0.9900000095367432	CHEMBL1910964,TN,INACT,0.03999999910593033	CHEMBL1214323,TN,INACT,0.019999999552965164	CHEMBL571514,TP,ACT,0.33000001311302185	CHEMBL3092997,TN,INACT,0.0	CHEMBL3632836,TP,ACT,1.0	CHEMBL3752390,TP,ACT,0.07000000029802322	CHEMBL354981,TN,INACT,0.0	CHEMBL1232755,FN,ACT,0.019999999552965164	CHEMBL3098532,TN,INACT,0.0	CHEMBL17,TP,ACT,0.8600000143051147	CHEMBL511425,TP,ACT,1.0	CHEMBL183419,TN,INACT,0.009999999776482582	CHEMBL217304,TP,ACT,0.7200000286102295	CHEMBL1956767,TP,ACT,1.0	CHEMBL1141,TN,INACT,0.0	CHEMBL269755,FN,ACT,0.0	CHEMBL187274,TP,ACT,0.8799999952316284	CHEMBL451538,TN,INACT,0.0	CHEMBL285238,TN,INACT,0.0	CHEMBL1813206,TP,ACT,0.9700000286102295	CHEMBL3092814,TP,ACT,0.9900000095367432	CHEMBL286738,FN,ACT,0.0	CHEMBL3613779,TP,ACT,0.4399999976158142	CHEMBL410510,TP,ACT,0.8299999833106995	CHEMBL1923680,TP,ACT,0.9399999976158142	CHEMBL3092811,TP,ACT,0.9900000095367432	CHEMBL149514,FP,INACT,0.6399999856948853	CHEMBL2333963,TP,ACT,0.23999999463558197	CHEMBL204740,FN,ACT,0.03999999910593033	CHEMBL448089,TN,INACT,0.0	CHEMBL327669,TN,INACT,0.0	CHEMBL3823514,TP,ACT,0.4099999964237213	CHEMBL3326429,TN,INACT,0.009999999776482582	CHEMBL2048934,TP,ACT,0.9900000095367432	CHEMBL18,TP,ACT,0.9700000286102295	CHEMBL1164472,FN,ACT,0.029999999329447746	CHEMBL1084063,FN,ACT,0.009999999776482582	CHEMBL3632832,TP,ACT,0.9800000190734863	CHEMBL284481,FP,INACT,0.18000000715255737	CHEMBL509986,TN,INACT,0.0	CHEMBL2443315,TP,ACT,0.9800000190734863	CHEMBL196284,TN,INACT,0.029999999329447746	CHEMBL336691,TN,INACT,0.0	CHEMBL568417,TP,ACT,0.9800000190734863	CHEMBL2335177,TN,INACT,0.0	CHEMBL2048924,FN,ACT,0.0	CHEMBL3092940,TP,ACT,1.0	CHEMBL121729,TN,INACT,0.009999999776482582	CHEMBL502764,TN,INACT,0.0	CHEMBL1235899,TN,INACT,0.0	CHEMBL509357,TN,INACT,0.0	CHEMBL3632828,TP,ACT,0.9900000095367432	CHEMBL305268,TN,INACT,0.0	CHEMBL352768,TN,INACT,0.0	CHEMBL486027,TP,ACT,0.5199999809265137	CHEMBL171095,TN,INACT,0.0	CHEMBL395981,TP,ACT,0.23999999463558197	CHEMBL19429,TN,INACT,0.019999999552965164	CHEMBL3758522,TN,INACT,0.019999999552965164	CHEMBL1532040,TN,INACT,0.0	CHEMBL414,TP,ACT,0.4699999988079071	CHEMBL370662,TP,ACT,0.11999999731779099	CHEMBL34696,TN,INACT,0.0	CHEMBL2326508,TN,INACT,0.0	CHEMBL1668604,FN,ACT,0.009999999776482582	CHEMBL3359180,FN,ACT,0.0	CHEMBL687,TN,INACT,0.0	CHEMBL1232090,TP,ACT,0.07000000029802322	CHEMBL3822883,TP,ACT,0.9399999976158142	CHEMBL1956579,FN,ACT,0.0	CHEMBL2334350,FP,INACT,0.75	CHEMBL2323135,TP,ACT,0.8799999952316284	CHEMBL2070210,TN,INACT,0.0	CHEMBL169820,TN,INACT,0.0	CHEMBL1813218,TP,ACT,0.14000000059604645	CHEMBL3092937,TP,ACT,0.9900000095367432	CHEMBL3092936,TP,ACT,1.0	CHEMBL355320,TN,INACT,0.0	CHEMBL2040866,FP,INACT,0.38999998569488525	CHEMBL1644696,TN,INACT,0.0	CHEMBL140820,TN,INACT,0.019999999552965164	CHEMBL3632839,TP,ACT,0.8700000047683716	CHEMBL572366,TP,ACT,0.2800000011920929	CHEMBL3759932,TN,INACT,0.009999999776482582	CHEMBL3632835,TP,ACT,1.0	CHEMBL325372,FN,ACT,0.009999999776482582	CHEMBL13541,TN,INACT,0.009999999776482582	CHEMBL183913,FP,INACT,0.36000001430511475	CHEMBL454808,FN,ACT,0.0	CHEMBL361191,TN,INACT,0.009999999776482582	CHEMBL3627999,FP,INACT,0.9700000286102295	CHEMBL1956748,TP,ACT,0.9900000095367432	CHEMBL1813219,FN,ACT,0.019999999552965164	CHEMBL272877,FN,ACT,0.0	CHEMBL1084920,TN,INACT,0.0	CHEMBL1951641,FP,INACT,0.5699999928474426	CHEMBL2019143,TP,ACT,0.8199999928474426	CHEMBL2333962,TP,ACT,0.6000000238418579	CHEMBL3098531,TN,INACT,0.019999999552965164	CHEMBL217303,TP,ACT,0.9900000095367432	CHEMBL86751,TN,INACT,0.0	CHEMBL2207071,TN,INACT,0.0	CHEMBL501961,FN,ACT,0.0	CHEMBL1233360,FP,INACT,0.27000001072883606	CHEMBL3098848,TP,ACT,0.05000000074505806	CHEMBL1412304,TN,INACT,0.0	CHEMBL1094856,TN,INACT,0.0	CHEMBL2333584,TP,ACT,0.20000000298023224	CHEMBL865,FN,ACT,0.0	CHEMBL1094528,TN,INACT,0.009999999776482582	CHEMBL187901,TP,ACT,0.8399999737739563	CHEMBL2334351,TN,INACT,0.029999999329447746	CHEMBL2179307,TP,ACT,0.9900000095367432	CHEMBL466517,TN,INACT,0.0	CHEMBL366069,TP,ACT,0.14000000059604645	CHEMBL122950,TN,INACT,0.0	CHEMBL3613782,TP,ACT,0.11999999731779099	CHEMBL561852,FP,INACT,0.3199999928474426	CHEMBL468730,TP,ACT,0.6499999761581421	CHEMBL1817908,TP,ACT,0.9800000190734863	CHEMBL184361,TP,ACT,1.0	CHEMBL1164878,TP,ACT,0.9900000095367432	CHEMBL1163131,TN,INACT,0.0	CHEMBL1956759,TP,ACT,0.9100000262260437	CHEMBL122868,TN,INACT,0.0	CHEMBL1214194,TP,ACT,0.10000000149011612	CHEMBL526,TN,INACT,0.0	CHEMBL461137,TP,ACT,0.05999999865889549	CHEMBL214993,FP,INACT,0.9599999785423279	CHEMBL123064,TN,INACT,0.0	CHEMBL3628132,TP,ACT,0.800000011920929	CHEMBL3628131,TP,ACT,0.07000000029802322	CHEMBL3593604,FP,INACT,0.3100000023841858	CHEMBL232233,FP,INACT,0.5699999928474426	CHEMBL537,TN,INACT,0.0	CHEMBL1910877,TN,INACT,0.0	CHEMBL378292,TN,INACT,0.029999999329447746	CHEMBL73962,TP,ACT,0.8899999856948853	CHEMBL471637,FN,ACT,0.009999999776482582	CHEMBL1762648,TN,INACT,0.0	CHEMBL3822486,TP,ACT,0.6200000047683716	CHEMBL466083,TP,ACT,0.05999999865889549	CHEMBL2334356,FP,INACT,0.6700000166893005	CHEMBL1650614,TN,INACT,0.0	CHEMBL1163382,FN,ACT,0.0	CHEMBL1957185,TN,INACT,0.0	CHEMBL1956756,TP,ACT,0.9800000190734863	

