ImageNetInceptionV2 CHEMBL3636 RMSprop 0.001 15 0 0 0.6 False True
Number of active compounds :	100
Number of inactive compounds :	100
---------------------------------
Run id: ImageNetInceptionV2_CHEMBL3636_RMSprop_0.001_15_0_0_0.6_False_True_id
Log directory: ../tflearnLogs/ImageNetInceptionV2_CHEMBL3636_RMSprop_0.001_15_0.6/
---------------------------------
Training samples: 117
Validation samples: 37
--
Training Step: 1  | time: 65.155s
[2K
| RMSProp | epoch: 001 | loss: 0.00000 - acc: 0.0000 -- iter: 032/117
[A[ATraining Step: 2  | total loss: [1m[32m0.68050[0m[0m | time: 106.657s
[2K
| RMSProp | epoch: 001 | loss: 0.68050 - acc: 0.3937 -- iter: 064/117
[A[ATraining Step: 3  | total loss: [1m[32m0.76582[0m[0m | time: 139.109s
[2K
| RMSProp | epoch: 001 | loss: 0.76582 - acc: 0.4040 -- iter: 096/117
[A[ATraining Step: 4  | total loss: [1m[32m0.73484[0m[0m | time: 168.264s
[2K
| RMSProp | epoch: 001 | loss: 0.73484 - acc: 0.5229 | val_loss: 0.73200 - val_acc: 0.4865 -- iter: 117/117
--
Training Step: 5  | total loss: [1m[32m0.70190[0m[0m | time: 25.149s
[2K
| RMSProp | epoch: 002 | loss: 0.70190 - acc: 0.5235 -- iter: 032/117
[A[ATraining Step: 6  | total loss: [1m[32m0.69185[0m[0m | time: 89.479s
[2K
| RMSProp | epoch: 002 | loss: 0.69185 - acc: 0.5543 -- iter: 064/117
[A[ATraining Step: 7  | total loss: [1m[32m0.70905[0m[0m | time: 126.918s
[2K
| RMSProp | epoch: 002 | loss: 0.70905 - acc: 0.5405 -- iter: 096/117
[A[ATraining Step: 8  | total loss: [1m[32m0.69712[0m[0m | time: 159.080s
[2K
| RMSProp | epoch: 002 | loss: 0.69712 - acc: 0.5529 | val_loss: 0.72524 - val_acc: 0.4865 -- iter: 117/117
--
Training Step: 9  | total loss: [1m[32m0.69013[0m[0m | time: 6.471s
[2K
| RMSProp | epoch: 003 | loss: 0.69013 - acc: 0.5414 -- iter: 032/117
[A[ATraining Step: 10  | total loss: [1m[32m0.66993[0m[0m | time: 15.549s
[2K
| RMSProp | epoch: 003 | loss: 0.66993 - acc: 0.5802 -- iter: 064/117
[A[ATraining Step: 11  | total loss: [1m[32m0.65656[0m[0m | time: 56.802s
[2K
| RMSProp | epoch: 003 | loss: 0.65656 - acc: 0.6212 -- iter: 096/117
[A[ATraining Step: 12  | total loss: [1m[32m0.66010[0m[0m | time: 87.499s
[2K
| RMSProp | epoch: 003 | loss: 0.66010 - acc: 0.5948 | val_loss: 0.69992 - val_acc: 0.4865 -- iter: 117/117
--
Training Step: 13  | total loss: [1m[32m0.66259[0m[0m | time: 18.121s
[2K
| RMSProp | epoch: 004 | loss: 0.66259 - acc: 0.5809 -- iter: 032/117
[A[ATraining Step: 14  | total loss: [1m[32m0.66465[0m[0m | time: 25.202s
[2K
| RMSProp | epoch: 004 | loss: 0.66465 - acc: 0.6245 -- iter: 064/117
[A[ATraining Step: 15  | total loss: [1m[32m0.64976[0m[0m | time: 32.212s
[2K
| RMSProp | epoch: 004 | loss: 0.64976 - acc: 0.6597 -- iter: 096/117
[A[ATraining Step: 16  | total loss: [1m[32m0.61082[0m[0m | time: 57.218s
[2K
| RMSProp | epoch: 004 | loss: 0.61082 - acc: 0.7337 | val_loss: 0.69689 - val_acc: 0.5135 -- iter: 117/117
--
Training Step: 17  | total loss: [1m[32m0.60157[0m[0m | time: 25.499s
[2K
| RMSProp | epoch: 005 | loss: 0.60157 - acc: 0.7733 -- iter: 032/117
[A[ATraining Step: 18  | total loss: [1m[32m0.62025[0m[0m | time: 55.505s
[2K
| RMSProp | epoch: 005 | loss: 0.62025 - acc: 0.7328 -- iter: 064/117
[A[ATraining Step: 19  | total loss: [1m[32m0.63138[0m[0m | time: 62.545s
[2K
| RMSProp | epoch: 005 | loss: 0.63138 - acc: 0.7177 -- iter: 096/117
[A[ATraining Step: 20  | total loss: [1m[32m0.63934[0m[0m | time: 71.730s
[2K
| RMSProp | epoch: 005 | loss: 0.63934 - acc: 0.6707 | val_loss: 0.78203 - val_acc: 0.5135 -- iter: 117/117
--
Training Step: 21  | total loss: [1m[32m0.62974[0m[0m | time: 16.976s
[2K
| RMSProp | epoch: 006 | loss: 0.62974 - acc: 0.6547 -- iter: 032/117
[A[ATraining Step: 22  | total loss: [1m[32m0.62185[0m[0m | time: 34.963s
[2K
| RMSProp | epoch: 006 | loss: 0.62185 - acc: 0.6645 -- iter: 064/117
[A[ATraining Step: 23  | total loss: [1m[32m0.60523[0m[0m | time: 63.186s
[2K
| RMSProp | epoch: 006 | loss: 0.60523 - acc: 0.6984 -- iter: 096/117
[A[ATraining Step: 24  | total loss: [1m[32m0.60814[0m[0m | time: 72.649s
[2K
| RMSProp | epoch: 006 | loss: 0.60814 - acc: 0.6778 | val_loss: 0.78445 - val_acc: 0.5135 -- iter: 117/117
--
Training Step: 25  | total loss: [1m[32m0.61307[0m[0m | time: 6.931s
[2K
| RMSProp | epoch: 007 | loss: 0.61307 - acc: 0.7007 -- iter: 032/117
[A[ATraining Step: 26  | total loss: [1m[32m0.61137[0m[0m | time: 25.399s
[2K
| RMSProp | epoch: 007 | loss: 0.61137 - acc: 0.7043 -- iter: 064/117
[A[ATraining Step: 27  | total loss: [1m[32m0.61197[0m[0m | time: 49.215s
[2K
| RMSProp | epoch: 007 | loss: 0.61197 - acc: 0.7000 -- iter: 096/117
[A[ATraining Step: 28  | total loss: [1m[32m0.60047[0m[0m | time: 61.140s
[2K
| RMSProp | epoch: 007 | loss: 0.60047 - acc: 0.7047 | val_loss: 0.87129 - val_acc: 0.5135 -- iter: 117/117
--
Training Step: 29  | total loss: [1m[32m0.58622[0m[0m | time: 6.791s
[2K
| RMSProp | epoch: 008 | loss: 0.58622 - acc: 0.7233 -- iter: 032/117
[A[ATraining Step: 30  | total loss: [1m[32m0.55929[0m[0m | time: 13.864s
[2K
| RMSProp | epoch: 008 | loss: 0.55929 - acc: 0.7550 -- iter: 064/117
[A[ATraining Step: 31  | total loss: [1m[32m0.51914[0m[0m | time: 25.588s
[2K
| RMSProp | epoch: 008 | loss: 0.51914 - acc: 0.8115 -- iter: 096/117
[A[ATraining Step: 32  | total loss: [1m[32m0.52846[0m[0m | time: 38.290s
[2K
| RMSProp | epoch: 008 | loss: 0.52846 - acc: 0.7836 | val_loss: 0.91244 - val_acc: 0.5135 -- iter: 117/117
--
Training Step: 33  | total loss: [1m[32m0.51981[0m[0m | time: 24.152s
[2K
| RMSProp | epoch: 009 | loss: 0.51981 - acc: 0.7968 -- iter: 032/117
[A[ATraining Step: 34  | total loss: [1m[32m0.51781[0m[0m | time: 31.313s
[2K
| RMSProp | epoch: 009 | loss: 0.51781 - acc: 0.7868 -- iter: 064/117
[A[ATraining Step: 35  | total loss: [1m[32m0.48955[0m[0m | time: 38.166s
[2K
| RMSProp | epoch: 009 | loss: 0.48955 - acc: 0.8015 -- iter: 096/117
[A[ATraining Step: 36  | total loss: [1m[32m0.46455[0m[0m | time: 55.072s
[2K
| RMSProp | epoch: 009 | loss: 0.46455 - acc: 0.8226 | val_loss: 1.17164 - val_acc: 0.5135 -- iter: 117/117
--
Training Step: 37  | total loss: [1m[32m0.46241[0m[0m | time: 27.160s
[2K
| RMSProp | epoch: 010 | loss: 0.46241 - acc: 0.8206 -- iter: 032/117
[A[ATraining Step: 38  | total loss: [1m[32m0.46358[0m[0m | time: 37.091s
[2K
| RMSProp | epoch: 010 | loss: 0.46358 - acc: 0.8251 -- iter: 064/117
[A[ATraining Step: 39  | total loss: [1m[32m0.46890[0m[0m | time: 44.103s
[2K
| RMSProp | epoch: 010 | loss: 0.46890 - acc: 0.8167 -- iter: 096/117
[A[ATraining Step: 40  | total loss: [1m[32m0.46499[0m[0m | time: 53.069s
[2K
| RMSProp | epoch: 010 | loss: 0.46499 - acc: 0.8243 | val_loss: 1.07082 - val_acc: 0.5135 -- iter: 117/117
--
Training Step: 41  | total loss: [1m[32m0.45498[0m[0m | time: 9.426s
[2K
| RMSProp | epoch: 011 | loss: 0.45498 - acc: 0.8391 -- iter: 032/117
[A[ATraining Step: 42  | total loss: [1m[32m0.43314[0m[0m | time: 21.124s
[2K
| RMSProp | epoch: 011 | loss: 0.43314 - acc: 0.8456 -- iter: 064/117
[A[ATraining Step: 43  | total loss: [1m[32m0.43188[0m[0m | time: 34.009s
[2K
| RMSProp | epoch: 011 | loss: 0.43188 - acc: 0.8287 -- iter: 096/117
[A[ATraining Step: 44  | total loss: [1m[32m0.44533[0m[0m | time: 42.878s
[2K
| RMSProp | epoch: 011 | loss: 0.44533 - acc: 0.8205 | val_loss: 1.01084 - val_acc: 0.5135 -- iter: 117/117
--
Training Step: 45  | total loss: [1m[32m0.46502[0m[0m | time: 7.078s
[2K
| RMSProp | epoch: 012 | loss: 0.46502 - acc: 0.8024 -- iter: 032/117
[A[ATraining Step: 46  | total loss: [1m[32m0.45570[0m[0m | time: 24.380s
[2K
| RMSProp | epoch: 012 | loss: 0.45570 - acc: 0.8036 -- iter: 064/117
[A[ATraining Step: 47  | total loss: [1m[32m0.43001[0m[0m | time: 41.109s
[2K
| RMSProp | epoch: 012 | loss: 0.43001 - acc: 0.8255 -- iter: 096/117
[A[ATraining Step: 48  | total loss: [1m[32m0.40948[0m[0m | time: 52.829s
[2K
| RMSProp | epoch: 012 | loss: 0.40948 - acc: 0.8385 | val_loss: 0.80327 - val_acc: 0.5135 -- iter: 117/117
--
Training Step: 49  | total loss: [1m[32m0.39467[0m[0m | time: 6.528s
[2K
| RMSProp | epoch: 013 | loss: 0.39467 - acc: 0.8492 -- iter: 032/117
[A[ATraining Step: 50  | total loss: [1m[32m0.39317[0m[0m | time: 13.432s
[2K
| RMSProp | epoch: 013 | loss: 0.39317 - acc: 0.8504 -- iter: 064/117
[A[ATraining Step: 51  | total loss: [1m[32m0.37712[0m[0m | time: 26.594s
[2K
| RMSProp | epoch: 013 | loss: 0.37712 - acc: 0.8587 -- iter: 096/117
[A[ATraining Step: 52  | total loss: [1m[32m0.39200[0m[0m | time: 41.937s
[2K
| RMSProp | epoch: 013 | loss: 0.39200 - acc: 0.8565 | val_loss: 0.61134 - val_acc: 0.5676 -- iter: 117/117
--
Training Step: 53  | total loss: [1m[32m0.38498[0m[0m | time: 18.236s
[2K
| RMSProp | epoch: 014 | loss: 0.38498 - acc: 0.8638 -- iter: 032/117
[A[ATraining Step: 54  | total loss: [1m[32m0.36373[0m[0m | time: 25.158s
[2K
| RMSProp | epoch: 014 | loss: 0.36373 - acc: 0.8791 -- iter: 064/117
[A[ATraining Step: 55  | total loss: [1m[32m0.33731[0m[0m | time: 32.091s
[2K
| RMSProp | epoch: 014 | loss: 0.33731 - acc: 0.8895 -- iter: 096/117
[A[ATraining Step: 56  | total loss: [1m[32m0.30763[0m[0m | time: 43.414s
[2K
| RMSProp | epoch: 014 | loss: 0.30763 - acc: 0.9051 | val_loss: 0.57390 - val_acc: 0.7027 -- iter: 117/117
--
Training Step: 57  | total loss: [1m[32m0.32135[0m[0m | time: 9.665s
[2K
| RMSProp | epoch: 015 | loss: 0.32135 - acc: 0.9052 -- iter: 032/117
[A[ATraining Step: 58  | total loss: [1m[32m0.30201[0m[0m | time: 18.946s
[2K
| RMSProp | epoch: 015 | loss: 0.30201 - acc: 0.9054 -- iter: 064/117
[A[ATraining Step: 59  | total loss: [1m[32m0.28914[0m[0m | time: 25.922s
[2K
| RMSProp | epoch: 015 | loss: 0.28914 - acc: 0.9139 -- iter: 096/117
[A[ATraining Step: 60  | total loss: [1m[32m0.28328[0m[0m | time: 34.791s
[2K
| RMSProp | epoch: 015 | loss: 0.28328 - acc: 0.9127 | val_loss: 0.41596 - val_acc: 0.8378 -- iter: 117/117
--
/homes/tdogan/miniconda2/envs/my-rdkit-env/lib/python3.6/site-packages/sklearn/metrics/classification.py:1135: UndefinedMetricWarning: Precision is ill-defined and being set to 0.0 due to no predicted samples.
  'precision', 'predicted', average, warn_for)
/homes/tdogan/miniconda2/envs/my-rdkit-env/lib/python3.6/site-packages/sklearn/metrics/classification.py:1135: UndefinedMetricWarning: F-score is ill-defined and being set to 0.0 due to no predicted samples.
  'precision', 'predicted', average, warn_for)
/homes/tdogan/miniconda2/envs/my-rdkit-env/lib/python3.6/site-packages/sklearn/metrics/classification.py:538: RuntimeWarning: invalid value encountered in double_scalars
  mcc = cov_ytyp / np.sqrt(cov_ytyt * cov_ypyp)
Validation AUC:0.8947368421052632
Validation AUPRC:0.9137541806020069
Test AUC:0.888235294117647
Test AUPRC:0.9039464356385463
BestTestF1Score	0.77	0.62	0.81	0.86	0.71	12	2	18	5	0.55
BestTestMCCScore	0.77	0.62	0.81	0.86	0.71	12	2	18	5	0.55
BestTestAccuracyScore	0.77	0.62	0.81	0.86	0.71	12	2	18	5	0.55
BestValidationF1Score	0.83	0.68	0.84	0.83	0.83	15	3	16	3	0.55
BestValidationMCC	0.83	0.68	0.84	0.83	0.83	15	3	16	3	0.55
BestValidationAccuracy	0.83	0.68	0.84	0.83	0.83	15	3	16	3	0.55
TestPredictions (Threshold:0.55)
CHEMBL105154,TP,ACT,0.9200000166893005	CHEMBL241514,TN,INACT,0.2800000011920929	CHEMBL563531,TP,ACT,0.8399999737739563	CHEMBL603858,TN,INACT,0.5	CHEMBL328166,TP,ACT,0.949999988079071	CHEMBL559859,TP,ACT,0.9700000286102295	CHEMBL602474,TN,INACT,0.2800000011920929	CHEMBL40796,TN,INACT,0.10999999940395355	CHEMBL1907865,TP,ACT,0.949999988079071	CHEMBL294165,FN,ACT,0.38999998569488525	CHEMBL414307,FN,ACT,0.1599999964237213	CHEMBL128360,TN,INACT,0.10000000149011612	CHEMBL42799,TN,INACT,0.18000000715255737	CHEMBL269432,FN,ACT,0.2199999988079071	CHEMBL43661,TN,INACT,0.17000000178813934	CHEMBL308243,TN,INACT,0.5199999809265137	CHEMBL95727,TN,INACT,0.019999999552965164	CHEMBL552257,TP,ACT,0.8100000023841858	CHEMBL9666,TN,INACT,0.3799999952316284	CHEMBL106065,TP,ACT,0.9300000071525574	CHEMBL552615,TN,INACT,0.019999999552965164	CHEMBL165175,TN,INACT,0.3499999940395355	CHEMBL103430,TP,ACT,1.0	CHEMBL551511,TP,ACT,0.8999999761581421	CHEMBL1983100,TN,INACT,0.05999999865889549	CHEMBL538178,TP,ACT,0.8500000238418579	CHEMBL89445,TN,INACT,0.5400000214576721	CHEMBL42411,TN,INACT,0.05999999865889549	CHEMBL191915,TN,INACT,0.029999999329447746	CHEMBL291924,FN,ACT,0.47999998927116394	CHEMBL60176,FN,ACT,0.3199999928474426	CHEMBL44134,TN,INACT,0.1599999964237213	CHEMBL313114,TP,ACT,0.9100000262260437	CHEMBL2371724,TP,ACT,0.9300000071525574	CHEMBL602269,TN,INACT,0.18000000715255737	CHEMBL58617,FP,INACT,0.7300000190734863	CHEMBL414570,FP,INACT,0.7699999809265137	

