ImageNetInceptionV2 CHEMBL6136 adam 0.0001 15 0 0 0.6 False True
Number of active compounds :	311
Number of inactive compounds :	311
---------------------------------
Run id: ImageNetInceptionV2_CHEMBL6136_adam_0.0001_15_0_0_0.6_False_True_id
Log directory: ../tflearnLogs/ImageNetInceptionV2_CHEMBL6136_adam_0.0001_15_0.6/
---------------------------------
Training samples: 397
Validation samples: 125
--
Training Step: 1  | time: 36.680s
[2K
| Adam | epoch: 001 | loss: 0.00000 - acc: 0.0000 -- iter: 032/397
[A[ATraining Step: 2  | total loss: [1m[32m0.70909[0m[0m | time: 45.551s
[2K
| Adam | epoch: 001 | loss: 0.70909 - acc: 0.5062 -- iter: 064/397
[A[ATraining Step: 3  | total loss: [1m[32m0.67790[0m[0m | time: 54.473s
[2K
| Adam | epoch: 001 | loss: 0.67790 - acc: 0.5778 -- iter: 096/397
[A[ATraining Step: 4  | total loss: [1m[32m0.71024[0m[0m | time: 63.271s
[2K
| Adam | epoch: 001 | loss: 0.71024 - acc: 0.5429 -- iter: 128/397
[A[ATraining Step: 5  | total loss: [1m[32m0.65293[0m[0m | time: 72.055s
[2K
| Adam | epoch: 001 | loss: 0.65293 - acc: 0.6430 -- iter: 160/397
[A[ATraining Step: 6  | total loss: [1m[32m0.70188[0m[0m | time: 81.043s
[2K
| Adam | epoch: 001 | loss: 0.70188 - acc: 0.5712 -- iter: 192/397
[A[ATraining Step: 7  | total loss: [1m[32m0.68712[0m[0m | time: 89.802s
[2K
| Adam | epoch: 001 | loss: 0.68712 - acc: 0.6785 -- iter: 224/397
[A[ATraining Step: 8  | total loss: [1m[32m0.69280[0m[0m | time: 98.655s
[2K
| Adam | epoch: 001 | loss: 0.69280 - acc: 0.6484 -- iter: 256/397
[A[ATraining Step: 9  | total loss: [1m[32m0.60329[0m[0m | time: 107.723s
[2K
| Adam | epoch: 001 | loss: 0.60329 - acc: 0.7022 -- iter: 288/397
[A[ATraining Step: 10  | total loss: [1m[32m0.59834[0m[0m | time: 116.594s
[2K
| Adam | epoch: 001 | loss: 0.59834 - acc: 0.7261 -- iter: 320/397
[A[ATraining Step: 11  | total loss: [1m[32m0.57900[0m[0m | time: 125.490s
[2K
| Adam | epoch: 001 | loss: 0.57900 - acc: 0.7374 -- iter: 352/397
[A[ATraining Step: 12  | total loss: [1m[32m0.53494[0m[0m | time: 134.333s
[2K
| Adam | epoch: 001 | loss: 0.53494 - acc: 0.7853 -- iter: 384/397
[A[ATraining Step: 13  | total loss: [1m[32m0.52869[0m[0m | time: 149.663s
[2K
| Adam | epoch: 001 | loss: 0.52869 - acc: 0.7969 | val_loss: 0.99673 - val_acc: 0.4800 -- iter: 397/397
--
Training Step: 14  | total loss: [1m[32m0.53553[0m[0m | time: 4.141s
[2K
| Adam | epoch: 002 | loss: 0.53553 - acc: 0.7541 -- iter: 032/397
[A[ATraining Step: 15  | total loss: [1m[32m0.52206[0m[0m | time: 13.156s
[2K
| Adam | epoch: 002 | loss: 0.52206 - acc: 0.7600 -- iter: 064/397
[A[ATraining Step: 16  | total loss: [1m[32m0.53729[0m[0m | time: 22.086s
[2K
| Adam | epoch: 002 | loss: 0.53729 - acc: 0.7680 -- iter: 096/397
[A[ATraining Step: 17  | total loss: [1m[32m0.54293[0m[0m | time: 31.013s
[2K
| Adam | epoch: 002 | loss: 0.54293 - acc: 0.7503 -- iter: 128/397
[A[ATraining Step: 18  | total loss: [1m[32m0.54342[0m[0m | time: 40.040s
[2K
| Adam | epoch: 002 | loss: 0.54342 - acc: 0.7718 -- iter: 160/397
[A[ATraining Step: 19  | total loss: [1m[32m0.48572[0m[0m | time: 49.035s
[2K
| Adam | epoch: 002 | loss: 0.48572 - acc: 0.8166 -- iter: 192/397
[A[ATraining Step: 20  | total loss: [1m[32m0.48339[0m[0m | time: 57.854s
[2K
| Adam | epoch: 002 | loss: 0.48339 - acc: 0.8053 -- iter: 224/397
[A[ATraining Step: 21  | total loss: [1m[32m0.44806[0m[0m | time: 66.809s
[2K
| Adam | epoch: 002 | loss: 0.44806 - acc: 0.8366 -- iter: 256/397
[A[ATraining Step: 22  | total loss: [1m[32m0.43082[0m[0m | time: 75.681s
[2K
| Adam | epoch: 002 | loss: 0.43082 - acc: 0.8387 -- iter: 288/397
[A[ATraining Step: 23  | total loss: [1m[32m0.43187[0m[0m | time: 84.556s
[2K
| Adam | epoch: 002 | loss: 0.43187 - acc: 0.8493 -- iter: 320/397
[A[ATraining Step: 24  | total loss: [1m[32m0.36365[0m[0m | time: 93.447s
[2K
| Adam | epoch: 002 | loss: 0.36365 - acc: 0.8917 -- iter: 352/397
[A[ATraining Step: 25  | total loss: [1m[32m0.36078[0m[0m | time: 102.032s
[2K
| Adam | epoch: 002 | loss: 0.36078 - acc: 0.8701 -- iter: 384/397
[A[ATraining Step: 26  | total loss: [1m[32m0.33170[0m[0m | time: 116.121s
[2K
| Adam | epoch: 002 | loss: 0.33170 - acc: 0.8879 | val_loss: 1.60685 - val_acc: 0.4800 -- iter: 397/397
--
Training Step: 27  | total loss: [1m[32m0.33119[0m[0m | time: 4.289s
[2K
| Adam | epoch: 003 | loss: 0.33119 - acc: 0.8846 -- iter: 032/397
[A[ATraining Step: 28  | total loss: [1m[32m0.28793[0m[0m | time: 8.525s
[2K
| Adam | epoch: 003 | loss: 0.28793 - acc: 0.9134 -- iter: 064/397
[A[ATraining Step: 29  | total loss: [1m[32m0.23795[0m[0m | time: 17.485s
[2K
| Adam | epoch: 003 | loss: 0.23795 - acc: 0.9345 -- iter: 096/397
[A[ATraining Step: 30  | total loss: [1m[32m0.22078[0m[0m | time: 26.532s
[2K
| Adam | epoch: 003 | loss: 0.22078 - acc: 0.9426 -- iter: 128/397
[A[ATraining Step: 31  | total loss: [1m[32m0.20548[0m[0m | time: 35.369s
[2K
| Adam | epoch: 003 | loss: 0.20548 - acc: 0.9414 -- iter: 160/397
[A[ATraining Step: 32  | total loss: [1m[32m0.18060[0m[0m | time: 44.521s
[2K
| Adam | epoch: 003 | loss: 0.18060 - acc: 0.9546 -- iter: 192/397
[A[ATraining Step: 33  | total loss: [1m[32m0.17101[0m[0m | time: 53.375s
[2K
| Adam | epoch: 003 | loss: 0.17101 - acc: 0.9577 -- iter: 224/397
[A[ATraining Step: 34  | total loss: [1m[32m0.15863[0m[0m | time: 62.399s
[2K
| Adam | epoch: 003 | loss: 0.15863 - acc: 0.9601 -- iter: 256/397
[A[ATraining Step: 35  | total loss: [1m[32m0.17163[0m[0m | time: 71.218s
[2K
| Adam | epoch: 003 | loss: 0.17163 - acc: 0.9554 -- iter: 288/397
[A[ATraining Step: 36  | total loss: [1m[32m0.15922[0m[0m | time: 80.129s
[2K
| Adam | epoch: 003 | loss: 0.15922 - acc: 0.9645 -- iter: 320/397
[A[ATraining Step: 37  | total loss: [1m[32m0.18394[0m[0m | time: 88.805s
[2K
| Adam | epoch: 003 | loss: 0.18394 - acc: 0.9403 -- iter: 352/397
[A[ATraining Step: 38  | total loss: [1m[32m0.18656[0m[0m | time: 97.685s
[2K
| Adam | epoch: 003 | loss: 0.18656 - acc: 0.9459 -- iter: 384/397
[A[ATraining Step: 39  | total loss: [1m[32m0.20182[0m[0m | time: 112.112s
[2K
| Adam | epoch: 003 | loss: 0.20182 - acc: 0.9443 | val_loss: 0.75105 - val_acc: 0.4160 -- iter: 397/397
--
Training Step: 40  | total loss: [1m[32m0.18580[0m[0m | time: 8.871s
[2K
| Adam | epoch: 004 | loss: 0.18580 - acc: 0.9489 -- iter: 032/397
[A[ATraining Step: 41  | total loss: [1m[32m0.15775[0m[0m | time: 12.852s
[2K
| Adam | epoch: 004 | loss: 0.15775 - acc: 0.9583 -- iter: 064/397
[A[ATraining Step: 42  | total loss: [1m[32m0.13687[0m[0m | time: 16.923s
[2K
| Adam | epoch: 004 | loss: 0.13687 - acc: 0.9658 -- iter: 096/397
[A[ATraining Step: 43  | total loss: [1m[32m0.11777[0m[0m | time: 25.546s
[2K
| Adam | epoch: 004 | loss: 0.11777 - acc: 0.9718 -- iter: 128/397
[A[ATraining Step: 44  | total loss: [1m[32m0.13149[0m[0m | time: 34.211s
[2K
| Adam | epoch: 004 | loss: 0.13149 - acc: 0.9659 -- iter: 160/397
[A[ATraining Step: 45  | total loss: [1m[32m0.11370[0m[0m | time: 42.881s
[2K
| Adam | epoch: 004 | loss: 0.11370 - acc: 0.9717 -- iter: 192/397
[A[ATraining Step: 46  | total loss: [1m[32m0.14153[0m[0m | time: 51.752s
[2K
| Adam | epoch: 004 | loss: 0.14153 - acc: 0.9712 -- iter: 224/397
[A[ATraining Step: 47  | total loss: [1m[32m0.15270[0m[0m | time: 60.604s
[2K
| Adam | epoch: 004 | loss: 0.15270 - acc: 0.9708 -- iter: 256/397
[A[ATraining Step: 48  | total loss: [1m[32m0.13306[0m[0m | time: 69.370s
[2K
| Adam | epoch: 004 | loss: 0.13306 - acc: 0.9755 -- iter: 288/397
[A[ATraining Step: 49  | total loss: [1m[32m0.14723[0m[0m | time: 78.259s
[2K
| Adam | epoch: 004 | loss: 0.14723 - acc: 0.9695 -- iter: 320/397
[A[ATraining Step: 50  | total loss: [1m[32m0.14884[0m[0m | time: 86.974s
[2K
| Adam | epoch: 004 | loss: 0.14884 - acc: 0.9645 -- iter: 352/397
[A[ATraining Step: 51  | total loss: [1m[32m0.13207[0m[0m | time: 95.798s
[2K
| Adam | epoch: 004 | loss: 0.13207 - acc: 0.9699 -- iter: 384/397
[A[ATraining Step: 52  | total loss: [1m[32m0.11832[0m[0m | time: 110.041s
[2K
| Adam | epoch: 004 | loss: 0.11832 - acc: 0.9744 | val_loss: 1.02273 - val_acc: 0.5360 -- iter: 397/397
--
Training Step: 53  | total loss: [1m[32m0.10813[0m[0m | time: 8.904s
[2K
| Adam | epoch: 005 | loss: 0.10813 - acc: 0.9736 -- iter: 032/397
[A[ATraining Step: 54  | total loss: [1m[32m0.09497[0m[0m | time: 17.724s
[2K
| Adam | epoch: 005 | loss: 0.09497 - acc: 0.9774 -- iter: 064/397
[A[ATraining Step: 55  | total loss: [1m[32m0.08946[0m[0m | time: 21.909s
[2K
| Adam | epoch: 005 | loss: 0.08946 - acc: 0.9807 -- iter: 096/397
[A[ATraining Step: 56  | total loss: [1m[32m0.08121[0m[0m | time: 26.137s
[2K
| Adam | epoch: 005 | loss: 0.08121 - acc: 0.9834 -- iter: 128/397
[A[ATraining Step: 57  | total loss: [1m[32m0.07213[0m[0m | time: 34.909s
[2K
| Adam | epoch: 005 | loss: 0.07213 - acc: 0.9857 -- iter: 160/397
[A[ATraining Step: 58  | total loss: [1m[32m0.06413[0m[0m | time: 43.801s
[2K
| Adam | epoch: 005 | loss: 0.06413 - acc: 0.9876 -- iter: 192/397
[A[ATraining Step: 59  | total loss: [1m[32m0.05963[0m[0m | time: 52.541s
[2K
| Adam | epoch: 005 | loss: 0.05963 - acc: 0.9893 -- iter: 224/397
[A[ATraining Step: 60  | total loss: [1m[32m0.05447[0m[0m | time: 61.508s
[2K
| Adam | epoch: 005 | loss: 0.05447 - acc: 0.9907 -- iter: 256/397
[A[ATraining Step: 61  | total loss: [1m[32m0.11656[0m[0m | time: 70.365s
[2K
| Adam | epoch: 005 | loss: 0.11656 - acc: 0.9797 -- iter: 288/397
[A[ATraining Step: 62  | total loss: [1m[32m0.12241[0m[0m | time: 79.185s
[2K
| Adam | epoch: 005 | loss: 0.12241 - acc: 0.9783 -- iter: 320/397
[A[ATraining Step: 63  | total loss: [1m[32m0.12900[0m[0m | time: 88.240s
[2K
| Adam | epoch: 005 | loss: 0.12900 - acc: 0.9771 -- iter: 352/397
[A[ATraining Step: 64  | total loss: [1m[32m0.11520[0m[0m | time: 97.190s
[2K
| Adam | epoch: 005 | loss: 0.11520 - acc: 0.9799 -- iter: 384/397
[A[ATraining Step: 65  | total loss: [1m[32m0.10950[0m[0m | time: 111.544s
[2K
| Adam | epoch: 005 | loss: 0.10950 - acc: 0.9824 | val_loss: 2.04445 - val_acc: 0.5200 -- iter: 397/397
--
Training Step: 66  | total loss: [1m[32m0.15356[0m[0m | time: 8.781s
[2K
| Adam | epoch: 006 | loss: 0.15356 - acc: 0.9770 -- iter: 032/397
[A[ATraining Step: 67  | total loss: [1m[32m0.13632[0m[0m | time: 17.602s
[2K
| Adam | epoch: 006 | loss: 0.13632 - acc: 0.9797 -- iter: 064/397
[A[ATraining Step: 68  | total loss: [1m[32m0.12810[0m[0m | time: 26.409s
[2K
| Adam | epoch: 006 | loss: 0.12810 - acc: 0.9784 -- iter: 096/397
[A[ATraining Step: 69  | total loss: [1m[32m0.13361[0m[0m | time: 30.597s
[2K
| Adam | epoch: 006 | loss: 0.13361 - acc: 0.9773 -- iter: 128/397
[A[ATraining Step: 70  | total loss: [1m[32m0.12662[0m[0m | time: 34.759s
[2K
| Adam | epoch: 006 | loss: 0.12662 - acc: 0.9799 -- iter: 160/397
[A[ATraining Step: 71  | total loss: [1m[32m0.11435[0m[0m | time: 43.758s
[2K
| Adam | epoch: 006 | loss: 0.11435 - acc: 0.9822 -- iter: 192/397
[A[ATraining Step: 72  | total loss: [1m[32m0.10695[0m[0m | time: 52.685s
[2K
| Adam | epoch: 006 | loss: 0.10695 - acc: 0.9842 -- iter: 224/397
[A[ATraining Step: 73  | total loss: [1m[32m0.09593[0m[0m | time: 61.653s
[2K
| Adam | epoch: 006 | loss: 0.09593 - acc: 0.9860 -- iter: 256/397
[A[ATraining Step: 74  | total loss: [1m[32m0.08924[0m[0m | time: 70.614s
[2K
| Adam | epoch: 006 | loss: 0.08924 - acc: 0.9875 -- iter: 288/397
[A[ATraining Step: 75  | total loss: [1m[32m0.08070[0m[0m | time: 79.436s
[2K
| Adam | epoch: 006 | loss: 0.08070 - acc: 0.9889 -- iter: 320/397
[A[ATraining Step: 76  | total loss: [1m[32m0.07416[0m[0m | time: 88.428s
[2K
| Adam | epoch: 006 | loss: 0.07416 - acc: 0.9900 -- iter: 352/397
[A[ATraining Step: 77  | total loss: [1m[32m0.10450[0m[0m | time: 97.432s
[2K
| Adam | epoch: 006 | loss: 0.10450 - acc: 0.9878 -- iter: 384/397
[A[ATraining Step: 78  | total loss: [1m[32m0.09486[0m[0m | time: 112.139s
[2K
| Adam | epoch: 006 | loss: 0.09486 - acc: 0.9891 | val_loss: 0.79627 - val_acc: 0.6960 -- iter: 397/397
--
Training Step: 79  | total loss: [1m[32m0.09146[0m[0m | time: 8.970s
[2K
| Adam | epoch: 007 | loss: 0.09146 - acc: 0.9870 -- iter: 032/397
[A[ATraining Step: 80  | total loss: [1m[32m0.09671[0m[0m | time: 17.764s
[2K
| Adam | epoch: 007 | loss: 0.09671 - acc: 0.9851 -- iter: 064/397
[A[ATraining Step: 81  | total loss: [1m[32m0.08773[0m[0m | time: 26.695s
[2K
| Adam | epoch: 007 | loss: 0.08773 - acc: 0.9866 -- iter: 096/397
[A[ATraining Step: 82  | total loss: [1m[32m0.09192[0m[0m | time: 35.673s
[2K
| Adam | epoch: 007 | loss: 0.09192 - acc: 0.9848 -- iter: 128/397
[A[ATraining Step: 83  | total loss: [1m[32m0.08630[0m[0m | time: 40.304s
[2K
| Adam | epoch: 007 | loss: 0.08630 - acc: 0.9832 -- iter: 160/397
[A[ATraining Step: 84  | total loss: [1m[32m0.07865[0m[0m | time: 44.717s
[2K
| Adam | epoch: 007 | loss: 0.07865 - acc: 0.9849 -- iter: 192/397
[A[ATraining Step: 85  | total loss: [1m[32m0.07146[0m[0m | time: 53.629s
[2K
| Adam | epoch: 007 | loss: 0.07146 - acc: 0.9864 -- iter: 224/397
[A[ATraining Step: 86  | total loss: [1m[32m0.08437[0m[0m | time: 62.838s
[2K
| Adam | epoch: 007 | loss: 0.08437 - acc: 0.9815 -- iter: 256/397
[A[ATraining Step: 87  | total loss: [1m[32m0.07718[0m[0m | time: 71.691s
[2K
| Adam | epoch: 007 | loss: 0.07718 - acc: 0.9834 -- iter: 288/397
[A[ATraining Step: 88  | total loss: [1m[32m0.09338[0m[0m | time: 80.837s
[2K
| Adam | epoch: 007 | loss: 0.09338 - acc: 0.9819 -- iter: 320/397
[A[ATraining Step: 89  | total loss: [1m[32m0.08479[0m[0m | time: 90.177s
[2K
| Adam | epoch: 007 | loss: 0.08479 - acc: 0.9837 -- iter: 352/397
[A[ATraining Step: 90  | total loss: [1m[32m0.08727[0m[0m | time: 101.647s
[2K
| Adam | epoch: 007 | loss: 0.08727 - acc: 0.9822 -- iter: 384/397
[A[ATraining Step: 91  | total loss: [1m[32m0.08037[0m[0m | time: 115.922s
[2K
| Adam | epoch: 007 | loss: 0.08037 - acc: 0.9840 | val_loss: 3.64053 - val_acc: 0.4800 -- iter: 397/397
--
Training Step: 92  | total loss: [1m[32m0.07970[0m[0m | time: 8.929s
[2K
| Adam | epoch: 008 | loss: 0.07970 - acc: 0.9825 -- iter: 032/397
[A[ATraining Step: 93  | total loss: [1m[32m0.08088[0m[0m | time: 18.087s
[2K
| Adam | epoch: 008 | loss: 0.08088 - acc: 0.9811 -- iter: 064/397
[A[ATraining Step: 94  | total loss: [1m[32m0.08252[0m[0m | time: 27.394s
[2K
| Adam | epoch: 008 | loss: 0.08252 - acc: 0.9799 -- iter: 096/397
[A[ATraining Step: 95  | total loss: [1m[32m0.07696[0m[0m | time: 37.519s
[2K
| Adam | epoch: 008 | loss: 0.07696 - acc: 0.9819 -- iter: 128/397
[A[ATraining Step: 96  | total loss: [1m[32m0.07747[0m[0m | time: 47.465s
[2K
| Adam | epoch: 008 | loss: 0.07747 - acc: 0.9806 -- iter: 160/397
[A[ATraining Step: 97  | total loss: [1m[32m0.07918[0m[0m | time: 51.865s
[2K
| Adam | epoch: 008 | loss: 0.07918 - acc: 0.9763 -- iter: 192/397
[A[ATraining Step: 98  | total loss: [1m[32m0.07195[0m[0m | time: 56.445s
[2K
| Adam | epoch: 008 | loss: 0.07195 - acc: 0.9786 -- iter: 224/397
[A[ATraining Step: 99  | total loss: [1m[32m0.06535[0m[0m | time: 82.500s
[2K
| Adam | epoch: 008 | loss: 0.06535 - acc: 0.9808 -- iter: 256/397
[A[ATraining Step: 100  | total loss: [1m[32m0.06534[0m[0m | time: 91.536s
[2K
| Adam | epoch: 008 | loss: 0.06534 - acc: 0.9796 -- iter: 288/397
[A[ATraining Step: 101  | total loss: [1m[32m0.07579[0m[0m | time: 100.214s
[2K
| Adam | epoch: 008 | loss: 0.07579 - acc: 0.9785 -- iter: 320/397
[A[ATraining Step: 102  | total loss: [1m[32m0.08727[0m[0m | time: 108.818s
[2K
| Adam | epoch: 008 | loss: 0.08727 - acc: 0.9775 -- iter: 352/397
[A[ATraining Step: 103  | total loss: [1m[32m0.08603[0m[0m | time: 117.496s
[2K
| Adam | epoch: 008 | loss: 0.08603 - acc: 0.9798 -- iter: 384/397
[A[ATraining Step: 104  | total loss: [1m[32m0.07867[0m[0m | time: 132.127s
[2K
| Adam | epoch: 008 | loss: 0.07867 - acc: 0.9818 | val_loss: 1.35727 - val_acc: 0.6640 -- iter: 397/397
--
Training Step: 105  | total loss: [1m[32m0.07534[0m[0m | time: 9.384s
[2K
| Adam | epoch: 009 | loss: 0.07534 - acc: 0.9805 -- iter: 032/397
[A[ATraining Step: 106  | total loss: [1m[32m0.08500[0m[0m | time: 23.435s
[2K
| Adam | epoch: 009 | loss: 0.08500 - acc: 0.9793 -- iter: 064/397
[A[ATraining Step: 107  | total loss: [1m[32m0.09132[0m[0m | time: 31.876s
[2K
| Adam | epoch: 009 | loss: 0.09132 - acc: 0.9783 -- iter: 096/397
[A[ATraining Step: 108  | total loss: [1m[32m0.08869[0m[0m | time: 45.999s
[2K
| Adam | epoch: 009 | loss: 0.08869 - acc: 0.9773 -- iter: 128/397
[A[ATraining Step: 109  | total loss: [1m[32m0.08082[0m[0m | time: 54.665s
[2K
| Adam | epoch: 009 | loss: 0.08082 - acc: 0.9796 -- iter: 160/397
[A[ATraining Step: 110  | total loss: [1m[32m0.07347[0m[0m | time: 64.072s
[2K
| Adam | epoch: 009 | loss: 0.07347 - acc: 0.9816 -- iter: 192/397
[A[ATraining Step: 111  | total loss: [1m[32m0.06712[0m[0m | time: 68.023s
[2K
| Adam | epoch: 009 | loss: 0.06712 - acc: 0.9835 -- iter: 224/397
[A[ATraining Step: 112  | total loss: [1m[32m0.06199[0m[0m | time: 72.015s
[2K
| Adam | epoch: 009 | loss: 0.06199 - acc: 0.9851 -- iter: 256/397
[A[ATraining Step: 113  | total loss: [1m[32m0.05618[0m[0m | time: 85.962s
[2K
| Adam | epoch: 009 | loss: 0.05618 - acc: 0.9866 -- iter: 288/397
[A[ATraining Step: 114  | total loss: [1m[32m0.07195[0m[0m | time: 94.537s
[2K
| Adam | epoch: 009 | loss: 0.07195 - acc: 0.9848 -- iter: 320/397
[A[ATraining Step: 115  | total loss: [1m[32m0.06659[0m[0m | time: 112.212s
[2K
| Adam | epoch: 009 | loss: 0.06659 - acc: 0.9863 -- iter: 352/397
[A[ATraining Step: 116  | total loss: [1m[32m0.06965[0m[0m | time: 120.553s
[2K
| Adam | epoch: 009 | loss: 0.06965 - acc: 0.9814 -- iter: 384/397
[A[ATraining Step: 117  | total loss: [1m[32m0.06469[0m[0m | time: 138.074s
[2K
| Adam | epoch: 009 | loss: 0.06469 - acc: 0.9833 | val_loss: 1.09808 - val_acc: 0.7440 -- iter: 397/397
--
Training Step: 118  | total loss: [1m[32m0.06377[0m[0m | time: 8.435s
[2K
| Adam | epoch: 010 | loss: 0.06377 - acc: 0.9850 -- iter: 032/397
[A[ATraining Step: 119  | total loss: [1m[32m0.06878[0m[0m | time: 18.422s
[2K
| Adam | epoch: 010 | loss: 0.06878 - acc: 0.9802 -- iter: 064/397
[A[ATraining Step: 120  | total loss: [1m[32m0.07184[0m[0m | time: 27.527s
[2K
| Adam | epoch: 010 | loss: 0.07184 - acc: 0.9760 -- iter: 096/397
[A[ATraining Step: 121  | total loss: [1m[32m0.06768[0m[0m | time: 35.909s
[2K
| Adam | epoch: 010 | loss: 0.06768 - acc: 0.9784 -- iter: 128/397
[A[ATraining Step: 122  | total loss: [1m[32m0.08014[0m[0m | time: 48.167s
[2K
| Adam | epoch: 010 | loss: 0.08014 - acc: 0.9774 -- iter: 160/397
[A[ATraining Step: 123  | total loss: [1m[32m0.07327[0m[0m | time: 56.618s
[2K
| Adam | epoch: 010 | loss: 0.07327 - acc: 0.9797 -- iter: 192/397
[A[ATraining Step: 124  | total loss: [1m[32m0.06665[0m[0m | time: 83.077s
[2K
| Adam | epoch: 010 | loss: 0.06665 - acc: 0.9817 -- iter: 224/397
[A[ATraining Step: 125  | total loss: [1m[32m0.06769[0m[0m | time: 87.313s
[2K
| Adam | epoch: 010 | loss: 0.06769 - acc: 0.9804 -- iter: 256/397
[A[ATraining Step: 126  | total loss: [1m[32m0.07585[0m[0m | time: 91.683s
[2K
| Adam | epoch: 010 | loss: 0.07585 - acc: 0.9747 -- iter: 288/397
[A[ATraining Step: 127  | total loss: [1m[32m0.07043[0m[0m | time: 117.510s
[2K
| Adam | epoch: 010 | loss: 0.07043 - acc: 0.9772 -- iter: 320/397
[A[ATraining Step: 128  | total loss: [1m[32m0.08824[0m[0m | time: 143.811s
[2K
| Adam | epoch: 010 | loss: 0.08824 - acc: 0.9701 -- iter: 352/397
[A[ATraining Step: 129  | total loss: [1m[32m0.08575[0m[0m | time: 152.458s
[2K
| Adam | epoch: 010 | loss: 0.08575 - acc: 0.9700 -- iter: 384/397
[A[ATraining Step: 130  | total loss: [1m[32m0.08528[0m[0m | time: 166.714s
[2K
| Adam | epoch: 010 | loss: 0.08528 - acc: 0.9698 | val_loss: 0.79867 - val_acc: 0.7200 -- iter: 397/397
--
Training Step: 131  | total loss: [1m[32m0.08112[0m[0m | time: 8.792s
[2K
| Adam | epoch: 011 | loss: 0.08112 - acc: 0.9729 -- iter: 032/397
[A[ATraining Step: 132  | total loss: [1m[32m0.07527[0m[0m | time: 17.638s
[2K
| Adam | epoch: 011 | loss: 0.07527 - acc: 0.9756 -- iter: 064/397
[A[ATraining Step: 133  | total loss: [1m[32m0.07016[0m[0m | time: 26.198s
[2K
| Adam | epoch: 011 | loss: 0.07016 - acc: 0.9780 -- iter: 096/397
[A[ATraining Step: 134  | total loss: [1m[32m0.07918[0m[0m | time: 34.859s
[2K
| Adam | epoch: 011 | loss: 0.07918 - acc: 0.9740 -- iter: 128/397
[A[ATraining Step: 135  | total loss: [1m[32m0.07336[0m[0m | time: 43.469s
[2K
| Adam | epoch: 011 | loss: 0.07336 - acc: 0.9766 -- iter: 160/397
[A[ATraining Step: 136  | total loss: [1m[32m0.09983[0m[0m | time: 52.017s
[2K
| Adam | epoch: 011 | loss: 0.09983 - acc: 0.9758 -- iter: 192/397
[A[ATraining Step: 137  | total loss: [1m[32m0.09402[0m[0m | time: 60.412s
[2K
| Adam | epoch: 011 | loss: 0.09402 - acc: 0.9751 -- iter: 224/397
[A[ATraining Step: 138  | total loss: [1m[32m0.08711[0m[0m | time: 68.933s
[2K
| Adam | epoch: 011 | loss: 0.08711 - acc: 0.9776 -- iter: 256/397
[A[ATraining Step: 139  | total loss: [1m[32m0.08117[0m[0m | time: 72.970s
[2K
| Adam | epoch: 011 | loss: 0.08117 - acc: 0.9798 -- iter: 288/397
[A[ATraining Step: 140  | total loss: [1m[32m0.07449[0m[0m | time: 76.857s
[2K
| Adam | epoch: 011 | loss: 0.07449 - acc: 0.9818 -- iter: 320/397
[A[ATraining Step: 141  | total loss: [1m[32m0.06901[0m[0m | time: 85.270s
[2K
| Adam | epoch: 011 | loss: 0.06901 - acc: 0.9837 -- iter: 352/397
[A[ATraining Step: 142  | total loss: [1m[32m0.06444[0m[0m | time: 93.569s
[2K
| Adam | epoch: 011 | loss: 0.06444 - acc: 0.9853 -- iter: 384/397
[A[ATraining Step: 143  | total loss: [1m[32m0.06049[0m[0m | time: 107.853s
[2K
| Adam | epoch: 011 | loss: 0.06049 - acc: 0.9868 | val_loss: 1.58831 - val_acc: 0.5440 -- iter: 397/397
--
Training Step: 144  | total loss: [1m[32m0.06260[0m[0m | time: 8.530s
[2K
| Adam | epoch: 012 | loss: 0.06260 - acc: 0.9850 -- iter: 032/397
[A[ATraining Step: 145  | total loss: [1m[32m0.07060[0m[0m | time: 16.999s
[2K
| Adam | epoch: 012 | loss: 0.07060 - acc: 0.9802 -- iter: 064/397
[A[ATraining Step: 146  | total loss: [1m[32m0.06634[0m[0m | time: 25.486s
[2K
| Adam | epoch: 012 | loss: 0.06634 - acc: 0.9822 -- iter: 096/397
[A[ATraining Step: 147  | total loss: [1m[32m0.06463[0m[0m | time: 33.978s
[2K
| Adam | epoch: 012 | loss: 0.06463 - acc: 0.9808 -- iter: 128/397
[A[ATraining Step: 148  | total loss: [1m[32m0.06021[0m[0m | time: 42.333s
[2K
| Adam | epoch: 012 | loss: 0.06021 - acc: 0.9828 -- iter: 160/397
[A[ATraining Step: 149  | total loss: [1m[32m0.05563[0m[0m | time: 50.855s
[2K
| Adam | epoch: 012 | loss: 0.05563 - acc: 0.9845 -- iter: 192/397
[A[ATraining Step: 150  | total loss: [1m[32m0.05286[0m[0m | time: 59.484s
[2K
| Adam | epoch: 012 | loss: 0.05286 - acc: 0.9860 -- iter: 224/397
[A[ATraining Step: 151  | total loss: [1m[32m0.05083[0m[0m | time: 67.941s
[2K
| Adam | epoch: 012 | loss: 0.05083 - acc: 0.9874 -- iter: 256/397
[A[ATraining Step: 152  | total loss: [1m[32m0.05005[0m[0m | time: 138.346s
[2K
| Adam | epoch: 012 | loss: 0.05005 - acc: 0.9887 -- iter: 288/397
[A[ATraining Step: 153  | total loss: [1m[32m0.04641[0m[0m | time: 142.429s
[2K
| Adam | epoch: 012 | loss: 0.04641 - acc: 0.9898 -- iter: 320/397
[A[ATraining Step: 154  | total loss: [1m[32m0.04627[0m[0m | time: 146.364s
[2K
| Adam | epoch: 012 | loss: 0.04627 - acc: 0.9908 -- iter: 352/397
[A[ATraining Step: 155  | total loss: [1m[32m0.04409[0m[0m | time: 177.354s
[2K
| Adam | epoch: 012 | loss: 0.04409 - acc: 0.9918 -- iter: 384/397
[A[ATraining Step: 156  | total loss: [1m[32m0.04039[0m[0m | time: 212.291s
[2K
| Adam | epoch: 012 | loss: 0.04039 - acc: 0.9926 | val_loss: 1.47580 - val_acc: 0.6320 -- iter: 397/397
--
Training Step: 157  | total loss: [1m[32m0.03707[0m[0m | time: 31.679s
[2K
| Adam | epoch: 013 | loss: 0.03707 - acc: 0.9933 -- iter: 032/397
[A[ATraining Step: 158  | total loss: [1m[32m0.04036[0m[0m | time: 64.193s
[2K
| Adam | epoch: 013 | loss: 0.04036 - acc: 0.9909 -- iter: 064/397
[A[ATraining Step: 159  | total loss: [1m[32m0.03710[0m[0m | time: 77.820s
[2K
| Adam | epoch: 013 | loss: 0.03710 - acc: 0.9918 -- iter: 096/397
[A[ATraining Step: 160  | total loss: [1m[32m0.03377[0m[0m | time: 114.300s
[2K
| Adam | epoch: 013 | loss: 0.03377 - acc: 0.9926 -- iter: 128/397
[A[ATraining Step: 161  | total loss: [1m[32m0.04107[0m[0m | time: 194.181s
[2K
| Adam | epoch: 013 | loss: 0.04107 - acc: 0.9902 -- iter: 160/397
[A[ATraining Step: 162  | total loss: [1m[32m0.04305[0m[0m | time: 266.035s
[2K
| Adam | epoch: 013 | loss: 0.04305 - acc: 0.9881 -- iter: 192/397
[A[ATraining Step: 163  | total loss: [1m[32m0.04765[0m[0m | time: 300.972s
[2K
| Adam | epoch: 013 | loss: 0.04765 - acc: 0.9830 -- iter: 224/397
[A[ATraining Step: 164  | total loss: [1m[32m0.08860[0m[0m | time: 309.909s
[2K
| Adam | epoch: 013 | loss: 0.08860 - acc: 0.9785 -- iter: 256/397
[A[ATraining Step: 165  | total loss: [1m[32m0.08920[0m[0m | time: 318.661s
[2K
| Adam | epoch: 013 | loss: 0.08920 - acc: 0.9744 -- iter: 288/397
[A[ATraining Step: 166  | total loss: [1m[32m0.09138[0m[0m | time: 327.315s
[2K
| Adam | epoch: 013 | loss: 0.09138 - acc: 0.9738 -- iter: 320/397
[A[ATraining Step: 167  | total loss: [1m[32m0.08247[0m[0m | time: 331.472s
[2K
| Adam | epoch: 013 | loss: 0.08247 - acc: 0.9764 -- iter: 352/397
[A[ATraining Step: 168  | total loss: [1m[32m0.08443[0m[0m | time: 335.875s
[2K
| Adam | epoch: 013 | loss: 0.08443 - acc: 0.9711 -- iter: 384/397
[A[ATraining Step: 169  | total loss: [1m[32m0.07823[0m[0m | time: 350.689s
[2K
| Adam | epoch: 013 | loss: 0.07823 - acc: 0.9740 | val_loss: 2.86828 - val_acc: 0.4800 -- iter: 397/397
--
Training Step: 170  | total loss: [1m[32m0.09273[0m[0m | time: 8.809s
[2K
| Adam | epoch: 014 | loss: 0.09273 - acc: 0.9703 -- iter: 032/397
[A[ATraining Step: 171  | total loss: [1m[32m0.09520[0m[0m | time: 17.689s
[2K
| Adam | epoch: 014 | loss: 0.09520 - acc: 0.9702 -- iter: 064/397
[A[ATraining Step: 172  | total loss: [1m[32m0.08748[0m[0m | time: 26.700s
[2K
| Adam | epoch: 014 | loss: 0.08748 - acc: 0.9732 -- iter: 096/397
[A[ATraining Step: 173  | total loss: [1m[32m0.08761[0m[0m | time: 35.426s
[2K
| Adam | epoch: 014 | loss: 0.08761 - acc: 0.9696 -- iter: 128/397
[A[ATraining Step: 174  | total loss: [1m[32m0.07956[0m[0m | time: 44.184s
[2K
| Adam | epoch: 014 | loss: 0.07956 - acc: 0.9726 -- iter: 160/397
[A[ATraining Step: 175  | total loss: [1m[32m0.07947[0m[0m | time: 53.013s
[2K
| Adam | epoch: 014 | loss: 0.07947 - acc: 0.9722 -- iter: 192/397
[A[ATraining Step: 176  | total loss: [1m[32m0.07304[0m[0m | time: 61.729s
[2K
| Adam | epoch: 014 | loss: 0.07304 - acc: 0.9750 -- iter: 224/397
[A[ATraining Step: 177  | total loss: [1m[32m0.06765[0m[0m | time: 70.429s
[2K
| Adam | epoch: 014 | loss: 0.06765 - acc: 0.9775 -- iter: 256/397
[A[ATraining Step: 178  | total loss: [1m[32m0.06187[0m[0m | time: 79.345s
[2K
| Adam | epoch: 014 | loss: 0.06187 - acc: 0.9798 -- iter: 288/397
[A[ATraining Step: 179  | total loss: [1m[32m0.06101[0m[0m | time: 88.412s
[2K
| Adam | epoch: 014 | loss: 0.06101 - acc: 0.9787 -- iter: 320/397
[A[ATraining Step: 180  | total loss: [1m[32m0.05743[0m[0m | time: 97.361s
[2K
| Adam | epoch: 014 | loss: 0.05743 - acc: 0.9808 -- iter: 352/397
[A[ATraining Step: 181  | total loss: [1m[32m0.06141[0m[0m | time: 101.592s
[2K
| Adam | epoch: 014 | loss: 0.06141 - acc: 0.9765 -- iter: 384/397
[A[ATraining Step: 182  | total loss: [1m[32m0.05574[0m[0m | time: 111.623s
[2K
| Adam | epoch: 014 | loss: 0.05574 - acc: 0.9788 | val_loss: 1.06444 - val_acc: 0.6320 -- iter: 397/397
--
Training Step: 183  | total loss: [1m[32m0.05059[0m[0m | time: 8.910s
[2K
| Adam | epoch: 015 | loss: 0.05059 - acc: 0.9809 -- iter: 032/397
[A[ATraining Step: 184  | total loss: [1m[32m0.05418[0m[0m | time: 17.672s
[2K
| Adam | epoch: 015 | loss: 0.05418 - acc: 0.9797 -- iter: 064/397
[A[ATraining Step: 185  | total loss: [1m[32m0.06020[0m[0m | time: 26.607s
[2K
| Adam | epoch: 015 | loss: 0.06020 - acc: 0.9786 -- iter: 096/397
[A[ATraining Step: 186  | total loss: [1m[32m0.05504[0m[0m | time: 35.302s
[2K
| Adam | epoch: 015 | loss: 0.05504 - acc: 0.9808 -- iter: 128/397
[A[ATraining Step: 187  | total loss: [1m[32m0.05539[0m[0m | time: 44.473s
[2K
| Adam | epoch: 015 | loss: 0.05539 - acc: 0.9796 -- iter: 160/397
[A[ATraining Step: 188  | total loss: [1m[32m0.05071[0m[0m | time: 53.346s
[2K
| Adam | epoch: 015 | loss: 0.05071 - acc: 0.9816 -- iter: 192/397
[A[ATraining Step: 189  | total loss: [1m[32m0.05004[0m[0m | time: 62.146s
[2K
| Adam | epoch: 015 | loss: 0.05004 - acc: 0.9803 -- iter: 224/397
[A[ATraining Step: 190  | total loss: [1m[32m0.04603[0m[0m | time: 70.569s
[2K
| Adam | epoch: 015 | loss: 0.04603 - acc: 0.9823 -- iter: 256/397
[A[ATraining Step: 191  | total loss: [1m[32m0.06444[0m[0m | time: 79.397s
[2K
| Adam | epoch: 015 | loss: 0.06444 - acc: 0.9809 -- iter: 288/397
[A[ATraining Step: 192  | total loss: [1m[32m0.09347[0m[0m | time: 88.036s
[2K
| Adam | epoch: 015 | loss: 0.09347 - acc: 0.9766 -- iter: 320/397
[A[ATraining Step: 193  | total loss: [1m[32m0.08485[0m[0m | time: 96.600s
[2K
| Adam | epoch: 015 | loss: 0.08485 - acc: 0.9789 -- iter: 352/397
[A[ATraining Step: 194  | total loss: [1m[32m0.07761[0m[0m | time: 105.237s
[2K
| Adam | epoch: 015 | loss: 0.07761 - acc: 0.9810 -- iter: 384/397
[A[ATraining Step: 195  | total loss: [1m[32m0.07465[0m[0m | time: 114.807s
[2K
| Adam | epoch: 015 | loss: 0.07465 - acc: 0.9798 | val_loss: 0.68136 - val_acc: 0.7520 -- iter: 397/397
--
Validation AUC:0.8589743589743589
Validation AUPRC:0.8508730639631569
Test AUC:0.8824884792626728
Test AUPRC:0.890261436452996
BestTestF1Score	0.79	0.6	0.8	0.81	0.77	48	11	52	14	0.73
BestTestMCCScore	0.79	0.6	0.8	0.81	0.77	48	11	52	14	0.73
BestTestAccuracyScore	0.77	0.57	0.78	0.81	0.74	46	11	52	16	0.75
BestValidationF1Score	0.82	0.63	0.82	0.78	0.85	51	14	51	9	0.73
BestValidationMCC	0.82	0.63	0.82	0.78	0.85	51	14	51	9	0.73
BestValidationAccuracy	0.81	0.63	0.82	0.79	0.83	50	13	52	10	0.75
TestPredictions (Threshold:0.73)
CHEMBL1796807,TN,INACT,0.36000001430511475	CHEMBL2426051,TN,INACT,0.07999999821186066	CHEMBL374237,TN,INACT,0.6000000238418579	CHEMBL2088306,TN,INACT,0.009999999776482582	CHEMBL3415542,FP,INACT,0.8700000047683716	CHEMBL3651112,TP,ACT,1.0	CHEMBL3775613,TP,ACT,1.0	CHEMBL1795982,FN,ACT,0.5299999713897705	CHEMBL3651092,TP,ACT,1.0	CHEMBL1242937,TN,INACT,0.23999999463558197	CHEMBL2430704,TN,INACT,0.3499999940395355	CHEMBL3651583,FN,ACT,0.6299999952316284	CHEMBL3651096,TP,ACT,1.0	CHEMBL3682537,TP,ACT,0.9900000095367432	CHEMBL1198896,FN,ACT,0.05000000074505806	CHEMBL3758988,TP,ACT,1.0	CHEMBL188485,TN,INACT,0.029999999329447746	CHEMBL1830139,TN,INACT,0.11999999731779099	CHEMBL2426048,TN,INACT,0.5099999904632568	CHEMBL1797649,TP,ACT,0.9900000095367432	CHEMBL3786232,TN,INACT,0.019999999552965164	CHEMBL3651572,TP,ACT,0.7400000095367432	CHEMBL3134371,TN,INACT,0.1899999976158142	CHEMBL3651586,TP,ACT,1.0	CHEMBL3629473,TN,INACT,0.28999999165534973	CHEMBL297453,TN,INACT,0.5600000023841858	CHEMBL1234945,TN,INACT,0.14000000059604645	CHEMBL2440540,TN,INACT,0.3100000023841858	CHEMBL3734880,TN,INACT,0.36000001430511475	CHEMBL1950703,TN,INACT,0.5600000023841858	CHEMBL3651150,TP,ACT,0.9700000286102295	CHEMBL3651109,TP,ACT,0.9900000095367432	CHEMBL3651589,TP,ACT,1.0	CHEMBL1162074,FP,INACT,0.8899999856948853	CHEMBL1774778,FP,INACT,0.9800000190734863	CHEMBL3651121,TP,ACT,1.0	CHEMBL1797650,TP,ACT,0.9900000095367432	CHEMBL2334486,TN,INACT,0.009999999776482582	CHEMBL3133851,FN,ACT,0.20000000298023224	CHEMBL3786652,TN,INACT,0.550000011920929	CHEMBL3415551,TN,INACT,0.5600000023841858	CHEMBL3651585,TP,ACT,1.0	CHEMBL3655332,TP,ACT,1.0	CHEMBL3633002,FP,INACT,0.9599999785423279	CHEMBL2440575,TN,INACT,0.3700000047683716	CHEMBL2391738,TN,INACT,0.029999999329447746	CHEMBL13311,TN,INACT,0.5600000023841858	CHEMBL3770084,TN,INACT,0.5699999928474426	CHEMBL3787012,TP,ACT,0.9800000190734863	CHEMBL1830143,TN,INACT,0.4099999964237213	CHEMBL3401325,FN,ACT,0.6399999856948853	CHEMBL3402046,TP,ACT,1.0	CHEMBL498683,TN,INACT,0.17000000178813934	CHEMBL3134337,FP,INACT,0.8500000238418579	CHEMBL1253700,TN,INACT,0.28999999165534973	CHEMBL2017126,TN,INACT,0.44999998807907104	CHEMBL257990,FP,INACT,1.0	CHEMBL3347612,FN,ACT,0.550000011920929	CHEMBL3134347,FN,ACT,0.3700000047683716	CHEMBL3108900,TP,ACT,1.0	CHEMBL3219617,TN,INACT,0.019999999552965164	CHEMBL3086341,TN,INACT,0.1899999976158142	CHEMBL3758833,TN,INACT,0.09000000357627869	CHEMBL3633006,FP,INACT,0.9200000166893005	CHEMBL2334488,TN,INACT,0.03999999910593033	CHEMBL3735310,TP,ACT,0.7799999713897705	CHEMBL3651094,TP,ACT,1.0	CHEMBL3651115,TP,ACT,1.0	CHEMBL2440576,TN,INACT,0.03999999910593033	CHEMBL2426136,TN,INACT,0.4300000071525574	CHEMBL2409538,TN,INACT,0.550000011920929	CHEMBL3651114,TP,ACT,1.0	CHEMBL3651113,TP,ACT,1.0	CHEMBL3633016,TN,INACT,0.6299999952316284	CHEMBL3785523,TP,ACT,0.9900000095367432	CHEMBL3415361,FN,ACT,0.7200000286102295	CHEMBL1927673,TN,INACT,0.03999999910593033	CHEMBL2420789,TN,INACT,0.03999999910593033	CHEMBL3775312,FN,ACT,0.5899999737739563	CHEMBL1269199,TN,INACT,0.10999999940395355	CHEMBL3651593,TP,ACT,1.0	CHEMBL3127978,FP,INACT,0.949999988079071	CHEMBL2430709,TN,INACT,0.20000000298023224	CHEMBL1806763,TN,INACT,0.14000000059604645	CHEMBL3134377,TP,ACT,0.9399999976158142	CHEMBL3104346,TP,ACT,0.7300000190734863	CHEMBL2204766,TN,INACT,0.27000001072883606	CHEMBL3651142,TP,ACT,1.0	CHEMBL3651132,TP,ACT,0.9900000095367432	CHEMBL3655321,TP,ACT,1.0	CHEMBL3104250,FN,ACT,0.27000001072883606	CHEMBL2334190,TN,INACT,0.03999999910593033	CHEMBL186191,TN,INACT,0.019999999552965164	CHEMBL3759574,FN,ACT,0.5899999737739563	CHEMBL3651569,TP,ACT,1.0	CHEMBL3651590,TP,ACT,1.0	CHEMBL3622371,FN,ACT,0.6399999856948853	CHEMBL545177,TN,INACT,0.27000001072883606	CHEMBL3104337,TP,ACT,1.0	CHEMBL1254850,FP,INACT,0.8999999761581421	CHEMBL3261200,TN,INACT,0.20000000298023224	CHEMBL3775248,FN,ACT,0.550000011920929	CHEMBL500683,FP,INACT,0.9800000190734863	CHEMBL2440571,TN,INACT,0.23999999463558197	CHEMBL3651110,TP,ACT,1.0	CHEMBL597769,TN,INACT,0.12999999523162842	CHEMBL3759861,TP,ACT,1.0	CHEMBL3104349,TP,ACT,0.7599999904632568	CHEMBL3415352,TP,ACT,0.7599999904632568	CHEMBL3330328,TP,ACT,0.9900000095367432	CHEMBL1938897,FN,ACT,0.07000000029802322	CHEMBL3415353,TP,ACT,0.9900000095367432	CHEMBL3651147,TP,ACT,1.0	CHEMBL3760085,TP,ACT,0.9100000262260437	CHEMBL3633018,TN,INACT,0.44999998807907104	CHEMBL2334500,TN,INACT,0.019999999552965164	CHEMBL3736127,TP,ACT,0.9700000286102295	CHEMBL3108958,TP,ACT,0.8799999952316284	CHEMBL230436,TN,INACT,0.6200000047683716	CHEMBL3347629,TP,ACT,0.8199999928474426	CHEMBL3421675,TP,ACT,1.0	CHEMBL597392,FP,INACT,0.9300000071525574	CHEMBL3651592,TP,ACT,0.9900000095367432	CHEMBL3651582,TP,ACT,0.8199999928474426	CHEMBL2440567,TN,INACT,0.029999999329447746	

