ImageNetInceptionV2 CHEMBL1929 adam 0.0005 15 0 0 0.8 False True
Number of active compounds :	104
Number of inactive compounds :	104
---------------------------------
Run id: ImageNetInceptionV2_CHEMBL1929_adam_0.0005_15_0_0_0.8_False_True_id
Log directory: ../tflearnLogs/ImageNetInceptionV2_CHEMBL1929_adam_0.0005_15_0.8/
---------------------------------
Training samples: 89
Validation samples: 28
--
Training Step: 1  | time: 36.047s
[2K
| Adam | epoch: 001 | loss: 0.00000 - acc: 0.0000 -- iter: 32/89
[A[ATraining Step: 2  | total loss: [1m[32m0.58916[0m[0m | time: 43.988s
[2K
| Adam | epoch: 001 | loss: 0.58916 - acc: 0.5625 -- iter: 64/89
[A[ATraining Step: 3  | total loss: [1m[32m0.55765[0m[0m | time: 57.475s
[2K
| Adam | epoch: 001 | loss: 0.55765 - acc: 0.7670 | val_loss: 0.67460 - val_acc: 0.6786 -- iter: 89/89
--
Training Step: 4  | total loss: [1m[32m0.41676[0m[0m | time: 6.612s
[2K
| Adam | epoch: 002 | loss: 0.41676 - acc: 0.7918 -- iter: 32/89
[A[ATraining Step: 5  | total loss: [1m[32m0.19580[0m[0m | time: 14.432s
[2K
| Adam | epoch: 002 | loss: 0.19580 - acc: 0.9359 -- iter: 64/89
[A[ATraining Step: 6  | total loss: [1m[32m0.19302[0m[0m | time: 23.446s
[2K
| Adam | epoch: 002 | loss: 0.19302 - acc: 0.9570 | val_loss: 0.66756 - val_acc: 0.6786 -- iter: 89/89
--
Training Step: 7  | total loss: [1m[32m0.51913[0m[0m | time: 6.720s
[2K
| Adam | epoch: 003 | loss: 0.51913 - acc: 0.8516 -- iter: 32/89
[A[ATraining Step: 8  | total loss: [1m[32m0.25405[0m[0m | time: 13.134s
[2K
| Adam | epoch: 003 | loss: 0.25405 - acc: 0.9351 -- iter: 64/89
[A[ATraining Step: 9  | total loss: [1m[32m0.13061[0m[0m | time: 22.215s
[2K
| Adam | epoch: 003 | loss: 0.13061 - acc: 0.9694 | val_loss: 1.38728 - val_acc: 0.6786 -- iter: 89/89
--
Training Step: 10  | total loss: [1m[32m0.08711[0m[0m | time: 7.892s
[2K
| Adam | epoch: 004 | loss: 0.08711 - acc: 0.9847 -- iter: 32/89
[A[ATraining Step: 11  | total loss: [1m[32m0.12486[0m[0m | time: 14.276s
[2K
| Adam | epoch: 004 | loss: 0.12486 - acc: 0.9772 -- iter: 64/89
[A[ATraining Step: 12  | total loss: [1m[32m0.07926[0m[0m | time: 22.120s
[2K
| Adam | epoch: 004 | loss: 0.07926 - acc: 0.9874 | val_loss: 1.46317 - val_acc: 0.6786 -- iter: 89/89
--
Training Step: 13  | total loss: [1m[32m0.04957[0m[0m | time: 7.785s
[2K
| Adam | epoch: 005 | loss: 0.04957 - acc: 0.9928 -- iter: 32/89
[A[ATraining Step: 14  | total loss: [1m[32m0.18908[0m[0m | time: 15.656s
[2K
| Adam | epoch: 005 | loss: 0.18908 - acc: 0.9830 -- iter: 64/89
[A[ATraining Step: 15  | total loss: [1m[32m0.20892[0m[0m | time: 23.345s
[2K
| Adam | epoch: 005 | loss: 0.20892 - acc: 0.9530 | val_loss: 1.57735 - val_acc: 0.6786 -- iter: 89/89
--
Training Step: 16  | total loss: [1m[32m0.13662[0m[0m | time: 7.536s
[2K
| Adam | epoch: 006 | loss: 0.13662 - acc: 0.9706 -- iter: 32/89
[A[ATraining Step: 17  | total loss: [1m[32m0.09389[0m[0m | time: 16.123s
[2K
| Adam | epoch: 006 | loss: 0.09389 - acc: 0.9812 -- iter: 64/89
[A[ATraining Step: 18  | total loss: [1m[32m0.07438[0m[0m | time: 26.159s
[2K
| Adam | epoch: 006 | loss: 0.07438 - acc: 0.9877 | val_loss: 1.50760 - val_acc: 0.6786 -- iter: 89/89
--
Training Step: 19  | total loss: [1m[32m0.08868[0m[0m | time: 7.564s
[2K
| Adam | epoch: 007 | loss: 0.08868 - acc: 0.9605 -- iter: 32/89
[A[ATraining Step: 20  | total loss: [1m[32m0.06319[0m[0m | time: 14.722s
[2K
| Adam | epoch: 007 | loss: 0.06319 - acc: 0.9732 -- iter: 64/89
[A[ATraining Step: 21  | total loss: [1m[32m0.04570[0m[0m | time: 24.693s
[2K
| Adam | epoch: 007 | loss: 0.04570 - acc: 0.9815 | val_loss: 1.77957 - val_acc: 0.6786 -- iter: 89/89
--
Training Step: 22  | total loss: [1m[32m0.09581[0m[0m | time: 8.547s
[2K
| Adam | epoch: 008 | loss: 0.09581 - acc: 0.9683 -- iter: 32/89
[A[ATraining Step: 23  | total loss: [1m[32m0.07593[0m[0m | time: 16.064s
[2K
| Adam | epoch: 008 | loss: 0.07593 - acc: 0.9775 -- iter: 64/89
[A[ATraining Step: 24  | total loss: [1m[32m0.05544[0m[0m | time: 23.881s
[2K
| Adam | epoch: 008 | loss: 0.05544 - acc: 0.9838 | val_loss: 2.66973 - val_acc: 0.6786 -- iter: 89/89
--
Training Step: 25  | total loss: [1m[32m0.04134[0m[0m | time: 7.935s
[2K
| Adam | epoch: 009 | loss: 0.04134 - acc: 0.9882 -- iter: 32/89
[A[ATraining Step: 26  | total loss: [1m[32m0.05641[0m[0m | time: 15.698s
[2K
| Adam | epoch: 009 | loss: 0.05641 - acc: 0.9831 -- iter: 64/89
[A[ATraining Step: 27  | total loss: [1m[32m0.04639[0m[0m | time: 23.385s
[2K
| Adam | epoch: 009 | loss: 0.04639 - acc: 0.9874 | val_loss: 3.45210 - val_acc: 0.6786 -- iter: 89/89
--
Training Step: 28  | total loss: [1m[32m0.03709[0m[0m | time: 6.476s
[2K
| Adam | epoch: 010 | loss: 0.03709 - acc: 0.9906 -- iter: 32/89
[A[ATraining Step: 29  | total loss: [1m[32m0.03007[0m[0m | time: 14.252s
[2K
| Adam | epoch: 010 | loss: 0.03007 - acc: 0.9929 -- iter: 64/89
[A[ATraining Step: 30  | total loss: [1m[32m0.02945[0m[0m | time: 23.162s
[2K
| Adam | epoch: 010 | loss: 0.02945 - acc: 0.9872 | val_loss: 3.61279 - val_acc: 0.6786 -- iter: 89/89
--
Training Step: 31  | total loss: [1m[32m0.02467[0m[0m | time: 6.457s
[2K
| Adam | epoch: 011 | loss: 0.02467 - acc: 0.9901 -- iter: 32/89
[A[ATraining Step: 32  | total loss: [1m[32m0.01979[0m[0m | time: 12.887s
[2K
| Adam | epoch: 011 | loss: 0.01979 - acc: 0.9923 -- iter: 64/89
[A[ATraining Step: 33  | total loss: [1m[32m0.01593[0m[0m | time: 21.976s
[2K
| Adam | epoch: 011 | loss: 0.01593 - acc: 0.9940 | val_loss: 3.55060 - val_acc: 0.6786 -- iter: 89/89
--
Training Step: 34  | total loss: [1m[32m0.01295[0m[0m | time: 7.983s
[2K
| Adam | epoch: 012 | loss: 0.01295 - acc: 0.9953 -- iter: 32/89
[A[ATraining Step: 35  | total loss: [1m[32m0.01140[0m[0m | time: 14.435s
[2K
| Adam | epoch: 012 | loss: 0.01140 - acc: 0.9963 -- iter: 64/89
[A[ATraining Step: 36  | total loss: [1m[32m0.05978[0m[0m | time: 22.154s
[2K
| Adam | epoch: 012 | loss: 0.05978 - acc: 0.9889 | val_loss: 3.90636 - val_acc: 0.6786 -- iter: 89/89
--
Training Step: 37  | total loss: [1m[32m0.04815[0m[0m | time: 7.702s
[2K
| Adam | epoch: 013 | loss: 0.04815 - acc: 0.9911 -- iter: 32/89
[A[ATraining Step: 38  | total loss: [1m[32m0.12658[0m[0m | time: 15.360s
[2K
| Adam | epoch: 013 | loss: 0.12658 - acc: 0.9867 -- iter: 64/89
[A[ATraining Step: 39  | total loss: [1m[32m0.10962[0m[0m | time: 23.115s
[2K
| Adam | epoch: 013 | loss: 0.10962 - acc: 0.9833 | val_loss: 3.96613 - val_acc: 0.6786 -- iter: 89/89
--
Training Step: 40  | total loss: [1m[32m0.15049[0m[0m | time: 6.546s
[2K
| Adam | epoch: 014 | loss: 0.15049 - acc: 0.9789 -- iter: 32/89
[A[ATraining Step: 41  | total loss: [1m[32m0.12457[0m[0m | time: 14.379s
[2K
| Adam | epoch: 014 | loss: 0.12457 - acc: 0.9828 -- iter: 64/89
[A[ATraining Step: 42  | total loss: [1m[32m0.11671[0m[0m | time: 23.399s
[2K
| Adam | epoch: 014 | loss: 0.11671 - acc: 0.9803 | val_loss: 3.25997 - val_acc: 0.6786 -- iter: 89/89
--
Training Step: 43  | total loss: [1m[32m0.16229[0m[0m | time: 6.735s
[2K
| Adam | epoch: 015 | loss: 0.16229 - acc: 0.9727 -- iter: 32/89
[A[ATraining Step: 44  | total loss: [1m[32m0.13693[0m[0m | time: 13.088s
[2K
| Adam | epoch: 015 | loss: 0.13693 - acc: 0.9774 -- iter: 64/89
[A[ATraining Step: 45  | total loss: [1m[32m0.11586[0m[0m | time: 22.058s
[2K
| Adam | epoch: 015 | loss: 0.11586 - acc: 0.9813 | val_loss: 2.46075 - val_acc: 0.6786 -- iter: 89/89
--
/homes/tdogan/miniconda2/envs/my-rdkit-env/lib/python3.6/site-packages/sklearn/metrics/classification.py:538: RuntimeWarning: invalid value encountered in double_scalars
  mcc = cov_ytyp / np.sqrt(cov_ytyt * cov_ypyp)
Validation AUC:0.5906432748538012
Validation AUPRC:0.7103640538076
Test AUC:0.85
Test AUPRC:0.8814755720808858
BestTestF1Score	0.85	0.3	0.75	0.74	1.0	20	7	1	0	1.0
BestTestMCCScore	0.85	0.3	0.75	0.74	1.0	20	7	1	0	1.0
BestTestAccuracyScore	0.85	0.3	0.75	0.74	1.0	20	7	1	0	1.0
BestValidationF1Score	0.81	0.0	0.68	0.68	1.0	19	9	0	0	1.0
BestValidationMCC	0.81	0.0	0.68	0.68	1.0	19	9	0	0	1.0
BestValidationAccuracy	0.81	0.0	0.68	0.68	1.0	19	9	0	0	1.0
TestPredictions (Threshold:1.0)
CHEMBL3127132,TP,ACT,1.0	CHEMBL3127124,TP,ACT,1.0	CHEMBL1761214,TN,INACT,0.9900000095367432	CHEMBL3127127,TP,ACT,1.0	CHEMBL1818922,FP,INACT,1.0	CHEMBL3127126,TP,ACT,1.0	CHEMBL84643,TP,ACT,1.0	CHEMBL3127120,TP,ACT,1.0	CHEMBL2205494,TP,ACT,1.0	CHEMBL859,TP,ACT,1.0	CHEMBL2313031,FP,INACT,1.0	CHEMBL3594383,TP,ACT,1.0	CHEMBL9323,FP,INACT,1.0	CHEMBL312213,TP,ACT,1.0	CHEMBL1761215,FP,INACT,1.0	CHEMBL37387,TP,ACT,1.0	CHEMBL3741999,TP,ACT,1.0	CHEMBL379064,TP,ACT,1.0	CHEMBL563498,TP,ACT,1.0	CHEMBL3127130,TP,ACT,1.0	CHEMBL2205497,TP,ACT,1.0	CHEMBL3247911,TP,ACT,1.0	CHEMBL1761208,FP,INACT,1.0	CHEMBL38464,FP,INACT,1.0	CHEMBL486027,FP,INACT,1.0	CHEMBL459843,TP,ACT,1.0	CHEMBL164,TP,ACT,1.0	CHEMBL3740128,TP,ACT,1.0	

