ImageNetInceptionV2 CHEMBL6164 adam 0.001 30 0 0 0.8 False True
Number of active compounds :	222
Number of inactive compounds :	222
---------------------------------
Run id: ImageNetInceptionV2_CHEMBL6164_adam_0.001_30_0_0_0.8_False_True_id
Log directory: ../tflearnLogs/ImageNetInceptionV2_CHEMBL6164_adam_0.001_30_0.8/
---------------------------------
Training samples: 282
Validation samples: 89
--
Training Step: 1  | time: 574.036s
[2K
| Adam | epoch: 001 | loss: 0.00000 - acc: 0.0000 -- iter: 032/282
[A[ATraining Step: 2  | total loss: [1m[32m0.64750[0m[0m | time: 802.757s
[2K
| Adam | epoch: 001 | loss: 0.64750 - acc: 0.4781 -- iter: 064/282
[A[ATraining Step: 3  | total loss: [1m[32m0.62646[0m[0m | time: 1165.739s
[2K
| Adam | epoch: 001 | loss: 0.62646 - acc: 0.6494 -- iter: 096/282
[A[ATraining Step: 4  | total loss: [1m[32m0.71515[0m[0m | time: 1388.615s
[2K
| Adam | epoch: 001 | loss: 0.71515 - acc: 0.5842 -- iter: 128/282
[A[ATraining Step: 5  | total loss: [1m[32m0.54973[0m[0m | time: 1478.115s
[2K
| Adam | epoch: 001 | loss: 0.54973 - acc: 0.7206 -- iter: 160/282
[A[ATraining Step: 6  | total loss: [1m[32m0.55222[0m[0m | time: 1549.675s
[2K
| Adam | epoch: 001 | loss: 0.55222 - acc: 0.7194 -- iter: 192/282
[A[ATraining Step: 7  | total loss: [1m[32m0.53630[0m[0m | time: 1675.604s
[2K
| Adam | epoch: 001 | loss: 0.53630 - acc: 0.6628 -- iter: 224/282
[A[ATraining Step: 8  | total loss: [1m[32m0.65374[0m[0m | time: 1798.208s
[2K
| Adam | epoch: 001 | loss: 0.65374 - acc: 0.7646 -- iter: 256/282
[A[ATraining Step: 9  | total loss: [1m[32m0.51475[0m[0m | time: 1950.650s
[2K
| Adam | epoch: 001 | loss: 0.51475 - acc: 0.7569 | val_loss: 1.06607 - val_acc: 0.4719 -- iter: 282/282
--
Training Step: 10  | total loss: [1m[32m0.45237[0m[0m | time: 76.390s
[2K
| Adam | epoch: 002 | loss: 0.45237 - acc: 0.7823 -- iter: 032/282
[A[ATraining Step: 11  | total loss: [1m[32m0.35943[0m[0m | time: 120.719s
[2K
| Adam | epoch: 002 | loss: 0.35943 - acc: 0.8490 -- iter: 064/282
[A[ATraining Step: 12  | total loss: [1m[32m0.44621[0m[0m | time: 169.956s
[2K
| Adam | epoch: 002 | loss: 0.44621 - acc: 0.8044 -- iter: 096/282
[A[ATraining Step: 13  | total loss: [1m[32m0.48929[0m[0m | time: 222.639s
[2K
| Adam | epoch: 002 | loss: 0.48929 - acc: 0.7677 -- iter: 128/282
[A[ATraining Step: 14  | total loss: [1m[32m0.49179[0m[0m | time: 246.410s
[2K
| Adam | epoch: 002 | loss: 0.49179 - acc: 0.7733 -- iter: 160/282
[A[ATraining Step: 15  | total loss: [1m[32m0.47316[0m[0m | time: 303.216s
[2K
| Adam | epoch: 002 | loss: 0.47316 - acc: 0.7764 -- iter: 192/282
[A[ATraining Step: 16  | total loss: [1m[32m0.51813[0m[0m | time: 408.819s
[2K
| Adam | epoch: 002 | loss: 0.51813 - acc: 0.7548 -- iter: 224/282
[A[ATraining Step: 17  | total loss: [1m[32m0.67040[0m[0m | time: 523.914s
[2K
| Adam | epoch: 002 | loss: 0.67040 - acc: 0.6856 -- iter: 256/282
[A[ATraining Step: 18  | total loss: [1m[32m0.54893[0m[0m | time: 609.079s
[2K
| Adam | epoch: 002 | loss: 0.54893 - acc: 0.7403 | val_loss: 1.07264 - val_acc: 0.4719 -- iter: 282/282
--
Training Step: 19  | total loss: [1m[32m0.47458[0m[0m | time: 27.002s
[2K
| Adam | epoch: 003 | loss: 0.47458 - acc: 0.8060 -- iter: 032/282
[A[ATraining Step: 20  | total loss: [1m[32m0.45372[0m[0m | time: 42.531s
[2K
| Adam | epoch: 003 | loss: 0.45372 - acc: 0.7942 -- iter: 064/282
[A[ATraining Step: 21  | total loss: [1m[32m0.40965[0m[0m | time: 184.289s
[2K
| Adam | epoch: 003 | loss: 0.40965 - acc: 0.8103 -- iter: 096/282
[A[ATraining Step: 22  | total loss: [1m[32m0.49581[0m[0m | time: 199.801s
[2K
| Adam | epoch: 003 | loss: 0.49581 - acc: 0.7735 -- iter: 128/282
[A[ATraining Step: 23  | total loss: [1m[32m0.45945[0m[0m | time: 230.261s
[2K
| Adam | epoch: 003 | loss: 0.45945 - acc: 0.7848 -- iter: 160/282
[A[ATraining Step: 24  | total loss: [1m[32m0.43892[0m[0m | time: 259.176s
[2K
| Adam | epoch: 003 | loss: 0.43892 - acc: 0.8014 -- iter: 192/282
[A[ATraining Step: 25  | total loss: [1m[32m0.42449[0m[0m | time: 291.222s
[2K
| Adam | epoch: 003 | loss: 0.42449 - acc: 0.8044 -- iter: 224/282
[A[ATraining Step: 26  | total loss: [1m[32m0.43448[0m[0m | time: 310.023s
[2K
| Adam | epoch: 003 | loss: 0.43448 - acc: 0.8066 -- iter: 256/282
[A[ATraining Step: 27  | total loss: [1m[32m0.40040[0m[0m | time: 447.186s
[2K
| Adam | epoch: 003 | loss: 0.40040 - acc: 0.8081 | val_loss: 0.70378 - val_acc: 0.5281 -- iter: 282/282
--
Training Step: 28  | total loss: [1m[32m0.36987[0m[0m | time: 40.961s
[2K
| Adam | epoch: 004 | loss: 0.36987 - acc: 0.8404 -- iter: 032/282
[A[ATraining Step: 29  | total loss: [1m[32m0.35219[0m[0m | time: 57.898s
[2K
| Adam | epoch: 004 | loss: 0.35219 - acc: 0.8488 -- iter: 064/282
[A[ATraining Step: 30  | total loss: [1m[32m0.33457[0m[0m | time: 69.850s
[2K
| Adam | epoch: 004 | loss: 0.33457 - acc: 0.8573 -- iter: 096/282
[A[ATraining Step: 31  | total loss: [1m[32m0.30411[0m[0m | time: 84.230s
[2K
| Adam | epoch: 004 | loss: 0.30411 - acc: 0.8725 -- iter: 128/282
[A[ATraining Step: 32  | total loss: [1m[32m0.28542[0m[0m | time: 109.546s
[2K
| Adam | epoch: 004 | loss: 0.28542 - acc: 0.8801 -- iter: 160/282
[A[ATraining Step: 33  | total loss: [1m[32m0.28209[0m[0m | time: 118.368s
[2K
| Adam | epoch: 004 | loss: 0.28209 - acc: 0.8721 -- iter: 192/282
[A[ATraining Step: 34  | total loss: [1m[32m0.24414[0m[0m | time: 127.466s
[2K
| Adam | epoch: 004 | loss: 0.24414 - acc: 0.8995 -- iter: 224/282
[A[ATraining Step: 35  | total loss: [1m[32m0.21480[0m[0m | time: 138.814s
[2K
| Adam | epoch: 004 | loss: 0.21480 - acc: 0.9140 -- iter: 256/282
[A[ATraining Step: 36  | total loss: [1m[32m0.18926[0m[0m | time: 157.776s
[2K
| Adam | epoch: 004 | loss: 0.18926 - acc: 0.9316 | val_loss: 3.34555 - val_acc: 0.5281 -- iter: 282/282
--
Training Step: 37  | total loss: [1m[32m0.23529[0m[0m | time: 31.283s
[2K
| Adam | epoch: 005 | loss: 0.23529 - acc: 0.9140 -- iter: 032/282
[A[ATraining Step: 38  | total loss: [1m[32m0.27786[0m[0m | time: 55.152s
[2K
| Adam | epoch: 005 | loss: 0.27786 - acc: 0.9064 -- iter: 064/282
[A[ATraining Step: 39  | total loss: [1m[32m0.29488[0m[0m | time: 88.979s
[2K
| Adam | epoch: 005 | loss: 0.29488 - acc: 0.9004 -- iter: 096/282
[A[ATraining Step: 40  | total loss: [1m[32m0.28940[0m[0m | time: 107.553s
[2K
| Adam | epoch: 005 | loss: 0.28940 - acc: 0.8974 -- iter: 128/282
[A[ATraining Step: 41  | total loss: [1m[32m0.25397[0m[0m | time: 156.939s
[2K
| Adam | epoch: 005 | loss: 0.25397 - acc: 0.9163 -- iter: 160/282
[A[ATraining Step: 42  | total loss: [1m[32m0.23216[0m[0m | time: 178.110s
[2K
| Adam | epoch: 005 | loss: 0.23216 - acc: 0.9257 -- iter: 192/282
[A[ATraining Step: 43  | total loss: [1m[32m0.25779[0m[0m | time: 195.162s
[2K
| Adam | epoch: 005 | loss: 0.25779 - acc: 0.9057 -- iter: 224/282
[A[ATraining Step: 44  | total loss: [1m[32m0.24829[0m[0m | time: 212.730s
[2K
| Adam | epoch: 005 | loss: 0.24829 - acc: 0.9058 -- iter: 256/282
[A[ATraining Step: 45  | total loss: [1m[32m0.27426[0m[0m | time: 230.606s
[2K
| Adam | epoch: 005 | loss: 0.27426 - acc: 0.8900 | val_loss: 8.44749 - val_acc: 0.5281 -- iter: 282/282
--
Training Step: 46  | total loss: [1m[32m0.26591[0m[0m | time: 8.889s
[2K
| Adam | epoch: 006 | loss: 0.26591 - acc: 0.8927 -- iter: 032/282
[A[ATraining Step: 47  | total loss: [1m[32m0.29100[0m[0m | time: 31.392s
[2K
| Adam | epoch: 006 | loss: 0.29100 - acc: 0.8847 -- iter: 064/282
[A[ATraining Step: 48  | total loss: [1m[32m0.32410[0m[0m | time: 46.553s
[2K
| Adam | epoch: 006 | loss: 0.32410 - acc: 0.8731 -- iter: 096/282
[A[ATraining Step: 49  | total loss: [1m[32m0.29510[0m[0m | time: 56.771s
[2K
| Adam | epoch: 006 | loss: 0.29510 - acc: 0.8833 -- iter: 128/282
[A[ATraining Step: 50  | total loss: [1m[32m0.28851[0m[0m | time: 76.151s
[2K
| Adam | epoch: 006 | loss: 0.28851 - acc: 0.8954 -- iter: 160/282
[A[ATraining Step: 51  | total loss: [1m[32m0.25684[0m[0m | time: 149.710s
[2K
| Adam | epoch: 006 | loss: 0.25684 - acc: 0.9055 -- iter: 192/282
[A[ATraining Step: 52  | total loss: [1m[32m0.23341[0m[0m | time: 178.831s
[2K
| Adam | epoch: 006 | loss: 0.23341 - acc: 0.9150 -- iter: 224/282
[A[ATraining Step: 53  | total loss: [1m[32m0.22183[0m[0m | time: 267.459s
[2K
| Adam | epoch: 006 | loss: 0.22183 - acc: 0.9183 -- iter: 256/282
[A[ATraining Step: 54  | total loss: [1m[32m0.20794[0m[0m | time: 433.799s
[2K
| Adam | epoch: 006 | loss: 0.20794 - acc: 0.9256 | val_loss: 2.54523 - val_acc: 0.5393 -- iter: 282/282
--
Training Step: 55  | total loss: [1m[32m0.22275[0m[0m | time: 136.631s
[2K
| Adam | epoch: 007 | loss: 0.22275 - acc: 0.9229 -- iter: 032/282
[A[ATraining Step: 56  | total loss: [1m[32m0.22519[0m[0m | time: 296.827s
[2K
| Adam | epoch: 007 | loss: 0.22519 - acc: 0.9205 -- iter: 064/282
[A[ATraining Step: 57  | total loss: [1m[32m0.21735[0m[0m | time: 594.500s
[2K
| Adam | epoch: 007 | loss: 0.21735 - acc: 0.9185 -- iter: 096/282
[A[ATraining Step: 58  | total loss: [1m[32m0.20331[0m[0m | time: 604.148s
[2K
| Adam | epoch: 007 | loss: 0.20331 - acc: 0.9211 -- iter: 128/282
[A[ATraining Step: 59  | total loss: [1m[32m0.19458[0m[0m | time: 615.924s
[2K
| Adam | epoch: 007 | loss: 0.19458 - acc: 0.9233 -- iter: 160/282
[A[ATraining Step: 60  | total loss: [1m[32m0.18639[0m[0m | time: 627.310s
[2K
| Adam | epoch: 007 | loss: 0.18639 - acc: 0.9284 -- iter: 192/282
[A[ATraining Step: 61  | total loss: [1m[32m0.16773[0m[0m | time: 666.715s
[2K
| Adam | epoch: 007 | loss: 0.16773 - acc: 0.9377 -- iter: 224/282
[A[ATraining Step: 62  | total loss: [1m[32m0.15731[0m[0m | time: 935.169s
[2K
| Adam | epoch: 007 | loss: 0.15731 - acc: 0.9417 -- iter: 256/282
[A[ATraining Step: 63  | total loss: [1m[32m0.15795[0m[0m | time: 1174.768s
[2K
| Adam | epoch: 007 | loss: 0.15795 - acc: 0.9372 | val_loss: 1.55115 - val_acc: 0.7191 -- iter: 282/282
--
Training Step: 64  | total loss: [1m[32m0.15787[0m[0m | time: 133.066s
[2K
| Adam | epoch: 008 | loss: 0.15787 - acc: 0.9373 -- iter: 032/282
[A[ATraining Step: 65  | total loss: [1m[32m0.16107[0m[0m | time: 291.012s
[2K
| Adam | epoch: 008 | loss: 0.16107 - acc: 0.9334 -- iter: 064/282
[A[ATraining Step: 66  | total loss: [1m[32m0.16000[0m[0m | time: 423.637s
[2K
| Adam | epoch: 008 | loss: 0.16000 - acc: 0.9339 -- iter: 096/282
[A[ATraining Step: 67  | total loss: [1m[32m0.15348[0m[0m | time: 579.016s
[2K
| Adam | epoch: 008 | loss: 0.15348 - acc: 0.9344 -- iter: 128/282
[A[ATraining Step: 68  | total loss: [1m[32m0.16262[0m[0m | time: 593.363s
[2K
| Adam | epoch: 008 | loss: 0.16262 - acc: 0.9310 -- iter: 160/282
[A[ATraining Step: 69  | total loss: [1m[32m0.15753[0m[0m | time: 600.685s
[2K
| Adam | epoch: 008 | loss: 0.15753 - acc: 0.9318 -- iter: 192/282
[A[ATraining Step: 70  | total loss: [1m[32m0.22074[0m[0m | time: 608.871s
[2K
| Adam | epoch: 008 | loss: 0.22074 - acc: 0.9219 -- iter: 224/282
[A[ATraining Step: 71  | total loss: [1m[32m0.23369[0m[0m | time: 626.446s
[2K
| Adam | epoch: 008 | loss: 0.23369 - acc: 0.9177 -- iter: 256/282
[A[ATraining Step: 72  | total loss: [1m[32m0.22303[0m[0m | time: 799.659s
[2K
| Adam | epoch: 008 | loss: 0.22303 - acc: 0.9199 | val_loss: 2.14731 - val_acc: 0.5056 -- iter: 282/282
--
Training Step: 73  | total loss: [1m[32m0.24024[0m[0m | time: 181.722s
[2K
| Adam | epoch: 009 | loss: 0.24024 - acc: 0.9184 -- iter: 032/282
[A[ATraining Step: 74  | total loss: [1m[32m0.22528[0m[0m | time: 214.463s
[2K
| Adam | epoch: 009 | loss: 0.22528 - acc: 0.9205 -- iter: 064/282
[A[ATraining Step: 75  | total loss: [1m[32m0.20901[0m[0m | time: 246.782s
[2K
| Adam | epoch: 009 | loss: 0.20901 - acc: 0.9257 -- iter: 096/282
[A[ATraining Step: 76  | total loss: [1m[32m0.20641[0m[0m | time: 286.861s
[2K
| Adam | epoch: 009 | loss: 0.20641 - acc: 0.9236 -- iter: 128/282
[A[ATraining Step: 77  | total loss: [1m[32m0.20753[0m[0m | time: 301.069s
[2K
| Adam | epoch: 009 | loss: 0.20753 - acc: 0.9284 -- iter: 160/282
[A[ATraining Step: 78  | total loss: [1m[32m0.22444[0m[0m | time: 314.639s
[2K
| Adam | epoch: 009 | loss: 0.22444 - acc: 0.9261 -- iter: 192/282
[A[ATraining Step: 79  | total loss: [1m[32m0.21712[0m[0m | time: 345.939s
[2K
| Adam | epoch: 009 | loss: 0.21712 - acc: 0.9305 -- iter: 224/282
[A[ATraining Step: 80  | total loss: [1m[32m0.20113[0m[0m | time: 362.496s
[2K
| Adam | epoch: 009 | loss: 0.20113 - acc: 0.9337 -- iter: 256/282
[A[ATraining Step: 81  | total loss: [1m[32m0.18478[0m[0m | time: 468.140s
[2K
| Adam | epoch: 009 | loss: 0.18478 - acc: 0.9404 | val_loss: 2.00137 - val_acc: 0.5169 -- iter: 282/282
--
Training Step: 82  | total loss: [1m[32m0.17902[0m[0m | time: 13.644s
[2K
| Adam | epoch: 010 | loss: 0.17902 - acc: 0.9401 -- iter: 032/282
[A[ATraining Step: 83  | total loss: [1m[32m0.16954[0m[0m | time: 27.862s
[2K
| Adam | epoch: 010 | loss: 0.16954 - acc: 0.9430 -- iter: 064/282
[A[ATraining Step: 84  | total loss: [1m[32m0.15922[0m[0m | time: 53.811s
[2K
| Adam | epoch: 010 | loss: 0.15922 - acc: 0.9487 -- iter: 096/282
[A[ATraining Step: 85  | total loss: [1m[32m0.15487[0m[0m | time: 236.357s
[2K
| Adam | epoch: 010 | loss: 0.15487 - acc: 0.9507 -- iter: 128/282
[A[ATraining Step: 86  | total loss: [1m[32m0.15806[0m[0m | time: 254.754s
[2K
| Adam | epoch: 010 | loss: 0.15806 - acc: 0.9525 -- iter: 160/282
[A[ATraining Step: 87  | total loss: [1m[32m0.17000[0m[0m | time: 275.662s
[2K
| Adam | epoch: 010 | loss: 0.17000 - acc: 0.9447 -- iter: 192/282
[A[ATraining Step: 88  | total loss: [1m[32m0.17157[0m[0m | time: 305.766s
[2K
| Adam | epoch: 010 | loss: 0.17157 - acc: 0.9440 -- iter: 224/282
[A[ATraining Step: 89  | total loss: [1m[32m0.16193[0m[0m | time: 316.295s
[2K
| Adam | epoch: 010 | loss: 0.16193 - acc: 0.9465 -- iter: 256/282
[A[ATraining Step: 90  | total loss: [1m[32m0.15373[0m[0m | time: 328.158s
[2K
| Adam | epoch: 010 | loss: 0.15373 - acc: 0.9480 | val_loss: 0.72334 - val_acc: 0.7753 -- iter: 282/282
--
Training Step: 91  | total loss: [1m[32m0.14165[0m[0m | time: 17.483s
[2K
| Adam | epoch: 011 | loss: 0.14165 - acc: 0.9532 -- iter: 032/282
[A[ATraining Step: 92  | total loss: [1m[32m0.13655[0m[0m | time: 50.704s
[2K
| Adam | epoch: 011 | loss: 0.13655 - acc: 0.9547 -- iter: 064/282
[A[ATraining Step: 93  | total loss: [1m[32m0.12971[0m[0m | time: 69.022s
[2K
| Adam | epoch: 011 | loss: 0.12971 - acc: 0.9561 -- iter: 096/282
[A[ATraining Step: 94  | total loss: [1m[32m0.12806[0m[0m | time: 91.887s
[2K
| Adam | epoch: 011 | loss: 0.12806 - acc: 0.9574 -- iter: 128/282
[A[ATraining Step: 95  | total loss: [1m[32m0.12846[0m[0m | time: 105.528s
[2K
| Adam | epoch: 011 | loss: 0.12846 - acc: 0.9554 -- iter: 160/282
[A[ATraining Step: 96  | total loss: [1m[32m0.11910[0m[0m | time: 118.927s
[2K
| Adam | epoch: 011 | loss: 0.11910 - acc: 0.9599 -- iter: 192/282
[A[ATraining Step: 97  | total loss: [1m[32m0.16067[0m[0m | time: 156.057s
[2K
| Adam | epoch: 011 | loss: 0.16067 - acc: 0.9451 -- iter: 224/282
[A[ATraining Step: 98  | total loss: [1m[32m0.19385[0m[0m | time: 174.169s
[2K
| Adam | epoch: 011 | loss: 0.19385 - acc: 0.9381 -- iter: 256/282
[A[ATraining Step: 99  | total loss: [1m[32m0.17761[0m[0m | time: 281.710s
[2K
| Adam | epoch: 011 | loss: 0.17761 - acc: 0.9443 | val_loss: 7.30940 - val_acc: 0.5281 -- iter: 282/282
--
Training Step: 100  | total loss: [1m[32m0.16220[0m[0m | time: 52.490s
[2K
| Adam | epoch: 012 | loss: 0.16220 - acc: 0.9499 -- iter: 032/282
[A[ATraining Step: 101  | total loss: [1m[32m0.14826[0m[0m | time: 63.223s
[2K
| Adam | epoch: 012 | loss: 0.14826 - acc: 0.9549 -- iter: 064/282
[A[ATraining Step: 102  | total loss: [1m[32m0.14659[0m[0m | time: 71.931s
[2K
| Adam | epoch: 012 | loss: 0.14659 - acc: 0.9532 -- iter: 096/282
[A[ATraining Step: 103  | total loss: [1m[32m0.15820[0m[0m | time: 86.607s
[2K
| Adam | epoch: 012 | loss: 0.15820 - acc: 0.9391 -- iter: 128/282
[A[ATraining Step: 104  | total loss: [1m[32m0.15248[0m[0m | time: 128.375s
[2K
| Adam | epoch: 012 | loss: 0.15248 - acc: 0.9389 -- iter: 160/282
[A[ATraining Step: 105  | total loss: [1m[32m0.15863[0m[0m | time: 216.805s
[2K
| Adam | epoch: 012 | loss: 0.15863 - acc: 0.9388 -- iter: 192/282
[A[ATraining Step: 106  | total loss: [1m[32m0.16045[0m[0m | time: 247.896s
[2K
| Adam | epoch: 012 | loss: 0.16045 - acc: 0.9355 -- iter: 224/282
[A[ATraining Step: 107  | total loss: [1m[32m0.15219[0m[0m | time: 275.511s
[2K
| Adam | epoch: 012 | loss: 0.15219 - acc: 0.9389 -- iter: 256/282
[A[ATraining Step: 108  | total loss: [1m[32m0.16170[0m[0m | time: 325.086s
[2K
| Adam | epoch: 012 | loss: 0.16170 - acc: 0.9418 | val_loss: 1.26315 - val_acc: 0.6517 -- iter: 282/282
--
Training Step: 109  | total loss: [1m[32m0.14988[0m[0m | time: 11.072s
[2K
| Adam | epoch: 013 | loss: 0.14988 - acc: 0.9477 -- iter: 032/282
[A[ATraining Step: 110  | total loss: [1m[32m0.13716[0m[0m | time: 25.571s
[2K
| Adam | epoch: 013 | loss: 0.13716 - acc: 0.9529 -- iter: 064/282
[A[ATraining Step: 111  | total loss: [1m[32m0.12561[0m[0m | time: 44.706s
[2K
| Adam | epoch: 013 | loss: 0.12561 - acc: 0.9576 -- iter: 096/282
[A[ATraining Step: 112  | total loss: [1m[32m0.13723[0m[0m | time: 62.503s
[2K
| Adam | epoch: 013 | loss: 0.13723 - acc: 0.9493 -- iter: 128/282
[A[ATraining Step: 113  | total loss: [1m[32m0.13064[0m[0m | time: 76.253s
[2K
| Adam | epoch: 013 | loss: 0.13064 - acc: 0.9513 -- iter: 160/282
[A[ATraining Step: 114  | total loss: [1m[32m0.12409[0m[0m | time: 93.892s
[2K
| Adam | epoch: 013 | loss: 0.12409 - acc: 0.9562 -- iter: 192/282
[A[ATraining Step: 115  | total loss: [1m[32m0.12720[0m[0m | time: 112.525s
[2K
| Adam | epoch: 013 | loss: 0.12720 - acc: 0.9512 -- iter: 224/282
[A[ATraining Step: 116  | total loss: [1m[32m0.12448[0m[0m | time: 141.839s
[2K
| Adam | epoch: 013 | loss: 0.12448 - acc: 0.9529 -- iter: 256/282
[A[ATraining Step: 117  | total loss: [1m[32m0.11724[0m[0m | time: 189.614s
[2K
| Adam | epoch: 013 | loss: 0.11724 - acc: 0.9545 | val_loss: 0.80457 - val_acc: 0.7528 -- iter: 282/282
--
Training Step: 118  | total loss: [1m[32m0.10789[0m[0m | time: 23.461s
[2K
| Adam | epoch: 014 | loss: 0.10789 - acc: 0.9591 -- iter: 032/282
[A[ATraining Step: 119  | total loss: [1m[32m0.10183[0m[0m | time: 48.580s
[2K
| Adam | epoch: 014 | loss: 0.10183 - acc: 0.9632 -- iter: 064/282
[A[ATraining Step: 120  | total loss: [1m[32m0.09435[0m[0m | time: 61.022s
[2K
| Adam | epoch: 014 | loss: 0.09435 - acc: 0.9668 -- iter: 096/282
[A[ATraining Step: 121  | total loss: [1m[32m0.08612[0m[0m | time: 73.626s
[2K
| Adam | epoch: 014 | loss: 0.08612 - acc: 0.9702 -- iter: 128/282
[A[ATraining Step: 122  | total loss: [1m[32m0.08056[0m[0m | time: 87.512s
[2K
| Adam | epoch: 014 | loss: 0.08056 - acc: 0.9731 -- iter: 160/282
[A[ATraining Step: 123  | total loss: [1m[32m0.07590[0m[0m | time: 106.978s
[2K
| Adam | epoch: 014 | loss: 0.07590 - acc: 0.9758 -- iter: 192/282
[A[ATraining Step: 124  | total loss: [1m[32m0.07173[0m[0m | time: 122.046s
[2K
| Adam | epoch: 014 | loss: 0.07173 - acc: 0.9751 -- iter: 224/282
[A[ATraining Step: 125  | total loss: [1m[32m0.06652[0m[0m | time: 135.019s
[2K
| Adam | epoch: 014 | loss: 0.06652 - acc: 0.9776 -- iter: 256/282
[A[ATraining Step: 126  | total loss: [1m[32m0.06031[0m[0m | time: 159.958s
[2K
| Adam | epoch: 014 | loss: 0.06031 - acc: 0.9798 | val_loss: 1.07595 - val_acc: 0.7528 -- iter: 282/282
--
Training Step: 127  | total loss: [1m[32m0.07304[0m[0m | time: 18.285s
[2K
| Adam | epoch: 015 | loss: 0.07304 - acc: 0.9725 -- iter: 032/282
[A[ATraining Step: 128  | total loss: [1m[32m0.06668[0m[0m | time: 50.323s
[2K
| Adam | epoch: 015 | loss: 0.06668 - acc: 0.9752 -- iter: 064/282
[A[ATraining Step: 129  | total loss: [1m[32m0.06068[0m[0m | time: 94.074s
[2K
| Adam | epoch: 015 | loss: 0.06068 - acc: 0.9777 -- iter: 096/282
[A[ATraining Step: 130  | total loss: [1m[32m0.05495[0m[0m | time: 107.682s
[2K
| Adam | epoch: 015 | loss: 0.05495 - acc: 0.9799 -- iter: 128/282
[A[ATraining Step: 131  | total loss: [1m[32m0.04974[0m[0m | time: 125.305s
[2K
| Adam | epoch: 015 | loss: 0.04974 - acc: 0.9819 -- iter: 160/282
[A[ATraining Step: 132  | total loss: [1m[32m0.04528[0m[0m | time: 142.708s
[2K
| Adam | epoch: 015 | loss: 0.04528 - acc: 0.9838 -- iter: 192/282
[A[ATraining Step: 133  | total loss: [1m[32m0.04807[0m[0m | time: 155.242s
[2K
| Adam | epoch: 015 | loss: 0.04807 - acc: 0.9823 -- iter: 224/282
[A[ATraining Step: 134  | total loss: [1m[32m0.04936[0m[0m | time: 168.447s
[2K
| Adam | epoch: 015 | loss: 0.04936 - acc: 0.9809 -- iter: 256/282
[A[ATraining Step: 135  | total loss: [1m[32m0.08305[0m[0m | time: 199.627s
[2K
| Adam | epoch: 015 | loss: 0.08305 - acc: 0.9703 | val_loss: 1.16549 - val_acc: 0.7865 -- iter: 282/282
--
Training Step: 136  | total loss: [1m[32m0.08743[0m[0m | time: 13.696s
[2K
| Adam | epoch: 016 | loss: 0.08743 - acc: 0.9670 -- iter: 032/282
[A[ATraining Step: 137  | total loss: [1m[32m0.07945[0m[0m | time: 33.270s
[2K
| Adam | epoch: 016 | loss: 0.07945 - acc: 0.9703 -- iter: 064/282
[A[ATraining Step: 138  | total loss: [1m[32m0.07381[0m[0m | time: 50.964s
[2K
| Adam | epoch: 016 | loss: 0.07381 - acc: 0.9733 -- iter: 096/282
[A[ATraining Step: 139  | total loss: [1m[32m0.07143[0m[0m | time: 103.253s
[2K
| Adam | epoch: 016 | loss: 0.07143 - acc: 0.9728 -- iter: 128/282
[A[ATraining Step: 140  | total loss: [1m[32m0.09121[0m[0m | time: 129.964s
[2K
| Adam | epoch: 016 | loss: 0.09121 - acc: 0.9640 -- iter: 160/282
[A[ATraining Step: 141  | total loss: [1m[32m0.08498[0m[0m | time: 146.799s
[2K
| Adam | epoch: 016 | loss: 0.08498 - acc: 0.9676 -- iter: 192/282
[A[ATraining Step: 142  | total loss: [1m[32m0.07833[0m[0m | time: 160.690s
[2K
| Adam | epoch: 016 | loss: 0.07833 - acc: 0.9709 -- iter: 224/282
[A[ATraining Step: 143  | total loss: [1m[32m0.07769[0m[0m | time: 174.901s
[2K
| Adam | epoch: 016 | loss: 0.07769 - acc: 0.9706 -- iter: 256/282
[A[ATraining Step: 144  | total loss: [1m[32m0.08595[0m[0m | time: 215.316s
[2K
| Adam | epoch: 016 | loss: 0.08595 - acc: 0.9642 | val_loss: 4.80835 - val_acc: 0.5281 -- iter: 282/282
--
Training Step: 145  | total loss: [1m[32m0.08186[0m[0m | time: 16.838s
[2K
| Adam | epoch: 017 | loss: 0.08186 - acc: 0.9647 -- iter: 032/282
[A[ATraining Step: 146  | total loss: [1m[32m0.07613[0m[0m | time: 34.465s
[2K
| Adam | epoch: 017 | loss: 0.07613 - acc: 0.9682 -- iter: 064/282
[A[ATraining Step: 147  | total loss: [1m[32m0.08738[0m[0m | time: 47.103s
[2K
| Adam | epoch: 017 | loss: 0.08738 - acc: 0.9620 -- iter: 096/282
[A[ATraining Step: 148  | total loss: [1m[32m0.09792[0m[0m | time: 68.383s
[2K
| Adam | epoch: 017 | loss: 0.09792 - acc: 0.9627 -- iter: 128/282
[A[ATraining Step: 149  | total loss: [1m[32m0.09099[0m[0m | time: 79.303s
[2K
| Adam | epoch: 017 | loss: 0.09099 - acc: 0.9664 -- iter: 160/282
[A[ATraining Step: 150  | total loss: [1m[32m0.08830[0m[0m | time: 90.321s
[2K
| Adam | epoch: 017 | loss: 0.08830 - acc: 0.9659 -- iter: 192/282
[A[ATraining Step: 151  | total loss: [1m[32m0.08261[0m[0m | time: 106.779s
[2K
| Adam | epoch: 017 | loss: 0.08261 - acc: 0.9693 -- iter: 224/282
[A[ATraining Step: 152  | total loss: [1m[32m0.07703[0m[0m | time: 119.754s
[2K
| Adam | epoch: 017 | loss: 0.07703 - acc: 0.9724 -- iter: 256/282
[A[ATraining Step: 153  | total loss: [1m[32m0.07429[0m[0m | time: 139.223s
[2K
| Adam | epoch: 017 | loss: 0.07429 - acc: 0.9752 | val_loss: 2.39213 - val_acc: 0.5506 -- iter: 282/282
--
Training Step: 154  | total loss: [1m[32m0.08371[0m[0m | time: 12.977s
[2K
| Adam | epoch: 018 | loss: 0.08371 - acc: 0.9714 -- iter: 032/282
[A[ATraining Step: 155  | total loss: [1m[32m0.07859[0m[0m | time: 25.855s
[2K
| Adam | epoch: 018 | loss: 0.07859 - acc: 0.9743 -- iter: 064/282
[A[ATraining Step: 156  | total loss: [1m[32m0.07989[0m[0m | time: 38.975s
[2K
| Adam | epoch: 018 | loss: 0.07989 - acc: 0.9737 -- iter: 096/282
[A[ATraining Step: 157  | total loss: [1m[32m0.07255[0m[0m | time: 50.933s
[2K
| Adam | epoch: 018 | loss: 0.07255 - acc: 0.9763 -- iter: 128/282
[A[ATraining Step: 158  | total loss: [1m[32m0.10478[0m[0m | time: 59.960s
[2K
| Adam | epoch: 018 | loss: 0.10478 - acc: 0.9724 -- iter: 160/282
[A[ATraining Step: 159  | total loss: [1m[32m0.11501[0m[0m | time: 68.150s
[2K
| Adam | epoch: 018 | loss: 0.11501 - acc: 0.9690 -- iter: 192/282
[A[ATraining Step: 160  | total loss: [1m[32m0.10483[0m[0m | time: 78.781s
[2K
| Adam | epoch: 018 | loss: 0.10483 - acc: 0.9721 -- iter: 224/282
[A[ATraining Step: 161  | total loss: [1m[32m0.09552[0m[0m | time: 91.862s
[2K
| Adam | epoch: 018 | loss: 0.09552 - acc: 0.9749 -- iter: 256/282
[A[ATraining Step: 162  | total loss: [1m[32m0.09134[0m[0m | time: 111.581s
[2K
| Adam | epoch: 018 | loss: 0.09134 - acc: 0.9742 | val_loss: 1.96772 - val_acc: 0.5730 -- iter: 282/282
--
Training Step: 163  | total loss: [1m[32m0.09229[0m[0m | time: 12.944s
[2K
| Adam | epoch: 019 | loss: 0.09229 - acc: 0.9737 -- iter: 032/282
[A[ATraining Step: 164  | total loss: [1m[32m0.08729[0m[0m | time: 25.536s
[2K
| Adam | epoch: 019 | loss: 0.08729 - acc: 0.9763 -- iter: 064/282
[A[ATraining Step: 165  | total loss: [1m[32m0.10837[0m[0m | time: 37.951s
[2K
| Adam | epoch: 019 | loss: 0.10837 - acc: 0.9724 -- iter: 096/282
[A[ATraining Step: 166  | total loss: [1m[32m0.10130[0m[0m | time: 50.735s
[2K
| Adam | epoch: 019 | loss: 0.10130 - acc: 0.9752 -- iter: 128/282
[A[ATraining Step: 167  | total loss: [1m[32m0.09960[0m[0m | time: 64.046s
[2K
| Adam | epoch: 019 | loss: 0.09960 - acc: 0.9714 -- iter: 160/282
[A[ATraining Step: 168  | total loss: [1m[32m0.13397[0m[0m | time: 80.294s
[2K
| Adam | epoch: 019 | loss: 0.13397 - acc: 0.9680 -- iter: 192/282
[A[ATraining Step: 169  | total loss: [1m[32m0.12705[0m[0m | time: 90.962s
[2K
| Adam | epoch: 019 | loss: 0.12705 - acc: 0.9681 -- iter: 224/282
[A[ATraining Step: 170  | total loss: [1m[32m0.12241[0m[0m | time: 98.491s
[2K
| Adam | epoch: 019 | loss: 0.12241 - acc: 0.9674 -- iter: 256/282
[A[ATraining Step: 171  | total loss: [1m[32m0.11438[0m[0m | time: 112.099s
[2K
| Adam | epoch: 019 | loss: 0.11438 - acc: 0.9707 | val_loss: 1.18871 - val_acc: 0.6966 -- iter: 282/282
--
Training Step: 172  | total loss: [1m[32m0.10402[0m[0m | time: 8.759s
[2K
| Adam | epoch: 020 | loss: 0.10402 - acc: 0.9736 -- iter: 032/282
[A[ATraining Step: 173  | total loss: [1m[32m0.09500[0m[0m | time: 17.555s
[2K
| Adam | epoch: 020 | loss: 0.09500 - acc: 0.9763 -- iter: 064/282
[A[ATraining Step: 174  | total loss: [1m[32m0.09951[0m[0m | time: 26.167s
[2K
| Adam | epoch: 020 | loss: 0.09951 - acc: 0.9693 -- iter: 096/282
[A[ATraining Step: 175  | total loss: [1m[32m0.10638[0m[0m | time: 34.775s
[2K
| Adam | epoch: 020 | loss: 0.10638 - acc: 0.9661 -- iter: 128/282
[A[ATraining Step: 176  | total loss: [1m[32m0.09841[0m[0m | time: 43.602s
[2K
| Adam | epoch: 020 | loss: 0.09841 - acc: 0.9695 -- iter: 160/282
[A[ATraining Step: 177  | total loss: [1m[32m0.09034[0m[0m | time: 52.318s
[2K
| Adam | epoch: 020 | loss: 0.09034 - acc: 0.9725 -- iter: 192/282
[A[ATraining Step: 178  | total loss: [1m[32m0.10038[0m[0m | time: 61.060s
[2K
| Adam | epoch: 020 | loss: 0.10038 - acc: 0.9722 -- iter: 224/282
[A[ATraining Step: 179  | total loss: [1m[32m0.09122[0m[0m | time: 68.522s
[2K
| Adam | epoch: 020 | loss: 0.09122 - acc: 0.9749 -- iter: 256/282
[A[ATraining Step: 180  | total loss: [1m[32m0.08755[0m[0m | time: 80.362s
[2K
| Adam | epoch: 020 | loss: 0.08755 - acc: 0.9774 | val_loss: 2.77092 - val_acc: 0.5730 -- iter: 282/282
--
Training Step: 181  | total loss: [1m[32m0.08170[0m[0m | time: 9.085s
[2K
| Adam | epoch: 021 | loss: 0.08170 - acc: 0.9797 -- iter: 032/282
[A[ATraining Step: 182  | total loss: [1m[32m0.08747[0m[0m | time: 17.755s
[2K
| Adam | epoch: 021 | loss: 0.08747 - acc: 0.9786 -- iter: 064/282
[A[ATraining Step: 183  | total loss: [1m[32m0.08410[0m[0m | time: 26.574s
[2K
| Adam | epoch: 021 | loss: 0.08410 - acc: 0.9776 -- iter: 096/282
[A[ATraining Step: 184  | total loss: [1m[32m0.08979[0m[0m | time: 35.267s
[2K
| Adam | epoch: 021 | loss: 0.08979 - acc: 0.9767 -- iter: 128/282
[A[ATraining Step: 185  | total loss: [1m[32m0.09304[0m[0m | time: 44.106s
[2K
| Adam | epoch: 021 | loss: 0.09304 - acc: 0.9759 -- iter: 160/282
[A[ATraining Step: 186  | total loss: [1m[32m0.08523[0m[0m | time: 52.699s
[2K
| Adam | epoch: 021 | loss: 0.08523 - acc: 0.9783 -- iter: 192/282
[A[ATraining Step: 187  | total loss: [1m[32m0.08246[0m[0m | time: 61.301s
[2K
| Adam | epoch: 021 | loss: 0.08246 - acc: 0.9774 -- iter: 224/282
[A[ATraining Step: 188  | total loss: [1m[32m0.07552[0m[0m | time: 70.096s
[2K
| Adam | epoch: 021 | loss: 0.07552 - acc: 0.9796 -- iter: 256/282
[A[ATraining Step: 189  | total loss: [1m[32m0.06912[0m[0m | time: 81.675s
[2K
| Adam | epoch: 021 | loss: 0.06912 - acc: 0.9817 | val_loss: 1.07869 - val_acc: 0.7191 -- iter: 282/282
--
Training Step: 190  | total loss: [1m[32m0.06575[0m[0m | time: 7.314s
[2K
| Adam | epoch: 022 | loss: 0.06575 - acc: 0.9797 -- iter: 032/282
[A[ATraining Step: 191  | total loss: [1m[32m0.06017[0m[0m | time: 16.293s
[2K
| Adam | epoch: 022 | loss: 0.06017 - acc: 0.9817 -- iter: 064/282
[A[ATraining Step: 192  | total loss: [1m[32m0.05506[0m[0m | time: 25.157s
[2K
| Adam | epoch: 022 | loss: 0.05506 - acc: 0.9835 -- iter: 096/282
[A[ATraining Step: 193  | total loss: [1m[32m0.05115[0m[0m | time: 33.968s
[2K
| Adam | epoch: 022 | loss: 0.05115 - acc: 0.9852 -- iter: 128/282
[A[ATraining Step: 194  | total loss: [1m[32m0.04878[0m[0m | time: 42.606s
[2K
| Adam | epoch: 022 | loss: 0.04878 - acc: 0.9867 -- iter: 160/282
[A[ATraining Step: 195  | total loss: [1m[32m0.04809[0m[0m | time: 51.110s
[2K
| Adam | epoch: 022 | loss: 0.04809 - acc: 0.9880 -- iter: 192/282
[A[ATraining Step: 196  | total loss: [1m[32m0.04473[0m[0m | time: 59.957s
[2K
| Adam | epoch: 022 | loss: 0.04473 - acc: 0.9892 -- iter: 224/282
[A[ATraining Step: 197  | total loss: [1m[32m0.04857[0m[0m | time: 68.630s
[2K
| Adam | epoch: 022 | loss: 0.04857 - acc: 0.9871 -- iter: 256/282
[A[ATraining Step: 198  | total loss: [1m[32m0.06608[0m[0m | time: 81.905s
[2K
| Adam | epoch: 022 | loss: 0.06608 - acc: 0.9853 | val_loss: 1.10380 - val_acc: 0.7640 -- iter: 282/282
--
Training Step: 199  | total loss: [1m[32m0.06418[0m[0m | time: 7.445s
[2K
| Adam | epoch: 023 | loss: 0.06418 - acc: 0.9837 -- iter: 032/282
[A[ATraining Step: 200  | total loss: [1m[32m0.06318[0m[0m | time: 19.175s
[2K
| Adam | epoch: 023 | loss: 0.06318 - acc: 0.9814 | val_loss: 1.19880 - val_acc: 0.7753 -- iter: 064/282
--
Training Step: 201  | total loss: [1m[32m0.05865[0m[0m | time: 28.075s
[2K
| Adam | epoch: 023 | loss: 0.05865 - acc: 0.9833 -- iter: 096/282
[A[ATraining Step: 202  | total loss: [1m[32m0.05338[0m[0m | time: 36.765s
[2K
| Adam | epoch: 023 | loss: 0.05338 - acc: 0.9850 -- iter: 128/282
[A[ATraining Step: 203  | total loss: [1m[32m0.04850[0m[0m | time: 45.531s
[2K
| Adam | epoch: 023 | loss: 0.04850 - acc: 0.9865 -- iter: 160/282
[A[ATraining Step: 204  | total loss: [1m[32m0.05070[0m[0m | time: 54.172s
[2K
| Adam | epoch: 023 | loss: 0.05070 - acc: 0.9816 -- iter: 192/282
[A[ATraining Step: 205  | total loss: [1m[32m0.07967[0m[0m | time: 62.987s
[2K
| Adam | epoch: 023 | loss: 0.07967 - acc: 0.9772 -- iter: 224/282
[A[ATraining Step: 206  | total loss: [1m[32m0.08425[0m[0m | time: 71.746s
[2K
| Adam | epoch: 023 | loss: 0.08425 - acc: 0.9763 -- iter: 256/282
[A[ATraining Step: 207  | total loss: [1m[32m0.07640[0m[0m | time: 84.635s
[2K
| Adam | epoch: 023 | loss: 0.07640 - acc: 0.9787 | val_loss: 1.36012 - val_acc: 0.7416 -- iter: 282/282
--
Training Step: 208  | total loss: [1m[32m0.07357[0m[0m | time: 22.955s
[2K
| Adam | epoch: 024 | loss: 0.07357 - acc: 0.9777 -- iter: 032/282
[A[ATraining Step: 209  | total loss: [1m[32m0.06658[0m[0m | time: 77.073s
[2K
| Adam | epoch: 024 | loss: 0.06658 - acc: 0.9799 -- iter: 064/282
[A[ATraining Step: 210  | total loss: [1m[32m0.07066[0m[0m | time: 147.864s
[2K
| Adam | epoch: 024 | loss: 0.07066 - acc: 0.9781 -- iter: 096/282
[A[ATraining Step: 211  | total loss: [1m[32m0.06785[0m[0m | time: 209.949s
[2K
| Adam | epoch: 024 | loss: 0.06785 - acc: 0.9803 -- iter: 128/282
[A[ATraining Step: 212  | total loss: [1m[32m0.06706[0m[0m | time: 224.578s
[2K
| Adam | epoch: 024 | loss: 0.06706 - acc: 0.9791 -- iter: 160/282
[A[ATraining Step: 213  | total loss: [1m[32m0.06716[0m[0m | time: 313.369s
[2K
| Adam | epoch: 024 | loss: 0.06716 - acc: 0.9750 -- iter: 192/282
[A[ATraining Step: 214  | total loss: [1m[32m0.06132[0m[0m | time: 350.616s
[2K
| Adam | epoch: 024 | loss: 0.06132 - acc: 0.9775 -- iter: 224/282
[A[ATraining Step: 215  | total loss: [1m[32m0.06012[0m[0m | time: 434.916s
[2K
| Adam | epoch: 024 | loss: 0.06012 - acc: 0.9797 -- iter: 256/282
[A[ATraining Step: 216  | total loss: [1m[32m0.05764[0m[0m | time: 654.618s
[2K
| Adam | epoch: 024 | loss: 0.05764 - acc: 0.9817 | val_loss: 0.89515 - val_acc: 0.7978 -- iter: 282/282
--
Training Step: 217  | total loss: [1m[32m0.05792[0m[0m | time: 32.584s
[2K
| Adam | epoch: 025 | loss: 0.05792 - acc: 0.9804 -- iter: 032/282
[A[ATraining Step: 218  | total loss: [1m[32m0.06053[0m[0m | time: 44.451s
[2K
| Adam | epoch: 025 | loss: 0.06053 - acc: 0.9793 -- iter: 064/282
[A[ATraining Step: 219  | total loss: [1m[32m0.05596[0m[0m | time: 52.796s
[2K
| Adam | epoch: 025 | loss: 0.05596 - acc: 0.9814 -- iter: 096/282
[A[ATraining Step: 220  | total loss: [1m[32m0.05224[0m[0m | time: 61.363s
[2K
| Adam | epoch: 025 | loss: 0.05224 - acc: 0.9832 -- iter: 128/282
[A[ATraining Step: 221  | total loss: [1m[32m0.04793[0m[0m | time: 71.295s
[2K
| Adam | epoch: 025 | loss: 0.04793 - acc: 0.9849 -- iter: 160/282
[A[ATraining Step: 222  | total loss: [1m[32m0.05053[0m[0m | time: 92.016s
[2K
| Adam | epoch: 025 | loss: 0.05053 - acc: 0.9833 -- iter: 192/282
[A[ATraining Step: 223  | total loss: [1m[32m0.04637[0m[0m | time: 209.631s
[2K
| Adam | epoch: 025 | loss: 0.04637 - acc: 0.9850 -- iter: 224/282
[A[ATraining Step: 224  | total loss: [1m[32m0.04243[0m[0m | time: 311.310s
[2K
| Adam | epoch: 025 | loss: 0.04243 - acc: 0.9865 -- iter: 256/282
[A[ATraining Step: 225  | total loss: [1m[32m0.03901[0m[0m | time: 579.590s
[2K
| Adam | epoch: 025 | loss: 0.03901 - acc: 0.9878 | val_loss: 2.54300 - val_acc: 0.5730 -- iter: 282/282
--
Training Step: 226  | total loss: [1m[32m0.04163[0m[0m | time: 42.631s
[2K
| Adam | epoch: 026 | loss: 0.04163 - acc: 0.9859 -- iter: 032/282
[A[ATraining Step: 227  | total loss: [1m[32m0.03830[0m[0m | time: 120.847s
[2K
| Adam | epoch: 026 | loss: 0.03830 - acc: 0.9873 -- iter: 064/282
[A[ATraining Step: 228  | total loss: [1m[32m0.04769[0m[0m | time: 138.610s
[2K
| Adam | epoch: 026 | loss: 0.04769 - acc: 0.9855 -- iter: 096/282
[A[ATraining Step: 229  | total loss: [1m[32m0.04312[0m[0m | time: 145.932s
[2K
| Adam | epoch: 026 | loss: 0.04312 - acc: 0.9869 -- iter: 128/282
[A[ATraining Step: 230  | total loss: [1m[32m0.04451[0m[0m | time: 153.466s
[2K
| Adam | epoch: 026 | loss: 0.04451 - acc: 0.9844 -- iter: 160/282
[A[ATraining Step: 231  | total loss: [1m[32m0.04027[0m[0m | time: 166.024s
[2K
| Adam | epoch: 026 | loss: 0.04027 - acc: 0.9859 -- iter: 192/282
[A[ATraining Step: 232  | total loss: [1m[32m0.03828[0m[0m | time: 212.968s
[2K
| Adam | epoch: 026 | loss: 0.03828 - acc: 0.9873 -- iter: 224/282
[A[ATraining Step: 233  | total loss: [1m[32m0.03689[0m[0m | time: 260.070s
[2K
| Adam | epoch: 026 | loss: 0.03689 - acc: 0.9886 -- iter: 256/282
[A[ATraining Step: 234  | total loss: [1m[32m0.03693[0m[0m | time: 362.350s
[2K
| Adam | epoch: 026 | loss: 0.03693 - acc: 0.9866 | val_loss: 2.52294 - val_acc: 0.5955 -- iter: 282/282
--
Training Step: 235  | total loss: [1m[32m0.03414[0m[0m | time: 94.053s
[2K
| Adam | epoch: 027 | loss: 0.03414 - acc: 0.9880 -- iter: 032/282
[A[ATraining Step: 236  | total loss: [1m[32m0.03168[0m[0m | time: 105.924s
[2K
| Adam | epoch: 027 | loss: 0.03168 - acc: 0.9892 -- iter: 064/282
[A[ATraining Step: 237  | total loss: [1m[32m0.03108[0m[0m | time: 114.670s
[2K
| Adam | epoch: 027 | loss: 0.03108 - acc: 0.9902 -- iter: 096/282
[A[ATraining Step: 238  | total loss: [1m[32m0.05287[0m[0m | time: 123.583s
[2K
| Adam | epoch: 027 | loss: 0.05287 - acc: 0.9881 -- iter: 128/282
[A[ATraining Step: 239  | total loss: [1m[32m0.04832[0m[0m | time: 136.271s
[2K
| Adam | epoch: 027 | loss: 0.04832 - acc: 0.9893 -- iter: 160/282
[A[ATraining Step: 240  | total loss: [1m[32m0.04400[0m[0m | time: 187.695s
[2K
| Adam | epoch: 027 | loss: 0.04400 - acc: 0.9904 -- iter: 192/282
[A[ATraining Step: 241  | total loss: [1m[32m0.04007[0m[0m | time: 238.392s
[2K
| Adam | epoch: 027 | loss: 0.04007 - acc: 0.9913 -- iter: 224/282
[A[ATraining Step: 242  | total loss: [1m[32m0.03860[0m[0m | time: 317.763s
[2K
| Adam | epoch: 027 | loss: 0.03860 - acc: 0.9922 -- iter: 256/282
[A[ATraining Step: 243  | total loss: [1m[32m0.03825[0m[0m | time: 354.781s
[2K
| Adam | epoch: 027 | loss: 0.03825 - acc: 0.9898 | val_loss: 0.67618 - val_acc: 0.8202 -- iter: 282/282
--
Training Step: 244  | total loss: [1m[32m0.03518[0m[0m | time: 8.902s
[2K
| Adam | epoch: 028 | loss: 0.03518 - acc: 0.9909 -- iter: 032/282
[A[ATraining Step: 245  | total loss: [1m[32m0.03216[0m[0m | time: 17.766s
[2K
| Adam | epoch: 028 | loss: 0.03216 - acc: 0.9918 -- iter: 064/282
[A[ATraining Step: 246  | total loss: [1m[32m0.04186[0m[0m | time: 32.479s
[2K
| Adam | epoch: 028 | loss: 0.04186 - acc: 0.9863 -- iter: 096/282
[A[ATraining Step: 247  | total loss: [1m[32m0.03804[0m[0m | time: 122.950s
[2K
| Adam | epoch: 028 | loss: 0.03804 - acc: 0.9877 -- iter: 128/282
[A[ATraining Step: 248  | total loss: [1m[32m0.03536[0m[0m | time: 178.013s
[2K
| Adam | epoch: 028 | loss: 0.03536 - acc: 0.9889 -- iter: 160/282
[A[ATraining Step: 249  | total loss: [1m[32m0.03220[0m[0m | time: 250.336s
[2K
| Adam | epoch: 028 | loss: 0.03220 - acc: 0.9900 -- iter: 192/282
[A[ATraining Step: 250  | total loss: [1m[32m0.02966[0m[0m | time: 305.148s
[2K
| Adam | epoch: 028 | loss: 0.02966 - acc: 0.9910 -- iter: 224/282
[A[ATraining Step: 251  | total loss: [1m[32m0.02744[0m[0m | time: 323.259s
[2K
| Adam | epoch: 028 | loss: 0.02744 - acc: 0.9919 -- iter: 256/282
[A[ATraining Step: 252  | total loss: [1m[32m0.02567[0m[0m | time: 405.391s
[2K
| Adam | epoch: 028 | loss: 0.02567 - acc: 0.9927 | val_loss: 1.70563 - val_acc: 0.7528 -- iter: 282/282
--
Training Step: 253  | total loss: [1m[32m0.02365[0m[0m | time: 16.682s
[2K
| Adam | epoch: 029 | loss: 0.02365 - acc: 0.9935 -- iter: 032/282
[A[ATraining Step: 254  | total loss: [1m[32m0.02155[0m[0m | time: 89.587s
[2K
| Adam | epoch: 029 | loss: 0.02155 - acc: 0.9941 -- iter: 064/282
[A[ATraining Step: 255  | total loss: [1m[32m0.02267[0m[0m | time: 155.262s
[2K
| Adam | epoch: 029 | loss: 0.02267 - acc: 0.9947 -- iter: 096/282
[A[ATraining Step: 256  | total loss: [1m[32m0.02086[0m[0m | time: 194.640s
[2K
| Adam | epoch: 029 | loss: 0.02086 - acc: 0.9952 -- iter: 128/282
[A[ATraining Step: 257  | total loss: [1m[32m0.03265[0m[0m | time: 298.249s
[2K
| Adam | epoch: 029 | loss: 0.03265 - acc: 0.9926 -- iter: 160/282
[A[ATraining Step: 258  | total loss: [1m[32m0.02953[0m[0m | time: 318.677s
[2K
| Adam | epoch: 029 | loss: 0.02953 - acc: 0.9933 -- iter: 192/282
[A[ATraining Step: 259  | total loss: [1m[32m0.02685[0m[0m | time: 429.907s
[2K
| Adam | epoch: 029 | loss: 0.02685 - acc: 0.9940 -- iter: 224/282
[A[ATraining Step: 260  | total loss: [1m[32m0.02514[0m[0m | time: 489.154s
[2K
| Adam | epoch: 029 | loss: 0.02514 - acc: 0.9946 -- iter: 256/282
[A[ATraining Step: 261  | total loss: [1m[32m0.02348[0m[0m | time: 718.268s
[2K
| Adam | epoch: 029 | loss: 0.02348 - acc: 0.9951 | val_loss: 1.33456 - val_acc: 0.7865 -- iter: 282/282
--
Training Step: 262  | total loss: [1m[32m0.02138[0m[0m | time: 114.368s
[2K
| Adam | epoch: 030 | loss: 0.02138 - acc: 0.9956 -- iter: 032/282
[A[ATraining Step: 263  | total loss: [1m[32m0.03304[0m[0m | time: 184.618s
[2K
| Adam | epoch: 030 | loss: 0.03304 - acc: 0.9929 -- iter: 064/282
[A[ATraining Step: 264  | total loss: [1m[32m0.03003[0m[0m | time: 221.298s
[2K
| Adam | epoch: 030 | loss: 0.03003 - acc: 0.9936 -- iter: 096/282
[A[ATraining Step: 265  | total loss: [1m[32m0.02718[0m[0m | time: 256.993s
[2K
| Adam | epoch: 030 | loss: 0.02718 - acc: 0.9943 -- iter: 128/282
[A[ATraining Step: 266  | total loss: [1m[32m0.02704[0m[0m | time: 331.427s
[2K
| Adam | epoch: 030 | loss: 0.02704 - acc: 0.9917 -- iter: 160/282
[A[ATraining Step: 267  | total loss: [1m[32m0.02567[0m[0m | time: 438.196s
[2K
| Adam | epoch: 030 | loss: 0.02567 - acc: 0.9926 -- iter: 192/282
[A[ATraining Step: 268  | total loss: [1m[32m0.02317[0m[0m | time: 507.869s
[2K
| Adam | epoch: 030 | loss: 0.02317 - acc: 0.9933 -- iter: 224/282
[A[ATraining Step: 269  | total loss: [1m[32m0.02268[0m[0m | time: 587.714s
[2K
| Adam | epoch: 030 | loss: 0.02268 - acc: 0.9940 -- iter: 256/282
[A[ATraining Step: 270  | total loss: [1m[32m0.02057[0m[0m | time: 843.879s
[2K
| Adam | epoch: 030 | loss: 0.02057 - acc: 0.9946 | val_loss: 1.17790 - val_acc: 0.7528 -- iter: 282/282
--
Validation AUC:0.8687943262411348
Validation AUPRC:0.8882270203002264
Test AUC:0.8761375126390293
Test AUPRC:0.8497716514970899
BestTestF1Score	0.79	0.56	0.78	0.73	0.86	37	14	32	6	0.89
BestTestMCCScore	0.76	0.53	0.76	0.75	0.77	33	11	35	10	0.98
BestTestAccuracyScore	0.76	0.53	0.76	0.75	0.77	33	11	35	10	0.98
BestValidationF1Score	0.78	0.56	0.78	0.72	0.86	36	14	33	6	0.89
BestValidationMCC	0.78	0.59	0.8	0.82	0.74	31	7	40	11	0.98
BestValidationAccuracy	0.78	0.59	0.8	0.82	0.74	31	7	40	11	0.98
TestPredictions (Threshold:0.98)
CHEMBL3355303,TN,INACT,0.0	CHEMBL372303,FN,ACT,0.23000000417232513	CHEMBL2087056,FP,INACT,0.9900000095367432	CHEMBL3110107,TP,ACT,1.0	CHEMBL2381942,TP,ACT,1.0	CHEMBL2376862,TN,INACT,0.18000000715255737	CHEMBL2087073,TN,INACT,0.8899999856948853	CHEMBL3110102,TP,ACT,1.0	CHEMBL2376854,TN,INACT,0.0	CHEMBL2381934,TP,ACT,1.0	CHEMBL608875,FP,INACT,0.9900000095367432	CHEMBL2431799,TP,ACT,0.9900000095367432	CHEMBL3110111,TP,ACT,1.0	CHEMBL3763480,FN,ACT,0.949999988079071	CHEMBL3325767,TN,INACT,0.75	CHEMBL3577626,FN,ACT,0.8899999856948853	CHEMBL3099716,TP,ACT,1.0	CHEMBL3344072,TP,ACT,1.0	CHEMBL2381935,TP,ACT,1.0	CHEMBL2322550,TN,INACT,0.3499999940395355	CHEMBL3398240,TN,INACT,0.0	CHEMBL3593576,TN,INACT,0.0	CHEMBL2376844,TN,INACT,0.3100000023841858	CHEMBL265469,TN,INACT,0.44999998807907104	CHEMBL2376866,FP,INACT,1.0	CHEMBL2322252,TN,INACT,0.8399999737739563	CHEMBL1594868,FN,ACT,0.4000000059604645	CHEMBL336859,TN,INACT,0.4699999988079071	CHEMBL2407993,TN,INACT,0.20000000298023224	CHEMBL2381949,TP,ACT,1.0	CHEMBL3612653,TN,INACT,0.28999999165534973	CHEMBL3629675,TN,INACT,0.0	CHEMBL53738,TP,ACT,1.0	CHEMBL3577701,FN,ACT,0.9399999976158142	CHEMBL2425801,TP,ACT,1.0	CHEMBL3110106,FN,ACT,0.9700000286102295	CHEMBL2322255,FP,INACT,0.9800000190734863	CHEMBL2419892,TP,ACT,1.0	CHEMBL3765269,FN,ACT,0.949999988079071	CHEMBL2386006,TN,INACT,0.0	CHEMBL122690,TN,INACT,0.0	CHEMBL222556,TP,ACT,1.0	CHEMBL2376865,TN,INACT,0.0	CHEMBL2430157,TN,INACT,0.0	CHEMBL3110100,TP,ACT,1.0	CHEMBL3110116,TP,ACT,1.0	CHEMBL2386001,TN,INACT,0.0	CHEMBL3098935,TP,ACT,1.0	CHEMBL2322279,TN,INACT,0.029999999329447746	CHEMBL2385998,TN,INACT,0.25999999046325684	CHEMBL3827963,TP,ACT,1.0	CHEMBL3740104,TP,ACT,1.0	CHEMBL1552719,TP,ACT,1.0	CHEMBL481803,FP,INACT,1.0	CHEMBL327209,TP,ACT,1.0	CHEMBL3763870,TP,ACT,1.0	CHEMBL2407990,TN,INACT,0.0	CHEMBL3355287,TN,INACT,0.0	CHEMBL3698480,FP,INACT,1.0	CHEMBL1084643,TN,INACT,0.0	CHEMBL3098146,FN,ACT,0.800000011920929	CHEMBL3698479,FP,INACT,0.9900000095367432	CHEMBL3344071,TP,ACT,1.0	CHEMBL2385997,TN,INACT,0.09000000357627869	CHEMBL3577700,TP,ACT,1.0	CHEMBL2408033,TN,INACT,0.009999999776482582	CHEMBL2322275,TN,INACT,0.8999999761581421	CHEMBL151,TP,ACT,1.0	CHEMBL3593806,FP,INACT,1.0	CHEMBL124749,TP,ACT,1.0	CHEMBL3589281,TP,ACT,1.0	CHEMBL115114,TN,INACT,0.009999999776482582	CHEMBL2381960,TP,ACT,1.0	CHEMBL2376868,TN,INACT,0.9700000286102295	CHEMBL410485,TN,INACT,0.8399999737739563	CHEMBL577701,TN,INACT,0.03999999910593033	CHEMBL2381941,TP,ACT,1.0	CHEMBL16751,TP,ACT,1.0	CHEMBL1949848,TN,INACT,0.0	CHEMBL1527375,FN,ACT,0.5699999928474426	CHEMBL2376863,FP,INACT,0.9800000190734863	CHEMBL45245,FN,ACT,0.0	CHEMBL2376864,TN,INACT,0.9599999785423279	CHEMBL2431803,TP,ACT,0.9800000190734863	CHEMBL2376867,FP,INACT,0.9900000095367432	CHEMBL210287,TN,INACT,0.0	CHEMBL3289109,TP,ACT,1.0	CHEMBL2381947,TP,ACT,1.0	CHEMBL3359448,FP,INACT,1.0	

