CNNModel CHEMBL5137 adam 0.001 30 128 0 0.6 False True
Number of active compounds :	273
Number of inactive compounds :	273
---------------------------------
Run id: CNNModel_CHEMBL5137_adam_0.001_30_128_0_0.6_False_True_id
Log directory: ../tflearnLogs/CNNModel_CHEMBL5137_adam_0.001_30_128_0.6_True/
---------------------------------
Training samples: 342
Validation samples: 107
--
Training Step: 1  | time: 0.884s
[2K
| Adam | epoch: 001 | loss: 0.00000 - acc: 0.0000 -- iter: 032/342
[A[ATraining Step: 2  | total loss: [1m[32m0.62393[0m[0m | time: 1.496s
[2K
| Adam | epoch: 001 | loss: 0.62393 - acc: 0.3937 -- iter: 064/342
[A[ATraining Step: 3  | total loss: [1m[32m0.68146[0m[0m | time: 2.103s
[2K
| Adam | epoch: 001 | loss: 0.68146 - acc: 0.4551 -- iter: 096/342
[A[ATraining Step: 4  | total loss: [1m[32m0.69093[0m[0m | time: 2.704s
[2K
| Adam | epoch: 001 | loss: 0.69093 - acc: 0.4185 -- iter: 128/342
[A[ATraining Step: 5  | total loss: [1m[32m0.69229[0m[0m | time: 3.302s
[2K
| Adam | epoch: 001 | loss: 0.69229 - acc: 0.4965 -- iter: 160/342
[A[ATraining Step: 6  | total loss: [1m[32m0.69388[0m[0m | time: 4.003s
[2K
| Adam | epoch: 001 | loss: 0.69388 - acc: 0.4586 -- iter: 192/342
[A[ATraining Step: 7  | total loss: [1m[32m0.69421[0m[0m | time: 4.608s
[2K
| Adam | epoch: 001 | loss: 0.69421 - acc: 0.4459 -- iter: 224/342
[A[ATraining Step: 8  | total loss: [1m[32m0.69375[0m[0m | time: 5.230s
[2K
| Adam | epoch: 001 | loss: 0.69375 - acc: 0.4763 -- iter: 256/342
[A[ATraining Step: 9  | total loss: [1m[32m0.69349[0m[0m | time: 5.851s
[2K
| Adam | epoch: 001 | loss: 0.69349 - acc: 0.4558 -- iter: 288/342
[A[ATraining Step: 10  | total loss: [1m[32m0.69365[0m[0m | time: 6.466s
[2K
| Adam | epoch: 001 | loss: 0.69365 - acc: 0.4154 -- iter: 320/342
[A[ATraining Step: 11  | total loss: [1m[32m0.69328[0m[0m | time: 7.961s
[2K
| Adam | epoch: 001 | loss: 0.69328 - acc: 0.5147 | val_loss: 0.69355 - val_acc: 0.4486 -- iter: 342/342
--
Training Step: 12  | total loss: [1m[32m0.69320[0m[0m | time: 0.472s
[2K
| Adam | epoch: 002 | loss: 0.69320 - acc: 0.5081 -- iter: 032/342
[A[ATraining Step: 13  | total loss: [1m[32m0.69314[0m[0m | time: 1.255s
[2K
| Adam | epoch: 002 | loss: 0.69314 - acc: 0.5046 -- iter: 064/342
[A[ATraining Step: 14  | total loss: [1m[32m0.69276[0m[0m | time: 1.988s
[2K
| Adam | epoch: 002 | loss: 0.69276 - acc: 0.5411 -- iter: 096/342
[A[ATraining Step: 15  | total loss: [1m[32m0.69296[0m[0m | time: 2.733s
[2K
| Adam | epoch: 002 | loss: 0.69296 - acc: 0.5250 -- iter: 128/342
[A[ATraining Step: 16  | total loss: [1m[32m0.69283[0m[0m | time: 3.589s
[2K
| Adam | epoch: 002 | loss: 0.69283 - acc: 0.5273 -- iter: 160/342
[A[ATraining Step: 17  | total loss: [1m[32m0.69318[0m[0m | time: 4.201s
[2K
| Adam | epoch: 002 | loss: 0.69318 - acc: 0.5063 -- iter: 192/342
[A[ATraining Step: 18  | total loss: [1m[32m0.69331[0m[0m | time: 4.799s
[2K
| Adam | epoch: 002 | loss: 0.69331 - acc: 0.5041 -- iter: 224/342
[A[ATraining Step: 19  | total loss: [1m[32m0.69353[0m[0m | time: 5.423s
[2K
| Adam | epoch: 002 | loss: 0.69353 - acc: 0.4923 -- iter: 256/342
[A[ATraining Step: 20  | total loss: [1m[32m0.69319[0m[0m | time: 6.033s
[2K
| Adam | epoch: 002 | loss: 0.69319 - acc: 0.5048 -- iter: 288/342
[A[ATraining Step: 21  | total loss: [1m[32m0.69295[0m[0m | time: 6.684s
[2K
| Adam | epoch: 002 | loss: 0.69295 - acc: 0.5130 -- iter: 320/342
[A[ATraining Step: 22  | total loss: [1m[32m0.69347[0m[0m | time: 8.297s
[2K
| Adam | epoch: 002 | loss: 0.69347 - acc: 0.4904 | val_loss: 0.69452 - val_acc: 0.4486 -- iter: 342/342
--
Training Step: 23  | total loss: [1m[32m0.69317[0m[0m | time: 0.539s
[2K
| Adam | epoch: 003 | loss: 0.69317 - acc: 0.5022 -- iter: 032/342
[A[ATraining Step: 24  | total loss: [1m[32m0.69322[0m[0m | time: 1.065s
[2K
| Adam | epoch: 003 | loss: 0.69322 - acc: 0.5016 -- iter: 064/342
[A[ATraining Step: 25  | total loss: [1m[32m0.69321[0m[0m | time: 1.791s
[2K
| Adam | epoch: 003 | loss: 0.69321 - acc: 0.5012 -- iter: 096/342
[A[ATraining Step: 26  | total loss: [1m[32m0.69197[0m[0m | time: 2.566s
[2K
| Adam | epoch: 003 | loss: 0.69197 - acc: 0.5505 -- iter: 128/342
[A[ATraining Step: 27  | total loss: [1m[32m0.69223[0m[0m | time: 3.179s
[2K
| Adam | epoch: 003 | loss: 0.69223 - acc: 0.5375 -- iter: 160/342
[A[ATraining Step: 28  | total loss: [1m[32m0.69251[0m[0m | time: 3.806s
[2K
| Adam | epoch: 003 | loss: 0.69251 - acc: 0.5281 -- iter: 192/342
[A[ATraining Step: 29  | total loss: [1m[32m0.69297[0m[0m | time: 4.411s
[2K
| Adam | epoch: 003 | loss: 0.69297 - acc: 0.5137 -- iter: 224/342
[A[ATraining Step: 30  | total loss: [1m[32m0.69245[0m[0m | time: 5.068s
[2K
| Adam | epoch: 003 | loss: 0.69245 - acc: 0.5252 -- iter: 256/342
[A[ATraining Step: 31  | total loss: [1m[32m0.69128[0m[0m | time: 5.853s
[2K
| Adam | epoch: 003 | loss: 0.69128 - acc: 0.5555 -- iter: 288/342
[A[ATraining Step: 32  | total loss: [1m[32m0.69143[0m[0m | time: 6.561s
[2K
| Adam | epoch: 003 | loss: 0.69143 - acc: 0.5500 -- iter: 320/342
[A[ATraining Step: 33  | total loss: [1m[32m0.69227[0m[0m | time: 8.350s
[2K
| Adam | epoch: 003 | loss: 0.69227 - acc: 0.5322 | val_loss: 0.69617 - val_acc: 0.4486 -- iter: 342/342
--
Training Step: 34  | total loss: [1m[32m0.69433[0m[0m | time: 0.604s
[2K
| Adam | epoch: 004 | loss: 0.69433 - acc: 0.4918 -- iter: 032/342
[A[ATraining Step: 35  | total loss: [1m[32m0.69244[0m[0m | time: 1.038s
[2K
| Adam | epoch: 004 | loss: 0.69244 - acc: 0.5262 -- iter: 064/342
[A[ATraining Step: 36  | total loss: [1m[32m0.69218[0m[0m | time: 1.475s
[2K
| Adam | epoch: 004 | loss: 0.69218 - acc: 0.5302 -- iter: 096/342
[A[ATraining Step: 37  | total loss: [1m[32m0.69193[0m[0m | time: 2.070s
[2K
| Adam | epoch: 004 | loss: 0.69193 - acc: 0.5332 -- iter: 128/342
[A[ATraining Step: 38  | total loss: [1m[32m0.69297[0m[0m | time: 2.692s
[2K
| Adam | epoch: 004 | loss: 0.69297 - acc: 0.5145 -- iter: 160/342
[A[ATraining Step: 39  | total loss: [1m[32m0.69268[0m[0m | time: 3.439s
[2K
| Adam | epoch: 004 | loss: 0.69268 - acc: 0.5177 -- iter: 192/342
[A[ATraining Step: 40  | total loss: [1m[32m0.69355[0m[0m | time: 4.138s
[2K
| Adam | epoch: 004 | loss: 0.69355 - acc: 0.5027 -- iter: 224/342
[A[ATraining Step: 41  | total loss: [1m[32m0.69383[0m[0m | time: 4.914s
[2K
| Adam | epoch: 004 | loss: 0.69383 - acc: 0.4964 -- iter: 256/342
[A[ATraining Step: 42  | total loss: [1m[32m0.69444[0m[0m | time: 5.633s
[2K
| Adam | epoch: 004 | loss: 0.69444 - acc: 0.4858 -- iter: 288/342
[A[ATraining Step: 43  | total loss: [1m[32m0.69397[0m[0m | time: 6.382s
[2K
| Adam | epoch: 004 | loss: 0.69397 - acc: 0.4938 -- iter: 320/342
[A[ATraining Step: 44  | total loss: [1m[32m0.69382[0m[0m | time: 8.156s
[2K
| Adam | epoch: 004 | loss: 0.69382 - acc: 0.4949 | val_loss: 0.69623 - val_acc: 0.4486 -- iter: 342/342
--
Training Step: 45  | total loss: [1m[32m0.69254[0m[0m | time: 0.661s
[2K
| Adam | epoch: 005 | loss: 0.69254 - acc: 0.5170 -- iter: 032/342
[A[ATraining Step: 46  | total loss: [1m[32m0.69357[0m[0m | time: 1.409s
[2K
| Adam | epoch: 005 | loss: 0.69357 - acc: 0.4985 -- iter: 064/342
[A[ATraining Step: 47  | total loss: [1m[32m0.69231[0m[0m | time: 1.904s
[2K
| Adam | epoch: 005 | loss: 0.69231 - acc: 0.5192 -- iter: 096/342
[A[ATraining Step: 48  | total loss: [1m[32m0.69249[0m[0m | time: 2.378s
[2K
| Adam | epoch: 005 | loss: 0.69249 - acc: 0.5161 -- iter: 128/342
[A[ATraining Step: 49  | total loss: [1m[32m0.69259[0m[0m | time: 3.163s
[2K
| Adam | epoch: 005 | loss: 0.69259 - acc: 0.5136 -- iter: 160/342
[A[ATraining Step: 50  | total loss: [1m[32m0.69155[0m[0m | time: 3.912s
[2K
| Adam | epoch: 005 | loss: 0.69155 - acc: 0.5260 -- iter: 192/342
[A[ATraining Step: 51  | total loss: [1m[32m0.69090[0m[0m | time: 4.641s
[2K
| Adam | epoch: 005 | loss: 0.69090 - acc: 0.5316 -- iter: 224/342
[A[ATraining Step: 52  | total loss: [1m[32m0.69496[0m[0m | time: 5.403s
[2K
| Adam | epoch: 005 | loss: 0.69496 - acc: 0.4847 -- iter: 256/342
[A[ATraining Step: 53  | total loss: [1m[32m0.69360[0m[0m | time: 6.129s
[2K
| Adam | epoch: 005 | loss: 0.69360 - acc: 0.4962 -- iter: 288/342
[A[ATraining Step: 54  | total loss: [1m[32m0.69293[0m[0m | time: 6.911s
[2K
| Adam | epoch: 005 | loss: 0.69293 - acc: 0.5012 -- iter: 320/342
[A[ATraining Step: 55  | total loss: [1m[32m0.69263[0m[0m | time: 8.518s
[2K
| Adam | epoch: 005 | loss: 0.69263 - acc: 0.4966 | val_loss: 0.69249 - val_acc: 0.4486 -- iter: 342/342
--
Training Step: 56  | total loss: [1m[32m0.69220[0m[0m | time: 0.613s
[2K
| Adam | epoch: 006 | loss: 0.69220 - acc: 0.4927 -- iter: 032/342
[A[ATraining Step: 57  | total loss: [1m[32m0.68982[0m[0m | time: 1.419s
[2K
| Adam | epoch: 006 | loss: 0.68982 - acc: 0.5110 -- iter: 064/342
[A[ATraining Step: 58  | total loss: [1m[32m0.68937[0m[0m | time: 2.211s
[2K
| Adam | epoch: 006 | loss: 0.68937 - acc: 0.5095 -- iter: 096/342
[A[ATraining Step: 59  | total loss: [1m[32m0.68746[0m[0m | time: 2.777s
[2K
| Adam | epoch: 006 | loss: 0.68746 - acc: 0.5124 -- iter: 128/342
[A[ATraining Step: 60  | total loss: [1m[32m0.68541[0m[0m | time: 3.274s
[2K
| Adam | epoch: 006 | loss: 0.68541 - acc: 0.5168 -- iter: 160/342
[A[ATraining Step: 61  | total loss: [1m[32m0.68276[0m[0m | time: 4.037s
[2K
| Adam | epoch: 006 | loss: 0.68276 - acc: 0.5205 -- iter: 192/342
[A[ATraining Step: 62  | total loss: [1m[32m0.67661[0m[0m | time: 4.795s
[2K
| Adam | epoch: 006 | loss: 0.67661 - acc: 0.5340 -- iter: 224/342
[A[ATraining Step: 63  | total loss: [1m[32m0.66690[0m[0m | time: 5.544s
[2K
| Adam | epoch: 006 | loss: 0.66690 - acc: 0.5455 -- iter: 256/342
[A[ATraining Step: 64  | total loss: [1m[32m0.66726[0m[0m | time: 6.310s
[2K
| Adam | epoch: 006 | loss: 0.66726 - acc: 0.5359 -- iter: 288/342
[A[ATraining Step: 65  | total loss: [1m[32m0.65609[0m[0m | time: 7.032s
[2K
| Adam | epoch: 006 | loss: 0.65609 - acc: 0.5392 -- iter: 320/342
[A[ATraining Step: 66  | total loss: [1m[32m0.65650[0m[0m | time: 8.709s
[2K
| Adam | epoch: 006 | loss: 0.65650 - acc: 0.5382 | val_loss: 0.66200 - val_acc: 0.6542 -- iter: 342/342
--
Training Step: 67  | total loss: [1m[32m0.65379[0m[0m | time: 0.746s
[2K
| Adam | epoch: 007 | loss: 0.65379 - acc: 0.5899 -- iter: 032/342
[A[ATraining Step: 68  | total loss: [1m[32m0.66006[0m[0m | time: 1.474s
[2K
| Adam | epoch: 007 | loss: 0.66006 - acc: 0.5866 -- iter: 064/342
[A[ATraining Step: 69  | total loss: [1m[32m0.65374[0m[0m | time: 2.235s
[2K
| Adam | epoch: 007 | loss: 0.65374 - acc: 0.5984 -- iter: 096/342
[A[ATraining Step: 70  | total loss: [1m[32m0.65051[0m[0m | time: 2.945s
[2K
| Adam | epoch: 007 | loss: 0.65051 - acc: 0.5943 -- iter: 128/342
[A[ATraining Step: 71  | total loss: [1m[32m0.64784[0m[0m | time: 3.496s
[2K
| Adam | epoch: 007 | loss: 0.64784 - acc: 0.6085 -- iter: 160/342
[A[ATraining Step: 72  | total loss: [1m[32m0.63139[0m[0m | time: 3.921s
[2K
| Adam | epoch: 007 | loss: 0.63139 - acc: 0.6321 -- iter: 192/342
[A[ATraining Step: 73  | total loss: [1m[32m0.60609[0m[0m | time: 4.524s
[2K
| Adam | epoch: 007 | loss: 0.60609 - acc: 0.6628 -- iter: 224/342
[A[ATraining Step: 74  | total loss: [1m[32m0.62215[0m[0m | time: 5.129s
[2K
| Adam | epoch: 007 | loss: 0.62215 - acc: 0.6655 -- iter: 256/342
[A[ATraining Step: 75  | total loss: [1m[32m0.61764[0m[0m | time: 5.729s
[2K
| Adam | epoch: 007 | loss: 0.61764 - acc: 0.6747 -- iter: 288/342
[A[ATraining Step: 76  | total loss: [1m[32m0.61267[0m[0m | time: 6.340s
[2K
| Adam | epoch: 007 | loss: 0.61267 - acc: 0.6861 -- iter: 320/342
[A[ATraining Step: 77  | total loss: [1m[32m0.60585[0m[0m | time: 7.970s
[2K
| Adam | epoch: 007 | loss: 0.60585 - acc: 0.6863 | val_loss: 0.57295 - val_acc: 0.7009 -- iter: 342/342
--
Training Step: 78  | total loss: [1m[32m0.60023[0m[0m | time: 0.795s
[2K
| Adam | epoch: 008 | loss: 0.60023 - acc: 0.6929 -- iter: 032/342
[A[ATraining Step: 79  | total loss: [1m[32m0.59187[0m[0m | time: 1.589s
[2K
| Adam | epoch: 008 | loss: 0.59187 - acc: 0.7053 -- iter: 064/342
[A[ATraining Step: 80  | total loss: [1m[32m0.59136[0m[0m | time: 2.362s
[2K
| Adam | epoch: 008 | loss: 0.59136 - acc: 0.7099 -- iter: 096/342
[A[ATraining Step: 81  | total loss: [1m[32m0.59061[0m[0m | time: 3.030s
[2K
| Adam | epoch: 008 | loss: 0.59061 - acc: 0.7108 -- iter: 128/342
[A[ATraining Step: 82  | total loss: [1m[32m0.58027[0m[0m | time: 3.652s
[2K
| Adam | epoch: 008 | loss: 0.58027 - acc: 0.7178 -- iter: 160/342
[A[ATraining Step: 83  | total loss: [1m[32m0.57337[0m[0m | time: 4.074s
[2K
| Adam | epoch: 008 | loss: 0.57337 - acc: 0.7179 -- iter: 192/342
[A[ATraining Step: 84  | total loss: [1m[32m0.55826[0m[0m | time: 4.510s
[2K
| Adam | epoch: 008 | loss: 0.55826 - acc: 0.7234 -- iter: 224/342
[A[ATraining Step: 85  | total loss: [1m[32m0.53907[0m[0m | time: 5.102s
[2K
| Adam | epoch: 008 | loss: 0.53907 - acc: 0.7374 -- iter: 256/342
[A[ATraining Step: 86  | total loss: [1m[32m0.54499[0m[0m | time: 5.702s
[2K
| Adam | epoch: 008 | loss: 0.54499 - acc: 0.7356 -- iter: 288/342
[A[ATraining Step: 87  | total loss: [1m[32m0.55242[0m[0m | time: 6.312s
[2K
| Adam | epoch: 008 | loss: 0.55242 - acc: 0.7276 -- iter: 320/342
[A[ATraining Step: 88  | total loss: [1m[32m0.54976[0m[0m | time: 8.020s
[2K
| Adam | epoch: 008 | loss: 0.54976 - acc: 0.7361 | val_loss: 0.56655 - val_acc: 0.7103 -- iter: 342/342
--
Training Step: 89  | total loss: [1m[32m0.55489[0m[0m | time: 0.680s
[2K
| Adam | epoch: 009 | loss: 0.55489 - acc: 0.7344 -- iter: 032/342
[A[ATraining Step: 90  | total loss: [1m[32m0.55428[0m[0m | time: 1.450s
[2K
| Adam | epoch: 009 | loss: 0.55428 - acc: 0.7266 -- iter: 064/342
[A[ATraining Step: 91  | total loss: [1m[32m0.55475[0m[0m | time: 2.231s
[2K
| Adam | epoch: 009 | loss: 0.55475 - acc: 0.7258 -- iter: 096/342
[A[ATraining Step: 92  | total loss: [1m[32m0.54613[0m[0m | time: 2.831s
[2K
| Adam | epoch: 009 | loss: 0.54613 - acc: 0.7376 -- iter: 128/342
[A[ATraining Step: 93  | total loss: [1m[32m0.53404[0m[0m | time: 3.444s
[2K
| Adam | epoch: 009 | loss: 0.53404 - acc: 0.7482 -- iter: 160/342
[A[ATraining Step: 94  | total loss: [1m[32m0.52360[0m[0m | time: 4.195s
[2K
| Adam | epoch: 009 | loss: 0.52360 - acc: 0.7578 -- iter: 192/342
[A[ATraining Step: 95  | total loss: [1m[32m0.51244[0m[0m | time: 4.625s
[2K
| Adam | epoch: 009 | loss: 0.51244 - acc: 0.7632 -- iter: 224/342
[A[ATraining Step: 96  | total loss: [1m[32m0.49212[0m[0m | time: 5.043s
[2K
| Adam | epoch: 009 | loss: 0.49212 - acc: 0.7733 -- iter: 256/342
[A[ATraining Step: 97  | total loss: [1m[32m0.46724[0m[0m | time: 5.646s
[2K
| Adam | epoch: 009 | loss: 0.46724 - acc: 0.7959 -- iter: 288/342
[A[ATraining Step: 98  | total loss: [1m[32m0.46530[0m[0m | time: 6.317s
[2K
| Adam | epoch: 009 | loss: 0.46530 - acc: 0.7976 -- iter: 320/342
[A[ATraining Step: 99  | total loss: [1m[32m0.48881[0m[0m | time: 8.058s
[2K
| Adam | epoch: 009 | loss: 0.48881 - acc: 0.7897 | val_loss: 0.52600 - val_acc: 0.7383 -- iter: 342/342
--
Training Step: 100  | total loss: [1m[32m0.49037[0m[0m | time: 0.607s
[2K
| Adam | epoch: 010 | loss: 0.49037 - acc: 0.7951 -- iter: 032/342
[A[ATraining Step: 101  | total loss: [1m[32m0.47347[0m[0m | time: 1.211s
[2K
| Adam | epoch: 010 | loss: 0.47347 - acc: 0.8062 -- iter: 064/342
[A[ATraining Step: 102  | total loss: [1m[32m0.46394[0m[0m | time: 1.830s
[2K
| Adam | epoch: 010 | loss: 0.46394 - acc: 0.8131 -- iter: 096/342
[A[ATraining Step: 103  | total loss: [1m[32m0.45580[0m[0m | time: 2.616s
[2K
| Adam | epoch: 010 | loss: 0.45580 - acc: 0.8162 -- iter: 128/342
[A[ATraining Step: 104  | total loss: [1m[32m0.45322[0m[0m | time: 3.330s
[2K
| Adam | epoch: 010 | loss: 0.45322 - acc: 0.8189 -- iter: 160/342
[A[ATraining Step: 105  | total loss: [1m[32m0.44929[0m[0m | time: 4.048s
[2K
| Adam | epoch: 010 | loss: 0.44929 - acc: 0.8152 -- iter: 192/342
[A[ATraining Step: 106  | total loss: [1m[32m0.43364[0m[0m | time: 4.762s
[2K
| Adam | epoch: 010 | loss: 0.43364 - acc: 0.8243 -- iter: 224/342
[A[ATraining Step: 107  | total loss: [1m[32m0.46311[0m[0m | time: 5.260s
[2K
| Adam | epoch: 010 | loss: 0.46311 - acc: 0.8106 -- iter: 256/342
[A[ATraining Step: 108  | total loss: [1m[32m0.45846[0m[0m | time: 5.765s
[2K
| Adam | epoch: 010 | loss: 0.45846 - acc: 0.8159 -- iter: 288/342
[A[ATraining Step: 109  | total loss: [1m[32m0.45183[0m[0m | time: 6.519s
[2K
| Adam | epoch: 010 | loss: 0.45183 - acc: 0.8207 -- iter: 320/342
[A[ATraining Step: 110  | total loss: [1m[32m0.43882[0m[0m | time: 8.294s
[2K
| Adam | epoch: 010 | loss: 0.43882 - acc: 0.8230 | val_loss: 0.53360 - val_acc: 0.7383 -- iter: 342/342
--
Training Step: 111  | total loss: [1m[32m0.42627[0m[0m | time: 0.616s
[2K
| Adam | epoch: 011 | loss: 0.42627 - acc: 0.8344 -- iter: 032/342
[A[ATraining Step: 112  | total loss: [1m[32m0.40885[0m[0m | time: 1.216s
[2K
| Adam | epoch: 011 | loss: 0.40885 - acc: 0.8479 -- iter: 064/342
[A[ATraining Step: 113  | total loss: [1m[32m0.40271[0m[0m | time: 1.819s
[2K
| Adam | epoch: 011 | loss: 0.40271 - acc: 0.8537 -- iter: 096/342
[A[ATraining Step: 114  | total loss: [1m[32m0.38293[0m[0m | time: 2.435s
[2K
| Adam | epoch: 011 | loss: 0.38293 - acc: 0.8652 -- iter: 128/342
[A[ATraining Step: 115  | total loss: [1m[32m0.36978[0m[0m | time: 3.186s
[2K
| Adam | epoch: 011 | loss: 0.36978 - acc: 0.8662 -- iter: 160/342
[A[ATraining Step: 116  | total loss: [1m[32m0.37574[0m[0m | time: 3.940s
[2K
| Adam | epoch: 011 | loss: 0.37574 - acc: 0.8639 -- iter: 192/342
[A[ATraining Step: 117  | total loss: [1m[32m0.38433[0m[0m | time: 4.743s
[2K
| Adam | epoch: 011 | loss: 0.38433 - acc: 0.8557 -- iter: 224/342
[A[ATraining Step: 118  | total loss: [1m[32m0.38714[0m[0m | time: 5.536s
[2K
| Adam | epoch: 011 | loss: 0.38714 - acc: 0.8545 -- iter: 256/342
[A[ATraining Step: 119  | total loss: [1m[32m0.37426[0m[0m | time: 6.083s
[2K
| Adam | epoch: 011 | loss: 0.37426 - acc: 0.8628 -- iter: 288/342
[A[ATraining Step: 120  | total loss: [1m[32m0.41838[0m[0m | time: 6.585s
[2K
| Adam | epoch: 011 | loss: 0.41838 - acc: 0.8356 -- iter: 320/342
[A[ATraining Step: 121  | total loss: [1m[32m0.47090[0m[0m | time: 8.366s
[2K
| Adam | epoch: 011 | loss: 0.47090 - acc: 0.8111 | val_loss: 0.52145 - val_acc: 0.7570 -- iter: 342/342
--
Training Step: 122  | total loss: [1m[32m0.49045[0m[0m | time: 0.788s
[2K
| Adam | epoch: 012 | loss: 0.49045 - acc: 0.8081 -- iter: 032/342
[A[ATraining Step: 123  | total loss: [1m[32m0.48618[0m[0m | time: 1.530s
[2K
| Adam | epoch: 012 | loss: 0.48618 - acc: 0.8086 -- iter: 064/342
[A[ATraining Step: 124  | total loss: [1m[32m0.48046[0m[0m | time: 2.287s
[2K
| Adam | epoch: 012 | loss: 0.48046 - acc: 0.8090 -- iter: 096/342
[A[ATraining Step: 125  | total loss: [1m[32m0.47608[0m[0m | time: 3.012s
[2K
| Adam | epoch: 012 | loss: 0.47608 - acc: 0.8062 -- iter: 128/342
[A[ATraining Step: 126  | total loss: [1m[32m0.47838[0m[0m | time: 3.742s
[2K
| Adam | epoch: 012 | loss: 0.47838 - acc: 0.8006 -- iter: 160/342
[A[ATraining Step: 127  | total loss: [1m[32m0.46324[0m[0m | time: 4.489s
[2K
| Adam | epoch: 012 | loss: 0.46324 - acc: 0.8111 -- iter: 192/342
[A[ATraining Step: 128  | total loss: [1m[32m0.44818[0m[0m | time: 5.220s
[2K
| Adam | epoch: 012 | loss: 0.44818 - acc: 0.8238 -- iter: 224/342
[A[ATraining Step: 129  | total loss: [1m[32m0.44219[0m[0m | time: 5.965s
[2K
| Adam | epoch: 012 | loss: 0.44219 - acc: 0.8258 -- iter: 256/342
[A[ATraining Step: 130  | total loss: [1m[32m0.42809[0m[0m | time: 6.570s
[2K
| Adam | epoch: 012 | loss: 0.42809 - acc: 0.8338 -- iter: 288/342
[A[ATraining Step: 131  | total loss: [1m[32m0.43978[0m[0m | time: 6.994s
[2K
| Adam | epoch: 012 | loss: 0.43978 - acc: 0.8254 -- iter: 320/342
[A[ATraining Step: 132  | total loss: [1m[32m0.43304[0m[0m | time: 8.426s
[2K
| Adam | epoch: 012 | loss: 0.43304 - acc: 0.8247 | val_loss: 0.46527 - val_acc: 0.7944 -- iter: 342/342
--
Training Step: 133  | total loss: [1m[32m0.41771[0m[0m | time: 0.773s
[2K
| Adam | epoch: 013 | loss: 0.41771 - acc: 0.8332 -- iter: 032/342
[A[ATraining Step: 134  | total loss: [1m[32m0.41937[0m[0m | time: 1.491s
[2K
| Adam | epoch: 013 | loss: 0.41937 - acc: 0.8280 -- iter: 064/342
[A[ATraining Step: 135  | total loss: [1m[32m0.42211[0m[0m | time: 2.226s
[2K
| Adam | epoch: 013 | loss: 0.42211 - acc: 0.8295 -- iter: 096/342
[A[ATraining Step: 136  | total loss: [1m[32m0.41516[0m[0m | time: 2.957s
[2K
| Adam | epoch: 013 | loss: 0.41516 - acc: 0.8341 -- iter: 128/342
[A[ATraining Step: 137  | total loss: [1m[32m0.40803[0m[0m | time: 3.681s
[2K
| Adam | epoch: 013 | loss: 0.40803 - acc: 0.8444 -- iter: 160/342
[A[ATraining Step: 138  | total loss: [1m[32m0.39796[0m[0m | time: 4.426s
[2K
| Adam | epoch: 013 | loss: 0.39796 - acc: 0.8475 -- iter: 192/342
[A[ATraining Step: 139  | total loss: [1m[32m0.38758[0m[0m | time: 5.040s
[2K
| Adam | epoch: 013 | loss: 0.38758 - acc: 0.8534 -- iter: 224/342
[A[ATraining Step: 140  | total loss: [1m[32m0.37195[0m[0m | time: 5.658s
[2K
| Adam | epoch: 013 | loss: 0.37195 - acc: 0.8555 -- iter: 256/342
[A[ATraining Step: 141  | total loss: [1m[32m0.34947[0m[0m | time: 6.259s
[2K
| Adam | epoch: 013 | loss: 0.34947 - acc: 0.8637 -- iter: 288/342
[A[ATraining Step: 142  | total loss: [1m[32m0.35084[0m[0m | time: 6.866s
[2K
| Adam | epoch: 013 | loss: 0.35084 - acc: 0.8649 -- iter: 320/342
[A[ATraining Step: 143  | total loss: [1m[32m0.33984[0m[0m | time: 8.363s
[2K
| Adam | epoch: 013 | loss: 0.33984 - acc: 0.8659 | val_loss: 0.51526 - val_acc: 0.7664 -- iter: 342/342
--
Training Step: 144  | total loss: [1m[32m0.34235[0m[0m | time: 0.543s
[2K
| Adam | epoch: 014 | loss: 0.34235 - acc: 0.8656 -- iter: 032/342
[A[ATraining Step: 145  | total loss: [1m[32m0.34482[0m[0m | time: 1.248s
[2K
| Adam | epoch: 014 | loss: 0.34482 - acc: 0.8654 -- iter: 064/342
[A[ATraining Step: 146  | total loss: [1m[32m0.34601[0m[0m | time: 2.046s
[2K
| Adam | epoch: 014 | loss: 0.34601 - acc: 0.8664 -- iter: 096/342
[A[ATraining Step: 147  | total loss: [1m[32m0.33981[0m[0m | time: 2.685s
[2K
| Adam | epoch: 014 | loss: 0.33981 - acc: 0.8673 -- iter: 128/342
[A[ATraining Step: 148  | total loss: [1m[32m0.32310[0m[0m | time: 3.282s
[2K
| Adam | epoch: 014 | loss: 0.32310 - acc: 0.8774 -- iter: 160/342
[A[ATraining Step: 149  | total loss: [1m[32m0.30426[0m[0m | time: 3.883s
[2K
| Adam | epoch: 014 | loss: 0.30426 - acc: 0.8865 -- iter: 192/342
[A[ATraining Step: 150  | total loss: [1m[32m0.30434[0m[0m | time: 4.493s
[2K
| Adam | epoch: 014 | loss: 0.30434 - acc: 0.8854 -- iter: 224/342
[A[ATraining Step: 151  | total loss: [1m[32m0.30400[0m[0m | time: 5.091s
[2K
| Adam | epoch: 014 | loss: 0.30400 - acc: 0.8843 -- iter: 256/342
[A[ATraining Step: 152  | total loss: [1m[32m0.28014[0m[0m | time: 5.697s
[2K
| Adam | epoch: 014 | loss: 0.28014 - acc: 0.8959 -- iter: 288/342
[A[ATraining Step: 153  | total loss: [1m[32m0.28136[0m[0m | time: 6.374s
[2K
| Adam | epoch: 014 | loss: 0.28136 - acc: 0.8907 -- iter: 320/342
[A[ATraining Step: 154  | total loss: [1m[32m0.27668[0m[0m | time: 8.303s
[2K
| Adam | epoch: 014 | loss: 0.27668 - acc: 0.8923 | val_loss: 0.46413 - val_acc: 0.7850 -- iter: 342/342
--
Training Step: 155  | total loss: [1m[32m0.27229[0m[0m | time: 0.440s
[2K
| Adam | epoch: 015 | loss: 0.27229 - acc: 0.8937 -- iter: 032/342
[A[ATraining Step: 156  | total loss: [1m[32m0.26156[0m[0m | time: 0.874s
[2K
| Adam | epoch: 015 | loss: 0.26156 - acc: 0.8952 -- iter: 064/342
[A[ATraining Step: 157  | total loss: [1m[32m0.25115[0m[0m | time: 1.482s
[2K
| Adam | epoch: 015 | loss: 0.25115 - acc: 0.9011 -- iter: 096/342
[A[ATraining Step: 158  | total loss: [1m[32m0.25954[0m[0m | time: 2.088s
[2K
| Adam | epoch: 015 | loss: 0.25954 - acc: 0.8985 -- iter: 128/342
[A[ATraining Step: 159  | total loss: [1m[32m0.24648[0m[0m | time: 2.792s
[2K
| Adam | epoch: 015 | loss: 0.24648 - acc: 0.9055 -- iter: 160/342
[A[ATraining Step: 160  | total loss: [1m[32m0.26535[0m[0m | time: 3.413s
[2K
| Adam | epoch: 015 | loss: 0.26535 - acc: 0.9025 -- iter: 192/342
[A[ATraining Step: 161  | total loss: [1m[32m0.27188[0m[0m | time: 4.035s
[2K
| Adam | epoch: 015 | loss: 0.27188 - acc: 0.8997 -- iter: 224/342
[A[ATraining Step: 162  | total loss: [1m[32m0.26088[0m[0m | time: 4.631s
[2K
| Adam | epoch: 015 | loss: 0.26088 - acc: 0.9035 -- iter: 256/342
[A[ATraining Step: 163  | total loss: [1m[32m0.24642[0m[0m | time: 5.258s
[2K
| Adam | epoch: 015 | loss: 0.24642 - acc: 0.9069 -- iter: 288/342
[A[ATraining Step: 164  | total loss: [1m[32m0.22852[0m[0m | time: 5.855s
[2K
| Adam | epoch: 015 | loss: 0.22852 - acc: 0.9162 -- iter: 320/342
[A[ATraining Step: 165  | total loss: [1m[32m0.24158[0m[0m | time: 7.466s
[2K
| Adam | epoch: 015 | loss: 0.24158 - acc: 0.9090 | val_loss: 0.48696 - val_acc: 0.7944 -- iter: 342/342
--
Training Step: 166  | total loss: [1m[32m0.24736[0m[0m | time: 0.616s
[2K
| Adam | epoch: 016 | loss: 0.24736 - acc: 0.9056 -- iter: 032/342
[A[ATraining Step: 167  | total loss: [1m[32m0.24351[0m[0m | time: 1.034s
[2K
| Adam | epoch: 016 | loss: 0.24351 - acc: 0.9088 -- iter: 064/342
[A[ATraining Step: 168  | total loss: [1m[32m0.23002[0m[0m | time: 1.476s
[2K
| Adam | epoch: 016 | loss: 0.23002 - acc: 0.9133 -- iter: 096/342
[A[ATraining Step: 169  | total loss: [1m[32m0.21646[0m[0m | time: 2.085s
[2K
| Adam | epoch: 016 | loss: 0.21646 - acc: 0.9175 -- iter: 128/342
[A[ATraining Step: 170  | total loss: [1m[32m0.20915[0m[0m | time: 2.861s
[2K
| Adam | epoch: 016 | loss: 0.20915 - acc: 0.9195 -- iter: 160/342
[A[ATraining Step: 171  | total loss: [1m[32m0.20535[0m[0m | time: 3.469s
[2K
| Adam | epoch: 016 | loss: 0.20535 - acc: 0.9181 -- iter: 192/342
[A[ATraining Step: 172  | total loss: [1m[32m0.23072[0m[0m | time: 4.058s
[2K
| Adam | epoch: 016 | loss: 0.23072 - acc: 0.9076 -- iter: 224/342
[A[ATraining Step: 173  | total loss: [1m[32m0.21542[0m[0m | time: 4.661s
[2K
| Adam | epoch: 016 | loss: 0.21542 - acc: 0.9137 -- iter: 256/342
[A[ATraining Step: 174  | total loss: [1m[32m0.19973[0m[0m | time: 5.355s
[2K
| Adam | epoch: 016 | loss: 0.19973 - acc: 0.9223 -- iter: 288/342
[A[ATraining Step: 175  | total loss: [1m[32m0.21373[0m[0m | time: 5.962s
[2K
| Adam | epoch: 016 | loss: 0.21373 - acc: 0.9145 -- iter: 320/342
[A[ATraining Step: 176  | total loss: [1m[32m0.20779[0m[0m | time: 7.574s
[2K
| Adam | epoch: 016 | loss: 0.20779 - acc: 0.9199 | val_loss: 0.40016 - val_acc: 0.8131 -- iter: 342/342
--
Training Step: 177  | total loss: [1m[32m0.19456[0m[0m | time: 0.604s
[2K
| Adam | epoch: 017 | loss: 0.19456 - acc: 0.9248 -- iter: 032/342
[A[ATraining Step: 178  | total loss: [1m[32m0.18580[0m[0m | time: 1.204s
[2K
| Adam | epoch: 017 | loss: 0.18580 - acc: 0.9292 -- iter: 064/342
[A[ATraining Step: 179  | total loss: [1m[32m0.18928[0m[0m | time: 1.633s
[2K
| Adam | epoch: 017 | loss: 0.18928 - acc: 0.9300 -- iter: 096/342
[A[ATraining Step: 180  | total loss: [1m[32m0.18036[0m[0m | time: 2.058s
[2K
| Adam | epoch: 017 | loss: 0.18036 - acc: 0.9370 -- iter: 128/342
[A[ATraining Step: 181  | total loss: [1m[32m0.16969[0m[0m | time: 2.653s
[2K
| Adam | epoch: 017 | loss: 0.16969 - acc: 0.9433 -- iter: 160/342
[A[ATraining Step: 182  | total loss: [1m[32m0.15941[0m[0m | time: 3.258s
[2K
| Adam | epoch: 017 | loss: 0.15941 - acc: 0.9459 -- iter: 192/342
[A[ATraining Step: 183  | total loss: [1m[32m0.14989[0m[0m | time: 3.851s
[2K
| Adam | epoch: 017 | loss: 0.14989 - acc: 0.9513 -- iter: 224/342
[A[ATraining Step: 184  | total loss: [1m[32m0.16908[0m[0m | time: 4.448s
[2K
| Adam | epoch: 017 | loss: 0.16908 - acc: 0.9499 -- iter: 256/342
[A[ATraining Step: 185  | total loss: [1m[32m0.15835[0m[0m | time: 5.044s
[2K
| Adam | epoch: 017 | loss: 0.15835 - acc: 0.9549 -- iter: 288/342
[A[ATraining Step: 186  | total loss: [1m[32m0.14667[0m[0m | time: 5.666s
[2K
| Adam | epoch: 017 | loss: 0.14667 - acc: 0.9594 -- iter: 320/342
[A[ATraining Step: 187  | total loss: [1m[32m0.13568[0m[0m | time: 7.260s
[2K
| Adam | epoch: 017 | loss: 0.13568 - acc: 0.9635 | val_loss: 0.55871 - val_acc: 0.8131 -- iter: 342/342
--
Training Step: 188  | total loss: [1m[32m0.12786[0m[0m | time: 0.597s
[2K
| Adam | epoch: 018 | loss: 0.12786 - acc: 0.9671 -- iter: 032/342
[A[ATraining Step: 189  | total loss: [1m[32m0.12725[0m[0m | time: 1.212s
[2K
| Adam | epoch: 018 | loss: 0.12725 - acc: 0.9673 -- iter: 064/342
[A[ATraining Step: 190  | total loss: [1m[32m0.12074[0m[0m | time: 1.808s
[2K
| Adam | epoch: 018 | loss: 0.12074 - acc: 0.9674 -- iter: 096/342
[A[ATraining Step: 191  | total loss: [1m[32m0.11524[0m[0m | time: 2.230s
[2K
| Adam | epoch: 018 | loss: 0.11524 - acc: 0.9676 -- iter: 128/342
[A[ATraining Step: 192  | total loss: [1m[32m0.10713[0m[0m | time: 2.647s
[2K
| Adam | epoch: 018 | loss: 0.10713 - acc: 0.9708 -- iter: 160/342
[A[ATraining Step: 193  | total loss: [1m[32m0.09927[0m[0m | time: 3.250s
[2K
| Adam | epoch: 018 | loss: 0.09927 - acc: 0.9737 -- iter: 192/342
[A[ATraining Step: 194  | total loss: [1m[32m0.09663[0m[0m | time: 3.843s
[2K
| Adam | epoch: 018 | loss: 0.09663 - acc: 0.9732 -- iter: 224/342
[A[ATraining Step: 195  | total loss: [1m[32m0.08836[0m[0m | time: 4.445s
[2K
| Adam | epoch: 018 | loss: 0.08836 - acc: 0.9759 -- iter: 256/342
[A[ATraining Step: 196  | total loss: [1m[32m0.10304[0m[0m | time: 5.045s
[2K
| Adam | epoch: 018 | loss: 0.10304 - acc: 0.9752 -- iter: 288/342
[A[ATraining Step: 197  | total loss: [1m[32m0.09422[0m[0m | time: 5.642s
[2K
| Adam | epoch: 018 | loss: 0.09422 - acc: 0.9777 -- iter: 320/342
[A[ATraining Step: 198  | total loss: [1m[32m0.08892[0m[0m | time: 7.255s
[2K
| Adam | epoch: 018 | loss: 0.08892 - acc: 0.9799 | val_loss: 0.58023 - val_acc: 0.8318 -- iter: 342/342
--
Training Step: 199  | total loss: [1m[32m0.09099[0m[0m | time: 0.614s
[2K
| Adam | epoch: 019 | loss: 0.09099 - acc: 0.9788 -- iter: 032/342
[A[ATraining Step: 200  | total loss: [1m[32m0.08633[0m[0m | time: 2.216s
[2K
| Adam | epoch: 019 | loss: 0.08633 - acc: 0.9809 | val_loss: 0.60969 - val_acc: 0.8318 -- iter: 064/342
--
Training Step: 201  | total loss: [1m[32m0.08084[0m[0m | time: 2.836s
[2K
| Adam | epoch: 019 | loss: 0.08084 - acc: 0.9797 -- iter: 096/342
[A[ATraining Step: 202  | total loss: [1m[32m0.07587[0m[0m | time: 3.453s
[2K
| Adam | epoch: 019 | loss: 0.07587 - acc: 0.9817 -- iter: 128/342
[A[ATraining Step: 203  | total loss: [1m[32m0.08357[0m[0m | time: 3.906s
[2K
| Adam | epoch: 019 | loss: 0.08357 - acc: 0.9711 -- iter: 160/342
[A[ATraining Step: 204  | total loss: [1m[32m0.08087[0m[0m | time: 4.338s
[2K
| Adam | epoch: 019 | loss: 0.08087 - acc: 0.9694 -- iter: 192/342
[A[ATraining Step: 205  | total loss: [1m[32m0.07398[0m[0m | time: 4.929s
[2K
| Adam | epoch: 019 | loss: 0.07398 - acc: 0.9725 -- iter: 224/342
[A[ATraining Step: 206  | total loss: [1m[32m0.09676[0m[0m | time: 5.532s
[2K
| Adam | epoch: 019 | loss: 0.09676 - acc: 0.9658 -- iter: 256/342
[A[ATraining Step: 207  | total loss: [1m[32m0.10277[0m[0m | time: 6.152s
[2K
| Adam | epoch: 019 | loss: 0.10277 - acc: 0.9599 -- iter: 288/342
[A[ATraining Step: 208  | total loss: [1m[32m0.09524[0m[0m | time: 6.753s
[2K
| Adam | epoch: 019 | loss: 0.09524 - acc: 0.9639 -- iter: 320/342
[A[ATraining Step: 209  | total loss: [1m[32m0.08652[0m[0m | time: 8.360s
[2K
| Adam | epoch: 019 | loss: 0.08652 - acc: 0.9675 | val_loss: 0.80055 - val_acc: 0.7944 -- iter: 342/342
--
Training Step: 210  | total loss: [1m[32m0.08121[0m[0m | time: 0.702s
[2K
| Adam | epoch: 020 | loss: 0.08121 - acc: 0.9708 -- iter: 032/342
[A[ATraining Step: 211  | total loss: [1m[32m0.08048[0m[0m | time: 1.302s
[2K
| Adam | epoch: 020 | loss: 0.08048 - acc: 0.9706 -- iter: 064/342
[A[ATraining Step: 212  | total loss: [1m[32m0.08528[0m[0m | time: 1.911s
[2K
| Adam | epoch: 020 | loss: 0.08528 - acc: 0.9641 -- iter: 096/342
[A[ATraining Step: 213  | total loss: [1m[32m0.07910[0m[0m | time: 2.522s
[2K
| Adam | epoch: 020 | loss: 0.07910 - acc: 0.9677 -- iter: 128/342
[A[ATraining Step: 214  | total loss: [1m[32m0.07229[0m[0m | time: 3.119s
[2K
| Adam | epoch: 020 | loss: 0.07229 - acc: 0.9709 -- iter: 160/342
[A[ATraining Step: 215  | total loss: [1m[32m0.07603[0m[0m | time: 3.551s
[2K
| Adam | epoch: 020 | loss: 0.07603 - acc: 0.9707 -- iter: 192/342
[A[ATraining Step: 216  | total loss: [1m[32m0.07257[0m[0m | time: 3.969s
[2K
| Adam | epoch: 020 | loss: 0.07257 - acc: 0.9736 -- iter: 224/342
[A[ATraining Step: 217  | total loss: [1m[32m0.06660[0m[0m | time: 4.578s
[2K
| Adam | epoch: 020 | loss: 0.06660 - acc: 0.9763 -- iter: 256/342
[A[ATraining Step: 218  | total loss: [1m[32m0.06045[0m[0m | time: 5.177s
[2K
| Adam | epoch: 020 | loss: 0.06045 - acc: 0.9787 -- iter: 288/342
[A[ATraining Step: 219  | total loss: [1m[32m0.05603[0m[0m | time: 5.788s
[2K
| Adam | epoch: 020 | loss: 0.05603 - acc: 0.9808 -- iter: 320/342
[A[ATraining Step: 220  | total loss: [1m[32m0.05347[0m[0m | time: 7.387s
[2K
| Adam | epoch: 020 | loss: 0.05347 - acc: 0.9827 | val_loss: 0.71533 - val_acc: 0.8131 -- iter: 342/342
--
Training Step: 221  | total loss: [1m[32m0.04837[0m[0m | time: 0.611s
[2K
| Adam | epoch: 021 | loss: 0.04837 - acc: 0.9844 -- iter: 032/342
[A[ATraining Step: 222  | total loss: [1m[32m0.04466[0m[0m | time: 1.228s
[2K
| Adam | epoch: 021 | loss: 0.04466 - acc: 0.9860 -- iter: 064/342
[A[ATraining Step: 223  | total loss: [1m[32m0.04172[0m[0m | time: 2.008s
[2K
| Adam | epoch: 021 | loss: 0.04172 - acc: 0.9874 -- iter: 096/342
[A[ATraining Step: 224  | total loss: [1m[32m0.03843[0m[0m | time: 2.630s
[2K
| Adam | epoch: 021 | loss: 0.03843 - acc: 0.9887 -- iter: 128/342
[A[ATraining Step: 225  | total loss: [1m[32m0.03630[0m[0m | time: 3.388s
[2K
| Adam | epoch: 021 | loss: 0.03630 - acc: 0.9898 -- iter: 160/342
[A[ATraining Step: 226  | total loss: [1m[32m0.03292[0m[0m | time: 3.992s
[2K
| Adam | epoch: 021 | loss: 0.03292 - acc: 0.9908 -- iter: 192/342
[A[ATraining Step: 227  | total loss: [1m[32m0.03053[0m[0m | time: 4.416s
[2K
| Adam | epoch: 021 | loss: 0.03053 - acc: 0.9917 -- iter: 224/342
[A[ATraining Step: 228  | total loss: [1m[32m0.03788[0m[0m | time: 4.857s
[2K
| Adam | epoch: 021 | loss: 0.03788 - acc: 0.9880 -- iter: 256/342
[A[ATraining Step: 229  | total loss: [1m[32m0.03453[0m[0m | time: 5.471s
[2K
| Adam | epoch: 021 | loss: 0.03453 - acc: 0.9892 -- iter: 288/342
[A[ATraining Step: 230  | total loss: [1m[32m0.03787[0m[0m | time: 6.078s
[2K
| Adam | epoch: 021 | loss: 0.03787 - acc: 0.9872 -- iter: 320/342
[A[ATraining Step: 231  | total loss: [1m[32m0.03528[0m[0m | time: 7.682s
[2K
| Adam | epoch: 021 | loss: 0.03528 - acc: 0.9884 | val_loss: 0.72369 - val_acc: 0.8037 -- iter: 342/342
--
Training Step: 232  | total loss: [1m[32m0.03727[0m[0m | time: 0.620s
[2K
| Adam | epoch: 022 | loss: 0.03727 - acc: 0.9865 -- iter: 032/342
[A[ATraining Step: 233  | total loss: [1m[32m0.03472[0m[0m | time: 1.258s
[2K
| Adam | epoch: 022 | loss: 0.03472 - acc: 0.9878 -- iter: 064/342
[A[ATraining Step: 234  | total loss: [1m[32m0.03151[0m[0m | time: 1.890s
[2K
| Adam | epoch: 022 | loss: 0.03151 - acc: 0.9890 -- iter: 096/342
[A[ATraining Step: 235  | total loss: [1m[32m0.02879[0m[0m | time: 2.518s
[2K
| Adam | epoch: 022 | loss: 0.02879 - acc: 0.9901 -- iter: 128/342
[A[ATraining Step: 236  | total loss: [1m[32m0.02859[0m[0m | time: 3.120s
[2K
| Adam | epoch: 022 | loss: 0.02859 - acc: 0.9911 -- iter: 160/342
[A[ATraining Step: 237  | total loss: [1m[32m0.02755[0m[0m | time: 3.719s
[2K
| Adam | epoch: 022 | loss: 0.02755 - acc: 0.9920 -- iter: 192/342
[A[ATraining Step: 238  | total loss: [1m[32m0.02688[0m[0m | time: 4.348s
[2K
| Adam | epoch: 022 | loss: 0.02688 - acc: 0.9928 -- iter: 224/342
[A[ATraining Step: 239  | total loss: [1m[32m0.02657[0m[0m | time: 4.774s
[2K
| Adam | epoch: 022 | loss: 0.02657 - acc: 0.9935 -- iter: 256/342
[A[ATraining Step: 240  | total loss: [1m[32m0.02412[0m[0m | time: 5.214s
[2K
| Adam | epoch: 022 | loss: 0.02412 - acc: 0.9942 -- iter: 288/342
[A[ATraining Step: 241  | total loss: [1m[32m0.02191[0m[0m | time: 5.981s
[2K
| Adam | epoch: 022 | loss: 0.02191 - acc: 0.9948 -- iter: 320/342
[A[ATraining Step: 242  | total loss: [1m[32m0.02082[0m[0m | time: 7.608s
[2K
| Adam | epoch: 022 | loss: 0.02082 - acc: 0.9953 | val_loss: 0.75390 - val_acc: 0.8037 -- iter: 342/342
--
Training Step: 243  | total loss: [1m[32m0.01905[0m[0m | time: 0.608s
[2K
| Adam | epoch: 023 | loss: 0.01905 - acc: 0.9958 -- iter: 032/342
[A[ATraining Step: 244  | total loss: [1m[32m0.02647[0m[0m | time: 1.216s
[2K
| Adam | epoch: 023 | loss: 0.02647 - acc: 0.9931 -- iter: 064/342
[A[ATraining Step: 245  | total loss: [1m[32m0.03330[0m[0m | time: 1.859s
[2K
| Adam | epoch: 023 | loss: 0.03330 - acc: 0.9906 -- iter: 096/342
[A[ATraining Step: 246  | total loss: [1m[32m0.04084[0m[0m | time: 2.462s
[2K
| Adam | epoch: 023 | loss: 0.04084 - acc: 0.9853 -- iter: 128/342
[A[ATraining Step: 247  | total loss: [1m[32m0.03740[0m[0m | time: 3.064s
[2K
| Adam | epoch: 023 | loss: 0.03740 - acc: 0.9868 -- iter: 160/342
[A[ATraining Step: 248  | total loss: [1m[32m0.03389[0m[0m | time: 3.673s
[2K
| Adam | epoch: 023 | loss: 0.03389 - acc: 0.9881 -- iter: 192/342
[A[ATraining Step: 249  | total loss: [1m[32m0.03225[0m[0m | time: 4.482s
[2K
| Adam | epoch: 023 | loss: 0.03225 - acc: 0.9893 -- iter: 224/342
[A[ATraining Step: 250  | total loss: [1m[32m0.04706[0m[0m | time: 5.088s
[2K
| Adam | epoch: 023 | loss: 0.04706 - acc: 0.9841 -- iter: 256/342
[A[ATraining Step: 251  | total loss: [1m[32m0.04392[0m[0m | time: 5.515s
[2K
| Adam | epoch: 023 | loss: 0.04392 - acc: 0.9857 -- iter: 288/342
[A[ATraining Step: 252  | total loss: [1m[32m0.04245[0m[0m | time: 5.971s
[2K
| Adam | epoch: 023 | loss: 0.04245 - acc: 0.9871 -- iter: 320/342
[A[ATraining Step: 253  | total loss: [1m[32m0.03865[0m[0m | time: 7.587s
[2K
| Adam | epoch: 023 | loss: 0.03865 - acc: 0.9884 | val_loss: 0.73890 - val_acc: 0.7850 -- iter: 342/342
--
Training Step: 254  | total loss: [1m[32m0.03493[0m[0m | time: 0.716s
[2K
| Adam | epoch: 024 | loss: 0.03493 - acc: 0.9896 -- iter: 032/342
[A[ATraining Step: 255  | total loss: [1m[32m0.04785[0m[0m | time: 1.314s
[2K
| Adam | epoch: 024 | loss: 0.04785 - acc: 0.9844 -- iter: 064/342
[A[ATraining Step: 256  | total loss: [1m[32m0.07291[0m[0m | time: 1.912s
[2K
| Adam | epoch: 024 | loss: 0.07291 - acc: 0.9828 -- iter: 096/342
[A[ATraining Step: 257  | total loss: [1m[32m0.06634[0m[0m | time: 2.509s
[2K
| Adam | epoch: 024 | loss: 0.06634 - acc: 0.9845 -- iter: 128/342
[A[ATraining Step: 258  | total loss: [1m[32m0.06383[0m[0m | time: 3.106s
[2K
| Adam | epoch: 024 | loss: 0.06383 - acc: 0.9829 -- iter: 160/342
[A[ATraining Step: 259  | total loss: [1m[32m0.05783[0m[0m | time: 3.695s
[2K
| Adam | epoch: 024 | loss: 0.05783 - acc: 0.9847 -- iter: 192/342
[A[ATraining Step: 260  | total loss: [1m[32m0.05244[0m[0m | time: 4.295s
[2K
| Adam | epoch: 024 | loss: 0.05244 - acc: 0.9862 -- iter: 224/342
[A[ATraining Step: 261  | total loss: [1m[32m0.05014[0m[0m | time: 4.898s
[2K
| Adam | epoch: 024 | loss: 0.05014 - acc: 0.9876 -- iter: 256/342
[A[ATraining Step: 262  | total loss: [1m[32m0.04566[0m[0m | time: 5.495s
[2K
| Adam | epoch: 024 | loss: 0.04566 - acc: 0.9888 -- iter: 288/342
[A[ATraining Step: 263  | total loss: [1m[32m0.04265[0m[0m | time: 5.918s
[2K
| Adam | epoch: 024 | loss: 0.04265 - acc: 0.9899 -- iter: 320/342
[A[ATraining Step: 264  | total loss: [1m[32m0.03931[0m[0m | time: 7.344s
[2K
| Adam | epoch: 024 | loss: 0.03931 - acc: 0.9909 | val_loss: 0.60378 - val_acc: 0.8224 -- iter: 342/342
--
Training Step: 265  | total loss: [1m[32m0.03626[0m[0m | time: 0.610s
[2K
| Adam | epoch: 025 | loss: 0.03626 - acc: 0.9918 -- iter: 032/342
[A[ATraining Step: 266  | total loss: [1m[32m0.03376[0m[0m | time: 1.212s
[2K
| Adam | epoch: 025 | loss: 0.03376 - acc: 0.9927 -- iter: 064/342
[A[ATraining Step: 267  | total loss: [1m[32m0.03182[0m[0m | time: 1.815s
[2K
| Adam | epoch: 025 | loss: 0.03182 - acc: 0.9934 -- iter: 096/342
[A[ATraining Step: 268  | total loss: [1m[32m0.02928[0m[0m | time: 2.428s
[2K
| Adam | epoch: 025 | loss: 0.02928 - acc: 0.9941 -- iter: 128/342
[A[ATraining Step: 269  | total loss: [1m[32m0.02678[0m[0m | time: 3.029s
[2K
| Adam | epoch: 025 | loss: 0.02678 - acc: 0.9946 -- iter: 160/342
[A[ATraining Step: 270  | total loss: [1m[32m0.02472[0m[0m | time: 3.640s
[2K
| Adam | epoch: 025 | loss: 0.02472 - acc: 0.9952 -- iter: 192/342
[A[ATraining Step: 271  | total loss: [1m[32m0.02254[0m[0m | time: 4.251s
[2K
| Adam | epoch: 025 | loss: 0.02254 - acc: 0.9957 -- iter: 224/342
[A[ATraining Step: 272  | total loss: [1m[32m0.02064[0m[0m | time: 4.875s
[2K
| Adam | epoch: 025 | loss: 0.02064 - acc: 0.9961 -- iter: 256/342
[A[ATraining Step: 273  | total loss: [1m[32m0.01877[0m[0m | time: 5.480s
[2K
| Adam | epoch: 025 | loss: 0.01877 - acc: 0.9965 -- iter: 288/342
[A[ATraining Step: 274  | total loss: [1m[32m0.01789[0m[0m | time: 6.064s
[2K
| Adam | epoch: 025 | loss: 0.01789 - acc: 0.9968 -- iter: 320/342
[A[ATraining Step: 275  | total loss: [1m[32m0.01640[0m[0m | time: 7.494s
[2K
| Adam | epoch: 025 | loss: 0.01640 - acc: 0.9972 | val_loss: 0.64946 - val_acc: 0.8318 -- iter: 342/342
--
Training Step: 276  | total loss: [1m[32m0.01489[0m[0m | time: 0.441s
[2K
| Adam | epoch: 026 | loss: 0.01489 - acc: 0.9974 -- iter: 032/342
[A[ATraining Step: 277  | total loss: [1m[32m0.01351[0m[0m | time: 1.062s
[2K
| Adam | epoch: 026 | loss: 0.01351 - acc: 0.9977 -- iter: 064/342
[A[ATraining Step: 278  | total loss: [1m[32m0.01235[0m[0m | time: 1.651s
[2K
| Adam | epoch: 026 | loss: 0.01235 - acc: 0.9979 -- iter: 096/342
[A[ATraining Step: 279  | total loss: [1m[32m0.01135[0m[0m | time: 2.264s
[2K
| Adam | epoch: 026 | loss: 0.01135 - acc: 0.9981 -- iter: 128/342
[A[ATraining Step: 280  | total loss: [1m[32m0.05423[0m[0m | time: 2.871s
[2K
| Adam | epoch: 026 | loss: 0.05423 - acc: 0.9921 -- iter: 160/342
[A[ATraining Step: 281  | total loss: [1m[32m0.04895[0m[0m | time: 3.639s
[2K
| Adam | epoch: 026 | loss: 0.04895 - acc: 0.9929 -- iter: 192/342
[A[ATraining Step: 282  | total loss: [1m[32m0.04437[0m[0m | time: 4.323s
[2K
| Adam | epoch: 026 | loss: 0.04437 - acc: 0.9936 -- iter: 224/342
[A[ATraining Step: 283  | total loss: [1m[32m0.04035[0m[0m | time: 5.010s
[2K
| Adam | epoch: 026 | loss: 0.04035 - acc: 0.9942 -- iter: 256/342
[A[ATraining Step: 284  | total loss: [1m[32m0.03666[0m[0m | time: 5.606s
[2K
| Adam | epoch: 026 | loss: 0.03666 - acc: 0.9948 -- iter: 288/342
[A[ATraining Step: 285  | total loss: [1m[32m0.03332[0m[0m | time: 6.220s
[2K
| Adam | epoch: 026 | loss: 0.03332 - acc: 0.9953 -- iter: 320/342
[A[ATraining Step: 286  | total loss: [1m[32m0.03029[0m[0m | time: 7.955s
[2K
| Adam | epoch: 026 | loss: 0.03029 - acc: 0.9958 | val_loss: 0.56604 - val_acc: 0.8224 -- iter: 342/342
--
Training Step: 287  | total loss: [1m[32m0.03618[0m[0m | time: 0.434s
[2K
| Adam | epoch: 027 | loss: 0.03618 - acc: 0.9931 -- iter: 032/342
[A[ATraining Step: 288  | total loss: [1m[32m0.03319[0m[0m | time: 0.858s
[2K
| Adam | epoch: 027 | loss: 0.03319 - acc: 0.9938 -- iter: 064/342
[A[ATraining Step: 289  | total loss: [1m[32m0.03058[0m[0m | time: 1.598s
[2K
| Adam | epoch: 027 | loss: 0.03058 - acc: 0.9944 -- iter: 096/342
[A[ATraining Step: 290  | total loss: [1m[32m0.02828[0m[0m | time: 2.194s
[2K
| Adam | epoch: 027 | loss: 0.02828 - acc: 0.9950 -- iter: 128/342
[A[ATraining Step: 291  | total loss: [1m[32m0.03000[0m[0m | time: 2.799s
[2K
| Adam | epoch: 027 | loss: 0.03000 - acc: 0.9955 -- iter: 160/342
[A[ATraining Step: 292  | total loss: [1m[32m0.04007[0m[0m | time: 3.372s
[2K
| Adam | epoch: 027 | loss: 0.04007 - acc: 0.9928 -- iter: 192/342
[A[ATraining Step: 293  | total loss: [1m[32m0.03720[0m[0m | time: 3.984s
[2K
| Adam | epoch: 027 | loss: 0.03720 - acc: 0.9935 -- iter: 224/342
[A[ATraining Step: 294  | total loss: [1m[32m0.03403[0m[0m | time: 4.607s
[2K
| Adam | epoch: 027 | loss: 0.03403 - acc: 0.9942 -- iter: 256/342
[A[ATraining Step: 295  | total loss: [1m[32m0.03112[0m[0m | time: 5.210s
[2K
| Adam | epoch: 027 | loss: 0.03112 - acc: 0.9947 -- iter: 288/342
[A[ATraining Step: 296  | total loss: [1m[32m0.02831[0m[0m | time: 5.816s
[2K
| Adam | epoch: 027 | loss: 0.02831 - acc: 0.9953 -- iter: 320/342
[A[ATraining Step: 297  | total loss: [1m[32m0.02789[0m[0m | time: 7.433s
[2K
| Adam | epoch: 027 | loss: 0.02789 - acc: 0.9957 | val_loss: 0.68697 - val_acc: 0.8224 -- iter: 342/342
--
Training Step: 298  | total loss: [1m[32m0.02543[0m[0m | time: 0.612s
[2K
| Adam | epoch: 028 | loss: 0.02543 - acc: 0.9962 -- iter: 032/342
[A[ATraining Step: 299  | total loss: [1m[32m0.02308[0m[0m | time: 1.039s
[2K
| Adam | epoch: 028 | loss: 0.02308 - acc: 0.9966 -- iter: 064/342
[A[ATraining Step: 300  | total loss: [1m[32m0.02136[0m[0m | time: 1.460s
[2K
| Adam | epoch: 028 | loss: 0.02136 - acc: 0.9969 -- iter: 096/342
[A[ATraining Step: 301  | total loss: [1m[32m0.02006[0m[0m | time: 2.060s
[2K
| Adam | epoch: 028 | loss: 0.02006 - acc: 0.9972 -- iter: 128/342
[A[ATraining Step: 302  | total loss: [1m[32m0.01824[0m[0m | time: 2.659s
[2K
| Adam | epoch: 028 | loss: 0.01824 - acc: 0.9975 -- iter: 160/342
[A[ATraining Step: 303  | total loss: [1m[32m0.01668[0m[0m | time: 3.269s
[2K
| Adam | epoch: 028 | loss: 0.01668 - acc: 0.9977 -- iter: 192/342
[A[ATraining Step: 304  | total loss: [1m[32m0.01533[0m[0m | time: 3.923s
[2K
| Adam | epoch: 028 | loss: 0.01533 - acc: 0.9980 -- iter: 224/342
[A[ATraining Step: 305  | total loss: [1m[32m0.01406[0m[0m | time: 4.687s
[2K
| Adam | epoch: 028 | loss: 0.01406 - acc: 0.9982 -- iter: 256/342
[A[ATraining Step: 306  | total loss: [1m[32m0.01297[0m[0m | time: 5.390s
[2K
| Adam | epoch: 028 | loss: 0.01297 - acc: 0.9984 -- iter: 288/342
[A[ATraining Step: 307  | total loss: [1m[32m0.01183[0m[0m | time: 5.992s
[2K
| Adam | epoch: 028 | loss: 0.01183 - acc: 0.9985 -- iter: 320/342
[A[ATraining Step: 308  | total loss: [1m[32m0.01077[0m[0m | time: 7.599s
[2K
| Adam | epoch: 028 | loss: 0.01077 - acc: 0.9987 | val_loss: 0.83151 - val_acc: 0.8224 -- iter: 342/342
--
Training Step: 309  | total loss: [1m[32m0.00981[0m[0m | time: 0.629s
[2K
| Adam | epoch: 029 | loss: 0.00981 - acc: 0.9988 -- iter: 032/342
[A[ATraining Step: 310  | total loss: [1m[32m0.00888[0m[0m | time: 1.240s
[2K
| Adam | epoch: 029 | loss: 0.00888 - acc: 0.9989 -- iter: 064/342
[A[ATraining Step: 311  | total loss: [1m[32m0.00815[0m[0m | time: 1.669s
[2K
| Adam | epoch: 029 | loss: 0.00815 - acc: 0.9990 -- iter: 096/342
[A[ATraining Step: 312  | total loss: [1m[32m0.00737[0m[0m | time: 2.095s
[2K
| Adam | epoch: 029 | loss: 0.00737 - acc: 0.9991 -- iter: 128/342
[A[ATraining Step: 313  | total loss: [1m[32m0.00667[0m[0m | time: 2.722s
[2K
| Adam | epoch: 029 | loss: 0.00667 - acc: 0.9992 -- iter: 160/342
[A[ATraining Step: 314  | total loss: [1m[32m0.00605[0m[0m | time: 3.339s
[2K
| Adam | epoch: 029 | loss: 0.00605 - acc: 0.9993 -- iter: 192/342
[A[ATraining Step: 315  | total loss: [1m[32m0.00813[0m[0m | time: 4.232s
[2K
| Adam | epoch: 029 | loss: 0.00813 - acc: 0.9962 -- iter: 224/342
[A[ATraining Step: 316  | total loss: [1m[32m0.00740[0m[0m | time: 4.830s
[2K
| Adam | epoch: 029 | loss: 0.00740 - acc: 0.9966 -- iter: 256/342
[A[ATraining Step: 317  | total loss: [1m[32m0.00669[0m[0m | time: 5.436s
[2K
| Adam | epoch: 029 | loss: 0.00669 - acc: 0.9970 -- iter: 288/342
[A[ATraining Step: 318  | total loss: [1m[32m0.00615[0m[0m | time: 6.032s
[2K
| Adam | epoch: 029 | loss: 0.00615 - acc: 0.9973 -- iter: 320/342
[A[ATraining Step: 319  | total loss: [1m[32m0.00615[0m[0m | time: 7.636s
[2K
| Adam | epoch: 029 | loss: 0.00615 - acc: 0.9975 | val_loss: 1.05996 - val_acc: 0.8224 -- iter: 342/342
--
Training Step: 320  | total loss: [1m[32m0.00689[0m[0m | time: 0.643s
[2K
| Adam | epoch: 030 | loss: 0.00689 - acc: 0.9978 -- iter: 032/342
[A[ATraining Step: 321  | total loss: [1m[32m0.00674[0m[0m | time: 1.244s
[2K
| Adam | epoch: 030 | loss: 0.00674 - acc: 0.9980 -- iter: 064/342
[A[ATraining Step: 322  | total loss: [1m[32m0.00614[0m[0m | time: 1.848s
[2K
| Adam | epoch: 030 | loss: 0.00614 - acc: 0.9982 -- iter: 096/342
[A[ATraining Step: 323  | total loss: [1m[32m0.00561[0m[0m | time: 2.275s
[2K
| Adam | epoch: 030 | loss: 0.00561 - acc: 0.9984 -- iter: 128/342
[A[ATraining Step: 324  | total loss: [1m[32m0.00507[0m[0m | time: 2.746s
[2K
| Adam | epoch: 030 | loss: 0.00507 - acc: 0.9985 -- iter: 160/342
[A[ATraining Step: 325  | total loss: [1m[32m0.00458[0m[0m | time: 3.350s
[2K
| Adam | epoch: 030 | loss: 0.00458 - acc: 0.9987 -- iter: 192/342
[A[ATraining Step: 326  | total loss: [1m[32m0.00418[0m[0m | time: 3.945s
[2K
| Adam | epoch: 030 | loss: 0.00418 - acc: 0.9988 -- iter: 224/342
[A[ATraining Step: 327  | total loss: [1m[32m0.00387[0m[0m | time: 4.548s
[2K
| Adam | epoch: 030 | loss: 0.00387 - acc: 0.9989 -- iter: 256/342
[A[ATraining Step: 328  | total loss: [1m[32m0.07116[0m[0m | time: 5.164s
[2K
| Adam | epoch: 030 | loss: 0.07116 - acc: 0.9928 -- iter: 288/342
[A[ATraining Step: 329  | total loss: [1m[32m0.06430[0m[0m | time: 5.819s
[2K
| Adam | epoch: 030 | loss: 0.06430 - acc: 0.9935 -- iter: 320/342
[A[ATraining Step: 330  | total loss: [1m[32m0.06366[0m[0m | time: 7.415s
[2K
| Adam | epoch: 030 | loss: 0.06366 - acc: 0.9910 | val_loss: 0.73332 - val_acc: 0.8131 -- iter: 342/342
--
Validation AUC:0.9060734463276836
Validation AUPRC:0.9183092024673027
Test AUC:0.9095744680851063
Test AUPRC:0.9335775617157958
BestTestF1Score	0.78	0.58	0.78	0.69	0.89	42	19	41	5	0.5
BestTestMCCScore	0.88	0.82	0.91	0.97	0.81	38	1	59	9	1.0
BestTestAccuracyScore	0.88	0.82	0.91	0.97	0.81	38	1	59	9	1.0
BestValidationF1Score	0.82	0.66	0.82	0.75	0.9	43	14	45	5	0.5
BestValidationMCC	0.8	0.72	0.85	0.97	0.69	33	1	58	15	1.0
BestValidationAccuracy	0.8	0.72	0.85	0.97	0.69	33	1	58	15	1.0
TestPredictions (Threshold:1.0)
CHEMBL211442,TN,INACT,0.8999999761581421	CHEMBL40123,FN,ACT,0.0	CHEMBL450968,TN,INACT,0.0	CHEMBL267259,TN,INACT,0.009999999776482582	CHEMBL2381645,FN,ACT,0.0	CHEMBL210512,TN,INACT,0.11999999731779099	CHEMBL369526,TP,ACT,1.0	CHEMBL58782,TN,INACT,0.0	CHEMBL3805203,TP,ACT,1.0	CHEMBL180455,TP,ACT,1.0	CHEMBL504772,TN,INACT,0.0	CHEMBL334667,TN,INACT,0.7900000214576721	CHEMBL3764173,TP,ACT,1.0	CHEMBL59286,TN,INACT,0.18000000715255737	CHEMBL1242660,TN,INACT,0.009999999776482582	CHEMBL2312397,TN,INACT,0.25	CHEMBL444979,TN,INACT,0.0	CHEMBL595759,TP,ACT,1.0	CHEMBL2158445,TN,INACT,0.05000000074505806	CHEMBL327936,TN,INACT,0.0	CHEMBL3798556,TN,INACT,0.8199999928474426	CHEMBL2064567,TN,INACT,0.7099999785423279	CHEMBL557092,TN,INACT,0.9900000095367432	CHEMBL1094762,TP,ACT,1.0	CHEMBL295427,TN,INACT,0.0	CHEMBL442076,TN,INACT,0.9700000286102295	CHEMBL1094763,FN,ACT,0.5400000214576721	CHEMBL275079,TP,ACT,1.0	CHEMBL1629855,FN,ACT,0.5699999928474426	CHEMBL2158432,TN,INACT,0.0	CHEMBL1094415,TP,ACT,1.0	CHEMBL302402,TN,INACT,0.05000000074505806	CHEMBL3347670,TN,INACT,0.6499999761581421	CHEMBL30853,TN,INACT,0.0	CHEMBL267276,TN,INACT,0.0	CHEMBL104191,TP,ACT,1.0	CHEMBL291278,TN,INACT,0.0	CHEMBL218710,TP,ACT,1.0	CHEMBL2089115,TN,INACT,0.03999999910593033	CHEMBL3787264,TN,INACT,0.0	CHEMBL442328,TN,INACT,0.0	CHEMBL1094124,TP,ACT,1.0	CHEMBL1669399,TP,ACT,1.0	CHEMBL323080,TP,ACT,1.0	CHEMBL367189,TN,INACT,0.9200000166893005	CHEMBL253161,TN,INACT,0.800000011920929	CHEMBL3600778,TN,INACT,0.0	CHEMBL1774108,TP,ACT,1.0	CHEMBL2381644,FN,ACT,0.0	CHEMBL104818,TP,ACT,1.0	CHEMBL3221627,TN,INACT,0.7200000286102295	CHEMBL3764057,TP,ACT,1.0	CHEMBL399071,TN,INACT,0.11999999731779099	CHEMBL105193,TP,ACT,1.0	CHEMBL3764005,TP,ACT,1.0	CHEMBL2381649,FN,ACT,0.0	CHEMBL279998,TN,INACT,0.9599999785423279	CHEMBL594204,TP,ACT,1.0	CHEMBL3337527,TP,ACT,1.0	CHEMBL2312686,TN,INACT,0.9399999976158142	CHEMBL2381651,TP,ACT,1.0	CHEMBL3805017,TP,ACT,1.0	CHEMBL3804910,TP,ACT,1.0	CHEMBL1241858,TN,INACT,0.019999999552965164	CHEMBL1669393,TP,ACT,1.0	CHEMBL1096713,TP,ACT,1.0	CHEMBL2158435,TN,INACT,0.009999999776482582	CHEMBL1630806,FN,ACT,0.36000001430511475	CHEMBL1669395,TP,ACT,1.0	CHEMBL178823,TP,ACT,1.0	CHEMBL1241584,TN,INACT,0.0	CHEMBL390892,TN,INACT,0.949999988079071	CHEMBL1242291,TN,INACT,0.9200000166893005	CHEMBL3600697,TN,INACT,0.4300000071525574	CHEMBL288635,TN,INACT,0.0	CHEMBL359909,TP,ACT,1.0	CHEMBL1242292,TN,INACT,0.8899999856948853	CHEMBL244584,TN,INACT,0.009999999776482582	CHEMBL3806137,TP,ACT,1.0	CHEMBL2158434,TN,INACT,0.2800000011920929	CHEMBL1096712,FN,ACT,0.9900000095367432	CHEMBL320952,TN,INACT,0.0	CHEMBL1669390,TP,ACT,1.0	CHEMBL1094416,TP,ACT,1.0	CHEMBL1242029,TN,INACT,0.009999999776482582	CHEMBL92433,TN,INACT,0.009999999776482582	CHEMBL594011,TP,ACT,1.0	CHEMBL3616859,TP,ACT,1.0	CHEMBL596270,TP,ACT,1.0	CHEMBL1240545,TN,INACT,0.009999999776482582	CHEMBL469806,TN,INACT,0.9700000286102295	CHEMBL83902,TN,INACT,0.029999999329447746	CHEMBL123259,TN,INACT,0.3400000035762787	CHEMBL1095750,TP,ACT,1.0	CHEMBL1242751,TN,INACT,0.029999999329447746	CHEMBL343893,TN,INACT,0.019999999552965164	CHEMBL440328,FN,ACT,0.9900000095367432	CHEMBL3799345,FP,INACT,1.0	CHEMBL183541,TP,ACT,1.0	CHEMBL66693,TN,INACT,0.9599999785423279	CHEMBL61550,TN,INACT,0.009999999776482582	CHEMBL556070,TN,INACT,0.9900000095367432	CHEMBL2206441,TP,ACT,1.0	CHEMBL3600771,TN,INACT,0.009999999776482582	CHEMBL311860,TN,INACT,0.009999999776482582	CHEMBL596271,TP,ACT,1.0	CHEMBL2165182,TN,INACT,0.0	

