ImageNetInceptionV2 CHEMBL1882 adam 0.0005 15 0 0 0.6 False True
Number of active compounds :	154
Number of inactive compounds :	154
---------------------------------
Run id: ImageNetInceptionV2_CHEMBL1882_adam_0.0005_15_0_0_0.6_False_True_id
Log directory: ../tflearnLogs/ImageNetInceptionV2_CHEMBL1882_adam_0.0005_15_0.6/
---------------------------------
Training samples: 128
Validation samples: 41
--
Training Step: 1  | time: 42.537s
[2K
| Adam | epoch: 001 | loss: 0.00000 - acc: 0.0000 -- iter: 032/128
[A[ATraining Step: 2  | total loss: [1m[32m0.62838[0m[0m | time: 54.260s
[2K
| Adam | epoch: 001 | loss: 0.62838 - acc: 0.5625 -- iter: 064/128
[A[ATraining Step: 3  | total loss: [1m[32m0.44278[0m[0m | time: 65.893s
[2K
| Adam | epoch: 001 | loss: 0.44278 - acc: 0.7926 -- iter: 096/128
[A[ATraining Step: 4  | total loss: [1m[32m0.48076[0m[0m | time: 87.600s
[2K
| Adam | epoch: 001 | loss: 0.48076 - acc: 0.7841 | val_loss: 1.02323 - val_acc: 0.6585 -- iter: 128/128
--
Training Step: 5  | total loss: [1m[32m0.63699[0m[0m | time: 10.124s
[2K
| Adam | epoch: 002 | loss: 0.63699 - acc: 0.8038 -- iter: 032/128
[A[ATraining Step: 6  | total loss: [1m[32m0.41517[0m[0m | time: 18.930s
[2K
| Adam | epoch: 002 | loss: 0.41517 - acc: 0.8696 -- iter: 064/128
[A[ATraining Step: 7  | total loss: [1m[32m0.73086[0m[0m | time: 35.841s
[2K
| Adam | epoch: 002 | loss: 0.73086 - acc: 0.7041 -- iter: 096/128
[A[ATraining Step: 8  | total loss: [1m[32m0.56065[0m[0m | time: 46.479s
[2K
| Adam | epoch: 002 | loss: 0.56065 - acc: 0.7475 | val_loss: 0.68039 - val_acc: 0.6585 -- iter: 128/128
--
Training Step: 9  | total loss: [1m[32m0.41202[0m[0m | time: 19.217s
[2K
| Adam | epoch: 003 | loss: 0.41202 - acc: 0.8150 -- iter: 032/128
[A[ATraining Step: 10  | total loss: [1m[32m0.39452[0m[0m | time: 53.166s
[2K
| Adam | epoch: 003 | loss: 0.39452 - acc: 0.8763 -- iter: 064/128
[A[ATraining Step: 11  | total loss: [1m[32m0.29507[0m[0m | time: 71.724s
[2K
| Adam | epoch: 003 | loss: 0.29507 - acc: 0.9053 -- iter: 096/128
[A[ATraining Step: 12  | total loss: [1m[32m0.31562[0m[0m | time: 114.752s
[2K
| Adam | epoch: 003 | loss: 0.31562 - acc: 0.8776 | val_loss: 0.64225 - val_acc: 0.6585 -- iter: 128/128
--
Training Step: 13  | total loss: [1m[32m0.24811[0m[0m | time: 12.181s
[2K
| Adam | epoch: 004 | loss: 0.24811 - acc: 0.9167 -- iter: 032/128
[A[ATraining Step: 14  | total loss: [1m[32m0.20656[0m[0m | time: 67.252s
[2K
| Adam | epoch: 004 | loss: 0.20656 - acc: 0.9380 -- iter: 064/128
[A[ATraining Step: 15  | total loss: [1m[32m0.23764[0m[0m | time: 94.974s
[2K
| Adam | epoch: 004 | loss: 0.23764 - acc: 0.9133 -- iter: 096/128
[A[ATraining Step: 16  | total loss: [1m[32m0.21247[0m[0m | time: 191.350s
[2K
| Adam | epoch: 004 | loss: 0.21247 - acc: 0.9224 | val_loss: 0.67100 - val_acc: 0.6585 -- iter: 128/128
--
Training Step: 17  | total loss: [1m[32m0.16888[0m[0m | time: 45.068s
[2K
| Adam | epoch: 005 | loss: 0.16888 - acc: 0.9391 -- iter: 032/128
[A[ATraining Step: 18  | total loss: [1m[32m0.17436[0m[0m | time: 76.695s
[2K
| Adam | epoch: 005 | loss: 0.17436 - acc: 0.9494 -- iter: 064/128
[A[ATraining Step: 19  | total loss: [1m[32m0.16403[0m[0m | time: 100.903s
[2K
| Adam | epoch: 005 | loss: 0.16403 - acc: 0.9454 -- iter: 096/128
[A[ATraining Step: 20  | total loss: [1m[32m0.17137[0m[0m | time: 157.824s
[2K
| Adam | epoch: 005 | loss: 0.17137 - acc: 0.9529 | val_loss: 0.74068 - val_acc: 0.6585 -- iter: 128/128
--
Training Step: 21  | total loss: [1m[32m0.13179[0m[0m | time: 23.014s
[2K
| Adam | epoch: 006 | loss: 0.13179 - acc: 0.9578 -- iter: 032/128
[A[ATraining Step: 22  | total loss: [1m[32m0.11803[0m[0m | time: 37.507s
[2K
| Adam | epoch: 006 | loss: 0.11803 - acc: 0.9611 -- iter: 064/128
[A[ATraining Step: 23  | total loss: [1m[32m0.09720[0m[0m | time: 59.508s
[2K
| Adam | epoch: 006 | loss: 0.09720 - acc: 0.9724 -- iter: 096/128
[A[ATraining Step: 24  | total loss: [1m[32m0.13154[0m[0m | time: 101.912s
[2K
| Adam | epoch: 006 | loss: 0.13154 - acc: 0.9538 | val_loss: 1.00262 - val_acc: 0.6585 -- iter: 128/128
--
Training Step: 25  | total loss: [1m[32m0.13400[0m[0m | time: 22.203s
[2K
| Adam | epoch: 007 | loss: 0.13400 - acc: 0.9579 -- iter: 032/128
[A[ATraining Step: 26  | total loss: [1m[32m0.12768[0m[0m | time: 32.071s
[2K
| Adam | epoch: 007 | loss: 0.12768 - acc: 0.9608 -- iter: 064/128
[A[ATraining Step: 27  | total loss: [1m[32m0.10616[0m[0m | time: 40.938s
[2K
| Adam | epoch: 007 | loss: 0.10616 - acc: 0.9708 -- iter: 096/128
[A[ATraining Step: 28  | total loss: [1m[32m0.11926[0m[0m | time: 56.679s
[2K
| Adam | epoch: 007 | loss: 0.11926 - acc: 0.9703 | val_loss: 0.96281 - val_acc: 0.6585 -- iter: 128/128
--
Training Step: 29  | total loss: [1m[32m0.11178[0m[0m | time: 9.586s
[2K
| Adam | epoch: 008 | loss: 0.11178 - acc: 0.9623 -- iter: 032/128
[A[ATraining Step: 30  | total loss: [1m[32m0.10008[0m[0m | time: 19.050s
[2K
| Adam | epoch: 008 | loss: 0.10008 - acc: 0.9713 -- iter: 064/128
[A[ATraining Step: 31  | total loss: [1m[32m0.09087[0m[0m | time: 29.034s
[2K
| Adam | epoch: 008 | loss: 0.09087 - acc: 0.9779 -- iter: 096/128
[A[ATraining Step: 32  | total loss: [1m[32m0.08031[0m[0m | time: 57.550s
[2K
| Adam | epoch: 008 | loss: 0.08031 - acc: 0.9829 | val_loss: 0.93410 - val_acc: 0.6585 -- iter: 128/128
--
Training Step: 33  | total loss: [1m[32m0.08734[0m[0m | time: 7.980s
[2K
| Adam | epoch: 009 | loss: 0.08734 - acc: 0.9798 -- iter: 032/128
[A[ATraining Step: 34  | total loss: [1m[32m0.07127[0m[0m | time: 16.032s
[2K
| Adam | epoch: 009 | loss: 0.07127 - acc: 0.9841 -- iter: 064/128
[A[ATraining Step: 35  | total loss: [1m[32m0.07138[0m[0m | time: 24.065s
[2K
| Adam | epoch: 009 | loss: 0.07138 - acc: 0.9809 -- iter: 096/128
[A[ATraining Step: 36  | total loss: [1m[32m0.06278[0m[0m | time: 33.918s
[2K
| Adam | epoch: 009 | loss: 0.06278 - acc: 0.9848 | val_loss: 1.03954 - val_acc: 0.6585 -- iter: 128/128
--
Training Step: 37  | total loss: [1m[32m0.08875[0m[0m | time: 8.113s
[2K
| Adam | epoch: 010 | loss: 0.08875 - acc: 0.9816 -- iter: 032/128
[A[ATraining Step: 38  | total loss: [1m[32m0.12584[0m[0m | time: 16.100s
[2K
| Adam | epoch: 010 | loss: 0.12584 - acc: 0.9791 -- iter: 064/128
[A[ATraining Step: 39  | total loss: [1m[32m0.10282[0m[0m | time: 24.001s
[2K
| Adam | epoch: 010 | loss: 0.10282 - acc: 0.9831 -- iter: 096/128
[A[ATraining Step: 40  | total loss: [1m[32m0.08617[0m[0m | time: 33.868s
[2K
| Adam | epoch: 010 | loss: 0.08617 - acc: 0.9863 | val_loss: 1.14011 - val_acc: 0.6585 -- iter: 128/128
--
Training Step: 41  | total loss: [1m[32m0.07310[0m[0m | time: 7.991s
[2K
| Adam | epoch: 011 | loss: 0.07310 - acc: 0.9888 -- iter: 032/128
[A[ATraining Step: 42  | total loss: [1m[32m0.07216[0m[0m | time: 16.116s
[2K
| Adam | epoch: 011 | loss: 0.07216 - acc: 0.9852 -- iter: 064/128
[A[ATraining Step: 43  | total loss: [1m[32m0.08404[0m[0m | time: 24.149s
[2K
| Adam | epoch: 011 | loss: 0.08404 - acc: 0.9823 -- iter: 096/128
[A[ATraining Step: 44  | total loss: [1m[32m0.07163[0m[0m | time: 34.077s
[2K
| Adam | epoch: 011 | loss: 0.07163 - acc: 0.9853 | val_loss: 1.77180 - val_acc: 0.6585 -- iter: 128/128
--
Training Step: 45  | total loss: [1m[32m0.06935[0m[0m | time: 7.851s
[2K
| Adam | epoch: 012 | loss: 0.06935 - acc: 0.9825 -- iter: 032/128
[A[ATraining Step: 46  | total loss: [1m[32m0.06064[0m[0m | time: 15.919s
[2K
| Adam | epoch: 012 | loss: 0.06064 - acc: 0.9854 -- iter: 064/128
[A[ATraining Step: 47  | total loss: [1m[32m0.06307[0m[0m | time: 23.938s
[2K
| Adam | epoch: 012 | loss: 0.06307 - acc: 0.9827 -- iter: 096/128
[A[ATraining Step: 48  | total loss: [1m[32m0.08106[0m[0m | time: 33.751s
[2K
| Adam | epoch: 012 | loss: 0.08106 - acc: 0.9805 | val_loss: 1.98348 - val_acc: 0.6585 -- iter: 128/128
--
Training Step: 49  | total loss: [1m[32m0.07658[0m[0m | time: 8.002s
[2K
| Adam | epoch: 013 | loss: 0.07658 - acc: 0.9835 -- iter: 032/128
[A[ATraining Step: 50  | total loss: [1m[32m0.06926[0m[0m | time: 15.887s
[2K
| Adam | epoch: 013 | loss: 0.06926 - acc: 0.9861 -- iter: 064/128
[A[ATraining Step: 51  | total loss: [1m[32m0.06149[0m[0m | time: 23.816s
[2K
| Adam | epoch: 013 | loss: 0.06149 - acc: 0.9882 -- iter: 096/128
[A[ATraining Step: 52  | total loss: [1m[32m0.12815[0m[0m | time: 33.480s
[2K
| Adam | epoch: 013 | loss: 0.12815 - acc: 0.9712 | val_loss: 1.57067 - val_acc: 0.6585 -- iter: 128/128
--
Training Step: 53  | total loss: [1m[32m0.19976[0m[0m | time: 7.882s
[2K
| Adam | epoch: 014 | loss: 0.19976 - acc: 0.9570 -- iter: 032/128
[A[ATraining Step: 54  | total loss: [1m[32m0.17195[0m[0m | time: 15.810s
[2K
| Adam | epoch: 014 | loss: 0.17195 - acc: 0.9633 -- iter: 064/128
[A[ATraining Step: 55  | total loss: [1m[32m0.14937[0m[0m | time: 23.841s
[2K
| Adam | epoch: 014 | loss: 0.14937 - acc: 0.9685 -- iter: 096/128
[A[ATraining Step: 56  | total loss: [1m[32m0.13024[0m[0m | time: 33.657s
[2K
| Adam | epoch: 014 | loss: 0.13024 - acc: 0.9729 | val_loss: 0.49228 - val_acc: 0.7561 -- iter: 128/128
--
Training Step: 57  | total loss: [1m[32m0.12604[0m[0m | time: 7.947s
[2K
| Adam | epoch: 015 | loss: 0.12604 - acc: 0.9724 -- iter: 032/128
[A[ATraining Step: 58  | total loss: [1m[32m0.11089[0m[0m | time: 15.663s
[2K
| Adam | epoch: 015 | loss: 0.11089 - acc: 0.9761 -- iter: 064/128
[A[ATraining Step: 59  | total loss: [1m[32m0.09993[0m[0m | time: 23.594s
[2K
| Adam | epoch: 015 | loss: 0.09993 - acc: 0.9793 -- iter: 096/128
[A[ATraining Step: 60  | total loss: [1m[32m0.09433[0m[0m | time: 33.385s
[2K
| Adam | epoch: 015 | loss: 0.09433 - acc: 0.9821 | val_loss: 0.52834 - val_acc: 0.7805 -- iter: 128/128
--
/homes/tdogan/miniconda2/envs/my-rdkit-env/lib/python3.6/site-packages/sklearn/metrics/classification.py:1135: UndefinedMetricWarning: Precision is ill-defined and being set to 0.0 due to no predicted samples.
  'precision', 'predicted', average, warn_for)
/homes/tdogan/miniconda2/envs/my-rdkit-env/lib/python3.6/site-packages/sklearn/metrics/classification.py:1135: UndefinedMetricWarning: F-score is ill-defined and being set to 0.0 due to no predicted samples.
  'precision', 'predicted', average, warn_for)
/homes/tdogan/miniconda2/envs/my-rdkit-env/lib/python3.6/site-packages/sklearn/metrics/classification.py:538: RuntimeWarning: invalid value encountered in double_scalars
  mcc = cov_ytyp / np.sqrt(cov_ytyt * cov_ypyp)
Validation AUC:0.8783068783068784
Validation AUPRC:0.9377398559211385
Test AUC:0.9166666666666667
Test AUPRC:0.9283713907460778
BestTestF1Score	0.82	0.61	0.8	0.78	0.86	18	5	15	3	0.73
BestTestMCCScore	0.81	0.61	0.8	0.81	0.81	17	4	16	4	0.79
BestTestAccuracyScore	0.81	0.61	0.8	0.81	0.81	17	4	16	4	0.79
BestValidationF1Score	0.87	0.63	0.83	0.88	0.85	23	3	11	4	0.73
BestValidationMCC	0.86	0.65	0.83	0.92	0.81	22	2	12	5	0.79
BestValidationAccuracy	0.86	0.65	0.83	0.92	0.81	22	2	12	5	0.79
TestPredictions (Threshold:0.79)
CHEMBL500726,TP,ACT,0.9300000071525574	CHEMBL3676949,FN,ACT,0.6899999976158142	CHEMBL449444,FP,INACT,0.8100000023841858	CHEMBL498186,FP,INACT,0.8600000143051147	CHEMBL3676988,TP,ACT,0.9800000190734863	CHEMBL3600668,TN,INACT,0.7200000286102295	CHEMBL446731,TN,INACT,0.07000000029802322	CHEMBL2179526,TP,ACT,0.9800000190734863	CHEMBL497370,TP,ACT,0.949999988079071	CHEMBL3676982,TP,ACT,0.9900000095367432	CHEMBL1163516,TN,INACT,0.550000011920929	CHEMBL3676948,FN,ACT,0.5699999928474426	CHEMBL2179971,FN,ACT,0.4699999988079071	CHEMBL2062313,TN,INACT,0.3400000035762787	CHEMBL22285,TN,INACT,0.019999999552965164	CHEMBL2179530,TP,ACT,0.9800000190734863	CHEMBL2441756,TN,INACT,0.5	CHEMBL3319405,FN,ACT,0.7799999713897705	CHEMBL2179540,TP,ACT,0.9800000190734863	CHEMBL483665,TP,ACT,0.8500000238418579	CHEMBL3133541,FP,INACT,0.800000011920929	CHEMBL2297684,TN,INACT,0.0	CHEMBL210548,TP,ACT,0.9800000190734863	CHEMBL3676984,TP,ACT,0.9900000095367432	CHEMBL1917230,TN,INACT,0.0	CHEMBL2409484,TN,INACT,0.33000001311302185	CHEMBL388342,TN,INACT,0.0	CHEMBL2441758,TN,INACT,0.10000000149011612	CHEMBL2179529,TP,ACT,0.9800000190734863	CHEMBL3676947,TP,ACT,0.9700000286102295	CHEMBL71666,TP,ACT,0.9800000190734863	CHEMBL327104,TN,INACT,0.36000001430511475	CHEMBL2332152,FP,INACT,0.9599999785423279	CHEMBL3676963,TP,ACT,0.9200000166893005	CHEMBL72320,TP,ACT,0.8199999928474426	CHEMBL3759208,TN,INACT,0.7799999713897705	CHEMBL55606,TN,INACT,0.6899999976158142	CHEMBL3676958,TP,ACT,0.9800000190734863	CHEMBL1256531,TN,INACT,0.03999999910593033	CHEMBL3676942,TP,ACT,0.8799999952316284	CHEMBL2402006,TN,INACT,0.0	

