ImageNetInceptionV2 CHEMBL4895 RMSprop 0.0001 30 0 0 0.6 False True
Number of active compounds :	215
Number of inactive compounds :	215
---------------------------------
Run id: ImageNetInceptionV2_CHEMBL4895_RMSprop_0.0001_30_0_0_0.6_False_True_id
Log directory: ../tflearnLogs/ImageNetInceptionV2_CHEMBL4895_RMSprop_0.0001_30_0.6/
---------------------------------
Training samples: 237
Validation samples: 75
--
Training Step: 1  | time: 41.577s
[2K
| RMSProp | epoch: 001 | loss: 0.00000 - acc: 0.0000 -- iter: 032/237
[A[ATraining Step: 2  | total loss: [1m[32m0.64923[0m[0m | time: 50.385s
[2K
| RMSProp | epoch: 001 | loss: 0.64923 - acc: 0.3937 -- iter: 064/237
[A[ATraining Step: 3  | total loss: [1m[32m0.68033[0m[0m | time: 59.648s
[2K
| RMSProp | epoch: 001 | loss: 0.68033 - acc: 0.4807 -- iter: 096/237
[A[ATraining Step: 4  | total loss: [1m[32m0.65554[0m[0m | time: 68.359s
[2K
| RMSProp | epoch: 001 | loss: 0.65554 - acc: 0.5889 -- iter: 128/237
[A[ATraining Step: 5  | total loss: [1m[32m0.68577[0m[0m | time: 77.316s
[2K
| RMSProp | epoch: 001 | loss: 0.68577 - acc: 0.5274 -- iter: 160/237
[A[ATraining Step: 6  | total loss: [1m[32m0.73300[0m[0m | time: 86.966s
[2K
| RMSProp | epoch: 001 | loss: 0.73300 - acc: 0.4696 -- iter: 192/237
[A[ATraining Step: 7  | total loss: [1m[32m0.73805[0m[0m | time: 97.597s
[2K
| RMSProp | epoch: 001 | loss: 0.73805 - acc: 0.4316 -- iter: 224/237
[A[ATraining Step: 8  | total loss: [1m[32m0.71240[0m[0m | time: 116.635s
[2K
| RMSProp | epoch: 001 | loss: 0.71240 - acc: 0.5052 | val_loss: 0.77573 - val_acc: 0.4533 -- iter: 237/237
--
Training Step: 9  | total loss: [1m[32m0.73614[0m[0m | time: 5.286s
[2K
| RMSProp | epoch: 002 | loss: 0.73614 - acc: 0.4414 -- iter: 032/237
[A[ATraining Step: 10  | total loss: [1m[32m0.68760[0m[0m | time: 14.441s
[2K
| RMSProp | epoch: 002 | loss: 0.68760 - acc: 0.6053 -- iter: 064/237
[A[ATraining Step: 11  | total loss: [1m[32m0.69682[0m[0m | time: 24.564s
[2K
| RMSProp | epoch: 002 | loss: 0.69682 - acc: 0.5998 -- iter: 096/237
[A[ATraining Step: 12  | total loss: [1m[32m0.68196[0m[0m | time: 34.325s
[2K
| RMSProp | epoch: 002 | loss: 0.68196 - acc: 0.5830 -- iter: 128/237
[A[ATraining Step: 13  | total loss: [1m[32m0.69310[0m[0m | time: 44.393s
[2K
| RMSProp | epoch: 002 | loss: 0.69310 - acc: 0.5608 -- iter: 160/237
[A[ATraining Step: 14  | total loss: [1m[32m0.68185[0m[0m | time: 54.281s
[2K
| RMSProp | epoch: 002 | loss: 0.68185 - acc: 0.5487 -- iter: 192/237
[A[ATraining Step: 15  | total loss: [1m[32m0.67649[0m[0m | time: 63.351s
[2K
| RMSProp | epoch: 002 | loss: 0.67649 - acc: 0.5786 -- iter: 224/237
[A[ATraining Step: 16  | total loss: [1m[32m0.68401[0m[0m | time: 77.671s
[2K
| RMSProp | epoch: 002 | loss: 0.68401 - acc: 0.5608 | val_loss: 0.80781 - val_acc: 0.4533 -- iter: 237/237
--
Training Step: 17  | total loss: [1m[32m0.68422[0m[0m | time: 4.879s
[2K
| RMSProp | epoch: 003 | loss: 0.68422 - acc: 0.5614 -- iter: 032/237
[A[ATraining Step: 18  | total loss: [1m[32m0.73915[0m[0m | time: 9.662s
[2K
| RMSProp | epoch: 003 | loss: 0.73915 - acc: 0.5002 -- iter: 064/237
[A[ATraining Step: 19  | total loss: [1m[32m0.75177[0m[0m | time: 19.719s
[2K
| RMSProp | epoch: 003 | loss: 0.75177 - acc: 0.4617 -- iter: 096/237
[A[ATraining Step: 20  | total loss: [1m[32m0.71844[0m[0m | time: 28.847s
[2K
| RMSProp | epoch: 003 | loss: 0.71844 - acc: 0.5443 -- iter: 128/237
[A[ATraining Step: 21  | total loss: [1m[32m0.71933[0m[0m | time: 38.958s
[2K
| RMSProp | epoch: 003 | loss: 0.71933 - acc: 0.5112 -- iter: 160/237
[A[ATraining Step: 22  | total loss: [1m[32m0.70478[0m[0m | time: 48.890s
[2K
| RMSProp | epoch: 003 | loss: 0.70478 - acc: 0.4984 -- iter: 192/237
[A[ATraining Step: 23  | total loss: [1m[32m0.70985[0m[0m | time: 58.100s
[2K
| RMSProp | epoch: 003 | loss: 0.70985 - acc: 0.4626 -- iter: 224/237
[A[ATraining Step: 24  | total loss: [1m[32m0.69994[0m[0m | time: 72.397s
[2K
| RMSProp | epoch: 003 | loss: 0.69994 - acc: 0.4731 | val_loss: 0.78465 - val_acc: 0.4533 -- iter: 237/237
--
Training Step: 25  | total loss: [1m[32m0.70194[0m[0m | time: 9.241s
[2K
| RMSProp | epoch: 004 | loss: 0.70194 - acc: 0.4890 -- iter: 032/237
[A[ATraining Step: 26  | total loss: [1m[32m0.70670[0m[0m | time: 14.060s
[2K
| RMSProp | epoch: 004 | loss: 0.70670 - acc: 0.4919 -- iter: 064/237
[A[ATraining Step: 27  | total loss: [1m[32m0.72454[0m[0m | time: 18.930s
[2K
| RMSProp | epoch: 004 | loss: 0.72454 - acc: 0.4445 -- iter: 096/237
[A[ATraining Step: 28  | total loss: [1m[32m0.71560[0m[0m | time: 28.497s
[2K
| RMSProp | epoch: 004 | loss: 0.71560 - acc: 0.4295 -- iter: 128/237
[A[ATraining Step: 29  | total loss: [1m[32m0.69690[0m[0m | time: 38.312s
[2K
| RMSProp | epoch: 004 | loss: 0.69690 - acc: 0.4923 -- iter: 160/237
[A[ATraining Step: 30  | total loss: [1m[32m0.68702[0m[0m | time: 48.429s
[2K
| RMSProp | epoch: 004 | loss: 0.68702 - acc: 0.5311 -- iter: 192/237
[A[ATraining Step: 31  | total loss: [1m[32m0.66895[0m[0m | time: 57.857s
[2K
| RMSProp | epoch: 004 | loss: 0.66895 - acc: 0.5528 -- iter: 224/237
[A[ATraining Step: 32  | total loss: [1m[32m0.67708[0m[0m | time: 72.139s
[2K
| RMSProp | epoch: 004 | loss: 0.67708 - acc: 0.5409 | val_loss: 0.74333 - val_acc: 0.4533 -- iter: 237/237
--
Training Step: 33  | total loss: [1m[32m0.67176[0m[0m | time: 8.958s
[2K
| RMSProp | epoch: 005 | loss: 0.67176 - acc: 0.5731 -- iter: 032/237
[A[ATraining Step: 34  | total loss: [1m[32m0.68007[0m[0m | time: 19.386s
[2K
| RMSProp | epoch: 005 | loss: 0.68007 - acc: 0.5708 -- iter: 064/237
[A[ATraining Step: 35  | total loss: [1m[32m0.69231[0m[0m | time: 24.204s
[2K
| RMSProp | epoch: 005 | loss: 0.69231 - acc: 0.5560 -- iter: 096/237
[A[ATraining Step: 36  | total loss: [1m[32m0.66195[0m[0m | time: 28.881s
[2K
| RMSProp | epoch: 005 | loss: 0.66195 - acc: 0.6311 -- iter: 128/237
[A[ATraining Step: 37  | total loss: [1m[32m0.65370[0m[0m | time: 38.402s
[2K
| RMSProp | epoch: 005 | loss: 0.65370 - acc: 0.6587 -- iter: 160/237
[A[ATraining Step: 38  | total loss: [1m[32m0.67203[0m[0m | time: 48.539s
[2K
| RMSProp | epoch: 005 | loss: 0.67203 - acc: 0.5971 -- iter: 192/237
[A[ATraining Step: 39  | total loss: [1m[32m0.66676[0m[0m | time: 57.867s
[2K
| RMSProp | epoch: 005 | loss: 0.66676 - acc: 0.6024 -- iter: 224/237
[A[ATraining Step: 40  | total loss: [1m[32m0.69324[0m[0m | time: 71.869s
[2K
| RMSProp | epoch: 005 | loss: 0.69324 - acc: 0.5422 | val_loss: 0.70514 - val_acc: 0.4267 -- iter: 237/237
--
Training Step: 41  | total loss: [1m[32m0.69207[0m[0m | time: 10.332s
[2K
| RMSProp | epoch: 006 | loss: 0.69207 - acc: 0.5459 -- iter: 032/237
[A[ATraining Step: 42  | total loss: [1m[32m0.68775[0m[0m | time: 19.541s
[2K
| RMSProp | epoch: 006 | loss: 0.68775 - acc: 0.5602 -- iter: 064/237
[A[ATraining Step: 43  | total loss: [1m[32m0.68227[0m[0m | time: 29.736s
[2K
| RMSProp | epoch: 006 | loss: 0.68227 - acc: 0.5496 -- iter: 096/237
[A[ATraining Step: 44  | total loss: [1m[32m0.68281[0m[0m | time: 34.460s
[2K
| RMSProp | epoch: 006 | loss: 0.68281 - acc: 0.5572 -- iter: 128/237
[A[ATraining Step: 45  | total loss: [1m[32m0.67043[0m[0m | time: 39.318s
[2K
| RMSProp | epoch: 006 | loss: 0.67043 - acc: 0.5671 -- iter: 160/237
[A[ATraining Step: 46  | total loss: [1m[32m0.66368[0m[0m | time: 48.311s
[2K
| RMSProp | epoch: 006 | loss: 0.66368 - acc: 0.5880 -- iter: 192/237
[A[ATraining Step: 47  | total loss: [1m[32m0.67089[0m[0m | time: 58.216s
[2K
| RMSProp | epoch: 006 | loss: 0.67089 - acc: 0.5838 -- iter: 224/237
[A[ATraining Step: 48  | total loss: [1m[32m0.67004[0m[0m | time: 72.340s
[2K
| RMSProp | epoch: 006 | loss: 0.67004 - acc: 0.5703 | val_loss: 0.69267 - val_acc: 0.4533 -- iter: 237/237
--
Training Step: 49  | total loss: [1m[32m0.67186[0m[0m | time: 10.158s
[2K
| RMSProp | epoch: 007 | loss: 0.67186 - acc: 0.5839 -- iter: 032/237
[A[ATraining Step: 50  | total loss: [1m[32m0.67750[0m[0m | time: 20.689s
[2K
| RMSProp | epoch: 007 | loss: 0.67750 - acc: 0.5660 -- iter: 064/237
[A[ATraining Step: 51  | total loss: [1m[32m0.68146[0m[0m | time: 29.638s
[2K
| RMSProp | epoch: 007 | loss: 0.68146 - acc: 0.5464 -- iter: 096/237
[A[ATraining Step: 52  | total loss: [1m[32m0.68184[0m[0m | time: 40.022s
[2K
| RMSProp | epoch: 007 | loss: 0.68184 - acc: 0.5535 -- iter: 128/237
[A[ATraining Step: 53  | total loss: [1m[32m0.67300[0m[0m | time: 44.785s
[2K
| RMSProp | epoch: 007 | loss: 0.67300 - acc: 0.5687 -- iter: 160/237
[A[ATraining Step: 54  | total loss: [1m[32m0.66652[0m[0m | time: 49.489s
[2K
| RMSProp | epoch: 007 | loss: 0.66652 - acc: 0.5643 -- iter: 192/237
[A[ATraining Step: 55  | total loss: [1m[32m0.65453[0m[0m | time: 58.792s
[2K
| RMSProp | epoch: 007 | loss: 0.65453 - acc: 0.5826 -- iter: 224/237
[A[ATraining Step: 56  | total loss: [1m[32m0.66390[0m[0m | time: 73.570s
[2K
| RMSProp | epoch: 007 | loss: 0.66390 - acc: 0.5622 | val_loss: 0.68644 - val_acc: 0.5467 -- iter: 237/237
--
Training Step: 57  | total loss: [1m[32m0.67336[0m[0m | time: 10.183s
[2K
| RMSProp | epoch: 008 | loss: 0.67336 - acc: 0.5492 -- iter: 032/237
[A[ATraining Step: 58  | total loss: [1m[32m0.67522[0m[0m | time: 22.363s
[2K
| RMSProp | epoch: 008 | loss: 0.67522 - acc: 0.5468 -- iter: 064/237
[A[ATraining Step: 59  | total loss: [1m[32m0.67491[0m[0m | time: 34.839s
[2K
| RMSProp | epoch: 008 | loss: 0.67491 - acc: 0.5573 -- iter: 096/237
[A[ATraining Step: 60  | total loss: [1m[32m0.66868[0m[0m | time: 45.740s
[2K
| RMSProp | epoch: 008 | loss: 0.66868 - acc: 0.5745 -- iter: 128/237
[A[ATraining Step: 61  | total loss: [1m[32m0.66520[0m[0m | time: 58.355s
[2K
| RMSProp | epoch: 008 | loss: 0.66520 - acc: 0.5811 -- iter: 160/237
[A[ATraining Step: 62  | total loss: [1m[32m0.66394[0m[0m | time: 64.477s
[2K
| RMSProp | epoch: 008 | loss: 0.66394 - acc: 0.5827 -- iter: 192/237
[A[ATraining Step: 63  | total loss: [1m[32m0.65730[0m[0m | time: 70.302s
[2K
| RMSProp | epoch: 008 | loss: 0.65730 - acc: 0.5966 -- iter: 224/237
[A[ATraining Step: 64  | total loss: [1m[32m0.64933[0m[0m | time: 87.429s
[2K
| RMSProp | epoch: 008 | loss: 0.64933 - acc: 0.6182 | val_loss: 0.70471 - val_acc: 0.4533 -- iter: 237/237
--
Training Step: 65  | total loss: [1m[32m0.65062[0m[0m | time: 10.327s
[2K
| RMSProp | epoch: 009 | loss: 0.65062 - acc: 0.6036 -- iter: 032/237
[A[ATraining Step: 66  | total loss: [1m[32m0.65713[0m[0m | time: 19.408s
[2K
| RMSProp | epoch: 009 | loss: 0.65713 - acc: 0.5872 -- iter: 064/237
[A[ATraining Step: 67  | total loss: [1m[32m0.65547[0m[0m | time: 29.309s
[2K
| RMSProp | epoch: 009 | loss: 0.65547 - acc: 0.5918 -- iter: 096/237
[A[ATraining Step: 68  | total loss: [1m[32m0.65870[0m[0m | time: 39.268s
[2K
| RMSProp | epoch: 009 | loss: 0.65870 - acc: 0.5809 -- iter: 128/237
[A[ATraining Step: 69  | total loss: [1m[32m0.65364[0m[0m | time: 48.158s
[2K
| RMSProp | epoch: 009 | loss: 0.65364 - acc: 0.5860 -- iter: 160/237
[A[ATraining Step: 70  | total loss: [1m[32m0.64876[0m[0m | time: 58.212s
[2K
| RMSProp | epoch: 009 | loss: 0.64876 - acc: 0.5941 -- iter: 192/237
[A[ATraining Step: 71  | total loss: [1m[32m0.65256[0m[0m | time: 63.059s
[2K
| RMSProp | epoch: 009 | loss: 0.65256 - acc: 0.5905 -- iter: 224/237
[A[ATraining Step: 72  | total loss: [1m[32m0.66642[0m[0m | time: 71.075s
[2K
| RMSProp | epoch: 009 | loss: 0.66642 - acc: 0.5760 | val_loss: 0.66357 - val_acc: 0.7200 -- iter: 237/237
--
Training Step: 73  | total loss: [1m[32m0.66961[0m[0m | time: 9.156s
[2K
| RMSProp | epoch: 010 | loss: 0.66961 - acc: 0.5548 -- iter: 032/237
[A[ATraining Step: 74  | total loss: [1m[32m0.66337[0m[0m | time: 18.966s
[2K
| RMSProp | epoch: 010 | loss: 0.66337 - acc: 0.5762 -- iter: 064/237
[A[ATraining Step: 75  | total loss: [1m[32m0.65493[0m[0m | time: 28.050s
[2K
| RMSProp | epoch: 010 | loss: 0.65493 - acc: 0.5950 -- iter: 096/237
[A[ATraining Step: 76  | total loss: [1m[32m0.64954[0m[0m | time: 36.991s
[2K
| RMSProp | epoch: 010 | loss: 0.64954 - acc: 0.6150 -- iter: 128/237
[A[ATraining Step: 77  | total loss: [1m[32m0.65107[0m[0m | time: 45.453s
[2K
| RMSProp | epoch: 010 | loss: 0.65107 - acc: 0.6061 -- iter: 160/237
[A[ATraining Step: 78  | total loss: [1m[32m0.64283[0m[0m | time: 55.105s
[2K
| RMSProp | epoch: 010 | loss: 0.64283 - acc: 0.6244 -- iter: 192/237
[A[ATraining Step: 79  | total loss: [1m[32m0.64395[0m[0m | time: 65.248s
[2K
| RMSProp | epoch: 010 | loss: 0.64395 - acc: 0.6310 -- iter: 224/237
[A[ATraining Step: 80  | total loss: [1m[32m0.63691[0m[0m | time: 73.904s
[2K
| RMSProp | epoch: 010 | loss: 0.63691 - acc: 0.6431 | val_loss: 0.73999 - val_acc: 0.4533 -- iter: 237/237
--
Training Step: 81  | total loss: [1m[32m0.63745[0m[0m | time: 4.845s
[2K
| RMSProp | epoch: 011 | loss: 0.63745 - acc: 0.6481 -- iter: 032/237
[A[ATraining Step: 82  | total loss: [1m[32m0.63213[0m[0m | time: 14.577s
[2K
| RMSProp | epoch: 011 | loss: 0.63213 - acc: 0.6679 -- iter: 064/237
[A[ATraining Step: 83  | total loss: [1m[32m0.63581[0m[0m | time: 24.675s
[2K
| RMSProp | epoch: 011 | loss: 0.63581 - acc: 0.6668 -- iter: 096/237
[A[ATraining Step: 84  | total loss: [1m[32m0.63375[0m[0m | time: 33.141s
[2K
| RMSProp | epoch: 011 | loss: 0.63375 - acc: 0.6595 -- iter: 128/237
[A[ATraining Step: 85  | total loss: [1m[32m0.62707[0m[0m | time: 42.680s
[2K
| RMSProp | epoch: 011 | loss: 0.62707 - acc: 0.6748 -- iter: 160/237
[A[ATraining Step: 86  | total loss: [1m[32m0.62098[0m[0m | time: 52.430s
[2K
| RMSProp | epoch: 011 | loss: 0.62098 - acc: 0.6823 -- iter: 192/237
[A[ATraining Step: 87  | total loss: [1m[32m0.61040[0m[0m | time: 61.598s
[2K
| RMSProp | epoch: 011 | loss: 0.61040 - acc: 0.7078 -- iter: 224/237
[A[ATraining Step: 88  | total loss: [1m[32m0.60434[0m[0m | time: 75.660s
[2K
| RMSProp | epoch: 011 | loss: 0.60434 - acc: 0.7089 | val_loss: 0.86972 - val_acc: 0.4533 -- iter: 237/237
--
Training Step: 89  | total loss: [1m[32m0.60818[0m[0m | time: 5.080s
[2K
| RMSProp | epoch: 012 | loss: 0.60818 - acc: 0.7005 -- iter: 032/237
[A[ATraining Step: 90  | total loss: [1m[32m0.61047[0m[0m | time: 9.258s
[2K
| RMSProp | epoch: 012 | loss: 0.61047 - acc: 0.7074 -- iter: 064/237
[A[ATraining Step: 91  | total loss: [1m[32m0.60874[0m[0m | time: 18.781s
[2K
| RMSProp | epoch: 012 | loss: 0.60874 - acc: 0.7136 -- iter: 096/237
[A[ATraining Step: 92  | total loss: [1m[32m0.60916[0m[0m | time: 28.650s
[2K
| RMSProp | epoch: 012 | loss: 0.60916 - acc: 0.7141 -- iter: 128/237
[A[ATraining Step: 93  | total loss: [1m[32m0.61077[0m[0m | time: 37.264s
[2K
| RMSProp | epoch: 012 | loss: 0.61077 - acc: 0.7114 -- iter: 160/237
[A[ATraining Step: 94  | total loss: [1m[32m0.60382[0m[0m | time: 46.293s
[2K
| RMSProp | epoch: 012 | loss: 0.60382 - acc: 0.7215 -- iter: 192/237
[A[ATraining Step: 95  | total loss: [1m[32m0.59615[0m[0m | time: 56.134s
[2K
| RMSProp | epoch: 012 | loss: 0.59615 - acc: 0.7338 -- iter: 224/237
[A[ATraining Step: 96  | total loss: [1m[32m0.59746[0m[0m | time: 69.717s
[2K
| RMSProp | epoch: 012 | loss: 0.59746 - acc: 0.7260 | val_loss: 0.69445 - val_acc: 0.4933 -- iter: 237/237
--
Training Step: 97  | total loss: [1m[32m0.59532[0m[0m | time: 9.484s
[2K
| RMSProp | epoch: 013 | loss: 0.59532 - acc: 0.7315 -- iter: 032/237
[A[ATraining Step: 98  | total loss: [1m[32m0.58886[0m[0m | time: 14.407s
[2K
| RMSProp | epoch: 013 | loss: 0.58886 - acc: 0.7396 -- iter: 064/237
[A[ATraining Step: 99  | total loss: [1m[32m0.58307[0m[0m | time: 19.263s
[2K
| RMSProp | epoch: 013 | loss: 0.58307 - acc: 0.7503 -- iter: 096/237
[A[ATraining Step: 100  | total loss: [1m[32m0.57086[0m[0m | time: 27.872s
[2K
| RMSProp | epoch: 013 | loss: 0.57086 - acc: 0.7676 -- iter: 128/237
[A[ATraining Step: 101  | total loss: [1m[32m0.56247[0m[0m | time: 37.495s
[2K
| RMSProp | epoch: 013 | loss: 0.56247 - acc: 0.7752 -- iter: 160/237
[A[ATraining Step: 102  | total loss: [1m[32m0.55746[0m[0m | time: 47.001s
[2K
| RMSProp | epoch: 013 | loss: 0.55746 - acc: 0.7789 -- iter: 192/237
[A[ATraining Step: 103  | total loss: [1m[32m0.55494[0m[0m | time: 56.129s
[2K
| RMSProp | epoch: 013 | loss: 0.55494 - acc: 0.7791 -- iter: 224/237
[A[ATraining Step: 104  | total loss: [1m[32m0.55203[0m[0m | time: 70.171s
[2K
| RMSProp | epoch: 013 | loss: 0.55203 - acc: 0.7856 | val_loss: 0.93994 - val_acc: 0.4533 -- iter: 237/237
--
Training Step: 105  | total loss: [1m[32m0.54972[0m[0m | time: 9.767s
[2K
| RMSProp | epoch: 014 | loss: 0.54972 - acc: 0.7820 -- iter: 032/237
[A[ATraining Step: 106  | total loss: [1m[32m0.54607[0m[0m | time: 18.746s
[2K
| RMSProp | epoch: 014 | loss: 0.54607 - acc: 0.7851 -- iter: 064/237
[A[ATraining Step: 107  | total loss: [1m[32m0.53995[0m[0m | time: 23.582s
[2K
| RMSProp | epoch: 014 | loss: 0.53995 - acc: 0.7941 -- iter: 096/237
[A[ATraining Step: 108  | total loss: [1m[32m0.54239[0m[0m | time: 28.475s
[2K
| RMSProp | epoch: 014 | loss: 0.54239 - acc: 0.7839 -- iter: 128/237
[A[ATraining Step: 109  | total loss: [1m[32m0.52659[0m[0m | time: 37.820s
[2K
| RMSProp | epoch: 014 | loss: 0.52659 - acc: 0.7901 -- iter: 160/237
[A[ATraining Step: 110  | total loss: [1m[32m0.52151[0m[0m | time: 46.597s
[2K
| RMSProp | epoch: 014 | loss: 0.52151 - acc: 0.7892 -- iter: 192/237
[A[ATraining Step: 111  | total loss: [1m[32m0.51771[0m[0m | time: 56.263s
[2K
| RMSProp | epoch: 014 | loss: 0.51771 - acc: 0.7916 -- iter: 224/237
[A[ATraining Step: 112  | total loss: [1m[32m0.51775[0m[0m | time: 69.860s
[2K
| RMSProp | epoch: 014 | loss: 0.51775 - acc: 0.7874 | val_loss: 0.77036 - val_acc: 0.4933 -- iter: 237/237
--
Training Step: 113  | total loss: [1m[32m0.50540[0m[0m | time: 10.065s
[2K
| RMSProp | epoch: 015 | loss: 0.50540 - acc: 0.8024 -- iter: 032/237
[A[ATraining Step: 114  | total loss: [1m[32m0.49533[0m[0m | time: 19.082s
[2K
| RMSProp | epoch: 015 | loss: 0.49533 - acc: 0.8097 -- iter: 064/237
[A[ATraining Step: 115  | total loss: [1m[32m0.49199[0m[0m | time: 28.650s
[2K
| RMSProp | epoch: 015 | loss: 0.49199 - acc: 0.8100 -- iter: 096/237
[A[ATraining Step: 116  | total loss: [1m[32m0.47898[0m[0m | time: 33.452s
[2K
| RMSProp | epoch: 015 | loss: 0.47898 - acc: 0.8227 -- iter: 128/237
[A[ATraining Step: 117  | total loss: [1m[32m0.47923[0m[0m | time: 38.198s
[2K
| RMSProp | epoch: 015 | loss: 0.47923 - acc: 0.8174 -- iter: 160/237
[A[ATraining Step: 118  | total loss: [1m[32m0.45990[0m[0m | time: 47.491s
[2K
| RMSProp | epoch: 015 | loss: 0.45990 - acc: 0.8356 -- iter: 192/237
[A[ATraining Step: 119  | total loss: [1m[32m0.45676[0m[0m | time: 57.184s
[2K
| RMSProp | epoch: 015 | loss: 0.45676 - acc: 0.8302 -- iter: 224/237
[A[ATraining Step: 120  | total loss: [1m[32m0.44931[0m[0m | time: 71.326s
[2K
| RMSProp | epoch: 015 | loss: 0.44931 - acc: 0.8315 | val_loss: 0.93056 - val_acc: 0.4933 -- iter: 237/237
--
Training Step: 121  | total loss: [1m[32m0.43899[0m[0m | time: 9.298s
[2K
| RMSProp | epoch: 016 | loss: 0.43899 - acc: 0.8421 -- iter: 032/237
[A[ATraining Step: 122  | total loss: [1m[32m0.43125[0m[0m | time: 19.135s
[2K
| RMSProp | epoch: 016 | loss: 0.43125 - acc: 0.8454 -- iter: 064/237
[A[ATraining Step: 123  | total loss: [1m[32m0.42553[0m[0m | time: 28.722s
[2K
| RMSProp | epoch: 016 | loss: 0.42553 - acc: 0.8484 -- iter: 096/237
[A[ATraining Step: 124  | total loss: [1m[32m0.41494[0m[0m | time: 38.098s
[2K
| RMSProp | epoch: 016 | loss: 0.41494 - acc: 0.8573 -- iter: 128/237
[A[ATraining Step: 125  | total loss: [1m[32m0.40302[0m[0m | time: 42.415s
[2K
| RMSProp | epoch: 016 | loss: 0.40302 - acc: 0.8684 -- iter: 160/237
[A[ATraining Step: 126  | total loss: [1m[32m0.38536[0m[0m | time: 46.213s
[2K
| RMSProp | epoch: 016 | loss: 0.38536 - acc: 0.8816 -- iter: 192/237
[A[ATraining Step: 127  | total loss: [1m[32m0.35608[0m[0m | time: 54.074s
[2K
| RMSProp | epoch: 016 | loss: 0.35608 - acc: 0.8934 -- iter: 224/237
[A[ATraining Step: 128  | total loss: [1m[32m0.35977[0m[0m | time: 65.218s
[2K
| RMSProp | epoch: 016 | loss: 0.35977 - acc: 0.8947 | val_loss: 0.56361 - val_acc: 0.7333 -- iter: 237/237
--
Training Step: 129  | total loss: [1m[32m0.35720[0m[0m | time: 7.551s
[2K
| RMSProp | epoch: 017 | loss: 0.35720 - acc: 0.8959 -- iter: 032/237
[A[ATraining Step: 130  | total loss: [1m[32m0.35650[0m[0m | time: 15.222s
[2K
| RMSProp | epoch: 017 | loss: 0.35650 - acc: 0.8969 -- iter: 064/237
[A[ATraining Step: 131  | total loss: [1m[32m0.35108[0m[0m | time: 22.981s
[2K
| RMSProp | epoch: 017 | loss: 0.35108 - acc: 0.9010 -- iter: 096/237
[A[ATraining Step: 132  | total loss: [1m[32m0.34273[0m[0m | time: 30.809s
[2K
| RMSProp | epoch: 017 | loss: 0.34273 - acc: 0.9015 -- iter: 128/237
[A[ATraining Step: 133  | total loss: [1m[32m0.32811[0m[0m | time: 38.623s
[2K
| RMSProp | epoch: 017 | loss: 0.32811 - acc: 0.9082 -- iter: 160/237
[A[ATraining Step: 134  | total loss: [1m[32m0.30856[0m[0m | time: 42.526s
[2K
| RMSProp | epoch: 017 | loss: 0.30856 - acc: 0.9174 -- iter: 192/237
[A[ATraining Step: 135  | total loss: [1m[32m0.30812[0m[0m | time: 46.428s
[2K
| RMSProp | epoch: 017 | loss: 0.30812 - acc: 0.9180 -- iter: 224/237
[A[ATraining Step: 136  | total loss: [1m[32m0.28768[0m[0m | time: 57.380s
[2K
| RMSProp | epoch: 017 | loss: 0.28768 - acc: 0.9262 | val_loss: 1.03557 - val_acc: 0.5600 -- iter: 237/237
--
Training Step: 137  | total loss: [1m[32m0.27729[0m[0m | time: 7.715s
[2K
| RMSProp | epoch: 018 | loss: 0.27729 - acc: 0.9304 -- iter: 032/237
[A[ATraining Step: 138  | total loss: [1m[32m0.27615[0m[0m | time: 15.518s
[2K
| RMSProp | epoch: 018 | loss: 0.27615 - acc: 0.9311 -- iter: 064/237
[A[ATraining Step: 139  | total loss: [1m[32m0.26097[0m[0m | time: 23.320s
[2K
| RMSProp | epoch: 018 | loss: 0.26097 - acc: 0.9380 -- iter: 096/237
[A[ATraining Step: 140  | total loss: [1m[32m0.24790[0m[0m | time: 31.047s
[2K
| RMSProp | epoch: 018 | loss: 0.24790 - acc: 0.9442 -- iter: 128/237
[A[ATraining Step: 141  | total loss: [1m[32m0.23628[0m[0m | time: 39.021s
[2K
| RMSProp | epoch: 018 | loss: 0.23628 - acc: 0.9498 -- iter: 160/237
[A[ATraining Step: 142  | total loss: [1m[32m0.22114[0m[0m | time: 46.810s
[2K
| RMSProp | epoch: 018 | loss: 0.22114 - acc: 0.9548 -- iter: 192/237
[A[ATraining Step: 143  | total loss: [1m[32m0.20915[0m[0m | time: 50.634s
[2K
| RMSProp | epoch: 018 | loss: 0.20915 - acc: 0.9593 -- iter: 224/237
[A[ATraining Step: 144  | total loss: [1m[32m0.20657[0m[0m | time: 57.737s
[2K
| RMSProp | epoch: 018 | loss: 0.20657 - acc: 0.9634 | val_loss: 6.81285 - val_acc: 0.4533 -- iter: 237/237
--
Training Step: 145  | total loss: [1m[32m0.20399[0m[0m | time: 7.885s
[2K
| RMSProp | epoch: 019 | loss: 0.20399 - acc: 0.9594 -- iter: 032/237
[A[ATraining Step: 146  | total loss: [1m[32m0.20329[0m[0m | time: 15.593s
[2K
| RMSProp | epoch: 019 | loss: 0.20329 - acc: 0.9603 -- iter: 064/237
[A[ATraining Step: 147  | total loss: [1m[32m0.19529[0m[0m | time: 23.404s
[2K
| RMSProp | epoch: 019 | loss: 0.19529 - acc: 0.9643 -- iter: 096/237
[A[ATraining Step: 148  | total loss: [1m[32m0.20181[0m[0m | time: 31.214s
[2K
| RMSProp | epoch: 019 | loss: 0.20181 - acc: 0.9647 -- iter: 128/237
[A[ATraining Step: 149  | total loss: [1m[32m0.19613[0m[0m | time: 38.811s
[2K
| RMSProp | epoch: 019 | loss: 0.19613 - acc: 0.9651 -- iter: 160/237
[A[ATraining Step: 150  | total loss: [1m[32m0.18210[0m[0m | time: 46.712s
[2K
| RMSProp | epoch: 019 | loss: 0.18210 - acc: 0.9686 -- iter: 192/237
[A[ATraining Step: 151  | total loss: [1m[32m0.16947[0m[0m | time: 54.505s
[2K
| RMSProp | epoch: 019 | loss: 0.16947 - acc: 0.9718 -- iter: 224/237
[A[ATraining Step: 152  | total loss: [1m[32m0.15953[0m[0m | time: 61.724s
[2K
| RMSProp | epoch: 019 | loss: 0.15953 - acc: 0.9746 | val_loss: 0.58961 - val_acc: 0.7067 -- iter: 237/237
--
Training Step: 153  | total loss: [1m[32m0.15207[0m[0m | time: 3.816s
[2K
| RMSProp | epoch: 020 | loss: 0.15207 - acc: 0.9771 -- iter: 032/237
[A[ATraining Step: 154  | total loss: [1m[32m0.13978[0m[0m | time: 11.640s
[2K
| RMSProp | epoch: 020 | loss: 0.13978 - acc: 0.9794 -- iter: 064/237
[A[ATraining Step: 155  | total loss: [1m[32m0.13147[0m[0m | time: 19.248s
[2K
| RMSProp | epoch: 020 | loss: 0.13147 - acc: 0.9815 -- iter: 096/237
[A[ATraining Step: 156  | total loss: [1m[32m0.12449[0m[0m | time: 27.157s
[2K
| RMSProp | epoch: 020 | loss: 0.12449 - acc: 0.9833 -- iter: 128/237
[A[ATraining Step: 157  | total loss: [1m[32m0.11540[0m[0m | time: 34.878s
[2K
| RMSProp | epoch: 020 | loss: 0.11540 - acc: 0.9850 -- iter: 160/237
[A[ATraining Step: 158  | total loss: [1m[32m0.10944[0m[0m | time: 42.627s
[2K
| RMSProp | epoch: 020 | loss: 0.10944 - acc: 0.9865 -- iter: 192/237
[A[ATraining Step: 159  | total loss: [1m[32m0.10040[0m[0m | time: 50.365s
[2K
| RMSProp | epoch: 020 | loss: 0.10040 - acc: 0.9878 -- iter: 224/237
[A[ATraining Step: 160  | total loss: [1m[32m0.09282[0m[0m | time: 61.305s
[2K
| RMSProp | epoch: 020 | loss: 0.09282 - acc: 0.9891 | val_loss: 1.29738 - val_acc: 0.6267 -- iter: 237/237
--
Training Step: 161  | total loss: [1m[32m0.08500[0m[0m | time: 3.856s
[2K
| RMSProp | epoch: 021 | loss: 0.08500 - acc: 0.9902 -- iter: 032/237
[A[ATraining Step: 162  | total loss: [1m[32m0.08511[0m[0m | time: 7.614s
[2K
| RMSProp | epoch: 021 | loss: 0.08511 - acc: 0.9911 -- iter: 064/237
[A[ATraining Step: 163  | total loss: [1m[32m0.08001[0m[0m | time: 15.304s
[2K
| RMSProp | epoch: 021 | loss: 0.08001 - acc: 0.9920 -- iter: 096/237
[A[ATraining Step: 164  | total loss: [1m[32m0.07442[0m[0m | time: 23.037s
[2K
| RMSProp | epoch: 021 | loss: 0.07442 - acc: 0.9928 -- iter: 128/237
[A[ATraining Step: 165  | total loss: [1m[32m0.06993[0m[0m | time: 30.786s
[2K
| RMSProp | epoch: 021 | loss: 0.06993 - acc: 0.9935 -- iter: 160/237
[A[ATraining Step: 166  | total loss: [1m[32m0.07371[0m[0m | time: 38.647s
[2K
| RMSProp | epoch: 021 | loss: 0.07371 - acc: 0.9911 -- iter: 192/237
[A[ATraining Step: 167  | total loss: [1m[32m0.08194[0m[0m | time: 46.436s
[2K
| RMSProp | epoch: 021 | loss: 0.08194 - acc: 0.9826 -- iter: 224/237
[A[ATraining Step: 168  | total loss: [1m[32m0.07672[0m[0m | time: 57.545s
[2K
| RMSProp | epoch: 021 | loss: 0.07672 - acc: 0.9843 | val_loss: 2.32880 - val_acc: 0.5200 -- iter: 237/237
--
Training Step: 169  | total loss: [1m[32m0.07033[0m[0m | time: 7.724s
[2K
| RMSProp | epoch: 022 | loss: 0.07033 - acc: 0.9859 -- iter: 032/237
[A[ATraining Step: 170  | total loss: [1m[32m0.06457[0m[0m | time: 11.529s
[2K
| RMSProp | epoch: 022 | loss: 0.06457 - acc: 0.9873 -- iter: 064/237
[A[ATraining Step: 171  | total loss: [1m[32m0.06950[0m[0m | time: 15.328s
[2K
| RMSProp | epoch: 022 | loss: 0.06950 - acc: 0.9886 -- iter: 096/237
[A[ATraining Step: 172  | total loss: [1m[32m0.11117[0m[0m | time: 23.156s
[2K
| RMSProp | epoch: 022 | loss: 0.11117 - acc: 0.9666 -- iter: 128/237
[A[ATraining Step: 173  | total loss: [1m[32m0.10409[0m[0m | time: 30.884s
[2K
| RMSProp | epoch: 022 | loss: 0.10409 - acc: 0.9700 -- iter: 160/237
[A[ATraining Step: 174  | total loss: [1m[32m0.13034[0m[0m | time: 38.660s
[2K
| RMSProp | epoch: 022 | loss: 0.13034 - acc: 0.9698 -- iter: 192/237
[A[ATraining Step: 175  | total loss: [1m[32m0.13868[0m[0m | time: 46.426s
[2K
| RMSProp | epoch: 022 | loss: 0.13868 - acc: 0.9697 -- iter: 224/237
[A[ATraining Step: 176  | total loss: [1m[32m0.12734[0m[0m | time: 57.686s
[2K
| RMSProp | epoch: 022 | loss: 0.12734 - acc: 0.9728 | val_loss: 3.60659 - val_acc: 0.4533 -- iter: 237/237
--
Training Step: 177  | total loss: [1m[32m0.11697[0m[0m | time: 7.744s
[2K
| RMSProp | epoch: 023 | loss: 0.11697 - acc: 0.9755 -- iter: 032/237
[A[ATraining Step: 178  | total loss: [1m[32m0.10647[0m[0m | time: 15.480s
[2K
| RMSProp | epoch: 023 | loss: 0.10647 - acc: 0.9779 -- iter: 064/237
[A[ATraining Step: 179  | total loss: [1m[32m0.09694[0m[0m | time: 19.258s
[2K
| RMSProp | epoch: 023 | loss: 0.09694 - acc: 0.9801 -- iter: 096/237
[A[ATraining Step: 180  | total loss: [1m[32m0.08842[0m[0m | time: 23.042s
[2K
| RMSProp | epoch: 023 | loss: 0.08842 - acc: 0.9821 -- iter: 128/237
[A[ATraining Step: 181  | total loss: [1m[32m0.08117[0m[0m | time: 30.781s
[2K
| RMSProp | epoch: 023 | loss: 0.08117 - acc: 0.9839 -- iter: 160/237
[A[ATraining Step: 182  | total loss: [1m[32m0.07464[0m[0m | time: 38.500s
[2K
| RMSProp | epoch: 023 | loss: 0.07464 - acc: 0.9855 -- iter: 192/237
[A[ATraining Step: 183  | total loss: [1m[32m0.06811[0m[0m | time: 46.185s
[2K
| RMSProp | epoch: 023 | loss: 0.06811 - acc: 0.9870 -- iter: 224/237
[A[ATraining Step: 184  | total loss: [1m[32m0.07521[0m[0m | time: 57.317s
[2K
| RMSProp | epoch: 023 | loss: 0.07521 - acc: 0.9852 | val_loss: 0.56503 - val_acc: 0.8000 -- iter: 237/237
--
Training Step: 185  | total loss: [1m[32m0.08878[0m[0m | time: 9.064s
[2K
| RMSProp | epoch: 024 | loss: 0.08878 - acc: 0.9804 -- iter: 032/237
[A[ATraining Step: 186  | total loss: [1m[32m0.09657[0m[0m | time: 18.785s
[2K
| RMSProp | epoch: 024 | loss: 0.09657 - acc: 0.9792 -- iter: 064/237
[A[ATraining Step: 187  | total loss: [1m[32m0.08910[0m[0m | time: 28.080s
[2K
| RMSProp | epoch: 024 | loss: 0.08910 - acc: 0.9813 -- iter: 096/237
[A[ATraining Step: 188  | total loss: [1m[32m0.08294[0m[0m | time: 32.829s
[2K
| RMSProp | epoch: 024 | loss: 0.08294 - acc: 0.9832 -- iter: 128/237
[A[ATraining Step: 189  | total loss: [1m[32m0.17278[0m[0m | time: 37.110s
[2K
| RMSProp | epoch: 024 | loss: 0.17278 - acc: 0.9772 -- iter: 160/237
[A[ATraining Step: 190  | total loss: [1m[32m0.15702[0m[0m | time: 46.736s
[2K
| RMSProp | epoch: 024 | loss: 0.15702 - acc: 0.9794 -- iter: 192/237
[A[ATraining Step: 191  | total loss: [1m[32m0.14291[0m[0m | time: 56.298s
[2K
| RMSProp | epoch: 024 | loss: 0.14291 - acc: 0.9815 -- iter: 224/237
[A[ATraining Step: 192  | total loss: [1m[32m0.13341[0m[0m | time: 70.314s
[2K
| RMSProp | epoch: 024 | loss: 0.13341 - acc: 0.9834 | val_loss: 2.72201 - val_acc: 0.4800 -- iter: 237/237
--
Training Step: 193  | total loss: [1m[32m0.13074[0m[0m | time: 9.752s
[2K
| RMSProp | epoch: 025 | loss: 0.13074 - acc: 0.9819 -- iter: 032/237
[A[ATraining Step: 194  | total loss: [1m[32m0.12612[0m[0m | time: 19.292s
[2K
| RMSProp | epoch: 025 | loss: 0.12612 - acc: 0.9837 -- iter: 064/237
[A[ATraining Step: 195  | total loss: [1m[32m0.11431[0m[0m | time: 28.545s
[2K
| RMSProp | epoch: 025 | loss: 0.11431 - acc: 0.9853 -- iter: 096/237
[A[ATraining Step: 196  | total loss: [1m[32m0.10617[0m[0m | time: 37.877s
[2K
| RMSProp | epoch: 025 | loss: 0.10617 - acc: 0.9868 -- iter: 128/237
[A[ATraining Step: 197  | total loss: [1m[32m0.09750[0m[0m | time: 42.739s
[2K
| RMSProp | epoch: 025 | loss: 0.09750 - acc: 0.9881 -- iter: 160/237
[A[ATraining Step: 198  | total loss: [1m[32m0.08819[0m[0m | time: 46.730s
[2K
| RMSProp | epoch: 025 | loss: 0.08819 - acc: 0.9893 -- iter: 192/237
[A[ATraining Step: 199  | total loss: [1m[32m0.07958[0m[0m | time: 56.616s
[2K
| RMSProp | epoch: 025 | loss: 0.07958 - acc: 0.9904 -- iter: 224/237
[A[ATraining Step: 200  | total loss: [1m[32m0.07308[0m[0m | time: 70.092s
[2K
| RMSProp | epoch: 025 | loss: 0.07308 - acc: 0.9913 | val_loss: 1.17941 - val_acc: 0.7067 -- iter: 237/237
--
Training Step: 201  | total loss: [1m[32m0.06649[0m[0m | time: 9.632s
[2K
| RMSProp | epoch: 026 | loss: 0.06649 - acc: 0.9922 -- iter: 032/237
[A[ATraining Step: 202  | total loss: [1m[32m0.06013[0m[0m | time: 18.798s
[2K
| RMSProp | epoch: 026 | loss: 0.06013 - acc: 0.9930 -- iter: 064/237
[A[ATraining Step: 203  | total loss: [1m[32m0.05454[0m[0m | time: 27.707s
[2K
| RMSProp | epoch: 026 | loss: 0.05454 - acc: 0.9937 -- iter: 096/237
[A[ATraining Step: 204  | total loss: [1m[32m0.04929[0m[0m | time: 37.178s
[2K
| RMSProp | epoch: 026 | loss: 0.04929 - acc: 0.9943 -- iter: 128/237
[A[ATraining Step: 205  | total loss: [1m[32m0.04466[0m[0m | time: 46.198s
[2K
| RMSProp | epoch: 026 | loss: 0.04466 - acc: 0.9949 -- iter: 160/237
[A[ATraining Step: 206  | total loss: [1m[32m0.08456[0m[0m | time: 50.023s
[2K
| RMSProp | epoch: 026 | loss: 0.08456 - acc: 0.9923 -- iter: 192/237
[A[ATraining Step: 207  | total loss: [1m[32m0.08627[0m[0m | time: 53.816s
[2K
| RMSProp | epoch: 026 | loss: 0.08627 - acc: 0.9854 -- iter: 224/237
[A[ATraining Step: 208  | total loss: [1m[32m0.08029[0m[0m | time: 64.878s
[2K
| RMSProp | epoch: 026 | loss: 0.08029 - acc: 0.9868 | val_loss: 4.70021 - val_acc: 0.4533 -- iter: 237/237
--
Training Step: 209  | total loss: [1m[32m0.07518[0m[0m | time: 7.909s
[2K
| RMSProp | epoch: 027 | loss: 0.07518 - acc: 0.9881 -- iter: 032/237
[A[ATraining Step: 210  | total loss: [1m[32m0.06836[0m[0m | time: 15.600s
[2K
| RMSProp | epoch: 027 | loss: 0.06836 - acc: 0.9893 -- iter: 064/237
[A[ATraining Step: 211  | total loss: [1m[32m0.06213[0m[0m | time: 23.480s
[2K
| RMSProp | epoch: 027 | loss: 0.06213 - acc: 0.9904 -- iter: 096/237
[A[ATraining Step: 212  | total loss: [1m[32m0.05636[0m[0m | time: 31.080s
[2K
| RMSProp | epoch: 027 | loss: 0.05636 - acc: 0.9914 -- iter: 128/237
[A[ATraining Step: 213  | total loss: [1m[32m0.05112[0m[0m | time: 38.851s
[2K
| RMSProp | epoch: 027 | loss: 0.05112 - acc: 0.9922 -- iter: 160/237
[A[ATraining Step: 214  | total loss: [1m[32m0.04651[0m[0m | time: 46.689s
[2K
| RMSProp | epoch: 027 | loss: 0.04651 - acc: 0.9930 -- iter: 192/237
[A[ATraining Step: 215  | total loss: [1m[32m0.04219[0m[0m | time: 50.572s
[2K
| RMSProp | epoch: 027 | loss: 0.04219 - acc: 0.9937 -- iter: 224/237
[A[ATraining Step: 216  | total loss: [1m[32m0.04269[0m[0m | time: 57.724s
[2K
| RMSProp | epoch: 027 | loss: 0.04269 - acc: 0.9943 | val_loss: 12.16943 - val_acc: 0.4533 -- iter: 237/237
--
Training Step: 217  | total loss: [1m[32m0.10863[0m[0m | time: 9.051s
[2K
| RMSProp | epoch: 028 | loss: 0.10863 - acc: 0.9487 -- iter: 032/237
[A[ATraining Step: 218  | total loss: [1m[32m0.12703[0m[0m | time: 18.458s
[2K
| RMSProp | epoch: 028 | loss: 0.12703 - acc: 0.9414 -- iter: 064/237
[A[ATraining Step: 219  | total loss: [1m[32m0.11871[0m[0m | time: 27.513s
[2K
| RMSProp | epoch: 028 | loss: 0.11871 - acc: 0.9472 -- iter: 096/237
[A[ATraining Step: 220  | total loss: [1m[32m0.14222[0m[0m | time: 36.389s
[2K
| RMSProp | epoch: 028 | loss: 0.14222 - acc: 0.9463 -- iter: 128/237
[A[ATraining Step: 221  | total loss: [1m[32m0.13272[0m[0m | time: 45.656s
[2K
| RMSProp | epoch: 028 | loss: 0.13272 - acc: 0.9516 -- iter: 160/237
[A[ATraining Step: 222  | total loss: [1m[32m0.12108[0m[0m | time: 54.777s
[2K
| RMSProp | epoch: 028 | loss: 0.12108 - acc: 0.9565 -- iter: 192/237
[A[ATraining Step: 223  | total loss: [1m[32m0.13114[0m[0m | time: 63.741s
[2K
| RMSProp | epoch: 028 | loss: 0.13114 - acc: 0.9577 -- iter: 224/237
[A[ATraining Step: 224  | total loss: [1m[32m0.12183[0m[0m | time: 72.193s
[2K
| RMSProp | epoch: 028 | loss: 0.12183 - acc: 0.9619 | val_loss: 0.67135 - val_acc: 0.7867 -- iter: 237/237
--
Training Step: 225  | total loss: [1m[32m0.11077[0m[0m | time: 4.503s
[2K
| RMSProp | epoch: 029 | loss: 0.11077 - acc: 0.9657 -- iter: 032/237
[A[ATraining Step: 226  | total loss: [1m[32m0.10003[0m[0m | time: 13.579s
[2K
| RMSProp | epoch: 029 | loss: 0.10003 - acc: 0.9692 -- iter: 064/237
[A[ATraining Step: 227  | total loss: [1m[32m0.09301[0m[0m | time: 22.583s
[2K
| RMSProp | epoch: 029 | loss: 0.09301 - acc: 0.9722 -- iter: 096/237
[A[ATraining Step: 228  | total loss: [1m[32m0.08424[0m[0m | time: 31.460s
[2K
| RMSProp | epoch: 029 | loss: 0.08424 - acc: 0.9750 -- iter: 128/237
[A[ATraining Step: 229  | total loss: [1m[32m0.07619[0m[0m | time: 41.210s
[2K
| RMSProp | epoch: 029 | loss: 0.07619 - acc: 0.9775 -- iter: 160/237
[A[ATraining Step: 230  | total loss: [1m[32m0.08337[0m[0m | time: 50.437s
[2K
| RMSProp | epoch: 029 | loss: 0.08337 - acc: 0.9766 -- iter: 192/237
[A[ATraining Step: 231  | total loss: [1m[32m0.07602[0m[0m | time: 59.267s
[2K
| RMSProp | epoch: 029 | loss: 0.07602 - acc: 0.9790 -- iter: 224/237
[A[ATraining Step: 232  | total loss: [1m[32m0.07055[0m[0m | time: 72.042s
[2K
| RMSProp | epoch: 029 | loss: 0.07055 - acc: 0.9811 | val_loss: 1.33174 - val_acc: 0.6800 -- iter: 237/237
--
Training Step: 233  | total loss: [1m[32m0.06491[0m[0m | time: 4.174s
[2K
| RMSProp | epoch: 030 | loss: 0.06491 - acc: 0.9830 -- iter: 032/237
[A[ATraining Step: 234  | total loss: [1m[32m0.06015[0m[0m | time: 9.008s
[2K
| RMSProp | epoch: 030 | loss: 0.06015 - acc: 0.9847 -- iter: 064/237
[A[ATraining Step: 235  | total loss: [1m[32m0.05531[0m[0m | time: 17.399s
[2K
| RMSProp | epoch: 030 | loss: 0.05531 - acc: 0.9862 -- iter: 096/237
[A[ATraining Step: 236  | total loss: [1m[32m0.04992[0m[0m | time: 26.797s
[2K
| RMSProp | epoch: 030 | loss: 0.04992 - acc: 0.9876 -- iter: 128/237
[A[ATraining Step: 237  | total loss: [1m[32m0.04538[0m[0m | time: 35.347s
[2K
| RMSProp | epoch: 030 | loss: 0.04538 - acc: 0.9888 -- iter: 160/237
[A[ATraining Step: 238  | total loss: [1m[32m0.06366[0m[0m | time: 44.598s
[2K
| RMSProp | epoch: 030 | loss: 0.06366 - acc: 0.9868 -- iter: 192/237
[A[ATraining Step: 239  | total loss: [1m[32m0.06004[0m[0m | time: 53.549s
[2K
| RMSProp | epoch: 030 | loss: 0.06004 - acc: 0.9881 -- iter: 224/237
[A[ATraining Step: 240  | total loss: [1m[32m0.05451[0m[0m | time: 65.905s
[2K
| RMSProp | epoch: 030 | loss: 0.05451 - acc: 0.9893 | val_loss: 1.80095 - val_acc: 0.6133 -- iter: 237/237
--
/homes/tdogan/miniconda2/envs/my-rdkit-env/lib/python3.6/site-packages/sklearn/metrics/classification.py:1135: UndefinedMetricWarning: Precision is ill-defined and being set to 0.0 due to no predicted samples.
  'precision', 'predicted', average, warn_for)
/homes/tdogan/miniconda2/envs/my-rdkit-env/lib/python3.6/site-packages/sklearn/metrics/classification.py:1135: UndefinedMetricWarning: F-score is ill-defined and being set to 0.0 due to no predicted samples.
  'precision', 'predicted', average, warn_for)
/homes/tdogan/miniconda2/envs/my-rdkit-env/lib/python3.6/site-packages/sklearn/metrics/classification.py:538: RuntimeWarning: invalid value encountered in double_scalars
  mcc = cov_ytyp / np.sqrt(cov_ytyt * cov_ypyp)
Validation AUC:0.8350071736011477
Validation AUPRC:0.81808457040003
Test AUC:0.8368945868945868
Test AUPRC:0.8658041704269184
BestTestF1Score	0.74	0.52	0.76	0.78	0.69	25	7	32	11	0.01
BestTestMCCScore	0.78	0.64	0.81	0.89	0.69	25	3	36	11	0.05
BestTestAccuracyScore	0.78	0.64	0.81	0.89	0.69	25	3	36	11	0.05
BestValidationF1Score	0.78	0.59	0.79	0.88	0.71	29	4	30	12	0.01
BestValidationMCC	0.78	0.6	0.79	0.9	0.68	28	3	31	13	0.05
BestValidationAccuracy	0.78	0.6	0.79	0.9	0.68	28	3	31	13	0.05
TestPredictions (Threshold:0.05)
CHEMBL124660,TP,ACT,0.6700000166893005	CHEMBL1173442,FN,ACT,0.0	CHEMBL489344,TN,INACT,0.0	CHEMBL3326005,TP,ACT,0.699999988079071	CHEMBL131382,FP,INACT,0.23999999463558197	CHEMBL1910373,TN,INACT,0.0	CHEMBL2036628,TP,ACT,0.5799999833106995	CHEMBL1922211,TN,INACT,0.0	CHEMBL3093632,TP,ACT,0.9700000286102295	CHEMBL3093749,TP,ACT,0.11999999731779099	CHEMBL1835870,TP,ACT,0.20000000298023224	CHEMBL1287853,FN,ACT,0.0	CHEMBL509435,TN,INACT,0.0	CHEMBL3326002,TP,ACT,0.5600000023841858	CHEMBL551722,TN,INACT,0.009999999776482582	CHEMBL559882,TN,INACT,0.0	CHEMBL120317,TN,INACT,0.0	CHEMBL3691604,TN,INACT,0.0	CHEMBL1289926,FN,ACT,0.009999999776482582	CHEMBL337454,TN,INACT,0.0	CHEMBL3104854,FN,ACT,0.0	CHEMBL525921,TN,INACT,0.009999999776482582	CHEMBL1767292,TN,INACT,0.029999999329447746	CHEMBL489246,TN,INACT,0.019999999552965164	CHEMBL328164,TN,INACT,0.0	CHEMBL3091723,FN,ACT,0.0	CHEMBL485502,TN,INACT,0.019999999552965164	CHEMBL601719,TP,ACT,0.6499999761581421	CHEMBL1908396,TP,ACT,0.05999999865889549	CHEMBL1910762,TN,INACT,0.0	CHEMBL29197,TN,INACT,0.0	CHEMBL169757,TN,INACT,0.0	CHEMBL489430,TN,INACT,0.009999999776482582	CHEMBL1910758,TN,INACT,0.0	CHEMBL1287914,TN,INACT,0.0	CHEMBL557525,TN,INACT,0.0	CHEMBL551663,FP,INACT,0.05999999865889549	CHEMBL2036625,TP,ACT,0.28999999165534973	CHEMBL477064,TN,INACT,0.029999999329447746	CHEMBL3093637,TP,ACT,0.9700000286102295	CHEMBL557321,TN,INACT,0.0	CHEMBL1910754,TN,INACT,0.0	CHEMBL2036806,FN,ACT,0.009999999776482582	CHEMBL396487,TN,INACT,0.009999999776482582	CHEMBL608533,TP,ACT,0.07999999821186066	CHEMBL1287945,TN,INACT,0.0	CHEMBL3092767,TP,ACT,0.6600000262260437	CHEMBL3093628,TP,ACT,0.9800000190734863	CHEMBL2172308,TP,ACT,0.18000000715255737	CHEMBL515356,TN,INACT,0.0	CHEMBL3416026,FN,ACT,0.0	CHEMBL3426225,FN,ACT,0.009999999776482582	CHEMBL489083,FN,ACT,0.0	CHEMBL2312303,TP,ACT,0.949999988079071	CHEMBL2172315,TP,ACT,0.38999998569488525	CHEMBL3356117,FP,INACT,0.3400000035762787	CHEMBL463384,TN,INACT,0.0	CHEMBL1909651,TN,INACT,0.0	CHEMBL2346680,TP,ACT,0.8799999952316284	CHEMBL3093757,TP,ACT,0.9599999785423279	CHEMBL535,TP,ACT,0.07999999821186066	CHEMBL2348175,TN,INACT,0.0	CHEMBL3092766,TP,ACT,0.14000000059604645	CHEMBL530335,TN,INACT,0.0	CHEMBL2347987,TP,ACT,0.3499999940395355	CHEMBL226471,TN,INACT,0.0	CHEMBL2036796,TP,ACT,0.2199999988079071	CHEMBL120127,TN,INACT,0.0	CHEMBL498520,TN,INACT,0.0	CHEMBL516312,FN,ACT,0.0	CHEMBL1933550,FN,ACT,0.0	CHEMBL485878,TN,INACT,0.0	CHEMBL504547,TN,INACT,0.009999999776482582	CHEMBL3092776,TP,ACT,0.07000000029802322	CHEMBL2023351,TP,ACT,0.8600000143051147	

