CNNModel CHEMBL326 adam 0.0005 30 128 0 0.8 False True
Number of active compounds :	317
Number of inactive compounds :	317
---------------------------------
Run id: CNNModel_CHEMBL326_adam_0.0005_30_128_0_0.8_False_True_id
Log directory: ../tflearnLogs/CNNModel_CHEMBL326_adam_0.0005_30_128_0.8_True/
---------------------------------
Training samples: 335
Validation samples: 105
--
Training Step: 1  | time: 1.373s
[2K
| Adam | epoch: 001 | loss: 0.00000 - acc: 0.0000 -- iter: 032/335
[A[ATraining Step: 2  | total loss: [1m[32m0.62414[0m[0m | time: 2.254s
[2K
| Adam | epoch: 001 | loss: 0.62414 - acc: 0.3937 -- iter: 064/335
[A[ATraining Step: 3  | total loss: [1m[32m0.68012[0m[0m | time: 3.218s
[2K
| Adam | epoch: 001 | loss: 0.68012 - acc: 0.5063 -- iter: 096/335
[A[ATraining Step: 4  | total loss: [1m[32m0.68307[0m[0m | time: 4.247s
[2K
| Adam | epoch: 001 | loss: 0.68307 - acc: 0.6891 -- iter: 128/335
[A[ATraining Step: 5  | total loss: [1m[32m0.69119[0m[0m | time: 5.263s
[2K
| Adam | epoch: 001 | loss: 0.69119 - acc: 0.5582 -- iter: 160/335
[A[ATraining Step: 6  | total loss: [1m[32m0.68386[0m[0m | time: 5.990s
[2K
| Adam | epoch: 001 | loss: 0.68386 - acc: 0.6011 -- iter: 192/335
[A[ATraining Step: 7  | total loss: [1m[32m0.68820[0m[0m | time: 6.809s
[2K
| Adam | epoch: 001 | loss: 0.68820 - acc: 0.5592 -- iter: 224/335
[A[ATraining Step: 8  | total loss: [1m[32m0.69639[0m[0m | time: 7.727s
[2K
| Adam | epoch: 001 | loss: 0.69639 - acc: 0.5259 -- iter: 256/335
[A[ATraining Step: 9  | total loss: [1m[32m0.69034[0m[0m | time: 8.655s
[2K
| Adam | epoch: 001 | loss: 0.69034 - acc: 0.5453 -- iter: 288/335
[A[ATraining Step: 10  | total loss: [1m[32m0.67084[0m[0m | time: 9.495s
[2K
| Adam | epoch: 001 | loss: 0.67084 - acc: 0.6164 -- iter: 320/335
[A[ATraining Step: 11  | total loss: [1m[32m0.70140[0m[0m | time: 11.045s
[2K
| Adam | epoch: 001 | loss: 0.70140 - acc: 0.5168 | val_loss: 0.67985 - val_acc: 0.5714 -- iter: 335/335
--
Training Step: 12  | total loss: [1m[32m0.67909[0m[0m | time: 0.441s
[2K
| Adam | epoch: 002 | loss: 0.67909 - acc: 0.5843 -- iter: 032/335
[A[ATraining Step: 13  | total loss: [1m[32m0.66648[0m[0m | time: 1.360s
[2K
| Adam | epoch: 002 | loss: 0.66648 - acc: 0.6196 -- iter: 064/335
[A[ATraining Step: 14  | total loss: [1m[32m0.67310[0m[0m | time: 2.221s
[2K
| Adam | epoch: 002 | loss: 0.67310 - acc: 0.5962 -- iter: 096/335
[A[ATraining Step: 15  | total loss: [1m[32m0.70570[0m[0m | time: 3.124s
[2K
| Adam | epoch: 002 | loss: 0.70570 - acc: 0.5097 -- iter: 128/335
[A[ATraining Step: 16  | total loss: [1m[32m0.70924[0m[0m | time: 4.114s
[2K
| Adam | epoch: 002 | loss: 0.70924 - acc: 0.4943 -- iter: 160/335
[A[ATraining Step: 17  | total loss: [1m[32m0.70564[0m[0m | time: 5.104s
[2K
| Adam | epoch: 002 | loss: 0.70564 - acc: 0.4964 -- iter: 192/335
[A[ATraining Step: 18  | total loss: [1m[32m0.69121[0m[0m | time: 5.990s
[2K
| Adam | epoch: 002 | loss: 0.69121 - acc: 0.5517 -- iter: 224/335
[A[ATraining Step: 19  | total loss: [1m[32m0.69086[0m[0m | time: 6.843s
[2K
| Adam | epoch: 002 | loss: 0.69086 - acc: 0.5449 -- iter: 256/335
[A[ATraining Step: 20  | total loss: [1m[32m0.69231[0m[0m | time: 7.877s
[2K
| Adam | epoch: 002 | loss: 0.69231 - acc: 0.5305 -- iter: 288/335
[A[ATraining Step: 21  | total loss: [1m[32m0.68595[0m[0m | time: 8.931s
[2K
| Adam | epoch: 002 | loss: 0.68595 - acc: 0.5695 -- iter: 320/335
[A[ATraining Step: 22  | total loss: [1m[32m0.68699[0m[0m | time: 10.701s
[2K
| Adam | epoch: 002 | loss: 0.68699 - acc: 0.5580 | val_loss: 0.68435 - val_acc: 0.5714 -- iter: 335/335
--
Training Step: 23  | total loss: [1m[32m0.68760[0m[0m | time: 0.465s
[2K
| Adam | epoch: 003 | loss: 0.68760 - acc: 0.5503 -- iter: 032/335
[A[ATraining Step: 24  | total loss: [1m[32m0.68582[0m[0m | time: 0.859s
[2K
| Adam | epoch: 003 | loss: 0.68582 - acc: 0.5642 -- iter: 064/335
[A[ATraining Step: 25  | total loss: [1m[32m0.68490[0m[0m | time: 1.783s
[2K
| Adam | epoch: 003 | loss: 0.68490 - acc: 0.5740 -- iter: 096/335
[A[ATraining Step: 26  | total loss: [1m[32m0.68513[0m[0m | time: 2.840s
[2K
| Adam | epoch: 003 | loss: 0.68513 - acc: 0.5710 -- iter: 128/335
[A[ATraining Step: 27  | total loss: [1m[32m0.68402[0m[0m | time: 3.817s
[2K
| Adam | epoch: 003 | loss: 0.68402 - acc: 0.5768 -- iter: 160/335
[A[ATraining Step: 28  | total loss: [1m[32m0.68268[0m[0m | time: 4.583s
[2K
| Adam | epoch: 003 | loss: 0.68268 - acc: 0.5810 -- iter: 192/335
[A[ATraining Step: 29  | total loss: [1m[32m0.67937[0m[0m | time: 5.408s
[2K
| Adam | epoch: 003 | loss: 0.67937 - acc: 0.5993 -- iter: 224/335
[A[ATraining Step: 30  | total loss: [1m[32m0.68014[0m[0m | time: 6.314s
[2K
| Adam | epoch: 003 | loss: 0.68014 - acc: 0.5906 -- iter: 256/335
[A[ATraining Step: 31  | total loss: [1m[32m0.68237[0m[0m | time: 7.232s
[2K
| Adam | epoch: 003 | loss: 0.68237 - acc: 0.5769 -- iter: 288/335
[A[ATraining Step: 32  | total loss: [1m[32m0.68084[0m[0m | time: 8.105s
[2K
| Adam | epoch: 003 | loss: 0.68084 - acc: 0.5737 -- iter: 320/335
[A[ATraining Step: 33  | total loss: [1m[32m0.67039[0m[0m | time: 10.074s
[2K
| Adam | epoch: 003 | loss: 0.67039 - acc: 0.5987 | val_loss: 0.67533 - val_acc: 0.5714 -- iter: 335/335
--
Training Step: 34  | total loss: [1m[32m0.67105[0m[0m | time: 0.841s
[2K
| Adam | epoch: 004 | loss: 0.67105 - acc: 0.5909 -- iter: 032/335
[A[ATraining Step: 35  | total loss: [1m[32m0.69160[0m[0m | time: 1.302s
[2K
| Adam | epoch: 004 | loss: 0.69160 - acc: 0.5523 -- iter: 064/335
[A[ATraining Step: 36  | total loss: [1m[32m0.71298[0m[0m | time: 1.761s
[2K
| Adam | epoch: 004 | loss: 0.71298 - acc: 0.5075 -- iter: 096/335
[A[ATraining Step: 37  | total loss: [1m[32m0.72250[0m[0m | time: 2.676s
[2K
| Adam | epoch: 004 | loss: 0.72250 - acc: 0.4727 -- iter: 128/335
[A[ATraining Step: 38  | total loss: [1m[32m0.71832[0m[0m | time: 3.643s
[2K
| Adam | epoch: 004 | loss: 0.71832 - acc: 0.4658 -- iter: 160/335
[A[ATraining Step: 39  | total loss: [1m[32m0.70886[0m[0m | time: 4.708s
[2K
| Adam | epoch: 004 | loss: 0.70886 - acc: 0.5022 -- iter: 192/335
[A[ATraining Step: 40  | total loss: [1m[32m0.70434[0m[0m | time: 5.633s
[2K
| Adam | epoch: 004 | loss: 0.70434 - acc: 0.5194 -- iter: 224/335
[A[ATraining Step: 41  | total loss: [1m[32m0.70201[0m[0m | time: 6.583s
[2K
| Adam | epoch: 004 | loss: 0.70201 - acc: 0.5158 -- iter: 256/335
[A[ATraining Step: 42  | total loss: [1m[32m0.69992[0m[0m | time: 7.568s
[2K
| Adam | epoch: 004 | loss: 0.69992 - acc: 0.5186 -- iter: 288/335
[A[ATraining Step: 43  | total loss: [1m[32m0.69754[0m[0m | time: 8.584s
[2K
| Adam | epoch: 004 | loss: 0.69754 - acc: 0.5429 -- iter: 320/335
[A[ATraining Step: 44  | total loss: [1m[32m0.69671[0m[0m | time: 10.350s
[2K
| Adam | epoch: 004 | loss: 0.69671 - acc: 0.5355 | val_loss: 0.68994 - val_acc: 0.5714 -- iter: 335/335
--
Training Step: 45  | total loss: [1m[32m0.69594[0m[0m | time: 0.854s
[2K
| Adam | epoch: 005 | loss: 0.69594 - acc: 0.5241 -- iter: 032/335
[A[ATraining Step: 46  | total loss: [1m[32m0.69470[0m[0m | time: 1.826s
[2K
| Adam | epoch: 005 | loss: 0.69470 - acc: 0.5357 -- iter: 064/335
[A[ATraining Step: 47  | total loss: [1m[32m0.69398[0m[0m | time: 2.354s
[2K
| Adam | epoch: 005 | loss: 0.69398 - acc: 0.5452 -- iter: 096/335
[A[ATraining Step: 48  | total loss: [1m[32m0.69284[0m[0m | time: 2.891s
[2K
| Adam | epoch: 005 | loss: 0.69284 - acc: 0.5648 -- iter: 128/335
[A[ATraining Step: 49  | total loss: [1m[32m0.69178[0m[0m | time: 3.866s
[2K
| Adam | epoch: 005 | loss: 0.69178 - acc: 0.5808 -- iter: 160/335
[A[ATraining Step: 50  | total loss: [1m[32m0.69187[0m[0m | time: 4.633s
[2K
| Adam | epoch: 005 | loss: 0.69187 - acc: 0.5635 -- iter: 192/335
[A[ATraining Step: 51  | total loss: [1m[32m0.69138[0m[0m | time: 5.506s
[2K
| Adam | epoch: 005 | loss: 0.69138 - acc: 0.5681 -- iter: 224/335
[A[ATraining Step: 52  | total loss: [1m[32m0.69044[0m[0m | time: 6.440s
[2K
| Adam | epoch: 005 | loss: 0.69044 - acc: 0.5860 -- iter: 256/335
[A[ATraining Step: 53  | total loss: [1m[32m0.68922[0m[0m | time: 7.294s
[2K
| Adam | epoch: 005 | loss: 0.68922 - acc: 0.6056 -- iter: 288/335
[A[ATraining Step: 54  | total loss: [1m[32m0.69007[0m[0m | time: 8.199s
[2K
| Adam | epoch: 005 | loss: 0.69007 - acc: 0.5766 -- iter: 320/335
[A[ATraining Step: 55  | total loss: [1m[32m0.69046[0m[0m | time: 10.179s
[2K
| Adam | epoch: 005 | loss: 0.69046 - acc: 0.5612 | val_loss: 0.68625 - val_acc: 0.5714 -- iter: 335/335
--
Training Step: 56  | total loss: [1m[32m0.68998[0m[0m | time: 0.858s
[2K
| Adam | epoch: 006 | loss: 0.68998 - acc: 0.5614 -- iter: 032/335
[A[ATraining Step: 57  | total loss: [1m[32m0.68951[0m[0m | time: 1.729s
[2K
| Adam | epoch: 006 | loss: 0.68951 - acc: 0.5616 -- iter: 064/335
[A[ATraining Step: 58  | total loss: [1m[32m0.68941[0m[0m | time: 2.598s
[2K
| Adam | epoch: 006 | loss: 0.68941 - acc: 0.5574 -- iter: 096/335
[A[ATraining Step: 59  | total loss: [1m[32m0.68889[0m[0m | time: 3.012s
[2K
| Adam | epoch: 006 | loss: 0.68889 - acc: 0.5539 -- iter: 128/335
[A[ATraining Step: 60  | total loss: [1m[32m0.68852[0m[0m | time: 3.482s
[2K
| Adam | epoch: 006 | loss: 0.68852 - acc: 0.5512 -- iter: 160/335
[A[ATraining Step: 61  | total loss: [1m[32m0.68795[0m[0m | time: 4.436s
[2K
| Adam | epoch: 006 | loss: 0.68795 - acc: 0.5662 -- iter: 192/335
[A[ATraining Step: 62  | total loss: [1m[32m0.68689[0m[0m | time: 5.424s
[2K
| Adam | epoch: 006 | loss: 0.68689 - acc: 0.5979 -- iter: 224/335
[A[ATraining Step: 63  | total loss: [1m[32m0.68617[0m[0m | time: 6.285s
[2K
| Adam | epoch: 006 | loss: 0.68617 - acc: 0.6172 -- iter: 256/335
[A[ATraining Step: 64  | total loss: [1m[32m0.68421[0m[0m | time: 7.175s
[2K
| Adam | epoch: 006 | loss: 0.68421 - acc: 0.6338 -- iter: 288/335
[A[ATraining Step: 65  | total loss: [1m[32m0.68381[0m[0m | time: 8.273s
[2K
| Adam | epoch: 006 | loss: 0.68381 - acc: 0.6404 -- iter: 320/335
[A[ATraining Step: 66  | total loss: [1m[32m0.68281[0m[0m | time: 10.261s
[2K
| Adam | epoch: 006 | loss: 0.68281 - acc: 0.6461 | val_loss: 0.65988 - val_acc: 0.8286 -- iter: 335/335
--
Training Step: 67  | total loss: [1m[32m0.68090[0m[0m | time: 0.976s
[2K
| Adam | epoch: 007 | loss: 0.68090 - acc: 0.6586 -- iter: 032/335
[A[ATraining Step: 68  | total loss: [1m[32m0.67820[0m[0m | time: 1.823s
[2K
| Adam | epoch: 007 | loss: 0.67820 - acc: 0.6768 -- iter: 064/335
[A[ATraining Step: 69  | total loss: [1m[32m0.67444[0m[0m | time: 2.911s
[2K
| Adam | epoch: 007 | loss: 0.67444 - acc: 0.6963 -- iter: 096/335
[A[ATraining Step: 70  | total loss: [1m[32m0.67121[0m[0m | time: 3.978s
[2K
| Adam | epoch: 007 | loss: 0.67121 - acc: 0.6989 -- iter: 128/335
[A[ATraining Step: 71  | total loss: [1m[32m0.66740[0m[0m | time: 4.472s
[2K
| Adam | epoch: 007 | loss: 0.66740 - acc: 0.7119 -- iter: 160/335
[A[ATraining Step: 72  | total loss: [1m[32m0.66044[0m[0m | time: 4.811s
[2K
| Adam | epoch: 007 | loss: 0.66044 - acc: 0.7218 -- iter: 192/335
[A[ATraining Step: 73  | total loss: [1m[32m0.65091[0m[0m | time: 5.652s
[2K
| Adam | epoch: 007 | loss: 0.65091 - acc: 0.7305 -- iter: 224/335
[A[ATraining Step: 74  | total loss: [1m[32m0.64822[0m[0m | time: 6.529s
[2K
| Adam | epoch: 007 | loss: 0.64822 - acc: 0.7189 -- iter: 256/335
[A[ATraining Step: 75  | total loss: [1m[32m0.63501[0m[0m | time: 7.378s
[2K
| Adam | epoch: 007 | loss: 0.63501 - acc: 0.7358 -- iter: 288/335
[A[ATraining Step: 76  | total loss: [1m[32m0.62271[0m[0m | time: 8.238s
[2K
| Adam | epoch: 007 | loss: 0.62271 - acc: 0.7407 -- iter: 320/335
[A[ATraining Step: 77  | total loss: [1m[32m0.61306[0m[0m | time: 10.208s
[2K
| Adam | epoch: 007 | loss: 0.61306 - acc: 0.7417 | val_loss: 0.49546 - val_acc: 0.7619 -- iter: 335/335
--
Training Step: 78  | total loss: [1m[32m0.60706[0m[0m | time: 1.124s
[2K
| Adam | epoch: 008 | loss: 0.60706 - acc: 0.7425 -- iter: 032/335
[A[ATraining Step: 79  | total loss: [1m[32m0.59388[0m[0m | time: 1.976s
[2K
| Adam | epoch: 008 | loss: 0.59388 - acc: 0.7530 -- iter: 064/335
[A[ATraining Step: 80  | total loss: [1m[32m0.59543[0m[0m | time: 2.798s
[2K
| Adam | epoch: 008 | loss: 0.59543 - acc: 0.7399 -- iter: 096/335
[A[ATraining Step: 81  | total loss: [1m[32m0.60964[0m[0m | time: 3.682s
[2K
| Adam | epoch: 008 | loss: 0.60964 - acc: 0.7251 -- iter: 128/335
[A[ATraining Step: 82  | total loss: [1m[32m0.60019[0m[0m | time: 4.617s
[2K
| Adam | epoch: 008 | loss: 0.60019 - acc: 0.7308 -- iter: 160/335
[A[ATraining Step: 83  | total loss: [1m[32m0.58639[0m[0m | time: 5.061s
[2K
| Adam | epoch: 008 | loss: 0.58639 - acc: 0.7327 -- iter: 192/335
[A[ATraining Step: 84  | total loss: [1m[32m0.58232[0m[0m | time: 5.506s
[2K
| Adam | epoch: 008 | loss: 0.58232 - acc: 0.7327 -- iter: 224/335
[A[ATraining Step: 85  | total loss: [1m[32m0.57694[0m[0m | time: 6.455s
[2K
| Adam | epoch: 008 | loss: 0.57694 - acc: 0.7328 -- iter: 256/335
[A[ATraining Step: 86  | total loss: [1m[32m0.55687[0m[0m | time: 7.470s
[2K
| Adam | epoch: 008 | loss: 0.55687 - acc: 0.7470 -- iter: 288/335
[A[ATraining Step: 87  | total loss: [1m[32m0.55932[0m[0m | time: 8.346s
[2K
| Adam | epoch: 008 | loss: 0.55932 - acc: 0.7442 -- iter: 320/335
[A[ATraining Step: 88  | total loss: [1m[32m0.55127[0m[0m | time: 10.252s
[2K
| Adam | epoch: 008 | loss: 0.55127 - acc: 0.7541 | val_loss: 0.52332 - val_acc: 0.7048 -- iter: 335/335
--
Training Step: 89  | total loss: [1m[32m0.53455[0m[0m | time: 0.846s
[2K
| Adam | epoch: 009 | loss: 0.53455 - acc: 0.7662 -- iter: 032/335
[A[ATraining Step: 90  | total loss: [1m[32m0.52968[0m[0m | time: 1.819s
[2K
| Adam | epoch: 009 | loss: 0.52968 - acc: 0.7646 -- iter: 064/335
[A[ATraining Step: 91  | total loss: [1m[32m0.50751[0m[0m | time: 2.802s
[2K
| Adam | epoch: 009 | loss: 0.50751 - acc: 0.7819 -- iter: 096/335
[A[ATraining Step: 92  | total loss: [1m[32m0.50397[0m[0m | time: 3.674s
[2K
| Adam | epoch: 009 | loss: 0.50397 - acc: 0.7725 -- iter: 128/335
[A[ATraining Step: 93  | total loss: [1m[32m0.49855[0m[0m | time: 4.668s
[2K
| Adam | epoch: 009 | loss: 0.49855 - acc: 0.7796 -- iter: 160/335
[A[ATraining Step: 94  | total loss: [1m[32m0.52139[0m[0m | time: 5.777s
[2K
| Adam | epoch: 009 | loss: 0.52139 - acc: 0.7673 -- iter: 192/335
[A[ATraining Step: 95  | total loss: [1m[32m0.50484[0m[0m | time: 6.345s
[2K
| Adam | epoch: 009 | loss: 0.50484 - acc: 0.7780 -- iter: 224/335
[A[ATraining Step: 96  | total loss: [1m[32m0.50047[0m[0m | time: 6.747s
[2K
| Adam | epoch: 009 | loss: 0.50047 - acc: 0.7869 -- iter: 256/335
[A[ATraining Step: 97  | total loss: [1m[32m0.49469[0m[0m | time: 7.579s
[2K
| Adam | epoch: 009 | loss: 0.49469 - acc: 0.7949 -- iter: 288/335
[A[ATraining Step: 98  | total loss: [1m[32m0.49024[0m[0m | time: 8.485s
[2K
| Adam | epoch: 009 | loss: 0.49024 - acc: 0.7998 -- iter: 320/335
[A[ATraining Step: 99  | total loss: [1m[32m0.47673[0m[0m | time: 10.390s
[2K
| Adam | epoch: 009 | loss: 0.47673 - acc: 0.8073 | val_loss: 0.51110 - val_acc: 0.7524 -- iter: 335/335
--
Training Step: 100  | total loss: [1m[32m0.48765[0m[0m | time: 1.056s
[2K
| Adam | epoch: 010 | loss: 0.48765 - acc: 0.7953 -- iter: 032/335
[A[ATraining Step: 101  | total loss: [1m[32m0.47444[0m[0m | time: 2.096s
[2K
| Adam | epoch: 010 | loss: 0.47444 - acc: 0.8001 -- iter: 064/335
[A[ATraining Step: 102  | total loss: [1m[32m0.46268[0m[0m | time: 2.847s
[2K
| Adam | epoch: 010 | loss: 0.46268 - acc: 0.8045 -- iter: 096/335
[A[ATraining Step: 103  | total loss: [1m[32m0.45390[0m[0m | time: 3.716s
[2K
| Adam | epoch: 010 | loss: 0.45390 - acc: 0.8116 -- iter: 128/335
[A[ATraining Step: 104  | total loss: [1m[32m0.45200[0m[0m | time: 4.629s
[2K
| Adam | epoch: 010 | loss: 0.45200 - acc: 0.8179 -- iter: 160/335
[A[ATraining Step: 105  | total loss: [1m[32m0.45091[0m[0m | time: 5.513s
[2K
| Adam | epoch: 010 | loss: 0.45091 - acc: 0.8236 -- iter: 192/335
[A[ATraining Step: 106  | total loss: [1m[32m0.43564[0m[0m | time: 6.382s
[2K
| Adam | epoch: 010 | loss: 0.43564 - acc: 0.8319 -- iter: 224/335
[A[ATraining Step: 107  | total loss: [1m[32m0.44527[0m[0m | time: 6.876s
[2K
| Adam | epoch: 010 | loss: 0.44527 - acc: 0.8237 -- iter: 256/335
[A[ATraining Step: 108  | total loss: [1m[32m0.43750[0m[0m | time: 7.423s
[2K
| Adam | epoch: 010 | loss: 0.43750 - acc: 0.8280 -- iter: 288/335
[A[ATraining Step: 109  | total loss: [1m[32m0.43016[0m[0m | time: 8.412s
[2K
| Adam | epoch: 010 | loss: 0.43016 - acc: 0.8252 -- iter: 320/335
[A[ATraining Step: 110  | total loss: [1m[32m0.42404[0m[0m | time: 10.274s
[2K
| Adam | epoch: 010 | loss: 0.42404 - acc: 0.8239 | val_loss: 0.40421 - val_acc: 0.8476 -- iter: 335/335
--
Training Step: 111  | total loss: [1m[32m0.42166[0m[0m | time: 1.100s
[2K
| Adam | epoch: 011 | loss: 0.42166 - acc: 0.8259 -- iter: 032/335
[A[ATraining Step: 112  | total loss: [1m[32m0.40858[0m[0m | time: 2.336s
[2K
| Adam | epoch: 011 | loss: 0.40858 - acc: 0.8371 -- iter: 064/335
[A[ATraining Step: 113  | total loss: [1m[32m0.41934[0m[0m | time: 3.610s
[2K
| Adam | epoch: 011 | loss: 0.41934 - acc: 0.8284 -- iter: 096/335
[A[ATraining Step: 114  | total loss: [1m[32m0.40725[0m[0m | time: 4.870s
[2K
| Adam | epoch: 011 | loss: 0.40725 - acc: 0.8393 -- iter: 128/335
[A[ATraining Step: 115  | total loss: [1m[32m0.39427[0m[0m | time: 6.127s
[2K
| Adam | epoch: 011 | loss: 0.39427 - acc: 0.8460 -- iter: 160/335
[A[ATraining Step: 116  | total loss: [1m[32m0.37201[0m[0m | time: 7.542s
[2K
| Adam | epoch: 011 | loss: 0.37201 - acc: 0.8551 -- iter: 192/335
[A[ATraining Step: 117  | total loss: [1m[32m0.36202[0m[0m | time: 8.872s
[2K
| Adam | epoch: 011 | loss: 0.36202 - acc: 0.8571 -- iter: 224/335
[A[ATraining Step: 118  | total loss: [1m[32m0.37714[0m[0m | time: 9.974s
[2K
| Adam | epoch: 011 | loss: 0.37714 - acc: 0.8495 -- iter: 256/335
[A[ATraining Step: 119  | total loss: [1m[32m0.36703[0m[0m | time: 10.495s
[2K
| Adam | epoch: 011 | loss: 0.36703 - acc: 0.8489 -- iter: 288/335
[A[ATraining Step: 120  | total loss: [1m[32m0.34903[0m[0m | time: 11.074s
[2K
| Adam | epoch: 011 | loss: 0.34903 - acc: 0.8507 -- iter: 320/335
[A[ATraining Step: 121  | total loss: [1m[32m0.33599[0m[0m | time: 13.242s
[2K
| Adam | epoch: 011 | loss: 0.33599 - acc: 0.8590 | val_loss: 0.44125 - val_acc: 0.8095 -- iter: 335/335
--
Training Step: 122  | total loss: [1m[32m0.34046[0m[0m | time: 1.188s
[2K
| Adam | epoch: 012 | loss: 0.34046 - acc: 0.8575 -- iter: 032/335
[A[ATraining Step: 123  | total loss: [1m[32m0.33512[0m[0m | time: 2.483s
[2K
| Adam | epoch: 012 | loss: 0.33512 - acc: 0.8623 -- iter: 064/335
[A[ATraining Step: 124  | total loss: [1m[32m0.43923[0m[0m | time: 3.734s
[2K
| Adam | epoch: 012 | loss: 0.43923 - acc: 0.8261 -- iter: 096/335
[A[ATraining Step: 125  | total loss: [1m[32m0.42251[0m[0m | time: 5.032s
[2K
| Adam | epoch: 012 | loss: 0.42251 - acc: 0.8341 -- iter: 128/335
[A[ATraining Step: 126  | total loss: [1m[32m0.40279[0m[0m | time: 6.325s
[2K
| Adam | epoch: 012 | loss: 0.40279 - acc: 0.8382 -- iter: 160/335
[A[ATraining Step: 127  | total loss: [1m[32m0.40104[0m[0m | time: 7.611s
[2K
| Adam | epoch: 012 | loss: 0.40104 - acc: 0.8388 -- iter: 192/335
[A[ATraining Step: 128  | total loss: [1m[32m0.38926[0m[0m | time: 8.964s
[2K
| Adam | epoch: 012 | loss: 0.38926 - acc: 0.8455 -- iter: 224/335
[A[ATraining Step: 129  | total loss: [1m[32m0.37447[0m[0m | time: 10.190s
[2K
| Adam | epoch: 012 | loss: 0.37447 - acc: 0.8516 -- iter: 256/335
[A[ATraining Step: 130  | total loss: [1m[32m0.37068[0m[0m | time: 11.353s
[2K
| Adam | epoch: 012 | loss: 0.37068 - acc: 0.8477 -- iter: 288/335
[A[ATraining Step: 131  | total loss: [1m[32m0.36535[0m[0m | time: 11.916s
[2K
| Adam | epoch: 012 | loss: 0.36535 - acc: 0.8567 -- iter: 320/335
[A[ATraining Step: 132  | total loss: [1m[32m0.36521[0m[0m | time: 13.514s
[2K
| Adam | epoch: 012 | loss: 0.36521 - acc: 0.8577 | val_loss: 0.45190 - val_acc: 0.7905 -- iter: 335/335
--
Training Step: 133  | total loss: [1m[32m0.35457[0m[0m | time: 1.358s
[2K
| Adam | epoch: 013 | loss: 0.35457 - acc: 0.8652 -- iter: 032/335
[A[ATraining Step: 134  | total loss: [1m[32m0.34431[0m[0m | time: 2.876s
[2K
| Adam | epoch: 013 | loss: 0.34431 - acc: 0.8631 -- iter: 064/335
[A[ATraining Step: 135  | total loss: [1m[32m0.33185[0m[0m | time: 4.267s
[2K
| Adam | epoch: 013 | loss: 0.33185 - acc: 0.8705 -- iter: 096/335
[A[ATraining Step: 136  | total loss: [1m[32m0.32783[0m[0m | time: 5.405s
[2K
| Adam | epoch: 013 | loss: 0.32783 - acc: 0.8678 -- iter: 128/335
[A[ATraining Step: 137  | total loss: [1m[32m0.31633[0m[0m | time: 6.554s
[2K
| Adam | epoch: 013 | loss: 0.31633 - acc: 0.8748 -- iter: 160/335
[A[ATraining Step: 138  | total loss: [1m[32m0.30647[0m[0m | time: 7.828s
[2K
| Adam | epoch: 013 | loss: 0.30647 - acc: 0.8780 -- iter: 192/335
[A[ATraining Step: 139  | total loss: [1m[32m0.32318[0m[0m | time: 9.068s
[2K
| Adam | epoch: 013 | loss: 0.32318 - acc: 0.8683 -- iter: 224/335
[A[ATraining Step: 140  | total loss: [1m[32m0.29893[0m[0m | time: 10.252s
[2K
| Adam | epoch: 013 | loss: 0.29893 - acc: 0.8815 -- iter: 256/335
[A[ATraining Step: 141  | total loss: [1m[32m0.28725[0m[0m | time: 11.309s
[2K
| Adam | epoch: 013 | loss: 0.28725 - acc: 0.8839 -- iter: 288/335
[A[ATraining Step: 142  | total loss: [1m[32m0.27269[0m[0m | time: 12.454s
[2K
| Adam | epoch: 013 | loss: 0.27269 - acc: 0.8924 -- iter: 320/335
[A[ATraining Step: 143  | total loss: [1m[32m0.27289[0m[0m | time: 14.056s
[2K
| Adam | epoch: 013 | loss: 0.27289 - acc: 0.8907 | val_loss: 0.50868 - val_acc: 0.8286 -- iter: 335/335
--
Training Step: 144  | total loss: [1m[32m0.27476[0m[0m | time: 0.736s
[2K
| Adam | epoch: 014 | loss: 0.27476 - acc: 0.8883 -- iter: 032/335
[A[ATraining Step: 145  | total loss: [1m[32m0.27315[0m[0m | time: 1.942s
[2K
| Adam | epoch: 014 | loss: 0.27315 - acc: 0.8861 -- iter: 064/335
[A[ATraining Step: 146  | total loss: [1m[32m0.27340[0m[0m | time: 3.086s
[2K
| Adam | epoch: 014 | loss: 0.27340 - acc: 0.8881 -- iter: 096/335
[A[ATraining Step: 147  | total loss: [1m[32m0.25937[0m[0m | time: 4.374s
[2K
| Adam | epoch: 014 | loss: 0.25937 - acc: 0.8899 -- iter: 128/335
[A[ATraining Step: 148  | total loss: [1m[32m0.28327[0m[0m | time: 5.662s
[2K
| Adam | epoch: 014 | loss: 0.28327 - acc: 0.8853 -- iter: 160/335
[A[ATraining Step: 149  | total loss: [1m[32m0.28180[0m[0m | time: 6.932s
[2K
| Adam | epoch: 014 | loss: 0.28180 - acc: 0.8874 -- iter: 192/335
[A[ATraining Step: 150  | total loss: [1m[32m0.29285[0m[0m | time: 7.934s
[2K
| Adam | epoch: 014 | loss: 0.29285 - acc: 0.8768 -- iter: 224/335
[A[ATraining Step: 151  | total loss: [1m[32m0.29393[0m[0m | time: 9.081s
[2K
| Adam | epoch: 014 | loss: 0.29393 - acc: 0.8797 -- iter: 256/335
[A[ATraining Step: 152  | total loss: [1m[32m0.29403[0m[0m | time: 10.268s
[2K
| Adam | epoch: 014 | loss: 0.29403 - acc: 0.8824 -- iter: 288/335
[A[ATraining Step: 153  | total loss: [1m[32m0.28195[0m[0m | time: 11.488s
[2K
| Adam | epoch: 014 | loss: 0.28195 - acc: 0.8848 -- iter: 320/335
[A[ATraining Step: 154  | total loss: [1m[32m0.29067[0m[0m | time: 13.715s
[2K
| Adam | epoch: 014 | loss: 0.29067 - acc: 0.8807 | val_loss: 0.55861 - val_acc: 0.7333 -- iter: 335/335
--
Training Step: 155  | total loss: [1m[32m0.29778[0m[0m | time: 0.597s
[2K
| Adam | epoch: 015 | loss: 0.29778 - acc: 0.8739 -- iter: 032/335
[A[ATraining Step: 156  | total loss: [1m[32m0.30524[0m[0m | time: 1.302s
[2K
| Adam | epoch: 015 | loss: 0.30524 - acc: 0.8665 -- iter: 064/335
[A[ATraining Step: 157  | total loss: [1m[32m0.30493[0m[0m | time: 2.579s
[2K
| Adam | epoch: 015 | loss: 0.30493 - acc: 0.8665 -- iter: 096/335
[A[ATraining Step: 158  | total loss: [1m[32m0.29048[0m[0m | time: 3.845s
[2K
| Adam | epoch: 015 | loss: 0.29048 - acc: 0.8798 -- iter: 128/335
[A[ATraining Step: 159  | total loss: [1m[32m0.27824[0m[0m | time: 4.959s
[2K
| Adam | epoch: 015 | loss: 0.27824 - acc: 0.8887 -- iter: 160/335
[A[ATraining Step: 160  | total loss: [1m[32m0.28060[0m[0m | time: 6.034s
[2K
| Adam | epoch: 015 | loss: 0.28060 - acc: 0.8905 -- iter: 192/335
[A[ATraining Step: 161  | total loss: [1m[32m0.28456[0m[0m | time: 7.236s
[2K
| Adam | epoch: 015 | loss: 0.28456 - acc: 0.8889 -- iter: 224/335
[A[ATraining Step: 162  | total loss: [1m[32m0.26630[0m[0m | time: 8.505s
[2K
| Adam | epoch: 015 | loss: 0.26630 - acc: 0.8969 -- iter: 256/335
[A[ATraining Step: 163  | total loss: [1m[32m0.26343[0m[0m | time: 9.754s
[2K
| Adam | epoch: 015 | loss: 0.26343 - acc: 0.8979 -- iter: 288/335
[A[ATraining Step: 164  | total loss: [1m[32m0.24969[0m[0m | time: 11.179s
[2K
| Adam | epoch: 015 | loss: 0.24969 - acc: 0.9018 -- iter: 320/335
[A[ATraining Step: 165  | total loss: [1m[32m0.24408[0m[0m | time: 13.527s
[2K
| Adam | epoch: 015 | loss: 0.24408 - acc: 0.9085 | val_loss: 0.39273 - val_acc: 0.8571 -- iter: 335/335
--
Training Step: 166  | total loss: [1m[32m0.22727[0m[0m | time: 1.311s
[2K
| Adam | epoch: 016 | loss: 0.22727 - acc: 0.9145 -- iter: 032/335
[A[ATraining Step: 167  | total loss: [1m[32m0.21092[0m[0m | time: 1.873s
[2K
| Adam | epoch: 016 | loss: 0.21092 - acc: 0.9231 -- iter: 064/335
[A[ATraining Step: 168  | total loss: [1m[32m0.20483[0m[0m | time: 2.553s
[2K
| Adam | epoch: 016 | loss: 0.20483 - acc: 0.9308 -- iter: 096/335
[A[ATraining Step: 169  | total loss: [1m[32m0.19128[0m[0m | time: 3.919s
[2K
| Adam | epoch: 016 | loss: 0.19128 - acc: 0.9377 -- iter: 128/335
[A[ATraining Step: 170  | total loss: [1m[32m0.18589[0m[0m | time: 5.058s
[2K
| Adam | epoch: 016 | loss: 0.18589 - acc: 0.9377 -- iter: 160/335
[A[ATraining Step: 171  | total loss: [1m[32m0.18460[0m[0m | time: 6.218s
[2K
| Adam | epoch: 016 | loss: 0.18460 - acc: 0.9377 -- iter: 192/335
[A[ATraining Step: 172  | total loss: [1m[32m0.32165[0m[0m | time: 7.546s
[2K
| Adam | epoch: 016 | loss: 0.32165 - acc: 0.9033 -- iter: 224/335
[A[ATraining Step: 173  | total loss: [1m[32m0.30615[0m[0m | time: 8.853s
[2K
| Adam | epoch: 016 | loss: 0.30615 - acc: 0.9098 -- iter: 256/335
[A[ATraining Step: 174  | total loss: [1m[32m0.29510[0m[0m | time: 10.204s
[2K
| Adam | epoch: 016 | loss: 0.29510 - acc: 0.9126 -- iter: 288/335
[A[ATraining Step: 175  | total loss: [1m[32m0.26848[0m[0m | time: 11.177s
[2K
| Adam | epoch: 016 | loss: 0.26848 - acc: 0.9213 -- iter: 320/335
[A[ATraining Step: 176  | total loss: [1m[32m0.25618[0m[0m | time: 13.646s
[2K
| Adam | epoch: 016 | loss: 0.25618 - acc: 0.9261 | val_loss: 0.36115 - val_acc: 0.8762 -- iter: 335/335
--
Training Step: 177  | total loss: [1m[32m0.23596[0m[0m | time: 1.286s
[2K
| Adam | epoch: 017 | loss: 0.23596 - acc: 0.9335 -- iter: 032/335
[A[ATraining Step: 178  | total loss: [1m[32m0.22051[0m[0m | time: 2.535s
[2K
| Adam | epoch: 017 | loss: 0.22051 - acc: 0.9401 -- iter: 064/335
[A[ATraining Step: 179  | total loss: [1m[32m0.20728[0m[0m | time: 3.105s
[2K
| Adam | epoch: 017 | loss: 0.20728 - acc: 0.9461 -- iter: 096/335
[A[ATraining Step: 180  | total loss: [1m[32m0.19569[0m[0m | time: 3.694s
[2K
| Adam | epoch: 017 | loss: 0.19569 - acc: 0.9515 -- iter: 128/335
[A[ATraining Step: 181  | total loss: [1m[32m0.18447[0m[0m | time: 4.983s
[2K
| Adam | epoch: 017 | loss: 0.18447 - acc: 0.9563 -- iter: 160/335
[A[ATraining Step: 182  | total loss: [1m[32m0.17517[0m[0m | time: 6.150s
[2K
| Adam | epoch: 017 | loss: 0.17517 - acc: 0.9576 -- iter: 192/335
[A[ATraining Step: 183  | total loss: [1m[32m0.17054[0m[0m | time: 7.556s
[2K
| Adam | epoch: 017 | loss: 0.17054 - acc: 0.9587 -- iter: 224/335
[A[ATraining Step: 184  | total loss: [1m[32m0.17177[0m[0m | time: 8.855s
[2K
| Adam | epoch: 017 | loss: 0.17177 - acc: 0.9566 -- iter: 256/335
[A[ATraining Step: 185  | total loss: [1m[32m0.17256[0m[0m | time: 10.363s
[2K
| Adam | epoch: 017 | loss: 0.17256 - acc: 0.9515 -- iter: 288/335
[A[ATraining Step: 186  | total loss: [1m[32m0.16235[0m[0m | time: 11.587s
[2K
| Adam | epoch: 017 | loss: 0.16235 - acc: 0.9564 -- iter: 320/335
[A[ATraining Step: 187  | total loss: [1m[32m0.15775[0m[0m | time: 13.701s
[2K
| Adam | epoch: 017 | loss: 0.15775 - acc: 0.9576 | val_loss: 0.32681 - val_acc: 0.9048 -- iter: 335/335
--
Training Step: 188  | total loss: [1m[32m0.15700[0m[0m | time: 1.181s
[2K
| Adam | epoch: 018 | loss: 0.15700 - acc: 0.9587 -- iter: 032/335
[A[ATraining Step: 189  | total loss: [1m[32m0.14633[0m[0m | time: 2.562s
[2K
| Adam | epoch: 018 | loss: 0.14633 - acc: 0.9629 -- iter: 064/335
[A[ATraining Step: 190  | total loss: [1m[32m0.14466[0m[0m | time: 4.050s
[2K
| Adam | epoch: 018 | loss: 0.14466 - acc: 0.9603 -- iter: 096/335
[A[ATraining Step: 191  | total loss: [1m[32m0.13370[0m[0m | time: 4.729s
[2K
| Adam | epoch: 018 | loss: 0.13370 - acc: 0.9643 -- iter: 128/335
[A[ATraining Step: 192  | total loss: [1m[32m0.12174[0m[0m | time: 5.362s
[2K
| Adam | epoch: 018 | loss: 0.12174 - acc: 0.9679 -- iter: 160/335
[A[ATraining Step: 193  | total loss: [1m[32m0.11126[0m[0m | time: 6.485s
[2K
| Adam | epoch: 018 | loss: 0.11126 - acc: 0.9711 -- iter: 192/335
[A[ATraining Step: 194  | total loss: [1m[32m0.10536[0m[0m | time: 7.671s
[2K
| Adam | epoch: 018 | loss: 0.10536 - acc: 0.9708 -- iter: 224/335
[A[ATraining Step: 195  | total loss: [1m[32m0.10796[0m[0m | time: 8.913s
[2K
| Adam | epoch: 018 | loss: 0.10796 - acc: 0.9675 -- iter: 256/335
[A[ATraining Step: 196  | total loss: [1m[32m0.12581[0m[0m | time: 10.070s
[2K
| Adam | epoch: 018 | loss: 0.12581 - acc: 0.9676 -- iter: 288/335
[A[ATraining Step: 197  | total loss: [1m[32m0.13000[0m[0m | time: 11.117s
[2K
| Adam | epoch: 018 | loss: 0.13000 - acc: 0.9646 -- iter: 320/335
[A[ATraining Step: 198  | total loss: [1m[32m0.11886[0m[0m | time: 13.336s
[2K
| Adam | epoch: 018 | loss: 0.11886 - acc: 0.9682 | val_loss: 0.31846 - val_acc: 0.9048 -- iter: 335/335
--
Training Step: 199  | total loss: [1m[32m0.11294[0m[0m | time: 1.420s
[2K
| Adam | epoch: 019 | loss: 0.11294 - acc: 0.9682 -- iter: 032/335
[A[ATraining Step: 200  | total loss: [1m[32m0.10835[0m[0m | time: 3.671s
[2K
| Adam | epoch: 019 | loss: 0.10835 - acc: 0.9683 | val_loss: 0.36626 - val_acc: 0.8762 -- iter: 064/335
--
Training Step: 201  | total loss: [1m[32m0.09972[0m[0m | time: 4.873s
[2K
| Adam | epoch: 019 | loss: 0.09972 - acc: 0.9714 -- iter: 096/335
[A[ATraining Step: 202  | total loss: [1m[32m0.09151[0m[0m | time: 6.072s
[2K
| Adam | epoch: 019 | loss: 0.09151 - acc: 0.9743 -- iter: 128/335
[A[ATraining Step: 203  | total loss: [1m[32m0.08752[0m[0m | time: 6.735s
[2K
| Adam | epoch: 019 | loss: 0.08752 - acc: 0.9769 -- iter: 160/335
[A[ATraining Step: 204  | total loss: [1m[32m0.08192[0m[0m | time: 7.361s
[2K
| Adam | epoch: 019 | loss: 0.08192 - acc: 0.9792 -- iter: 192/335
[A[ATraining Step: 205  | total loss: [1m[32m0.07486[0m[0m | time: 8.561s
[2K
| Adam | epoch: 019 | loss: 0.07486 - acc: 0.9813 -- iter: 224/335
[A[ATraining Step: 206  | total loss: [1m[32m0.07086[0m[0m | time: 9.570s
[2K
| Adam | epoch: 019 | loss: 0.07086 - acc: 0.9800 -- iter: 256/335
[A[ATraining Step: 207  | total loss: [1m[32m0.07317[0m[0m | time: 10.503s
[2K
| Adam | epoch: 019 | loss: 0.07317 - acc: 0.9758 -- iter: 288/335
[A[ATraining Step: 208  | total loss: [1m[32m0.06708[0m[0m | time: 11.421s
[2K
| Adam | epoch: 019 | loss: 0.06708 - acc: 0.9782 -- iter: 320/335
[A[ATraining Step: 209  | total loss: [1m[32m0.06366[0m[0m | time: 13.460s
[2K
| Adam | epoch: 019 | loss: 0.06366 - acc: 0.9804 | val_loss: 0.40201 - val_acc: 0.8857 -- iter: 335/335
--
Training Step: 210  | total loss: [1m[32m0.05822[0m[0m | time: 0.972s
[2K
| Adam | epoch: 020 | loss: 0.05822 - acc: 0.9823 -- iter: 032/335
[A[ATraining Step: 211  | total loss: [1m[32m0.05337[0m[0m | time: 2.273s
[2K
| Adam | epoch: 020 | loss: 0.05337 - acc: 0.9841 -- iter: 064/335
[A[ATraining Step: 212  | total loss: [1m[32m0.04908[0m[0m | time: 3.621s
[2K
| Adam | epoch: 020 | loss: 0.04908 - acc: 0.9857 -- iter: 096/335
[A[ATraining Step: 213  | total loss: [1m[32m0.04502[0m[0m | time: 4.909s
[2K
| Adam | epoch: 020 | loss: 0.04502 - acc: 0.9871 -- iter: 128/335
[A[ATraining Step: 214  | total loss: [1m[32m0.04108[0m[0m | time: 6.187s
[2K
| Adam | epoch: 020 | loss: 0.04108 - acc: 0.9884 -- iter: 160/335
[A[ATraining Step: 215  | total loss: [1m[32m0.05111[0m[0m | time: 6.842s
[2K
| Adam | epoch: 020 | loss: 0.05111 - acc: 0.9833 -- iter: 192/335
[A[ATraining Step: 216  | total loss: [1m[32m0.04658[0m[0m | time: 7.483s
[2K
| Adam | epoch: 020 | loss: 0.04658 - acc: 0.9850 -- iter: 224/335
[A[ATraining Step: 217  | total loss: [1m[32m0.04252[0m[0m | time: 8.762s
[2K
| Adam | epoch: 020 | loss: 0.04252 - acc: 0.9865 -- iter: 256/335
[A[ATraining Step: 218  | total loss: [1m[32m0.03918[0m[0m | time: 9.897s
[2K
| Adam | epoch: 020 | loss: 0.03918 - acc: 0.9878 -- iter: 288/335
[A[ATraining Step: 219  | total loss: [1m[32m0.03714[0m[0m | time: 11.128s
[2K
| Adam | epoch: 020 | loss: 0.03714 - acc: 0.9891 -- iter: 320/335
[A[ATraining Step: 220  | total loss: [1m[32m0.03404[0m[0m | time: 13.249s
[2K
| Adam | epoch: 020 | loss: 0.03404 - acc: 0.9901 | val_loss: 0.37838 - val_acc: 0.8857 -- iter: 335/335
--
Training Step: 221  | total loss: [1m[32m0.03108[0m[0m | time: 1.082s
[2K
| Adam | epoch: 021 | loss: 0.03108 - acc: 0.9911 -- iter: 032/335
[A[ATraining Step: 222  | total loss: [1m[32m0.02849[0m[0m | time: 2.140s
[2K
| Adam | epoch: 021 | loss: 0.02849 - acc: 0.9920 -- iter: 064/335
[A[ATraining Step: 223  | total loss: [1m[32m0.02664[0m[0m | time: 3.001s
[2K
| Adam | epoch: 021 | loss: 0.02664 - acc: 0.9928 -- iter: 096/335
[A[ATraining Step: 224  | total loss: [1m[32m0.02491[0m[0m | time: 3.837s
[2K
| Adam | epoch: 021 | loss: 0.02491 - acc: 0.9935 -- iter: 128/335
[A[ATraining Step: 225  | total loss: [1m[32m0.02273[0m[0m | time: 4.779s
[2K
| Adam | epoch: 021 | loss: 0.02273 - acc: 0.9942 -- iter: 160/335
[A[ATraining Step: 226  | total loss: [1m[32m0.02082[0m[0m | time: 5.654s
[2K
| Adam | epoch: 021 | loss: 0.02082 - acc: 0.9948 -- iter: 192/335
[A[ATraining Step: 227  | total loss: [1m[32m0.01901[0m[0m | time: 6.096s
[2K
| Adam | epoch: 021 | loss: 0.01901 - acc: 0.9953 -- iter: 224/335
[A[ATraining Step: 228  | total loss: [1m[32m0.01792[0m[0m | time: 6.555s
[2K
| Adam | epoch: 021 | loss: 0.01792 - acc: 0.9958 -- iter: 256/335
[A[ATraining Step: 229  | total loss: [1m[32m0.01665[0m[0m | time: 7.543s
[2K
| Adam | epoch: 021 | loss: 0.01665 - acc: 0.9962 -- iter: 288/335
[A[ATraining Step: 230  | total loss: [1m[32m0.01534[0m[0m | time: 8.563s
[2K
| Adam | epoch: 021 | loss: 0.01534 - acc: 0.9966 -- iter: 320/335
[A[ATraining Step: 231  | total loss: [1m[32m0.01393[0m[0m | time: 10.480s
[2K
| Adam | epoch: 021 | loss: 0.01393 - acc: 0.9969 | val_loss: 0.39559 - val_acc: 0.8762 -- iter: 335/335
--
Training Step: 232  | total loss: [1m[32m0.15965[0m[0m | time: 1.018s
[2K
| Adam | epoch: 022 | loss: 0.15965 - acc: 0.9785 -- iter: 032/335
[A[ATraining Step: 233  | total loss: [1m[32m0.14414[0m[0m | time: 1.995s
[2K
| Adam | epoch: 022 | loss: 0.14414 - acc: 0.9806 -- iter: 064/335
[A[ATraining Step: 234  | total loss: [1m[32m0.13065[0m[0m | time: 2.984s
[2K
| Adam | epoch: 022 | loss: 0.13065 - acc: 0.9826 -- iter: 096/335
[A[ATraining Step: 235  | total loss: [1m[32m0.11816[0m[0m | time: 4.004s
[2K
| Adam | epoch: 022 | loss: 0.11816 - acc: 0.9843 -- iter: 128/335
[A[ATraining Step: 236  | total loss: [1m[32m0.10735[0m[0m | time: 5.002s
[2K
| Adam | epoch: 022 | loss: 0.10735 - acc: 0.9859 -- iter: 160/335
[A[ATraining Step: 237  | total loss: [1m[32m0.09761[0m[0m | time: 5.967s
[2K
| Adam | epoch: 022 | loss: 0.09761 - acc: 0.9873 -- iter: 192/335
[A[ATraining Step: 238  | total loss: [1m[32m0.08871[0m[0m | time: 6.945s
[2K
| Adam | epoch: 022 | loss: 0.08871 - acc: 0.9886 -- iter: 224/335
[A[ATraining Step: 239  | total loss: [1m[32m0.08116[0m[0m | time: 7.475s
[2K
| Adam | epoch: 022 | loss: 0.08116 - acc: 0.9897 -- iter: 256/335
[A[ATraining Step: 240  | total loss: [1m[32m0.07402[0m[0m | time: 7.967s
[2K
| Adam | epoch: 022 | loss: 0.07402 - acc: 0.9907 -- iter: 288/335
[A[ATraining Step: 241  | total loss: [1m[32m0.06758[0m[0m | time: 9.040s
[2K
| Adam | epoch: 022 | loss: 0.06758 - acc: 0.9917 -- iter: 320/335
[A[ATraining Step: 242  | total loss: [1m[32m0.06976[0m[0m | time: 11.074s
[2K
| Adam | epoch: 022 | loss: 0.06976 - acc: 0.9894 | val_loss: 0.31495 - val_acc: 0.8762 -- iter: 335/335
--
Training Step: 243  | total loss: [1m[32m0.06430[0m[0m | time: 0.989s
[2K
| Adam | epoch: 023 | loss: 0.06430 - acc: 0.9904 -- iter: 032/335
[A[ATraining Step: 244  | total loss: [1m[32m0.07912[0m[0m | time: 1.977s
[2K
| Adam | epoch: 023 | loss: 0.07912 - acc: 0.9883 -- iter: 064/335
[A[ATraining Step: 245  | total loss: [1m[32m0.07259[0m[0m | time: 3.009s
[2K
| Adam | epoch: 023 | loss: 0.07259 - acc: 0.9894 -- iter: 096/335
[A[ATraining Step: 246  | total loss: [1m[32m0.06857[0m[0m | time: 4.004s
[2K
| Adam | epoch: 023 | loss: 0.06857 - acc: 0.9905 -- iter: 128/335
[A[ATraining Step: 247  | total loss: [1m[32m0.06324[0m[0m | time: 4.977s
[2K
| Adam | epoch: 023 | loss: 0.06324 - acc: 0.9914 -- iter: 160/335
[A[ATraining Step: 248  | total loss: [1m[32m0.05802[0m[0m | time: 5.967s
[2K
| Adam | epoch: 023 | loss: 0.05802 - acc: 0.9923 -- iter: 192/335
[A[ATraining Step: 249  | total loss: [1m[32m0.05382[0m[0m | time: 7.116s
[2K
| Adam | epoch: 023 | loss: 0.05382 - acc: 0.9931 -- iter: 224/335
[A[ATraining Step: 250  | total loss: [1m[32m0.05034[0m[0m | time: 8.337s
[2K
| Adam | epoch: 023 | loss: 0.05034 - acc: 0.9938 -- iter: 256/335
[A[ATraining Step: 251  | total loss: [1m[32m0.04701[0m[0m | time: 8.973s
[2K
| Adam | epoch: 023 | loss: 0.04701 - acc: 0.9944 -- iter: 288/335
[A[ATraining Step: 252  | total loss: [1m[32m0.04312[0m[0m | time: 9.579s
[2K
| Adam | epoch: 023 | loss: 0.04312 - acc: 0.9949 -- iter: 320/335
[A[ATraining Step: 253  | total loss: [1m[32m0.03949[0m[0m | time: 11.830s
[2K
| Adam | epoch: 023 | loss: 0.03949 - acc: 0.9955 | val_loss: 0.32595 - val_acc: 0.8762 -- iter: 335/335
--
Training Step: 254  | total loss: [1m[32m0.03686[0m[0m | time: 1.375s
[2K
| Adam | epoch: 024 | loss: 0.03686 - acc: 0.9959 -- iter: 032/335
[A[ATraining Step: 255  | total loss: [1m[32m0.03479[0m[0m | time: 2.636s
[2K
| Adam | epoch: 024 | loss: 0.03479 - acc: 0.9963 -- iter: 064/335
[A[ATraining Step: 256  | total loss: [1m[32m0.03262[0m[0m | time: 3.823s
[2K
| Adam | epoch: 024 | loss: 0.03262 - acc: 0.9967 -- iter: 096/335
[A[ATraining Step: 257  | total loss: [1m[32m0.03016[0m[0m | time: 4.991s
[2K
| Adam | epoch: 024 | loss: 0.03016 - acc: 0.9970 -- iter: 128/335
[A[ATraining Step: 258  | total loss: [1m[32m0.02796[0m[0m | time: 6.265s
[2K
| Adam | epoch: 024 | loss: 0.02796 - acc: 0.9973 -- iter: 160/335
[A[ATraining Step: 259  | total loss: [1m[32m0.02585[0m[0m | time: 7.569s
[2K
| Adam | epoch: 024 | loss: 0.02585 - acc: 0.9976 -- iter: 192/335
[A[ATraining Step: 260  | total loss: [1m[32m0.02395[0m[0m | time: 8.913s
[2K
| Adam | epoch: 024 | loss: 0.02395 - acc: 0.9978 -- iter: 224/335
[A[ATraining Step: 261  | total loss: [1m[32m0.02215[0m[0m | time: 10.284s
[2K
| Adam | epoch: 024 | loss: 0.02215 - acc: 0.9980 -- iter: 256/335
[A[ATraining Step: 262  | total loss: [1m[32m0.02041[0m[0m | time: 11.824s
[2K
| Adam | epoch: 024 | loss: 0.02041 - acc: 0.9982 -- iter: 288/335
[A[ATraining Step: 263  | total loss: [1m[32m0.01888[0m[0m | time: 12.533s
[2K
| Adam | epoch: 024 | loss: 0.01888 - acc: 0.9984 -- iter: 320/335
[A[ATraining Step: 264  | total loss: [1m[32m0.01746[0m[0m | time: 14.192s
[2K
| Adam | epoch: 024 | loss: 0.01746 - acc: 0.9986 | val_loss: 0.43258 - val_acc: 0.8762 -- iter: 335/335
--
Training Step: 265  | total loss: [1m[32m0.01614[0m[0m | time: 1.110s
[2K
| Adam | epoch: 025 | loss: 0.01614 - acc: 0.9987 -- iter: 032/335
[A[ATraining Step: 266  | total loss: [1m[32m0.01472[0m[0m | time: 2.269s
[2K
| Adam | epoch: 025 | loss: 0.01472 - acc: 0.9988 -- iter: 064/335
[A[ATraining Step: 267  | total loss: [1m[32m0.01363[0m[0m | time: 3.105s
[2K
| Adam | epoch: 025 | loss: 0.01363 - acc: 0.9990 -- iter: 096/335
[A[ATraining Step: 268  | total loss: [1m[32m0.06072[0m[0m | time: 4.222s
[2K
| Adam | epoch: 025 | loss: 0.06072 - acc: 0.9928 -- iter: 128/335
[A[ATraining Step: 269  | total loss: [1m[32m0.05480[0m[0m | time: 5.368s
[2K
| Adam | epoch: 025 | loss: 0.05480 - acc: 0.9935 -- iter: 160/335
[A[ATraining Step: 270  | total loss: [1m[32m0.04951[0m[0m | time: 6.356s
[2K
| Adam | epoch: 025 | loss: 0.04951 - acc: 0.9942 -- iter: 192/335
[A[ATraining Step: 271  | total loss: [1m[32m0.04516[0m[0m | time: 7.210s
[2K
| Adam | epoch: 025 | loss: 0.04516 - acc: 0.9948 -- iter: 224/335
[A[ATraining Step: 272  | total loss: [1m[32m0.04119[0m[0m | time: 8.248s
[2K
| Adam | epoch: 025 | loss: 0.04119 - acc: 0.9953 -- iter: 256/335
[A[ATraining Step: 273  | total loss: [1m[32m0.03747[0m[0m | time: 9.243s
[2K
| Adam | epoch: 025 | loss: 0.03747 - acc: 0.9958 -- iter: 288/335
[A[ATraining Step: 274  | total loss: [1m[32m0.03393[0m[0m | time: 10.225s
[2K
| Adam | epoch: 025 | loss: 0.03393 - acc: 0.9962 -- iter: 320/335
[A[ATraining Step: 275  | total loss: [1m[32m0.03106[0m[0m | time: 11.818s
[2K
| Adam | epoch: 025 | loss: 0.03106 - acc: 0.9966 | val_loss: 0.43389 - val_acc: 0.8857 -- iter: 335/335
--
Training Step: 276  | total loss: [1m[32m0.02871[0m[0m | time: 0.530s
[2K
| Adam | epoch: 026 | loss: 0.02871 - acc: 0.9969 -- iter: 032/335
[A[ATraining Step: 277  | total loss: [1m[32m0.02650[0m[0m | time: 1.404s
[2K
| Adam | epoch: 026 | loss: 0.02650 - acc: 0.9972 -- iter: 064/335
[A[ATraining Step: 278  | total loss: [1m[32m0.02461[0m[0m | time: 2.388s
[2K
| Adam | epoch: 026 | loss: 0.02461 - acc: 0.9975 -- iter: 096/335
[A[ATraining Step: 279  | total loss: [1m[32m0.02271[0m[0m | time: 3.364s
[2K
| Adam | epoch: 026 | loss: 0.02271 - acc: 0.9977 -- iter: 128/335
[A[ATraining Step: 280  | total loss: [1m[32m0.05766[0m[0m | time: 4.336s
[2K
| Adam | epoch: 026 | loss: 0.05766 - acc: 0.9917 -- iter: 160/335
[A[ATraining Step: 281  | total loss: [1m[32m0.05228[0m[0m | time: 5.445s
[2K
| Adam | epoch: 026 | loss: 0.05228 - acc: 0.9925 -- iter: 192/335
[A[ATraining Step: 282  | total loss: [1m[32m0.04764[0m[0m | time: 6.547s
[2K
| Adam | epoch: 026 | loss: 0.04764 - acc: 0.9933 -- iter: 224/335
[A[ATraining Step: 283  | total loss: [1m[32m0.04333[0m[0m | time: 7.462s
[2K
| Adam | epoch: 026 | loss: 0.04333 - acc: 0.9940 -- iter: 256/335
[A[ATraining Step: 284  | total loss: [1m[32m0.04000[0m[0m | time: 8.564s
[2K
| Adam | epoch: 026 | loss: 0.04000 - acc: 0.9946 -- iter: 288/335
[A[ATraining Step: 285  | total loss: [1m[32m0.03668[0m[0m | time: 9.637s
[2K
| Adam | epoch: 026 | loss: 0.03668 - acc: 0.9951 -- iter: 320/335
[A[ATraining Step: 286  | total loss: [1m[32m0.03402[0m[0m | time: 11.587s
[2K
| Adam | epoch: 026 | loss: 0.03402 - acc: 0.9956 | val_loss: 0.38097 - val_acc: 0.8857 -- iter: 335/335
--
Training Step: 287  | total loss: [1m[32m0.03154[0m[0m | time: 0.732s
[2K
| Adam | epoch: 027 | loss: 0.03154 - acc: 0.9960 -- iter: 032/335
[A[ATraining Step: 288  | total loss: [1m[32m0.02891[0m[0m | time: 1.416s
[2K
| Adam | epoch: 027 | loss: 0.02891 - acc: 0.9964 -- iter: 064/335
[A[ATraining Step: 289  | total loss: [1m[32m0.02661[0m[0m | time: 2.620s
[2K
| Adam | epoch: 027 | loss: 0.02661 - acc: 0.9968 -- iter: 096/335
[A[ATraining Step: 290  | total loss: [1m[32m0.02556[0m[0m | time: 3.811s
[2K
| Adam | epoch: 027 | loss: 0.02556 - acc: 0.9971 -- iter: 128/335
[A[ATraining Step: 291  | total loss: [1m[32m0.02369[0m[0m | time: 5.094s
[2K
| Adam | epoch: 027 | loss: 0.02369 - acc: 0.9974 -- iter: 160/335
[A[ATraining Step: 292  | total loss: [1m[32m0.03094[0m[0m | time: 6.405s
[2K
| Adam | epoch: 027 | loss: 0.03094 - acc: 0.9945 -- iter: 192/335
[A[ATraining Step: 293  | total loss: [1m[32m0.02863[0m[0m | time: 7.673s
[2K
| Adam | epoch: 027 | loss: 0.02863 - acc: 0.9951 -- iter: 224/335
[A[ATraining Step: 294  | total loss: [1m[32m0.02649[0m[0m | time: 8.786s
[2K
| Adam | epoch: 027 | loss: 0.02649 - acc: 0.9956 -- iter: 256/335
[A[ATraining Step: 295  | total loss: [1m[32m0.02543[0m[0m | time: 9.960s
[2K
| Adam | epoch: 027 | loss: 0.02543 - acc: 0.9960 -- iter: 288/335
[A[ATraining Step: 296  | total loss: [1m[32m0.02562[0m[0m | time: 11.348s
[2K
| Adam | epoch: 027 | loss: 0.02562 - acc: 0.9964 -- iter: 320/335
[A[ATraining Step: 297  | total loss: [1m[32m0.02887[0m[0m | time: 13.651s
[2K
| Adam | epoch: 027 | loss: 0.02887 - acc: 0.9905 | val_loss: 0.61338 - val_acc: 0.8476 -- iter: 335/335
--
Training Step: 298  | total loss: [1m[32m0.02683[0m[0m | time: 1.306s
[2K
| Adam | epoch: 028 | loss: 0.02683 - acc: 0.9915 -- iter: 032/335
[A[ATraining Step: 299  | total loss: [1m[32m0.02645[0m[0m | time: 1.972s
[2K
| Adam | epoch: 028 | loss: 0.02645 - acc: 0.9923 -- iter: 064/335
[A[ATraining Step: 300  | total loss: [1m[32m0.04126[0m[0m | time: 2.608s
[2K
| Adam | epoch: 028 | loss: 0.04126 - acc: 0.9864 -- iter: 096/335
[A[ATraining Step: 301  | total loss: [1m[32m0.04175[0m[0m | time: 3.813s
[2K
| Adam | epoch: 028 | loss: 0.04175 - acc: 0.9878 -- iter: 128/335
[A[ATraining Step: 302  | total loss: [1m[32m0.03901[0m[0m | time: 4.976s
[2K
| Adam | epoch: 028 | loss: 0.03901 - acc: 0.9890 -- iter: 160/335
[A[ATraining Step: 303  | total loss: [1m[32m0.03570[0m[0m | time: 6.223s
[2K
| Adam | epoch: 028 | loss: 0.03570 - acc: 0.9901 -- iter: 192/335
[A[ATraining Step: 304  | total loss: [1m[32m0.06084[0m[0m | time: 7.415s
[2K
| Adam | epoch: 028 | loss: 0.06084 - acc: 0.9880 -- iter: 224/335
[A[ATraining Step: 305  | total loss: [1m[32m0.06037[0m[0m | time: 8.602s
[2K
| Adam | epoch: 028 | loss: 0.06037 - acc: 0.9860 -- iter: 256/335
[A[ATraining Step: 306  | total loss: [1m[32m0.05533[0m[0m | time: 9.882s
[2K
| Adam | epoch: 028 | loss: 0.05533 - acc: 0.9874 -- iter: 288/335
[A[ATraining Step: 307  | total loss: [1m[32m0.05044[0m[0m | time: 11.202s
[2K
| Adam | epoch: 028 | loss: 0.05044 - acc: 0.9887 -- iter: 320/335
[A[ATraining Step: 308  | total loss: [1m[32m0.04578[0m[0m | time: 13.657s
[2K
| Adam | epoch: 028 | loss: 0.04578 - acc: 0.9898 | val_loss: 0.51001 - val_acc: 0.8476 -- iter: 335/335
--
Training Step: 309  | total loss: [1m[32m0.04340[0m[0m | time: 1.296s
[2K
| Adam | epoch: 029 | loss: 0.04340 - acc: 0.9908 -- iter: 032/335
[A[ATraining Step: 310  | total loss: [1m[32m0.04625[0m[0m | time: 2.713s
[2K
| Adam | epoch: 029 | loss: 0.04625 - acc: 0.9855 -- iter: 064/335
[A[ATraining Step: 311  | total loss: [1m[32m0.04233[0m[0m | time: 3.329s
[2K
| Adam | epoch: 029 | loss: 0.04233 - acc: 0.9870 -- iter: 096/335
[A[ATraining Step: 312  | total loss: [1m[32m0.03860[0m[0m | time: 3.966s
[2K
| Adam | epoch: 029 | loss: 0.03860 - acc: 0.9883 -- iter: 128/335
[A[ATraining Step: 313  | total loss: [1m[32m0.03518[0m[0m | time: 5.204s
[2K
| Adam | epoch: 029 | loss: 0.03518 - acc: 0.9894 -- iter: 160/335
[A[ATraining Step: 314  | total loss: [1m[32m0.03230[0m[0m | time: 6.553s
[2K
| Adam | epoch: 029 | loss: 0.03230 - acc: 0.9905 -- iter: 192/335
[A[ATraining Step: 315  | total loss: [1m[32m0.02955[0m[0m | time: 7.939s
[2K
| Adam | epoch: 029 | loss: 0.02955 - acc: 0.9914 -- iter: 224/335
[A[ATraining Step: 316  | total loss: [1m[32m0.04334[0m[0m | time: 9.235s
[2K
| Adam | epoch: 029 | loss: 0.04334 - acc: 0.9892 -- iter: 256/335
[A[ATraining Step: 317  | total loss: [1m[32m0.03939[0m[0m | time: 10.291s
[2K
| Adam | epoch: 029 | loss: 0.03939 - acc: 0.9903 -- iter: 288/335
[A[ATraining Step: 318  | total loss: [1m[32m0.03591[0m[0m | time: 11.502s
[2K
| Adam | epoch: 029 | loss: 0.03591 - acc: 0.9912 -- iter: 320/335
[A[ATraining Step: 319  | total loss: [1m[32m0.03276[0m[0m | time: 13.803s
[2K
| Adam | epoch: 029 | loss: 0.03276 - acc: 0.9921 | val_loss: 0.39447 - val_acc: 0.8857 -- iter: 335/335
--
Training Step: 320  | total loss: [1m[32m0.03044[0m[0m | time: 1.374s
[2K
| Adam | epoch: 030 | loss: 0.03044 - acc: 0.9929 -- iter: 032/335
[A[ATraining Step: 321  | total loss: [1m[32m0.04088[0m[0m | time: 2.654s
[2K
| Adam | epoch: 030 | loss: 0.04088 - acc: 0.9905 -- iter: 064/335
[A[ATraining Step: 322  | total loss: [1m[32m0.03738[0m[0m | time: 3.930s
[2K
| Adam | epoch: 030 | loss: 0.03738 - acc: 0.9914 -- iter: 096/335
[A[ATraining Step: 323  | total loss: [1m[32m0.03417[0m[0m | time: 4.670s
[2K
| Adam | epoch: 030 | loss: 0.03417 - acc: 0.9923 -- iter: 128/335
[A[ATraining Step: 324  | total loss: [1m[32m0.03142[0m[0m | time: 5.323s
[2K
| Adam | epoch: 030 | loss: 0.03142 - acc: 0.9931 -- iter: 160/335
[A[ATraining Step: 325  | total loss: [1m[32m0.02900[0m[0m | time: 6.501s
[2K
| Adam | epoch: 030 | loss: 0.02900 - acc: 0.9938 -- iter: 192/335
[A[ATraining Step: 326  | total loss: [1m[32m0.02753[0m[0m | time: 7.753s
[2K
| Adam | epoch: 030 | loss: 0.02753 - acc: 0.9944 -- iter: 224/335
[A[ATraining Step: 327  | total loss: [1m[32m0.02534[0m[0m | time: 8.906s
[2K
| Adam | epoch: 030 | loss: 0.02534 - acc: 0.9949 -- iter: 256/335
[A[ATraining Step: 328  | total loss: [1m[32m0.02350[0m[0m | time: 10.101s
[2K
| Adam | epoch: 030 | loss: 0.02350 - acc: 0.9954 -- iter: 288/335
[A[ATraining Step: 329  | total loss: [1m[32m0.02186[0m[0m | time: 11.299s
[2K
| Adam | epoch: 030 | loss: 0.02186 - acc: 0.9959 -- iter: 320/335
[A[ATraining Step: 330  | total loss: [1m[32m0.02026[0m[0m | time: 13.484s
[2K
| Adam | epoch: 030 | loss: 0.02026 - acc: 0.9963 | val_loss: 0.38258 - val_acc: 0.8857 -- iter: 335/335
--
Validation AUC:0.9692592592592593
Validation AUPRC:0.9570561529382146
Test AUC:0.9857692307692307
Test AUPRC:0.9817744904372813
BestTestF1Score	0.92	0.88	0.94	1.0	0.85	34	0	65	6	0.98
BestTestMCCScore	0.92	0.88	0.94	1.0	0.85	34	0	65	6	0.98
BestTestAccuracyScore	0.92	0.88	0.94	1.0	0.85	34	0	65	6	0.98
BestValidationF1Score	0.91	0.84	0.92	0.93	0.89	40	3	57	5	0.98
BestValidationMCC	0.91	0.84	0.92	0.93	0.89	40	3	57	5	0.98
BestValidationAccuracy	0.91	0.84	0.92	0.93	0.89	40	3	57	5	0.98
TestPredictions (Threshold:0.98)
CHEMBL3309718,TN,INACT,0.0	CHEMBL60510,TP,ACT,1.0	CHEMBL41332,TP,ACT,0.9800000190734863	CHEMBL368629,TN,INACT,0.0	CHEMBL330674,TN,INACT,0.0	CHEMBL294023,TP,ACT,1.0	CHEMBL291839,TP,ACT,1.0	CHEMBL327116,FN,ACT,0.1599999964237213	CHEMBL323175,TN,INACT,0.009999999776482582	CHEMBL44463,TN,INACT,0.0	CHEMBL58956,TP,ACT,0.9900000095367432	CHEMBL294098,TP,ACT,1.0	CHEMBL2261347,FN,ACT,0.949999988079071	CHEMBL450729,TN,INACT,0.0	CHEMBL325897,FN,ACT,0.25999999046325684	CHEMBL288530,TP,ACT,1.0	CHEMBL317333,FN,ACT,0.9700000286102295	CHEMBL273410,TN,INACT,0.009999999776482582	CHEMBL3589940,TN,INACT,0.07999999821186066	CHEMBL2261607,TP,ACT,0.9900000095367432	CHEMBL110053,TN,INACT,0.0	CHEMBL1258987,TP,ACT,1.0	CHEMBL594801,TN,INACT,0.0	CHEMBL1180343,TN,INACT,0.009999999776482582	CHEMBL432451,TP,ACT,0.9800000190734863	CHEMBL57098,TP,ACT,1.0	CHEMBL3780633,TN,INACT,0.0	CHEMBL322547,TN,INACT,0.0	CHEMBL603858,TN,INACT,0.5299999713897705	CHEMBL3350265,TP,ACT,1.0	CHEMBL109206,TN,INACT,0.0	CHEMBL76360,TN,INACT,0.0	CHEMBL2042551,TN,INACT,0.05999999865889549	CHEMBL111537,TP,ACT,0.9900000095367432	CHEMBL432974,TN,INACT,0.0	CHEMBL413040,TN,INACT,0.0	CHEMBL432147,TP,ACT,1.0	CHEMBL283535,TN,INACT,0.0	CHEMBL461709,TN,INACT,0.009999999776482582	CHEMBL174448,TN,INACT,0.0	CHEMBL414165,TN,INACT,0.0	CHEMBL111496,TP,ACT,1.0	CHEMBL1259042,TP,ACT,1.0	CHEMBL112417,TN,INACT,0.0	CHEMBL290519,TP,ACT,0.9900000095367432	CHEMBL276819,TN,INACT,0.0	CHEMBL593861,TN,INACT,0.0	CHEMBL3780248,TN,INACT,0.0	CHEMBL299691,TP,ACT,1.0	CHEMBL42799,TN,INACT,0.0	CHEMBL112777,TN,INACT,0.0	CHEMBL320569,TN,INACT,0.0	CHEMBL3415014,TP,ACT,1.0	CHEMBL323004,FN,ACT,0.009999999776482582	CHEMBL1259173,TP,ACT,1.0	CHEMBL453,TN,INACT,0.0	CHEMBL293968,TP,ACT,1.0	CHEMBL3415013,TP,ACT,1.0	CHEMBL58384,TP,ACT,1.0	CHEMBL2312376,TN,INACT,0.019999999552965164	CHEMBL352779,TN,INACT,0.029999999329447746	CHEMBL404557,TN,INACT,0.009999999776482582	CHEMBL319036,TN,INACT,0.14000000059604645	CHEMBL109478,TN,INACT,0.0	CHEMBL1907665,TN,INACT,0.0	CHEMBL295651,TN,INACT,0.6499999761581421	CHEMBL536800,TN,INACT,0.0	CHEMBL296927,TN,INACT,0.0	CHEMBL110852,TP,ACT,0.9800000190734863	CHEMBL173708,TN,INACT,0.9599999785423279	CHEMBL1765668,TN,INACT,0.0	CHEMBL15689,TN,INACT,0.0	CHEMBL1258988,TP,ACT,1.0	CHEMBL45160,TN,INACT,0.0	CHEMBL147340,TN,INACT,0.0	CHEMBL147238,TN,INACT,0.0	CHEMBL109827,TP,ACT,1.0	CHEMBL45305,TN,INACT,0.8899999856948853	CHEMBL41396,TP,ACT,1.0	CHEMBL109778,TN,INACT,0.0	CHEMBL60721,TP,ACT,1.0	CHEMBL2261605,TP,ACT,1.0	CHEMBL3633650,TN,INACT,0.009999999776482582	CHEMBL55654,TP,ACT,1.0	CHEMBL227429,TN,INACT,0.009999999776482582	CHEMBL336033,TN,INACT,0.0	CHEMBL142295,TN,INACT,0.7099999785423279	CHEMBL111151,TP,ACT,1.0	CHEMBL15936,TN,INACT,0.009999999776482582	CHEMBL76168,TP,ACT,1.0	CHEMBL1215,FN,ACT,0.10999999940395355	CHEMBL164968,TN,INACT,0.0	CHEMBL55655,TP,ACT,1.0	CHEMBL424214,TN,INACT,0.009999999776482582	CHEMBL451335,TN,INACT,0.019999999552965164	CHEMBL302282,TN,INACT,0.019999999552965164	CHEMBL76949,TN,INACT,0.0	CHEMBL2042401,TN,INACT,0.009999999776482582	CHEMBL2370509,TN,INACT,0.009999999776482582	CHEMBL319910,TN,INACT,0.009999999776482582	CHEMBL39037,TP,ACT,1.0	CHEMBL79030,TN,INACT,0.009999999776482582	CHEMBL279520,TN,INACT,0.0	CHEMBL282426,TN,INACT,0.009999999776482582	CHEMBL26522,TN,INACT,0.0	

