ImageNetInceptionV2 CHEMBL1904 adam 0.0001 15 0 0 0.8 False True
Number of active compounds :	113
Number of inactive compounds :	113
---------------------------------
Run id: ImageNetInceptionV2_CHEMBL1904_adam_0.0001_15_0_0_0.8_False_True_id
Log directory: ../tflearnLogs/ImageNetInceptionV2_CHEMBL1904_adam_0.0001_15_0.8/
---------------------------------
Training samples: 144
Validation samples: 46
--
Training Step: 1  | time: 68.974s
[2K
| Adam | epoch: 001 | loss: 0.00000 - acc: 0.0000 -- iter: 032/144
[A[ATraining Step: 2  | total loss: [1m[32m0.64928[0m[0m | time: 89.540s
[2K
| Adam | epoch: 001 | loss: 0.64928 - acc: 0.4500 -- iter: 064/144
[A[ATraining Step: 3  | total loss: [1m[32m0.57791[0m[0m | time: 110.845s
[2K
| Adam | epoch: 001 | loss: 0.57791 - acc: 0.6443 -- iter: 096/144
[A[ATraining Step: 4  | total loss: [1m[32m0.58178[0m[0m | time: 131.862s
[2K
| Adam | epoch: 001 | loss: 0.58178 - acc: 0.6767 -- iter: 128/144
[A[ATraining Step: 5  | total loss: [1m[32m0.52390[0m[0m | time: 163.881s
[2K
| Adam | epoch: 001 | loss: 0.52390 - acc: 0.7707 | val_loss: 1.45123 - val_acc: 0.5435 -- iter: 144/144
--
Training Step: 6  | total loss: [1m[32m0.43224[0m[0m | time: 12.215s
[2K
| Adam | epoch: 002 | loss: 0.43224 - acc: 0.7976 -- iter: 032/144
[A[ATraining Step: 7  | total loss: [1m[32m0.31076[0m[0m | time: 54.533s
[2K
| Adam | epoch: 002 | loss: 0.31076 - acc: 0.8440 -- iter: 064/144
[A[ATraining Step: 8  | total loss: [1m[32m0.45836[0m[0m | time: 129.138s
[2K
| Adam | epoch: 002 | loss: 0.45836 - acc: 0.8087 -- iter: 096/144
[A[ATraining Step: 9  | total loss: [1m[32m0.40596[0m[0m | time: 149.195s
[2K
| Adam | epoch: 002 | loss: 0.40596 - acc: 0.8107 -- iter: 128/144
[A[ATraining Step: 10  | total loss: [1m[32m0.39064[0m[0m | time: 176.841s
[2K
| Adam | epoch: 002 | loss: 0.39064 - acc: 0.8272 | val_loss: 2.74021 - val_acc: 0.5435 -- iter: 144/144
--
Training Step: 11  | total loss: [1m[32m0.36632[0m[0m | time: 11.836s
[2K
| Adam | epoch: 003 | loss: 0.36632 - acc: 0.8351 -- iter: 032/144
[A[ATraining Step: 12  | total loss: [1m[32m0.35870[0m[0m | time: 23.505s
[2K
| Adam | epoch: 003 | loss: 0.35870 - acc: 0.8530 -- iter: 064/144
[A[ATraining Step: 13  | total loss: [1m[32m0.30005[0m[0m | time: 43.739s
[2K
| Adam | epoch: 003 | loss: 0.30005 - acc: 0.9160 -- iter: 096/144
[A[ATraining Step: 14  | total loss: [1m[32m0.25446[0m[0m | time: 64.759s
[2K
| Adam | epoch: 003 | loss: 0.25446 - acc: 0.9376 -- iter: 128/144
[A[ATraining Step: 15  | total loss: [1m[32m0.23102[0m[0m | time: 91.720s
[2K
| Adam | epoch: 003 | loss: 0.23102 - acc: 0.9498 | val_loss: 3.00918 - val_acc: 0.5435 -- iter: 144/144
--
Training Step: 16  | total loss: [1m[32m0.18235[0m[0m | time: 20.538s
[2K
| Adam | epoch: 004 | loss: 0.18235 - acc: 0.9686 -- iter: 032/144
[A[ATraining Step: 17  | total loss: [1m[32m0.62267[0m[0m | time: 30.529s
[2K
| Adam | epoch: 004 | loss: 0.62267 - acc: 0.8112 -- iter: 064/144
[A[ATraining Step: 18  | total loss: [1m[32m0.44223[0m[0m | time: 39.321s
[2K
| Adam | epoch: 004 | loss: 0.44223 - acc: 0.8765 -- iter: 096/144
[A[ATraining Step: 19  | total loss: [1m[32m0.32216[0m[0m | time: 56.022s
[2K
| Adam | epoch: 004 | loss: 0.32216 - acc: 0.9177 -- iter: 128/144
[A[ATraining Step: 20  | total loss: [1m[32m0.25501[0m[0m | time: 82.236s
[2K
| Adam | epoch: 004 | loss: 0.25501 - acc: 0.9441 | val_loss: 3.16063 - val_acc: 0.5435 -- iter: 144/144
--
Training Step: 21  | total loss: [1m[32m0.20349[0m[0m | time: 23.381s
[2K
| Adam | epoch: 005 | loss: 0.20349 - acc: 0.9615 -- iter: 032/144
[A[ATraining Step: 22  | total loss: [1m[32m0.23719[0m[0m | time: 43.053s
[2K
| Adam | epoch: 005 | loss: 0.23719 - acc: 0.9449 -- iter: 064/144
[A[ATraining Step: 23  | total loss: [1m[32m0.19441[0m[0m | time: 55.319s
[2K
| Adam | epoch: 005 | loss: 0.19441 - acc: 0.9609 -- iter: 096/144
[A[ATraining Step: 24  | total loss: [1m[32m0.16438[0m[0m | time: 66.830s
[2K
| Adam | epoch: 005 | loss: 0.16438 - acc: 0.9719 -- iter: 128/144
[A[ATraining Step: 25  | total loss: [1m[32m0.13356[0m[0m | time: 91.658s
[2K
| Adam | epoch: 005 | loss: 0.13356 - acc: 0.9796 | val_loss: 3.03391 - val_acc: 0.5435 -- iter: 144/144
--
Training Step: 26  | total loss: [1m[32m0.11356[0m[0m | time: 19.596s
[2K
| Adam | epoch: 006 | loss: 0.11356 - acc: 0.9850 -- iter: 032/144
[A[ATraining Step: 27  | total loss: [1m[32m0.10133[0m[0m | time: 39.740s
[2K
| Adam | epoch: 006 | loss: 0.10133 - acc: 0.9808 -- iter: 064/144
[A[ATraining Step: 28  | total loss: [1m[32m0.10550[0m[0m | time: 58.333s
[2K
| Adam | epoch: 006 | loss: 0.10550 - acc: 0.9700 -- iter: 096/144
[A[ATraining Step: 29  | total loss: [1m[32m0.08508[0m[0m | time: 69.289s
[2K
| Adam | epoch: 006 | loss: 0.08508 - acc: 0.9773 -- iter: 128/144
[A[ATraining Step: 30  | total loss: [1m[32m0.07915[0m[0m | time: 85.830s
[2K
| Adam | epoch: 006 | loss: 0.07915 - acc: 0.9827 | val_loss: 2.70663 - val_acc: 0.5435 -- iter: 144/144
--
Training Step: 31  | total loss: [1m[32m0.06772[0m[0m | time: 20.007s
[2K
| Adam | epoch: 007 | loss: 0.06772 - acc: 0.9867 -- iter: 032/144
[A[ATraining Step: 32  | total loss: [1m[32m0.07038[0m[0m | time: 39.456s
[2K
| Adam | epoch: 007 | loss: 0.07038 - acc: 0.9826 -- iter: 064/144
[A[ATraining Step: 33  | total loss: [1m[32m0.05707[0m[0m | time: 59.561s
[2K
| Adam | epoch: 007 | loss: 0.05707 - acc: 0.9864 -- iter: 096/144
[A[ATraining Step: 34  | total loss: [1m[32m0.17580[0m[0m | time: 79.485s
[2K
| Adam | epoch: 007 | loss: 0.17580 - acc: 0.9559 -- iter: 128/144
[A[ATraining Step: 35  | total loss: [1m[32m0.14259[0m[0m | time: 96.988s
[2K
| Adam | epoch: 007 | loss: 0.14259 - acc: 0.9651 | val_loss: 1.93779 - val_acc: 0.5435 -- iter: 144/144
--
Training Step: 36  | total loss: [1m[32m0.11563[0m[0m | time: 11.918s
[2K
| Adam | epoch: 008 | loss: 0.11563 - acc: 0.9722 -- iter: 032/144
[A[ATraining Step: 37  | total loss: [1m[32m0.09478[0m[0m | time: 31.419s
[2K
| Adam | epoch: 008 | loss: 0.09478 - acc: 0.9778 -- iter: 064/144
[A[ATraining Step: 38  | total loss: [1m[32m0.09052[0m[0m | time: 51.289s
[2K
| Adam | epoch: 008 | loss: 0.09052 - acc: 0.9760 -- iter: 096/144
[A[ATraining Step: 39  | total loss: [1m[32m0.08054[0m[0m | time: 70.493s
[2K
| Adam | epoch: 008 | loss: 0.08054 - acc: 0.9806 -- iter: 128/144
[A[ATraining Step: 40  | total loss: [1m[32m0.14590[0m[0m | time: 96.175s
[2K
| Adam | epoch: 008 | loss: 0.14590 - acc: 0.9667 | val_loss: 1.42115 - val_acc: 0.5435 -- iter: 144/144
--
Training Step: 41  | total loss: [1m[32m0.12125[0m[0m | time: 11.500s
[2K
| Adam | epoch: 009 | loss: 0.12125 - acc: 0.9728 -- iter: 032/144
[A[ATraining Step: 42  | total loss: [1m[32m0.10123[0m[0m | time: 22.767s
[2K
| Adam | epoch: 009 | loss: 0.10123 - acc: 0.9777 -- iter: 064/144
[A[ATraining Step: 43  | total loss: [1m[32m0.08466[0m[0m | time: 42.627s
[2K
| Adam | epoch: 009 | loss: 0.08466 - acc: 0.9816 -- iter: 096/144
[A[ATraining Step: 44  | total loss: [1m[32m0.09232[0m[0m | time: 62.128s
[2K
| Adam | epoch: 009 | loss: 0.09232 - acc: 0.9794 -- iter: 128/144
[A[ATraining Step: 45  | total loss: [1m[32m0.07981[0m[0m | time: 88.840s
[2K
| Adam | epoch: 009 | loss: 0.07981 - acc: 0.9829 | val_loss: 1.09393 - val_acc: 0.5870 -- iter: 144/144
--
Training Step: 46  | total loss: [1m[32m0.09011[0m[0m | time: 19.723s
[2K
| Adam | epoch: 010 | loss: 0.09011 - acc: 0.9805 -- iter: 032/144
[A[ATraining Step: 47  | total loss: [1m[32m0.08953[0m[0m | time: 30.538s
[2K
| Adam | epoch: 010 | loss: 0.08953 - acc: 0.9786 -- iter: 064/144
[A[ATraining Step: 48  | total loss: [1m[32m0.07611[0m[0m | time: 41.691s
[2K
| Adam | epoch: 010 | loss: 0.07611 - acc: 0.9820 -- iter: 096/144
[A[ATraining Step: 49  | total loss: [1m[32m0.06506[0m[0m | time: 62.371s
[2K
| Adam | epoch: 010 | loss: 0.06506 - acc: 0.9849 -- iter: 128/144
[A[ATraining Step: 50  | total loss: [1m[32m0.05677[0m[0m | time: 88.309s
[2K
| Adam | epoch: 010 | loss: 0.05677 - acc: 0.9872 | val_loss: 0.80191 - val_acc: 0.7174 -- iter: 144/144
--
Training Step: 51  | total loss: [1m[32m0.05278[0m[0m | time: 20.083s
[2K
| Adam | epoch: 011 | loss: 0.05278 - acc: 0.9892 -- iter: 032/144
[A[ATraining Step: 52  | total loss: [1m[32m0.52770[0m[0m | time: 40.283s
[2K
| Adam | epoch: 011 | loss: 0.52770 - acc: 0.8970 -- iter: 064/144
[A[ATraining Step: 53  | total loss: [1m[32m0.45191[0m[0m | time: 51.269s
[2K
| Adam | epoch: 011 | loss: 0.45191 - acc: 0.9122 -- iter: 096/144
[A[ATraining Step: 54  | total loss: [1m[32m0.38959[0m[0m | time: 63.052s
[2K
| Adam | epoch: 011 | loss: 0.38959 - acc: 0.9250 -- iter: 128/144
[A[ATraining Step: 55  | total loss: [1m[32m0.33863[0m[0m | time: 88.807s
[2K
| Adam | epoch: 011 | loss: 0.33863 - acc: 0.9357 | val_loss: 0.61903 - val_acc: 0.7391 -- iter: 144/144
--
Training Step: 56  | total loss: [1m[32m0.29449[0m[0m | time: 18.775s
[2K
| Adam | epoch: 012 | loss: 0.29449 - acc: 0.9447 -- iter: 032/144
[A[ATraining Step: 57  | total loss: [1m[32m0.27567[0m[0m | time: 38.691s
[2K
| Adam | epoch: 012 | loss: 0.27567 - acc: 0.9481 -- iter: 064/144
[A[ATraining Step: 58  | total loss: [1m[32m0.25402[0m[0m | time: 58.151s
[2K
| Adam | epoch: 012 | loss: 0.25402 - acc: 0.9509 -- iter: 096/144
[A[ATraining Step: 59  | total loss: [1m[32m0.22483[0m[0m | time: 69.566s
[2K
| Adam | epoch: 012 | loss: 0.22483 - acc: 0.9575 -- iter: 128/144
[A[ATraining Step: 60  | total loss: [1m[32m0.20171[0m[0m | time: 87.168s
[2K
| Adam | epoch: 012 | loss: 0.20171 - acc: 0.9631 | val_loss: 0.35187 - val_acc: 0.8696 -- iter: 144/144
--
Training Step: 61  | total loss: [1m[32m0.18013[0m[0m | time: 20.156s
[2K
| Adam | epoch: 013 | loss: 0.18013 - acc: 0.9679 -- iter: 032/144
[A[ATraining Step: 62  | total loss: [1m[32m0.16511[0m[0m | time: 39.980s
[2K
| Adam | epoch: 013 | loss: 0.16511 - acc: 0.9680 -- iter: 064/144
[A[ATraining Step: 63  | total loss: [1m[32m0.14916[0m[0m | time: 58.993s
[2K
| Adam | epoch: 013 | loss: 0.14916 - acc: 0.9721 -- iter: 096/144
[A[ATraining Step: 64  | total loss: [1m[32m0.13418[0m[0m | time: 79.032s
[2K
| Adam | epoch: 013 | loss: 0.13418 - acc: 0.9756 -- iter: 128/144
[A[ATraining Step: 65  | total loss: [1m[32m0.11915[0m[0m | time: 95.345s
[2K
| Adam | epoch: 013 | loss: 0.11915 - acc: 0.9786 | val_loss: 0.44336 - val_acc: 0.8261 -- iter: 144/144
--
Training Step: 66  | total loss: [1m[32m0.10646[0m[0m | time: 11.613s
[2K
| Adam | epoch: 014 | loss: 0.10646 - acc: 0.9812 -- iter: 032/144
[A[ATraining Step: 67  | total loss: [1m[32m0.09499[0m[0m | time: 31.367s
[2K
| Adam | epoch: 014 | loss: 0.09499 - acc: 0.9834 -- iter: 064/144
[A[ATraining Step: 68  | total loss: [1m[32m0.08518[0m[0m | time: 51.791s
[2K
| Adam | epoch: 014 | loss: 0.08518 - acc: 0.9854 -- iter: 096/144
[A[ATraining Step: 69  | total loss: [1m[32m0.07636[0m[0m | time: 71.991s
[2K
| Adam | epoch: 014 | loss: 0.07636 - acc: 0.9871 -- iter: 128/144
[A[ATraining Step: 70  | total loss: [1m[32m0.06854[0m[0m | time: 96.851s
[2K
| Adam | epoch: 014 | loss: 0.06854 - acc: 0.9886 | val_loss: 0.50709 - val_acc: 0.8043 -- iter: 144/144
--
Training Step: 71  | total loss: [1m[32m0.06166[0m[0m | time: 11.303s
[2K
| Adam | epoch: 015 | loss: 0.06166 - acc: 0.9899 -- iter: 032/144
[A[ATraining Step: 72  | total loss: [1m[32m0.05559[0m[0m | time: 22.829s
[2K
| Adam | epoch: 015 | loss: 0.05559 - acc: 0.9910 -- iter: 064/144
[A[ATraining Step: 73  | total loss: [1m[32m0.05019[0m[0m | time: 43.840s
[2K
| Adam | epoch: 015 | loss: 0.05019 - acc: 0.9920 -- iter: 096/144
[A[ATraining Step: 74  | total loss: [1m[32m0.04536[0m[0m | time: 60.801s
[2K
| Adam | epoch: 015 | loss: 0.04536 - acc: 0.9929 -- iter: 128/144
[A[ATraining Step: 75  | total loss: [1m[32m0.04194[0m[0m | time: 79.796s
[2K
| Adam | epoch: 015 | loss: 0.04194 - acc: 0.9937 | val_loss: 0.44815 - val_acc: 0.8696 -- iter: 144/144
--
/homes/tdogan/miniconda2/envs/my-rdkit-env/lib/python3.6/site-packages/sklearn/metrics/classification.py:1135: UndefinedMetricWarning: Precision is ill-defined and being set to 0.0 due to no predicted samples.
  'precision', 'predicted', average, warn_for)
/homes/tdogan/miniconda2/envs/my-rdkit-env/lib/python3.6/site-packages/sklearn/metrics/classification.py:1135: UndefinedMetricWarning: F-score is ill-defined and being set to 0.0 due to no predicted samples.
  'precision', 'predicted', average, warn_for)
/homes/tdogan/miniconda2/envs/my-rdkit-env/lib/python3.6/site-packages/sklearn/metrics/classification.py:538: RuntimeWarning: invalid value encountered in double_scalars
  mcc = cov_ytyp / np.sqrt(cov_ytyt * cov_ypyp)
Validation AUC:0.8876190476190476
Validation AUPRC:0.8589320312746564
Test AUC:0.9365079365079365
Test AUPRC:0.875278996602526
BestTestF1Score	0.86	0.77	0.87	0.75	1.0	18	6	22	0	0.1
BestTestMCCScore	0.86	0.77	0.87	0.75	1.0	18	6	22	0	0.1
BestTestAccuracyScore	0.86	0.77	0.87	0.75	1.0	18	6	22	0	0.1
BestValidationF1Score	0.91	0.79	0.89	0.86	0.96	24	4	17	1	0.1
BestValidationMCC	0.91	0.79	0.89	0.86	0.96	24	4	17	1	0.1
BestValidationAccuracy	0.91	0.79	0.89	0.86	0.96	24	4	17	1	0.1
TestPredictions (Threshold:0.1)
CHEMBL30853,TN,INACT,0.009999999776482582	CHEMBL2425979,TN,INACT,0.0	CHEMBL2426104,TN,INACT,0.0	CHEMBL2426092,TN,INACT,0.0	CHEMBL2010888,TP,ACT,0.9599999785423279	CHEMBL158737,TP,ACT,0.8999999761581421	CHEMBL2426095,TN,INACT,0.0	CHEMBL2426097,TN,INACT,0.0	CHEMBL3357792,TP,ACT,0.6299999952316284	CHEMBL2426085,TN,INACT,0.0	CHEMBL218068,TP,ACT,0.9800000190734863	CHEMBL2426065,TN,INACT,0.0	CHEMBL3357786,TP,ACT,0.6499999761581421	CHEMBL348360,TP,ACT,0.7799999713897705	CHEMBL253349,TN,INACT,0.019999999552965164	CHEMBL377136,FP,INACT,0.25999999046325684	CHEMBL220660,TP,ACT,0.9800000190734863	CHEMBL506027,TN,INACT,0.0	CHEMBL310435,TN,INACT,0.03999999910593033	CHEMBL2010887,TP,ACT,0.2800000011920929	CHEMBL159498,TP,ACT,0.5899999737739563	CHEMBL2178783,FP,INACT,0.5600000023841858	CHEMBL2425972,TN,INACT,0.0	CHEMBL209410,FP,INACT,0.4699999988079071	CHEMBL210512,FP,INACT,0.15000000596046448	CHEMBL3357790,TP,ACT,0.6499999761581421	CHEMBL2426094,TN,INACT,0.0	CHEMBL3357791,TP,ACT,0.6899999976158142	CHEMBL2425973,TN,INACT,0.0	CHEMBL267929,TN,INACT,0.019999999552965164	CHEMBL444384,TP,ACT,0.14000000059604645	CHEMBL400105,TN,INACT,0.0	CHEMBL3357783,TP,ACT,0.9800000190734863	CHEMBL538307,TN,INACT,0.029999999329447746	CHEMBL2013200,TP,ACT,0.949999988079071	CHEMBL399071,TN,INACT,0.0	CHEMBL2426078,TN,INACT,0.0	CHEMBL93873,FP,INACT,0.9700000286102295	CHEMBL218075,TP,ACT,0.9800000190734863	CHEMBL218460,TP,ACT,0.9800000190734863	CHEMBL2426076,TN,INACT,0.0	CHEMBL52372,FP,INACT,0.9700000286102295	CHEMBL328935,TN,INACT,0.0	CHEMBL2426099,TN,INACT,0.0	CHEMBL2010885,TP,ACT,0.7599999904632568	CHEMBL247717,TP,ACT,0.9200000166893005	

