CNNModel CHEMBL285 adam 0.0005 30 128 0 0.8 False True
Number of active compounds :	439
Number of inactive compounds :	293
---------------------------------
Run id: CNNModel_CHEMBL285_adam_0.0005_30_128_0_0.8_False_True_id
Log directory: ../tflearnLogs/CNNModel_CHEMBL285_adam_0.0005_30_128_0.8_True/
---------------------------------
Training samples: 403
Validation samples: 127
--
Training Step: 1  | time: 0.841s
[2K
| Adam | epoch: 001 | loss: 0.00000 - acc: 0.0000 -- iter: 032/403
[A[ATraining Step: 2  | total loss: [1m[32m0.62366[0m[0m | time: 1.522s
[2K
| Adam | epoch: 001 | loss: 0.62366 - acc: 0.4500 -- iter: 064/403
[A[ATraining Step: 3  | total loss: [1m[32m0.67830[0m[0m | time: 2.192s
[2K
| Adam | epoch: 001 | loss: 0.67830 - acc: 0.5676 -- iter: 096/403
[A[ATraining Step: 4  | total loss: [1m[32m0.69565[0m[0m | time: 2.845s
[2K
| Adam | epoch: 001 | loss: 0.69565 - acc: 0.4700 -- iter: 128/403
[A[ATraining Step: 5  | total loss: [1m[32m0.69259[0m[0m | time: 3.530s
[2K
| Adam | epoch: 001 | loss: 0.69259 - acc: 0.5124 -- iter: 160/403
[A[ATraining Step: 6  | total loss: [1m[32m0.69813[0m[0m | time: 4.214s
[2K
| Adam | epoch: 001 | loss: 0.69813 - acc: 0.4241 -- iter: 192/403
[A[ATraining Step: 7  | total loss: [1m[32m0.69792[0m[0m | time: 4.861s
[2K
| Adam | epoch: 001 | loss: 0.69792 - acc: 0.3759 -- iter: 224/403
[A[ATraining Step: 8  | total loss: [1m[32m0.69588[0m[0m | time: 5.512s
[2K
| Adam | epoch: 001 | loss: 0.69588 - acc: 0.3578 -- iter: 256/403
[A[ATraining Step: 9  | total loss: [1m[32m0.69467[0m[0m | time: 6.184s
[2K
| Adam | epoch: 001 | loss: 0.69467 - acc: 0.4165 -- iter: 288/403
[A[ATraining Step: 10  | total loss: [1m[32m0.69275[0m[0m | time: 6.835s
[2K
| Adam | epoch: 001 | loss: 0.69275 - acc: 0.5833 -- iter: 320/403
[A[ATraining Step: 11  | total loss: [1m[32m0.69316[0m[0m | time: 7.516s
[2K
| Adam | epoch: 001 | loss: 0.69316 - acc: 0.5290 -- iter: 352/403
[A[ATraining Step: 12  | total loss: [1m[32m0.69313[0m[0m | time: 8.182s
[2K
| Adam | epoch: 001 | loss: 0.69313 - acc: 0.5160 -- iter: 384/403
[A[ATraining Step: 13  | total loss: [1m[32m0.69411[0m[0m | time: 9.616s
[2K
| Adam | epoch: 001 | loss: 0.69411 - acc: 0.4556 | val_loss: 0.69168 - val_acc: 0.5748 -- iter: 403/403
--
Training Step: 14  | total loss: [1m[32m0.69277[0m[0m | time: 0.413s
[2K
| Adam | epoch: 002 | loss: 0.69277 - acc: 0.5276 -- iter: 032/403
[A[ATraining Step: 15  | total loss: [1m[32m0.69196[0m[0m | time: 1.091s
[2K
| Adam | epoch: 002 | loss: 0.69196 - acc: 0.5683 -- iter: 064/403
[A[ATraining Step: 16  | total loss: [1m[32m0.69131[0m[0m | time: 1.744s
[2K
| Adam | epoch: 002 | loss: 0.69131 - acc: 0.5895 -- iter: 096/403
[A[ATraining Step: 17  | total loss: [1m[32m0.69024[0m[0m | time: 2.398s
[2K
| Adam | epoch: 002 | loss: 0.69024 - acc: 0.6136 -- iter: 128/403
[A[ATraining Step: 18  | total loss: [1m[32m0.69038[0m[0m | time: 3.069s
[2K
| Adam | epoch: 002 | loss: 0.69038 - acc: 0.5959 -- iter: 160/403
[A[ATraining Step: 19  | total loss: [1m[32m0.69321[0m[0m | time: 3.723s
[2K
| Adam | epoch: 002 | loss: 0.69321 - acc: 0.5327 -- iter: 192/403
[A[ATraining Step: 20  | total loss: [1m[32m0.69279[0m[0m | time: 4.387s
[2K
| Adam | epoch: 002 | loss: 0.69279 - acc: 0.5322 -- iter: 224/403
[A[ATraining Step: 21  | total loss: [1m[32m0.69301[0m[0m | time: 5.067s
[2K
| Adam | epoch: 002 | loss: 0.69301 - acc: 0.5222 -- iter: 256/403
[A[ATraining Step: 22  | total loss: [1m[32m0.69385[0m[0m | time: 5.747s
[2K
| Adam | epoch: 002 | loss: 0.69385 - acc: 0.5062 -- iter: 288/403
[A[ATraining Step: 23  | total loss: [1m[32m0.69440[0m[0m | time: 6.388s
[2K
| Adam | epoch: 002 | loss: 0.69440 - acc: 0.4953 -- iter: 320/403
[A[ATraining Step: 24  | total loss: [1m[32m0.69198[0m[0m | time: 7.050s
[2K
| Adam | epoch: 002 | loss: 0.69198 - acc: 0.5318 -- iter: 352/403
[A[ATraining Step: 25  | total loss: [1m[32m0.69126[0m[0m | time: 7.728s
[2K
| Adam | epoch: 002 | loss: 0.69126 - acc: 0.5402 -- iter: 384/403
[A[ATraining Step: 26  | total loss: [1m[32m0.69011[0m[0m | time: 9.386s
[2K
| Adam | epoch: 002 | loss: 0.69011 - acc: 0.5543 | val_loss: 0.68745 - val_acc: 0.5748 -- iter: 403/403
--
Training Step: 27  | total loss: [1m[32m0.69166[0m[0m | time: 0.413s
[2K
| Adam | epoch: 003 | loss: 0.69166 - acc: 0.5323 -- iter: 032/403
[A[ATraining Step: 28  | total loss: [1m[32m0.68931[0m[0m | time: 0.822s
[2K
| Adam | epoch: 003 | loss: 0.68931 - acc: 0.5571 -- iter: 064/403
[A[ATraining Step: 29  | total loss: [1m[32m0.68719[0m[0m | time: 1.475s
[2K
| Adam | epoch: 003 | loss: 0.68719 - acc: 0.5753 -- iter: 096/403
[A[ATraining Step: 30  | total loss: [1m[32m0.68997[0m[0m | time: 2.147s
[2K
| Adam | epoch: 003 | loss: 0.68997 - acc: 0.5500 -- iter: 128/403
[A[ATraining Step: 31  | total loss: [1m[32m0.69237[0m[0m | time: 2.789s
[2K
| Adam | epoch: 003 | loss: 0.69237 - acc: 0.5313 -- iter: 160/403
[A[ATraining Step: 32  | total loss: [1m[32m0.69413[0m[0m | time: 3.424s
[2K
| Adam | epoch: 003 | loss: 0.69413 - acc: 0.5172 -- iter: 192/403
[A[ATraining Step: 33  | total loss: [1m[32m0.69537[0m[0m | time: 4.102s
[2K
| Adam | epoch: 003 | loss: 0.69537 - acc: 0.5066 -- iter: 224/403
[A[ATraining Step: 34  | total loss: [1m[32m0.69353[0m[0m | time: 4.768s
[2K
| Adam | epoch: 003 | loss: 0.69353 - acc: 0.5186 -- iter: 256/403
[A[ATraining Step: 35  | total loss: [1m[32m0.69292[0m[0m | time: 5.433s
[2K
| Adam | epoch: 003 | loss: 0.69292 - acc: 0.5212 -- iter: 288/403
[A[ATraining Step: 36  | total loss: [1m[32m0.69320[0m[0m | time: 6.089s
[2K
| Adam | epoch: 003 | loss: 0.69320 - acc: 0.5169 -- iter: 320/403
[A[ATraining Step: 37  | total loss: [1m[32m0.69149[0m[0m | time: 6.764s
[2K
| Adam | epoch: 003 | loss: 0.69149 - acc: 0.5322 -- iter: 352/403
[A[ATraining Step: 38  | total loss: [1m[32m0.69312[0m[0m | time: 7.401s
[2K
| Adam | epoch: 003 | loss: 0.69312 - acc: 0.5137 -- iter: 384/403
[A[ATraining Step: 39  | total loss: [1m[32m0.69104[0m[0m | time: 9.058s
[2K
| Adam | epoch: 003 | loss: 0.69104 - acc: 0.5350 | val_loss: 0.68707 - val_acc: 0.5748 -- iter: 403/403
--
Training Step: 40  | total loss: [1m[32m0.69285[0m[0m | time: 0.658s
[2K
| Adam | epoch: 004 | loss: 0.69285 - acc: 0.5167 -- iter: 032/403
[A[ATraining Step: 41  | total loss: [1m[32m0.69367[0m[0m | time: 1.063s
[2K
| Adam | epoch: 004 | loss: 0.69367 - acc: 0.5079 -- iter: 064/403
[A[ATraining Step: 42  | total loss: [1m[32m0.69244[0m[0m | time: 1.459s
[2K
| Adam | epoch: 004 | loss: 0.69244 - acc: 0.5207 -- iter: 096/403
[A[ATraining Step: 43  | total loss: [1m[32m0.69148[0m[0m | time: 2.139s
[2K
| Adam | epoch: 004 | loss: 0.69148 - acc: 0.5310 -- iter: 128/403
[A[ATraining Step: 44  | total loss: [1m[32m0.69140[0m[0m | time: 2.783s
[2K
| Adam | epoch: 004 | loss: 0.69140 - acc: 0.5310 -- iter: 160/403
[A[ATraining Step: 45  | total loss: [1m[32m0.69144[0m[0m | time: 3.441s
[2K
| Adam | epoch: 004 | loss: 0.69144 - acc: 0.5311 -- iter: 192/403
[A[ATraining Step: 46  | total loss: [1m[32m0.69091[0m[0m | time: 4.087s
[2K
| Adam | epoch: 004 | loss: 0.69091 - acc: 0.5363 -- iter: 224/403
[A[ATraining Step: 47  | total loss: [1m[32m0.69047[0m[0m | time: 4.740s
[2K
| Adam | epoch: 004 | loss: 0.69047 - acc: 0.5406 -- iter: 256/403
[A[ATraining Step: 48  | total loss: [1m[32m0.69011[0m[0m | time: 5.389s
[2K
| Adam | epoch: 004 | loss: 0.69011 - acc: 0.5441 -- iter: 288/403
[A[ATraining Step: 49  | total loss: [1m[32m0.68924[0m[0m | time: 6.050s
[2K
| Adam | epoch: 004 | loss: 0.68924 - acc: 0.5520 -- iter: 320/403
[A[ATraining Step: 50  | total loss: [1m[32m0.68947[0m[0m | time: 6.737s
[2K
| Adam | epoch: 004 | loss: 0.68947 - acc: 0.5487 -- iter: 352/403
[A[ATraining Step: 51  | total loss: [1m[32m0.69024[0m[0m | time: 7.424s
[2K
| Adam | epoch: 004 | loss: 0.69024 - acc: 0.5413 -- iter: 384/403
[A[ATraining Step: 52  | total loss: [1m[32m0.69097[0m[0m | time: 9.076s
[2K
| Adam | epoch: 004 | loss: 0.69097 - acc: 0.5351 | val_loss: 0.68523 - val_acc: 0.5748 -- iter: 403/403
--
Training Step: 53  | total loss: [1m[32m0.69348[0m[0m | time: 0.691s
[2K
| Adam | epoch: 005 | loss: 0.69348 - acc: 0.5161 -- iter: 032/403
[A[ATraining Step: 54  | total loss: [1m[32m0.69245[0m[0m | time: 1.336s
[2K
| Adam | epoch: 005 | loss: 0.69245 - acc: 0.5228 -- iter: 064/403
[A[ATraining Step: 55  | total loss: [1m[32m0.68990[0m[0m | time: 1.734s
[2K
| Adam | epoch: 005 | loss: 0.68990 - acc: 0.5419 -- iter: 096/403
[A[ATraining Step: 56  | total loss: [1m[32m0.68918[0m[0m | time: 2.149s
[2K
| Adam | epoch: 005 | loss: 0.68918 - acc: 0.5471 -- iter: 128/403
[A[ATraining Step: 57  | total loss: [1m[32m0.68846[0m[0m | time: 2.831s
[2K
| Adam | epoch: 005 | loss: 0.68846 - acc: 0.5515 -- iter: 160/403
[A[ATraining Step: 58  | total loss: [1m[32m0.68818[0m[0m | time: 3.493s
[2K
| Adam | epoch: 005 | loss: 0.68818 - acc: 0.5530 -- iter: 192/403
[A[ATraining Step: 59  | total loss: [1m[32m0.69086[0m[0m | time: 4.148s
[2K
| Adam | epoch: 005 | loss: 0.69086 - acc: 0.5375 -- iter: 224/403
[A[ATraining Step: 60  | total loss: [1m[32m0.69656[0m[0m | time: 4.815s
[2K
| Adam | epoch: 005 | loss: 0.69656 - acc: 0.5036 -- iter: 256/403
[A[ATraining Step: 61  | total loss: [1m[32m0.69401[0m[0m | time: 5.466s
[2K
| Adam | epoch: 005 | loss: 0.69401 - acc: 0.5194 -- iter: 288/403
[A[ATraining Step: 62  | total loss: [1m[32m0.69406[0m[0m | time: 6.111s
[2K
| Adam | epoch: 005 | loss: 0.69406 - acc: 0.5169 -- iter: 320/403
[A[ATraining Step: 63  | total loss: [1m[32m0.69466[0m[0m | time: 6.775s
[2K
| Adam | epoch: 005 | loss: 0.69466 - acc: 0.5108 -- iter: 352/403
[A[ATraining Step: 64  | total loss: [1m[32m0.69112[0m[0m | time: 7.422s
[2K
| Adam | epoch: 005 | loss: 0.69112 - acc: 0.5407 -- iter: 384/403
[A[ATraining Step: 65  | total loss: [1m[32m0.69022[0m[0m | time: 9.062s
[2K
| Adam | epoch: 005 | loss: 0.69022 - acc: 0.5473 | val_loss: 0.68540 - val_acc: 0.5748 -- iter: 403/403
--
Training Step: 66  | total loss: [1m[32m0.68861[0m[0m | time: 0.673s
[2K
| Adam | epoch: 006 | loss: 0.68861 - acc: 0.5605 -- iter: 032/403
[A[ATraining Step: 67  | total loss: [1m[32m0.69057[0m[0m | time: 1.338s
[2K
| Adam | epoch: 006 | loss: 0.69057 - acc: 0.5420 -- iter: 064/403
[A[ATraining Step: 68  | total loss: [1m[32m0.69018[0m[0m | time: 2.013s
[2K
| Adam | epoch: 006 | loss: 0.69018 - acc: 0.5444 -- iter: 096/403
[A[ATraining Step: 69  | total loss: [1m[32m0.68845[0m[0m | time: 2.422s
[2K
| Adam | epoch: 006 | loss: 0.68845 - acc: 0.5575 -- iter: 128/403
[A[ATraining Step: 70  | total loss: [1m[32m0.69108[0m[0m | time: 2.840s
[2K
| Adam | epoch: 006 | loss: 0.69108 - acc: 0.5357 -- iter: 160/403
[A[ATraining Step: 71  | total loss: [1m[32m0.69330[0m[0m | time: 3.512s
[2K
| Adam | epoch: 006 | loss: 0.69330 - acc: 0.5166 -- iter: 192/403
[A[ATraining Step: 72  | total loss: [1m[32m0.69374[0m[0m | time: 4.172s
[2K
| Adam | epoch: 006 | loss: 0.69374 - acc: 0.5112 -- iter: 224/403
[A[ATraining Step: 73  | total loss: [1m[32m0.69337[0m[0m | time: 4.845s
[2K
| Adam | epoch: 006 | loss: 0.69337 - acc: 0.5135 -- iter: 256/403
[A[ATraining Step: 74  | total loss: [1m[32m0.69157[0m[0m | time: 5.530s
[2K
| Adam | epoch: 006 | loss: 0.69157 - acc: 0.5291 -- iter: 288/403
[A[ATraining Step: 75  | total loss: [1m[32m0.68965[0m[0m | time: 6.194s
[2K
| Adam | epoch: 006 | loss: 0.68965 - acc: 0.5463 -- iter: 320/403
[A[ATraining Step: 76  | total loss: [1m[32m0.68886[0m[0m | time: 6.853s
[2K
| Adam | epoch: 006 | loss: 0.68886 - acc: 0.5514 -- iter: 352/403
[A[ATraining Step: 77  | total loss: [1m[32m0.69014[0m[0m | time: 7.494s
[2K
| Adam | epoch: 006 | loss: 0.69014 - acc: 0.5393 -- iter: 384/403
[A[ATraining Step: 78  | total loss: [1m[32m0.69202[0m[0m | time: 9.164s
[2K
| Adam | epoch: 006 | loss: 0.69202 - acc: 0.5221 | val_loss: 0.68448 - val_acc: 0.5748 -- iter: 403/403
--
Training Step: 79  | total loss: [1m[32m0.69287[0m[0m | time: 0.659s
[2K
| Adam | epoch: 007 | loss: 0.69287 - acc: 0.5134 -- iter: 032/403
[A[ATraining Step: 80  | total loss: [1m[32m0.69017[0m[0m | time: 1.327s
[2K
| Adam | epoch: 007 | loss: 0.69017 - acc: 0.5344 -- iter: 064/403
[A[ATraining Step: 81  | total loss: [1m[32m0.69194[0m[0m | time: 1.987s
[2K
| Adam | epoch: 007 | loss: 0.69194 - acc: 0.5183 -- iter: 096/403
[A[ATraining Step: 82  | total loss: [1m[32m0.69239[0m[0m | time: 2.637s
[2K
| Adam | epoch: 007 | loss: 0.69239 - acc: 0.5133 -- iter: 128/403
[A[ATraining Step: 83  | total loss: [1m[32m0.69053[0m[0m | time: 3.034s
[2K
| Adam | epoch: 007 | loss: 0.69053 - acc: 0.5276 -- iter: 160/403
[A[ATraining Step: 84  | total loss: [1m[32m0.69093[0m[0m | time: 3.435s
[2K
| Adam | epoch: 007 | loss: 0.69093 - acc: 0.5222 -- iter: 192/403
[A[ATraining Step: 85  | total loss: [1m[32m0.69118[0m[0m | time: 4.077s
[2K
| Adam | epoch: 007 | loss: 0.69118 - acc: 0.5174 -- iter: 224/403
[A[ATraining Step: 86  | total loss: [1m[32m0.69130[0m[0m | time: 4.754s
[2K
| Adam | epoch: 007 | loss: 0.69130 - acc: 0.5156 -- iter: 256/403
[A[ATraining Step: 87  | total loss: [1m[32m0.69210[0m[0m | time: 5.445s
[2K
| Adam | epoch: 007 | loss: 0.69210 - acc: 0.5078 -- iter: 288/403
[A[ATraining Step: 88  | total loss: [1m[32m0.69056[0m[0m | time: 6.106s
[2K
| Adam | epoch: 007 | loss: 0.69056 - acc: 0.5195 -- iter: 320/403
[A[ATraining Step: 89  | total loss: [1m[32m0.68982[0m[0m | time: 6.778s
[2K
| Adam | epoch: 007 | loss: 0.68982 - acc: 0.5238 -- iter: 352/403
[A[ATraining Step: 90  | total loss: [1m[32m0.68988[0m[0m | time: 7.415s
[2K
| Adam | epoch: 007 | loss: 0.68988 - acc: 0.5214 -- iter: 384/403
[A[ATraining Step: 91  | total loss: [1m[32m0.68974[0m[0m | time: 9.078s
[2K
| Adam | epoch: 007 | loss: 0.68974 - acc: 0.5193 | val_loss: 0.67746 - val_acc: 0.5748 -- iter: 403/403
--
Training Step: 92  | total loss: [1m[32m0.68996[0m[0m | time: 0.662s
[2K
| Adam | epoch: 008 | loss: 0.68996 - acc: 0.5142 -- iter: 032/403
[A[ATraining Step: 93  | total loss: [1m[32m0.68818[0m[0m | time: 1.325s
[2K
| Adam | epoch: 008 | loss: 0.68818 - acc: 0.5222 -- iter: 064/403
[A[ATraining Step: 94  | total loss: [1m[32m0.68783[0m[0m | time: 1.984s
[2K
| Adam | epoch: 008 | loss: 0.68783 - acc: 0.5231 -- iter: 096/403
[A[ATraining Step: 95  | total loss: [1m[32m0.68675[0m[0m | time: 2.626s
[2K
| Adam | epoch: 008 | loss: 0.68675 - acc: 0.5239 -- iter: 128/403
[A[ATraining Step: 96  | total loss: [1m[32m0.68704[0m[0m | time: 3.283s
[2K
| Adam | epoch: 008 | loss: 0.68704 - acc: 0.5184 -- iter: 160/403
[A[ATraining Step: 97  | total loss: [1m[32m0.68446[0m[0m | time: 3.682s
[2K
| Adam | epoch: 008 | loss: 0.68446 - acc: 0.5259 -- iter: 192/403
[A[ATraining Step: 98  | total loss: [1m[32m0.68046[0m[0m | time: 4.085s
[2K
| Adam | epoch: 008 | loss: 0.68046 - acc: 0.5365 -- iter: 224/403
[A[ATraining Step: 99  | total loss: [1m[32m0.67543[0m[0m | time: 4.767s
[2K
| Adam | epoch: 008 | loss: 0.67543 - acc: 0.5460 -- iter: 256/403
[A[ATraining Step: 100  | total loss: [1m[32m0.67340[0m[0m | time: 5.457s
[2K
| Adam | epoch: 008 | loss: 0.67340 - acc: 0.5477 -- iter: 288/403
[A[ATraining Step: 101  | total loss: [1m[32m0.67538[0m[0m | time: 6.103s
[2K
| Adam | epoch: 008 | loss: 0.67538 - acc: 0.5460 -- iter: 320/403
[A[ATraining Step: 102  | total loss: [1m[32m0.68043[0m[0m | time: 6.771s
[2K
| Adam | epoch: 008 | loss: 0.68043 - acc: 0.5352 -- iter: 352/403
[A[ATraining Step: 103  | total loss: [1m[32m0.67824[0m[0m | time: 7.425s
[2K
| Adam | epoch: 008 | loss: 0.67824 - acc: 0.5348 -- iter: 384/403
[A[ATraining Step: 104  | total loss: [1m[32m0.67503[0m[0m | time: 9.073s
[2K
| Adam | epoch: 008 | loss: 0.67503 - acc: 0.5375 | val_loss: 0.65240 - val_acc: 0.5748 -- iter: 403/403
--
Training Step: 105  | total loss: [1m[32m0.67417[0m[0m | time: 0.651s
[2K
| Adam | epoch: 009 | loss: 0.67417 - acc: 0.5338 -- iter: 032/403
[A[ATraining Step: 106  | total loss: [1m[32m0.67191[0m[0m | time: 1.309s
[2K
| Adam | epoch: 009 | loss: 0.67191 - acc: 0.5335 -- iter: 064/403
[A[ATraining Step: 107  | total loss: [1m[32m0.66754[0m[0m | time: 1.974s
[2K
| Adam | epoch: 009 | loss: 0.66754 - acc: 0.5333 -- iter: 096/403
[A[ATraining Step: 108  | total loss: [1m[32m0.65871[0m[0m | time: 2.629s
[2K
| Adam | epoch: 009 | loss: 0.65871 - acc: 0.5394 -- iter: 128/403
[A[ATraining Step: 109  | total loss: [1m[32m0.64664[0m[0m | time: 3.288s
[2K
| Adam | epoch: 009 | loss: 0.64664 - acc: 0.5573 -- iter: 160/403
[A[ATraining Step: 110  | total loss: [1m[32m0.65435[0m[0m | time: 3.957s
[2K
| Adam | epoch: 009 | loss: 0.65435 - acc: 0.5516 -- iter: 192/403
[A[ATraining Step: 111  | total loss: [1m[32m0.64726[0m[0m | time: 4.362s
[2K
| Adam | epoch: 009 | loss: 0.64726 - acc: 0.5589 -- iter: 224/403
[A[ATraining Step: 112  | total loss: [1m[32m0.67050[0m[0m | time: 4.770s
[2K
| Adam | epoch: 009 | loss: 0.67050 - acc: 0.5293 -- iter: 256/403
[A[ATraining Step: 113  | total loss: [1m[32m0.67994[0m[0m | time: 5.418s
[2K
| Adam | epoch: 009 | loss: 0.67994 - acc: 0.5080 -- iter: 288/403
[A[ATraining Step: 114  | total loss: [1m[32m0.68032[0m[0m | time: 6.088s
[2K
| Adam | epoch: 009 | loss: 0.68032 - acc: 0.5322 -- iter: 320/403
[A[ATraining Step: 115  | total loss: [1m[32m0.68016[0m[0m | time: 6.743s
[2K
| Adam | epoch: 009 | loss: 0.68016 - acc: 0.5352 -- iter: 352/403
[A[ATraining Step: 116  | total loss: [1m[32m0.68100[0m[0m | time: 7.419s
[2K
| Adam | epoch: 009 | loss: 0.68100 - acc: 0.5379 -- iter: 384/403
[A[ATraining Step: 117  | total loss: [1m[32m0.68271[0m[0m | time: 9.072s
[2K
| Adam | epoch: 009 | loss: 0.68271 - acc: 0.5279 | val_loss: 0.70116 - val_acc: 0.4252 -- iter: 403/403
--
Training Step: 118  | total loss: [1m[32m0.68494[0m[0m | time: 0.662s
[2K
| Adam | epoch: 010 | loss: 0.68494 - acc: 0.5126 -- iter: 032/403
[A[ATraining Step: 119  | total loss: [1m[32m0.68556[0m[0m | time: 1.349s
[2K
| Adam | epoch: 010 | loss: 0.68556 - acc: 0.5145 -- iter: 064/403
[A[ATraining Step: 120  | total loss: [1m[32m0.68721[0m[0m | time: 2.048s
[2K
| Adam | epoch: 010 | loss: 0.68721 - acc: 0.5036 -- iter: 096/403
[A[ATraining Step: 121  | total loss: [1m[32m0.68805[0m[0m | time: 2.692s
[2K
| Adam | epoch: 010 | loss: 0.68805 - acc: 0.5002 -- iter: 128/403
[A[ATraining Step: 122  | total loss: [1m[32m0.68725[0m[0m | time: 3.338s
[2K
| Adam | epoch: 010 | loss: 0.68725 - acc: 0.5158 -- iter: 160/403
[A[ATraining Step: 123  | total loss: [1m[32m0.68803[0m[0m | time: 4.022s
[2K
| Adam | epoch: 010 | loss: 0.68803 - acc: 0.5111 -- iter: 192/403
[A[ATraining Step: 124  | total loss: [1m[32m0.68768[0m[0m | time: 4.675s
[2K
| Adam | epoch: 010 | loss: 0.68768 - acc: 0.5193 -- iter: 224/403
[A[ATraining Step: 125  | total loss: [1m[32m0.68764[0m[0m | time: 5.075s
[2K
| Adam | epoch: 010 | loss: 0.68764 - acc: 0.5237 -- iter: 256/403
[A[ATraining Step: 126  | total loss: [1m[32m0.69114[0m[0m | time: 5.512s
[2K
| Adam | epoch: 010 | loss: 0.69114 - acc: 0.4923 -- iter: 288/403
[A[ATraining Step: 127  | total loss: [1m[32m0.69384[0m[0m | time: 6.180s
[2K
| Adam | epoch: 010 | loss: 0.69384 - acc: 0.4642 -- iter: 320/403
[A[ATraining Step: 128  | total loss: [1m[32m0.69407[0m[0m | time: 6.832s
[2K
| Adam | epoch: 010 | loss: 0.69407 - acc: 0.4615 -- iter: 352/403
[A[ATraining Step: 129  | total loss: [1m[32m0.69472[0m[0m | time: 7.529s
[2K
| Adam | epoch: 010 | loss: 0.69472 - acc: 0.4435 -- iter: 384/403
[A[ATraining Step: 130  | total loss: [1m[32m0.69459[0m[0m | time: 9.183s
[2K
| Adam | epoch: 010 | loss: 0.69459 - acc: 0.4397 | val_loss: 0.69150 - val_acc: 0.5748 -- iter: 403/403
--
Training Step: 131  | total loss: [1m[32m0.69436[0m[0m | time: 0.655s
[2K
| Adam | epoch: 011 | loss: 0.69436 - acc: 0.4801 -- iter: 032/403
[A[ATraining Step: 132  | total loss: [1m[32m0.69414[0m[0m | time: 1.332s
[2K
| Adam | epoch: 011 | loss: 0.69414 - acc: 0.4853 -- iter: 064/403
[A[ATraining Step: 133  | total loss: [1m[32m0.69397[0m[0m | time: 1.985s
[2K
| Adam | epoch: 011 | loss: 0.69397 - acc: 0.4836 -- iter: 096/403
[A[ATraining Step: 134  | total loss: [1m[32m0.69367[0m[0m | time: 2.642s
[2K
| Adam | epoch: 011 | loss: 0.69367 - acc: 0.4852 -- iter: 128/403
[A[ATraining Step: 135  | total loss: [1m[32m0.69284[0m[0m | time: 3.290s
[2K
| Adam | epoch: 011 | loss: 0.69284 - acc: 0.4992 -- iter: 160/403
[A[ATraining Step: 136  | total loss: [1m[32m0.69256[0m[0m | time: 3.962s
[2K
| Adam | epoch: 011 | loss: 0.69256 - acc: 0.4993 -- iter: 192/403
[A[ATraining Step: 137  | total loss: [1m[32m0.69216[0m[0m | time: 4.618s
[2K
| Adam | epoch: 011 | loss: 0.69216 - acc: 0.5025 -- iter: 224/403
[A[ATraining Step: 138  | total loss: [1m[32m0.69079[0m[0m | time: 5.286s
[2K
| Adam | epoch: 011 | loss: 0.69079 - acc: 0.5116 -- iter: 256/403
[A[ATraining Step: 139  | total loss: [1m[32m0.68994[0m[0m | time: 5.692s
[2K
| Adam | epoch: 011 | loss: 0.68994 - acc: 0.5167 -- iter: 288/403
[A[ATraining Step: 140  | total loss: [1m[32m0.69161[0m[0m | time: 6.112s
[2K
| Adam | epoch: 011 | loss: 0.69161 - acc: 0.5071 -- iter: 320/403
[A[ATraining Step: 141  | total loss: [1m[32m0.69276[0m[0m | time: 6.781s
[2K
| Adam | epoch: 011 | loss: 0.69276 - acc: 0.4985 -- iter: 352/403
[A[ATraining Step: 142  | total loss: [1m[32m0.69172[0m[0m | time: 7.448s
[2K
| Adam | epoch: 011 | loss: 0.69172 - acc: 0.5018 -- iter: 384/403
[A[ATraining Step: 143  | total loss: [1m[32m0.69049[0m[0m | time: 9.190s
[2K
| Adam | epoch: 011 | loss: 0.69049 - acc: 0.5110 | val_loss: 0.68107 - val_acc: 0.5748 -- iter: 403/403
--
Training Step: 144  | total loss: [1m[32m0.69131[0m[0m | time: 0.660s
[2K
| Adam | epoch: 012 | loss: 0.69131 - acc: 0.4943 -- iter: 032/403
[A[ATraining Step: 145  | total loss: [1m[32m0.69126[0m[0m | time: 1.301s
[2K
| Adam | epoch: 012 | loss: 0.69126 - acc: 0.4855 -- iter: 064/403
[A[ATraining Step: 146  | total loss: [1m[32m0.68895[0m[0m | time: 1.969s
[2K
| Adam | epoch: 012 | loss: 0.68895 - acc: 0.5150 -- iter: 096/403
[A[ATraining Step: 147  | total loss: [1m[32m0.68737[0m[0m | time: 2.622s
[2K
| Adam | epoch: 012 | loss: 0.68737 - acc: 0.5198 -- iter: 128/403
[A[ATraining Step: 148  | total loss: [1m[32m0.68748[0m[0m | time: 3.287s
[2K
| Adam | epoch: 012 | loss: 0.68748 - acc: 0.5209 -- iter: 160/403
[A[ATraining Step: 149  | total loss: [1m[32m0.68716[0m[0m | time: 3.940s
[2K
| Adam | epoch: 012 | loss: 0.68716 - acc: 0.5188 -- iter: 192/403
[A[ATraining Step: 150  | total loss: [1m[32m0.68634[0m[0m | time: 4.619s
[2K
| Adam | epoch: 012 | loss: 0.68634 - acc: 0.5170 -- iter: 224/403
[A[ATraining Step: 151  | total loss: [1m[32m0.68852[0m[0m | time: 5.298s
[2K
| Adam | epoch: 012 | loss: 0.68852 - acc: 0.5028 -- iter: 256/403
[A[ATraining Step: 152  | total loss: [1m[32m0.68590[0m[0m | time: 5.957s
[2K
| Adam | epoch: 012 | loss: 0.68590 - acc: 0.5119 -- iter: 288/403
[A[ATraining Step: 153  | total loss: [1m[32m0.68307[0m[0m | time: 6.371s
[2K
| Adam | epoch: 012 | loss: 0.68307 - acc: 0.5138 -- iter: 320/403
[A[ATraining Step: 154  | total loss: [1m[32m0.68122[0m[0m | time: 6.769s
[2K
| Adam | epoch: 012 | loss: 0.68122 - acc: 0.5151 -- iter: 352/403
[A[ATraining Step: 155  | total loss: [1m[32m0.67923[0m[0m | time: 7.453s
[2K
| Adam | epoch: 012 | loss: 0.67923 - acc: 0.5162 -- iter: 384/403
[A[ATraining Step: 156  | total loss: [1m[32m0.67807[0m[0m | time: 9.121s
[2K
| Adam | epoch: 012 | loss: 0.67807 - acc: 0.5083 | val_loss: 0.64360 - val_acc: 0.5748 -- iter: 403/403
--
Training Step: 157  | total loss: [1m[32m0.67767[0m[0m | time: 0.670s
[2K
| Adam | epoch: 013 | loss: 0.67767 - acc: 0.5106 -- iter: 032/403
[A[ATraining Step: 158  | total loss: [1m[32m0.67356[0m[0m | time: 1.307s
[2K
| Adam | epoch: 013 | loss: 0.67356 - acc: 0.5158 -- iter: 064/403
[A[ATraining Step: 159  | total loss: [1m[32m0.66555[0m[0m | time: 1.951s
[2K
| Adam | epoch: 013 | loss: 0.66555 - acc: 0.5267 -- iter: 096/403
[A[ATraining Step: 160  | total loss: [1m[32m0.66359[0m[0m | time: 2.608s
[2K
| Adam | epoch: 013 | loss: 0.66359 - acc: 0.5272 -- iter: 128/403
[A[ATraining Step: 161  | total loss: [1m[32m0.66033[0m[0m | time: 3.275s
[2K
| Adam | epoch: 013 | loss: 0.66033 - acc: 0.5307 -- iter: 160/403
[A[ATraining Step: 162  | total loss: [1m[32m0.65064[0m[0m | time: 3.935s
[2K
| Adam | epoch: 013 | loss: 0.65064 - acc: 0.5433 -- iter: 192/403
[A[ATraining Step: 163  | total loss: [1m[32m0.64613[0m[0m | time: 4.582s
[2K
| Adam | epoch: 013 | loss: 0.64613 - acc: 0.5577 -- iter: 224/403
[A[ATraining Step: 164  | total loss: [1m[32m0.64670[0m[0m | time: 5.228s
[2K
| Adam | epoch: 013 | loss: 0.64670 - acc: 0.5582 -- iter: 256/403
[A[ATraining Step: 165  | total loss: [1m[32m0.64258[0m[0m | time: 5.861s
[2K
| Adam | epoch: 013 | loss: 0.64258 - acc: 0.5680 -- iter: 288/403
[A[ATraining Step: 166  | total loss: [1m[32m0.64209[0m[0m | time: 6.511s
[2K
| Adam | epoch: 013 | loss: 0.64209 - acc: 0.5830 -- iter: 320/403
[A[ATraining Step: 167  | total loss: [1m[32m0.64649[0m[0m | time: 6.948s
[2K
| Adam | epoch: 013 | loss: 0.64649 - acc: 0.5872 -- iter: 352/403
[A[ATraining Step: 168  | total loss: [1m[32m0.63967[0m[0m | time: 7.355s
[2K
| Adam | epoch: 013 | loss: 0.63967 - acc: 0.6127 -- iter: 384/403
[A[ATraining Step: 169  | total loss: [1m[32m0.62971[0m[0m | time: 9.017s
[2K
| Adam | epoch: 013 | loss: 0.62971 - acc: 0.6357 | val_loss: 0.61552 - val_acc: 0.6614 -- iter: 403/403
--
Training Step: 170  | total loss: [1m[32m0.61648[0m[0m | time: 0.693s
[2K
| Adam | epoch: 014 | loss: 0.61648 - acc: 0.6502 -- iter: 032/403
[A[ATraining Step: 171  | total loss: [1m[32m0.60568[0m[0m | time: 1.338s
[2K
| Adam | epoch: 014 | loss: 0.60568 - acc: 0.6571 -- iter: 064/403
[A[ATraining Step: 172  | total loss: [1m[32m0.59655[0m[0m | time: 2.002s
[2K
| Adam | epoch: 014 | loss: 0.59655 - acc: 0.6664 -- iter: 096/403
[A[ATraining Step: 173  | total loss: [1m[32m0.59239[0m[0m | time: 2.663s
[2K
| Adam | epoch: 014 | loss: 0.59239 - acc: 0.6685 -- iter: 128/403
[A[ATraining Step: 174  | total loss: [1m[32m0.58661[0m[0m | time: 3.319s
[2K
| Adam | epoch: 014 | loss: 0.58661 - acc: 0.6766 -- iter: 160/403
[A[ATraining Step: 175  | total loss: [1m[32m0.58187[0m[0m | time: 3.966s
[2K
| Adam | epoch: 014 | loss: 0.58187 - acc: 0.6683 -- iter: 192/403
[A[ATraining Step: 176  | total loss: [1m[32m0.57214[0m[0m | time: 4.626s
[2K
| Adam | epoch: 014 | loss: 0.57214 - acc: 0.6796 -- iter: 224/403
[A[ATraining Step: 177  | total loss: [1m[32m0.57218[0m[0m | time: 5.284s
[2K
| Adam | epoch: 014 | loss: 0.57218 - acc: 0.6835 -- iter: 256/403
[A[ATraining Step: 178  | total loss: [1m[32m0.57829[0m[0m | time: 5.945s
[2K
| Adam | epoch: 014 | loss: 0.57829 - acc: 0.6808 -- iter: 288/403
[A[ATraining Step: 179  | total loss: [1m[32m0.58348[0m[0m | time: 6.597s
[2K
| Adam | epoch: 014 | loss: 0.58348 - acc: 0.6877 -- iter: 320/403
[A[ATraining Step: 180  | total loss: [1m[32m0.58336[0m[0m | time: 7.253s
[2K
| Adam | epoch: 014 | loss: 0.58336 - acc: 0.6908 -- iter: 352/403
[A[ATraining Step: 181  | total loss: [1m[32m0.58599[0m[0m | time: 7.659s
[2K
| Adam | epoch: 014 | loss: 0.58599 - acc: 0.6874 -- iter: 384/403
[A[ATraining Step: 182  | total loss: [1m[32m0.58138[0m[0m | time: 9.082s
[2K
| Adam | epoch: 014 | loss: 0.58138 - acc: 0.6923 | val_loss: 0.64575 - val_acc: 0.5669 -- iter: 403/403
--
Training Step: 183  | total loss: [1m[32m0.57656[0m[0m | time: 0.660s
[2K
| Adam | epoch: 015 | loss: 0.57656 - acc: 0.6968 -- iter: 032/403
[A[ATraining Step: 184  | total loss: [1m[32m0.58564[0m[0m | time: 1.327s
[2K
| Adam | epoch: 015 | loss: 0.58564 - acc: 0.6865 -- iter: 064/403
[A[ATraining Step: 185  | total loss: [1m[32m0.59165[0m[0m | time: 2.007s
[2K
| Adam | epoch: 015 | loss: 0.59165 - acc: 0.6710 -- iter: 096/403
[A[ATraining Step: 186  | total loss: [1m[32m0.59491[0m[0m | time: 2.669s
[2K
| Adam | epoch: 015 | loss: 0.59491 - acc: 0.6601 -- iter: 128/403
[A[ATraining Step: 187  | total loss: [1m[32m0.58471[0m[0m | time: 3.311s
[2K
| Adam | epoch: 015 | loss: 0.58471 - acc: 0.6753 -- iter: 160/403
[A[ATraining Step: 188  | total loss: [1m[32m0.57532[0m[0m | time: 3.960s
[2K
| Adam | epoch: 015 | loss: 0.57532 - acc: 0.6797 -- iter: 192/403
[A[ATraining Step: 189  | total loss: [1m[32m0.57512[0m[0m | time: 4.590s
[2K
| Adam | epoch: 015 | loss: 0.57512 - acc: 0.6836 -- iter: 224/403
[A[ATraining Step: 190  | total loss: [1m[32m0.55080[0m[0m | time: 5.222s
[2K
| Adam | epoch: 015 | loss: 0.55080 - acc: 0.6965 -- iter: 256/403
[A[ATraining Step: 191  | total loss: [1m[32m0.57561[0m[0m | time: 5.877s
[2K
| Adam | epoch: 015 | loss: 0.57561 - acc: 0.6956 -- iter: 288/403
[A[ATraining Step: 192  | total loss: [1m[32m0.55461[0m[0m | time: 6.560s
[2K
| Adam | epoch: 015 | loss: 0.55461 - acc: 0.7198 -- iter: 320/403
[A[ATraining Step: 193  | total loss: [1m[32m0.53848[0m[0m | time: 7.196s
[2K
| Adam | epoch: 015 | loss: 0.53848 - acc: 0.7290 -- iter: 352/403
[A[ATraining Step: 194  | total loss: [1m[32m0.54079[0m[0m | time: 7.850s
[2K
| Adam | epoch: 015 | loss: 0.54079 - acc: 0.7343 -- iter: 384/403
[A[ATraining Step: 195  | total loss: [1m[32m0.53770[0m[0m | time: 9.269s
[2K
| Adam | epoch: 015 | loss: 0.53770 - acc: 0.7358 | val_loss: 0.59665 - val_acc: 0.6535 -- iter: 403/403
--
Training Step: 196  | total loss: [1m[32m0.55056[0m[0m | time: 0.426s
[2K
| Adam | epoch: 016 | loss: 0.55056 - acc: 0.7307 -- iter: 032/403
[A[ATraining Step: 197  | total loss: [1m[32m0.56076[0m[0m | time: 1.080s
[2K
| Adam | epoch: 016 | loss: 0.56076 - acc: 0.7260 -- iter: 064/403
[A[ATraining Step: 198  | total loss: [1m[32m0.56234[0m[0m | time: 1.709s
[2K
| Adam | epoch: 016 | loss: 0.56234 - acc: 0.7222 -- iter: 096/403
[A[ATraining Step: 199  | total loss: [1m[32m0.55447[0m[0m | time: 2.342s
[2K
| Adam | epoch: 016 | loss: 0.55447 - acc: 0.7250 -- iter: 128/403
[A[ATraining Step: 200  | total loss: [1m[32m0.54435[0m[0m | time: 3.989s
[2K
| Adam | epoch: 016 | loss: 0.54435 - acc: 0.7368 | val_loss: 0.53977 - val_acc: 0.7087 -- iter: 160/403
--
Training Step: 201  | total loss: [1m[32m0.53885[0m[0m | time: 4.651s
[2K
| Adam | epoch: 016 | loss: 0.53885 - acc: 0.7382 -- iter: 192/403
[A[ATraining Step: 202  | total loss: [1m[32m0.52037[0m[0m | time: 5.313s
[2K
| Adam | epoch: 016 | loss: 0.52037 - acc: 0.7581 -- iter: 224/403
[A[ATraining Step: 203  | total loss: [1m[32m0.50815[0m[0m | time: 5.965s
[2K
| Adam | epoch: 016 | loss: 0.50815 - acc: 0.7667 -- iter: 256/403
[A[ATraining Step: 204  | total loss: [1m[32m0.51956[0m[0m | time: 6.609s
[2K
| Adam | epoch: 016 | loss: 0.51956 - acc: 0.7650 -- iter: 288/403
[A[ATraining Step: 205  | total loss: [1m[32m0.51163[0m[0m | time: 7.263s
[2K
| Adam | epoch: 016 | loss: 0.51163 - acc: 0.7604 -- iter: 320/403
[A[ATraining Step: 206  | total loss: [1m[32m0.50314[0m[0m | time: 7.930s
[2K
| Adam | epoch: 016 | loss: 0.50314 - acc: 0.7687 -- iter: 352/403
[A[ATraining Step: 207  | total loss: [1m[32m0.50349[0m[0m | time: 8.592s
[2K
| Adam | epoch: 016 | loss: 0.50349 - acc: 0.7731 -- iter: 384/403
[A[ATraining Step: 208  | total loss: [1m[32m0.49248[0m[0m | time: 10.252s
[2K
| Adam | epoch: 016 | loss: 0.49248 - acc: 0.7802 | val_loss: 0.57707 - val_acc: 0.6929 -- iter: 403/403
--
Training Step: 209  | total loss: [1m[32m0.48654[0m[0m | time: 0.411s
[2K
| Adam | epoch: 017 | loss: 0.48654 - acc: 0.7834 -- iter: 032/403
[A[ATraining Step: 210  | total loss: [1m[32m0.48155[0m[0m | time: 0.803s
[2K
| Adam | epoch: 017 | loss: 0.48155 - acc: 0.7840 -- iter: 064/403
[A[ATraining Step: 211  | total loss: [1m[32m0.47425[0m[0m | time: 1.462s
[2K
| Adam | epoch: 017 | loss: 0.47425 - acc: 0.7845 -- iter: 096/403
[A[ATraining Step: 212  | total loss: [1m[32m0.47671[0m[0m | time: 2.108s
[2K
| Adam | epoch: 017 | loss: 0.47671 - acc: 0.7873 -- iter: 128/403
[A[ATraining Step: 213  | total loss: [1m[32m0.46110[0m[0m | time: 2.764s
[2K
| Adam | epoch: 017 | loss: 0.46110 - acc: 0.7992 -- iter: 160/403
[A[ATraining Step: 214  | total loss: [1m[32m0.44973[0m[0m | time: 3.427s
[2K
| Adam | epoch: 017 | loss: 0.44973 - acc: 0.8131 -- iter: 192/403
[A[ATraining Step: 215  | total loss: [1m[32m0.44241[0m[0m | time: 4.075s
[2K
| Adam | epoch: 017 | loss: 0.44241 - acc: 0.8193 -- iter: 224/403
[A[ATraining Step: 216  | total loss: [1m[32m0.43039[0m[0m | time: 4.733s
[2K
| Adam | epoch: 017 | loss: 0.43039 - acc: 0.8217 -- iter: 256/403
[A[ATraining Step: 217  | total loss: [1m[32m0.42902[0m[0m | time: 5.405s
[2K
| Adam | epoch: 017 | loss: 0.42902 - acc: 0.8177 -- iter: 288/403
[A[ATraining Step: 218  | total loss: [1m[32m0.43852[0m[0m | time: 6.063s
[2K
| Adam | epoch: 017 | loss: 0.43852 - acc: 0.8109 -- iter: 320/403
[A[ATraining Step: 219  | total loss: [1m[32m0.43294[0m[0m | time: 6.725s
[2K
| Adam | epoch: 017 | loss: 0.43294 - acc: 0.8173 -- iter: 352/403
[A[ATraining Step: 220  | total loss: [1m[32m0.43888[0m[0m | time: 7.393s
[2K
| Adam | epoch: 017 | loss: 0.43888 - acc: 0.8231 -- iter: 384/403
[A[ATraining Step: 221  | total loss: [1m[32m0.43890[0m[0m | time: 9.064s
[2K
| Adam | epoch: 017 | loss: 0.43890 - acc: 0.8220 | val_loss: 0.53777 - val_acc: 0.7559 -- iter: 403/403
--
Training Step: 222  | total loss: [1m[32m0.42992[0m[0m | time: 0.706s
[2K
| Adam | epoch: 018 | loss: 0.42992 - acc: 0.8304 -- iter: 032/403
[A[ATraining Step: 223  | total loss: [1m[32m0.42283[0m[0m | time: 1.107s
[2K
| Adam | epoch: 018 | loss: 0.42283 - acc: 0.8380 -- iter: 064/403
[A[ATraining Step: 224  | total loss: [1m[32m0.40577[0m[0m | time: 1.510s
[2K
| Adam | epoch: 018 | loss: 0.40577 - acc: 0.8490 -- iter: 096/403
[A[ATraining Step: 225  | total loss: [1m[32m0.38483[0m[0m | time: 2.168s
[2K
| Adam | epoch: 018 | loss: 0.38483 - acc: 0.8641 -- iter: 128/403
[A[ATraining Step: 226  | total loss: [1m[32m0.39160[0m[0m | time: 2.810s
[2K
| Adam | epoch: 018 | loss: 0.39160 - acc: 0.8589 -- iter: 160/403
[A[ATraining Step: 227  | total loss: [1m[32m0.42123[0m[0m | time: 3.453s
[2K
| Adam | epoch: 018 | loss: 0.42123 - acc: 0.8449 -- iter: 192/403
[A[ATraining Step: 228  | total loss: [1m[32m0.42804[0m[0m | time: 4.123s
[2K
| Adam | epoch: 018 | loss: 0.42804 - acc: 0.8479 -- iter: 224/403
[A[ATraining Step: 229  | total loss: [1m[32m0.40691[0m[0m | time: 4.806s
[2K
| Adam | epoch: 018 | loss: 0.40691 - acc: 0.8569 -- iter: 256/403
[A[ATraining Step: 230  | total loss: [1m[32m0.40131[0m[0m | time: 5.478s
[2K
| Adam | epoch: 018 | loss: 0.40131 - acc: 0.8587 -- iter: 288/403
[A[ATraining Step: 231  | total loss: [1m[32m0.39700[0m[0m | time: 6.131s
[2K
| Adam | epoch: 018 | loss: 0.39700 - acc: 0.8572 -- iter: 320/403
[A[ATraining Step: 232  | total loss: [1m[32m0.39469[0m[0m | time: 6.788s
[2K
| Adam | epoch: 018 | loss: 0.39469 - acc: 0.8496 -- iter: 352/403
[A[ATraining Step: 233  | total loss: [1m[32m0.39317[0m[0m | time: 7.451s
[2K
| Adam | epoch: 018 | loss: 0.39317 - acc: 0.8490 -- iter: 384/403
[A[ATraining Step: 234  | total loss: [1m[32m0.39821[0m[0m | time: 9.140s
[2K
| Adam | epoch: 018 | loss: 0.39821 - acc: 0.8516 | val_loss: 0.56177 - val_acc: 0.7402 -- iter: 403/403
--
Training Step: 235  | total loss: [1m[32m0.39415[0m[0m | time: 0.686s
[2K
| Adam | epoch: 019 | loss: 0.39415 - acc: 0.8539 -- iter: 032/403
[A[ATraining Step: 236  | total loss: [1m[32m0.40538[0m[0m | time: 1.349s
[2K
| Adam | epoch: 019 | loss: 0.40538 - acc: 0.8467 -- iter: 064/403
[A[ATraining Step: 237  | total loss: [1m[32m0.41753[0m[0m | time: 1.753s
[2K
| Adam | epoch: 019 | loss: 0.41753 - acc: 0.8401 -- iter: 096/403
[A[ATraining Step: 238  | total loss: [1m[32m0.40875[0m[0m | time: 2.146s
[2K
| Adam | epoch: 019 | loss: 0.40875 - acc: 0.8403 -- iter: 128/403
[A[ATraining Step: 239  | total loss: [1m[32m0.40372[0m[0m | time: 2.794s
[2K
| Adam | epoch: 019 | loss: 0.40372 - acc: 0.8458 -- iter: 160/403
[A[ATraining Step: 240  | total loss: [1m[32m0.39821[0m[0m | time: 3.447s
[2K
| Adam | epoch: 019 | loss: 0.39821 - acc: 0.8424 -- iter: 192/403
[A[ATraining Step: 241  | total loss: [1m[32m0.39044[0m[0m | time: 4.137s
[2K
| Adam | epoch: 019 | loss: 0.39044 - acc: 0.8457 -- iter: 224/403
[A[ATraining Step: 242  | total loss: [1m[32m0.38712[0m[0m | time: 4.797s
[2K
| Adam | epoch: 019 | loss: 0.38712 - acc: 0.8518 -- iter: 256/403
[A[ATraining Step: 243  | total loss: [1m[32m0.37993[0m[0m | time: 5.447s
[2K
| Adam | epoch: 019 | loss: 0.37993 - acc: 0.8510 -- iter: 288/403
[A[ATraining Step: 244  | total loss: [1m[32m0.37341[0m[0m | time: 6.093s
[2K
| Adam | epoch: 019 | loss: 0.37341 - acc: 0.8565 -- iter: 320/403
[A[ATraining Step: 245  | total loss: [1m[32m0.36532[0m[0m | time: 6.785s
[2K
| Adam | epoch: 019 | loss: 0.36532 - acc: 0.8615 -- iter: 352/403
[A[ATraining Step: 246  | total loss: [1m[32m0.35661[0m[0m | time: 7.439s
[2K
| Adam | epoch: 019 | loss: 0.35661 - acc: 0.8691 -- iter: 384/403
[A[ATraining Step: 247  | total loss: [1m[32m0.35005[0m[0m | time: 9.123s
[2K
| Adam | epoch: 019 | loss: 0.35005 - acc: 0.8665 | val_loss: 0.52124 - val_acc: 0.7795 -- iter: 403/403
--
Training Step: 248  | total loss: [1m[32m0.34212[0m[0m | time: 0.660s
[2K
| Adam | epoch: 020 | loss: 0.34212 - acc: 0.8674 -- iter: 032/403
[A[ATraining Step: 249  | total loss: [1m[32m0.33349[0m[0m | time: 1.310s
[2K
| Adam | epoch: 020 | loss: 0.33349 - acc: 0.8744 -- iter: 064/403
[A[ATraining Step: 250  | total loss: [1m[32m0.33448[0m[0m | time: 1.984s
[2K
| Adam | epoch: 020 | loss: 0.33448 - acc: 0.8745 -- iter: 096/403
[A[ATraining Step: 251  | total loss: [1m[32m0.31994[0m[0m | time: 2.412s
[2K
| Adam | epoch: 020 | loss: 0.31994 - acc: 0.8808 -- iter: 128/403
[A[ATraining Step: 252  | total loss: [1m[32m0.31803[0m[0m | time: 2.813s
[2K
| Adam | epoch: 020 | loss: 0.31803 - acc: 0.8822 -- iter: 160/403
[A[ATraining Step: 253  | total loss: [1m[32m0.31327[0m[0m | time: 3.460s
[2K
| Adam | epoch: 020 | loss: 0.31327 - acc: 0.8834 -- iter: 192/403
[A[ATraining Step: 254  | total loss: [1m[32m0.30331[0m[0m | time: 4.096s
[2K
| Adam | epoch: 020 | loss: 0.30331 - acc: 0.8888 -- iter: 224/403
[A[ATraining Step: 255  | total loss: [1m[32m0.29796[0m[0m | time: 4.750s
[2K
| Adam | epoch: 020 | loss: 0.29796 - acc: 0.8937 -- iter: 256/403
[A[ATraining Step: 256  | total loss: [1m[32m0.28716[0m[0m | time: 5.397s
[2K
| Adam | epoch: 020 | loss: 0.28716 - acc: 0.8949 -- iter: 288/403
[A[ATraining Step: 257  | total loss: [1m[32m0.29609[0m[0m | time: 6.060s
[2K
| Adam | epoch: 020 | loss: 0.29609 - acc: 0.8961 -- iter: 320/403
[A[ATraining Step: 258  | total loss: [1m[32m0.29434[0m[0m | time: 6.775s
[2K
| Adam | epoch: 020 | loss: 0.29434 - acc: 0.8971 -- iter: 352/403
[A[ATraining Step: 259  | total loss: [1m[32m0.28737[0m[0m | time: 7.439s
[2K
| Adam | epoch: 020 | loss: 0.28737 - acc: 0.8980 -- iter: 384/403
[A[ATraining Step: 260  | total loss: [1m[32m0.30936[0m[0m | time: 9.105s
[2K
| Adam | epoch: 020 | loss: 0.30936 - acc: 0.8863 | val_loss: 0.47714 - val_acc: 0.7953 -- iter: 403/403
--
Training Step: 261  | total loss: [1m[32m0.31691[0m[0m | time: 0.663s
[2K
| Adam | epoch: 021 | loss: 0.31691 - acc: 0.8758 -- iter: 032/403
[A[ATraining Step: 262  | total loss: [1m[32m0.30016[0m[0m | time: 1.322s
[2K
| Adam | epoch: 021 | loss: 0.30016 - acc: 0.8851 -- iter: 064/403
[A[ATraining Step: 263  | total loss: [1m[32m0.28908[0m[0m | time: 1.981s
[2K
| Adam | epoch: 021 | loss: 0.28908 - acc: 0.8904 -- iter: 096/403
[A[ATraining Step: 264  | total loss: [1m[32m0.29654[0m[0m | time: 2.627s
[2K
| Adam | epoch: 021 | loss: 0.29654 - acc: 0.8857 -- iter: 128/403
[A[ATraining Step: 265  | total loss: [1m[32m0.28298[0m[0m | time: 3.031s
[2K
| Adam | epoch: 021 | loss: 0.28298 - acc: 0.8940 -- iter: 160/403
[A[ATraining Step: 266  | total loss: [1m[32m0.29546[0m[0m | time: 3.426s
[2K
| Adam | epoch: 021 | loss: 0.29546 - acc: 0.8941 -- iter: 192/403
[A[ATraining Step: 267  | total loss: [1m[32m0.30243[0m[0m | time: 4.123s
[2K
| Adam | epoch: 021 | loss: 0.30243 - acc: 0.8889 -- iter: 224/403
[A[ATraining Step: 268  | total loss: [1m[32m0.29302[0m[0m | time: 4.776s
[2K
| Adam | epoch: 021 | loss: 0.29302 - acc: 0.8969 -- iter: 256/403
[A[ATraining Step: 269  | total loss: [1m[32m0.29325[0m[0m | time: 5.442s
[2K
| Adam | epoch: 021 | loss: 0.29325 - acc: 0.8947 -- iter: 288/403
[A[ATraining Step: 270  | total loss: [1m[32m0.28229[0m[0m | time: 6.101s
[2K
| Adam | epoch: 021 | loss: 0.28229 - acc: 0.8990 -- iter: 320/403
[A[ATraining Step: 271  | total loss: [1m[32m0.28903[0m[0m | time: 6.775s
[2K
| Adam | epoch: 021 | loss: 0.28903 - acc: 0.8966 -- iter: 352/403
[A[ATraining Step: 272  | total loss: [1m[32m0.29496[0m[0m | time: 7.442s
[2K
| Adam | epoch: 021 | loss: 0.29496 - acc: 0.8882 -- iter: 384/403
[A[ATraining Step: 273  | total loss: [1m[32m0.28850[0m[0m | time: 9.105s
[2K
| Adam | epoch: 021 | loss: 0.28850 - acc: 0.8962 | val_loss: 0.56524 - val_acc: 0.7480 -- iter: 403/403
--
Training Step: 274  | total loss: [1m[32m0.28038[0m[0m | time: 0.662s
[2K
| Adam | epoch: 022 | loss: 0.28038 - acc: 0.9003 -- iter: 032/403
[A[ATraining Step: 275  | total loss: [1m[32m0.27754[0m[0m | time: 1.388s
[2K
| Adam | epoch: 022 | loss: 0.27754 - acc: 0.9009 -- iter: 064/403
[A[ATraining Step: 276  | total loss: [1m[32m0.28697[0m[0m | time: 2.042s
[2K
| Adam | epoch: 022 | loss: 0.28697 - acc: 0.8952 -- iter: 096/403
[A[ATraining Step: 277  | total loss: [1m[32m0.27929[0m[0m | time: 2.706s
[2K
| Adam | epoch: 022 | loss: 0.27929 - acc: 0.8994 -- iter: 128/403
[A[ATraining Step: 278  | total loss: [1m[32m0.26489[0m[0m | time: 3.374s
[2K
| Adam | epoch: 022 | loss: 0.26489 - acc: 0.9033 -- iter: 160/403
[A[ATraining Step: 279  | total loss: [1m[32m0.25988[0m[0m | time: 3.785s
[2K
| Adam | epoch: 022 | loss: 0.25988 - acc: 0.9067 -- iter: 192/403
[A[ATraining Step: 280  | total loss: [1m[32m0.28867[0m[0m | time: 4.193s
[2K
| Adam | epoch: 022 | loss: 0.28867 - acc: 0.8950 -- iter: 224/403
[A[ATraining Step: 281  | total loss: [1m[32m0.30921[0m[0m | time: 4.896s
[2K
| Adam | epoch: 022 | loss: 0.30921 - acc: 0.8897 -- iter: 256/403
[A[ATraining Step: 282  | total loss: [1m[32m0.31833[0m[0m | time: 5.569s
[2K
| Adam | epoch: 022 | loss: 0.31833 - acc: 0.8851 -- iter: 288/403
[A[ATraining Step: 283  | total loss: [1m[32m0.29348[0m[0m | time: 6.214s
[2K
| Adam | epoch: 022 | loss: 0.29348 - acc: 0.8966 -- iter: 320/403
[A[ATraining Step: 284  | total loss: [1m[32m0.28229[0m[0m | time: 6.879s
[2K
| Adam | epoch: 022 | loss: 0.28229 - acc: 0.8975 -- iter: 352/403
[A[ATraining Step: 285  | total loss: [1m[32m0.30211[0m[0m | time: 7.542s
[2K
| Adam | epoch: 022 | loss: 0.30211 - acc: 0.8890 -- iter: 384/403
[A[ATraining Step: 286  | total loss: [1m[32m0.29634[0m[0m | time: 9.212s
[2K
| Adam | epoch: 022 | loss: 0.29634 - acc: 0.8876 | val_loss: 0.48170 - val_acc: 0.8110 -- iter: 403/403
--
Training Step: 287  | total loss: [1m[32m0.27765[0m[0m | time: 0.682s
[2K
| Adam | epoch: 023 | loss: 0.27765 - acc: 0.8957 -- iter: 032/403
[A[ATraining Step: 288  | total loss: [1m[32m0.27071[0m[0m | time: 1.318s
[2K
| Adam | epoch: 023 | loss: 0.27071 - acc: 0.8968 -- iter: 064/403
[A[ATraining Step: 289  | total loss: [1m[32m0.26536[0m[0m | time: 1.986s
[2K
| Adam | epoch: 023 | loss: 0.26536 - acc: 0.9009 -- iter: 096/403
[A[ATraining Step: 290  | total loss: [1m[32m0.25699[0m[0m | time: 2.650s
[2K
| Adam | epoch: 023 | loss: 0.25699 - acc: 0.9077 -- iter: 128/403
[A[ATraining Step: 291  | total loss: [1m[32m0.25278[0m[0m | time: 3.293s
[2K
| Adam | epoch: 023 | loss: 0.25278 - acc: 0.9075 -- iter: 160/403
[A[ATraining Step: 292  | total loss: [1m[32m0.24107[0m[0m | time: 3.963s
[2K
| Adam | epoch: 023 | loss: 0.24107 - acc: 0.9105 -- iter: 192/403
[A[ATraining Step: 293  | total loss: [1m[32m0.22685[0m[0m | time: 4.358s
[2K
| Adam | epoch: 023 | loss: 0.22685 - acc: 0.9163 -- iter: 224/403
[A[ATraining Step: 294  | total loss: [1m[32m0.21466[0m[0m | time: 4.767s
[2K
| Adam | epoch: 023 | loss: 0.21466 - acc: 0.9194 -- iter: 256/403
[A[ATraining Step: 295  | total loss: [1m[32m0.20199[0m[0m | time: 5.412s
[2K
| Adam | epoch: 023 | loss: 0.20199 - acc: 0.9222 -- iter: 288/403
[A[ATraining Step: 296  | total loss: [1m[32m0.20120[0m[0m | time: 6.062s
[2K
| Adam | epoch: 023 | loss: 0.20120 - acc: 0.9206 -- iter: 320/403
[A[ATraining Step: 297  | total loss: [1m[32m0.18784[0m[0m | time: 6.710s
[2K
| Adam | epoch: 023 | loss: 0.18784 - acc: 0.9286 -- iter: 352/403
[A[ATraining Step: 298  | total loss: [1m[32m0.18802[0m[0m | time: 7.362s
[2K
| Adam | epoch: 023 | loss: 0.18802 - acc: 0.9263 -- iter: 384/403
[A[ATraining Step: 299  | total loss: [1m[32m0.18782[0m[0m | time: 9.027s
[2K
| Adam | epoch: 023 | loss: 0.18782 - acc: 0.9243 | val_loss: 0.53365 - val_acc: 0.7795 -- iter: 403/403
--
Training Step: 300  | total loss: [1m[32m0.17350[0m[0m | time: 0.677s
[2K
| Adam | epoch: 024 | loss: 0.17350 - acc: 0.9319 -- iter: 032/403
[A[ATraining Step: 301  | total loss: [1m[32m0.19124[0m[0m | time: 1.340s
[2K
| Adam | epoch: 024 | loss: 0.19124 - acc: 0.9293 -- iter: 064/403
[A[ATraining Step: 302  | total loss: [1m[32m0.17449[0m[0m | time: 2.017s
[2K
| Adam | epoch: 024 | loss: 0.17449 - acc: 0.9364 -- iter: 096/403
[A[ATraining Step: 303  | total loss: [1m[32m0.19277[0m[0m | time: 2.677s
[2K
| Adam | epoch: 024 | loss: 0.19277 - acc: 0.9303 -- iter: 128/403
[A[ATraining Step: 304  | total loss: [1m[32m0.19218[0m[0m | time: 3.355s
[2K
| Adam | epoch: 024 | loss: 0.19218 - acc: 0.9341 -- iter: 160/403
[A[ATraining Step: 305  | total loss: [1m[32m0.18237[0m[0m | time: 4.010s
[2K
| Adam | epoch: 024 | loss: 0.18237 - acc: 0.9376 -- iter: 192/403
[A[ATraining Step: 306  | total loss: [1m[32m0.17849[0m[0m | time: 4.676s
[2K
| Adam | epoch: 024 | loss: 0.17849 - acc: 0.9376 -- iter: 224/403
[A[ATraining Step: 307  | total loss: [1m[32m0.17622[0m[0m | time: 5.077s
[2K
| Adam | epoch: 024 | loss: 0.17622 - acc: 0.9376 -- iter: 256/403
[A[ATraining Step: 308  | total loss: [1m[32m0.16359[0m[0m | time: 5.476s
[2K
| Adam | epoch: 024 | loss: 0.16359 - acc: 0.9438 -- iter: 288/403
[A[ATraining Step: 309  | total loss: [1m[32m0.15116[0m[0m | time: 6.130s
[2K
| Adam | epoch: 024 | loss: 0.15116 - acc: 0.9494 -- iter: 320/403
[A[ATraining Step: 310  | total loss: [1m[32m0.15344[0m[0m | time: 6.768s
[2K
| Adam | epoch: 024 | loss: 0.15344 - acc: 0.9482 -- iter: 352/403
[A[ATraining Step: 311  | total loss: [1m[32m0.15011[0m[0m | time: 7.436s
[2K
| Adam | epoch: 024 | loss: 0.15011 - acc: 0.9472 -- iter: 384/403
[A[ATraining Step: 312  | total loss: [1m[32m0.14432[0m[0m | time: 9.095s
[2K
| Adam | epoch: 024 | loss: 0.14432 - acc: 0.9493 | val_loss: 0.55275 - val_acc: 0.7953 -- iter: 403/403
--
Training Step: 313  | total loss: [1m[32m0.13750[0m[0m | time: 0.673s
[2K
| Adam | epoch: 025 | loss: 0.13750 - acc: 0.9513 -- iter: 032/403
[A[ATraining Step: 314  | total loss: [1m[32m0.13093[0m[0m | time: 1.331s
[2K
| Adam | epoch: 025 | loss: 0.13093 - acc: 0.9530 -- iter: 064/403
[A[ATraining Step: 315  | total loss: [1m[32m0.11991[0m[0m | time: 2.012s
[2K
| Adam | epoch: 025 | loss: 0.11991 - acc: 0.9577 -- iter: 096/403
[A[ATraining Step: 316  | total loss: [1m[32m0.11654[0m[0m | time: 2.696s
[2K
| Adam | epoch: 025 | loss: 0.11654 - acc: 0.9588 -- iter: 128/403
[A[ATraining Step: 317  | total loss: [1m[32m0.12106[0m[0m | time: 3.354s
[2K
| Adam | epoch: 025 | loss: 0.12106 - acc: 0.9536 -- iter: 160/403
[A[ATraining Step: 318  | total loss: [1m[32m0.11146[0m[0m | time: 4.023s
[2K
| Adam | epoch: 025 | loss: 0.11146 - acc: 0.9582 -- iter: 192/403
[A[ATraining Step: 319  | total loss: [1m[32m0.11025[0m[0m | time: 4.687s
[2K
| Adam | epoch: 025 | loss: 0.11025 - acc: 0.9593 -- iter: 224/403
[A[ATraining Step: 320  | total loss: [1m[32m0.11146[0m[0m | time: 5.356s
[2K
| Adam | epoch: 025 | loss: 0.11146 - acc: 0.9602 -- iter: 256/403
[A[ATraining Step: 321  | total loss: [1m[32m0.12164[0m[0m | time: 5.756s
[2K
| Adam | epoch: 025 | loss: 0.12164 - acc: 0.9548 -- iter: 288/403
[A[ATraining Step: 322  | total loss: [1m[32m0.11499[0m[0m | time: 6.176s
[2K
| Adam | epoch: 025 | loss: 0.11499 - acc: 0.9541 -- iter: 320/403
[A[ATraining Step: 323  | total loss: [1m[32m0.10726[0m[0m | time: 6.812s
[2K
| Adam | epoch: 025 | loss: 0.10726 - acc: 0.9587 -- iter: 352/403
[A[ATraining Step: 324  | total loss: [1m[32m0.11583[0m[0m | time: 7.478s
[2K
| Adam | epoch: 025 | loss: 0.11583 - acc: 0.9534 -- iter: 384/403
[A[ATraining Step: 325  | total loss: [1m[32m0.13981[0m[0m | time: 9.141s
[2K
| Adam | epoch: 025 | loss: 0.13981 - acc: 0.9487 | val_loss: 0.59014 - val_acc: 0.7795 -- iter: 403/403
--
Training Step: 326  | total loss: [1m[32m0.14017[0m[0m | time: 0.695s
[2K
| Adam | epoch: 026 | loss: 0.14017 - acc: 0.9507 -- iter: 032/403
[A[ATraining Step: 327  | total loss: [1m[32m0.13105[0m[0m | time: 1.341s
[2K
| Adam | epoch: 026 | loss: 0.13105 - acc: 0.9556 -- iter: 064/403
[A[ATraining Step: 328  | total loss: [1m[32m0.12316[0m[0m | time: 1.994s
[2K
| Adam | epoch: 026 | loss: 0.12316 - acc: 0.9601 -- iter: 096/403
[A[ATraining Step: 329  | total loss: [1m[32m0.11828[0m[0m | time: 2.643s
[2K
| Adam | epoch: 026 | loss: 0.11828 - acc: 0.9609 -- iter: 128/403
[A[ATraining Step: 330  | total loss: [1m[32m0.12517[0m[0m | time: 3.296s
[2K
| Adam | epoch: 026 | loss: 0.12517 - acc: 0.9586 -- iter: 160/403
[A[ATraining Step: 331  | total loss: [1m[32m0.12929[0m[0m | time: 3.962s
[2K
| Adam | epoch: 026 | loss: 0.12929 - acc: 0.9565 -- iter: 192/403
[A[ATraining Step: 332  | total loss: [1m[32m0.14291[0m[0m | time: 4.632s
[2K
| Adam | epoch: 026 | loss: 0.14291 - acc: 0.9515 -- iter: 224/403
[A[ATraining Step: 333  | total loss: [1m[32m0.13971[0m[0m | time: 5.278s
[2K
| Adam | epoch: 026 | loss: 0.13971 - acc: 0.9501 -- iter: 256/403
[A[ATraining Step: 334  | total loss: [1m[32m0.13032[0m[0m | time: 5.922s
[2K
| Adam | epoch: 026 | loss: 0.13032 - acc: 0.9551 -- iter: 288/403
[A[ATraining Step: 335  | total loss: [1m[32m0.12531[0m[0m | time: 6.322s
[2K
| Adam | epoch: 026 | loss: 0.12531 - acc: 0.9564 -- iter: 320/403
[A[ATraining Step: 336  | total loss: [1m[32m0.13693[0m[0m | time: 6.731s
[2K
| Adam | epoch: 026 | loss: 0.13693 - acc: 0.9503 -- iter: 352/403
[A[ATraining Step: 337  | total loss: [1m[32m0.13652[0m[0m | time: 7.389s
[2K
| Adam | epoch: 026 | loss: 0.13652 - acc: 0.9500 -- iter: 384/403
[A[ATraining Step: 338  | total loss: [1m[32m0.12630[0m[0m | time: 9.057s
[2K
| Adam | epoch: 026 | loss: 0.12630 - acc: 0.9550 | val_loss: 0.63338 - val_acc: 0.7795 -- iter: 403/403
--
Training Step: 339  | total loss: [1m[32m0.14182[0m[0m | time: 0.663s
[2K
| Adam | epoch: 027 | loss: 0.14182 - acc: 0.9470 -- iter: 032/403
[A[ATraining Step: 340  | total loss: [1m[32m0.13942[0m[0m | time: 1.315s
[2K
| Adam | epoch: 027 | loss: 0.13942 - acc: 0.9460 -- iter: 064/403
[A[ATraining Step: 341  | total loss: [1m[32m0.15641[0m[0m | time: 1.977s
[2K
| Adam | epoch: 027 | loss: 0.15641 - acc: 0.9421 -- iter: 096/403
[A[ATraining Step: 342  | total loss: [1m[32m0.15336[0m[0m | time: 2.631s
[2K
| Adam | epoch: 027 | loss: 0.15336 - acc: 0.9447 -- iter: 128/403
[A[ATraining Step: 343  | total loss: [1m[32m0.14364[0m[0m | time: 3.283s
[2K
| Adam | epoch: 027 | loss: 0.14364 - acc: 0.9502 -- iter: 160/403
[A[ATraining Step: 344  | total loss: [1m[32m0.14561[0m[0m | time: 3.959s
[2K
| Adam | epoch: 027 | loss: 0.14561 - acc: 0.9490 -- iter: 192/403
[A[ATraining Step: 345  | total loss: [1m[32m0.13787[0m[0m | time: 4.614s
[2K
| Adam | epoch: 027 | loss: 0.13787 - acc: 0.9541 -- iter: 224/403
[A[ATraining Step: 346  | total loss: [1m[32m0.14976[0m[0m | time: 5.261s
[2K
| Adam | epoch: 027 | loss: 0.14976 - acc: 0.9524 -- iter: 256/403
[A[ATraining Step: 347  | total loss: [1m[32m0.13728[0m[0m | time: 5.935s
[2K
| Adam | epoch: 027 | loss: 0.13728 - acc: 0.9572 -- iter: 288/403
[A[ATraining Step: 348  | total loss: [1m[32m0.12842[0m[0m | time: 6.593s
[2K
| Adam | epoch: 027 | loss: 0.12842 - acc: 0.9615 -- iter: 320/403
[A[ATraining Step: 349  | total loss: [1m[32m0.13587[0m[0m | time: 7.004s
[2K
| Adam | epoch: 027 | loss: 0.13587 - acc: 0.9591 -- iter: 352/403
[A[ATraining Step: 350  | total loss: [1m[32m0.14953[0m[0m | time: 7.425s
[2K
| Adam | epoch: 027 | loss: 0.14953 - acc: 0.9526 -- iter: 384/403
[A[ATraining Step: 351  | total loss: [1m[32m0.15432[0m[0m | time: 9.077s
[2K
| Adam | epoch: 027 | loss: 0.15432 - acc: 0.9521 | val_loss: 0.68500 - val_acc: 0.7480 -- iter: 403/403
--
Training Step: 352  | total loss: [1m[32m0.14426[0m[0m | time: 0.693s
[2K
| Adam | epoch: 028 | loss: 0.14426 - acc: 0.9538 -- iter: 032/403
[A[ATraining Step: 353  | total loss: [1m[32m0.13559[0m[0m | time: 1.350s
[2K
| Adam | epoch: 028 | loss: 0.13559 - acc: 0.9584 -- iter: 064/403
[A[ATraining Step: 354  | total loss: [1m[32m0.13213[0m[0m | time: 1.986s
[2K
| Adam | epoch: 028 | loss: 0.13213 - acc: 0.9594 -- iter: 096/403
[A[ATraining Step: 355  | total loss: [1m[32m0.13792[0m[0m | time: 2.640s
[2K
| Adam | epoch: 028 | loss: 0.13792 - acc: 0.9572 -- iter: 128/403
[A[ATraining Step: 356  | total loss: [1m[32m0.13505[0m[0m | time: 3.276s
[2K
| Adam | epoch: 028 | loss: 0.13505 - acc: 0.9584 -- iter: 160/403
[A[ATraining Step: 357  | total loss: [1m[32m0.13557[0m[0m | time: 3.934s
[2K
| Adam | epoch: 028 | loss: 0.13557 - acc: 0.9563 -- iter: 192/403
[A[ATraining Step: 358  | total loss: [1m[32m0.14229[0m[0m | time: 4.578s
[2K
| Adam | epoch: 028 | loss: 0.14229 - acc: 0.9513 -- iter: 224/403
[A[ATraining Step: 359  | total loss: [1m[32m0.13429[0m[0m | time: 5.237s
[2K
| Adam | epoch: 028 | loss: 0.13429 - acc: 0.9530 -- iter: 256/403
[A[ATraining Step: 360  | total loss: [1m[32m0.13549[0m[0m | time: 5.889s
[2K
| Adam | epoch: 028 | loss: 0.13549 - acc: 0.9546 -- iter: 288/403
[A[ATraining Step: 361  | total loss: [1m[32m0.13274[0m[0m | time: 6.559s
[2K
| Adam | epoch: 028 | loss: 0.13274 - acc: 0.9560 -- iter: 320/403
[A[ATraining Step: 362  | total loss: [1m[32m0.12281[0m[0m | time: 7.223s
[2K
| Adam | epoch: 028 | loss: 0.12281 - acc: 0.9604 -- iter: 352/403
[A[ATraining Step: 363  | total loss: [1m[32m0.11845[0m[0m | time: 7.634s
[2K
| Adam | epoch: 028 | loss: 0.11845 - acc: 0.9613 -- iter: 384/403
[A[ATraining Step: 364  | total loss: [1m[32m0.11008[0m[0m | time: 9.061s
[2K
| Adam | epoch: 028 | loss: 0.11008 - acc: 0.9651 | val_loss: 0.66769 - val_acc: 0.7480 -- iter: 403/403
--
Training Step: 365  | total loss: [1m[32m0.10193[0m[0m | time: 0.658s
[2K
| Adam | epoch: 029 | loss: 0.10193 - acc: 0.9686 -- iter: 032/403
[A[ATraining Step: 366  | total loss: [1m[32m0.10324[0m[0m | time: 1.290s
[2K
| Adam | epoch: 029 | loss: 0.10324 - acc: 0.9655 -- iter: 064/403
[A[ATraining Step: 367  | total loss: [1m[32m0.09477[0m[0m | time: 2.009s
[2K
| Adam | epoch: 029 | loss: 0.09477 - acc: 0.9690 -- iter: 096/403
[A[ATraining Step: 368  | total loss: [1m[32m0.08830[0m[0m | time: 2.655s
[2K
| Adam | epoch: 029 | loss: 0.08830 - acc: 0.9721 -- iter: 128/403
[A[ATraining Step: 369  | total loss: [1m[32m0.08931[0m[0m | time: 3.311s
[2K
| Adam | epoch: 029 | loss: 0.08931 - acc: 0.9717 -- iter: 160/403
[A[ATraining Step: 370  | total loss: [1m[32m0.09398[0m[0m | time: 3.976s
[2K
| Adam | epoch: 029 | loss: 0.09398 - acc: 0.9683 -- iter: 192/403
[A[ATraining Step: 371  | total loss: [1m[32m0.09363[0m[0m | time: 4.614s
[2K
| Adam | epoch: 029 | loss: 0.09363 - acc: 0.9683 -- iter: 224/403
[A[ATraining Step: 372  | total loss: [1m[32m0.09421[0m[0m | time: 5.276s
[2K
| Adam | epoch: 029 | loss: 0.09421 - acc: 0.9684 -- iter: 256/403
[A[ATraining Step: 373  | total loss: [1m[32m0.08793[0m[0m | time: 5.949s
[2K
| Adam | epoch: 029 | loss: 0.08793 - acc: 0.9684 -- iter: 288/403
[A[ATraining Step: 374  | total loss: [1m[32m0.08186[0m[0m | time: 6.609s
[2K
| Adam | epoch: 029 | loss: 0.08186 - acc: 0.9716 -- iter: 320/403
[A[ATraining Step: 375  | total loss: [1m[32m0.07636[0m[0m | time: 7.303s
[2K
| Adam | epoch: 029 | loss: 0.07636 - acc: 0.9744 -- iter: 352/403
[A[ATraining Step: 376  | total loss: [1m[32m0.08180[0m[0m | time: 7.995s
[2K
| Adam | epoch: 029 | loss: 0.08180 - acc: 0.9676 -- iter: 384/403
[A[ATraining Step: 377  | total loss: [1m[32m0.07975[0m[0m | time: 9.421s
[2K
| Adam | epoch: 029 | loss: 0.07975 - acc: 0.9677 | val_loss: 0.73015 - val_acc: 0.7717 -- iter: 403/403
--
Training Step: 378  | total loss: [1m[32m0.07299[0m[0m | time: 0.408s
[2K
| Adam | epoch: 030 | loss: 0.07299 - acc: 0.9709 -- iter: 032/403
[A[ATraining Step: 379  | total loss: [1m[32m0.06677[0m[0m | time: 1.077s
[2K
| Adam | epoch: 030 | loss: 0.06677 - acc: 0.9739 -- iter: 064/403
[A[ATraining Step: 380  | total loss: [1m[32m0.07338[0m[0m | time: 1.731s
[2K
| Adam | epoch: 030 | loss: 0.07338 - acc: 0.9733 -- iter: 096/403
[A[ATraining Step: 381  | total loss: [1m[32m0.07559[0m[0m | time: 2.397s
[2K
| Adam | epoch: 030 | loss: 0.07559 - acc: 0.9698 -- iter: 128/403
[A[ATraining Step: 382  | total loss: [1m[32m0.07544[0m[0m | time: 3.049s
[2K
| Adam | epoch: 030 | loss: 0.07544 - acc: 0.9697 -- iter: 160/403
[A[ATraining Step: 383  | total loss: [1m[32m0.07914[0m[0m | time: 3.698s
[2K
| Adam | epoch: 030 | loss: 0.07914 - acc: 0.9696 -- iter: 192/403
[A[ATraining Step: 384  | total loss: [1m[32m0.08539[0m[0m | time: 4.354s
[2K
| Adam | epoch: 030 | loss: 0.08539 - acc: 0.9632 -- iter: 224/403
[A[ATraining Step: 385  | total loss: [1m[32m0.07773[0m[0m | time: 5.017s
[2K
| Adam | epoch: 030 | loss: 0.07773 - acc: 0.9669 -- iter: 256/403
[A[ATraining Step: 386  | total loss: [1m[32m0.07710[0m[0m | time: 5.668s
[2K
| Adam | epoch: 030 | loss: 0.07710 - acc: 0.9671 -- iter: 288/403
[A[ATraining Step: 387  | total loss: [1m[32m0.07251[0m[0m | time: 6.310s
[2K
| Adam | epoch: 030 | loss: 0.07251 - acc: 0.9704 -- iter: 320/403
[A[ATraining Step: 388  | total loss: [1m[32m0.08112[0m[0m | time: 6.961s
[2K
| Adam | epoch: 030 | loss: 0.08112 - acc: 0.9702 -- iter: 352/403
[A[ATraining Step: 389  | total loss: [1m[32m0.07917[0m[0m | time: 7.635s
[2K
| Adam | epoch: 030 | loss: 0.07917 - acc: 0.9732 -- iter: 384/403
[A[ATraining Step: 390  | total loss: [1m[32m0.07242[0m[0m | time: 9.297s
[2K
| Adam | epoch: 030 | loss: 0.07242 - acc: 0.9759 | val_loss: 0.63449 - val_acc: 0.8189 -- iter: 403/403
--
Validation AUC:0.8698630136986301
Validation AUPRC:0.901073716122939
Test AUC:0.8974937343358396
Test AUPRC:0.9178409935489896
BestTestF1Score	0.88	0.71	0.86	0.85	0.9	63	11	46	7	0.33
BestTestMCCScore	0.88	0.71	0.86	0.85	0.9	63	11	46	7	0.33
BestTestAccuracyScore	0.86	0.68	0.84	0.87	0.84	59	9	48	11	0.7
BestValidationF1Score	0.85	0.63	0.82	0.8	0.9	66	16	38	7	0.33
BestValidationMCC	0.85	0.63	0.82	0.8	0.9	66	16	38	7	0.33
BestValidationAccuracy	0.85	0.63	0.82	0.83	0.86	63	13	41	10	0.7
TestPredictions (Threshold:0.33)
CHEMBL76034,TP,ACT,1.0	CHEMBL509834,TP,ACT,1.0	CHEMBL1922685,TN,INACT,0.05000000074505806	CHEMBL52911,TP,ACT,0.800000011920929	CHEMBL3431684,FP,INACT,0.75	CHEMBL127928,TP,ACT,1.0	CHEMBL136338,TP,ACT,1.0	CHEMBL22750,TP,ACT,0.9900000095367432	CHEMBL220746,TN,INACT,0.18000000715255737	CHEMBL3431609,TN,INACT,0.28999999165534973	CHEMBL22409,FP,INACT,0.5	CHEMBL564833,TN,INACT,0.0	CHEMBL45333,TP,ACT,0.9200000166893005	CHEMBL136489,TP,ACT,1.0	CHEMBL3431571,TN,INACT,0.03999999910593033	CHEMBL3431479,TN,INACT,0.0	CHEMBL3431666,TN,INACT,0.30000001192092896	CHEMBL300273,TP,ACT,1.0	CHEMBL3431863,TN,INACT,0.009999999776482582	CHEMBL77319,TP,ACT,1.0	CHEMBL49993,TP,ACT,1.0	CHEMBL45650,TP,ACT,0.9300000071525574	CHEMBL3431907,TN,INACT,0.0	CHEMBL140291,TP,ACT,0.4099999964237213	CHEMBL126024,TP,ACT,1.0	CHEMBL298199,TP,ACT,0.9700000286102295	CHEMBL278161,TN,INACT,0.3100000023841858	CHEMBL3087998,TN,INACT,0.07000000029802322	CHEMBL40689,FP,INACT,0.9300000071525574	CHEMBL218741,TN,INACT,0.009999999776482582	CHEMBL100533,TP,ACT,1.0	CHEMBL54040,TP,ACT,0.9800000190734863	CHEMBL34221,TP,ACT,0.9700000286102295	CHEMBL22400,TN,INACT,0.0	CHEMBL281332,FN,ACT,0.0	CHEMBL297074,TP,ACT,0.9599999785423279	CHEMBL282542,TN,INACT,0.05999999865889549	CHEMBL3431806,TN,INACT,0.0	CHEMBL54639,TP,ACT,1.0	CHEMBL21583,FN,ACT,0.3100000023841858	CHEMBL49524,TP,ACT,1.0	CHEMBL49682,TP,ACT,1.0	CHEMBL9470,TN,INACT,0.009999999776482582	CHEMBL303527,TP,ACT,0.9800000190734863	CHEMBL91306,TN,INACT,0.0	CHEMBL11400,TP,ACT,0.6100000143051147	CHEMBL22373,TP,ACT,0.38999998569488525	CHEMBL2335552,TN,INACT,0.009999999776482582	CHEMBL2216763,TN,INACT,0.009999999776482582	CHEMBL22407,TN,INACT,0.0	CHEMBL52576,TP,ACT,0.9800000190734863	CHEMBL3431503,TN,INACT,0.15000000596046448	CHEMBL280732,FP,INACT,1.0	CHEMBL2178387,TN,INACT,0.029999999329447746	CHEMBL371677,TP,ACT,0.7099999785423279	CHEMBL197916,TN,INACT,0.0	CHEMBL2178950,TN,INACT,0.009999999776482582	CHEMBL129727,TP,ACT,1.0	CHEMBL172055,TN,INACT,0.009999999776482582	CHEMBL344702,TP,ACT,0.8999999761581421	CHEMBL47509,TP,ACT,0.9900000095367432	CHEMBL417187,TP,ACT,1.0	CHEMBL3431546,TN,INACT,0.09000000357627869	CHEMBL416183,FP,INACT,0.8899999856948853	CHEMBL75694,TP,ACT,1.0	CHEMBL3431709,TN,INACT,0.0	CHEMBL137235,TN,INACT,0.0	CHEMBL22952,FN,ACT,0.019999999552965164	CHEMBL3431540,TN,INACT,0.0	CHEMBL296772,TP,ACT,0.9300000071525574	CHEMBL41186,TP,ACT,0.9900000095367432	CHEMBL321124,TN,INACT,0.03999999910593033	CHEMBL417493,TP,ACT,0.9700000286102295	CHEMBL45740,TP,ACT,0.9900000095367432	CHEMBL8951,TN,INACT,0.009999999776482582	CHEMBL441970,TP,ACT,0.9800000190734863	CHEMBL3431829,TN,INACT,0.05999999865889549	CHEMBL53613,TP,ACT,0.9599999785423279	CHEMBL316471,TP,ACT,0.9900000095367432	CHEMBL119751,TP,ACT,0.9700000286102295	CHEMBL2375697,FP,INACT,0.3700000047683716	CHEMBL3431547,TN,INACT,0.10999999940395355	CHEMBL64976,TP,ACT,0.9900000095367432	CHEMBL91931,TP,ACT,0.75	CHEMBL48034,TP,ACT,0.949999988079071	CHEMBL23541,FP,INACT,1.0	CHEMBL332966,TP,ACT,1.0	CHEMBL126314,TP,ACT,1.0	CHEMBL270041,TN,INACT,0.11999999731779099	CHEMBL539337,TP,ACT,0.9700000286102295	CHEMBL2178386,TN,INACT,0.019999999552965164	CHEMBL277914,TN,INACT,0.019999999552965164	CHEMBL3431490,TN,INACT,0.0	CHEMBL3431668,TN,INACT,0.019999999552965164	CHEMBL3431506,TN,INACT,0.05000000074505806	CHEMBL523622,TN,INACT,0.009999999776482582	CHEMBL298682,TP,ACT,0.9900000095367432	CHEMBL42230,TP,ACT,0.9700000286102295	CHEMBL310661,TP,ACT,1.0	CHEMBL300617,TP,ACT,1.0	CHEMBL22297,TN,INACT,0.0	CHEMBL3431808,TN,INACT,0.009999999776482582	CHEMBL2335516,FP,INACT,0.9800000190734863	CHEMBL3431496,TN,INACT,0.11999999731779099	CHEMBL22476,FN,ACT,0.0	CHEMBL68253,TN,INACT,0.019999999552965164	CHEMBL48946,TP,ACT,1.0	CHEMBL159993,FN,ACT,0.009999999776482582	CHEMBL275265,TP,ACT,1.0	CHEMBL53378,TP,ACT,1.0	CHEMBL22842,FP,INACT,0.8899999856948853	CHEMBL544924,TN,INACT,0.009999999776482582	CHEMBL274185,TP,ACT,0.9900000095367432	CHEMBL277986,TP,ACT,0.9700000286102295	CHEMBL432037,TP,ACT,1.0	CHEMBL160149,TP,ACT,1.0	CHEMBL119272,TP,ACT,1.0	CHEMBL161798,TP,ACT,0.9399999976158142	CHEMBL22523,FN,ACT,0.05999999865889549	CHEMBL279727,TP,ACT,0.33000001311302185	CHEMBL45580,TP,ACT,0.949999988079071	CHEMBL330039,FP,INACT,0.9700000286102295	CHEMBL280176,FN,ACT,0.05999999865889549	CHEMBL12570,FP,INACT,0.9700000286102295	CHEMBL64122,TN,INACT,0.3199999928474426	CHEMBL540370,TP,ACT,0.8199999928474426	CHEMBL48271,TP,ACT,0.9399999976158142	

