ImageNetInceptionV2 CHEMBL3911 adam 0.001 15 0 0 0.6 False True
Number of active compounds :	307
Number of inactive compounds :	307
---------------------------------
Run id: ImageNetInceptionV2_CHEMBL3911_adam_0.001_15_0_0_0.6_False_True_id
Log directory: ../tflearnLogs/ImageNetInceptionV2_CHEMBL3911_adam_0.001_15_0.6/
---------------------------------
Training samples: 390
Validation samples: 122
--
Training Step: 1  | time: 65.432s
[2K
| Adam | epoch: 001 | loss: 0.00000 - acc: 0.0000 -- iter: 032/390
[A[ATraining Step: 2  | total loss: [1m[32m0.67606[0m[0m | time: 79.118s
[2K
| Adam | epoch: 001 | loss: 0.67606 - acc: 0.4219 -- iter: 064/390
[A[ATraining Step: 3  | total loss: [1m[32m0.64683[0m[0m | time: 92.453s
[2K
| Adam | epoch: 001 | loss: 0.64683 - acc: 0.6136 -- iter: 096/390
[A[ATraining Step: 4  | total loss: [1m[32m0.62085[0m[0m | time: 105.186s
[2K
| Adam | epoch: 001 | loss: 0.62085 - acc: 0.5987 -- iter: 128/390
[A[ATraining Step: 5  | total loss: [1m[32m0.66266[0m[0m | time: 118.961s
[2K
| Adam | epoch: 001 | loss: 0.66266 - acc: 0.6818 -- iter: 160/390
[A[ATraining Step: 6  | total loss: [1m[32m0.93249[0m[0m | time: 132.278s
[2K
| Adam | epoch: 001 | loss: 0.93249 - acc: 0.6453 -- iter: 192/390
[A[ATraining Step: 7  | total loss: [1m[32m0.67746[0m[0m | time: 145.823s
[2K
| Adam | epoch: 001 | loss: 0.67746 - acc: 0.7644 -- iter: 224/390
[A[ATraining Step: 8  | total loss: [1m[32m0.79125[0m[0m | time: 158.842s
[2K
| Adam | epoch: 001 | loss: 0.79125 - acc: 0.6157 -- iter: 256/390
[A[ATraining Step: 9  | total loss: [1m[32m0.75944[0m[0m | time: 172.408s
[2K
| Adam | epoch: 001 | loss: 0.75944 - acc: 0.6206 -- iter: 288/390
[A[ATraining Step: 10  | total loss: [1m[32m0.90850[0m[0m | time: 185.796s
[2K
| Adam | epoch: 001 | loss: 0.90850 - acc: 0.5916 -- iter: 320/390
[A[ATraining Step: 11  | total loss: [1m[32m0.66363[0m[0m | time: 199.120s
[2K
| Adam | epoch: 001 | loss: 0.66363 - acc: 0.7258 -- iter: 352/390
[A[ATraining Step: 12  | total loss: [1m[32m0.61762[0m[0m | time: 212.558s
[2K
| Adam | epoch: 001 | loss: 0.61762 - acc: 0.6804 -- iter: 384/390
[A[ATraining Step: 13  | total loss: [1m[32m0.59069[0m[0m | time: 238.416s
[2K
| Adam | epoch: 001 | loss: 0.59069 - acc: 0.7103 | val_loss: 1.95195 - val_acc: 0.4754 -- iter: 390/390
--
Training Step: 14  | total loss: [1m[32m0.62388[0m[0m | time: 2.501s
[2K
| Adam | epoch: 002 | loss: 0.62388 - acc: 0.6242 -- iter: 032/390
[A[ATraining Step: 15  | total loss: [1m[32m0.57423[0m[0m | time: 12.754s
[2K
| Adam | epoch: 002 | loss: 0.57423 - acc: 0.6408 -- iter: 064/390
[A[ATraining Step: 16  | total loss: [1m[32m0.56905[0m[0m | time: 25.343s
[2K
| Adam | epoch: 002 | loss: 0.56905 - acc: 0.6466 -- iter: 096/390
[A[ATraining Step: 17  | total loss: [1m[32m0.62824[0m[0m | time: 38.572s
[2K
| Adam | epoch: 002 | loss: 0.62824 - acc: 0.6163 -- iter: 128/390
[A[ATraining Step: 18  | total loss: [1m[32m0.67037[0m[0m | time: 52.343s
[2K
| Adam | epoch: 002 | loss: 0.67037 - acc: 0.5869 -- iter: 160/390
[A[ATraining Step: 19  | total loss: [1m[32m0.66597[0m[0m | time: 65.565s
[2K
| Adam | epoch: 002 | loss: 0.66597 - acc: 0.6100 -- iter: 192/390
[A[ATraining Step: 20  | total loss: [1m[32m0.60329[0m[0m | time: 80.042s
[2K
| Adam | epoch: 002 | loss: 0.60329 - acc: 0.6650 -- iter: 224/390
[A[ATraining Step: 21  | total loss: [1m[32m0.51480[0m[0m | time: 98.251s
[2K
| Adam | epoch: 002 | loss: 0.51480 - acc: 0.7302 -- iter: 256/390
[A[ATraining Step: 22  | total loss: [1m[32m0.55381[0m[0m | time: 114.532s
[2K
| Adam | epoch: 002 | loss: 0.55381 - acc: 0.7268 -- iter: 288/390
[A[ATraining Step: 23  | total loss: [1m[32m0.53278[0m[0m | time: 127.035s
[2K
| Adam | epoch: 002 | loss: 0.53278 - acc: 0.7063 -- iter: 320/390
[A[ATraining Step: 24  | total loss: [1m[32m0.52019[0m[0m | time: 139.816s
[2K
| Adam | epoch: 002 | loss: 0.52019 - acc: 0.7274 -- iter: 352/390
[A[ATraining Step: 25  | total loss: [1m[32m0.47352[0m[0m | time: 152.610s
[2K
| Adam | epoch: 002 | loss: 0.47352 - acc: 0.7762 -- iter: 384/390
[A[ATraining Step: 26  | total loss: [1m[32m0.43769[0m[0m | time: 174.308s
[2K
| Adam | epoch: 002 | loss: 0.43769 - acc: 0.8189 | val_loss: 2.19442 - val_acc: 0.4754 -- iter: 390/390
--
Training Step: 27  | total loss: [1m[32m0.42640[0m[0m | time: 3.904s
[2K
| Adam | epoch: 003 | loss: 0.42640 - acc: 0.8092 -- iter: 032/390
[A[ATraining Step: 28  | total loss: [1m[32m0.40543[0m[0m | time: 7.488s
[2K
| Adam | epoch: 003 | loss: 0.40543 - acc: 0.8152 -- iter: 064/390
[A[ATraining Step: 29  | total loss: [1m[32m0.33482[0m[0m | time: 19.790s
[2K
| Adam | epoch: 003 | loss: 0.33482 - acc: 0.8602 -- iter: 096/390
[A[ATraining Step: 30  | total loss: [1m[32m0.36410[0m[0m | time: 32.440s
[2K
| Adam | epoch: 003 | loss: 0.36410 - acc: 0.8341 -- iter: 128/390
[A[ATraining Step: 31  | total loss: [1m[32m0.33401[0m[0m | time: 45.133s
[2K
| Adam | epoch: 003 | loss: 0.33401 - acc: 0.8507 -- iter: 160/390
[A[ATraining Step: 32  | total loss: [1m[32m0.31446[0m[0m | time: 58.278s
[2K
| Adam | epoch: 003 | loss: 0.31446 - acc: 0.8632 -- iter: 192/390
[A[ATraining Step: 33  | total loss: [1m[32m0.29304[0m[0m | time: 70.683s
[2K
| Adam | epoch: 003 | loss: 0.29304 - acc: 0.8795 -- iter: 224/390
[A[ATraining Step: 34  | total loss: [1m[32m0.30607[0m[0m | time: 83.328s
[2K
| Adam | epoch: 003 | loss: 0.30607 - acc: 0.8786 -- iter: 256/390
[A[ATraining Step: 35  | total loss: [1m[32m0.27947[0m[0m | time: 96.332s
[2K
| Adam | epoch: 003 | loss: 0.27947 - acc: 0.8778 -- iter: 288/390
[A[ATraining Step: 36  | total loss: [1m[32m0.26769[0m[0m | time: 109.074s
[2K
| Adam | epoch: 003 | loss: 0.26769 - acc: 0.8772 -- iter: 320/390
[A[ATraining Step: 37  | total loss: [1m[32m0.26666[0m[0m | time: 121.902s
[2K
| Adam | epoch: 003 | loss: 0.26666 - acc: 0.8830 -- iter: 352/390
[A[ATraining Step: 38  | total loss: [1m[32m0.25247[0m[0m | time: 134.280s
[2K
| Adam | epoch: 003 | loss: 0.25247 - acc: 0.8937 -- iter: 384/390
[A[ATraining Step: 39  | total loss: [1m[32m0.23436[0m[0m | time: 156.089s
[2K
| Adam | epoch: 003 | loss: 0.23436 - acc: 0.9081 | val_loss: 1.83286 - val_acc: 0.5082 -- iter: 390/390
--
Training Step: 40  | total loss: [1m[32m0.22703[0m[0m | time: 12.571s
[2K
| Adam | epoch: 004 | loss: 0.22703 - acc: 0.9136 -- iter: 032/390
[A[ATraining Step: 41  | total loss: [1m[32m0.19419[0m[0m | time: 16.197s
[2K
| Adam | epoch: 004 | loss: 0.19419 - acc: 0.9237 -- iter: 064/390
[A[ATraining Step: 42  | total loss: [1m[32m0.16970[0m[0m | time: 19.954s
[2K
| Adam | epoch: 004 | loss: 0.16970 - acc: 0.9374 -- iter: 096/390
[A[ATraining Step: 43  | total loss: [1m[32m0.14112[0m[0m | time: 31.967s
[2K
| Adam | epoch: 004 | loss: 0.14112 - acc: 0.9485 -- iter: 128/390
[A[ATraining Step: 44  | total loss: [1m[32m0.16136[0m[0m | time: 45.145s
[2K
| Adam | epoch: 004 | loss: 0.16136 - acc: 0.9358 -- iter: 160/390
[A[ATraining Step: 45  | total loss: [1m[32m0.17616[0m[0m | time: 58.027s
[2K
| Adam | epoch: 004 | loss: 0.17616 - acc: 0.9201 -- iter: 192/390
[A[ATraining Step: 46  | total loss: [1m[32m0.24632[0m[0m | time: 70.690s
[2K
| Adam | epoch: 004 | loss: 0.24632 - acc: 0.9022 -- iter: 224/390
[A[ATraining Step: 47  | total loss: [1m[32m0.22133[0m[0m | time: 82.901s
[2K
| Adam | epoch: 004 | loss: 0.22133 - acc: 0.9080 -- iter: 256/390
[A[ATraining Step: 48  | total loss: [1m[32m0.22501[0m[0m | time: 95.323s
[2K
| Adam | epoch: 004 | loss: 0.22501 - acc: 0.9077 -- iter: 288/390
[A[ATraining Step: 49  | total loss: [1m[32m0.22212[0m[0m | time: 108.135s
[2K
| Adam | epoch: 004 | loss: 0.22212 - acc: 0.9075 -- iter: 320/390
[A[ATraining Step: 50  | total loss: [1m[32m0.25775[0m[0m | time: 121.141s
[2K
| Adam | epoch: 004 | loss: 0.25775 - acc: 0.9024 -- iter: 352/390
[A[ATraining Step: 51  | total loss: [1m[32m0.25703[0m[0m | time: 134.421s
[2K
| Adam | epoch: 004 | loss: 0.25703 - acc: 0.8982 -- iter: 384/390
[A[ATraining Step: 52  | total loss: [1m[32m0.26878[0m[0m | time: 161.047s
[2K
| Adam | epoch: 004 | loss: 0.26878 - acc: 0.8948 | val_loss: 0.75372 - val_acc: 0.6803 -- iter: 390/390
--
Training Step: 53  | total loss: [1m[32m0.24593[0m[0m | time: 18.608s
[2K
| Adam | epoch: 005 | loss: 0.24593 - acc: 0.9057 -- iter: 032/390
[A[ATraining Step: 54  | total loss: [1m[32m0.23491[0m[0m | time: 34.149s
[2K
| Adam | epoch: 005 | loss: 0.23491 - acc: 0.9103 -- iter: 064/390
[A[ATraining Step: 55  | total loss: [1m[32m0.24546[0m[0m | time: 38.519s
[2K
| Adam | epoch: 005 | loss: 0.24546 - acc: 0.8963 -- iter: 096/390
[A[ATraining Step: 56  | total loss: [1m[32m0.31493[0m[0m | time: 42.913s
[2K
| Adam | epoch: 005 | loss: 0.31493 - acc: 0.8640 -- iter: 128/390
[A[ATraining Step: 57  | total loss: [1m[32m0.29292[0m[0m | time: 58.360s
[2K
| Adam | epoch: 005 | loss: 0.29292 - acc: 0.8829 -- iter: 160/390
[A[ATraining Step: 58  | total loss: [1m[32m0.26853[0m[0m | time: 73.754s
[2K
| Adam | epoch: 005 | loss: 0.26853 - acc: 0.8946 -- iter: 192/390
[A[ATraining Step: 59  | total loss: [1m[32m0.27408[0m[0m | time: 88.793s
[2K
| Adam | epoch: 005 | loss: 0.27408 - acc: 0.8877 -- iter: 224/390
[A[ATraining Step: 60  | total loss: [1m[32m0.27076[0m[0m | time: 104.235s
[2K
| Adam | epoch: 005 | loss: 0.27076 - acc: 0.8861 -- iter: 256/390
[A[ATraining Step: 61  | total loss: [1m[32m0.27902[0m[0m | time: 119.277s
[2K
| Adam | epoch: 005 | loss: 0.27902 - acc: 0.8805 -- iter: 288/390
[A[ATraining Step: 62  | total loss: [1m[32m0.28828[0m[0m | time: 135.109s
[2K
| Adam | epoch: 005 | loss: 0.28828 - acc: 0.8758 -- iter: 320/390
[A[ATraining Step: 63  | total loss: [1m[32m0.27562[0m[0m | time: 150.405s
[2K
| Adam | epoch: 005 | loss: 0.27562 - acc: 0.8797 -- iter: 352/390
[A[ATraining Step: 64  | total loss: [1m[32m0.25391[0m[0m | time: 166.973s
[2K
| Adam | epoch: 005 | loss: 0.25391 - acc: 0.8908 -- iter: 384/390
[A[ATraining Step: 65  | total loss: [1m[32m0.23498[0m[0m | time: 193.849s
[2K
| Adam | epoch: 005 | loss: 0.23498 - acc: 0.8966 | val_loss: 1.26287 - val_acc: 0.6230 -- iter: 390/390
--
Training Step: 66  | total loss: [1m[32m0.21857[0m[0m | time: 14.287s
[2K
| Adam | epoch: 006 | loss: 0.21857 - acc: 0.9015 -- iter: 032/390
[A[ATraining Step: 67  | total loss: [1m[32m0.19815[0m[0m | time: 28.736s
[2K
| Adam | epoch: 006 | loss: 0.19815 - acc: 0.9134 -- iter: 064/390
[A[ATraining Step: 68  | total loss: [1m[32m0.17846[0m[0m | time: 42.878s
[2K
| Adam | epoch: 006 | loss: 0.17846 - acc: 0.9236 -- iter: 096/390
[A[ATraining Step: 69  | total loss: [1m[32m0.17141[0m[0m | time: 47.143s
[2K
| Adam | epoch: 006 | loss: 0.17141 - acc: 0.9252 -- iter: 128/390
[A[ATraining Step: 70  | total loss: [1m[32m0.15227[0m[0m | time: 51.584s
[2K
| Adam | epoch: 006 | loss: 0.15227 - acc: 0.9339 -- iter: 160/390
[A[ATraining Step: 71  | total loss: [1m[32m0.13565[0m[0m | time: 66.093s
[2K
| Adam | epoch: 006 | loss: 0.13565 - acc: 0.9414 -- iter: 192/390
[A[ATraining Step: 72  | total loss: [1m[32m0.13075[0m[0m | time: 80.380s
[2K
| Adam | epoch: 006 | loss: 0.13075 - acc: 0.9445 -- iter: 224/390
[A[ATraining Step: 73  | total loss: [1m[32m0.14853[0m[0m | time: 95.033s
[2K
| Adam | epoch: 006 | loss: 0.14853 - acc: 0.9437 -- iter: 256/390
[A[ATraining Step: 74  | total loss: [1m[32m0.15448[0m[0m | time: 110.206s
[2K
| Adam | epoch: 006 | loss: 0.15448 - acc: 0.9464 -- iter: 288/390
[A[ATraining Step: 75  | total loss: [1m[32m0.17306[0m[0m | time: 124.832s
[2K
| Adam | epoch: 006 | loss: 0.17306 - acc: 0.9455 -- iter: 320/390
[A[ATraining Step: 76  | total loss: [1m[32m0.16538[0m[0m | time: 138.994s
[2K
| Adam | epoch: 006 | loss: 0.16538 - acc: 0.9480 -- iter: 352/390
[A[ATraining Step: 77  | total loss: [1m[32m0.15634[0m[0m | time: 151.383s
[2K
| Adam | epoch: 006 | loss: 0.15634 - acc: 0.9502 -- iter: 384/390
[A[ATraining Step: 78  | total loss: [1m[32m0.14327[0m[0m | time: 172.569s
[2K
| Adam | epoch: 006 | loss: 0.14327 - acc: 0.9554 | val_loss: 4.18447 - val_acc: 0.5246 -- iter: 390/390
--
Training Step: 79  | total loss: [1m[32m0.15058[0m[0m | time: 12.635s
[2K
| Adam | epoch: 007 | loss: 0.15058 - acc: 0.9503 -- iter: 032/390
[A[ATraining Step: 80  | total loss: [1m[32m0.17368[0m[0m | time: 27.432s
[2K
| Adam | epoch: 007 | loss: 0.17368 - acc: 0.9490 -- iter: 064/390
[A[ATraining Step: 81  | total loss: [1m[32m0.19640[0m[0m | time: 41.262s
[2K
| Adam | epoch: 007 | loss: 0.19640 - acc: 0.9352 -- iter: 096/390
[A[ATraining Step: 82  | total loss: [1m[32m0.17814[0m[0m | time: 55.324s
[2K
| Adam | epoch: 007 | loss: 0.17814 - acc: 0.9417 -- iter: 128/390
[A[ATraining Step: 83  | total loss: [1m[32m0.16588[0m[0m | time: 59.103s
[2K
| Adam | epoch: 007 | loss: 0.16588 - acc: 0.9444 -- iter: 160/390
[A[ATraining Step: 84  | total loss: [1m[32m0.15184[0m[0m | time: 62.987s
[2K
| Adam | epoch: 007 | loss: 0.15184 - acc: 0.9499 -- iter: 192/390
[A[ATraining Step: 85  | total loss: [1m[32m0.13825[0m[0m | time: 75.702s
[2K
| Adam | epoch: 007 | loss: 0.13825 - acc: 0.9549 -- iter: 224/390
[A[ATraining Step: 86  | total loss: [1m[32m0.13223[0m[0m | time: 88.382s
[2K
| Adam | epoch: 007 | loss: 0.13223 - acc: 0.9563 -- iter: 256/390
[A[ATraining Step: 87  | total loss: [1m[32m0.12857[0m[0m | time: 100.924s
[2K
| Adam | epoch: 007 | loss: 0.12857 - acc: 0.9576 -- iter: 288/390
[A[ATraining Step: 88  | total loss: [1m[32m0.12658[0m[0m | time: 113.512s
[2K
| Adam | epoch: 007 | loss: 0.12658 - acc: 0.9556 -- iter: 320/390
[A[ATraining Step: 89  | total loss: [1m[32m0.12563[0m[0m | time: 126.292s
[2K
| Adam | epoch: 007 | loss: 0.12563 - acc: 0.9538 -- iter: 352/390
[A[ATraining Step: 90  | total loss: [1m[32m0.13237[0m[0m | time: 139.043s
[2K
| Adam | epoch: 007 | loss: 0.13237 - acc: 0.9521 -- iter: 384/390
[A[ATraining Step: 91  | total loss: [1m[32m0.12208[0m[0m | time: 161.183s
[2K
| Adam | epoch: 007 | loss: 0.12208 - acc: 0.9569 | val_loss: 0.28871 - val_acc: 0.9262 -- iter: 390/390
--
Training Step: 92  | total loss: [1m[32m0.11183[0m[0m | time: 8.255s
[2K
| Adam | epoch: 008 | loss: 0.11183 - acc: 0.9612 -- iter: 032/390
[A[ATraining Step: 93  | total loss: [1m[32m0.10303[0m[0m | time: 23.994s
[2K
| Adam | epoch: 008 | loss: 0.10303 - acc: 0.9651 -- iter: 064/390
[A[ATraining Step: 94  | total loss: [1m[32m0.16355[0m[0m | time: 41.281s
[2K
| Adam | epoch: 008 | loss: 0.16355 - acc: 0.9561 -- iter: 096/390
[A[ATraining Step: 95  | total loss: [1m[32m0.17431[0m[0m | time: 49.677s
[2K
| Adam | epoch: 008 | loss: 0.17431 - acc: 0.9480 -- iter: 128/390
[A[ATraining Step: 96  | total loss: [1m[32m0.15892[0m[0m | time: 57.606s
[2K
| Adam | epoch: 008 | loss: 0.15892 - acc: 0.9532 -- iter: 160/390
[A[ATraining Step: 97  | total loss: [1m[32m0.15057[0m[0m | time: 59.877s
[2K
| Adam | epoch: 008 | loss: 0.15057 - acc: 0.9547 -- iter: 192/390
[A[ATraining Step: 98  | total loss: [1m[32m0.16258[0m[0m | time: 62.078s
[2K
| Adam | epoch: 008 | loss: 0.16258 - acc: 0.9426 -- iter: 224/390
[A[ATraining Step: 99  | total loss: [1m[32m0.17508[0m[0m | time: 69.888s
[2K
| Adam | epoch: 008 | loss: 0.17508 - acc: 0.9317 -- iter: 256/390
[A[ATraining Step: 100  | total loss: [1m[32m0.15870[0m[0m | time: 77.847s
[2K
| Adam | epoch: 008 | loss: 0.15870 - acc: 0.9385 -- iter: 288/390
[A[ATraining Step: 101  | total loss: [1m[32m0.15379[0m[0m | time: 85.911s
[2K
| Adam | epoch: 008 | loss: 0.15379 - acc: 0.9384 -- iter: 320/390
[A[ATraining Step: 102  | total loss: [1m[32m0.14668[0m[0m | time: 93.822s
[2K
| Adam | epoch: 008 | loss: 0.14668 - acc: 0.9414 -- iter: 352/390
[A[ATraining Step: 103  | total loss: [1m[32m0.13748[0m[0m | time: 101.818s
[2K
| Adam | epoch: 008 | loss: 0.13748 - acc: 0.9442 -- iter: 384/390
[A[ATraining Step: 104  | total loss: [1m[32m0.14186[0m[0m | time: 115.237s
[2K
| Adam | epoch: 008 | loss: 0.14186 - acc: 0.9435 | val_loss: 2.48858 - val_acc: 0.5000 -- iter: 390/390
--
Training Step: 105  | total loss: [1m[32m0.13109[0m[0m | time: 7.961s
[2K
| Adam | epoch: 009 | loss: 0.13109 - acc: 0.9492 -- iter: 032/390
[A[ATraining Step: 106  | total loss: [1m[32m0.14834[0m[0m | time: 16.239s
[2K
| Adam | epoch: 009 | loss: 0.14834 - acc: 0.9480 -- iter: 064/390
[A[ATraining Step: 107  | total loss: [1m[32m0.13719[0m[0m | time: 24.148s
[2K
| Adam | epoch: 009 | loss: 0.13719 - acc: 0.9532 -- iter: 096/390
[A[ATraining Step: 108  | total loss: [1m[32m0.14217[0m[0m | time: 31.940s
[2K
| Adam | epoch: 009 | loss: 0.14217 - acc: 0.9547 -- iter: 128/390
[A[ATraining Step: 109  | total loss: [1m[32m0.13439[0m[0m | time: 39.952s
[2K
| Adam | epoch: 009 | loss: 0.13439 - acc: 0.9561 -- iter: 160/390
[A[ATraining Step: 110  | total loss: [1m[32m0.14185[0m[0m | time: 47.733s
[2K
| Adam | epoch: 009 | loss: 0.14185 - acc: 0.9543 -- iter: 192/390
[A[ATraining Step: 111  | total loss: [1m[32m0.12985[0m[0m | time: 49.991s
[2K
| Adam | epoch: 009 | loss: 0.12985 - acc: 0.9589 -- iter: 224/390
[A[ATraining Step: 112  | total loss: [1m[32m0.17335[0m[0m | time: 52.225s
[2K
| Adam | epoch: 009 | loss: 0.17335 - acc: 0.9463 -- iter: 256/390
[A[ATraining Step: 113  | total loss: [1m[32m0.17282[0m[0m | time: 60.080s
[2K
| Adam | epoch: 009 | loss: 0.17282 - acc: 0.9517 -- iter: 288/390
[A[ATraining Step: 114  | total loss: [1m[32m0.16318[0m[0m | time: 68.031s
[2K
| Adam | epoch: 009 | loss: 0.16318 - acc: 0.9534 -- iter: 320/390
[A[ATraining Step: 115  | total loss: [1m[32m0.15742[0m[0m | time: 75.918s
[2K
| Adam | epoch: 009 | loss: 0.15742 - acc: 0.9549 -- iter: 352/390
[A[ATraining Step: 116  | total loss: [1m[32m0.16342[0m[0m | time: 83.886s
[2K
| Adam | epoch: 009 | loss: 0.16342 - acc: 0.9469 -- iter: 384/390
[A[ATraining Step: 117  | total loss: [1m[32m0.17324[0m[0m | time: 97.271s
[2K
| Adam | epoch: 009 | loss: 0.17324 - acc: 0.9397 | val_loss: 3.73059 - val_acc: 0.5246 -- iter: 390/390
--
Training Step: 118  | total loss: [1m[32m0.16089[0m[0m | time: 7.984s
[2K
| Adam | epoch: 010 | loss: 0.16089 - acc: 0.9458 -- iter: 032/390
[A[ATraining Step: 119  | total loss: [1m[32m0.14807[0m[0m | time: 15.890s
[2K
| Adam | epoch: 010 | loss: 0.14807 - acc: 0.9512 -- iter: 064/390
[A[ATraining Step: 120  | total loss: [1m[32m0.14054[0m[0m | time: 23.868s
[2K
| Adam | epoch: 010 | loss: 0.14054 - acc: 0.9561 -- iter: 096/390
[A[ATraining Step: 121  | total loss: [1m[32m0.14156[0m[0m | time: 31.980s
[2K
| Adam | epoch: 010 | loss: 0.14156 - acc: 0.9573 -- iter: 128/390
[A[ATraining Step: 122  | total loss: [1m[32m0.19306[0m[0m | time: 39.786s
[2K
| Adam | epoch: 010 | loss: 0.19306 - acc: 0.9522 -- iter: 160/390
[A[ATraining Step: 123  | total loss: [1m[32m0.17985[0m[0m | time: 47.802s
[2K
| Adam | epoch: 010 | loss: 0.17985 - acc: 0.9539 -- iter: 192/390
[A[ATraining Step: 124  | total loss: [1m[32m0.16972[0m[0m | time: 55.739s
[2K
| Adam | epoch: 010 | loss: 0.16972 - acc: 0.9554 -- iter: 224/390
[A[ATraining Step: 125  | total loss: [1m[32m0.15429[0m[0m | time: 57.982s
[2K
| Adam | epoch: 010 | loss: 0.15429 - acc: 0.9598 -- iter: 256/390
[A[ATraining Step: 126  | total loss: [1m[32m0.17740[0m[0m | time: 60.199s
[2K
| Adam | epoch: 010 | loss: 0.17740 - acc: 0.9305 -- iter: 288/390
[A[ATraining Step: 127  | total loss: [1m[32m0.17290[0m[0m | time: 68.106s
[2K
| Adam | epoch: 010 | loss: 0.17290 - acc: 0.9375 -- iter: 320/390
[A[ATraining Step: 128  | total loss: [1m[32m0.16080[0m[0m | time: 75.964s
[2K
| Adam | epoch: 010 | loss: 0.16080 - acc: 0.9437 -- iter: 352/390
[A[ATraining Step: 129  | total loss: [1m[32m0.16821[0m[0m | time: 83.947s
[2K
| Adam | epoch: 010 | loss: 0.16821 - acc: 0.9431 -- iter: 384/390
[A[ATraining Step: 130  | total loss: [1m[32m0.17026[0m[0m | time: 97.271s
[2K
| Adam | epoch: 010 | loss: 0.17026 - acc: 0.9394 | val_loss: 2.11058 - val_acc: 0.4836 -- iter: 390/390
--
Training Step: 131  | total loss: [1m[32m0.15633[0m[0m | time: 7.938s
[2K
| Adam | epoch: 011 | loss: 0.15633 - acc: 0.9455 -- iter: 032/390
[A[ATraining Step: 132  | total loss: [1m[32m0.14433[0m[0m | time: 16.027s
[2K
| Adam | epoch: 011 | loss: 0.14433 - acc: 0.9509 -- iter: 064/390
[A[ATraining Step: 133  | total loss: [1m[32m0.13532[0m[0m | time: 24.004s
[2K
| Adam | epoch: 011 | loss: 0.13532 - acc: 0.9558 -- iter: 096/390
[A[ATraining Step: 134  | total loss: [1m[32m0.12987[0m[0m | time: 32.055s
[2K
| Adam | epoch: 011 | loss: 0.12987 - acc: 0.9602 -- iter: 128/390
[A[ATraining Step: 135  | total loss: [1m[32m0.12569[0m[0m | time: 39.955s
[2K
| Adam | epoch: 011 | loss: 0.12569 - acc: 0.9611 -- iter: 160/390
[A[ATraining Step: 136  | total loss: [1m[32m0.13186[0m[0m | time: 47.942s
[2K
| Adam | epoch: 011 | loss: 0.13186 - acc: 0.9587 -- iter: 192/390
[A[ATraining Step: 137  | total loss: [1m[32m0.13515[0m[0m | time: 55.809s
[2K
| Adam | epoch: 011 | loss: 0.13515 - acc: 0.9566 -- iter: 224/390
[A[ATraining Step: 138  | total loss: [1m[32m0.14194[0m[0m | time: 63.865s
[2K
| Adam | epoch: 011 | loss: 0.14194 - acc: 0.9578 -- iter: 256/390
[A[ATraining Step: 139  | total loss: [1m[32m0.13994[0m[0m | time: 66.071s
[2K
| Adam | epoch: 011 | loss: 0.13994 - acc: 0.9589 -- iter: 288/390
[A[ATraining Step: 140  | total loss: [1m[32m0.12718[0m[0m | time: 68.319s
[2K
| Adam | epoch: 011 | loss: 0.12718 - acc: 0.9630 -- iter: 320/390
[A[ATraining Step: 141  | total loss: [1m[32m0.11520[0m[0m | time: 76.218s
[2K
| Adam | epoch: 011 | loss: 0.11520 - acc: 0.9667 -- iter: 352/390
[A[ATraining Step: 142  | total loss: [1m[32m0.11767[0m[0m | time: 84.061s
[2K
| Adam | epoch: 011 | loss: 0.11767 - acc: 0.9638 -- iter: 384/390
[A[ATraining Step: 143  | total loss: [1m[32m0.11036[0m[0m | time: 97.469s
[2K
| Adam | epoch: 011 | loss: 0.11036 - acc: 0.9674 | val_loss: 1.53888 - val_acc: 0.6311 -- iter: 390/390
--
Training Step: 144  | total loss: [1m[32m0.10675[0m[0m | time: 7.872s
[2K
| Adam | epoch: 012 | loss: 0.10675 - acc: 0.9644 -- iter: 032/390
[A[ATraining Step: 145  | total loss: [1m[32m0.09978[0m[0m | time: 15.827s
[2K
| Adam | epoch: 012 | loss: 0.09978 - acc: 0.9680 -- iter: 064/390
[A[ATraining Step: 146  | total loss: [1m[32m0.09676[0m[0m | time: 23.749s
[2K
| Adam | epoch: 012 | loss: 0.09676 - acc: 0.9649 -- iter: 096/390
[A[ATraining Step: 147  | total loss: [1m[32m0.09700[0m[0m | time: 31.621s
[2K
| Adam | epoch: 012 | loss: 0.09700 - acc: 0.9653 -- iter: 128/390
[A[ATraining Step: 148  | total loss: [1m[32m0.10290[0m[0m | time: 39.577s
[2K
| Adam | epoch: 012 | loss: 0.10290 - acc: 0.9594 -- iter: 160/390
[A[ATraining Step: 149  | total loss: [1m[32m0.09726[0m[0m | time: 47.510s
[2K
| Adam | epoch: 012 | loss: 0.09726 - acc: 0.9603 -- iter: 192/390
[A[ATraining Step: 150  | total loss: [1m[32m0.10683[0m[0m | time: 55.457s
[2K
| Adam | epoch: 012 | loss: 0.10683 - acc: 0.9581 -- iter: 224/390
[A[ATraining Step: 151  | total loss: [1m[32m0.11215[0m[0m | time: 63.319s
[2K
| Adam | epoch: 012 | loss: 0.11215 - acc: 0.9591 -- iter: 256/390
[A[ATraining Step: 152  | total loss: [1m[32m0.10317[0m[0m | time: 71.289s
[2K
| Adam | epoch: 012 | loss: 0.10317 - acc: 0.9632 -- iter: 288/390
[A[ATraining Step: 153  | total loss: [1m[32m0.10097[0m[0m | time: 73.516s
[2K
| Adam | epoch: 012 | loss: 0.10097 - acc: 0.9638 -- iter: 320/390
[A[ATraining Step: 154  | total loss: [1m[32m0.10913[0m[0m | time: 75.715s
[2K
| Adam | epoch: 012 | loss: 0.10913 - acc: 0.9507 -- iter: 352/390
[A[ATraining Step: 155  | total loss: [1m[32m0.09959[0m[0m | time: 83.659s
[2K
| Adam | epoch: 012 | loss: 0.09959 - acc: 0.9557 -- iter: 384/390
[A[ATraining Step: 156  | total loss: [1m[32m0.09409[0m[0m | time: 96.966s
[2K
| Adam | epoch: 012 | loss: 0.09409 - acc: 0.9570 | val_loss: 1.54514 - val_acc: 0.6148 -- iter: 390/390
--
Training Step: 157  | total loss: [1m[32m0.09677[0m[0m | time: 8.705s
[2K
| Adam | epoch: 013 | loss: 0.09677 - acc: 0.9581 -- iter: 032/390
[A[ATraining Step: 158  | total loss: [1m[32m0.09147[0m[0m | time: 17.408s
[2K
| Adam | epoch: 013 | loss: 0.09147 - acc: 0.9592 -- iter: 064/390
[A[ATraining Step: 159  | total loss: [1m[32m0.09105[0m[0m | time: 26.193s
[2K
| Adam | epoch: 013 | loss: 0.09105 - acc: 0.9602 -- iter: 096/390
[A[ATraining Step: 160  | total loss: [1m[32m0.08593[0m[0m | time: 34.844s
[2K
| Adam | epoch: 013 | loss: 0.08593 - acc: 0.9610 -- iter: 128/390
[A[ATraining Step: 161  | total loss: [1m[32m0.07895[0m[0m | time: 43.366s
[2K
| Adam | epoch: 013 | loss: 0.07895 - acc: 0.9649 -- iter: 160/390
[A[ATraining Step: 162  | total loss: [1m[32m0.07609[0m[0m | time: 52.163s
[2K
| Adam | epoch: 013 | loss: 0.07609 - acc: 0.9684 -- iter: 192/390
[A[ATraining Step: 163  | total loss: [1m[32m0.07538[0m[0m | time: 60.997s
[2K
| Adam | epoch: 013 | loss: 0.07538 - acc: 0.9685 -- iter: 224/390
[A[ATraining Step: 164  | total loss: [1m[32m0.07251[0m[0m | time: 70.040s
[2K
| Adam | epoch: 013 | loss: 0.07251 - acc: 0.9716 -- iter: 256/390
[A[ATraining Step: 165  | total loss: [1m[32m0.07001[0m[0m | time: 78.603s
[2K
| Adam | epoch: 013 | loss: 0.07001 - acc: 0.9713 -- iter: 288/390
[A[ATraining Step: 166  | total loss: [1m[32m0.07438[0m[0m | time: 87.182s
[2K
| Adam | epoch: 013 | loss: 0.07438 - acc: 0.9711 -- iter: 320/390
[A[ATraining Step: 167  | total loss: [1m[32m0.07685[0m[0m | time: 89.536s
[2K
| Adam | epoch: 013 | loss: 0.07685 - acc: 0.9708 -- iter: 352/390
[A[ATraining Step: 168  | total loss: [1m[32m0.15694[0m[0m | time: 92.331s
[2K
| Adam | epoch: 013 | loss: 0.15694 - acc: 0.9238 -- iter: 384/390
[A[ATraining Step: 169  | total loss: [1m[32m0.16011[0m[0m | time: 106.459s
[2K
| Adam | epoch: 013 | loss: 0.16011 - acc: 0.9147 | val_loss: 2.38446 - val_acc: 0.4918 -- iter: 390/390
--
Training Step: 170  | total loss: [1m[32m0.14906[0m[0m | time: 8.546s
[2K
| Adam | epoch: 014 | loss: 0.14906 - acc: 0.9201 -- iter: 032/390
[A[ATraining Step: 171  | total loss: [1m[32m0.13474[0m[0m | time: 17.398s
[2K
| Adam | epoch: 014 | loss: 0.13474 - acc: 0.9281 -- iter: 064/390
[A[ATraining Step: 172  | total loss: [1m[32m0.12270[0m[0m | time: 25.915s
[2K
| Adam | epoch: 014 | loss: 0.12270 - acc: 0.9353 -- iter: 096/390
[A[ATraining Step: 173  | total loss: [1m[32m0.12618[0m[0m | time: 34.866s
[2K
| Adam | epoch: 014 | loss: 0.12618 - acc: 0.9355 -- iter: 128/390
[A[ATraining Step: 174  | total loss: [1m[32m0.13345[0m[0m | time: 43.055s
[2K
| Adam | epoch: 014 | loss: 0.13345 - acc: 0.9357 -- iter: 160/390
[A[ATraining Step: 175  | total loss: [1m[32m0.12615[0m[0m | time: 52.005s
[2K
| Adam | epoch: 014 | loss: 0.12615 - acc: 0.9390 -- iter: 192/390
[A[ATraining Step: 176  | total loss: [1m[32m0.11391[0m[0m | time: 61.088s
[2K
| Adam | epoch: 014 | loss: 0.11391 - acc: 0.9451 -- iter: 224/390
[A[ATraining Step: 177  | total loss: [1m[32m0.10872[0m[0m | time: 69.539s
[2K
| Adam | epoch: 014 | loss: 0.10872 - acc: 0.9475 -- iter: 256/390
[A[ATraining Step: 178  | total loss: [1m[32m0.13410[0m[0m | time: 78.233s
[2K
| Adam | epoch: 014 | loss: 0.13410 - acc: 0.9465 -- iter: 288/390
[A[ATraining Step: 179  | total loss: [1m[32m0.12284[0m[0m | time: 87.399s
[2K
| Adam | epoch: 014 | loss: 0.12284 - acc: 0.9518 -- iter: 320/390
[A[ATraining Step: 180  | total loss: [1m[32m0.12022[0m[0m | time: 95.943s
[2K
| Adam | epoch: 014 | loss: 0.12022 - acc: 0.9535 -- iter: 352/390
[A[ATraining Step: 181  | total loss: [1m[32m0.11040[0m[0m | time: 98.664s
[2K
| Adam | epoch: 014 | loss: 0.11040 - acc: 0.9582 -- iter: 384/390
[A[ATraining Step: 182  | total loss: [1m[32m0.10210[0m[0m | time: 107.401s
[2K
| Adam | epoch: 014 | loss: 0.10210 - acc: 0.9624 | val_loss: 2.74279 - val_acc: 0.5492 -- iter: 390/390
--
Training Step: 183  | total loss: [1m[32m0.09341[0m[0m | time: 7.957s
[2K
| Adam | epoch: 015 | loss: 0.09341 - acc: 0.9661 -- iter: 032/390
[A[ATraining Step: 184  | total loss: [1m[32m0.08929[0m[0m | time: 15.849s
[2K
| Adam | epoch: 015 | loss: 0.08929 - acc: 0.9695 -- iter: 064/390
[A[ATraining Step: 185  | total loss: [1m[32m0.10951[0m[0m | time: 23.766s
[2K
| Adam | epoch: 015 | loss: 0.10951 - acc: 0.9663 -- iter: 096/390
[A[ATraining Step: 186  | total loss: [1m[32m0.10042[0m[0m | time: 32.041s
[2K
| Adam | epoch: 015 | loss: 0.10042 - acc: 0.9697 -- iter: 128/390
[A[ATraining Step: 187  | total loss: [1m[32m0.11016[0m[0m | time: 39.839s
[2K
| Adam | epoch: 015 | loss: 0.11016 - acc: 0.9633 -- iter: 160/390
[A[ATraining Step: 188  | total loss: [1m[32m0.10158[0m[0m | time: 47.947s
[2K
| Adam | epoch: 015 | loss: 0.10158 - acc: 0.9670 -- iter: 192/390
[A[ATraining Step: 189  | total loss: [1m[32m0.09227[0m[0m | time: 55.815s
[2K
| Adam | epoch: 015 | loss: 0.09227 - acc: 0.9703 -- iter: 224/390
[A[ATraining Step: 190  | total loss: [1m[32m0.08574[0m[0m | time: 63.691s
[2K
| Adam | epoch: 015 | loss: 0.08574 - acc: 0.9733 -- iter: 256/390
[A[ATraining Step: 191  | total loss: [1m[32m0.09418[0m[0m | time: 71.548s
[2K
| Adam | epoch: 015 | loss: 0.09418 - acc: 0.9634 -- iter: 288/390
[A[ATraining Step: 192  | total loss: [1m[32m0.08573[0m[0m | time: 79.554s
[2K
| Adam | epoch: 015 | loss: 0.08573 - acc: 0.9671 -- iter: 320/390
[A[ATraining Step: 193  | total loss: [1m[32m0.07883[0m[0m | time: 87.641s
[2K
| Adam | epoch: 015 | loss: 0.07883 - acc: 0.9704 -- iter: 352/390
[A[ATraining Step: 194  | total loss: [1m[32m0.07204[0m[0m | time: 95.619s
[2K
| Adam | epoch: 015 | loss: 0.07204 - acc: 0.9733 -- iter: 384/390
[A[ATraining Step: 195  | total loss: [1m[32m0.07165[0m[0m | time: 103.235s
[2K
| Adam | epoch: 015 | loss: 0.07165 - acc: 0.9729 | val_loss: 0.72181 - val_acc: 0.7951 -- iter: 390/390
--
Validation AUC:0.9722521551724137
Validation AUPRC:0.9603632769816879
Test AUC:0.9865482916330374
Test AUPRC:0.9832723266233325
BestTestF1Score	0.95	0.9	0.95	0.92	0.98	58	5	58	1	0.99
BestTestMCCScore	0.95	0.9	0.95	0.92	0.98	58	5	58	1	0.99
BestTestAccuracyScore	0.95	0.9	0.95	0.92	0.98	58	5	58	1	0.99
BestValidationF1Score	0.93	0.87	0.93	0.9	0.97	56	6	58	2	0.99
BestValidationMCC	0.93	0.87	0.93	0.9	0.97	56	6	58	2	0.99
BestValidationAccuracy	0.93	0.87	0.93	0.9	0.97	56	6	58	2	0.99
TestPredictions (Threshold:0.99)
CHEMBL246585,TN,INACT,0.4399999976158142	CHEMBL100624,TN,INACT,0.6899999976158142	CHEMBL595265,TN,INACT,0.6600000262260437	CHEMBL77513,TP,ACT,1.0	CHEMBL2373213,TN,INACT,0.0	CHEMBL432363,TP,ACT,1.0	CHEMBL171666,TP,ACT,1.0	CHEMBL154068,FP,INACT,0.9900000095367432	CHEMBL72738,TN,INACT,0.009999999776482582	CHEMBL462650,TN,INACT,0.03999999910593033	CHEMBL422598,TP,ACT,1.0	CHEMBL176748,TP,ACT,1.0	CHEMBL297501,TP,ACT,1.0	CHEMBL420488,TP,ACT,1.0	CHEMBL108415,TP,ACT,1.0	CHEMBL262530,TP,ACT,1.0	CHEMBL99331,TN,INACT,0.9700000286102295	CHEMBL112804,TP,ACT,1.0	CHEMBL169675,TN,INACT,0.6299999952316284	CHEMBL15299,TP,ACT,1.0	CHEMBL60617,TP,ACT,1.0	CHEMBL2322893,TN,INACT,0.1599999964237213	CHEMBL112169,TP,ACT,1.0	CHEMBL138174,TP,ACT,1.0	CHEMBL113288,TP,ACT,1.0	CHEMBL166699,TP,ACT,1.0	CHEMBL302150,TN,INACT,0.25	CHEMBL59597,TN,INACT,0.0	CHEMBL111811,TP,ACT,1.0	CHEMBL241100,TN,INACT,0.7900000214576721	CHEMBL89953,FP,INACT,0.9900000095367432	CHEMBL109128,TP,ACT,1.0	CHEMBL2324200,TN,INACT,0.49000000953674316	CHEMBL297173,FP,INACT,0.9900000095367432	CHEMBL351183,TN,INACT,0.0	CHEMBL553155,TN,INACT,0.03999999910593033	CHEMBL394642,TN,INACT,0.07999999821186066	CHEMBL168658,TP,ACT,1.0	CHEMBL593685,TN,INACT,0.3100000023841858	CHEMBL90214,TP,ACT,0.9900000095367432	CHEMBL310250,TN,INACT,0.5400000214576721	CHEMBL306645,TN,INACT,0.9700000286102295	CHEMBL158078,TN,INACT,0.949999988079071	CHEMBL60881,TP,ACT,1.0	CHEMBL416069,TN,INACT,0.8500000238418579	CHEMBL289284,TN,INACT,0.0	CHEMBL110402,TP,ACT,1.0	CHEMBL110767,TP,ACT,1.0	CHEMBL59733,TN,INACT,0.8399999737739563	CHEMBL114290,TP,ACT,1.0	CHEMBL295799,TP,ACT,1.0	CHEMBL2370511,TN,INACT,0.05999999865889549	CHEMBL135612,TP,ACT,1.0	CHEMBL42359,TN,INACT,0.6899999976158142	CHEMBL294987,TP,ACT,1.0	CHEMBL58495,TP,ACT,1.0	CHEMBL513277,TN,INACT,0.05000000074505806	CHEMBL40986,TN,INACT,0.9200000166893005	CHEMBL176747,TP,ACT,1.0	CHEMBL419948,TP,ACT,1.0	CHEMBL137074,TP,ACT,1.0	CHEMBL109129,TP,ACT,1.0	CHEMBL3109772,TN,INACT,0.9599999785423279	CHEMBL121748,TP,ACT,1.0	CHEMBL110797,TP,ACT,1.0	CHEMBL593620,TN,INACT,0.019999999552965164	CHEMBL435665,TP,ACT,1.0	CHEMBL167580,TP,ACT,1.0	CHEMBL115362,TP,ACT,1.0	CHEMBL21509,TN,INACT,0.30000001192092896	CHEMBL167804,TP,ACT,1.0	CHEMBL168855,TN,INACT,0.30000001192092896	CHEMBL113514,TP,ACT,1.0	CHEMBL137594,TP,ACT,1.0	CHEMBL294649,TN,INACT,0.949999988079071	CHEMBL129272,TP,ACT,1.0	CHEMBL326650,TP,ACT,1.0	CHEMBL460470,TN,INACT,0.44999998807907104	CHEMBL167465,TP,ACT,1.0	CHEMBL302196,FP,INACT,1.0	CHEMBL124717,FN,ACT,0.949999988079071	CHEMBL112455,TP,ACT,1.0	CHEMBL308243,TN,INACT,0.0	CHEMBL209121,TN,INACT,0.029999999329447746	CHEMBL412510,TP,ACT,1.0	CHEMBL595022,TN,INACT,0.1899999976158142	CHEMBL322678,TN,INACT,0.9300000071525574	CHEMBL429238,TN,INACT,0.9599999785423279	CHEMBL123722,TP,ACT,1.0	CHEMBL129198,TN,INACT,0.029999999329447746	CHEMBL328422,TN,INACT,0.5799999833106995	CHEMBL435810,TN,INACT,0.0	CHEMBL172628,TP,ACT,1.0	CHEMBL169722,TP,ACT,1.0	CHEMBL137104,TP,ACT,1.0	CHEMBL594803,TN,INACT,0.05999999865889549	CHEMBL113401,TP,ACT,1.0	CHEMBL308924,TN,INACT,0.0	CHEMBL139115,TP,ACT,1.0	CHEMBL40317,TN,INACT,0.8199999928474426	CHEMBL165175,TN,INACT,0.0	CHEMBL107680,TN,INACT,0.20999999344348907	CHEMBL527880,TN,INACT,0.7200000286102295	CHEMBL137234,TP,ACT,1.0	CHEMBL331394,TN,INACT,0.009999999776482582	CHEMBL141365,TN,INACT,0.029999999329447746	CHEMBL127376,TP,ACT,1.0	CHEMBL104,TN,INACT,0.0	CHEMBL136805,TP,ACT,1.0	CHEMBL112487,TP,ACT,1.0	CHEMBL354126,TN,INACT,0.019999999552965164	CHEMBL345047,TP,ACT,1.0	CHEMBL173708,TN,INACT,0.019999999552965164	CHEMBL461502,TN,INACT,0.8199999928474426	CHEMBL3810142,FP,INACT,1.0	CHEMBL137303,TP,ACT,1.0	CHEMBL420576,TP,ACT,1.0	CHEMBL336081,TN,INACT,0.0	CHEMBL309017,TN,INACT,0.800000011920929	CHEMBL15936,TN,INACT,0.03999999910593033	CHEMBL328285,TN,INACT,0.7699999809265137	CHEMBL60435,TN,INACT,0.36000001430511475	

