CNNModel CHEMBL3142 adam 0.0005 30 128 0 0.6 False True
Number of active compounds :	534
Number of inactive compounds :	356
---------------------------------
Run id: CNNModel_CHEMBL3142_adam_0.0005_30_128_0_0.6_False_True_id
Log directory: ../tflearnLogs/CNNModel_CHEMBL3142_adam_0.0005_30_128_0.6_True/
---------------------------------
Training samples: 548
Validation samples: 172
--
Training Step: 1  | time: 0.766s
[2K
| Adam | epoch: 001 | loss: 0.00000 - acc: 0.0000 -- iter: 032/548
[A[ATraining Step: 2  | total loss: [1m[32m0.62354[0m[0m | time: 1.391s
[2K
| Adam | epoch: 001 | loss: 0.62354 - acc: 0.5625 -- iter: 064/548
[A[ATraining Step: 3  | total loss: [1m[32m0.68146[0m[0m | time: 2.000s
[2K
| Adam | epoch: 001 | loss: 0.68146 - acc: 0.4858 -- iter: 096/548
[A[ATraining Step: 4  | total loss: [1m[32m0.68823[0m[0m | time: 2.604s
[2K
| Adam | epoch: 001 | loss: 0.68823 - acc: 0.5668 -- iter: 128/548
[A[ATraining Step: 5  | total loss: [1m[32m0.69135[0m[0m | time: 3.207s
[2K
| Adam | epoch: 001 | loss: 0.69135 - acc: 0.5205 -- iter: 160/548
[A[ATraining Step: 6  | total loss: [1m[32m0.68438[0m[0m | time: 3.817s
[2K
| Adam | epoch: 001 | loss: 0.68438 - acc: 0.6279 -- iter: 192/548
[A[ATraining Step: 7  | total loss: [1m[32m0.68049[0m[0m | time: 4.438s
[2K
| Adam | epoch: 001 | loss: 0.68049 - acc: 0.6261 -- iter: 224/548
[A[ATraining Step: 8  | total loss: [1m[32m0.69175[0m[0m | time: 5.050s
[2K
| Adam | epoch: 001 | loss: 0.69175 - acc: 0.5552 -- iter: 256/548
[A[ATraining Step: 9  | total loss: [1m[32m0.67309[0m[0m | time: 5.699s
[2K
| Adam | epoch: 001 | loss: 0.67309 - acc: 0.6087 -- iter: 288/548
[A[ATraining Step: 10  | total loss: [1m[32m0.69357[0m[0m | time: 6.306s
[2K
| Adam | epoch: 001 | loss: 0.69357 - acc: 0.5543 -- iter: 320/548
[A[ATraining Step: 11  | total loss: [1m[32m0.67346[0m[0m | time: 6.917s
[2K
| Adam | epoch: 001 | loss: 0.67346 - acc: 0.6026 -- iter: 352/548
[A[ATraining Step: 12  | total loss: [1m[32m0.67461[0m[0m | time: 7.534s
[2K
| Adam | epoch: 001 | loss: 0.67461 - acc: 0.5986 -- iter: 384/548
[A[ATraining Step: 13  | total loss: [1m[32m0.67573[0m[0m | time: 8.161s
[2K
| Adam | epoch: 001 | loss: 0.67573 - acc: 0.5965 -- iter: 416/548
[A[ATraining Step: 14  | total loss: [1m[32m0.66899[0m[0m | time: 8.789s
[2K
| Adam | epoch: 001 | loss: 0.66899 - acc: 0.6082 -- iter: 448/548
[A[ATraining Step: 15  | total loss: [1m[32m0.65216[0m[0m | time: 9.394s
[2K
| Adam | epoch: 001 | loss: 0.65216 - acc: 0.6392 -- iter: 480/548
[A[ATraining Step: 16  | total loss: [1m[32m0.67565[0m[0m | time: 10.014s
[2K
| Adam | epoch: 001 | loss: 0.67565 - acc: 0.5987 -- iter: 512/548
[A[ATraining Step: 17  | total loss: [1m[32m0.69562[0m[0m | time: 10.644s
[2K
| Adam | epoch: 001 | loss: 0.69562 - acc: 0.5632 -- iter: 544/548
[A[ATraining Step: 18  | total loss: [1m[32m0.66620[0m[0m | time: 11.771s
[2K
| Adam | epoch: 001 | loss: 0.66620 - acc: 0.6279 | val_loss: 0.68008 - val_acc: 0.5756 -- iter: 548/548
--
Training Step: 19  | total loss: [1m[32m0.68299[0m[0m | time: 0.114s
[2K
| Adam | epoch: 002 | loss: 0.68299 - acc: 0.5852 -- iter: 032/548
[A[ATraining Step: 20  | total loss: [1m[32m0.69265[0m[0m | time: 0.727s
[2K
| Adam | epoch: 002 | loss: 0.69265 - acc: 0.5578 -- iter: 064/548
[A[ATraining Step: 21  | total loss: [1m[32m0.68684[0m[0m | time: 1.332s
[2K
| Adam | epoch: 002 | loss: 0.68684 - acc: 0.5690 -- iter: 096/548
[A[ATraining Step: 22  | total loss: [1m[32m0.67907[0m[0m | time: 1.934s
[2K
| Adam | epoch: 002 | loss: 0.67907 - acc: 0.5952 -- iter: 128/548
[A[ATraining Step: 23  | total loss: [1m[32m0.66820[0m[0m | time: 2.556s
[2K
| Adam | epoch: 002 | loss: 0.66820 - acc: 0.6401 -- iter: 160/548
[A[ATraining Step: 24  | total loss: [1m[32m0.66839[0m[0m | time: 3.174s
[2K
| Adam | epoch: 002 | loss: 0.66839 - acc: 0.6359 -- iter: 192/548
[A[ATraining Step: 25  | total loss: [1m[32m0.66155[0m[0m | time: 3.779s
[2K
| Adam | epoch: 002 | loss: 0.66155 - acc: 0.6585 -- iter: 224/548
[A[ATraining Step: 26  | total loss: [1m[32m0.66476[0m[0m | time: 4.413s
[2K
| Adam | epoch: 002 | loss: 0.66476 - acc: 0.6413 -- iter: 256/548
[A[ATraining Step: 27  | total loss: [1m[32m0.64401[0m[0m | time: 5.030s
[2K
| Adam | epoch: 002 | loss: 0.64401 - acc: 0.6934 -- iter: 288/548
[A[ATraining Step: 28  | total loss: [1m[32m0.64042[0m[0m | time: 5.647s
[2K
| Adam | epoch: 002 | loss: 0.64042 - acc: 0.6919 -- iter: 320/548
[A[ATraining Step: 29  | total loss: [1m[32m0.63517[0m[0m | time: 6.267s
[2K
| Adam | epoch: 002 | loss: 0.63517 - acc: 0.6908 -- iter: 352/548
[A[ATraining Step: 30  | total loss: [1m[32m0.65832[0m[0m | time: 6.904s
[2K
| Adam | epoch: 002 | loss: 0.65832 - acc: 0.6604 -- iter: 384/548
[A[ATraining Step: 31  | total loss: [1m[32m0.71178[0m[0m | time: 7.519s
[2K
| Adam | epoch: 002 | loss: 0.71178 - acc: 0.6018 -- iter: 416/548
[A[ATraining Step: 32  | total loss: [1m[32m0.67506[0m[0m | time: 8.192s
[2K
| Adam | epoch: 002 | loss: 0.67506 - acc: 0.6422 -- iter: 448/548
[A[ATraining Step: 33  | total loss: [1m[32m0.68943[0m[0m | time: 8.817s
[2K
| Adam | epoch: 002 | loss: 0.68943 - acc: 0.6110 -- iter: 480/548
[A[ATraining Step: 34  | total loss: [1m[32m0.68694[0m[0m | time: 9.441s
[2K
| Adam | epoch: 002 | loss: 0.68694 - acc: 0.6073 -- iter: 512/548
[A[ATraining Step: 35  | total loss: [1m[32m0.68170[0m[0m | time: 10.084s
[2K
| Adam | epoch: 002 | loss: 0.68170 - acc: 0.6110 -- iter: 544/548
[A[ATraining Step: 36  | total loss: [1m[32m0.67494[0m[0m | time: 11.754s
[2K
| Adam | epoch: 002 | loss: 0.67494 - acc: 0.6202 | val_loss: 0.67954 - val_acc: 0.5756 -- iter: 548/548
--
Training Step: 37  | total loss: [1m[32m0.67085[0m[0m | time: 0.111s
[2K
| Adam | epoch: 003 | loss: 0.67085 - acc: 0.6274 -- iter: 032/548
[A[ATraining Step: 38  | total loss: [1m[32m0.67738[0m[0m | time: 0.206s
[2K
| Adam | epoch: 003 | loss: 0.67738 - acc: 0.6025 -- iter: 064/548
[A[ATraining Step: 39  | total loss: [1m[32m0.68225[0m[0m | time: 0.836s
[2K
| Adam | epoch: 003 | loss: 0.68225 - acc: 0.5829 -- iter: 096/548
[A[ATraining Step: 40  | total loss: [1m[32m0.68127[0m[0m | time: 1.504s
[2K
| Adam | epoch: 003 | loss: 0.68127 - acc: 0.5849 -- iter: 128/548
[A[ATraining Step: 41  | total loss: [1m[32m0.68803[0m[0m | time: 2.181s
[2K
| Adam | epoch: 003 | loss: 0.68803 - acc: 0.5521 -- iter: 160/548
[A[ATraining Step: 42  | total loss: [1m[32m0.68517[0m[0m | time: 2.843s
[2K
| Adam | epoch: 003 | loss: 0.68517 - acc: 0.5652 -- iter: 192/548
[A[ATraining Step: 43  | total loss: [1m[32m0.68417[0m[0m | time: 3.501s
[2K
| Adam | epoch: 003 | loss: 0.68417 - acc: 0.5703 -- iter: 224/548
[A[ATraining Step: 44  | total loss: [1m[32m0.68492[0m[0m | time: 4.167s
[2K
| Adam | epoch: 003 | loss: 0.68492 - acc: 0.5635 -- iter: 256/548
[A[ATraining Step: 45  | total loss: [1m[32m0.68358[0m[0m | time: 4.833s
[2K
| Adam | epoch: 003 | loss: 0.68358 - acc: 0.5739 -- iter: 288/548
[A[ATraining Step: 46  | total loss: [1m[32m0.68080[0m[0m | time: 5.483s
[2K
| Adam | epoch: 003 | loss: 0.68080 - acc: 0.5929 -- iter: 320/548
[A[ATraining Step: 47  | total loss: [1m[32m0.67867[0m[0m | time: 6.132s
[2K
| Adam | epoch: 003 | loss: 0.67867 - acc: 0.6084 -- iter: 352/548
[A[ATraining Step: 48  | total loss: [1m[32m0.67451[0m[0m | time: 6.802s
[2K
| Adam | epoch: 003 | loss: 0.67451 - acc: 0.6361 -- iter: 384/548
[A[ATraining Step: 49  | total loss: [1m[32m0.67635[0m[0m | time: 7.457s
[2K
| Adam | epoch: 003 | loss: 0.67635 - acc: 0.6245 -- iter: 416/548
[A[ATraining Step: 50  | total loss: [1m[32m0.67843[0m[0m | time: 8.110s
[2K
| Adam | epoch: 003 | loss: 0.67843 - acc: 0.6100 -- iter: 448/548
[A[ATraining Step: 51  | total loss: [1m[32m0.67354[0m[0m | time: 8.762s
[2K
| Adam | epoch: 003 | loss: 0.67354 - acc: 0.6362 -- iter: 480/548
[A[ATraining Step: 52  | total loss: [1m[32m0.67594[0m[0m | time: 9.422s
[2K
| Adam | epoch: 003 | loss: 0.67594 - acc: 0.6204 -- iter: 512/548
[A[ATraining Step: 53  | total loss: [1m[32m0.67513[0m[0m | time: 10.107s
[2K
| Adam | epoch: 003 | loss: 0.67513 - acc: 0.6211 -- iter: 544/548
[A[ATraining Step: 54  | total loss: [1m[32m0.67341[0m[0m | time: 11.735s
[2K
| Adam | epoch: 003 | loss: 0.67341 - acc: 0.6262 | val_loss: 0.67947 - val_acc: 0.5756 -- iter: 548/548
--
Training Step: 55  | total loss: [1m[32m0.67730[0m[0m | time: 0.653s
[2K
| Adam | epoch: 004 | loss: 0.67730 - acc: 0.6082 -- iter: 032/548
[A[ATraining Step: 56  | total loss: [1m[32m0.67077[0m[0m | time: 0.751s
[2K
| Adam | epoch: 004 | loss: 0.67077 - acc: 0.6281 -- iter: 064/548
[A[ATraining Step: 57  | total loss: [1m[32m0.66392[0m[0m | time: 0.857s
[2K
| Adam | epoch: 004 | loss: 0.66392 - acc: 0.6450 -- iter: 096/548
[A[ATraining Step: 58  | total loss: [1m[32m0.65683[0m[0m | time: 1.500s
[2K
| Adam | epoch: 004 | loss: 0.65683 - acc: 0.6593 -- iter: 128/548
[A[ATraining Step: 59  | total loss: [1m[32m0.65764[0m[0m | time: 2.159s
[2K
| Adam | epoch: 004 | loss: 0.65764 - acc: 0.6547 -- iter: 160/548
[A[ATraining Step: 60  | total loss: [1m[32m0.66644[0m[0m | time: 2.809s
[2K
| Adam | epoch: 004 | loss: 0.66644 - acc: 0.6342 -- iter: 192/548
[A[ATraining Step: 61  | total loss: [1m[32m0.67307[0m[0m | time: 3.459s
[2K
| Adam | epoch: 004 | loss: 0.67307 - acc: 0.6208 -- iter: 224/548
[A[ATraining Step: 62  | total loss: [1m[32m0.67320[0m[0m | time: 4.097s
[2K
| Adam | epoch: 004 | loss: 0.67320 - acc: 0.6173 -- iter: 256/548
[A[ATraining Step: 63  | total loss: [1m[32m0.66401[0m[0m | time: 4.744s
[2K
| Adam | epoch: 004 | loss: 0.66401 - acc: 0.6302 -- iter: 288/548
[A[ATraining Step: 64  | total loss: [1m[32m0.66627[0m[0m | time: 5.400s
[2K
| Adam | epoch: 004 | loss: 0.66627 - acc: 0.6256 -- iter: 320/548
[A[ATraining Step: 65  | total loss: [1m[32m0.66789[0m[0m | time: 6.046s
[2K
| Adam | epoch: 004 | loss: 0.66789 - acc: 0.6217 -- iter: 352/548
[A[ATraining Step: 66  | total loss: [1m[32m0.68601[0m[0m | time: 6.692s
[2K
| Adam | epoch: 004 | loss: 0.68601 - acc: 0.5917 -- iter: 384/548
[A[ATraining Step: 67  | total loss: [1m[32m0.67841[0m[0m | time: 7.348s
[2K
| Adam | epoch: 004 | loss: 0.67841 - acc: 0.6032 -- iter: 416/548
[A[ATraining Step: 68  | total loss: [1m[32m0.67759[0m[0m | time: 8.010s
[2K
| Adam | epoch: 004 | loss: 0.67759 - acc: 0.6021 -- iter: 448/548
[A[ATraining Step: 69  | total loss: [1m[32m0.67269[0m[0m | time: 8.675s
[2K
| Adam | epoch: 004 | loss: 0.67269 - acc: 0.6121 -- iter: 480/548
[A[ATraining Step: 70  | total loss: [1m[32m0.67410[0m[0m | time: 9.329s
[2K
| Adam | epoch: 004 | loss: 0.67410 - acc: 0.6063 -- iter: 512/548
[A[ATraining Step: 71  | total loss: [1m[32m0.67110[0m[0m | time: 9.980s
[2K
| Adam | epoch: 004 | loss: 0.67110 - acc: 0.6120 -- iter: 544/548
[A[ATraining Step: 72  | total loss: [1m[32m0.67107[0m[0m | time: 11.653s
[2K
| Adam | epoch: 004 | loss: 0.67107 - acc: 0.6100 | val_loss: 0.67731 - val_acc: 0.5756 -- iter: 548/548
--
Training Step: 73  | total loss: [1m[32m0.67100[0m[0m | time: 0.681s
[2K
| Adam | epoch: 005 | loss: 0.67100 - acc: 0.6082 -- iter: 032/548
[A[ATraining Step: 74  | total loss: [1m[32m0.67092[0m[0m | time: 1.346s
[2K
| Adam | epoch: 005 | loss: 0.67092 - acc: 0.6066 -- iter: 064/548
[A[ATraining Step: 75  | total loss: [1m[32m0.66787[0m[0m | time: 1.455s
[2K
| Adam | epoch: 005 | loss: 0.66787 - acc: 0.6154 -- iter: 096/548
[A[ATraining Step: 76  | total loss: [1m[32m0.67211[0m[0m | time: 1.554s
[2K
| Adam | epoch: 005 | loss: 0.67211 - acc: 0.6030 -- iter: 128/548
[A[ATraining Step: 77  | total loss: [1m[32m0.67564[0m[0m | time: 2.204s
[2K
| Adam | epoch: 005 | loss: 0.67564 - acc: 0.5921 -- iter: 160/548
[A[ATraining Step: 78  | total loss: [1m[32m0.66981[0m[0m | time: 2.847s
[2K
| Adam | epoch: 005 | loss: 0.66981 - acc: 0.6086 -- iter: 192/548
[A[ATraining Step: 79  | total loss: [1m[32m0.67478[0m[0m | time: 3.521s
[2K
| Adam | epoch: 005 | loss: 0.67478 - acc: 0.5941 -- iter: 224/548
[A[ATraining Step: 80  | total loss: [1m[32m0.66926[0m[0m | time: 4.189s
[2K
| Adam | epoch: 005 | loss: 0.66926 - acc: 0.6101 -- iter: 256/548
[A[ATraining Step: 81  | total loss: [1m[32m0.66819[0m[0m | time: 4.859s
[2K
| Adam | epoch: 005 | loss: 0.66819 - acc: 0.6116 -- iter: 288/548
[A[ATraining Step: 82  | total loss: [1m[32m0.66592[0m[0m | time: 5.500s
[2K
| Adam | epoch: 005 | loss: 0.66592 - acc: 0.6161 -- iter: 320/548
[A[ATraining Step: 83  | total loss: [1m[32m0.66179[0m[0m | time: 6.141s
[2K
| Adam | epoch: 005 | loss: 0.66179 - acc: 0.6232 -- iter: 352/548
[A[ATraining Step: 84  | total loss: [1m[32m0.66159[0m[0m | time: 6.800s
[2K
| Adam | epoch: 005 | loss: 0.66159 - acc: 0.6234 -- iter: 384/548
[A[ATraining Step: 85  | total loss: [1m[32m0.66904[0m[0m | time: 7.453s
[2K
| Adam | epoch: 005 | loss: 0.66904 - acc: 0.6079 -- iter: 416/548
[A[ATraining Step: 86  | total loss: [1m[32m0.66939[0m[0m | time: 8.091s
[2K
| Adam | epoch: 005 | loss: 0.66939 - acc: 0.6065 -- iter: 448/548
[A[ATraining Step: 87  | total loss: [1m[32m0.65793[0m[0m | time: 8.747s
[2K
| Adam | epoch: 005 | loss: 0.65793 - acc: 0.6271 -- iter: 480/548
[A[ATraining Step: 88  | total loss: [1m[32m0.64451[0m[0m | time: 9.397s
[2K
| Adam | epoch: 005 | loss: 0.64451 - acc: 0.6488 -- iter: 512/548
[A[ATraining Step: 89  | total loss: [1m[32m0.65177[0m[0m | time: 10.028s
[2K
| Adam | epoch: 005 | loss: 0.65177 - acc: 0.6370 -- iter: 544/548
[A[ATraining Step: 90  | total loss: [1m[32m0.64990[0m[0m | time: 11.678s
[2K
| Adam | epoch: 005 | loss: 0.64990 - acc: 0.6389 | val_loss: 0.70367 - val_acc: 0.5756 -- iter: 548/548
--
Training Step: 91  | total loss: [1m[32m0.64922[0m[0m | time: 0.657s
[2K
| Adam | epoch: 006 | loss: 0.64922 - acc: 0.6407 -- iter: 032/548
[A[ATraining Step: 92  | total loss: [1m[32m0.65352[0m[0m | time: 1.297s
[2K
| Adam | epoch: 006 | loss: 0.65352 - acc: 0.6360 -- iter: 064/548
[A[ATraining Step: 93  | total loss: [1m[32m0.67631[0m[0m | time: 1.971s
[2K
| Adam | epoch: 006 | loss: 0.67631 - acc: 0.6068 -- iter: 096/548
[A[ATraining Step: 94  | total loss: [1m[32m0.67810[0m[0m | time: 2.079s
[2K
| Adam | epoch: 006 | loss: 0.67810 - acc: 0.6023 -- iter: 128/548
[A[ATraining Step: 95  | total loss: [1m[32m0.69556[0m[0m | time: 2.177s
[2K
| Adam | epoch: 006 | loss: 0.69556 - acc: 0.5671 -- iter: 160/548
[A[ATraining Step: 96  | total loss: [1m[32m0.70609[0m[0m | time: 2.823s
[2K
| Adam | epoch: 006 | loss: 0.70609 - acc: 0.5354 -- iter: 192/548
[A[ATraining Step: 97  | total loss: [1m[32m0.70173[0m[0m | time: 3.467s
[2K
| Adam | epoch: 006 | loss: 0.70173 - acc: 0.5475 -- iter: 224/548
[A[ATraining Step: 98  | total loss: [1m[32m0.69837[0m[0m | time: 4.126s
[2K
| Adam | epoch: 006 | loss: 0.69837 - acc: 0.5584 -- iter: 256/548
[A[ATraining Step: 99  | total loss: [1m[32m0.69668[0m[0m | time: 4.781s
[2K
| Adam | epoch: 006 | loss: 0.69668 - acc: 0.5619 -- iter: 288/548
[A[ATraining Step: 100  | total loss: [1m[32m0.69481[0m[0m | time: 5.452s
[2K
| Adam | epoch: 006 | loss: 0.69481 - acc: 0.5682 -- iter: 320/548
[A[ATraining Step: 101  | total loss: [1m[32m0.69269[0m[0m | time: 6.094s
[2K
| Adam | epoch: 006 | loss: 0.69269 - acc: 0.5833 -- iter: 352/548
[A[ATraining Step: 102  | total loss: [1m[32m0.69129[0m[0m | time: 6.733s
[2K
| Adam | epoch: 006 | loss: 0.69129 - acc: 0.5906 -- iter: 384/548
[A[ATraining Step: 103  | total loss: [1m[32m0.68938[0m[0m | time: 7.375s
[2K
| Adam | epoch: 006 | loss: 0.68938 - acc: 0.6065 -- iter: 416/548
[A[ATraining Step: 104  | total loss: [1m[32m0.68874[0m[0m | time: 8.031s
[2K
| Adam | epoch: 006 | loss: 0.68874 - acc: 0.6084 -- iter: 448/548
[A[ATraining Step: 105  | total loss: [1m[32m0.68782[0m[0m | time: 8.680s
[2K
| Adam | epoch: 006 | loss: 0.68782 - acc: 0.6131 -- iter: 480/548
[A[ATraining Step: 106  | total loss: [1m[32m0.68781[0m[0m | time: 9.323s
[2K
| Adam | epoch: 006 | loss: 0.68781 - acc: 0.6081 -- iter: 512/548
[A[ATraining Step: 107  | total loss: [1m[32m0.68691[0m[0m | time: 9.964s
[2K
| Adam | epoch: 006 | loss: 0.68691 - acc: 0.6129 -- iter: 544/548
[A[ATraining Step: 108  | total loss: [1m[32m0.68531[0m[0m | time: 11.618s
[2K
| Adam | epoch: 006 | loss: 0.68531 - acc: 0.6235 | val_loss: 0.68468 - val_acc: 0.5756 -- iter: 548/548
--
Training Step: 109  | total loss: [1m[32m0.68477[0m[0m | time: 0.635s
[2K
| Adam | epoch: 007 | loss: 0.68477 - acc: 0.6236 -- iter: 032/548
[A[ATraining Step: 110  | total loss: [1m[32m0.68576[0m[0m | time: 1.295s
[2K
| Adam | epoch: 007 | loss: 0.68576 - acc: 0.6113 -- iter: 064/548
[A[ATraining Step: 111  | total loss: [1m[32m0.68658[0m[0m | time: 1.943s
[2K
| Adam | epoch: 007 | loss: 0.68658 - acc: 0.6001 -- iter: 096/548
[A[ATraining Step: 112  | total loss: [1m[32m0.68591[0m[0m | time: 2.568s
[2K
| Adam | epoch: 007 | loss: 0.68591 - acc: 0.5995 -- iter: 128/548
[A[ATraining Step: 113  | total loss: [1m[32m0.68471[0m[0m | time: 2.660s
[2K
| Adam | epoch: 007 | loss: 0.68471 - acc: 0.6021 -- iter: 160/548
[A[ATraining Step: 114  | total loss: [1m[32m0.68644[0m[0m | time: 2.754s
[2K
| Adam | epoch: 007 | loss: 0.68644 - acc: 0.5918 -- iter: 192/548
[A[ATraining Step: 115  | total loss: [1m[32m0.68780[0m[0m | time: 3.401s
[2K
| Adam | epoch: 007 | loss: 0.68780 - acc: 0.5827 -- iter: 224/548
[A[ATraining Step: 116  | total loss: [1m[32m0.68697[0m[0m | time: 4.040s
[2K
| Adam | epoch: 007 | loss: 0.68697 - acc: 0.5838 -- iter: 256/548
[A[ATraining Step: 117  | total loss: [1m[32m0.68531[0m[0m | time: 4.682s
[2K
| Adam | epoch: 007 | loss: 0.68531 - acc: 0.5879 -- iter: 288/548
[A[ATraining Step: 118  | total loss: [1m[32m0.68656[0m[0m | time: 5.352s
[2K
| Adam | epoch: 007 | loss: 0.68656 - acc: 0.5791 -- iter: 320/548
[A[ATraining Step: 119  | total loss: [1m[32m0.68478[0m[0m | time: 6.009s
[2K
| Adam | epoch: 007 | loss: 0.68478 - acc: 0.5837 -- iter: 352/548
[A[ATraining Step: 120  | total loss: [1m[32m0.68135[0m[0m | time: 6.657s
[2K
| Adam | epoch: 007 | loss: 0.68135 - acc: 0.5941 -- iter: 384/548
[A[ATraining Step: 121  | total loss: [1m[32m0.68168[0m[0m | time: 7.309s
[2K
| Adam | epoch: 007 | loss: 0.68168 - acc: 0.5909 -- iter: 416/548
[A[ATraining Step: 122  | total loss: [1m[32m0.68044[0m[0m | time: 7.953s
[2K
| Adam | epoch: 007 | loss: 0.68044 - acc: 0.5912 -- iter: 448/548
[A[ATraining Step: 123  | total loss: [1m[32m0.68026[0m[0m | time: 8.635s
[2K
| Adam | epoch: 007 | loss: 0.68026 - acc: 0.5883 -- iter: 480/548
[A[ATraining Step: 124  | total loss: [1m[32m0.67509[0m[0m | time: 9.304s
[2K
| Adam | epoch: 007 | loss: 0.67509 - acc: 0.5982 -- iter: 512/548
[A[ATraining Step: 125  | total loss: [1m[32m0.66497[0m[0m | time: 9.952s
[2K
| Adam | epoch: 007 | loss: 0.66497 - acc: 0.6165 -- iter: 544/548
[A[ATraining Step: 126  | total loss: [1m[32m0.65772[0m[0m | time: 11.597s
[2K
| Adam | epoch: 007 | loss: 0.65772 - acc: 0.6268 | val_loss: 0.73901 - val_acc: 0.5756 -- iter: 548/548
--
Training Step: 127  | total loss: [1m[32m0.66006[0m[0m | time: 0.640s
[2K
| Adam | epoch: 008 | loss: 0.66006 - acc: 0.6266 -- iter: 032/548
[A[ATraining Step: 128  | total loss: [1m[32m0.65562[0m[0m | time: 1.293s
[2K
| Adam | epoch: 008 | loss: 0.65562 - acc: 0.6327 -- iter: 064/548
[A[ATraining Step: 129  | total loss: [1m[32m0.66322[0m[0m | time: 1.933s
[2K
| Adam | epoch: 008 | loss: 0.66322 - acc: 0.6257 -- iter: 096/548
[A[ATraining Step: 130  | total loss: [1m[32m0.65577[0m[0m | time: 2.577s
[2K
| Adam | epoch: 008 | loss: 0.65577 - acc: 0.6350 -- iter: 128/548
[A[ATraining Step: 131  | total loss: [1m[32m0.66186[0m[0m | time: 3.254s
[2K
| Adam | epoch: 008 | loss: 0.66186 - acc: 0.6246 -- iter: 160/548
[A[ATraining Step: 132  | total loss: [1m[32m0.66147[0m[0m | time: 3.348s
[2K
| Adam | epoch: 008 | loss: 0.66147 - acc: 0.6246 -- iter: 192/548
[A[ATraining Step: 133  | total loss: [1m[32m0.68733[0m[0m | time: 3.458s
[2K
| Adam | epoch: 008 | loss: 0.68733 - acc: 0.5622 -- iter: 224/548
[A[ATraining Step: 134  | total loss: [1m[32m0.70313[0m[0m | time: 4.111s
[2K
| Adam | epoch: 008 | loss: 0.70313 - acc: 0.5060 -- iter: 256/548
[A[ATraining Step: 135  | total loss: [1m[32m0.70336[0m[0m | time: 4.751s
[2K
| Adam | epoch: 008 | loss: 0.70336 - acc: 0.4991 -- iter: 288/548
[A[ATraining Step: 136  | total loss: [1m[32m0.70207[0m[0m | time: 5.410s
[2K
| Adam | epoch: 008 | loss: 0.70207 - acc: 0.5023 -- iter: 320/548
[A[ATraining Step: 137  | total loss: [1m[32m0.69943[0m[0m | time: 6.085s
[2K
| Adam | epoch: 008 | loss: 0.69943 - acc: 0.5208 -- iter: 352/548
[A[ATraining Step: 138  | total loss: [1m[32m0.69809[0m[0m | time: 6.749s
[2K
| Adam | epoch: 008 | loss: 0.69809 - acc: 0.5281 -- iter: 384/548
[A[ATraining Step: 139  | total loss: [1m[32m0.69643[0m[0m | time: 7.406s
[2K
| Adam | epoch: 008 | loss: 0.69643 - acc: 0.5409 -- iter: 416/548
[A[ATraining Step: 140  | total loss: [1m[32m0.69498[0m[0m | time: 8.064s
[2K
| Adam | epoch: 008 | loss: 0.69498 - acc: 0.5525 -- iter: 448/548
[A[ATraining Step: 141  | total loss: [1m[32m0.69347[0m[0m | time: 8.701s
[2K
| Adam | epoch: 008 | loss: 0.69347 - acc: 0.5660 -- iter: 480/548
[A[ATraining Step: 142  | total loss: [1m[32m0.69328[0m[0m | time: 9.373s
[2K
| Adam | epoch: 008 | loss: 0.69328 - acc: 0.5625 -- iter: 512/548
[A[ATraining Step: 143  | total loss: [1m[32m0.69245[0m[0m | time: 10.050s
[2K
| Adam | epoch: 008 | loss: 0.69245 - acc: 0.5688 -- iter: 544/548
[A[ATraining Step: 144  | total loss: [1m[32m0.69192[0m[0m | time: 11.709s
[2K
| Adam | epoch: 008 | loss: 0.69192 - acc: 0.5713 | val_loss: 0.68841 - val_acc: 0.5756 -- iter: 548/548
--
Training Step: 145  | total loss: [1m[32m0.69098[0m[0m | time: 0.680s
[2K
| Adam | epoch: 009 | loss: 0.69098 - acc: 0.5798 -- iter: 032/548
[A[ATraining Step: 146  | total loss: [1m[32m0.69084[0m[0m | time: 1.330s
[2K
| Adam | epoch: 009 | loss: 0.69084 - acc: 0.5780 -- iter: 064/548
[A[ATraining Step: 147  | total loss: [1m[32m0.69023[0m[0m | time: 1.980s
[2K
| Adam | epoch: 009 | loss: 0.69023 - acc: 0.5827 -- iter: 096/548
[A[ATraining Step: 148  | total loss: [1m[32m0.69030[0m[0m | time: 2.646s
[2K
| Adam | epoch: 009 | loss: 0.69030 - acc: 0.5776 -- iter: 128/548
[A[ATraining Step: 149  | total loss: [1m[32m0.68993[0m[0m | time: 3.318s
[2K
| Adam | epoch: 009 | loss: 0.68993 - acc: 0.5792 -- iter: 160/548
[A[ATraining Step: 150  | total loss: [1m[32m0.69010[0m[0m | time: 3.983s
[2K
| Adam | epoch: 009 | loss: 0.69010 - acc: 0.5744 -- iter: 192/548
[A[ATraining Step: 151  | total loss: [1m[32m0.68952[0m[0m | time: 4.080s
[2K
| Adam | epoch: 009 | loss: 0.68952 - acc: 0.5795 -- iter: 224/548
[A[ATraining Step: 152  | total loss: [1m[32m0.68992[0m[0m | time: 4.176s
[2K
| Adam | epoch: 009 | loss: 0.68992 - acc: 0.5715 -- iter: 256/548
[A[ATraining Step: 153  | total loss: [1m[32m0.69032[0m[0m | time: 4.835s
[2K
| Adam | epoch: 009 | loss: 0.69032 - acc: 0.5644 -- iter: 288/548
[A[ATraining Step: 154  | total loss: [1m[32m0.68963[0m[0m | time: 5.480s
[2K
| Adam | epoch: 009 | loss: 0.68963 - acc: 0.5704 -- iter: 320/548
[A[ATraining Step: 155  | total loss: [1m[32m0.68825[0m[0m | time: 6.166s
[2K
| Adam | epoch: 009 | loss: 0.68825 - acc: 0.5853 -- iter: 352/548
[A[ATraining Step: 156  | total loss: [1m[32m0.68722[0m[0m | time: 6.814s
[2K
| Adam | epoch: 009 | loss: 0.68722 - acc: 0.5955 -- iter: 384/548
[A[ATraining Step: 157  | total loss: [1m[32m0.68678[0m[0m | time: 7.468s
[2K
| Adam | epoch: 009 | loss: 0.68678 - acc: 0.5984 -- iter: 416/548
[A[ATraining Step: 158  | total loss: [1m[32m0.68606[0m[0m | time: 8.121s
[2K
| Adam | epoch: 009 | loss: 0.68606 - acc: 0.6042 -- iter: 448/548
[A[ATraining Step: 159  | total loss: [1m[32m0.68498[0m[0m | time: 8.773s
[2K
| Adam | epoch: 009 | loss: 0.68498 - acc: 0.6125 -- iter: 480/548
[A[ATraining Step: 160  | total loss: [1m[32m0.68453[0m[0m | time: 9.410s
[2K
| Adam | epoch: 009 | loss: 0.68453 - acc: 0.6138 -- iter: 512/548
[A[ATraining Step: 161  | total loss: [1m[32m0.68262[0m[0m | time: 10.058s
[2K
| Adam | epoch: 009 | loss: 0.68262 - acc: 0.6274 -- iter: 544/548
[A[ATraining Step: 162  | total loss: [1m[32m0.68344[0m[0m | time: 11.784s
[2K
| Adam | epoch: 009 | loss: 0.68344 - acc: 0.6178 | val_loss: 0.68287 - val_acc: 0.5756 -- iter: 548/548
--
Training Step: 163  | total loss: [1m[32m0.68366[0m[0m | time: 0.672s
[2K
| Adam | epoch: 010 | loss: 0.68366 - acc: 0.6123 -- iter: 032/548
[A[ATraining Step: 164  | total loss: [1m[32m0.68332[0m[0m | time: 1.311s
[2K
| Adam | epoch: 010 | loss: 0.68332 - acc: 0.6104 -- iter: 064/548
[A[ATraining Step: 165  | total loss: [1m[32m0.68343[0m[0m | time: 1.972s
[2K
| Adam | epoch: 010 | loss: 0.68343 - acc: 0.6056 -- iter: 096/548
[A[ATraining Step: 166  | total loss: [1m[32m0.67981[0m[0m | time: 2.618s
[2K
| Adam | epoch: 010 | loss: 0.67981 - acc: 0.6169 -- iter: 128/548
[A[ATraining Step: 167  | total loss: [1m[32m0.68097[0m[0m | time: 3.262s
[2K
| Adam | epoch: 010 | loss: 0.68097 - acc: 0.6084 -- iter: 160/548
[A[ATraining Step: 168  | total loss: [1m[32m0.68132[0m[0m | time: 3.913s
[2K
| Adam | epoch: 010 | loss: 0.68132 - acc: 0.6038 -- iter: 192/548
[A[ATraining Step: 169  | total loss: [1m[32m0.67683[0m[0m | time: 4.566s
[2K
| Adam | epoch: 010 | loss: 0.67683 - acc: 0.6122 -- iter: 224/548
[A[ATraining Step: 170  | total loss: [1m[32m0.67650[0m[0m | time: 4.677s
[2K
| Adam | epoch: 010 | loss: 0.67650 - acc: 0.6103 -- iter: 256/548
[A[ATraining Step: 171  | total loss: [1m[32m0.68198[0m[0m | time: 4.788s
[2K
| Adam | epoch: 010 | loss: 0.68198 - acc: 0.5993 -- iter: 288/548
[A[ATraining Step: 172  | total loss: [1m[32m0.68668[0m[0m | time: 5.438s
[2K
| Adam | epoch: 010 | loss: 0.68668 - acc: 0.5894 -- iter: 320/548
[A[ATraining Step: 173  | total loss: [1m[32m0.68084[0m[0m | time: 6.090s
[2K
| Adam | epoch: 010 | loss: 0.68084 - acc: 0.5992 -- iter: 352/548
[A[ATraining Step: 174  | total loss: [1m[32m0.67604[0m[0m | time: 6.742s
[2K
| Adam | epoch: 010 | loss: 0.67604 - acc: 0.6080 -- iter: 384/548
[A[ATraining Step: 175  | total loss: [1m[32m0.67563[0m[0m | time: 7.417s
[2K
| Adam | epoch: 010 | loss: 0.67563 - acc: 0.6066 -- iter: 416/548
[A[ATraining Step: 176  | total loss: [1m[32m0.67883[0m[0m | time: 8.065s
[2K
| Adam | epoch: 010 | loss: 0.67883 - acc: 0.5959 -- iter: 448/548
[A[ATraining Step: 177  | total loss: [1m[32m0.67481[0m[0m | time: 8.708s
[2K
| Adam | epoch: 010 | loss: 0.67481 - acc: 0.6051 -- iter: 480/548
[A[ATraining Step: 178  | total loss: [1m[32m0.67737[0m[0m | time: 9.373s
[2K
| Adam | epoch: 010 | loss: 0.67737 - acc: 0.5977 -- iter: 512/548
[A[ATraining Step: 179  | total loss: [1m[32m0.67428[0m[0m | time: 10.029s
[2K
| Adam | epoch: 010 | loss: 0.67428 - acc: 0.6035 -- iter: 544/548
[A[ATraining Step: 180  | total loss: [1m[32m0.67301[0m[0m | time: 11.692s
[2K
| Adam | epoch: 010 | loss: 0.67301 - acc: 0.6057 | val_loss: 0.67818 - val_acc: 0.5756 -- iter: 548/548
--
Training Step: 181  | total loss: [1m[32m0.67165[0m[0m | time: 0.663s
[2K
| Adam | epoch: 011 | loss: 0.67165 - acc: 0.6076 -- iter: 032/548
[A[ATraining Step: 182  | total loss: [1m[32m0.67103[0m[0m | time: 1.321s
[2K
| Adam | epoch: 011 | loss: 0.67103 - acc: 0.6094 -- iter: 064/548
[A[ATraining Step: 183  | total loss: [1m[32m0.67364[0m[0m | time: 1.986s
[2K
| Adam | epoch: 011 | loss: 0.67364 - acc: 0.6016 -- iter: 096/548
[A[ATraining Step: 184  | total loss: [1m[32m0.67714[0m[0m | time: 2.648s
[2K
| Adam | epoch: 011 | loss: 0.67714 - acc: 0.5914 -- iter: 128/548
[A[ATraining Step: 185  | total loss: [1m[32m0.67206[0m[0m | time: 3.311s
[2K
| Adam | epoch: 011 | loss: 0.67206 - acc: 0.6041 -- iter: 160/548
[A[ATraining Step: 186  | total loss: [1m[32m0.67289[0m[0m | time: 3.964s
[2K
| Adam | epoch: 011 | loss: 0.67289 - acc: 0.6000 -- iter: 192/548
[A[ATraining Step: 187  | total loss: [1m[32m0.66980[0m[0m | time: 4.629s
[2K
| Adam | epoch: 011 | loss: 0.66980 - acc: 0.6056 -- iter: 224/548
[A[ATraining Step: 188  | total loss: [1m[32m0.66701[0m[0m | time: 5.277s
[2K
| Adam | epoch: 011 | loss: 0.66701 - acc: 0.6107 -- iter: 256/548
[A[ATraining Step: 189  | total loss: [1m[32m0.66733[0m[0m | time: 5.376s
[2K
| Adam | epoch: 011 | loss: 0.66733 - acc: 0.6090 -- iter: 288/548
[A[ATraining Step: 190  | total loss: [1m[32m0.64707[0m[0m | time: 5.483s
[2K
| Adam | epoch: 011 | loss: 0.64707 - acc: 0.6481 -- iter: 320/548
[A[ATraining Step: 191  | total loss: [1m[32m0.62449[0m[0m | time: 6.146s
[2K
| Adam | epoch: 011 | loss: 0.62449 - acc: 0.6833 -- iter: 352/548
[A[ATraining Step: 192  | total loss: [1m[32m0.62859[0m[0m | time: 6.794s
[2K
| Adam | epoch: 011 | loss: 0.62859 - acc: 0.6774 -- iter: 384/548
[A[ATraining Step: 193  | total loss: [1m[32m0.62391[0m[0m | time: 7.440s
[2K
| Adam | epoch: 011 | loss: 0.62391 - acc: 0.6816 -- iter: 416/548
[A[ATraining Step: 194  | total loss: [1m[32m0.64391[0m[0m | time: 8.137s
[2K
| Adam | epoch: 011 | loss: 0.64391 - acc: 0.6697 -- iter: 448/548
[A[ATraining Step: 195  | total loss: [1m[32m0.65484[0m[0m | time: 8.776s
[2K
| Adam | epoch: 011 | loss: 0.65484 - acc: 0.6621 -- iter: 480/548
[A[ATraining Step: 196  | total loss: [1m[32m0.65753[0m[0m | time: 9.440s
[2K
| Adam | epoch: 011 | loss: 0.65753 - acc: 0.6584 -- iter: 512/548
[A[ATraining Step: 197  | total loss: [1m[32m0.65215[0m[0m | time: 10.096s
[2K
| Adam | epoch: 011 | loss: 0.65215 - acc: 0.6613 -- iter: 544/548
[A[ATraining Step: 198  | total loss: [1m[32m0.64615[0m[0m | time: 11.754s
[2K
| Adam | epoch: 011 | loss: 0.64615 - acc: 0.6670 | val_loss: 0.67610 - val_acc: 0.5756 -- iter: 548/548
--
Training Step: 199  | total loss: [1m[32m0.65093[0m[0m | time: 0.672s
[2K
| Adam | epoch: 012 | loss: 0.65093 - acc: 0.6534 -- iter: 032/548
[A[ATraining Step: 200  | total loss: [1m[32m0.64592[0m[0m | time: 2.318s
[2K
| Adam | epoch: 012 | loss: 0.64592 - acc: 0.6631 | val_loss: 0.67522 - val_acc: 0.5756 -- iter: 064/548
--
Training Step: 201  | total loss: [1m[32m0.64738[0m[0m | time: 2.997s
[2K
| Adam | epoch: 012 | loss: 0.64738 - acc: 0.6593 -- iter: 096/548
[A[ATraining Step: 202  | total loss: [1m[32m0.65207[0m[0m | time: 3.668s
[2K
| Adam | epoch: 012 | loss: 0.65207 - acc: 0.6465 -- iter: 128/548
[A[ATraining Step: 203  | total loss: [1m[32m0.65048[0m[0m | time: 4.318s
[2K
| Adam | epoch: 012 | loss: 0.65048 - acc: 0.6506 -- iter: 160/548
[A[ATraining Step: 204  | total loss: [1m[32m0.65130[0m[0m | time: 4.962s
[2K
| Adam | epoch: 012 | loss: 0.65130 - acc: 0.6480 -- iter: 192/548
[A[ATraining Step: 205  | total loss: [1m[32m0.64981[0m[0m | time: 5.623s
[2K
| Adam | epoch: 012 | loss: 0.64981 - acc: 0.6520 -- iter: 224/548
[A[ATraining Step: 206  | total loss: [1m[32m0.65613[0m[0m | time: 6.286s
[2K
| Adam | epoch: 012 | loss: 0.65613 - acc: 0.6337 -- iter: 256/548
[A[ATraining Step: 207  | total loss: [1m[32m0.65773[0m[0m | time: 6.936s
[2K
| Adam | epoch: 012 | loss: 0.65773 - acc: 0.6297 -- iter: 288/548
[A[ATraining Step: 208  | total loss: [1m[32m0.65446[0m[0m | time: 7.036s
[2K
| Adam | epoch: 012 | loss: 0.65446 - acc: 0.6417 -- iter: 320/548
[A[ATraining Step: 209  | total loss: [1m[32m0.65206[0m[0m | time: 7.138s
[2K
| Adam | epoch: 012 | loss: 0.65206 - acc: 0.6525 -- iter: 352/548
[A[ATraining Step: 210  | total loss: [1m[32m0.64853[0m[0m | time: 7.789s
[2K
| Adam | epoch: 012 | loss: 0.64853 - acc: 0.6623 -- iter: 384/548
[A[ATraining Step: 211  | total loss: [1m[32m0.64614[0m[0m | time: 8.427s
[2K
| Adam | epoch: 012 | loss: 0.64614 - acc: 0.6679 -- iter: 416/548
[A[ATraining Step: 212  | total loss: [1m[32m0.65356[0m[0m | time: 9.103s
[2K
| Adam | epoch: 012 | loss: 0.65356 - acc: 0.6480 -- iter: 448/548
[A[ATraining Step: 213  | total loss: [1m[32m0.65830[0m[0m | time: 9.745s
[2K
| Adam | epoch: 012 | loss: 0.65830 - acc: 0.6332 -- iter: 480/548
[A[ATraining Step: 214  | total loss: [1m[32m0.66159[0m[0m | time: 10.413s
[2K
| Adam | epoch: 012 | loss: 0.66159 - acc: 0.6230 -- iter: 512/548
[A[ATraining Step: 215  | total loss: [1m[32m0.65778[0m[0m | time: 11.091s
[2K
| Adam | epoch: 012 | loss: 0.65778 - acc: 0.6295 -- iter: 544/548
[A[ATraining Step: 216  | total loss: [1m[32m0.65723[0m[0m | time: 12.774s
[2K
| Adam | epoch: 012 | loss: 0.65723 - acc: 0.6290 | val_loss: 0.67326 - val_acc: 0.5756 -- iter: 548/548
--
Training Step: 217  | total loss: [1m[32m0.65927[0m[0m | time: 0.677s
[2K
| Adam | epoch: 013 | loss: 0.65927 - acc: 0.6224 -- iter: 032/548
[A[ATraining Step: 218  | total loss: [1m[32m0.65989[0m[0m | time: 1.349s
[2K
| Adam | epoch: 013 | loss: 0.65989 - acc: 0.6195 -- iter: 064/548
[A[ATraining Step: 219  | total loss: [1m[32m0.66114[0m[0m | time: 2.019s
[2K
| Adam | epoch: 013 | loss: 0.66114 - acc: 0.6169 -- iter: 096/548
[A[ATraining Step: 220  | total loss: [1m[32m0.65591[0m[0m | time: 2.688s
[2K
| Adam | epoch: 013 | loss: 0.65591 - acc: 0.6271 -- iter: 128/548
[A[ATraining Step: 221  | total loss: [1m[32m0.65654[0m[0m | time: 3.349s
[2K
| Adam | epoch: 013 | loss: 0.65654 - acc: 0.6238 -- iter: 160/548
[A[ATraining Step: 222  | total loss: [1m[32m0.65448[0m[0m | time: 4.009s
[2K
| Adam | epoch: 013 | loss: 0.65448 - acc: 0.6270 -- iter: 192/548
[A[ATraining Step: 223  | total loss: [1m[32m0.65832[0m[0m | time: 4.657s
[2K
| Adam | epoch: 013 | loss: 0.65832 - acc: 0.6206 -- iter: 224/548
[A[ATraining Step: 224  | total loss: [1m[32m0.65837[0m[0m | time: 5.321s
[2K
| Adam | epoch: 013 | loss: 0.65837 - acc: 0.6179 -- iter: 256/548
[A[ATraining Step: 225  | total loss: [1m[32m0.65316[0m[0m | time: 5.981s
[2K
| Adam | epoch: 013 | loss: 0.65316 - acc: 0.6248 -- iter: 288/548
[A[ATraining Step: 226  | total loss: [1m[32m0.65382[0m[0m | time: 6.644s
[2K
| Adam | epoch: 013 | loss: 0.65382 - acc: 0.6217 -- iter: 320/548
[A[ATraining Step: 227  | total loss: [1m[32m0.65410[0m[0m | time: 6.752s
[2K
| Adam | epoch: 013 | loss: 0.65410 - acc: 0.6189 -- iter: 352/548
[A[ATraining Step: 228  | total loss: [1m[32m0.67595[0m[0m | time: 6.852s
[2K
| Adam | epoch: 013 | loss: 0.67595 - acc: 0.5820 -- iter: 384/548
[A[ATraining Step: 229  | total loss: [1m[32m0.69361[0m[0m | time: 7.504s
[2K
| Adam | epoch: 013 | loss: 0.69361 - acc: 0.5488 -- iter: 416/548
[A[ATraining Step: 230  | total loss: [1m[32m0.69203[0m[0m | time: 8.151s
[2K
| Adam | epoch: 013 | loss: 0.69203 - acc: 0.5502 -- iter: 448/548
[A[ATraining Step: 231  | total loss: [1m[32m0.69043[0m[0m | time: 8.811s
[2K
| Adam | epoch: 013 | loss: 0.69043 - acc: 0.5514 -- iter: 480/548
[A[ATraining Step: 232  | total loss: [1m[32m0.68693[0m[0m | time: 9.474s
[2K
| Adam | epoch: 013 | loss: 0.68693 - acc: 0.5588 -- iter: 512/548
[A[ATraining Step: 233  | total loss: [1m[32m0.68040[0m[0m | time: 10.126s
[2K
| Adam | epoch: 013 | loss: 0.68040 - acc: 0.5779 -- iter: 544/548
[A[ATraining Step: 234  | total loss: [1m[32m0.67494[0m[0m | time: 11.788s
[2K
| Adam | epoch: 013 | loss: 0.67494 - acc: 0.5951 | val_loss: 0.67494 - val_acc: 0.5756 -- iter: 548/548
--
Training Step: 235  | total loss: [1m[32m0.67534[0m[0m | time: 0.678s
[2K
| Adam | epoch: 014 | loss: 0.67534 - acc: 0.5919 -- iter: 032/548
[A[ATraining Step: 236  | total loss: [1m[32m0.67459[0m[0m | time: 1.364s
[2K
| Adam | epoch: 014 | loss: 0.67459 - acc: 0.5920 -- iter: 064/548
[A[ATraining Step: 237  | total loss: [1m[32m0.67186[0m[0m | time: 2.030s
[2K
| Adam | epoch: 014 | loss: 0.67186 - acc: 0.6016 -- iter: 096/548
[A[ATraining Step: 238  | total loss: [1m[32m0.67401[0m[0m | time: 2.718s
[2K
| Adam | epoch: 014 | loss: 0.67401 - acc: 0.5914 -- iter: 128/548
[A[ATraining Step: 239  | total loss: [1m[32m0.67173[0m[0m | time: 3.376s
[2K
| Adam | epoch: 014 | loss: 0.67173 - acc: 0.5979 -- iter: 160/548
[A[ATraining Step: 240  | total loss: [1m[32m0.67035[0m[0m | time: 4.043s
[2K
| Adam | epoch: 014 | loss: 0.67035 - acc: 0.6006 -- iter: 192/548
[A[ATraining Step: 241  | total loss: [1m[32m0.67106[0m[0m | time: 4.702s
[2K
| Adam | epoch: 014 | loss: 0.67106 - acc: 0.5968 -- iter: 224/548
[A[ATraining Step: 242  | total loss: [1m[32m0.67340[0m[0m | time: 5.333s
[2K
| Adam | epoch: 014 | loss: 0.67340 - acc: 0.5903 -- iter: 256/548
[A[ATraining Step: 243  | total loss: [1m[32m0.67359[0m[0m | time: 6.014s
[2K
| Adam | epoch: 014 | loss: 0.67359 - acc: 0.5875 -- iter: 288/548
[A[ATraining Step: 244  | total loss: [1m[32m0.66852[0m[0m | time: 6.668s
[2K
| Adam | epoch: 014 | loss: 0.66852 - acc: 0.6037 -- iter: 320/548
[A[ATraining Step: 245  | total loss: [1m[32m0.66938[0m[0m | time: 7.318s
[2K
| Adam | epoch: 014 | loss: 0.66938 - acc: 0.5996 -- iter: 352/548
[A[ATraining Step: 246  | total loss: [1m[32m0.66781[0m[0m | time: 7.418s
[2K
| Adam | epoch: 014 | loss: 0.66781 - acc: 0.6053 -- iter: 384/548
[A[ATraining Step: 247  | total loss: [1m[32m0.65428[0m[0m | time: 7.518s
[2K
| Adam | epoch: 014 | loss: 0.65428 - acc: 0.6447 -- iter: 416/548
[A[ATraining Step: 248  | total loss: [1m[32m0.64040[0m[0m | time: 8.195s
[2K
| Adam | epoch: 014 | loss: 0.64040 - acc: 0.6803 -- iter: 448/548
[A[ATraining Step: 249  | total loss: [1m[32m0.63541[0m[0m | time: 8.891s
[2K
| Adam | epoch: 014 | loss: 0.63541 - acc: 0.6872 -- iter: 480/548
[A[ATraining Step: 250  | total loss: [1m[32m0.63445[0m[0m | time: 9.559s
[2K
| Adam | epoch: 014 | loss: 0.63445 - acc: 0.6841 -- iter: 512/548
[A[ATraining Step: 251  | total loss: [1m[32m0.63772[0m[0m | time: 10.221s
[2K
| Adam | epoch: 014 | loss: 0.63772 - acc: 0.6751 -- iter: 544/548
[A[ATraining Step: 252  | total loss: [1m[32m0.64839[0m[0m | time: 11.889s
[2K
| Adam | epoch: 014 | loss: 0.64839 - acc: 0.6545 | val_loss: 0.68537 - val_acc: 0.5756 -- iter: 548/548
--
Training Step: 253  | total loss: [1m[32m0.63861[0m[0m | time: 0.664s
[2K
| Adam | epoch: 015 | loss: 0.63861 - acc: 0.6640 -- iter: 032/548
[A[ATraining Step: 254  | total loss: [1m[32m0.62812[0m[0m | time: 1.334s
[2K
| Adam | epoch: 015 | loss: 0.62812 - acc: 0.6726 -- iter: 064/548
[A[ATraining Step: 255  | total loss: [1m[32m0.64469[0m[0m | time: 1.997s
[2K
| Adam | epoch: 015 | loss: 0.64469 - acc: 0.6522 -- iter: 096/548
[A[ATraining Step: 256  | total loss: [1m[32m0.64524[0m[0m | time: 2.661s
[2K
| Adam | epoch: 015 | loss: 0.64524 - acc: 0.6495 -- iter: 128/548
[A[ATraining Step: 257  | total loss: [1m[32m0.64156[0m[0m | time: 3.308s
[2K
| Adam | epoch: 015 | loss: 0.64156 - acc: 0.6502 -- iter: 160/548
[A[ATraining Step: 258  | total loss: [1m[32m0.64547[0m[0m | time: 3.981s
[2K
| Adam | epoch: 015 | loss: 0.64547 - acc: 0.6445 -- iter: 192/548
[A[ATraining Step: 259  | total loss: [1m[32m0.64223[0m[0m | time: 4.668s
[2K
| Adam | epoch: 015 | loss: 0.64223 - acc: 0.6488 -- iter: 224/548
[A[ATraining Step: 260  | total loss: [1m[32m0.64180[0m[0m | time: 5.331s
[2K
| Adam | epoch: 015 | loss: 0.64180 - acc: 0.6465 -- iter: 256/548
[A[ATraining Step: 261  | total loss: [1m[32m0.64332[0m[0m | time: 6.037s
[2K
| Adam | epoch: 015 | loss: 0.64332 - acc: 0.6412 -- iter: 288/548
[A[ATraining Step: 262  | total loss: [1m[32m0.64840[0m[0m | time: 6.688s
[2K
| Adam | epoch: 015 | loss: 0.64840 - acc: 0.6302 -- iter: 320/548
[A[ATraining Step: 263  | total loss: [1m[32m0.64794[0m[0m | time: 7.343s
[2K
| Adam | epoch: 015 | loss: 0.64794 - acc: 0.6297 -- iter: 352/548
[A[ATraining Step: 264  | total loss: [1m[32m0.64777[0m[0m | time: 7.984s
[2K
| Adam | epoch: 015 | loss: 0.64777 - acc: 0.6261 -- iter: 384/548
[A[ATraining Step: 265  | total loss: [1m[32m0.64682[0m[0m | time: 8.083s
[2K
| Adam | epoch: 015 | loss: 0.64682 - acc: 0.6260 -- iter: 416/548
[A[ATraining Step: 266  | total loss: [1m[32m0.66147[0m[0m | time: 8.181s
[2K
| Adam | epoch: 015 | loss: 0.66147 - acc: 0.5884 -- iter: 448/548
[A[ATraining Step: 267  | total loss: [1m[32m0.67116[0m[0m | time: 8.833s
[2K
| Adam | epoch: 015 | loss: 0.67116 - acc: 0.5545 -- iter: 480/548
[A[ATraining Step: 268  | total loss: [1m[32m0.66875[0m[0m | time: 9.488s
[2K
| Adam | epoch: 015 | loss: 0.66875 - acc: 0.5678 -- iter: 512/548
[A[ATraining Step: 269  | total loss: [1m[32m0.66923[0m[0m | time: 10.140s
[2K
| Adam | epoch: 015 | loss: 0.66923 - acc: 0.5673 -- iter: 544/548
[A[ATraining Step: 270  | total loss: [1m[32m0.67161[0m[0m | time: 11.800s
[2K
| Adam | epoch: 015 | loss: 0.67161 - acc: 0.5606 | val_loss: 0.67835 - val_acc: 0.5756 -- iter: 548/548
--
Training Step: 271  | total loss: [1m[32m0.67017[0m[0m | time: 0.642s
[2K
| Adam | epoch: 016 | loss: 0.67017 - acc: 0.5733 -- iter: 032/548
[A[ATraining Step: 272  | total loss: [1m[32m0.66983[0m[0m | time: 1.302s
[2K
| Adam | epoch: 016 | loss: 0.66983 - acc: 0.5784 -- iter: 064/548
[A[ATraining Step: 273  | total loss: [1m[32m0.66827[0m[0m | time: 1.957s
[2K
| Adam | epoch: 016 | loss: 0.66827 - acc: 0.5893 -- iter: 096/548
[A[ATraining Step: 274  | total loss: [1m[32m0.66943[0m[0m | time: 2.599s
[2K
| Adam | epoch: 016 | loss: 0.66943 - acc: 0.5867 -- iter: 128/548
[A[ATraining Step: 275  | total loss: [1m[32m0.66766[0m[0m | time: 3.232s
[2K
| Adam | epoch: 016 | loss: 0.66766 - acc: 0.5936 -- iter: 160/548
[A[ATraining Step: 276  | total loss: [1m[32m0.66323[0m[0m | time: 3.881s
[2K
| Adam | epoch: 016 | loss: 0.66323 - acc: 0.6124 -- iter: 192/548
[A[ATraining Step: 277  | total loss: [1m[32m0.66087[0m[0m | time: 4.541s
[2K
| Adam | epoch: 016 | loss: 0.66087 - acc: 0.6136 -- iter: 224/548
[A[ATraining Step: 278  | total loss: [1m[32m0.65633[0m[0m | time: 5.202s
[2K
| Adam | epoch: 016 | loss: 0.65633 - acc: 0.6242 -- iter: 256/548
[A[ATraining Step: 279  | total loss: [1m[32m0.65438[0m[0m | time: 5.840s
[2K
| Adam | epoch: 016 | loss: 0.65438 - acc: 0.6242 -- iter: 288/548
[A[ATraining Step: 280  | total loss: [1m[32m0.66211[0m[0m | time: 6.490s
[2K
| Adam | epoch: 016 | loss: 0.66211 - acc: 0.6118 -- iter: 320/548
[A[ATraining Step: 281  | total loss: [1m[32m0.67074[0m[0m | time: 7.121s
[2K
| Adam | epoch: 016 | loss: 0.67074 - acc: 0.5975 -- iter: 352/548
[A[ATraining Step: 282  | total loss: [1m[32m0.66362[0m[0m | time: 7.760s
[2K
| Adam | epoch: 016 | loss: 0.66362 - acc: 0.6034 -- iter: 384/548
[A[ATraining Step: 283  | total loss: [1m[32m0.65495[0m[0m | time: 8.425s
[2K
| Adam | epoch: 016 | loss: 0.65495 - acc: 0.6149 -- iter: 416/548
[A[ATraining Step: 284  | total loss: [1m[32m0.64831[0m[0m | time: 8.522s
[2K
| Adam | epoch: 016 | loss: 0.64831 - acc: 0.6222 -- iter: 448/548
[A[ATraining Step: 285  | total loss: [1m[32m0.64665[0m[0m | time: 8.628s
[2K
| Adam | epoch: 016 | loss: 0.64665 - acc: 0.6100 -- iter: 480/548
[A[ATraining Step: 286  | total loss: [1m[32m0.64260[0m[0m | time: 9.277s
[2K
| Adam | epoch: 016 | loss: 0.64260 - acc: 0.5990 -- iter: 512/548
[A[ATraining Step: 287  | total loss: [1m[32m0.64391[0m[0m | time: 9.958s
[2K
| Adam | epoch: 016 | loss: 0.64391 - acc: 0.5953 -- iter: 544/548
[A[ATraining Step: 288  | total loss: [1m[32m0.64751[0m[0m | time: 11.621s
[2K
| Adam | epoch: 016 | loss: 0.64751 - acc: 0.5920 | val_loss: 0.63150 - val_acc: 0.6977 -- iter: 548/548
--
Training Step: 289  | total loss: [1m[32m0.64521[0m[0m | time: 0.634s
[2K
| Adam | epoch: 017 | loss: 0.64521 - acc: 0.5953 -- iter: 032/548
[A[ATraining Step: 290  | total loss: [1m[32m0.64684[0m[0m | time: 1.292s
[2K
| Adam | epoch: 017 | loss: 0.64684 - acc: 0.5920 -- iter: 064/548
[A[ATraining Step: 291  | total loss: [1m[32m0.64760[0m[0m | time: 1.965s
[2K
| Adam | epoch: 017 | loss: 0.64760 - acc: 0.5922 -- iter: 096/548
[A[ATraining Step: 292  | total loss: [1m[32m0.64595[0m[0m | time: 2.630s
[2K
| Adam | epoch: 017 | loss: 0.64595 - acc: 0.5924 -- iter: 128/548
[A[ATraining Step: 293  | total loss: [1m[32m0.64686[0m[0m | time: 3.287s
[2K
| Adam | epoch: 017 | loss: 0.64686 - acc: 0.5894 -- iter: 160/548
[A[ATraining Step: 294  | total loss: [1m[32m0.63897[0m[0m | time: 3.943s
[2K
| Adam | epoch: 017 | loss: 0.63897 - acc: 0.6148 -- iter: 192/548
[A[ATraining Step: 295  | total loss: [1m[32m0.63951[0m[0m | time: 4.594s
[2K
| Adam | epoch: 017 | loss: 0.63951 - acc: 0.6190 -- iter: 224/548
[A[ATraining Step: 296  | total loss: [1m[32m0.63960[0m[0m | time: 5.259s
[2K
| Adam | epoch: 017 | loss: 0.63960 - acc: 0.6227 -- iter: 256/548
[A[ATraining Step: 297  | total loss: [1m[32m0.63102[0m[0m | time: 5.901s
[2K
| Adam | epoch: 017 | loss: 0.63102 - acc: 0.6292 -- iter: 288/548
[A[ATraining Step: 298  | total loss: [1m[32m0.61632[0m[0m | time: 6.551s
[2K
| Adam | epoch: 017 | loss: 0.61632 - acc: 0.6506 -- iter: 320/548
[A[ATraining Step: 299  | total loss: [1m[32m0.62797[0m[0m | time: 7.204s
[2K
| Adam | epoch: 017 | loss: 0.62797 - acc: 0.6418 -- iter: 352/548
[A[ATraining Step: 300  | total loss: [1m[32m0.62536[0m[0m | time: 7.882s
[2K
| Adam | epoch: 017 | loss: 0.62536 - acc: 0.6464 -- iter: 384/548
[A[ATraining Step: 301  | total loss: [1m[32m0.61362[0m[0m | time: 8.558s
[2K
| Adam | epoch: 017 | loss: 0.61362 - acc: 0.6599 -- iter: 416/548
[A[ATraining Step: 302  | total loss: [1m[32m0.60065[0m[0m | time: 9.202s
[2K
| Adam | epoch: 017 | loss: 0.60065 - acc: 0.6751 -- iter: 448/548
[A[ATraining Step: 303  | total loss: [1m[32m0.59846[0m[0m | time: 9.304s
[2K
| Adam | epoch: 017 | loss: 0.59846 - acc: 0.6795 -- iter: 480/548
[A[ATraining Step: 304  | total loss: [1m[32m0.64025[0m[0m | time: 9.398s
[2K
| Adam | epoch: 017 | loss: 0.64025 - acc: 0.6365 -- iter: 512/548
[A[ATraining Step: 305  | total loss: [1m[32m0.66457[0m[0m | time: 10.047s
[2K
| Adam | epoch: 017 | loss: 0.66457 - acc: 0.5979 -- iter: 544/548
[A[ATraining Step: 306  | total loss: [1m[32m0.65686[0m[0m | time: 11.696s
[2K
| Adam | epoch: 017 | loss: 0.65686 - acc: 0.6100 | val_loss: 0.64312 - val_acc: 0.6395 -- iter: 548/548
--
Training Step: 307  | total loss: [1m[32m0.64766[0m[0m | time: 0.671s
[2K
| Adam | epoch: 018 | loss: 0.64766 - acc: 0.6240 -- iter: 032/548
[A[ATraining Step: 308  | total loss: [1m[32m0.64394[0m[0m | time: 1.324s
[2K
| Adam | epoch: 018 | loss: 0.64394 - acc: 0.6272 -- iter: 064/548
[A[ATraining Step: 309  | total loss: [1m[32m0.64431[0m[0m | time: 1.966s
[2K
| Adam | epoch: 018 | loss: 0.64431 - acc: 0.6176 -- iter: 096/548
[A[ATraining Step: 310  | total loss: [1m[32m0.64517[0m[0m | time: 2.614s
[2K
| Adam | epoch: 018 | loss: 0.64517 - acc: 0.6215 -- iter: 128/548
[A[ATraining Step: 311  | total loss: [1m[32m0.63857[0m[0m | time: 3.276s
[2K
| Adam | epoch: 018 | loss: 0.63857 - acc: 0.6468 -- iter: 160/548
[A[ATraining Step: 312  | total loss: [1m[32m0.63785[0m[0m | time: 3.932s
[2K
| Adam | epoch: 018 | loss: 0.63785 - acc: 0.6540 -- iter: 192/548
[A[ATraining Step: 313  | total loss: [1m[32m0.63744[0m[0m | time: 4.631s
[2K
| Adam | epoch: 018 | loss: 0.63744 - acc: 0.6511 -- iter: 224/548
[A[ATraining Step: 314  | total loss: [1m[32m0.63714[0m[0m | time: 5.280s
[2K
| Adam | epoch: 018 | loss: 0.63714 - acc: 0.6454 -- iter: 256/548
[A[ATraining Step: 315  | total loss: [1m[32m0.63036[0m[0m | time: 5.912s
[2K
| Adam | epoch: 018 | loss: 0.63036 - acc: 0.6590 -- iter: 288/548
[A[ATraining Step: 316  | total loss: [1m[32m0.62665[0m[0m | time: 6.574s
[2K
| Adam | epoch: 018 | loss: 0.62665 - acc: 0.6556 -- iter: 320/548
[A[ATraining Step: 317  | total loss: [1m[32m0.62003[0m[0m | time: 7.235s
[2K
| Adam | epoch: 018 | loss: 0.62003 - acc: 0.6619 -- iter: 352/548
[A[ATraining Step: 318  | total loss: [1m[32m0.61932[0m[0m | time: 7.898s
[2K
| Adam | epoch: 018 | loss: 0.61932 - acc: 0.6676 -- iter: 384/548
[A[ATraining Step: 319  | total loss: [1m[32m0.61046[0m[0m | time: 8.569s
[2K
| Adam | epoch: 018 | loss: 0.61046 - acc: 0.6789 -- iter: 416/548
[A[ATraining Step: 320  | total loss: [1m[32m0.60465[0m[0m | time: 9.239s
[2K
| Adam | epoch: 018 | loss: 0.60465 - acc: 0.6798 -- iter: 448/548
[A[ATraining Step: 321  | total loss: [1m[32m0.59805[0m[0m | time: 9.886s
[2K
| Adam | epoch: 018 | loss: 0.59805 - acc: 0.6837 -- iter: 480/548
[A[ATraining Step: 322  | total loss: [1m[32m0.59405[0m[0m | time: 9.987s
[2K
| Adam | epoch: 018 | loss: 0.59405 - acc: 0.6872 -- iter: 512/548
[A[ATraining Step: 323  | total loss: [1m[32m0.62117[0m[0m | time: 10.087s
[2K
| Adam | epoch: 018 | loss: 0.62117 - acc: 0.6685 -- iter: 544/548
[A[ATraining Step: 324  | total loss: [1m[32m0.64058[0m[0m | time: 11.743s
[2K
| Adam | epoch: 018 | loss: 0.64058 - acc: 0.6766 | val_loss: 0.57453 - val_acc: 0.6977 -- iter: 548/548
--
Training Step: 325  | total loss: [1m[32m0.64068[0m[0m | time: 0.679s
[2K
| Adam | epoch: 019 | loss: 0.64068 - acc: 0.6715 -- iter: 032/548
[A[ATraining Step: 326  | total loss: [1m[32m0.62112[0m[0m | time: 1.328s
[2K
| Adam | epoch: 019 | loss: 0.62112 - acc: 0.6949 -- iter: 064/548
[A[ATraining Step: 327  | total loss: [1m[32m0.61083[0m[0m | time: 1.981s
[2K
| Adam | epoch: 019 | loss: 0.61083 - acc: 0.7005 -- iter: 096/548
[A[ATraining Step: 328  | total loss: [1m[32m0.60149[0m[0m | time: 2.640s
[2K
| Adam | epoch: 019 | loss: 0.60149 - acc: 0.7054 -- iter: 128/548
[A[ATraining Step: 329  | total loss: [1m[32m0.59823[0m[0m | time: 3.264s
[2K
| Adam | epoch: 019 | loss: 0.59823 - acc: 0.7036 -- iter: 160/548
[A[ATraining Step: 330  | total loss: [1m[32m0.59086[0m[0m | time: 3.910s
[2K
| Adam | epoch: 019 | loss: 0.59086 - acc: 0.7051 -- iter: 192/548
[A[ATraining Step: 331  | total loss: [1m[32m0.58831[0m[0m | time: 4.563s
[2K
| Adam | epoch: 019 | loss: 0.58831 - acc: 0.7096 -- iter: 224/548
[A[ATraining Step: 332  | total loss: [1m[32m0.57487[0m[0m | time: 5.218s
[2K
| Adam | epoch: 019 | loss: 0.57487 - acc: 0.7199 -- iter: 256/548
[A[ATraining Step: 333  | total loss: [1m[32m0.57508[0m[0m | time: 5.880s
[2K
| Adam | epoch: 019 | loss: 0.57508 - acc: 0.7167 -- iter: 288/548
[A[ATraining Step: 334  | total loss: [1m[32m0.57529[0m[0m | time: 6.548s
[2K
| Adam | epoch: 019 | loss: 0.57529 - acc: 0.7106 -- iter: 320/548
[A[ATraining Step: 335  | total loss: [1m[32m0.57216[0m[0m | time: 7.229s
[2K
| Adam | epoch: 019 | loss: 0.57216 - acc: 0.7146 -- iter: 352/548
[A[ATraining Step: 336  | total loss: [1m[32m0.56389[0m[0m | time: 7.882s
[2K
| Adam | epoch: 019 | loss: 0.56389 - acc: 0.7181 -- iter: 384/548
[A[ATraining Step: 337  | total loss: [1m[32m0.57212[0m[0m | time: 8.532s
[2K
| Adam | epoch: 019 | loss: 0.57212 - acc: 0.7057 -- iter: 416/548
[A[ATraining Step: 338  | total loss: [1m[32m0.56679[0m[0m | time: 9.181s
[2K
| Adam | epoch: 019 | loss: 0.56679 - acc: 0.7070 -- iter: 448/548
[A[ATraining Step: 339  | total loss: [1m[32m0.55017[0m[0m | time: 9.850s
[2K
| Adam | epoch: 019 | loss: 0.55017 - acc: 0.7207 -- iter: 480/548
[A[ATraining Step: 340  | total loss: [1m[32m0.54521[0m[0m | time: 10.496s
[2K
| Adam | epoch: 019 | loss: 0.54521 - acc: 0.7236 -- iter: 512/548
[A[ATraining Step: 341  | total loss: [1m[32m0.53439[0m[0m | time: 10.596s
[2K
| Adam | epoch: 019 | loss: 0.53439 - acc: 0.7294 -- iter: 544/548
[A[ATraining Step: 342  | total loss: [1m[32m0.51146[0m[0m | time: 11.696s
[2K
| Adam | epoch: 019 | loss: 0.51146 - acc: 0.7314 | val_loss: 0.85561 - val_acc: 0.5930 -- iter: 548/548
--
Training Step: 343  | total loss: [1m[32m0.47996[0m[0m | time: 0.668s
[2K
| Adam | epoch: 020 | loss: 0.47996 - acc: 0.7583 -- iter: 032/548
[A[ATraining Step: 344  | total loss: [1m[32m0.53710[0m[0m | time: 1.320s
[2K
| Adam | epoch: 020 | loss: 0.53710 - acc: 0.7293 -- iter: 064/548
[A[ATraining Step: 345  | total loss: [1m[32m0.58002[0m[0m | time: 1.987s
[2K
| Adam | epoch: 020 | loss: 0.58002 - acc: 0.7189 -- iter: 096/548
[A[ATraining Step: 346  | total loss: [1m[32m0.58983[0m[0m | time: 2.656s
[2K
| Adam | epoch: 020 | loss: 0.58983 - acc: 0.7158 -- iter: 128/548
[A[ATraining Step: 347  | total loss: [1m[32m0.59824[0m[0m | time: 3.301s
[2K
| Adam | epoch: 020 | loss: 0.59824 - acc: 0.7067 -- iter: 160/548
[A[ATraining Step: 348  | total loss: [1m[32m0.60682[0m[0m | time: 3.964s
[2K
| Adam | epoch: 020 | loss: 0.60682 - acc: 0.6985 -- iter: 192/548
[A[ATraining Step: 349  | total loss: [1m[32m0.59491[0m[0m | time: 4.613s
[2K
| Adam | epoch: 020 | loss: 0.59491 - acc: 0.7037 -- iter: 224/548
[A[ATraining Step: 350  | total loss: [1m[32m0.58546[0m[0m | time: 5.282s
[2K
| Adam | epoch: 020 | loss: 0.58546 - acc: 0.7083 -- iter: 256/548
[A[ATraining Step: 351  | total loss: [1m[32m0.58303[0m[0m | time: 5.946s
[2K
| Adam | epoch: 020 | loss: 0.58303 - acc: 0.7031 -- iter: 288/548
[A[ATraining Step: 352  | total loss: [1m[32m0.59212[0m[0m | time: 6.595s
[2K
| Adam | epoch: 020 | loss: 0.59212 - acc: 0.6953 -- iter: 320/548
[A[ATraining Step: 353  | total loss: [1m[32m0.59017[0m[0m | time: 7.264s
[2K
| Adam | epoch: 020 | loss: 0.59017 - acc: 0.6914 -- iter: 352/548
[A[ATraining Step: 354  | total loss: [1m[32m0.58027[0m[0m | time: 7.919s
[2K
| Adam | epoch: 020 | loss: 0.58027 - acc: 0.6941 -- iter: 384/548
[A[ATraining Step: 355  | total loss: [1m[32m0.57596[0m[0m | time: 8.575s
[2K
| Adam | epoch: 020 | loss: 0.57596 - acc: 0.6997 -- iter: 416/548
[A[ATraining Step: 356  | total loss: [1m[32m0.57101[0m[0m | time: 9.237s
[2K
| Adam | epoch: 020 | loss: 0.57101 - acc: 0.7016 -- iter: 448/548
[A[ATraining Step: 357  | total loss: [1m[32m0.57319[0m[0m | time: 9.899s
[2K
| Adam | epoch: 020 | loss: 0.57319 - acc: 0.6971 -- iter: 480/548
[A[ATraining Step: 358  | total loss: [1m[32m0.56862[0m[0m | time: 10.560s
[2K
| Adam | epoch: 020 | loss: 0.56862 - acc: 0.6961 -- iter: 512/548
[A[ATraining Step: 359  | total loss: [1m[32m0.55585[0m[0m | time: 11.213s
[2K
| Adam | epoch: 020 | loss: 0.55585 - acc: 0.7109 -- iter: 544/548
[A[ATraining Step: 360  | total loss: [1m[32m0.55703[0m[0m | time: 12.314s
[2K
| Adam | epoch: 020 | loss: 0.55703 - acc: 0.7148 | val_loss: 0.56420 - val_acc: 0.7209 -- iter: 548/548
--
Training Step: 361  | total loss: [1m[32m0.54723[0m[0m | time: 0.108s
[2K
| Adam | epoch: 021 | loss: 0.54723 - acc: 0.6933 -- iter: 032/548
[A[ATraining Step: 362  | total loss: [1m[32m0.53581[0m[0m | time: 0.780s
[2K
| Adam | epoch: 021 | loss: 0.53581 - acc: 0.6990 -- iter: 064/548
[A[ATraining Step: 363  | total loss: [1m[32m0.53830[0m[0m | time: 1.440s
[2K
| Adam | epoch: 021 | loss: 0.53830 - acc: 0.6978 -- iter: 096/548
[A[ATraining Step: 364  | total loss: [1m[32m0.52739[0m[0m | time: 2.103s
[2K
| Adam | epoch: 021 | loss: 0.52739 - acc: 0.7155 -- iter: 128/548
[A[ATraining Step: 365  | total loss: [1m[32m0.51825[0m[0m | time: 2.772s
[2K
| Adam | epoch: 021 | loss: 0.51825 - acc: 0.7284 -- iter: 160/548
[A[ATraining Step: 366  | total loss: [1m[32m0.51440[0m[0m | time: 3.439s
[2K
| Adam | epoch: 021 | loss: 0.51440 - acc: 0.7243 -- iter: 192/548
[A[ATraining Step: 367  | total loss: [1m[32m0.52893[0m[0m | time: 4.081s
[2K
| Adam | epoch: 021 | loss: 0.52893 - acc: 0.7206 -- iter: 224/548
[A[ATraining Step: 368  | total loss: [1m[32m0.52358[0m[0m | time: 4.731s
[2K
| Adam | epoch: 021 | loss: 0.52358 - acc: 0.7235 -- iter: 256/548
[A[ATraining Step: 369  | total loss: [1m[32m0.52570[0m[0m | time: 5.372s
[2K
| Adam | epoch: 021 | loss: 0.52570 - acc: 0.7262 -- iter: 288/548
[A[ATraining Step: 370  | total loss: [1m[32m0.52689[0m[0m | time: 6.026s
[2K
| Adam | epoch: 021 | loss: 0.52689 - acc: 0.7223 -- iter: 320/548
[A[ATraining Step: 371  | total loss: [1m[32m0.50968[0m[0m | time: 6.698s
[2K
| Adam | epoch: 021 | loss: 0.50968 - acc: 0.7407 -- iter: 352/548
[A[ATraining Step: 372  | total loss: [1m[32m0.51222[0m[0m | time: 7.376s
[2K
| Adam | epoch: 021 | loss: 0.51222 - acc: 0.7416 -- iter: 384/548
[A[ATraining Step: 373  | total loss: [1m[32m0.50950[0m[0m | time: 8.035s
[2K
| Adam | epoch: 021 | loss: 0.50950 - acc: 0.7425 -- iter: 416/548
[A[ATraining Step: 374  | total loss: [1m[32m0.50649[0m[0m | time: 8.687s
[2K
| Adam | epoch: 021 | loss: 0.50649 - acc: 0.7370 -- iter: 448/548
[A[ATraining Step: 375  | total loss: [1m[32m0.50189[0m[0m | time: 9.341s
[2K
| Adam | epoch: 021 | loss: 0.50189 - acc: 0.7445 -- iter: 480/548
[A[ATraining Step: 376  | total loss: [1m[32m0.50279[0m[0m | time: 9.990s
[2K
| Adam | epoch: 021 | loss: 0.50279 - acc: 0.7451 -- iter: 512/548
[A[ATraining Step: 377  | total loss: [1m[32m0.50240[0m[0m | time: 10.629s
[2K
| Adam | epoch: 021 | loss: 0.50240 - acc: 0.7424 -- iter: 544/548
[A[ATraining Step: 378  | total loss: [1m[32m0.49473[0m[0m | time: 12.293s
[2K
| Adam | epoch: 021 | loss: 0.49473 - acc: 0.7495 | val_loss: 0.53374 - val_acc: 0.7500 -- iter: 548/548
--
Training Step: 379  | total loss: [1m[32m0.49153[0m[0m | time: 0.120s
[2K
| Adam | epoch: 022 | loss: 0.49153 - acc: 0.7558 -- iter: 032/548
[A[ATraining Step: 380  | total loss: [1m[32m0.48959[0m[0m | time: 0.222s
[2K
| Adam | epoch: 022 | loss: 0.48959 - acc: 0.7552 -- iter: 064/548
[A[ATraining Step: 381  | total loss: [1m[32m0.48062[0m[0m | time: 0.863s
[2K
| Adam | epoch: 022 | loss: 0.48062 - acc: 0.7797 -- iter: 096/548
[A[ATraining Step: 382  | total loss: [1m[32m0.48070[0m[0m | time: 1.515s
[2K
| Adam | epoch: 022 | loss: 0.48070 - acc: 0.7767 -- iter: 128/548
[A[ATraining Step: 383  | total loss: [1m[32m0.48989[0m[0m | time: 2.170s
[2K
| Adam | epoch: 022 | loss: 0.48989 - acc: 0.7678 -- iter: 160/548
[A[ATraining Step: 384  | total loss: [1m[32m0.48093[0m[0m | time: 2.827s
[2K
| Adam | epoch: 022 | loss: 0.48093 - acc: 0.7722 -- iter: 192/548
[A[ATraining Step: 385  | total loss: [1m[32m0.47593[0m[0m | time: 3.500s
[2K
| Adam | epoch: 022 | loss: 0.47593 - acc: 0.7794 -- iter: 224/548
[A[ATraining Step: 386  | total loss: [1m[32m0.49409[0m[0m | time: 4.151s
[2K
| Adam | epoch: 022 | loss: 0.49409 - acc: 0.7608 -- iter: 256/548
[A[ATraining Step: 387  | total loss: [1m[32m0.47607[0m[0m | time: 4.813s
[2K
| Adam | epoch: 022 | loss: 0.47607 - acc: 0.7629 -- iter: 288/548
[A[ATraining Step: 388  | total loss: [1m[32m0.47065[0m[0m | time: 5.477s
[2K
| Adam | epoch: 022 | loss: 0.47065 - acc: 0.7710 -- iter: 320/548
[A[ATraining Step: 389  | total loss: [1m[32m0.46258[0m[0m | time: 6.150s
[2K
| Adam | epoch: 022 | loss: 0.46258 - acc: 0.7751 -- iter: 352/548
[A[ATraining Step: 390  | total loss: [1m[32m0.46100[0m[0m | time: 6.808s
[2K
| Adam | epoch: 022 | loss: 0.46100 - acc: 0.7695 -- iter: 384/548
[A[ATraining Step: 391  | total loss: [1m[32m0.45218[0m[0m | time: 7.459s
[2K
| Adam | epoch: 022 | loss: 0.45218 - acc: 0.7769 -- iter: 416/548
[A[ATraining Step: 392  | total loss: [1m[32m0.44592[0m[0m | time: 8.116s
[2K
| Adam | epoch: 022 | loss: 0.44592 - acc: 0.7836 -- iter: 448/548
[A[ATraining Step: 393  | total loss: [1m[32m0.44009[0m[0m | time: 8.780s
[2K
| Adam | epoch: 022 | loss: 0.44009 - acc: 0.7896 -- iter: 480/548
[A[ATraining Step: 394  | total loss: [1m[32m0.43616[0m[0m | time: 9.436s
[2K
| Adam | epoch: 022 | loss: 0.43616 - acc: 0.7950 -- iter: 512/548
[A[ATraining Step: 395  | total loss: [1m[32m0.43731[0m[0m | time: 10.100s
[2K
| Adam | epoch: 022 | loss: 0.43731 - acc: 0.7968 -- iter: 544/548
[A[ATraining Step: 396  | total loss: [1m[32m0.45101[0m[0m | time: 11.743s
[2K
| Adam | epoch: 022 | loss: 0.45101 - acc: 0.7858 | val_loss: 0.52322 - val_acc: 0.7442 -- iter: 548/548
--
Training Step: 397  | total loss: [1m[32m0.43926[0m[0m | time: 0.657s
[2K
| Adam | epoch: 023 | loss: 0.43926 - acc: 0.7916 -- iter: 032/548
[A[ATraining Step: 398  | total loss: [1m[32m0.42668[0m[0m | time: 0.753s
[2K
| Adam | epoch: 023 | loss: 0.42668 - acc: 0.8000 -- iter: 064/548
[A[ATraining Step: 399  | total loss: [1m[32m0.49645[0m[0m | time: 0.853s
[2K
| Adam | epoch: 023 | loss: 0.49645 - acc: 0.7700 -- iter: 096/548
[A[ATraining Step: 400  | total loss: [1m[32m0.52954[0m[0m | time: 2.514s
[2K
| Adam | epoch: 023 | loss: 0.52954 - acc: 0.7430 | val_loss: 0.55691 - val_acc: 0.7035 -- iter: 128/548
--
Training Step: 401  | total loss: [1m[32m0.52148[0m[0m | time: 3.172s
[2K
| Adam | epoch: 023 | loss: 0.52148 - acc: 0.7499 -- iter: 160/548
[A[ATraining Step: 402  | total loss: [1m[32m0.53452[0m[0m | time: 3.836s
[2K
| Adam | epoch: 023 | loss: 0.53452 - acc: 0.7374 -- iter: 192/548
[A[ATraining Step: 403  | total loss: [1m[32m0.53607[0m[0m | time: 4.506s
[2K
| Adam | epoch: 023 | loss: 0.53607 - acc: 0.7324 -- iter: 224/548
[A[ATraining Step: 404  | total loss: [1m[32m0.51836[0m[0m | time: 5.154s
[2K
| Adam | epoch: 023 | loss: 0.51836 - acc: 0.7436 -- iter: 256/548
[A[ATraining Step: 405  | total loss: [1m[32m0.50165[0m[0m | time: 5.830s
[2K
| Adam | epoch: 023 | loss: 0.50165 - acc: 0.7567 -- iter: 288/548
[A[ATraining Step: 406  | total loss: [1m[32m0.48668[0m[0m | time: 6.485s
[2K
| Adam | epoch: 023 | loss: 0.48668 - acc: 0.7654 -- iter: 320/548
[A[ATraining Step: 407  | total loss: [1m[32m0.47092[0m[0m | time: 7.166s
[2K
| Adam | epoch: 023 | loss: 0.47092 - acc: 0.7795 -- iter: 352/548
[A[ATraining Step: 408  | total loss: [1m[32m0.46266[0m[0m | time: 7.839s
[2K
| Adam | epoch: 023 | loss: 0.46266 - acc: 0.7891 -- iter: 384/548
[A[ATraining Step: 409  | total loss: [1m[32m0.45559[0m[0m | time: 8.494s
[2K
| Adam | epoch: 023 | loss: 0.45559 - acc: 0.7883 -- iter: 416/548
[A[ATraining Step: 410  | total loss: [1m[32m0.44804[0m[0m | time: 9.142s
[2K
| Adam | epoch: 023 | loss: 0.44804 - acc: 0.7907 -- iter: 448/548
[A[ATraining Step: 411  | total loss: [1m[32m0.45976[0m[0m | time: 9.806s
[2K
| Adam | epoch: 023 | loss: 0.45976 - acc: 0.7710 -- iter: 480/548
[A[ATraining Step: 412  | total loss: [1m[32m0.44676[0m[0m | time: 10.481s
[2K
| Adam | epoch: 023 | loss: 0.44676 - acc: 0.7814 -- iter: 512/548
[A[ATraining Step: 413  | total loss: [1m[32m0.42721[0m[0m | time: 11.116s
[2K
| Adam | epoch: 023 | loss: 0.42721 - acc: 0.7970 -- iter: 544/548
[A[ATraining Step: 414  | total loss: [1m[32m0.42010[0m[0m | time: 12.769s
[2K
| Adam | epoch: 023 | loss: 0.42010 - acc: 0.8048 | val_loss: 0.50738 - val_acc: 0.7616 -- iter: 548/548
--
Training Step: 415  | total loss: [1m[32m0.42495[0m[0m | time: 0.665s
[2K
| Adam | epoch: 024 | loss: 0.42495 - acc: 0.7962 -- iter: 032/548
[A[ATraining Step: 416  | total loss: [1m[32m0.44370[0m[0m | time: 1.327s
[2K
| Adam | epoch: 024 | loss: 0.44370 - acc: 0.7822 -- iter: 064/548
[A[ATraining Step: 417  | total loss: [1m[32m0.43708[0m[0m | time: 1.425s
[2K
| Adam | epoch: 024 | loss: 0.43708 - acc: 0.7852 -- iter: 096/548
[A[ATraining Step: 418  | total loss: [1m[32m0.42529[0m[0m | time: 1.521s
[2K
| Adam | epoch: 024 | loss: 0.42529 - acc: 0.8067 -- iter: 128/548
[A[ATraining Step: 419  | total loss: [1m[32m0.40203[0m[0m | time: 2.182s
[2K
| Adam | epoch: 024 | loss: 0.40203 - acc: 0.8260 -- iter: 160/548
[A[ATraining Step: 420  | total loss: [1m[32m0.39657[0m[0m | time: 2.836s
[2K
| Adam | epoch: 024 | loss: 0.39657 - acc: 0.8309 -- iter: 192/548
[A[ATraining Step: 421  | total loss: [1m[32m0.39068[0m[0m | time: 3.488s
[2K
| Adam | epoch: 024 | loss: 0.39068 - acc: 0.8353 -- iter: 224/548
[A[ATraining Step: 422  | total loss: [1m[32m0.41574[0m[0m | time: 4.137s
[2K
| Adam | epoch: 024 | loss: 0.41574 - acc: 0.8268 -- iter: 256/548
[A[ATraining Step: 423  | total loss: [1m[32m0.48622[0m[0m | time: 4.780s
[2K
| Adam | epoch: 024 | loss: 0.48622 - acc: 0.8035 -- iter: 288/548
[A[ATraining Step: 424  | total loss: [1m[32m0.46941[0m[0m | time: 5.425s
[2K
| Adam | epoch: 024 | loss: 0.46941 - acc: 0.8044 -- iter: 320/548
[A[ATraining Step: 425  | total loss: [1m[32m0.46916[0m[0m | time: 6.083s
[2K
| Adam | epoch: 024 | loss: 0.46916 - acc: 0.7927 -- iter: 352/548
[A[ATraining Step: 426  | total loss: [1m[32m0.46339[0m[0m | time: 6.737s
[2K
| Adam | epoch: 024 | loss: 0.46339 - acc: 0.7947 -- iter: 384/548
[A[ATraining Step: 427  | total loss: [1m[32m0.44843[0m[0m | time: 7.399s
[2K
| Adam | epoch: 024 | loss: 0.44843 - acc: 0.8090 -- iter: 416/548
[A[ATraining Step: 428  | total loss: [1m[32m0.45147[0m[0m | time: 8.090s
[2K
| Adam | epoch: 024 | loss: 0.45147 - acc: 0.8031 -- iter: 448/548
[A[ATraining Step: 429  | total loss: [1m[32m0.46160[0m[0m | time: 8.756s
[2K
| Adam | epoch: 024 | loss: 0.46160 - acc: 0.7946 -- iter: 480/548
[A[ATraining Step: 430  | total loss: [1m[32m0.45958[0m[0m | time: 9.413s
[2K
| Adam | epoch: 024 | loss: 0.45958 - acc: 0.7964 -- iter: 512/548
[A[ATraining Step: 431  | total loss: [1m[32m0.44496[0m[0m | time: 10.050s
[2K
| Adam | epoch: 024 | loss: 0.44496 - acc: 0.8105 -- iter: 544/548
[A[ATraining Step: 432  | total loss: [1m[32m0.43800[0m[0m | time: 11.710s
[2K
| Adam | epoch: 024 | loss: 0.43800 - acc: 0.8170 | val_loss: 0.49478 - val_acc: 0.7849 -- iter: 548/548
--
Training Step: 433  | total loss: [1m[32m0.42477[0m[0m | time: 0.678s
[2K
| Adam | epoch: 025 | loss: 0.42477 - acc: 0.8228 -- iter: 032/548
[A[ATraining Step: 434  | total loss: [1m[32m0.41028[0m[0m | time: 1.342s
[2K
| Adam | epoch: 025 | loss: 0.41028 - acc: 0.8311 -- iter: 064/548
[A[ATraining Step: 435  | total loss: [1m[32m0.41142[0m[0m | time: 1.989s
[2K
| Adam | epoch: 025 | loss: 0.41142 - acc: 0.8230 -- iter: 096/548
[A[ATraining Step: 436  | total loss: [1m[32m0.40407[0m[0m | time: 2.090s
[2K
| Adam | epoch: 025 | loss: 0.40407 - acc: 0.8188 -- iter: 128/548
[A[ATraining Step: 437  | total loss: [1m[32m0.37753[0m[0m | time: 2.185s
[2K
| Adam | epoch: 025 | loss: 0.37753 - acc: 0.8370 -- iter: 160/548
[A[ATraining Step: 438  | total loss: [1m[32m0.35132[0m[0m | time: 2.864s
[2K
| Adam | epoch: 025 | loss: 0.35132 - acc: 0.8533 -- iter: 192/548
[A[ATraining Step: 439  | total loss: [1m[32m0.34437[0m[0m | time: 3.514s
[2K
| Adam | epoch: 025 | loss: 0.34437 - acc: 0.8586 -- iter: 224/548
[A[ATraining Step: 440  | total loss: [1m[32m0.33690[0m[0m | time: 4.155s
[2K
| Adam | epoch: 025 | loss: 0.33690 - acc: 0.8602 -- iter: 256/548
[A[ATraining Step: 441  | total loss: [1m[32m0.34510[0m[0m | time: 4.820s
[2K
| Adam | epoch: 025 | loss: 0.34510 - acc: 0.8492 -- iter: 288/548
[A[ATraining Step: 442  | total loss: [1m[32m0.34611[0m[0m | time: 5.493s
[2K
| Adam | epoch: 025 | loss: 0.34611 - acc: 0.8486 -- iter: 320/548
[A[ATraining Step: 443  | total loss: [1m[32m0.32705[0m[0m | time: 6.144s
[2K
| Adam | epoch: 025 | loss: 0.32705 - acc: 0.8607 -- iter: 352/548
[A[ATraining Step: 444  | total loss: [1m[32m0.32642[0m[0m | time: 6.798s
[2K
| Adam | epoch: 025 | loss: 0.32642 - acc: 0.8621 -- iter: 384/548
[A[ATraining Step: 445  | total loss: [1m[32m0.32089[0m[0m | time: 7.461s
[2K
| Adam | epoch: 025 | loss: 0.32089 - acc: 0.8665 -- iter: 416/548
[A[ATraining Step: 446  | total loss: [1m[32m0.30791[0m[0m | time: 8.107s
[2K
| Adam | epoch: 025 | loss: 0.30791 - acc: 0.8736 -- iter: 448/548
[A[ATraining Step: 447  | total loss: [1m[32m0.30191[0m[0m | time: 8.785s
[2K
| Adam | epoch: 025 | loss: 0.30191 - acc: 0.8769 -- iter: 480/548
[A[ATraining Step: 448  | total loss: [1m[32m0.30365[0m[0m | time: 9.440s
[2K
| Adam | epoch: 025 | loss: 0.30365 - acc: 0.8736 -- iter: 512/548
[A[ATraining Step: 449  | total loss: [1m[32m0.29565[0m[0m | time: 10.107s
[2K
| Adam | epoch: 025 | loss: 0.29565 - acc: 0.8799 -- iter: 544/548
[A[ATraining Step: 450  | total loss: [1m[32m0.28573[0m[0m | time: 11.774s
[2K
| Adam | epoch: 025 | loss: 0.28573 - acc: 0.8888 | val_loss: 0.48568 - val_acc: 0.7907 -- iter: 548/548
--
Training Step: 451  | total loss: [1m[32m0.28460[0m[0m | time: 0.647s
[2K
| Adam | epoch: 026 | loss: 0.28460 - acc: 0.8874 -- iter: 032/548
[A[ATraining Step: 452  | total loss: [1m[32m0.27966[0m[0m | time: 1.305s
[2K
| Adam | epoch: 026 | loss: 0.27966 - acc: 0.8862 -- iter: 064/548
[A[ATraining Step: 453  | total loss: [1m[32m0.28932[0m[0m | time: 1.976s
[2K
| Adam | epoch: 026 | loss: 0.28932 - acc: 0.8820 -- iter: 096/548
[A[ATraining Step: 454  | total loss: [1m[32m0.28336[0m[0m | time: 2.629s
[2K
| Adam | epoch: 026 | loss: 0.28336 - acc: 0.8844 -- iter: 128/548
[A[ATraining Step: 455  | total loss: [1m[32m0.27856[0m[0m | time: 2.739s
[2K
| Adam | epoch: 026 | loss: 0.27856 - acc: 0.8834 -- iter: 160/548
[A[ATraining Step: 456  | total loss: [1m[32m0.28640[0m[0m | time: 2.849s
[2K
| Adam | epoch: 026 | loss: 0.28640 - acc: 0.8701 -- iter: 192/548
[A[ATraining Step: 457  | total loss: [1m[32m0.27773[0m[0m | time: 3.526s
[2K
| Adam | epoch: 026 | loss: 0.27773 - acc: 0.8831 -- iter: 224/548
[A[ATraining Step: 458  | total loss: [1m[32m0.29048[0m[0m | time: 4.197s
[2K
| Adam | epoch: 026 | loss: 0.29048 - acc: 0.8760 -- iter: 256/548
[A[ATraining Step: 459  | total loss: [1m[32m0.28408[0m[0m | time: 4.836s
[2K
| Adam | epoch: 026 | loss: 0.28408 - acc: 0.8822 -- iter: 288/548
[A[ATraining Step: 460  | total loss: [1m[32m0.30216[0m[0m | time: 5.490s
[2K
| Adam | epoch: 026 | loss: 0.30216 - acc: 0.8783 -- iter: 320/548
[A[ATraining Step: 461  | total loss: [1m[32m0.28665[0m[0m | time: 6.147s
[2K
| Adam | epoch: 026 | loss: 0.28665 - acc: 0.8843 -- iter: 352/548
[A[ATraining Step: 462  | total loss: [1m[32m0.29164[0m[0m | time: 6.813s
[2K
| Adam | epoch: 026 | loss: 0.29164 - acc: 0.8865 -- iter: 384/548
[A[ATraining Step: 463  | total loss: [1m[32m0.28227[0m[0m | time: 7.479s
[2K
| Adam | epoch: 026 | loss: 0.28227 - acc: 0.8916 -- iter: 416/548
[A[ATraining Step: 464  | total loss: [1m[32m0.28337[0m[0m | time: 8.139s
[2K
| Adam | epoch: 026 | loss: 0.28337 - acc: 0.8868 -- iter: 448/548
[A[ATraining Step: 465  | total loss: [1m[32m0.27798[0m[0m | time: 8.814s
[2K
| Adam | epoch: 026 | loss: 0.27798 - acc: 0.8887 -- iter: 480/548
[A[ATraining Step: 466  | total loss: [1m[32m0.27522[0m[0m | time: 9.504s
[2K
| Adam | epoch: 026 | loss: 0.27522 - acc: 0.8874 -- iter: 512/548
[A[ATraining Step: 467  | total loss: [1m[32m0.27514[0m[0m | time: 10.164s
[2K
| Adam | epoch: 026 | loss: 0.27514 - acc: 0.8861 -- iter: 544/548
[A[ATraining Step: 468  | total loss: [1m[32m0.29572[0m[0m | time: 11.848s
[2K
| Adam | epoch: 026 | loss: 0.29572 - acc: 0.8756 | val_loss: 0.42157 - val_acc: 0.8314 -- iter: 548/548
--
Training Step: 469  | total loss: [1m[32m0.27346[0m[0m | time: 0.678s
[2K
| Adam | epoch: 027 | loss: 0.27346 - acc: 0.8881 -- iter: 032/548
[A[ATraining Step: 470  | total loss: [1m[32m0.26861[0m[0m | time: 1.332s
[2K
| Adam | epoch: 027 | loss: 0.26861 - acc: 0.8899 -- iter: 064/548
[A[ATraining Step: 471  | total loss: [1m[32m0.26095[0m[0m | time: 2.018s
[2K
| Adam | epoch: 027 | loss: 0.26095 - acc: 0.8946 -- iter: 096/548
[A[ATraining Step: 472  | total loss: [1m[32m0.25776[0m[0m | time: 2.722s
[2K
| Adam | epoch: 027 | loss: 0.25776 - acc: 0.8958 -- iter: 128/548
[A[ATraining Step: 473  | total loss: [1m[32m0.24567[0m[0m | time: 3.373s
[2K
| Adam | epoch: 027 | loss: 0.24567 - acc: 0.9031 -- iter: 160/548
[A[ATraining Step: 474  | total loss: [1m[32m0.22857[0m[0m | time: 3.468s
[2K
| Adam | epoch: 027 | loss: 0.22857 - acc: 0.9128 -- iter: 192/548
[A[ATraining Step: 475  | total loss: [1m[32m0.21560[0m[0m | time: 3.562s
[2K
| Adam | epoch: 027 | loss: 0.21560 - acc: 0.9215 -- iter: 224/548
[A[ATraining Step: 476  | total loss: [1m[32m0.20064[0m[0m | time: 4.214s
[2K
| Adam | epoch: 027 | loss: 0.20064 - acc: 0.9294 -- iter: 256/548
[A[ATraining Step: 477  | total loss: [1m[32m0.19083[0m[0m | time: 4.861s
[2K
| Adam | epoch: 027 | loss: 0.19083 - acc: 0.9333 -- iter: 288/548
[A[ATraining Step: 478  | total loss: [1m[32m0.18845[0m[0m | time: 5.507s
[2K
| Adam | epoch: 027 | loss: 0.18845 - acc: 0.9368 -- iter: 320/548
[A[ATraining Step: 479  | total loss: [1m[32m0.17862[0m[0m | time: 6.151s
[2K
| Adam | epoch: 027 | loss: 0.17862 - acc: 0.9432 -- iter: 352/548
[A[ATraining Step: 480  | total loss: [1m[32m0.17604[0m[0m | time: 6.793s
[2K
| Adam | epoch: 027 | loss: 0.17604 - acc: 0.9426 -- iter: 384/548
[A[ATraining Step: 481  | total loss: [1m[32m0.17048[0m[0m | time: 7.435s
[2K
| Adam | epoch: 027 | loss: 0.17048 - acc: 0.9452 -- iter: 416/548
[A[ATraining Step: 482  | total loss: [1m[32m0.16225[0m[0m | time: 8.079s
[2K
| Adam | epoch: 027 | loss: 0.16225 - acc: 0.9507 -- iter: 448/548
[A[ATraining Step: 483  | total loss: [1m[32m0.17007[0m[0m | time: 8.756s
[2K
| Adam | epoch: 027 | loss: 0.17007 - acc: 0.9462 -- iter: 480/548
[A[ATraining Step: 484  | total loss: [1m[32m0.16548[0m[0m | time: 9.390s
[2K
| Adam | epoch: 027 | loss: 0.16548 - acc: 0.9422 -- iter: 512/548
[A[ATraining Step: 485  | total loss: [1m[32m0.15874[0m[0m | time: 10.035s
[2K
| Adam | epoch: 027 | loss: 0.15874 - acc: 0.9449 -- iter: 544/548
[A[ATraining Step: 486  | total loss: [1m[32m0.14724[0m[0m | time: 11.676s
[2K
| Adam | epoch: 027 | loss: 0.14724 - acc: 0.9504 | val_loss: 0.59374 - val_acc: 0.8140 -- iter: 548/548
--
Training Step: 487  | total loss: [1m[32m0.13579[0m[0m | time: 0.653s
[2K
| Adam | epoch: 028 | loss: 0.13579 - acc: 0.9554 -- iter: 032/548
[A[ATraining Step: 488  | total loss: [1m[32m0.17532[0m[0m | time: 1.306s
[2K
| Adam | epoch: 028 | loss: 0.17532 - acc: 0.9348 -- iter: 064/548
[A[ATraining Step: 489  | total loss: [1m[32m0.17097[0m[0m | time: 1.945s
[2K
| Adam | epoch: 028 | loss: 0.17097 - acc: 0.9351 -- iter: 096/548
[A[ATraining Step: 490  | total loss: [1m[32m0.16419[0m[0m | time: 2.561s
[2K
| Adam | epoch: 028 | loss: 0.16419 - acc: 0.9385 -- iter: 128/548
[A[ATraining Step: 491  | total loss: [1m[32m0.15903[0m[0m | time: 3.210s
[2K
| Adam | epoch: 028 | loss: 0.15903 - acc: 0.9384 -- iter: 160/548
[A[ATraining Step: 492  | total loss: [1m[32m0.15464[0m[0m | time: 3.840s
[2K
| Adam | epoch: 028 | loss: 0.15464 - acc: 0.9414 -- iter: 192/548
[A[ATraining Step: 493  | total loss: [1m[32m0.15250[0m[0m | time: 3.933s
[2K
| Adam | epoch: 028 | loss: 0.15250 - acc: 0.9441 -- iter: 224/548
[A[ATraining Step: 494  | total loss: [1m[32m0.22037[0m[0m | time: 4.029s
[2K
| Adam | epoch: 028 | loss: 0.22037 - acc: 0.9247 -- iter: 256/548
[A[ATraining Step: 495  | total loss: [1m[32m0.21836[0m[0m | time: 4.653s
[2K
| Adam | epoch: 028 | loss: 0.21836 - acc: 0.9073 -- iter: 288/548
[A[ATraining Step: 496  | total loss: [1m[32m0.22293[0m[0m | time: 5.297s
[2K
| Adam | epoch: 028 | loss: 0.22293 - acc: 0.9040 -- iter: 320/548
[A[ATraining Step: 497  | total loss: [1m[32m0.25769[0m[0m | time: 5.915s
[2K
| Adam | epoch: 028 | loss: 0.25769 - acc: 0.8917 -- iter: 352/548
[A[ATraining Step: 498  | total loss: [1m[32m0.30126[0m[0m | time: 6.541s
[2K
| Adam | epoch: 028 | loss: 0.30126 - acc: 0.8744 -- iter: 384/548
[A[ATraining Step: 499  | total loss: [1m[32m0.28610[0m[0m | time: 7.170s
[2K
| Adam | epoch: 028 | loss: 0.28610 - acc: 0.8776 -- iter: 416/548
[A[ATraining Step: 500  | total loss: [1m[32m0.29219[0m[0m | time: 7.843s
[2K
| Adam | epoch: 028 | loss: 0.29219 - acc: 0.8867 -- iter: 448/548
[A[ATraining Step: 501  | total loss: [1m[32m0.27500[0m[0m | time: 8.489s
[2K
| Adam | epoch: 028 | loss: 0.27500 - acc: 0.8949 -- iter: 480/548
[A[ATraining Step: 502  | total loss: [1m[32m0.26876[0m[0m | time: 9.133s
[2K
| Adam | epoch: 028 | loss: 0.26876 - acc: 0.8929 -- iter: 512/548
[A[ATraining Step: 503  | total loss: [1m[32m0.26900[0m[0m | time: 9.789s
[2K
| Adam | epoch: 028 | loss: 0.26900 - acc: 0.8912 -- iter: 544/548
[A[ATraining Step: 504  | total loss: [1m[32m0.24700[0m[0m | time: 11.432s
[2K
| Adam | epoch: 028 | loss: 0.24700 - acc: 0.9020 | val_loss: 0.41349 - val_acc: 0.8663 -- iter: 548/548
--
Training Step: 505  | total loss: [1m[32m0.23444[0m[0m | time: 0.647s
[2K
| Adam | epoch: 029 | loss: 0.23444 - acc: 0.9087 -- iter: 032/548
[A[ATraining Step: 506  | total loss: [1m[32m0.22620[0m[0m | time: 1.283s
[2K
| Adam | epoch: 029 | loss: 0.22620 - acc: 0.9116 -- iter: 064/548
[A[ATraining Step: 507  | total loss: [1m[32m0.22841[0m[0m | time: 1.936s
[2K
| Adam | epoch: 029 | loss: 0.22841 - acc: 0.9111 -- iter: 096/548
[A[ATraining Step: 508  | total loss: [1m[32m0.21623[0m[0m | time: 2.587s
[2K
| Adam | epoch: 029 | loss: 0.21623 - acc: 0.9168 -- iter: 128/548
[A[ATraining Step: 509  | total loss: [1m[32m0.21175[0m[0m | time: 3.236s
[2K
| Adam | epoch: 029 | loss: 0.21175 - acc: 0.9189 -- iter: 160/548
[A[ATraining Step: 510  | total loss: [1m[32m0.19929[0m[0m | time: 3.897s
[2K
| Adam | epoch: 029 | loss: 0.19929 - acc: 0.9270 -- iter: 192/548
[A[ATraining Step: 511  | total loss: [1m[32m0.19335[0m[0m | time: 4.548s
[2K
| Adam | epoch: 029 | loss: 0.19335 - acc: 0.9312 -- iter: 224/548
[A[ATraining Step: 512  | total loss: [1m[32m0.18853[0m[0m | time: 4.656s
[2K
| Adam | epoch: 029 | loss: 0.18853 - acc: 0.9318 -- iter: 256/548
[A[ATraining Step: 513  | total loss: [1m[32m0.17810[0m[0m | time: 4.766s
[2K
| Adam | epoch: 029 | loss: 0.17810 - acc: 0.9386 -- iter: 288/548
[A[ATraining Step: 514  | total loss: [1m[32m0.16532[0m[0m | time: 5.425s
[2K
| Adam | epoch: 029 | loss: 0.16532 - acc: 0.9448 -- iter: 320/548
[A[ATraining Step: 515  | total loss: [1m[32m0.16893[0m[0m | time: 6.058s
[2K
| Adam | epoch: 029 | loss: 0.16893 - acc: 0.9378 -- iter: 352/548
[A[ATraining Step: 516  | total loss: [1m[32m0.16223[0m[0m | time: 6.729s
[2K
| Adam | epoch: 029 | loss: 0.16223 - acc: 0.9409 -- iter: 384/548
[A[ATraining Step: 517  | total loss: [1m[32m0.15112[0m[0m | time: 7.365s
[2K
| Adam | epoch: 029 | loss: 0.15112 - acc: 0.9468 -- iter: 416/548
[A[ATraining Step: 518  | total loss: [1m[32m0.14810[0m[0m | time: 8.024s
[2K
| Adam | epoch: 029 | loss: 0.14810 - acc: 0.9459 -- iter: 448/548
[A[ATraining Step: 519  | total loss: [1m[32m0.15082[0m[0m | time: 8.678s
[2K
| Adam | epoch: 029 | loss: 0.15082 - acc: 0.9450 -- iter: 480/548
[A[ATraining Step: 520  | total loss: [1m[32m0.13985[0m[0m | time: 9.324s
[2K
| Adam | epoch: 029 | loss: 0.13985 - acc: 0.9505 -- iter: 512/548
[A[ATraining Step: 521  | total loss: [1m[32m0.14627[0m[0m | time: 9.980s
[2K
| Adam | epoch: 029 | loss: 0.14627 - acc: 0.9492 -- iter: 544/548
[A[ATraining Step: 522  | total loss: [1m[32m0.13498[0m[0m | time: 11.638s
[2K
| Adam | epoch: 029 | loss: 0.13498 - acc: 0.9543 | val_loss: 0.58213 - val_acc: 0.8372 -- iter: 548/548
--
Training Step: 523  | total loss: [1m[32m0.12587[0m[0m | time: 0.635s
[2K
| Adam | epoch: 030 | loss: 0.12587 - acc: 0.9589 -- iter: 032/548
[A[ATraining Step: 524  | total loss: [1m[32m0.11640[0m[0m | time: 1.290s
[2K
| Adam | epoch: 030 | loss: 0.11640 - acc: 0.9630 -- iter: 064/548
[A[ATraining Step: 525  | total loss: [1m[32m0.10680[0m[0m | time: 1.943s
[2K
| Adam | epoch: 030 | loss: 0.10680 - acc: 0.9667 -- iter: 096/548
[A[ATraining Step: 526  | total loss: [1m[32m0.11530[0m[0m | time: 2.573s
[2K
| Adam | epoch: 030 | loss: 0.11530 - acc: 0.9669 -- iter: 128/548
[A[ATraining Step: 527  | total loss: [1m[32m0.10801[0m[0m | time: 3.244s
[2K
| Adam | epoch: 030 | loss: 0.10801 - acc: 0.9671 -- iter: 160/548
[A[ATraining Step: 528  | total loss: [1m[32m0.10045[0m[0m | time: 3.880s
[2K
| Adam | epoch: 030 | loss: 0.10045 - acc: 0.9704 -- iter: 192/548
[A[ATraining Step: 529  | total loss: [1m[32m0.09263[0m[0m | time: 4.537s
[2K
| Adam | epoch: 030 | loss: 0.09263 - acc: 0.9733 -- iter: 224/548
[A[ATraining Step: 530  | total loss: [1m[32m0.08503[0m[0m | time: 5.190s
[2K
| Adam | epoch: 030 | loss: 0.08503 - acc: 0.9760 -- iter: 256/548
[A[ATraining Step: 531  | total loss: [1m[32m0.08481[0m[0m | time: 5.299s
[2K
| Adam | epoch: 030 | loss: 0.08481 - acc: 0.9753 -- iter: 288/548
[A[ATraining Step: 532  | total loss: [1m[32m0.07841[0m[0m | time: 5.398s
[2K
| Adam | epoch: 030 | loss: 0.07841 - acc: 0.9777 -- iter: 320/548
[A[ATraining Step: 533  | total loss: [1m[32m0.07268[0m[0m | time: 6.038s
[2K
| Adam | epoch: 030 | loss: 0.07268 - acc: 0.9800 -- iter: 352/548
[A[ATraining Step: 534  | total loss: [1m[32m0.07291[0m[0m | time: 6.681s
[2K
| Adam | epoch: 030 | loss: 0.07291 - acc: 0.9757 -- iter: 384/548
[A[ATraining Step: 535  | total loss: [1m[32m0.06777[0m[0m | time: 7.320s
[2K
| Adam | epoch: 030 | loss: 0.06777 - acc: 0.9782 -- iter: 416/548
[A[ATraining Step: 536  | total loss: [1m[32m0.06627[0m[0m | time: 7.953s
[2K
| Adam | epoch: 030 | loss: 0.06627 - acc: 0.9772 -- iter: 448/548
[A[ATraining Step: 537  | total loss: [1m[32m0.06435[0m[0m | time: 8.591s
[2K
| Adam | epoch: 030 | loss: 0.06435 - acc: 0.9764 -- iter: 480/548
[A[ATraining Step: 538  | total loss: [1m[32m0.07794[0m[0m | time: 9.252s
[2K
| Adam | epoch: 030 | loss: 0.07794 - acc: 0.9756 -- iter: 512/548
[A[ATraining Step: 539  | total loss: [1m[32m0.07254[0m[0m | time: 9.899s
[2K
| Adam | epoch: 030 | loss: 0.07254 - acc: 0.9780 -- iter: 544/548
[A[ATraining Step: 540  | total loss: [1m[32m0.06910[0m[0m | time: 11.570s
[2K
| Adam | epoch: 030 | loss: 0.06910 - acc: 0.9771 | val_loss: 0.64325 - val_acc: 0.8372 -- iter: 548/548
--
Validation AUC:0.9016189290161893
Validation AUPRC:0.8991950974098608
Test AUC:0.8627083333333333
Test AUPRC:0.8649730271081921
BestTestF1Score	0.84	0.62	0.81	0.83	0.86	86	18	54	14	0.7
BestTestMCCScore	0.84	0.62	0.81	0.83	0.86	86	18	54	14	0.7
BestTestAccuracyScore	0.85	0.63	0.82	0.83	0.86	86	17	55	14	0.73
BestValidationF1Score	0.89	0.73	0.87	0.86	0.92	91	15	58	8	0.7
BestValidationMCC	0.89	0.73	0.87	0.86	0.92	91	15	58	8	0.7
BestValidationAccuracy	0.89	0.73	0.87	0.87	0.91	90	14	59	9	0.73
TestPredictions (Threshold:0.7)
CHEMBL261357,TN,INACT,0.009999999776482582	CHEMBL3600777,TN,INACT,0.009999999776482582	CHEMBL462200,TP,ACT,0.9900000095367432	CHEMBL2420314,TP,ACT,1.0	CHEMBL1213116,TN,INACT,0.20999999344348907	CHEMBL2070385,FP,INACT,0.9900000095367432	CHEMBL2204546,TN,INACT,0.17000000178813934	CHEMBL1242572,TP,ACT,1.0	CHEMBL1914743,FN,ACT,0.009999999776482582	CHEMBL1240545,TP,ACT,1.0	CHEMBL2158434,TN,INACT,0.009999999776482582	CHEMBL470852,TN,INACT,0.10999999940395355	CHEMBL1795747,FN,ACT,0.009999999776482582	CHEMBL566895,TN,INACT,0.17000000178813934	CHEMBL1241491,TP,ACT,1.0	CHEMBL383376,TP,ACT,1.0	CHEMBL1669157,TP,ACT,0.9900000095367432	CHEMBL1241774,TP,ACT,1.0	CHEMBL371947,TP,ACT,0.9800000190734863	CHEMBL1241677,TP,ACT,1.0	CHEMBL2018413,TN,INACT,0.0	CHEMBL2420443,TP,ACT,1.0	CHEMBL1762243,TN,INACT,0.0	CHEMBL57042,TN,INACT,0.009999999776482582	CHEMBL3797834,TP,ACT,1.0	CHEMBL195568,TN,INACT,0.009999999776482582	CHEMBL2064481,TN,INACT,0.0	CHEMBL3786230,TN,INACT,0.009999999776482582	CHEMBL1795753,TP,ACT,1.0	CHEMBL562999,TN,INACT,0.019999999552965164	CHEMBL488213,TP,ACT,1.0	CHEMBL1242845,FN,ACT,0.49000000953674316	CHEMBL3113389,FP,INACT,0.9700000286102295	CHEMBL1951594,TN,INACT,0.14000000059604645	CHEMBL149307,TN,INACT,0.009999999776482582	CHEMBL1276747,TP,ACT,1.0	CHEMBL3360231,TN,INACT,0.14000000059604645	CHEMBL454658,TP,ACT,1.0	CHEMBL1241675,TP,ACT,1.0	CHEMBL1241300,TP,ACT,1.0	CHEMBL395603,TN,INACT,0.019999999552965164	CHEMBL1242749,TP,ACT,1.0	CHEMBL3113391,TN,INACT,0.009999999776482582	CHEMBL1242658,TP,ACT,1.0	CHEMBL315082,TN,INACT,0.11999999731779099	CHEMBL446661,TN,INACT,0.05000000074505806	CHEMBL224142,FN,ACT,0.3700000047683716	CHEMBL3290305,FP,INACT,1.0	CHEMBL369146,FN,ACT,0.019999999552965164	CHEMBL1945797,TN,INACT,0.009999999776482582	CHEMBL223437,TP,ACT,1.0	CHEMBL1728139,TN,INACT,0.5299999713897705	CHEMBL469057,TN,INACT,0.23000000417232513	CHEMBL1242468,TP,ACT,0.9300000071525574	CHEMBL361530,TP,ACT,1.0	CHEMBL1242208,TP,ACT,1.0	CHEMBL199127,TP,ACT,1.0	CHEMBL193538,TN,INACT,0.019999999552965164	CHEMBL1242568,TP,ACT,1.0	CHEMBL240824,TN,INACT,0.03999999910593033	CHEMBL1241682,TP,ACT,0.7400000095367432	CHEMBL160123,TN,INACT,0.28999999165534973	CHEMBL3401251,TN,INACT,0.03999999910593033	CHEMBL1241944,TP,ACT,0.9900000095367432	CHEMBL1916044,FP,INACT,0.7599999904632568	CHEMBL1242207,TP,ACT,1.0	CHEMBL488881,TP,ACT,1.0	CHEMBL3646745,FN,ACT,0.029999999329447746	CHEMBL1085001,TP,ACT,0.9800000190734863	CHEMBL1242383,TP,ACT,0.9900000095367432	CHEMBL1241358,FP,INACT,0.7400000095367432	CHEMBL1766781,TP,ACT,0.9900000095367432	CHEMBL1242290,TP,ACT,0.9900000095367432	CHEMBL398073,TN,INACT,0.11999999731779099	CHEMBL1241773,TP,ACT,1.0	CHEMBL1241142,TP,ACT,1.0	CHEMBL1242852,TP,ACT,1.0	CHEMBL3393500,TP,ACT,1.0	CHEMBL1242754,TP,ACT,1.0	CHEMBL1241481,TP,ACT,0.8199999928474426	CHEMBL1241949,FN,ACT,0.6899999976158142	CHEMBL2238324,TN,INACT,0.0	CHEMBL198956,TP,ACT,0.9599999785423279	CHEMBL2018266,TN,INACT,0.0	CHEMBL573339,FN,ACT,0.019999999552965164	CHEMBL373031,FN,ACT,0.009999999776482582	CHEMBL529668,TP,ACT,1.0	CHEMBL2420308,TP,ACT,1.0	CHEMBL1240553,TP,ACT,0.9900000095367432	CHEMBL1242029,FN,ACT,0.38999998569488525	CHEMBL225150,FN,ACT,0.30000001192092896	CHEMBL1241482,TP,ACT,0.9300000071525574	CHEMBL190,TN,INACT,0.029999999329447746	CHEMBL2158430,FP,INACT,0.9900000095367432	CHEMBL221565,TP,ACT,1.0	CHEMBL118624,FP,INACT,0.8899999856948853	CHEMBL125473,FP,INACT,0.8700000047683716	CHEMBL1242470,TP,ACT,1.0	CHEMBL1276718,TP,ACT,1.0	CHEMBL2181110,TP,ACT,0.8100000023841858	CHEMBL1241859,TP,ACT,0.9900000095367432	CHEMBL3600693,TN,INACT,0.009999999776482582	CHEMBL2420319,TP,ACT,1.0	CHEMBL428785,TN,INACT,0.0	CHEMBL1241240,FN,ACT,0.029999999329447746	CHEMBL362521,TP,ACT,1.0	CHEMBL1086377,TP,ACT,1.0	CHEMBL1645101,TN,INACT,0.09000000357627869	CHEMBL1242474,TP,ACT,1.0	CHEMBL2158433,TN,INACT,0.009999999776482582	CHEMBL2420300,TP,ACT,1.0	CHEMBL176114,TP,ACT,1.0	CHEMBL175892,TP,ACT,1.0	CHEMBL450243,FP,INACT,0.8999999761581421	CHEMBL1242382,FN,ACT,0.5	CHEMBL1276748,TP,ACT,0.9900000095367432	CHEMBL225273,TP,ACT,0.9300000071525574	CHEMBL2420430,TP,ACT,1.0	CHEMBL372804,TP,ACT,0.9900000095367432	CHEMBL1669168,TP,ACT,1.0	CHEMBL59633,TN,INACT,0.009999999776482582	CHEMBL1669161,TP,ACT,0.9900000095367432	CHEMBL174248,TN,INACT,0.009999999776482582	CHEMBL2158431,TN,INACT,0.029999999329447746	CHEMBL241459,TN,INACT,0.009999999776482582	CHEMBL1234815,TP,ACT,1.0	CHEMBL1242570,TP,ACT,1.0	CHEMBL3763707,TP,ACT,1.0	CHEMBL116713,FP,INACT,1.0	CHEMBL2171932,FP,INACT,0.9700000286102295	CHEMBL2420265,TP,ACT,1.0	CHEMBL129725,TN,INACT,0.36000001430511475	CHEMBL2420284,TP,ACT,1.0	CHEMBL179591,TP,ACT,1.0	CHEMBL2070383,FP,INACT,1.0	CHEMBL2420439,TP,ACT,1.0	CHEMBL181810,TN,INACT,0.0	CHEMBL3672684,TP,ACT,1.0	CHEMBL3765523,FP,INACT,1.0	CHEMBL2420294,TP,ACT,1.0	CHEMBL2165180,TN,INACT,0.009999999776482582	CHEMBL72683,FP,INACT,1.0	CHEMBL3800262,TN,INACT,0.0	CHEMBL177938,TP,ACT,1.0	CHEMBL200567,TP,ACT,1.0	CHEMBL2158435,TN,INACT,0.009999999776482582	CHEMBL1241767,FP,INACT,0.7099999785423279	CHEMBL14189,TN,INACT,0.11999999731779099	CHEMBL1241485,TP,ACT,0.7300000190734863	CHEMBL412774,TN,INACT,0.009999999776482582	CHEMBL223610,TP,ACT,1.0	CHEMBL328797,TN,INACT,0.5600000023841858	CHEMBL521403,TP,ACT,1.0	CHEMBL364328,TN,INACT,0.0	CHEMBL422,TN,INACT,0.27000001072883606	CHEMBL1645094,TN,INACT,0.03999999910593033	CHEMBL6367,FP,INACT,0.9200000166893005	CHEMBL3355073,TP,ACT,0.9599999785423279	CHEMBL372830,TP,ACT,1.0	CHEMBL2418960,TN,INACT,0.029999999329447746	CHEMBL1242291,FN,ACT,0.009999999776482582	CHEMBL1242024,TP,ACT,1.0	CHEMBL2165194,TN,INACT,0.029999999329447746	CHEMBL427194,TP,ACT,1.0	CHEMBL1233882,TP,ACT,1.0	CHEMBL1242755,TP,ACT,0.9800000190734863	CHEMBL176193,TP,ACT,1.0	CHEMBL2030446,TN,INACT,0.019999999552965164	CHEMBL2420427,TP,ACT,1.0	CHEMBL3116347,FP,INACT,1.0	CHEMBL1241391,FP,INACT,1.0	CHEMBL222179,TP,ACT,0.9900000095367432	

