CNNModel CHEMBL268 adam 0.0005 30 256 0 0.8 False True
Number of active compounds :	430
Number of inactive compounds :	287
---------------------------------
Run id: CNNModel_CHEMBL268_adam_0.0005_30_256_0_0.8_False_True_id
Log directory: ../tflearnLogs/CNNModel_CHEMBL268_adam_0.0005_30_256_0.8_True/
---------------------------------
Training samples: 454
Validation samples: 142
--
Training Step: 1  | time: 10.554s
[2K
| Adam | epoch: 001 | loss: 0.00000 - acc: 0.0000 -- iter: 032/454
[A[ATraining Step: 2  | total loss: [1m[32m0.62393[0m[0m | time: 11.935s
[2K
| Adam | epoch: 001 | loss: 0.62393 - acc: 0.3656 -- iter: 064/454
[A[ATraining Step: 3  | total loss: [1m[32m0.67752[0m[0m | time: 13.138s
[2K
| Adam | epoch: 001 | loss: 0.67752 - acc: 0.6290 -- iter: 096/454
[A[ATraining Step: 4  | total loss: [1m[32m0.68072[0m[0m | time: 14.055s
[2K
| Adam | epoch: 001 | loss: 0.68072 - acc: 0.6729 -- iter: 128/454
[A[ATraining Step: 5  | total loss: [1m[32m0.69832[0m[0m | time: 16.439s
[2K
| Adam | epoch: 001 | loss: 0.69832 - acc: 0.5099 -- iter: 160/454
[A[ATraining Step: 6  | total loss: [1m[32m0.69065[0m[0m | time: 22.743s
[2K
| Adam | epoch: 001 | loss: 0.69065 - acc: 0.5437 -- iter: 192/454
[A[ATraining Step: 7  | total loss: [1m[32m0.68611[0m[0m | time: 44.585s
[2K
| Adam | epoch: 001 | loss: 0.68611 - acc: 0.5737 -- iter: 224/454
[A[ATraining Step: 8  | total loss: [1m[32m0.69303[0m[0m | time: 59.333s
[2K
| Adam | epoch: 001 | loss: 0.69303 - acc: 0.5323 -- iter: 256/454
[A[ATraining Step: 9  | total loss: [1m[32m0.67570[0m[0m | time: 63.290s
[2K
| Adam | epoch: 001 | loss: 0.67570 - acc: 0.6144 -- iter: 288/454
[A[ATraining Step: 10  | total loss: [1m[32m0.69434[0m[0m | time: 65.854s
[2K
| Adam | epoch: 001 | loss: 0.69434 - acc: 0.5416 -- iter: 320/454
[A[ATraining Step: 11  | total loss: [1m[32m0.66613[0m[0m | time: 68.027s
[2K
| Adam | epoch: 001 | loss: 0.66613 - acc: 0.6403 -- iter: 352/454
[A[ATraining Step: 12  | total loss: [1m[32m0.67513[0m[0m | time: 72.890s
[2K
| Adam | epoch: 001 | loss: 0.67513 - acc: 0.6053 -- iter: 384/454
[A[ATraining Step: 13  | total loss: [1m[32m0.68016[0m[0m | time: 74.144s
[2K
| Adam | epoch: 001 | loss: 0.68016 - acc: 0.5870 -- iter: 416/454
[A[ATraining Step: 14  | total loss: [1m[32m0.68833[0m[0m | time: 75.349s
[2K
| Adam | epoch: 001 | loss: 0.68833 - acc: 0.5642 -- iter: 448/454
[A[ATraining Step: 15  | total loss: [1m[32m0.66808[0m[0m | time: 76.826s
[2K
| Adam | epoch: 001 | loss: 0.66808 - acc: 0.6124 | val_loss: 0.69592 - val_acc: 0.5704 -- iter: 454/454
--
Training Step: 16  | total loss: [1m[32m0.63228[0m[0m | time: 0.240s
[2K
| Adam | epoch: 002 | loss: 0.63228 - acc: 0.6953 -- iter: 032/454
[A[ATraining Step: 17  | total loss: [1m[32m0.59721[0m[0m | time: 1.402s
[2K
| Adam | epoch: 002 | loss: 0.59721 - acc: 0.7450 -- iter: 064/454
[A[ATraining Step: 18  | total loss: [1m[32m0.61711[0m[0m | time: 2.818s
[2K
| Adam | epoch: 002 | loss: 0.61711 - acc: 0.7143 -- iter: 096/454
[A[ATraining Step: 19  | total loss: [1m[32m0.67025[0m[0m | time: 7.174s
[2K
| Adam | epoch: 002 | loss: 0.67025 - acc: 0.6637 -- iter: 128/454
[A[ATraining Step: 20  | total loss: [1m[32m0.66660[0m[0m | time: 16.412s
[2K
| Adam | epoch: 002 | loss: 0.66660 - acc: 0.6613 -- iter: 160/454
[A[ATraining Step: 21  | total loss: [1m[32m0.72332[0m[0m | time: 17.552s
[2K
| Adam | epoch: 002 | loss: 0.72332 - acc: 0.5918 -- iter: 192/454
[A[ATraining Step: 22  | total loss: [1m[32m0.74325[0m[0m | time: 18.632s
[2K
| Adam | epoch: 002 | loss: 0.74325 - acc: 0.5455 -- iter: 224/454
[A[ATraining Step: 23  | total loss: [1m[32m0.72848[0m[0m | time: 19.847s
[2K
| Adam | epoch: 002 | loss: 0.72848 - acc: 0.5505 -- iter: 256/454
[A[ATraining Step: 24  | total loss: [1m[32m0.71618[0m[0m | time: 21.358s
[2K
| Adam | epoch: 002 | loss: 0.71618 - acc: 0.5538 -- iter: 288/454
[A[ATraining Step: 25  | total loss: [1m[32m0.70456[0m[0m | time: 22.620s
[2K
| Adam | epoch: 002 | loss: 0.70456 - acc: 0.5733 -- iter: 320/454
[A[ATraining Step: 26  | total loss: [1m[32m0.69847[0m[0m | time: 24.288s
[2K
| Adam | epoch: 002 | loss: 0.69847 - acc: 0.5787 -- iter: 352/454
[A[ATraining Step: 27  | total loss: [1m[32m0.69080[0m[0m | time: 25.650s
[2K
| Adam | epoch: 002 | loss: 0.69080 - acc: 0.6147 -- iter: 384/454
[A[ATraining Step: 28  | total loss: [1m[32m0.68861[0m[0m | time: 26.905s
[2K
| Adam | epoch: 002 | loss: 0.68861 - acc: 0.6173 -- iter: 416/454
[A[ATraining Step: 29  | total loss: [1m[32m0.68735[0m[0m | time: 29.214s
[2K
| Adam | epoch: 002 | loss: 0.68735 - acc: 0.6192 -- iter: 448/454
[A[ATraining Step: 30  | total loss: [1m[32m0.68561[0m[0m | time: 59.773s
[2K
| Adam | epoch: 002 | loss: 0.68561 - acc: 0.6353 | val_loss: 0.68879 - val_acc: 0.5704 -- iter: 454/454
--
Training Step: 31  | total loss: [1m[32m0.68544[0m[0m | time: 0.229s
[2K
| Adam | epoch: 003 | loss: 0.68544 - acc: 0.6330 -- iter: 032/454
[A[ATraining Step: 32  | total loss: [1m[32m0.68206[0m[0m | time: 0.496s
[2K
| Adam | epoch: 003 | loss: 0.68206 - acc: 0.6780 -- iter: 064/454
[A[ATraining Step: 33  | total loss: [1m[32m0.68191[0m[0m | time: 13.544s
[2K
| Adam | epoch: 003 | loss: 0.68191 - acc: 0.6755 -- iter: 096/454
[A[ATraining Step: 34  | total loss: [1m[32m0.68507[0m[0m | time: 15.015s
[2K
| Adam | epoch: 003 | loss: 0.68507 - acc: 0.6312 -- iter: 128/454
[A[ATraining Step: 35  | total loss: [1m[32m0.68656[0m[0m | time: 16.284s
[2K
| Adam | epoch: 003 | loss: 0.68656 - acc: 0.6103 -- iter: 160/454
[A[ATraining Step: 36  | total loss: [1m[32m0.68564[0m[0m | time: 17.320s
[2K
| Adam | epoch: 003 | loss: 0.68564 - acc: 0.6197 -- iter: 192/454
[A[ATraining Step: 37  | total loss: [1m[32m0.68526[0m[0m | time: 18.401s
[2K
| Adam | epoch: 003 | loss: 0.68526 - acc: 0.6208 -- iter: 224/454
[A[ATraining Step: 38  | total loss: [1m[32m0.68447[0m[0m | time: 19.738s
[2K
| Adam | epoch: 003 | loss: 0.68447 - acc: 0.6277 -- iter: 256/454
[A[ATraining Step: 39  | total loss: [1m[32m0.68476[0m[0m | time: 21.124s
[2K
| Adam | epoch: 003 | loss: 0.68476 - acc: 0.6212 -- iter: 288/454
[A[ATraining Step: 40  | total loss: [1m[32m0.68493[0m[0m | time: 48.881s
[2K
| Adam | epoch: 003 | loss: 0.68493 - acc: 0.6161 -- iter: 320/454
[A[ATraining Step: 41  | total loss: [1m[32m0.68563[0m[0m | time: 62.973s
[2K
| Adam | epoch: 003 | loss: 0.68563 - acc: 0.6062 -- iter: 352/454
[A[ATraining Step: 42  | total loss: [1m[32m0.68551[0m[0m | time: 64.259s
[2K
| Adam | epoch: 003 | loss: 0.68551 - acc: 0.6040 -- iter: 384/454
[A[ATraining Step: 43  | total loss: [1m[32m0.68286[0m[0m | time: 74.035s
[2K
| Adam | epoch: 003 | loss: 0.68286 - acc: 0.6242 -- iter: 416/454
[A[ATraining Step: 44  | total loss: [1m[32m0.68428[0m[0m | time: 75.254s
[2K
| Adam | epoch: 003 | loss: 0.68428 - acc: 0.6081 -- iter: 448/454
[A[ATraining Step: 45  | total loss: [1m[32m0.68472[0m[0m | time: 77.501s
[2K
| Adam | epoch: 003 | loss: 0.68472 - acc: 0.6004 | val_loss: 0.68533 - val_acc: 0.5704 -- iter: 454/454
--
Training Step: 46  | total loss: [1m[32m0.68223[0m[0m | time: 1.416s
[2K
| Adam | epoch: 004 | loss: 0.68223 - acc: 0.6149 -- iter: 032/454
[A[ATraining Step: 47  | total loss: [1m[32m0.68143[0m[0m | time: 1.739s
[2K
| Adam | epoch: 004 | loss: 0.68143 - acc: 0.6166 -- iter: 064/454
[A[ATraining Step: 48  | total loss: [1m[32m0.68394[0m[0m | time: 2.020s
[2K
| Adam | epoch: 004 | loss: 0.68394 - acc: 0.5978 -- iter: 096/454
[A[ATraining Step: 49  | total loss: [1m[32m0.68571[0m[0m | time: 14.360s
[2K
| Adam | epoch: 004 | loss: 0.68571 - acc: 0.5824 -- iter: 128/454
[A[ATraining Step: 50  | total loss: [1m[32m0.68480[0m[0m | time: 22.632s
[2K
| Adam | epoch: 004 | loss: 0.68480 - acc: 0.5841 -- iter: 160/454
[A[ATraining Step: 51  | total loss: [1m[32m0.68795[0m[0m | time: 30.418s
[2K
| Adam | epoch: 004 | loss: 0.68795 - acc: 0.5665 -- iter: 192/454
[A[ATraining Step: 52  | total loss: [1m[32m0.68239[0m[0m | time: 31.597s
[2K
| Adam | epoch: 004 | loss: 0.68239 - acc: 0.5894 -- iter: 224/454
[A[ATraining Step: 53  | total loss: [1m[32m0.68058[0m[0m | time: 37.608s
[2K
| Adam | epoch: 004 | loss: 0.68058 - acc: 0.5946 -- iter: 256/454
[A[ATraining Step: 54  | total loss: [1m[32m0.67790[0m[0m | time: 42.234s
[2K
| Adam | epoch: 004 | loss: 0.67790 - acc: 0.6036 -- iter: 288/454
[A[ATraining Step: 55  | total loss: [1m[32m0.67924[0m[0m | time: 43.464s
[2K
| Adam | epoch: 004 | loss: 0.67924 - acc: 0.5977 -- iter: 320/454
[A[ATraining Step: 56  | total loss: [1m[32m0.68202[0m[0m | time: 44.930s
[2K
| Adam | epoch: 004 | loss: 0.68202 - acc: 0.5884 -- iter: 352/454
[A[ATraining Step: 57  | total loss: [1m[32m0.67836[0m[0m | time: 46.165s
[2K
| Adam | epoch: 004 | loss: 0.67836 - acc: 0.5978 -- iter: 384/454
[A[ATraining Step: 58  | total loss: [1m[32m0.67823[0m[0m | time: 47.590s
[2K
| Adam | epoch: 004 | loss: 0.67823 - acc: 0.5972 -- iter: 416/454
[A[ATraining Step: 59  | total loss: [1m[32m0.68446[0m[0m | time: 55.877s
[2K
| Adam | epoch: 004 | loss: 0.68446 - acc: 0.5800 -- iter: 448/454
[A[ATraining Step: 60  | total loss: [1m[32m0.67873[0m[0m | time: 84.221s
[2K
| Adam | epoch: 004 | loss: 0.67873 - acc: 0.5942 | val_loss: 0.68618 - val_acc: 0.5704 -- iter: 454/454
--
Training Step: 61  | total loss: [1m[32m0.67351[0m[0m | time: 1.191s
[2K
| Adam | epoch: 005 | loss: 0.67351 - acc: 0.6064 -- iter: 032/454
[A[ATraining Step: 62  | total loss: [1m[32m0.67376[0m[0m | time: 2.188s
[2K
| Adam | epoch: 005 | loss: 0.67376 - acc: 0.6047 -- iter: 064/454
[A[ATraining Step: 63  | total loss: [1m[32m0.67359[0m[0m | time: 2.487s
[2K
| Adam | epoch: 005 | loss: 0.67359 - acc: 0.6033 -- iter: 096/454
[A[ATraining Step: 64  | total loss: [1m[32m0.68007[0m[0m | time: 2.769s
[2K
| Adam | epoch: 005 | loss: 0.68007 - acc: 0.5904 -- iter: 128/454
[A[ATraining Step: 65  | total loss: [1m[32m0.68541[0m[0m | time: 3.937s
[2K
| Adam | epoch: 005 | loss: 0.68541 - acc: 0.5793 -- iter: 160/454
[A[ATraining Step: 66  | total loss: [1m[32m0.68437[0m[0m | time: 10.400s
[2K
| Adam | epoch: 005 | loss: 0.68437 - acc: 0.5810 -- iter: 192/454
[A[ATraining Step: 67  | total loss: [1m[32m0.68627[0m[0m | time: 11.620s
[2K
| Adam | epoch: 005 | loss: 0.68627 - acc: 0.5751 -- iter: 224/454
[A[ATraining Step: 68  | total loss: [1m[32m0.68500[0m[0m | time: 12.899s
[2K
| Adam | epoch: 005 | loss: 0.68500 - acc: 0.5773 -- iter: 256/454
[A[ATraining Step: 69  | total loss: [1m[32m0.67919[0m[0m | time: 14.184s
[2K
| Adam | epoch: 005 | loss: 0.67919 - acc: 0.5938 -- iter: 288/454
[A[ATraining Step: 70  | total loss: [1m[32m0.68453[0m[0m | time: 15.185s
[2K
| Adam | epoch: 005 | loss: 0.68453 - acc: 0.5758 -- iter: 320/454
[A[ATraining Step: 71  | total loss: [1m[32m0.68031[0m[0m | time: 30.423s
[2K
| Adam | epoch: 005 | loss: 0.68031 - acc: 0.5885 -- iter: 352/454
[A[ATraining Step: 72  | total loss: [1m[32m0.67887[0m[0m | time: 35.427s
[2K
| Adam | epoch: 005 | loss: 0.67887 - acc: 0.5926 -- iter: 384/454
[A[ATraining Step: 73  | total loss: [1m[32m0.67761[0m[0m | time: 38.466s
[2K
| Adam | epoch: 005 | loss: 0.67761 - acc: 0.5962 -- iter: 416/454
[A[ATraining Step: 74  | total loss: [1m[32m0.67647[0m[0m | time: 51.525s
[2K
| Adam | epoch: 005 | loss: 0.67647 - acc: 0.5994 -- iter: 448/454
[A[ATraining Step: 75  | total loss: [1m[32m0.67847[0m[0m | time: 54.248s
[2K
| Adam | epoch: 005 | loss: 0.67847 - acc: 0.5920 | val_loss: 0.68329 - val_acc: 0.5704 -- iter: 454/454
--
Training Step: 76  | total loss: [1m[32m0.67837[0m[0m | time: 1.117s
[2K
| Adam | epoch: 006 | loss: 0.67837 - acc: 0.5922 -- iter: 032/454
[A[ATraining Step: 77  | total loss: [1m[32m0.68204[0m[0m | time: 10.838s
[2K
| Adam | epoch: 006 | loss: 0.68204 - acc: 0.5791 -- iter: 064/454
[A[ATraining Step: 78  | total loss: [1m[32m0.67671[0m[0m | time: 12.128s
[2K
| Adam | epoch: 006 | loss: 0.67671 - acc: 0.5970 -- iter: 096/454
[A[ATraining Step: 79  | total loss: [1m[32m0.67480[0m[0m | time: 12.467s
[2K
| Adam | epoch: 006 | loss: 0.67480 - acc: 0.6031 -- iter: 128/454
[A[ATraining Step: 80  | total loss: [1m[32m0.68349[0m[0m | time: 12.820s
[2K
| Adam | epoch: 006 | loss: 0.68349 - acc: 0.5755 -- iter: 160/454
[A[ATraining Step: 81  | total loss: [1m[32m0.69068[0m[0m | time: 14.057s
[2K
| Adam | epoch: 006 | loss: 0.69068 - acc: 0.5510 -- iter: 192/454
[A[ATraining Step: 82  | total loss: [1m[32m0.68929[0m[0m | time: 15.274s
[2K
| Adam | epoch: 006 | loss: 0.68929 - acc: 0.5553 -- iter: 224/454
[A[ATraining Step: 83  | total loss: [1m[32m0.68798[0m[0m | time: 16.423s
[2K
| Adam | epoch: 006 | loss: 0.68798 - acc: 0.5592 -- iter: 256/454
[A[ATraining Step: 84  | total loss: [1m[32m0.68924[0m[0m | time: 17.700s
[2K
| Adam | epoch: 006 | loss: 0.68924 - acc: 0.5532 -- iter: 288/454
[A[ATraining Step: 85  | total loss: [1m[32m0.68593[0m[0m | time: 19.162s
[2K
| Adam | epoch: 006 | loss: 0.68593 - acc: 0.5667 -- iter: 320/454
[A[ATraining Step: 86  | total loss: [1m[32m0.68458[0m[0m | time: 30.012s
[2K
| Adam | epoch: 006 | loss: 0.68458 - acc: 0.5725 -- iter: 352/454
[A[ATraining Step: 87  | total loss: [1m[32m0.68327[0m[0m | time: 33.166s
[2K
| Adam | epoch: 006 | loss: 0.68327 - acc: 0.5777 -- iter: 384/454
[A[ATraining Step: 88  | total loss: [1m[32m0.68710[0m[0m | time: 34.532s
[2K
| Adam | epoch: 006 | loss: 0.68710 - acc: 0.5606 -- iter: 416/454
[A[ATraining Step: 89  | total loss: [1m[32m0.68292[0m[0m | time: 37.986s
[2K
| Adam | epoch: 006 | loss: 0.68292 - acc: 0.5795 -- iter: 448/454
[A[ATraining Step: 90  | total loss: [1m[32m0.67974[0m[0m | time: 42.015s
[2K
| Adam | epoch: 006 | loss: 0.67974 - acc: 0.5935 | val_loss: 0.68363 - val_acc: 0.5704 -- iter: 454/454
--
Training Step: 91  | total loss: [1m[32m0.68234[0m[0m | time: 1.193s
[2K
| Adam | epoch: 007 | loss: 0.68234 - acc: 0.5810 -- iter: 032/454
[A[ATraining Step: 92  | total loss: [1m[32m0.68123[0m[0m | time: 2.447s
[2K
| Adam | epoch: 007 | loss: 0.68123 - acc: 0.5854 -- iter: 064/454
[A[ATraining Step: 93  | total loss: [1m[32m0.68455[0m[0m | time: 3.633s
[2K
| Adam | epoch: 007 | loss: 0.68455 - acc: 0.5706 -- iter: 096/454
[A[ATraining Step: 94  | total loss: [1m[32m0.68025[0m[0m | time: 8.468s
[2K
| Adam | epoch: 007 | loss: 0.68025 - acc: 0.5885 -- iter: 128/454
[A[ATraining Step: 95  | total loss: [1m[32m0.67783[0m[0m | time: 8.793s
[2K
| Adam | epoch: 007 | loss: 0.67783 - acc: 0.5984 -- iter: 160/454
[A[ATraining Step: 96  | total loss: [1m[32m0.67970[0m[0m | time: 9.158s
[2K
| Adam | epoch: 007 | loss: 0.67970 - acc: 0.5886 -- iter: 192/454
[A[ATraining Step: 97  | total loss: [1m[32m0.68184[0m[0m | time: 23.852s
[2K
| Adam | epoch: 007 | loss: 0.68184 - acc: 0.5797 -- iter: 224/454
[A[ATraining Step: 98  | total loss: [1m[32m0.67978[0m[0m | time: 29.939s
[2K
| Adam | epoch: 007 | loss: 0.67978 - acc: 0.5874 -- iter: 256/454
[A[ATraining Step: 99  | total loss: [1m[32m0.67875[0m[0m | time: 31.757s
[2K
| Adam | epoch: 007 | loss: 0.67875 - acc: 0.5911 -- iter: 288/454
[A[ATraining Step: 100  | total loss: [1m[32m0.68294[0m[0m | time: 42.044s
[2K
| Adam | epoch: 007 | loss: 0.68294 - acc: 0.5758 -- iter: 320/454
[A[ATraining Step: 101  | total loss: [1m[32m0.68114[0m[0m | time: 43.375s
[2K
| Adam | epoch: 007 | loss: 0.68114 - acc: 0.5807 -- iter: 352/454
[A[ATraining Step: 102  | total loss: [1m[32m0.68559[0m[0m | time: 44.675s
[2K
| Adam | epoch: 007 | loss: 0.68559 - acc: 0.5664 -- iter: 384/454
[A[ATraining Step: 103  | total loss: [1m[32m0.68561[0m[0m | time: 46.063s
[2K
| Adam | epoch: 007 | loss: 0.68561 - acc: 0.5660 -- iter: 416/454
[A[ATraining Step: 104  | total loss: [1m[32m0.68738[0m[0m | time: 47.447s
[2K
| Adam | epoch: 007 | loss: 0.68738 - acc: 0.5594 -- iter: 448/454
[A[ATraining Step: 105  | total loss: [1m[32m0.68380[0m[0m | time: 78.636s
[2K
| Adam | epoch: 007 | loss: 0.68380 - acc: 0.5722 | val_loss: 0.68324 - val_acc: 0.5704 -- iter: 454/454
--
Training Step: 106  | total loss: [1m[32m0.67954[0m[0m | time: 3.319s
[2K
| Adam | epoch: 008 | loss: 0.67954 - acc: 0.5869 -- iter: 032/454
[A[ATraining Step: 107  | total loss: [1m[32m0.67849[0m[0m | time: 11.733s
[2K
| Adam | epoch: 008 | loss: 0.67849 - acc: 0.5907 -- iter: 064/454
[A[ATraining Step: 108  | total loss: [1m[32m0.67533[0m[0m | time: 13.657s
[2K
| Adam | epoch: 008 | loss: 0.67533 - acc: 0.6004 -- iter: 096/454
[A[ATraining Step: 109  | total loss: [1m[32m0.67757[0m[0m | time: 14.784s
[2K
| Adam | epoch: 008 | loss: 0.67757 - acc: 0.5934 -- iter: 128/454
[A[ATraining Step: 110  | total loss: [1m[32m0.67404[0m[0m | time: 16.137s
[2K
| Adam | epoch: 008 | loss: 0.67404 - acc: 0.6029 -- iter: 160/454
[A[ATraining Step: 111  | total loss: [1m[32m0.67193[0m[0m | time: 16.486s
[2K
| Adam | epoch: 008 | loss: 0.67193 - acc: 0.6082 -- iter: 192/454
[A[ATraining Step: 112  | total loss: [1m[32m0.67588[0m[0m | time: 16.815s
[2K
| Adam | epoch: 008 | loss: 0.67588 - acc: 0.5974 -- iter: 224/454
[A[ATraining Step: 113  | total loss: [1m[32m0.67986[0m[0m | time: 17.976s
[2K
| Adam | epoch: 008 | loss: 0.67986 - acc: 0.5876 -- iter: 256/454
[A[ATraining Step: 114  | total loss: [1m[32m0.68053[0m[0m | time: 19.327s
[2K
| Adam | epoch: 008 | loss: 0.68053 - acc: 0.5851 -- iter: 288/454
[A[ATraining Step: 115  | total loss: [1m[32m0.68114[0m[0m | time: 20.681s
[2K
| Adam | epoch: 008 | loss: 0.68114 - acc: 0.5829 -- iter: 320/454
[A[ATraining Step: 116  | total loss: [1m[32m0.67553[0m[0m | time: 21.867s
[2K
| Adam | epoch: 008 | loss: 0.67553 - acc: 0.5964 -- iter: 352/454
[A[ATraining Step: 117  | total loss: [1m[32m0.67445[0m[0m | time: 25.068s
[2K
| Adam | epoch: 008 | loss: 0.67445 - acc: 0.5993 -- iter: 384/454
[A[ATraining Step: 118  | total loss: [1m[32m0.67578[0m[0m | time: 26.273s
[2K
| Adam | epoch: 008 | loss: 0.67578 - acc: 0.5956 -- iter: 416/454
[A[ATraining Step: 119  | total loss: [1m[32m0.67844[0m[0m | time: 29.358s
[2K
| Adam | epoch: 008 | loss: 0.67844 - acc: 0.5892 -- iter: 448/454
[A[ATraining Step: 120  | total loss: [1m[32m0.67546[0m[0m | time: 34.062s
[2K
| Adam | epoch: 008 | loss: 0.67546 - acc: 0.5959 | val_loss: 0.68478 - val_acc: 0.5704 -- iter: 454/454
--
Training Step: 121  | total loss: [1m[32m0.68086[0m[0m | time: 1.228s
[2K
| Adam | epoch: 009 | loss: 0.68086 - acc: 0.5832 -- iter: 032/454
[A[ATraining Step: 122  | total loss: [1m[32m0.67532[0m[0m | time: 2.596s
[2K
| Adam | epoch: 009 | loss: 0.67532 - acc: 0.5967 -- iter: 064/454
[A[ATraining Step: 123  | total loss: [1m[32m0.67755[0m[0m | time: 4.091s
[2K
| Adam | epoch: 009 | loss: 0.67755 - acc: 0.5902 -- iter: 096/454
[A[ATraining Step: 124  | total loss: [1m[32m0.68079[0m[0m | time: 5.394s
[2K
| Adam | epoch: 009 | loss: 0.68079 - acc: 0.5812 -- iter: 128/454
[A[ATraining Step: 125  | total loss: [1m[32m0.67802[0m[0m | time: 6.688s
[2K
| Adam | epoch: 009 | loss: 0.67802 - acc: 0.5887 -- iter: 160/454
[A[ATraining Step: 126  | total loss: [1m[32m0.67437[0m[0m | time: 8.104s
[2K
| Adam | epoch: 009 | loss: 0.67437 - acc: 0.5986 -- iter: 192/454
[A[ATraining Step: 127  | total loss: [1m[32m0.67205[0m[0m | time: 8.457s
[2K
| Adam | epoch: 009 | loss: 0.67205 - acc: 0.6043 -- iter: 224/454
[A[ATraining Step: 128  | total loss: [1m[32m0.66994[0m[0m | time: 8.787s
[2K
| Adam | epoch: 009 | loss: 0.66994 - acc: 0.6106 -- iter: 256/454
[A[ATraining Step: 129  | total loss: [1m[32m0.66734[0m[0m | time: 10.123s
[2K
| Adam | epoch: 009 | loss: 0.66734 - acc: 0.6162 -- iter: 288/454
[A[ATraining Step: 130  | total loss: [1m[32m0.66411[0m[0m | time: 11.054s
[2K
| Adam | epoch: 009 | loss: 0.66411 - acc: 0.6233 -- iter: 320/454
[A[ATraining Step: 131  | total loss: [1m[32m0.66268[0m[0m | time: 12.407s
[2K
| Adam | epoch: 009 | loss: 0.66268 - acc: 0.6266 -- iter: 352/454
[A[ATraining Step: 132  | total loss: [1m[32m0.66277[0m[0m | time: 13.735s
[2K
| Adam | epoch: 009 | loss: 0.66277 - acc: 0.6264 -- iter: 384/454
[A[ATraining Step: 133  | total loss: [1m[32m0.66796[0m[0m | time: 18.092s
[2K
| Adam | epoch: 009 | loss: 0.66796 - acc: 0.6169 -- iter: 416/454
[A[ATraining Step: 134  | total loss: [1m[32m0.67275[0m[0m | time: 21.401s
[2K
| Adam | epoch: 009 | loss: 0.67275 - acc: 0.6084 -- iter: 448/454
[A[ATraining Step: 135  | total loss: [1m[32m0.67341[0m[0m | time: 26.613s
[2K
| Adam | epoch: 009 | loss: 0.67341 - acc: 0.6069 | val_loss: 0.68783 - val_acc: 0.5704 -- iter: 454/454
--
Training Step: 136  | total loss: [1m[32m0.67704[0m[0m | time: 1.564s
[2K
| Adam | epoch: 010 | loss: 0.67704 - acc: 0.5993 -- iter: 032/454
[A[ATraining Step: 137  | total loss: [1m[32m0.67572[0m[0m | time: 2.983s
[2K
| Adam | epoch: 010 | loss: 0.67572 - acc: 0.6019 -- iter: 064/454
[A[ATraining Step: 138  | total loss: [1m[32m0.67553[0m[0m | time: 4.115s
[2K
| Adam | epoch: 010 | loss: 0.67553 - acc: 0.6011 -- iter: 096/454
[A[ATraining Step: 139  | total loss: [1m[32m0.67392[0m[0m | time: 5.334s
[2K
| Adam | epoch: 010 | loss: 0.67392 - acc: 0.6035 -- iter: 128/454
[A[ATraining Step: 140  | total loss: [1m[32m0.67013[0m[0m | time: 6.461s
[2K
| Adam | epoch: 010 | loss: 0.67013 - acc: 0.6119 -- iter: 160/454
[A[ATraining Step: 141  | total loss: [1m[32m0.66931[0m[0m | time: 7.733s
[2K
| Adam | epoch: 010 | loss: 0.66931 - acc: 0.6132 -- iter: 192/454
[A[ATraining Step: 142  | total loss: [1m[32m0.67349[0m[0m | time: 9.256s
[2K
| Adam | epoch: 010 | loss: 0.67349 - acc: 0.6019 -- iter: 224/454
[A[ATraining Step: 143  | total loss: [1m[32m0.67391[0m[0m | time: 9.531s
[2K
| Adam | epoch: 010 | loss: 0.67391 - acc: 0.6011 -- iter: 256/454
[A[ATraining Step: 144  | total loss: [1m[32m0.67777[0m[0m | time: 13.617s
[2K
| Adam | epoch: 010 | loss: 0.67777 - acc: 0.5910 -- iter: 288/454
[A[ATraining Step: 145  | total loss: [1m[32m0.68036[0m[0m | time: 19.188s
[2K
| Adam | epoch: 010 | loss: 0.68036 - acc: 0.5819 -- iter: 320/454
[A[ATraining Step: 146  | total loss: [1m[32m0.67783[0m[0m | time: 20.519s
[2K
| Adam | epoch: 010 | loss: 0.67783 - acc: 0.5893 -- iter: 352/454
[A[ATraining Step: 147  | total loss: [1m[32m0.67571[0m[0m | time: 21.861s
[2K
| Adam | epoch: 010 | loss: 0.67571 - acc: 0.5960 -- iter: 384/454
[A[ATraining Step: 148  | total loss: [1m[32m0.67778[0m[0m | time: 22.905s
[2K
| Adam | epoch: 010 | loss: 0.67778 - acc: 0.5895 -- iter: 416/454
[A[ATraining Step: 149  | total loss: [1m[32m0.67769[0m[0m | time: 23.970s
[2K
| Adam | epoch: 010 | loss: 0.67769 - acc: 0.5899 -- iter: 448/454
[A[ATraining Step: 150  | total loss: [1m[32m0.67393[0m[0m | time: 26.509s
[2K
| Adam | epoch: 010 | loss: 0.67393 - acc: 0.6028 | val_loss: 0.68321 - val_acc: 0.5704 -- iter: 454/454
--
Training Step: 151  | total loss: [1m[32m0.67323[0m[0m | time: 1.155s
[2K
| Adam | epoch: 011 | loss: 0.67323 - acc: 0.6050 -- iter: 032/454
[A[ATraining Step: 152  | total loss: [1m[32m0.67341[0m[0m | time: 2.435s
[2K
| Adam | epoch: 011 | loss: 0.67341 - acc: 0.6039 -- iter: 064/454
[A[ATraining Step: 153  | total loss: [1m[32m0.67064[0m[0m | time: 3.530s
[2K
| Adam | epoch: 011 | loss: 0.67064 - acc: 0.6123 -- iter: 096/454
[A[ATraining Step: 154  | total loss: [1m[32m0.67708[0m[0m | time: 5.032s
[2K
| Adam | epoch: 011 | loss: 0.67708 - acc: 0.5917 -- iter: 128/454
[A[ATraining Step: 155  | total loss: [1m[32m0.67591[0m[0m | time: 6.553s
[2K
| Adam | epoch: 011 | loss: 0.67591 - acc: 0.5950 -- iter: 160/454
[A[ATraining Step: 156  | total loss: [1m[32m0.67278[0m[0m | time: 18.659s
[2K
| Adam | epoch: 011 | loss: 0.67278 - acc: 0.6043 -- iter: 192/454
[A[ATraining Step: 157  | total loss: [1m[32m0.67202[0m[0m | time: 19.915s
[2K
| Adam | epoch: 011 | loss: 0.67202 - acc: 0.6063 -- iter: 224/454
[A[ATraining Step: 158  | total loss: [1m[32m0.67227[0m[0m | time: 21.268s
[2K
| Adam | epoch: 011 | loss: 0.67227 - acc: 0.6051 -- iter: 256/454
[A[ATraining Step: 159  | total loss: [1m[32m0.67831[0m[0m | time: 21.613s
[2K
| Adam | epoch: 011 | loss: 0.67831 - acc: 0.5883 -- iter: 288/454
[A[ATraining Step: 160  | total loss: [1m[32m0.67546[0m[0m | time: 22.015s
[2K
| Adam | epoch: 011 | loss: 0.67546 - acc: 0.5961 -- iter: 320/454
[A[ATraining Step: 161  | total loss: [1m[32m0.67284[0m[0m | time: 23.952s
[2K
| Adam | epoch: 011 | loss: 0.67284 - acc: 0.6032 -- iter: 352/454
[A[ATraining Step: 162  | total loss: [1m[32m0.67312[0m[0m | time: 25.197s
[2K
| Adam | epoch: 011 | loss: 0.67312 - acc: 0.6023 -- iter: 384/454
[A[ATraining Step: 163  | total loss: [1m[32m0.66824[0m[0m | time: 26.454s
[2K
| Adam | epoch: 011 | loss: 0.66824 - acc: 0.6139 -- iter: 416/454
[A[ATraining Step: 164  | total loss: [1m[32m0.67167[0m[0m | time: 27.733s
[2K
| Adam | epoch: 011 | loss: 0.67167 - acc: 0.6056 -- iter: 448/454
[A[ATraining Step: 165  | total loss: [1m[32m0.66948[0m[0m | time: 30.461s
[2K
| Adam | epoch: 011 | loss: 0.66948 - acc: 0.6107 | val_loss: 0.68714 - val_acc: 0.5704 -- iter: 454/454
--
Training Step: 166  | total loss: [1m[32m0.67188[0m[0m | time: 1.244s
[2K
| Adam | epoch: 012 | loss: 0.67188 - acc: 0.6059 -- iter: 032/454
[A[ATraining Step: 167  | total loss: [1m[32m0.67667[0m[0m | time: 2.650s
[2K
| Adam | epoch: 012 | loss: 0.67667 - acc: 0.5953 -- iter: 064/454
[A[ATraining Step: 168  | total loss: [1m[32m0.67379[0m[0m | time: 3.928s
[2K
| Adam | epoch: 012 | loss: 0.67379 - acc: 0.6014 -- iter: 096/454
[A[ATraining Step: 169  | total loss: [1m[32m0.67406[0m[0m | time: 5.480s
[2K
| Adam | epoch: 012 | loss: 0.67406 - acc: 0.6006 -- iter: 128/454
[A[ATraining Step: 170  | total loss: [1m[32m0.67249[0m[0m | time: 7.113s
[2K
| Adam | epoch: 012 | loss: 0.67249 - acc: 0.6031 -- iter: 160/454
[A[ATraining Step: 171  | total loss: [1m[32m0.67272[0m[0m | time: 13.733s
[2K
| Adam | epoch: 012 | loss: 0.67272 - acc: 0.6021 -- iter: 192/454
[A[ATraining Step: 172  | total loss: [1m[32m0.67307[0m[0m | time: 15.577s
[2K
| Adam | epoch: 012 | loss: 0.67307 - acc: 0.6013 -- iter: 224/454
[A[ATraining Step: 173  | total loss: [1m[32m0.67494[0m[0m | time: 20.463s
[2K
| Adam | epoch: 012 | loss: 0.67494 - acc: 0.5974 -- iter: 256/454
[A[ATraining Step: 174  | total loss: [1m[32m0.66967[0m[0m | time: 21.822s
[2K
| Adam | epoch: 012 | loss: 0.66967 - acc: 0.6095 -- iter: 288/454
[A[ATraining Step: 175  | total loss: [1m[32m0.67444[0m[0m | time: 22.183s
[2K
| Adam | epoch: 012 | loss: 0.67444 - acc: 0.5986 -- iter: 320/454
[A[ATraining Step: 176  | total loss: [1m[32m0.67830[0m[0m | time: 22.521s
[2K
| Adam | epoch: 012 | loss: 0.67830 - acc: 0.5887 -- iter: 352/454
[A[ATraining Step: 177  | total loss: [1m[32m0.68201[0m[0m | time: 23.831s
[2K
| Adam | epoch: 012 | loss: 0.68201 - acc: 0.5799 -- iter: 384/454
[A[ATraining Step: 178  | total loss: [1m[32m0.67909[0m[0m | time: 25.113s
[2K
| Adam | epoch: 012 | loss: 0.67909 - acc: 0.5875 -- iter: 416/454
[A[ATraining Step: 179  | total loss: [1m[32m0.67311[0m[0m | time: 33.719s
[2K
| Adam | epoch: 012 | loss: 0.67311 - acc: 0.6037 -- iter: 448/454
[A[ATraining Step: 180  | total loss: [1m[32m0.67439[0m[0m | time: 36.445s
[2K
| Adam | epoch: 012 | loss: 0.67439 - acc: 0.5996 | val_loss: 0.68345 - val_acc: 0.5704 -- iter: 454/454
--
Training Step: 181  | total loss: [1m[32m0.67575[0m[0m | time: 1.229s
[2K
| Adam | epoch: 013 | loss: 0.67575 - acc: 0.5959 -- iter: 032/454
[A[ATraining Step: 182  | total loss: [1m[32m0.67675[0m[0m | time: 2.567s
[2K
| Adam | epoch: 013 | loss: 0.67675 - acc: 0.5926 -- iter: 064/454
[A[ATraining Step: 183  | total loss: [1m[32m0.67450[0m[0m | time: 3.890s
[2K
| Adam | epoch: 013 | loss: 0.67450 - acc: 0.5989 -- iter: 096/454
[A[ATraining Step: 184  | total loss: [1m[32m0.67885[0m[0m | time: 10.804s
[2K
| Adam | epoch: 013 | loss: 0.67885 - acc: 0.5859 -- iter: 128/454
[A[ATraining Step: 185  | total loss: [1m[32m0.67866[0m[0m | time: 12.221s
[2K
| Adam | epoch: 013 | loss: 0.67866 - acc: 0.5867 -- iter: 160/454
[A[ATraining Step: 186  | total loss: [1m[32m0.67632[0m[0m | time: 13.566s
[2K
| Adam | epoch: 013 | loss: 0.67632 - acc: 0.5937 -- iter: 192/454
[A[ATraining Step: 187  | total loss: [1m[32m0.68214[0m[0m | time: 14.500s
[2K
| Adam | epoch: 013 | loss: 0.68214 - acc: 0.5749 -- iter: 224/454
[A[ATraining Step: 188  | total loss: [1m[32m0.68143[0m[0m | time: 15.576s
[2K
| Adam | epoch: 013 | loss: 0.68143 - acc: 0.5768 -- iter: 256/454
[A[ATraining Step: 189  | total loss: [1m[32m0.67818[0m[0m | time: 16.777s
[2K
| Adam | epoch: 013 | loss: 0.67818 - acc: 0.5879 -- iter: 288/454
[A[ATraining Step: 190  | total loss: [1m[32m0.67795[0m[0m | time: 17.606s
[2K
| Adam | epoch: 013 | loss: 0.67795 - acc: 0.5885 -- iter: 320/454
[A[ATraining Step: 191  | total loss: [1m[32m0.67502[0m[0m | time: 17.797s
[2K
| Adam | epoch: 013 | loss: 0.67502 - acc: 0.5984 -- iter: 352/454
[A[ATraining Step: 192  | total loss: [1m[32m0.67798[0m[0m | time: 18.027s
[2K
| Adam | epoch: 013 | loss: 0.67798 - acc: 0.5885 -- iter: 384/454
[A[ATraining Step: 193  | total loss: [1m[32m0.68074[0m[0m | time: 18.920s
[2K
| Adam | epoch: 013 | loss: 0.68074 - acc: 0.5797 -- iter: 416/454
[A[ATraining Step: 194  | total loss: [1m[32m0.68691[0m[0m | time: 19.865s
[2K
| Adam | epoch: 013 | loss: 0.68691 - acc: 0.5592 -- iter: 448/454
[A[ATraining Step: 195  | total loss: [1m[32m0.68149[0m[0m | time: 21.858s
[2K
| Adam | epoch: 013 | loss: 0.68149 - acc: 0.5783 | val_loss: 0.68304 - val_acc: 0.5704 -- iter: 454/454
--
Training Step: 196  | total loss: [1m[32m0.68183[0m[0m | time: 0.992s
[2K
| Adam | epoch: 014 | loss: 0.68183 - acc: 0.5767 -- iter: 032/454
[A[ATraining Step: 197  | total loss: [1m[32m0.68045[0m[0m | time: 1.985s
[2K
| Adam | epoch: 014 | loss: 0.68045 - acc: 0.5815 -- iter: 064/454
[A[ATraining Step: 198  | total loss: [1m[32m0.68177[0m[0m | time: 2.950s
[2K
| Adam | epoch: 014 | loss: 0.68177 - acc: 0.5765 -- iter: 096/454
[A[ATraining Step: 199  | total loss: [1m[32m0.67887[0m[0m | time: 3.906s
[2K
| Adam | epoch: 014 | loss: 0.67887 - acc: 0.5876 -- iter: 128/454
[A[ATraining Step: 200  | total loss: [1m[32m0.67688[0m[0m | time: 6.016s
[2K
| Adam | epoch: 014 | loss: 0.67688 - acc: 0.5945 | val_loss: 0.68299 - val_acc: 0.5704 -- iter: 160/454
--
Training Step: 201  | total loss: [1m[32m0.67948[0m[0m | time: 6.906s
[2K
| Adam | epoch: 014 | loss: 0.67948 - acc: 0.5850 -- iter: 192/454
[A[ATraining Step: 202  | total loss: [1m[32m0.67829[0m[0m | time: 7.933s
[2K
| Adam | epoch: 014 | loss: 0.67829 - acc: 0.5890 -- iter: 224/454
[A[ATraining Step: 203  | total loss: [1m[32m0.67526[0m[0m | time: 8.962s
[2K
| Adam | epoch: 014 | loss: 0.67526 - acc: 0.5989 -- iter: 256/454
[A[ATraining Step: 204  | total loss: [1m[32m0.66768[0m[0m | time: 9.978s
[2K
| Adam | epoch: 014 | loss: 0.66768 - acc: 0.6234 -- iter: 288/454
[A[ATraining Step: 205  | total loss: [1m[32m0.66537[0m[0m | time: 11.036s
[2K
| Adam | epoch: 014 | loss: 0.66537 - acc: 0.6298 -- iter: 320/454
[A[ATraining Step: 206  | total loss: [1m[32m0.66859[0m[0m | time: 12.190s
[2K
| Adam | epoch: 014 | loss: 0.66859 - acc: 0.6199 -- iter: 352/454
[A[ATraining Step: 207  | total loss: [1m[32m0.67801[0m[0m | time: 12.530s
[2K
| Adam | epoch: 014 | loss: 0.67801 - acc: 0.5954 -- iter: 384/454
[A[ATraining Step: 208  | total loss: [1m[32m0.67549[0m[0m | time: 12.902s
[2K
| Adam | epoch: 014 | loss: 0.67549 - acc: 0.6026 -- iter: 416/454
[A[ATraining Step: 209  | total loss: [1m[32m0.67258[0m[0m | time: 14.235s
[2K
| Adam | epoch: 014 | loss: 0.67258 - acc: 0.6090 -- iter: 448/454
[A[ATraining Step: 210  | total loss: [1m[32m0.66875[0m[0m | time: 16.947s
[2K
| Adam | epoch: 014 | loss: 0.66875 - acc: 0.6168 | val_loss: 0.68848 - val_acc: 0.5704 -- iter: 454/454
--
Training Step: 211  | total loss: [1m[32m0.66377[0m[0m | time: 1.322s
[2K
| Adam | epoch: 015 | loss: 0.66377 - acc: 0.6270 -- iter: 032/454
[A[ATraining Step: 212  | total loss: [1m[32m0.66177[0m[0m | time: 2.496s
[2K
| Adam | epoch: 015 | loss: 0.66177 - acc: 0.6299 -- iter: 064/454
[A[ATraining Step: 213  | total loss: [1m[32m0.66341[0m[0m | time: 3.715s
[2K
| Adam | epoch: 015 | loss: 0.66341 - acc: 0.6263 -- iter: 096/454
[A[ATraining Step: 214  | total loss: [1m[32m0.67229[0m[0m | time: 5.022s
[2K
| Adam | epoch: 015 | loss: 0.67229 - acc: 0.6106 -- iter: 128/454
[A[ATraining Step: 215  | total loss: [1m[32m0.67131[0m[0m | time: 6.295s
[2K
| Adam | epoch: 015 | loss: 0.67131 - acc: 0.6120 -- iter: 160/454
[A[ATraining Step: 216  | total loss: [1m[32m0.67918[0m[0m | time: 7.611s
[2K
| Adam | epoch: 015 | loss: 0.67918 - acc: 0.5977 -- iter: 192/454
[A[ATraining Step: 217  | total loss: [1m[32m0.67255[0m[0m | time: 8.958s
[2K
| Adam | epoch: 015 | loss: 0.67255 - acc: 0.6098 -- iter: 224/454
[A[ATraining Step: 218  | total loss: [1m[32m0.67306[0m[0m | time: 10.219s
[2K
| Adam | epoch: 015 | loss: 0.67306 - acc: 0.6082 -- iter: 256/454
[A[ATraining Step: 219  | total loss: [1m[32m0.67328[0m[0m | time: 11.519s
[2K
| Adam | epoch: 015 | loss: 0.67328 - acc: 0.6067 -- iter: 288/454
[A[ATraining Step: 220  | total loss: [1m[32m0.67068[0m[0m | time: 16.546s
[2K
| Adam | epoch: 015 | loss: 0.67068 - acc: 0.6117 -- iter: 320/454
[A[ATraining Step: 221  | total loss: [1m[32m0.67244[0m[0m | time: 17.905s
[2K
| Adam | epoch: 015 | loss: 0.67244 - acc: 0.6068 -- iter: 352/454
[A[ATraining Step: 222  | total loss: [1m[32m0.67400[0m[0m | time: 19.381s
[2K
| Adam | epoch: 015 | loss: 0.67400 - acc: 0.6023 -- iter: 384/454
[A[ATraining Step: 223  | total loss: [1m[32m0.67784[0m[0m | time: 19.678s
[2K
| Adam | epoch: 015 | loss: 0.67784 - acc: 0.5921 -- iter: 416/454
[A[ATraining Step: 224  | total loss: [1m[32m0.67496[0m[0m | time: 19.929s
[2K
| Adam | epoch: 015 | loss: 0.67496 - acc: 0.5996 -- iter: 448/454
[A[ATraining Step: 225  | total loss: [1m[32m0.66705[0m[0m | time: 22.395s
[2K
| Adam | epoch: 015 | loss: 0.66705 - acc: 0.6229 | val_loss: 0.68387 - val_acc: 0.5704 -- iter: 454/454
--
Training Step: 226  | total loss: [1m[32m0.66231[0m[0m | time: 1.220s
[2K
| Adam | epoch: 016 | loss: 0.66231 - acc: 0.6356 -- iter: 032/454
[A[ATraining Step: 227  | total loss: [1m[32m0.66576[0m[0m | time: 2.508s
[2K
| Adam | epoch: 016 | loss: 0.66576 - acc: 0.6252 -- iter: 064/454
[A[ATraining Step: 228  | total loss: [1m[32m0.67163[0m[0m | time: 3.807s
[2K
| Adam | epoch: 016 | loss: 0.67163 - acc: 0.6096 -- iter: 096/454
[A[ATraining Step: 229  | total loss: [1m[32m0.67045[0m[0m | time: 5.106s
[2K
| Adam | epoch: 016 | loss: 0.67045 - acc: 0.6111 -- iter: 128/454
[A[ATraining Step: 230  | total loss: [1m[32m0.67312[0m[0m | time: 6.462s
[2K
| Adam | epoch: 016 | loss: 0.67312 - acc: 0.6031 -- iter: 160/454
[A[ATraining Step: 231  | total loss: [1m[32m0.67457[0m[0m | time: 7.738s
[2K
| Adam | epoch: 016 | loss: 0.67457 - acc: 0.5991 -- iter: 192/454
[A[ATraining Step: 232  | total loss: [1m[32m0.67822[0m[0m | time: 9.048s
[2K
| Adam | epoch: 016 | loss: 0.67822 - acc: 0.5892 -- iter: 224/454
[A[ATraining Step: 233  | total loss: [1m[32m0.67552[0m[0m | time: 10.424s
[2K
| Adam | epoch: 016 | loss: 0.67552 - acc: 0.5959 -- iter: 256/454
[A[ATraining Step: 234  | total loss: [1m[32m0.67444[0m[0m | time: 11.771s
[2K
| Adam | epoch: 016 | loss: 0.67444 - acc: 0.5988 -- iter: 288/454
[A[ATraining Step: 235  | total loss: [1m[32m0.67331[0m[0m | time: 32.315s
[2K
| Adam | epoch: 016 | loss: 0.67331 - acc: 0.6014 -- iter: 320/454
[A[ATraining Step: 236  | total loss: [1m[32m0.67222[0m[0m | time: 40.337s
[2K
| Adam | epoch: 016 | loss: 0.67222 - acc: 0.6038 -- iter: 352/454
[A[ATraining Step: 237  | total loss: [1m[32m0.67127[0m[0m | time: 41.525s
[2K
| Adam | epoch: 016 | loss: 0.67127 - acc: 0.6059 -- iter: 384/454
[A[ATraining Step: 238  | total loss: [1m[32m0.67045[0m[0m | time: 42.583s
[2K
| Adam | epoch: 016 | loss: 0.67045 - acc: 0.6078 -- iter: 416/454
[A[ATraining Step: 239  | total loss: [1m[32m0.66960[0m[0m | time: 42.820s
[2K
| Adam | epoch: 016 | loss: 0.66960 - acc: 0.6095 -- iter: 448/454
[A[ATraining Step: 240  | total loss: [1m[32m0.67346[0m[0m | time: 44.198s
[2K
| Adam | epoch: 016 | loss: 0.67346 - acc: 0.5986 | val_loss: 0.68381 - val_acc: 0.5704 -- iter: 454/454
--
Training Step: 241  | total loss: [1m[32m0.67694[0m[0m | time: 1.346s
[2K
| Adam | epoch: 017 | loss: 0.67694 - acc: 0.5887 -- iter: 032/454
[A[ATraining Step: 242  | total loss: [1m[32m0.67297[0m[0m | time: 2.693s
[2K
| Adam | epoch: 017 | loss: 0.67297 - acc: 0.5986 -- iter: 064/454
[A[ATraining Step: 243  | total loss: [1m[32m0.67448[0m[0m | time: 4.041s
[2K
| Adam | epoch: 017 | loss: 0.67448 - acc: 0.5950 -- iter: 096/454
[A[ATraining Step: 244  | total loss: [1m[32m0.66853[0m[0m | time: 5.367s
[2K
| Adam | epoch: 017 | loss: 0.66853 - acc: 0.6105 -- iter: 128/454
[A[ATraining Step: 245  | total loss: [1m[32m0.67036[0m[0m | time: 6.573s
[2K
| Adam | epoch: 017 | loss: 0.67036 - acc: 0.6057 -- iter: 160/454
[A[ATraining Step: 246  | total loss: [1m[32m0.67314[0m[0m | time: 7.812s
[2K
| Adam | epoch: 017 | loss: 0.67314 - acc: 0.5982 -- iter: 192/454
[A[ATraining Step: 247  | total loss: [1m[32m0.67707[0m[0m | time: 9.435s
[2K
| Adam | epoch: 017 | loss: 0.67707 - acc: 0.5884 -- iter: 224/454
[A[ATraining Step: 248  | total loss: [1m[32m0.67679[0m[0m | time: 18.399s
[2K
| Adam | epoch: 017 | loss: 0.67679 - acc: 0.5889 -- iter: 256/454
[A[ATraining Step: 249  | total loss: [1m[32m0.68356[0m[0m | time: 25.514s
[2K
| Adam | epoch: 017 | loss: 0.68356 - acc: 0.5707 -- iter: 288/454
[A[ATraining Step: 250  | total loss: [1m[32m0.68022[0m[0m | time: 31.620s
[2K
| Adam | epoch: 017 | loss: 0.68022 - acc: 0.5792 -- iter: 320/454
[A[ATraining Step: 251  | total loss: [1m[32m0.67537[0m[0m | time: 40.271s
[2K
| Adam | epoch: 017 | loss: 0.67537 - acc: 0.5932 -- iter: 352/454
[A[ATraining Step: 252  | total loss: [1m[32m0.67738[0m[0m | time: 41.490s
[2K
| Adam | epoch: 017 | loss: 0.67738 - acc: 0.5870 -- iter: 384/454
[A[ATraining Step: 253  | total loss: [1m[32m0.67608[0m[0m | time: 42.520s
[2K
| Adam | epoch: 017 | loss: 0.67608 - acc: 0.5908 -- iter: 416/454
[A[ATraining Step: 254  | total loss: [1m[32m0.67492[0m[0m | time: 43.712s
[2K
| Adam | epoch: 017 | loss: 0.67492 - acc: 0.5942 -- iter: 448/454
[A[ATraining Step: 255  | total loss: [1m[32m0.67176[0m[0m | time: 45.247s
[2K
| Adam | epoch: 017 | loss: 0.67176 - acc: 0.6035 | val_loss: 0.68301 - val_acc: 0.5704 -- iter: 454/454
--
Training Step: 256  | total loss: [1m[32m0.66990[0m[0m | time: 0.353s
[2K
| Adam | epoch: 018 | loss: 0.66990 - acc: 0.6099 -- iter: 032/454
[A[ATraining Step: 257  | total loss: [1m[32m0.66733[0m[0m | time: 1.630s
[2K
| Adam | epoch: 018 | loss: 0.66733 - acc: 0.6155 -- iter: 064/454
[A[ATraining Step: 258  | total loss: [1m[32m0.66661[0m[0m | time: 2.899s
[2K
| Adam | epoch: 018 | loss: 0.66661 - acc: 0.6165 -- iter: 096/454
[A[ATraining Step: 259  | total loss: [1m[32m0.67102[0m[0m | time: 4.242s
[2K
| Adam | epoch: 018 | loss: 0.67102 - acc: 0.6048 -- iter: 128/454
[A[ATraining Step: 260  | total loss: [1m[32m0.67385[0m[0m | time: 5.454s
[2K
| Adam | epoch: 018 | loss: 0.67385 - acc: 0.5975 -- iter: 160/454
[A[ATraining Step: 261  | total loss: [1m[32m0.67119[0m[0m | time: 6.768s
[2K
| Adam | epoch: 018 | loss: 0.67119 - acc: 0.6034 -- iter: 192/454
[A[ATraining Step: 262  | total loss: [1m[32m0.67544[0m[0m | time: 8.103s
[2K
| Adam | epoch: 018 | loss: 0.67544 - acc: 0.5930 -- iter: 224/454
[A[ATraining Step: 263  | total loss: [1m[32m0.67240[0m[0m | time: 17.054s
[2K
| Adam | epoch: 018 | loss: 0.67240 - acc: 0.5993 -- iter: 256/454
[A[ATraining Step: 264  | total loss: [1m[32m0.66782[0m[0m | time: 18.436s
[2K
| Adam | epoch: 018 | loss: 0.66782 - acc: 0.6082 -- iter: 288/454
[A[ATraining Step: 265  | total loss: [1m[32m0.66406[0m[0m | time: 27.332s
[2K
| Adam | epoch: 018 | loss: 0.66406 - acc: 0.6161 -- iter: 320/454
[A[ATraining Step: 266  | total loss: [1m[32m0.66486[0m[0m | time: 36.981s
[2K
| Adam | epoch: 018 | loss: 0.66486 - acc: 0.6139 -- iter: 352/454
[A[ATraining Step: 267  | total loss: [1m[32m0.66274[0m[0m | time: 39.303s
[2K
| Adam | epoch: 018 | loss: 0.66274 - acc: 0.6181 -- iter: 384/454
[A[ATraining Step: 268  | total loss: [1m[32m0.66376[0m[0m | time: 40.681s
[2K
| Adam | epoch: 018 | loss: 0.66376 - acc: 0.6157 -- iter: 416/454
[A[ATraining Step: 269  | total loss: [1m[32m0.65814[0m[0m | time: 48.406s
[2K
| Adam | epoch: 018 | loss: 0.65814 - acc: 0.6260 -- iter: 448/454
[A[ATraining Step: 270  | total loss: [1m[32m0.66563[0m[0m | time: 54.006s
[2K
| Adam | epoch: 018 | loss: 0.66563 - acc: 0.6134 | val_loss: 0.68945 - val_acc: 0.5704 -- iter: 454/454
--
Training Step: 271  | total loss: [1m[32m0.67224[0m[0m | time: 0.350s
[2K
| Adam | epoch: 019 | loss: 0.67224 - acc: 0.6020 -- iter: 032/454
[A[ATraining Step: 272  | total loss: [1m[32m0.66845[0m[0m | time: 0.704s
[2K
| Adam | epoch: 019 | loss: 0.66845 - acc: 0.6085 -- iter: 064/454
[A[ATraining Step: 273  | total loss: [1m[32m0.66474[0m[0m | time: 12.347s
[2K
| Adam | epoch: 019 | loss: 0.66474 - acc: 0.6143 -- iter: 096/454
[A[ATraining Step: 274  | total loss: [1m[32m0.66102[0m[0m | time: 14.686s
[2K
| Adam | epoch: 019 | loss: 0.66102 - acc: 0.6216 -- iter: 128/454
[A[ATraining Step: 275  | total loss: [1m[32m0.66136[0m[0m | time: 15.986s
[2K
| Adam | epoch: 019 | loss: 0.66136 - acc: 0.6188 -- iter: 160/454
[A[ATraining Step: 276  | total loss: [1m[32m0.66200[0m[0m | time: 24.434s
[2K
| Adam | epoch: 019 | loss: 0.66200 - acc: 0.6163 -- iter: 192/454
[A[ATraining Step: 277  | total loss: [1m[32m0.66614[0m[0m | time: 25.912s
[2K
| Adam | epoch: 019 | loss: 0.66614 - acc: 0.6078 -- iter: 224/454
[A[ATraining Step: 278  | total loss: [1m[32m0.65872[0m[0m | time: 27.158s
[2K
| Adam | epoch: 019 | loss: 0.65872 - acc: 0.6252 -- iter: 256/454
[A[ATraining Step: 279  | total loss: [1m[32m0.65834[0m[0m | time: 32.077s
[2K
| Adam | epoch: 019 | loss: 0.65834 - acc: 0.6252 -- iter: 288/454
[A[ATraining Step: 280  | total loss: [1m[32m0.65167[0m[0m | time: 33.329s
[2K
| Adam | epoch: 019 | loss: 0.65167 - acc: 0.6376 -- iter: 320/454
[A[ATraining Step: 281  | total loss: [1m[32m0.65765[0m[0m | time: 34.822s
[2K
| Adam | epoch: 019 | loss: 0.65765 - acc: 0.6270 -- iter: 352/454
[A[ATraining Step: 282  | total loss: [1m[32m0.66266[0m[0m | time: 36.427s
[2K
| Adam | epoch: 019 | loss: 0.66266 - acc: 0.6174 -- iter: 384/454
[A[ATraining Step: 283  | total loss: [1m[32m0.66500[0m[0m | time: 37.911s
[2K
| Adam | epoch: 019 | loss: 0.66500 - acc: 0.6119 -- iter: 416/454
[A[ATraining Step: 284  | total loss: [1m[32m0.66867[0m[0m | time: 43.721s
[2K
| Adam | epoch: 019 | loss: 0.66867 - acc: 0.6039 -- iter: 448/454
[A[ATraining Step: 285  | total loss: [1m[32m0.67282[0m[0m | time: 55.410s
[2K
| Adam | epoch: 019 | loss: 0.67282 - acc: 0.5935 | val_loss: 0.68124 - val_acc: 0.5704 -- iter: 454/454
--
Training Step: 286  | total loss: [1m[32m0.67504[0m[0m | time: 1.297s
[2K
| Adam | epoch: 020 | loss: 0.67504 - acc: 0.5841 -- iter: 032/454
[A[ATraining Step: 287  | total loss: [1m[32m0.67180[0m[0m | time: 1.596s
[2K
| Adam | epoch: 020 | loss: 0.67180 - acc: 0.5945 -- iter: 064/454
[A[ATraining Step: 288  | total loss: [1m[32m0.67459[0m[0m | time: 1.905s
[2K
| Adam | epoch: 020 | loss: 0.67459 - acc: 0.5850 -- iter: 096/454
[A[ATraining Step: 289  | total loss: [1m[32m0.67610[0m[0m | time: 3.247s
[2K
| Adam | epoch: 020 | loss: 0.67610 - acc: 0.5765 -- iter: 128/454
[A[ATraining Step: 290  | total loss: [1m[32m0.67570[0m[0m | time: 4.648s
[2K
| Adam | epoch: 020 | loss: 0.67570 - acc: 0.5751 -- iter: 160/454
[A[ATraining Step: 291  | total loss: [1m[32m0.67604[0m[0m | time: 6.042s
[2K
| Adam | epoch: 020 | loss: 0.67604 - acc: 0.5707 -- iter: 192/454
[A[ATraining Step: 292  | total loss: [1m[32m0.67620[0m[0m | time: 7.380s
[2K
| Adam | epoch: 020 | loss: 0.67620 - acc: 0.5762 -- iter: 224/454
[A[ATraining Step: 293  | total loss: [1m[32m0.67322[0m[0m | time: 11.074s
[2K
| Adam | epoch: 020 | loss: 0.67322 - acc: 0.5873 -- iter: 256/454
[A[ATraining Step: 294  | total loss: [1m[32m0.67314[0m[0m | time: 12.337s
[2K
| Adam | epoch: 020 | loss: 0.67314 - acc: 0.5848 -- iter: 288/454
[A[ATraining Step: 295  | total loss: [1m[32m0.67019[0m[0m | time: 13.854s
[2K
| Adam | epoch: 020 | loss: 0.67019 - acc: 0.5888 -- iter: 320/454
[A[ATraining Step: 296  | total loss: [1m[32m0.66673[0m[0m | time: 15.175s
[2K
| Adam | epoch: 020 | loss: 0.66673 - acc: 0.5956 -- iter: 352/454
[A[ATraining Step: 297  | total loss: [1m[32m0.67065[0m[0m | time: 29.459s
[2K
| Adam | epoch: 020 | loss: 0.67065 - acc: 0.5860 -- iter: 384/454
[A[ATraining Step: 298  | total loss: [1m[32m0.67776[0m[0m | time: 40.931s
[2K
| Adam | epoch: 020 | loss: 0.67776 - acc: 0.5743 -- iter: 416/454
[A[ATraining Step: 299  | total loss: [1m[32m0.67509[0m[0m | time: 48.172s
[2K
| Adam | epoch: 020 | loss: 0.67509 - acc: 0.5762 -- iter: 448/454
[A[ATraining Step: 300  | total loss: [1m[32m0.67134[0m[0m | time: 58.747s
[2K
| Adam | epoch: 020 | loss: 0.67134 - acc: 0.5811 | val_loss: 0.68301 - val_acc: 0.5704 -- iter: 454/454
--
Training Step: 301  | total loss: [1m[32m0.66376[0m[0m | time: 1.320s
[2K
| Adam | epoch: 021 | loss: 0.66376 - acc: 0.6011 -- iter: 032/454
[A[ATraining Step: 302  | total loss: [1m[32m0.65835[0m[0m | time: 2.872s
[2K
| Adam | epoch: 021 | loss: 0.65835 - acc: 0.6129 -- iter: 064/454
[A[ATraining Step: 303  | total loss: [1m[32m0.66389[0m[0m | time: 3.271s
[2K
| Adam | epoch: 021 | loss: 0.66389 - acc: 0.6016 -- iter: 096/454
[A[ATraining Step: 304  | total loss: [1m[32m0.68503[0m[0m | time: 3.633s
[2K
| Adam | epoch: 021 | loss: 0.68503 - acc: 0.5748 -- iter: 128/454
[A[ATraining Step: 305  | total loss: [1m[32m0.69604[0m[0m | time: 13.574s
[2K
| Adam | epoch: 021 | loss: 0.69604 - acc: 0.5506 -- iter: 160/454
[A[ATraining Step: 306  | total loss: [1m[32m0.68974[0m[0m | time: 14.716s
[2K
| Adam | epoch: 021 | loss: 0.68974 - acc: 0.5612 -- iter: 192/454
[A[ATraining Step: 307  | total loss: [1m[32m0.68550[0m[0m | time: 15.909s
[2K
| Adam | epoch: 021 | loss: 0.68550 - acc: 0.5707 -- iter: 224/454
[A[ATraining Step: 308  | total loss: [1m[32m0.68309[0m[0m | time: 17.121s
[2K
| Adam | epoch: 021 | loss: 0.68309 - acc: 0.5824 -- iter: 256/454
[A[ATraining Step: 309  | total loss: [1m[32m0.68027[0m[0m | time: 18.339s
[2K
| Adam | epoch: 021 | loss: 0.68027 - acc: 0.5866 -- iter: 288/454
[A[ATraining Step: 310  | total loss: [1m[32m0.67874[0m[0m | time: 19.815s
[2K
| Adam | epoch: 021 | loss: 0.67874 - acc: 0.5967 -- iter: 320/454
[A[ATraining Step: 311  | total loss: [1m[32m0.67663[0m[0m | time: 21.174s
[2K
| Adam | epoch: 021 | loss: 0.67663 - acc: 0.5996 -- iter: 352/454
[A[ATraining Step: 312  | total loss: [1m[32m0.67538[0m[0m | time: 22.643s
[2K
| Adam | epoch: 021 | loss: 0.67538 - acc: 0.6021 -- iter: 384/454
[A[ATraining Step: 313  | total loss: [1m[32m0.67398[0m[0m | time: 24.014s
[2K
| Adam | epoch: 021 | loss: 0.67398 - acc: 0.6013 -- iter: 416/454
[A[ATraining Step: 314  | total loss: [1m[32m0.68055[0m[0m | time: 25.446s
[2K
| Adam | epoch: 021 | loss: 0.68055 - acc: 0.5755 -- iter: 448/454
[A[ATraining Step: 315  | total loss: [1m[32m0.67946[0m[0m | time: 28.008s
[2K
| Adam | epoch: 021 | loss: 0.67946 - acc: 0.5742 | val_loss: 0.67921 - val_acc: 0.5704 -- iter: 454/454
--
Training Step: 316  | total loss: [1m[32m0.67895[0m[0m | time: 1.456s
[2K
| Adam | epoch: 022 | loss: 0.67895 - acc: 0.5730 -- iter: 032/454
[A[ATraining Step: 317  | total loss: [1m[32m0.67431[0m[0m | time: 2.946s
[2K
| Adam | epoch: 022 | loss: 0.67431 - acc: 0.5845 -- iter: 064/454
[A[ATraining Step: 318  | total loss: [1m[32m0.67061[0m[0m | time: 10.864s
[2K
| Adam | epoch: 022 | loss: 0.67061 - acc: 0.5948 -- iter: 096/454
[A[ATraining Step: 319  | total loss: [1m[32m0.67306[0m[0m | time: 11.194s
[2K
| Adam | epoch: 022 | loss: 0.67306 - acc: 0.5822 -- iter: 128/454
[A[ATraining Step: 320  | total loss: [1m[32m0.67815[0m[0m | time: 11.545s
[2K
| Adam | epoch: 022 | loss: 0.67815 - acc: 0.5573 -- iter: 160/454
[A[ATraining Step: 321  | total loss: [1m[32m0.67633[0m[0m | time: 12.897s
[2K
| Adam | epoch: 022 | loss: 0.67633 - acc: 0.5516 -- iter: 192/454
[A[ATraining Step: 322  | total loss: [1m[32m0.67289[0m[0m | time: 14.355s
[2K
| Adam | epoch: 022 | loss: 0.67289 - acc: 0.5714 -- iter: 224/454
[A[ATraining Step: 323  | total loss: [1m[32m0.67116[0m[0m | time: 15.836s
[2K
| Adam | epoch: 022 | loss: 0.67116 - acc: 0.5799 -- iter: 256/454
[A[ATraining Step: 324  | total loss: [1m[32m0.67093[0m[0m | time: 25.154s
[2K
| Adam | epoch: 022 | loss: 0.67093 - acc: 0.5719 -- iter: 288/454
[A[ATraining Step: 325  | total loss: [1m[32m0.66979[0m[0m | time: 26.484s
[2K
| Adam | epoch: 022 | loss: 0.66979 - acc: 0.5710 -- iter: 320/454
[A[ATraining Step: 326  | total loss: [1m[32m0.67072[0m[0m | time: 41.104s
[2K
| Adam | epoch: 022 | loss: 0.67072 - acc: 0.5670 -- iter: 352/454
[A[ATraining Step: 327  | total loss: [1m[32m0.66882[0m[0m | time: 46.446s
[2K
| Adam | epoch: 022 | loss: 0.66882 - acc: 0.5790 -- iter: 384/454
[A[ATraining Step: 328  | total loss: [1m[32m0.66653[0m[0m | time: 47.636s
[2K
| Adam | epoch: 022 | loss: 0.66653 - acc: 0.5836 -- iter: 416/454
[A[ATraining Step: 329  | total loss: [1m[32m0.66500[0m[0m | time: 48.879s
[2K
| Adam | epoch: 022 | loss: 0.66500 - acc: 0.5878 -- iter: 448/454
[A[ATraining Step: 330  | total loss: [1m[32m0.65656[0m[0m | time: 56.686s
[2K
| Adam | epoch: 022 | loss: 0.65656 - acc: 0.6040 | val_loss: 0.68724 - val_acc: 0.5704 -- iter: 454/454
--
Training Step: 331  | total loss: [1m[32m0.64972[0m[0m | time: 1.475s
[2K
| Adam | epoch: 023 | loss: 0.64972 - acc: 0.6186 -- iter: 032/454
[A[ATraining Step: 332  | total loss: [1m[32m0.63517[0m[0m | time: 2.930s
[2K
| Adam | epoch: 023 | loss: 0.63517 - acc: 0.6380 -- iter: 064/454
[A[ATraining Step: 333  | total loss: [1m[32m0.62800[0m[0m | time: 4.293s
[2K
| Adam | epoch: 023 | loss: 0.62800 - acc: 0.6492 -- iter: 096/454
[A[ATraining Step: 334  | total loss: [1m[32m0.62160[0m[0m | time: 5.602s
[2K
| Adam | epoch: 023 | loss: 0.62160 - acc: 0.6530 -- iter: 128/454
[A[ATraining Step: 335  | total loss: [1m[32m0.62132[0m[0m | time: 5.974s
[2K
| Adam | epoch: 023 | loss: 0.62132 - acc: 0.6533 -- iter: 160/454
[A[ATraining Step: 336  | total loss: [1m[32m0.60899[0m[0m | time: 6.402s
[2K
| Adam | epoch: 023 | loss: 0.60899 - acc: 0.6713 -- iter: 192/454
[A[ATraining Step: 337  | total loss: [1m[32m0.60958[0m[0m | time: 8.120s
[2K
| Adam | epoch: 023 | loss: 0.60958 - acc: 0.6709 -- iter: 224/454
[A[ATraining Step: 338  | total loss: [1m[32m0.61201[0m[0m | time: 16.135s
[2K
| Adam | epoch: 023 | loss: 0.61201 - acc: 0.6725 -- iter: 256/454
[A[ATraining Step: 339  | total loss: [1m[32m0.61836[0m[0m | time: 17.426s
[2K
| Adam | epoch: 023 | loss: 0.61836 - acc: 0.6647 -- iter: 288/454
[A[ATraining Step: 340  | total loss: [1m[32m0.60943[0m[0m | time: 18.752s
[2K
| Adam | epoch: 023 | loss: 0.60943 - acc: 0.6732 -- iter: 320/454
[A[ATraining Step: 341  | total loss: [1m[32m0.62524[0m[0m | time: 20.173s
[2K
| Adam | epoch: 023 | loss: 0.62524 - acc: 0.6621 -- iter: 352/454
[A[ATraining Step: 342  | total loss: [1m[32m0.62886[0m[0m | time: 21.598s
[2K
| Adam | epoch: 023 | loss: 0.62886 - acc: 0.6584 -- iter: 384/454
[A[ATraining Step: 343  | total loss: [1m[32m0.63276[0m[0m | time: 24.927s
[2K
| Adam | epoch: 023 | loss: 0.63276 - acc: 0.6519 -- iter: 416/454
[A[ATraining Step: 344  | total loss: [1m[32m0.62792[0m[0m | time: 26.386s
[2K
| Adam | epoch: 023 | loss: 0.62792 - acc: 0.6618 -- iter: 448/454
[A[ATraining Step: 345  | total loss: [1m[32m0.62845[0m[0m | time: 29.108s
[2K
| Adam | epoch: 023 | loss: 0.62845 - acc: 0.6706 | val_loss: 0.68466 - val_acc: 0.5352 -- iter: 454/454
--
Training Step: 346  | total loss: [1m[32m0.63259[0m[0m | time: 1.458s
[2K
| Adam | epoch: 024 | loss: 0.63259 - acc: 0.6504 -- iter: 032/454
[A[ATraining Step: 347  | total loss: [1m[32m0.63545[0m[0m | time: 2.952s
[2K
| Adam | epoch: 024 | loss: 0.63545 - acc: 0.6479 -- iter: 064/454
[A[ATraining Step: 348  | total loss: [1m[32m0.63764[0m[0m | time: 9.670s
[2K
| Adam | epoch: 024 | loss: 0.63764 - acc: 0.6362 -- iter: 096/454
[A[ATraining Step: 349  | total loss: [1m[32m0.63676[0m[0m | time: 14.658s
[2K
| Adam | epoch: 024 | loss: 0.63676 - acc: 0.6382 -- iter: 128/454
[A[ATraining Step: 350  | total loss: [1m[32m0.63789[0m[0m | time: 16.081s
[2K
| Adam | epoch: 024 | loss: 0.63789 - acc: 0.6306 -- iter: 160/454
[A[ATraining Step: 351  | total loss: [1m[32m0.63413[0m[0m | time: 16.354s
[2K
| Adam | epoch: 024 | loss: 0.63413 - acc: 0.6301 -- iter: 192/454
[A[ATraining Step: 352  | total loss: [1m[32m0.62662[0m[0m | time: 16.676s
[2K
| Adam | epoch: 024 | loss: 0.62662 - acc: 0.6504 -- iter: 224/454
[A[ATraining Step: 353  | total loss: [1m[32m0.63376[0m[0m | time: 18.186s
[2K
| Adam | epoch: 024 | loss: 0.63376 - acc: 0.6354 -- iter: 256/454
[A[ATraining Step: 354  | total loss: [1m[32m0.63036[0m[0m | time: 19.522s
[2K
| Adam | epoch: 024 | loss: 0.63036 - acc: 0.6437 -- iter: 288/454
[A[ATraining Step: 355  | total loss: [1m[32m0.63408[0m[0m | time: 20.842s
[2K
| Adam | epoch: 024 | loss: 0.63408 - acc: 0.6387 -- iter: 320/454
[A[ATraining Step: 356  | total loss: [1m[32m0.63330[0m[0m | time: 22.299s
[2K
| Adam | epoch: 024 | loss: 0.63330 - acc: 0.6373 -- iter: 352/454
[A[ATraining Step: 357  | total loss: [1m[32m0.62668[0m[0m | time: 23.777s
[2K
| Adam | epoch: 024 | loss: 0.62668 - acc: 0.6455 -- iter: 384/454
[A[ATraining Step: 358  | total loss: [1m[32m0.62937[0m[0m | time: 25.099s
[2K
| Adam | epoch: 024 | loss: 0.62937 - acc: 0.6372 -- iter: 416/454
[A[ATraining Step: 359  | total loss: [1m[32m0.61845[0m[0m | time: 26.578s
[2K
| Adam | epoch: 024 | loss: 0.61845 - acc: 0.6391 -- iter: 448/454
[A[ATraining Step: 360  | total loss: [1m[32m0.62854[0m[0m | time: 29.347s
[2K
| Adam | epoch: 024 | loss: 0.62854 - acc: 0.6314 | val_loss: 0.71946 - val_acc: 0.5493 -- iter: 454/454
--
Training Step: 361  | total loss: [1m[32m0.62140[0m[0m | time: 1.436s
[2K
| Adam | epoch: 025 | loss: 0.62140 - acc: 0.6402 -- iter: 032/454
[A[ATraining Step: 362  | total loss: [1m[32m0.61213[0m[0m | time: 10.303s
[2K
| Adam | epoch: 025 | loss: 0.61213 - acc: 0.6511 -- iter: 064/454
[A[ATraining Step: 363  | total loss: [1m[32m0.59665[0m[0m | time: 11.468s
[2K
| Adam | epoch: 025 | loss: 0.59665 - acc: 0.6704 -- iter: 096/454
[A[ATraining Step: 364  | total loss: [1m[32m0.59951[0m[0m | time: 16.013s
[2K
| Adam | epoch: 025 | loss: 0.59951 - acc: 0.6721 -- iter: 128/454
[A[ATraining Step: 365  | total loss: [1m[32m0.58548[0m[0m | time: 17.541s
[2K
| Adam | epoch: 025 | loss: 0.58548 - acc: 0.6862 -- iter: 160/454
[A[ATraining Step: 366  | total loss: [1m[32m0.58033[0m[0m | time: 19.021s
[2K
| Adam | epoch: 025 | loss: 0.58033 - acc: 0.6925 -- iter: 192/454
[A[ATraining Step: 367  | total loss: [1m[32m0.56909[0m[0m | time: 19.337s
[2K
| Adam | epoch: 025 | loss: 0.56909 - acc: 0.7045 -- iter: 224/454
[A[ATraining Step: 368  | total loss: [1m[32m0.55835[0m[0m | time: 19.688s
[2K
| Adam | epoch: 025 | loss: 0.55835 - acc: 0.7007 -- iter: 256/454
[A[ATraining Step: 369  | total loss: [1m[32m0.53200[0m[0m | time: 21.172s
[2K
| Adam | epoch: 025 | loss: 0.53200 - acc: 0.7140 -- iter: 288/454
[A[ATraining Step: 370  | total loss: [1m[32m0.54766[0m[0m | time: 22.356s
[2K
| Adam | epoch: 025 | loss: 0.54766 - acc: 0.7051 -- iter: 320/454
[A[ATraining Step: 371  | total loss: [1m[32m0.58057[0m[0m | time: 23.473s
[2K
| Adam | epoch: 025 | loss: 0.58057 - acc: 0.6940 -- iter: 352/454
[A[ATraining Step: 372  | total loss: [1m[32m0.56816[0m[0m | time: 24.523s
[2K
| Adam | epoch: 025 | loss: 0.56816 - acc: 0.6996 -- iter: 384/454
[A[ATraining Step: 373  | total loss: [1m[32m0.56250[0m[0m | time: 25.478s
[2K
| Adam | epoch: 025 | loss: 0.56250 - acc: 0.7015 -- iter: 416/454
[A[ATraining Step: 374  | total loss: [1m[32m0.55871[0m[0m | time: 26.490s
[2K
| Adam | epoch: 025 | loss: 0.55871 - acc: 0.7095 -- iter: 448/454
[A[ATraining Step: 375  | total loss: [1m[32m0.55779[0m[0m | time: 28.495s
[2K
| Adam | epoch: 025 | loss: 0.55779 - acc: 0.7073 | val_loss: 0.67001 - val_acc: 0.6127 -- iter: 454/454
--
Training Step: 376  | total loss: [1m[32m0.54666[0m[0m | time: 1.001s
[2K
| Adam | epoch: 026 | loss: 0.54666 - acc: 0.7178 -- iter: 032/454
[A[ATraining Step: 377  | total loss: [1m[32m0.54233[0m[0m | time: 2.093s
[2K
| Adam | epoch: 026 | loss: 0.54233 - acc: 0.7241 -- iter: 064/454
[A[ATraining Step: 378  | total loss: [1m[32m0.53338[0m[0m | time: 3.052s
[2K
| Adam | epoch: 026 | loss: 0.53338 - acc: 0.7330 -- iter: 096/454
[A[ATraining Step: 379  | total loss: [1m[32m0.53808[0m[0m | time: 3.949s
[2K
| Adam | epoch: 026 | loss: 0.53808 - acc: 0.7222 -- iter: 128/454
[A[ATraining Step: 380  | total loss: [1m[32m0.54072[0m[0m | time: 5.086s
[2K
| Adam | epoch: 026 | loss: 0.54072 - acc: 0.7187 -- iter: 160/454
[A[ATraining Step: 381  | total loss: [1m[32m0.54050[0m[0m | time: 6.204s
[2K
| Adam | epoch: 026 | loss: 0.54050 - acc: 0.7218 -- iter: 192/454
[A[ATraining Step: 382  | total loss: [1m[32m0.53552[0m[0m | time: 16.091s
[2K
| Adam | epoch: 026 | loss: 0.53552 - acc: 0.7215 -- iter: 224/454
[A[ATraining Step: 383  | total loss: [1m[32m0.53291[0m[0m | time: 16.310s
[2K
| Adam | epoch: 026 | loss: 0.53291 - acc: 0.7244 -- iter: 256/454
[A[ATraining Step: 384  | total loss: [1m[32m0.52195[0m[0m | time: 16.520s
[2K
| Adam | epoch: 026 | loss: 0.52195 - acc: 0.7519 -- iter: 288/454
[A[ATraining Step: 385  | total loss: [1m[32m0.50681[0m[0m | time: 17.462s
[2K
| Adam | epoch: 026 | loss: 0.50681 - acc: 0.7767 -- iter: 320/454
[A[ATraining Step: 386  | total loss: [1m[32m0.49344[0m[0m | time: 18.414s
[2K
| Adam | epoch: 026 | loss: 0.49344 - acc: 0.7897 -- iter: 352/454
[A[ATraining Step: 387  | total loss: [1m[32m0.50239[0m[0m | time: 19.404s
[2K
| Adam | epoch: 026 | loss: 0.50239 - acc: 0.7764 -- iter: 384/454
[A[ATraining Step: 388  | total loss: [1m[32m0.50341[0m[0m | time: 20.607s
[2K
| Adam | epoch: 026 | loss: 0.50341 - acc: 0.7706 -- iter: 416/454
[A[ATraining Step: 389  | total loss: [1m[32m0.49998[0m[0m | time: 25.155s
[2K
| Adam | epoch: 026 | loss: 0.49998 - acc: 0.7717 -- iter: 448/454
[A[ATraining Step: 390  | total loss: [1m[32m0.48916[0m[0m | time: 27.920s
[2K
| Adam | epoch: 026 | loss: 0.48916 - acc: 0.7757 | val_loss: 0.71176 - val_acc: 0.6127 -- iter: 454/454
--
Training Step: 391  | total loss: [1m[32m0.48270[0m[0m | time: 1.564s
[2K
| Adam | epoch: 027 | loss: 0.48270 - acc: 0.7825 -- iter: 032/454
[A[ATraining Step: 392  | total loss: [1m[32m0.47526[0m[0m | time: 2.899s
[2K
| Adam | epoch: 027 | loss: 0.47526 - acc: 0.7855 -- iter: 064/454
[A[ATraining Step: 393  | total loss: [1m[32m0.46358[0m[0m | time: 7.432s
[2K
| Adam | epoch: 027 | loss: 0.46358 - acc: 0.7914 -- iter: 096/454
[A[ATraining Step: 394  | total loss: [1m[32m0.45851[0m[0m | time: 8.695s
[2K
| Adam | epoch: 027 | loss: 0.45851 - acc: 0.7903 -- iter: 128/454
[A[ATraining Step: 395  | total loss: [1m[32m0.45333[0m[0m | time: 9.976s
[2K
| Adam | epoch: 027 | loss: 0.45333 - acc: 0.7926 -- iter: 160/454
[A[ATraining Step: 396  | total loss: [1m[32m0.44537[0m[0m | time: 11.298s
[2K
| Adam | epoch: 027 | loss: 0.44537 - acc: 0.8039 -- iter: 192/454
[A[ATraining Step: 397  | total loss: [1m[32m0.43367[0m[0m | time: 12.548s
[2K
| Adam | epoch: 027 | loss: 0.43367 - acc: 0.8110 -- iter: 224/454
[A[ATraining Step: 398  | total loss: [1m[32m0.42795[0m[0m | time: 13.752s
[2K
| Adam | epoch: 027 | loss: 0.42795 - acc: 0.8143 -- iter: 256/454
[A[ATraining Step: 399  | total loss: [1m[32m0.42384[0m[0m | time: 14.114s
[2K
| Adam | epoch: 027 | loss: 0.42384 - acc: 0.8141 -- iter: 288/454
[A[ATraining Step: 400  | total loss: [1m[32m0.42586[0m[0m | time: 15.738s
[2K
| Adam | epoch: 027 | loss: 0.42586 - acc: 0.8160 | val_loss: 0.87480 - val_acc: 0.5704 -- iter: 320/454
--
Training Step: 401  | total loss: [1m[32m0.39922[0m[0m | time: 17.085s
[2K
| Adam | epoch: 027 | loss: 0.39922 - acc: 0.8344 -- iter: 352/454
[A[ATraining Step: 402  | total loss: [1m[32m0.41013[0m[0m | time: 18.020s
[2K
| Adam | epoch: 027 | loss: 0.41013 - acc: 0.8322 -- iter: 384/454
[A[ATraining Step: 403  | total loss: [1m[32m0.40329[0m[0m | time: 19.218s
[2K
| Adam | epoch: 027 | loss: 0.40329 - acc: 0.8365 -- iter: 416/454
[A[ATraining Step: 404  | total loss: [1m[32m0.39555[0m[0m | time: 20.599s
[2K
| Adam | epoch: 027 | loss: 0.39555 - acc: 0.8372 -- iter: 448/454
[A[ATraining Step: 405  | total loss: [1m[32m0.39480[0m[0m | time: 22.981s
[2K
| Adam | epoch: 027 | loss: 0.39480 - acc: 0.8316 | val_loss: 0.80756 - val_acc: 0.6268 -- iter: 454/454
--
Training Step: 406  | total loss: [1m[32m0.38621[0m[0m | time: 1.343s
[2K
| Adam | epoch: 028 | loss: 0.38621 - acc: 0.8329 -- iter: 032/454
[A[ATraining Step: 407  | total loss: [1m[32m0.36865[0m[0m | time: 2.747s
[2K
| Adam | epoch: 028 | loss: 0.36865 - acc: 0.8433 -- iter: 064/454
[A[ATraining Step: 408  | total loss: [1m[32m0.35420[0m[0m | time: 4.090s
[2K
| Adam | epoch: 028 | loss: 0.35420 - acc: 0.8465 -- iter: 096/454
[A[ATraining Step: 409  | total loss: [1m[32m0.35697[0m[0m | time: 5.458s
[2K
| Adam | epoch: 028 | loss: 0.35697 - acc: 0.8400 -- iter: 128/454
[A[ATraining Step: 410  | total loss: [1m[32m0.34741[0m[0m | time: 13.995s
[2K
| Adam | epoch: 028 | loss: 0.34741 - acc: 0.8435 -- iter: 160/454
[A[ATraining Step: 411  | total loss: [1m[32m0.34695[0m[0m | time: 15.372s
[2K
| Adam | epoch: 028 | loss: 0.34695 - acc: 0.8466 -- iter: 192/454
[A[ATraining Step: 412  | total loss: [1m[32m0.33982[0m[0m | time: 16.583s
[2K
| Adam | epoch: 028 | loss: 0.33982 - acc: 0.8495 -- iter: 224/454
[A[ATraining Step: 413  | total loss: [1m[32m0.33342[0m[0m | time: 17.908s
[2K
| Adam | epoch: 028 | loss: 0.33342 - acc: 0.8520 -- iter: 256/454
[A[ATraining Step: 414  | total loss: [1m[32m0.32339[0m[0m | time: 19.354s
[2K
| Adam | epoch: 028 | loss: 0.32339 - acc: 0.8543 -- iter: 288/454
[A[ATraining Step: 415  | total loss: [1m[32m0.32809[0m[0m | time: 19.715s
[2K
| Adam | epoch: 028 | loss: 0.32809 - acc: 0.8564 -- iter: 320/454
[A[ATraining Step: 416  | total loss: [1m[32m0.32581[0m[0m | time: 20.067s
[2K
| Adam | epoch: 028 | loss: 0.32581 - acc: 0.8541 -- iter: 352/454
[A[ATraining Step: 417  | total loss: [1m[32m0.31905[0m[0m | time: 22.243s
[2K
| Adam | epoch: 028 | loss: 0.31905 - acc: 0.8520 -- iter: 384/454
[A[ATraining Step: 418  | total loss: [1m[32m0.33174[0m[0m | time: 23.589s
[2K
| Adam | epoch: 028 | loss: 0.33174 - acc: 0.8418 -- iter: 416/454
[A[ATraining Step: 419  | total loss: [1m[32m0.34223[0m[0m | time: 30.237s
[2K
| Adam | epoch: 028 | loss: 0.34223 - acc: 0.8357 -- iter: 448/454
[A[ATraining Step: 420  | total loss: [1m[32m0.32260[0m[0m | time: 32.629s
[2K
| Adam | epoch: 028 | loss: 0.32260 - acc: 0.8459 | val_loss: 0.80058 - val_acc: 0.6690 -- iter: 454/454
--
Training Step: 421  | total loss: [1m[32m0.31469[0m[0m | time: 1.369s
[2K
| Adam | epoch: 029 | loss: 0.31469 - acc: 0.8488 -- iter: 032/454
[A[ATraining Step: 422  | total loss: [1m[32m0.30389[0m[0m | time: 2.570s
[2K
| Adam | epoch: 029 | loss: 0.30389 - acc: 0.8514 -- iter: 064/454
[A[ATraining Step: 423  | total loss: [1m[32m0.28932[0m[0m | time: 3.752s
[2K
| Adam | epoch: 029 | loss: 0.28932 - acc: 0.8632 -- iter: 096/454
[A[ATraining Step: 424  | total loss: [1m[32m0.28511[0m[0m | time: 5.089s
[2K
| Adam | epoch: 029 | loss: 0.28511 - acc: 0.8706 -- iter: 128/454
[A[ATraining Step: 425  | total loss: [1m[32m0.28178[0m[0m | time: 21.511s
[2K
| Adam | epoch: 029 | loss: 0.28178 - acc: 0.8773 -- iter: 160/454
[A[ATraining Step: 426  | total loss: [1m[32m0.29311[0m[0m | time: 22.682s
[2K
| Adam | epoch: 029 | loss: 0.29311 - acc: 0.8771 -- iter: 192/454
[A[ATraining Step: 427  | total loss: [1m[32m0.28979[0m[0m | time: 23.882s
[2K
| Adam | epoch: 029 | loss: 0.28979 - acc: 0.8831 -- iter: 224/454
[A[ATraining Step: 428  | total loss: [1m[32m0.29127[0m[0m | time: 26.188s
[2K
| Adam | epoch: 029 | loss: 0.29127 - acc: 0.8792 -- iter: 256/454
[A[ATraining Step: 429  | total loss: [1m[32m0.28164[0m[0m | time: 27.586s
[2K
| Adam | epoch: 029 | loss: 0.28164 - acc: 0.8850 -- iter: 288/454
[A[ATraining Step: 430  | total loss: [1m[32m0.27306[0m[0m | time: 28.867s
[2K
| Adam | epoch: 029 | loss: 0.27306 - acc: 0.8871 -- iter: 320/454
[A[ATraining Step: 431  | total loss: [1m[32m0.25475[0m[0m | time: 29.105s
[2K
| Adam | epoch: 029 | loss: 0.25475 - acc: 0.8953 -- iter: 352/454
[A[ATraining Step: 432  | total loss: [1m[32m0.23168[0m[0m | time: 29.344s
[2K
| Adam | epoch: 029 | loss: 0.23168 - acc: 0.9058 -- iter: 384/454
[A[ATraining Step: 433  | total loss: [1m[32m0.21091[0m[0m | time: 30.420s
[2K
| Adam | epoch: 029 | loss: 0.21091 - acc: 0.9152 -- iter: 416/454
[A[ATraining Step: 434  | total loss: [1m[32m0.20145[0m[0m | time: 31.760s
[2K
| Adam | epoch: 029 | loss: 0.20145 - acc: 0.9205 -- iter: 448/454
[A[ATraining Step: 435  | total loss: [1m[32m0.18994[0m[0m | time: 34.245s
[2K
| Adam | epoch: 029 | loss: 0.18994 - acc: 0.9285 | val_loss: 1.07285 - val_acc: 0.6549 -- iter: 454/454
--
Training Step: 436  | total loss: [1m[32m0.18725[0m[0m | time: 1.388s
[2K
| Adam | epoch: 030 | loss: 0.18725 - acc: 0.9294 -- iter: 032/454
[A[ATraining Step: 437  | total loss: [1m[32m0.19185[0m[0m | time: 4.072s
[2K
| Adam | epoch: 030 | loss: 0.19185 - acc: 0.9240 -- iter: 064/454
[A[ATraining Step: 438  | total loss: [1m[32m0.18215[0m[0m | time: 5.470s
[2K
| Adam | epoch: 030 | loss: 0.18215 - acc: 0.9284 -- iter: 096/454
[A[ATraining Step: 439  | total loss: [1m[32m0.17055[0m[0m | time: 6.682s
[2K
| Adam | epoch: 030 | loss: 0.17055 - acc: 0.9356 -- iter: 128/454
[A[ATraining Step: 440  | total loss: [1m[32m0.17372[0m[0m | time: 15.540s
[2K
| Adam | epoch: 030 | loss: 0.17372 - acc: 0.9327 -- iter: 160/454
[A[ATraining Step: 441  | total loss: [1m[32m0.16480[0m[0m | time: 16.797s
[2K
| Adam | epoch: 030 | loss: 0.16480 - acc: 0.9394 -- iter: 192/454
[A[ATraining Step: 442  | total loss: [1m[32m0.15591[0m[0m | time: 18.246s
[2K
| Adam | epoch: 030 | loss: 0.15591 - acc: 0.9455 -- iter: 224/454
[A[ATraining Step: 443  | total loss: [1m[32m0.14697[0m[0m | time: 19.329s
[2K
| Adam | epoch: 030 | loss: 0.14697 - acc: 0.9478 -- iter: 256/454
[A[ATraining Step: 444  | total loss: [1m[32m0.14117[0m[0m | time: 20.656s
[2K
| Adam | epoch: 030 | loss: 0.14117 - acc: 0.9530 -- iter: 288/454
[A[ATraining Step: 445  | total loss: [1m[32m0.13716[0m[0m | time: 21.907s
[2K
| Adam | epoch: 030 | loss: 0.13716 - acc: 0.9515 -- iter: 320/454
[A[ATraining Step: 446  | total loss: [1m[32m0.14560[0m[0m | time: 23.143s
[2K
| Adam | epoch: 030 | loss: 0.14560 - acc: 0.9469 -- iter: 352/454
[A[ATraining Step: 447  | total loss: [1m[32m0.13845[0m[0m | time: 23.413s
[2K
| Adam | epoch: 030 | loss: 0.13845 - acc: 0.9491 -- iter: 384/454
[A[ATraining Step: 448  | total loss: [1m[32m0.22937[0m[0m | time: 23.665s
[2K
| Adam | epoch: 030 | loss: 0.22937 - acc: 0.9375 -- iter: 416/454
[A[ATraining Step: 449  | total loss: [1m[32m0.20684[0m[0m | time: 25.182s
[2K
| Adam | epoch: 030 | loss: 0.20684 - acc: 0.9438 -- iter: 448/454
[A[ATraining Step: 450  | total loss: [1m[32m0.19672[0m[0m | time: 27.857s
[2K
| Adam | epoch: 030 | loss: 0.19672 - acc: 0.9463 | val_loss: 1.49342 - val_acc: 0.6338 -- iter: 454/454
--
Validation AUC:0.7053228091479458
Validation AUPRC:0.7633524147559986
Test AUC:0.7265221878224974
Test AUPRC:0.8031963428414226
BestTestF1Score	0.76	0.24	0.65	0.66	0.89	76	40	17	9	0.46
BestTestMCCScore	0.73	0.35	0.68	0.75	0.71	60	20	37	25	0.99
BestTestAccuracyScore	0.75	0.34	0.69	0.72	0.79	67	26	31	18	0.92
BestValidationF1Score	0.75	0.29	0.65	0.64	0.91	74	42	19	7	0.46
BestValidationMCC	0.7	0.32	0.66	0.71	0.68	55	22	39	26	0.99
BestValidationAccuracy	0.73	0.31	0.67	0.68	0.78	63	29	32	18	0.92
TestPredictions (Threshold:0.99)
CHEMBL340384,TN,INACT,0.6800000071525574	CHEMBL516749,TP,ACT,1.0	CHEMBL188929,TP,ACT,1.0	CHEMBL508746,FN,ACT,0.019999999552965164	CHEMBL205071,TP,ACT,1.0	CHEMBL209294,FP,INACT,1.0	CHEMBL118347,TP,ACT,1.0	CHEMBL382180,TN,INACT,0.3100000023841858	CHEMBL200427,FN,ACT,0.699999988079071	CHEMBL86088,TP,ACT,1.0	CHEMBL2312205,TN,INACT,0.36000001430511475	CHEMBL3640078,TP,ACT,1.0	CHEMBL1668600,TN,INACT,0.2800000011920929	CHEMBL249507,TP,ACT,1.0	CHEMBL94727,FN,ACT,0.9800000190734863	CHEMBL2163591,TP,ACT,1.0	CHEMBL473448,TP,ACT,1.0	CHEMBL188106,TP,ACT,1.0	CHEMBL426493,TP,ACT,1.0	CHEMBL217930,TP,ACT,1.0	CHEMBL171998,TP,ACT,1.0	CHEMBL200203,TN,INACT,0.47999998927116394	CHEMBL3218467,FP,INACT,1.0	CHEMBL205173,TP,ACT,1.0	CHEMBL2070936,TP,ACT,1.0	CHEMBL204133,TP,ACT,1.0	CHEMBL3702587,TP,ACT,1.0	CHEMBL203328,FN,ACT,0.4099999964237213	CHEMBL1082857,TP,ACT,1.0	CHEMBL3640076,TP,ACT,1.0	CHEMBL372977,TN,INACT,0.9200000166893005	CHEMBL3093824,FP,INACT,1.0	CHEMBL1462218,FP,INACT,1.0	CHEMBL241311,FN,ACT,0.8999999761581421	CHEMBL1669436,TP,ACT,1.0	CHEMBL393673,TP,ACT,1.0	CHEMBL156832,TP,ACT,1.0	CHEMBL162631,TP,ACT,1.0	CHEMBL213244,TP,ACT,1.0	CHEMBL550872,FN,ACT,0.6399999856948853	CHEMBL1807646,FN,ACT,0.9700000286102295	CHEMBL2042451,FP,INACT,1.0	CHEMBL360237,TP,ACT,1.0	CHEMBL2316591,FN,ACT,0.8700000047683716	CHEMBL92972,TP,ACT,1.0	CHEMBL3605412,FN,ACT,0.10999999940395355	CHEMBL3805261,TP,ACT,1.0	CHEMBL2381996,TN,INACT,0.17000000178813934	CHEMBL2137785,TN,INACT,0.009999999776482582	CHEMBL197440,TN,INACT,0.07000000029802322	CHEMBL2153167,FP,INACT,1.0	CHEMBL192604,TP,ACT,1.0	CHEMBL372139,TN,INACT,0.4399999976158142	CHEMBL386506,FN,ACT,0.029999999329447746	CHEMBL202991,TP,ACT,1.0	CHEMBL209181,FN,ACT,0.6899999976158142	CHEMBL3699010,FN,ACT,0.15000000596046448	CHEMBL430225,TN,INACT,0.7400000095367432	CHEMBL1077366,FN,ACT,0.9399999976158142	CHEMBL204592,TP,ACT,1.0	CHEMBL3649371,FN,ACT,0.4099999964237213	CHEMBL3309805,TN,INACT,0.6600000262260437	CHEMBL1651359,TP,ACT,0.9900000095367432	CHEMBL78112,TP,ACT,1.0	CHEMBL1210763,TP,ACT,0.9900000095367432	CHEMBL252360,TN,INACT,0.18000000715255737	CHEMBL117905,TN,INACT,0.7900000214576721	CHEMBL222649,FN,ACT,0.8299999833106995	CHEMBL345569,FN,ACT,0.949999988079071	CHEMBL370198,TP,ACT,1.0	CHEMBL185403,TP,ACT,1.0	CHEMBL578159,FP,INACT,1.0	CHEMBL443960,TP,ACT,1.0	CHEMBL470519,TN,INACT,0.8199999928474426	CHEMBL2382118,FP,INACT,1.0	CHEMBL200744,TN,INACT,0.9100000262260437	CHEMBL323674,TP,ACT,1.0	CHEMBL121807,FN,ACT,0.3199999928474426	CHEMBL1086432,TN,INACT,0.9800000190734863	CHEMBL369080,TP,ACT,1.0	CHEMBL96284,TP,ACT,1.0	CHEMBL2312203,TN,INACT,0.23000000417232513	CHEMBL324834,FP,INACT,1.0	CHEMBL205948,TP,ACT,1.0	CHEMBL448143,TN,INACT,0.3799999952316284	CHEMBL292472,TP,ACT,1.0	CHEMBL87332,TN,INACT,0.8399999737739563	CHEMBL2382080,FP,INACT,1.0	CHEMBL126152,TP,ACT,1.0	CHEMBL383943,TN,INACT,0.7099999785423279	CHEMBL3357667,TN,INACT,0.05999999865889549	CHEMBL210315,TP,ACT,1.0	CHEMBL200557,TN,INACT,0.7300000190734863	CHEMBL479460,TP,ACT,1.0	CHEMBL332924,FP,INACT,1.0	CHEMBL1224167,FP,INACT,1.0	CHEMBL300347,TP,ACT,0.9900000095367432	CHEMBL207081,FN,ACT,0.17000000178813934	CHEMBL155123,TP,ACT,1.0	CHEMBL3314609,TN,INACT,0.9599999785423279	CHEMBL156764,TP,ACT,1.0	CHEMBL248902,TP,ACT,1.0	CHEMBL1209856,TP,ACT,1.0	CHEMBL383473,FN,ACT,0.949999988079071	CHEMBL62207,TP,ACT,1.0	CHEMBL292937,TP,ACT,1.0	CHEMBL213144,FP,INACT,1.0	CHEMBL3357666,TN,INACT,0.15000000596046448	CHEMBL1209129,TN,INACT,0.5199999809265137	CHEMBL599872,FP,INACT,1.0	CHEMBL414669,TN,INACT,0.75	CHEMBL117255,FP,INACT,0.9900000095367432	CHEMBL3237995,FP,INACT,0.9900000095367432	CHEMBL1209246,TP,ACT,1.0	CHEMBL2382115,TN,INACT,0.03999999910593033	CHEMBL115734,TP,ACT,1.0	CHEMBL1162208,FP,INACT,1.0	CHEMBL1086435,FP,INACT,1.0	CHEMBL2312215,TN,INACT,0.05000000074505806	CHEMBL200287,TN,INACT,0.23999999463558197	CHEMBL470707,TN,INACT,0.05000000074505806	CHEMBL3142936,FP,INACT,1.0	CHEMBL1603238,TN,INACT,0.9800000190734863	CHEMBL182832,FN,ACT,0.9800000190734863	CHEMBL122318,TP,ACT,1.0	CHEMBL123038,TP,ACT,1.0	CHEMBL2382055,TN,INACT,0.4000000059604645	CHEMBL62014,TP,ACT,0.9900000095367432	CHEMBL474829,FN,ACT,0.49000000953674316	CHEMBL210198,TP,ACT,1.0	CHEMBL117144,TP,ACT,1.0	CHEMBL1672430,FN,ACT,0.23000000417232513	CHEMBL189603,TP,ACT,0.9900000095367432	CHEMBL559880,FN,ACT,0.4699999988079071	CHEMBL3143410,TN,INACT,0.9399999976158142	CHEMBL208577,TP,ACT,0.9900000095367432	CHEMBL1836511,TN,INACT,0.7099999785423279	CHEMBL2382061,TN,INACT,0.8999999761581421	CHEMBL203325,FN,ACT,0.49000000953674316	CHEMBL382971,TN,INACT,0.9800000190734863	CHEMBL438442,FP,INACT,1.0	CHEMBL496657,FN,ACT,0.9599999785423279	

