ImageNetInceptionV2 CHEMBL5888 adam 0.001 5 0 0 0.6 False True
Number of active compounds :	586
Number of inactive compounds :	586
---------------------------------
Run id: ImageNetInceptionV2_CHEMBL5888_adam_0.001_5_0_0_0.6_False_True_id
Log directory: ../tflearnLogs/ImageNetInceptionV2_CHEMBL5888_adam_0.001_5_0.6/
---------------------------------
Training samples: 748
Validation samples: 234
--
Training Step: 1  | time: 48.446s
[2K
| Adam | epoch: 001 | loss: 0.00000 - acc: 0.0000 -- iter: 032/748
[A[ATraining Step: 2  | total loss: [1m[32m0.65058[0m[0m | time: 73.307s
[2K
| Adam | epoch: 001 | loss: 0.65058 - acc: 0.4219 -- iter: 064/748
[A[ATraining Step: 3  | total loss: [1m[32m0.94369[0m[0m | time: 251.258s
[2K
| Adam | epoch: 001 | loss: 0.94369 - acc: 0.5369 -- iter: 096/748
[A[ATraining Step: 4  | total loss: [1m[32m0.64337[0m[0m | time: 341.203s
[2K
| Adam | epoch: 001 | loss: 0.64337 - acc: 0.7202 -- iter: 128/748
[A[ATraining Step: 5  | total loss: [1m[32m0.45866[0m[0m | time: 456.344s
[2K
| Adam | epoch: 001 | loss: 0.45866 - acc: 0.8057 -- iter: 160/748
[A[ATraining Step: 6  | total loss: [1m[32m0.47045[0m[0m | time: 544.760s
[2K
| Adam | epoch: 001 | loss: 0.47045 - acc: 0.7900 -- iter: 192/748
[A[ATraining Step: 7  | total loss: [1m[32m0.32683[0m[0m | time: 563.126s
[2K
| Adam | epoch: 001 | loss: 0.32683 - acc: 0.8597 -- iter: 224/748
[A[ATraining Step: 8  | total loss: [1m[32m0.31520[0m[0m | time: 649.948s
[2K
| Adam | epoch: 001 | loss: 0.31520 - acc: 0.8683 -- iter: 256/748
[A[ATraining Step: 9  | total loss: [1m[32m0.67261[0m[0m | time: 689.855s
[2K
| Adam | epoch: 001 | loss: 0.67261 - acc: 0.7395 -- iter: 288/748
[A[ATraining Step: 10  | total loss: [1m[32m0.56287[0m[0m | time: 718.364s
[2K
| Adam | epoch: 001 | loss: 0.56287 - acc: 0.7760 -- iter: 320/748
[A[ATraining Step: 11  | total loss: [1m[32m0.45247[0m[0m | time: 730.788s
[2K
| Adam | epoch: 001 | loss: 0.45247 - acc: 0.8081 -- iter: 352/748
[A[ATraining Step: 12  | total loss: [1m[32m0.40516[0m[0m | time: 830.272s
[2K
| Adam | epoch: 001 | loss: 0.40516 - acc: 0.8101 -- iter: 384/748
[A[ATraining Step: 13  | total loss: [1m[32m0.37580[0m[0m | time: 886.155s
[2K
| Adam | epoch: 001 | loss: 0.37580 - acc: 0.8647 -- iter: 416/748
[A[ATraining Step: 14  | total loss: [1m[32m0.31753[0m[0m | time: 939.121s
[2K
| Adam | epoch: 001 | loss: 0.31753 - acc: 0.9073 -- iter: 448/748
[A[ATraining Step: 15  | total loss: [1m[32m0.28423[0m[0m | time: 994.059s
[2K
| Adam | epoch: 001 | loss: 0.28423 - acc: 0.9069 -- iter: 480/748
[A[ATraining Step: 16  | total loss: [1m[32m0.21605[0m[0m | time: 1018.815s
[2K
| Adam | epoch: 001 | loss: 0.21605 - acc: 0.9418 -- iter: 512/748
[A[ATraining Step: 17  | total loss: [1m[32m0.23619[0m[0m | time: 1029.045s
[2K
| Adam | epoch: 001 | loss: 0.23619 - acc: 0.9290 -- iter: 544/748
[A[ATraining Step: 18  | total loss: [1m[32m0.24985[0m[0m | time: 1046.868s
[2K
| Adam | epoch: 001 | loss: 0.24985 - acc: 0.9211 -- iter: 576/748
[A[ATraining Step: 19  | total loss: [1m[32m0.24757[0m[0m | time: 1056.068s
[2K
| Adam | epoch: 001 | loss: 0.24757 - acc: 0.9162 -- iter: 608/748
[A[ATraining Step: 20  | total loss: [1m[32m0.21672[0m[0m | time: 1065.774s
[2K
| Adam | epoch: 001 | loss: 0.21672 - acc: 0.9331 -- iter: 640/748
[A[ATraining Step: 21  | total loss: [1m[32m0.20009[0m[0m | time: 1089.888s
[2K
| Adam | epoch: 001 | loss: 0.20009 - acc: 0.9441 -- iter: 672/748
[A[ATraining Step: 22  | total loss: [1m[32m0.18893[0m[0m | time: 1099.400s
[2K
| Adam | epoch: 001 | loss: 0.18893 - acc: 0.9421 -- iter: 704/748
[A[ATraining Step: 23  | total loss: [1m[32m0.20654[0m[0m | time: 1110.428s
[2K
| Adam | epoch: 001 | loss: 0.20654 - acc: 0.9317 -- iter: 736/748
[A[ATraining Step: 24  | total loss: [1m[32m0.16488[0m[0m | time: 1131.137s
[2K
| Adam | epoch: 001 | loss: 0.16488 - acc: 0.9509 | val_loss: 2.08602 - val_acc: 0.4573 -- iter: 748/748
--
Training Step: 25  | total loss: [1m[32m0.15681[0m[0m | time: 3.583s
[2K
| Adam | epoch: 002 | loss: 0.15681 - acc: 0.9416 -- iter: 032/748
[A[ATraining Step: 26  | total loss: [1m[32m0.14009[0m[0m | time: 28.346s
[2K
| Adam | epoch: 002 | loss: 0.14009 - acc: 0.9570 -- iter: 064/748
[A[ATraining Step: 27  | total loss: [1m[32m0.13103[0m[0m | time: 36.375s
[2K
| Adam | epoch: 002 | loss: 0.13103 - acc: 0.9601 -- iter: 096/748
[A[ATraining Step: 28  | total loss: [1m[32m0.12166[0m[0m | time: 44.234s
[2K
| Adam | epoch: 002 | loss: 0.12166 - acc: 0.9544 -- iter: 128/748
[A[ATraining Step: 29  | total loss: [1m[32m0.10404[0m[0m | time: 52.095s
[2K
| Adam | epoch: 002 | loss: 0.10404 - acc: 0.9579 -- iter: 160/748
[A[ATraining Step: 30  | total loss: [1m[32m0.08480[0m[0m | time: 60.096s
[2K
| Adam | epoch: 002 | loss: 0.08480 - acc: 0.9679 -- iter: 192/748
[A[ATraining Step: 31  | total loss: [1m[32m0.13058[0m[0m | time: 68.002s
[2K
| Adam | epoch: 002 | loss: 0.13058 - acc: 0.9609 -- iter: 224/748
[A[ATraining Step: 32  | total loss: [1m[32m0.11101[0m[0m | time: 75.850s
[2K
| Adam | epoch: 002 | loss: 0.11101 - acc: 0.9697 -- iter: 256/748
[A[ATraining Step: 33  | total loss: [1m[32m0.09249[0m[0m | time: 86.080s
[2K
| Adam | epoch: 002 | loss: 0.09249 - acc: 0.9763 -- iter: 288/748
[A[ATraining Step: 34  | total loss: [1m[32m0.13611[0m[0m | time: 94.140s
[2K
| Adam | epoch: 002 | loss: 0.13611 - acc: 0.9613 -- iter: 320/748
[A[ATraining Step: 35  | total loss: [1m[32m0.13228[0m[0m | time: 101.942s
[2K
| Adam | epoch: 002 | loss: 0.13228 - acc: 0.9629 -- iter: 352/748
[A[ATraining Step: 36  | total loss: [1m[32m0.12627[0m[0m | time: 127.005s
[2K
| Adam | epoch: 002 | loss: 0.12627 - acc: 0.9641 -- iter: 384/748
[A[ATraining Step: 37  | total loss: [1m[32m0.10811[0m[0m | time: 135.074s
[2K
| Adam | epoch: 002 | loss: 0.10811 - acc: 0.9713 -- iter: 416/748
[A[ATraining Step: 38  | total loss: [1m[32m0.12895[0m[0m | time: 143.033s
[2K
| Adam | epoch: 002 | loss: 0.12895 - acc: 0.9708 -- iter: 448/748
[A[ATraining Step: 39  | total loss: [1m[32m0.10930[0m[0m | time: 151.007s
[2K
| Adam | epoch: 002 | loss: 0.10930 - acc: 0.9764 -- iter: 480/748
[A[ATraining Step: 40  | total loss: [1m[32m0.13320[0m[0m | time: 159.253s
[2K
| Adam | epoch: 002 | loss: 0.13320 - acc: 0.9632 -- iter: 512/748
[A[ATraining Step: 41  | total loss: [1m[32m0.11449[0m[0m | time: 167.233s
[2K
| Adam | epoch: 002 | loss: 0.11449 - acc: 0.9700 -- iter: 544/748
[A[ATraining Step: 42  | total loss: [1m[32m0.11298[0m[0m | time: 175.358s
[2K
| Adam | epoch: 002 | loss: 0.11298 - acc: 0.9641 -- iter: 576/748
[A[ATraining Step: 43  | total loss: [1m[32m0.10954[0m[0m | time: 183.340s
[2K
| Adam | epoch: 002 | loss: 0.10954 - acc: 0.9649 -- iter: 608/748
[A[ATraining Step: 44  | total loss: [1m[32m0.10795[0m[0m | time: 191.345s
[2K
| Adam | epoch: 002 | loss: 0.10795 - acc: 0.9656 -- iter: 640/748
[A[ATraining Step: 45  | total loss: [1m[32m0.09995[0m[0m | time: 199.195s
[2K
| Adam | epoch: 002 | loss: 0.09995 - acc: 0.9661 -- iter: 672/748
[A[ATraining Step: 46  | total loss: [1m[32m0.13581[0m[0m | time: 207.191s
[2K
| Adam | epoch: 002 | loss: 0.13581 - acc: 0.9457 -- iter: 704/748
[A[ATraining Step: 47  | total loss: [1m[32m0.11516[0m[0m | time: 215.209s
[2K
| Adam | epoch: 002 | loss: 0.11516 - acc: 0.9546 -- iter: 736/748
[A[ATraining Step: 48  | total loss: [1m[32m0.10725[0m[0m | time: 233.917s
[2K
| Adam | epoch: 002 | loss: 0.10725 - acc: 0.9619 | val_loss: 0.12745 - val_acc: 0.9530 -- iter: 748/748
--
Training Step: 49  | total loss: [1m[32m0.09509[0m[0m | time: 3.614s
[2K
| Adam | epoch: 003 | loss: 0.09509 - acc: 0.9679 -- iter: 032/748
[A[ATraining Step: 50  | total loss: [1m[32m0.21319[0m[0m | time: 7.184s
[2K
| Adam | epoch: 003 | loss: 0.21319 - acc: 0.9470 -- iter: 064/748
[A[ATraining Step: 51  | total loss: [1m[32m0.18426[0m[0m | time: 15.195s
[2K
| Adam | epoch: 003 | loss: 0.18426 - acc: 0.9551 -- iter: 096/748
[A[ATraining Step: 52  | total loss: [1m[32m0.17658[0m[0m | time: 23.195s
[2K
| Adam | epoch: 003 | loss: 0.17658 - acc: 0.9525 -- iter: 128/748
[A[ATraining Step: 53  | total loss: [1m[32m0.21971[0m[0m | time: 30.971s
[2K
| Adam | epoch: 003 | loss: 0.21971 - acc: 0.9364 -- iter: 160/748
[A[ATraining Step: 54  | total loss: [1m[32m0.21963[0m[0m | time: 40.773s
[2K
| Adam | epoch: 003 | loss: 0.21963 - acc: 0.9366 -- iter: 192/748
[A[ATraining Step: 55  | total loss: [1m[32m0.19644[0m[0m | time: 48.824s
[2K
| Adam | epoch: 003 | loss: 0.19644 - acc: 0.9456 -- iter: 224/748
[A[ATraining Step: 56  | total loss: [1m[32m0.19430[0m[0m | time: 56.647s
[2K
| Adam | epoch: 003 | loss: 0.19430 - acc: 0.9445 -- iter: 256/748
[A[ATraining Step: 57  | total loss: [1m[32m0.17589[0m[0m | time: 64.601s
[2K
| Adam | epoch: 003 | loss: 0.17589 - acc: 0.9479 -- iter: 288/748
[A[ATraining Step: 58  | total loss: [1m[32m0.19498[0m[0m | time: 72.506s
[2K
| Adam | epoch: 003 | loss: 0.19498 - acc: 0.9379 -- iter: 320/748
[A[ATraining Step: 59  | total loss: [1m[32m0.17195[0m[0m | time: 80.504s
[2K
| Adam | epoch: 003 | loss: 0.17195 - acc: 0.9463 -- iter: 352/748
[A[ATraining Step: 60  | total loss: [1m[32m0.18247[0m[0m | time: 88.599s
[2K
| Adam | epoch: 003 | loss: 0.18247 - acc: 0.9492 -- iter: 384/748
[A[ATraining Step: 61  | total loss: [1m[32m0.27291[0m[0m | time: 96.679s
[2K
| Adam | epoch: 003 | loss: 0.27291 - acc: 0.9273 -- iter: 416/748
[A[ATraining Step: 62  | total loss: [1m[32m0.24631[0m[0m | time: 104.664s
[2K
| Adam | epoch: 003 | loss: 0.24631 - acc: 0.9327 -- iter: 448/748
[A[ATraining Step: 63  | total loss: [1m[32m0.22263[0m[0m | time: 112.533s
[2K
| Adam | epoch: 003 | loss: 0.22263 - acc: 0.9412 -- iter: 480/748
[A[ATraining Step: 64  | total loss: [1m[32m0.20878[0m[0m | time: 120.348s
[2K
| Adam | epoch: 003 | loss: 0.20878 - acc: 0.9446 -- iter: 512/748
[A[ATraining Step: 65  | total loss: [1m[32m0.19777[0m[0m | time: 128.404s
[2K
| Adam | epoch: 003 | loss: 0.19777 - acc: 0.9476 -- iter: 544/748
[A[ATraining Step: 66  | total loss: [1m[32m0.17876[0m[0m | time: 136.407s
[2K
| Adam | epoch: 003 | loss: 0.17876 - acc: 0.9540 -- iter: 576/748
[A[ATraining Step: 67  | total loss: [1m[32m0.17774[0m[0m | time: 144.291s
[2K
| Adam | epoch: 003 | loss: 0.17774 - acc: 0.9520 -- iter: 608/748
[A[ATraining Step: 68  | total loss: [1m[32m0.18127[0m[0m | time: 152.248s
[2K
| Adam | epoch: 003 | loss: 0.18127 - acc: 0.9503 -- iter: 640/748
[A[ATraining Step: 69  | total loss: [1m[32m0.17401[0m[0m | time: 160.541s
[2K
| Adam | epoch: 003 | loss: 0.17401 - acc: 0.9488 -- iter: 672/748
[A[ATraining Step: 70  | total loss: [1m[32m0.17677[0m[0m | time: 168.583s
[2K
| Adam | epoch: 003 | loss: 0.17677 - acc: 0.9439 -- iter: 704/748
[A[ATraining Step: 71  | total loss: [1m[32m0.16291[0m[0m | time: 176.457s
[2K
| Adam | epoch: 003 | loss: 0.16291 - acc: 0.9467 -- iter: 736/748
[A[ATraining Step: 72  | total loss: [1m[32m0.14808[0m[0m | time: 194.875s
[2K
| Adam | epoch: 003 | loss: 0.14808 - acc: 0.9527 | val_loss: 0.59603 - val_acc: 0.7778 -- iter: 748/748
--
Training Step: 73  | total loss: [1m[32m0.14180[0m[0m | time: 7.938s
[2K
| Adam | epoch: 004 | loss: 0.14180 - acc: 0.9545 -- iter: 032/748
[A[ATraining Step: 74  | total loss: [1m[32m0.12813[0m[0m | time: 11.512s
[2K
| Adam | epoch: 004 | loss: 0.12813 - acc: 0.9595 -- iter: 064/748
[A[ATraining Step: 75  | total loss: [1m[32m0.11544[0m[0m | time: 15.095s
[2K
| Adam | epoch: 004 | loss: 0.11544 - acc: 0.9639 -- iter: 096/748
[A[ATraining Step: 76  | total loss: [1m[32m0.10407[0m[0m | time: 23.023s
[2K
| Adam | epoch: 004 | loss: 0.10407 - acc: 0.9677 -- iter: 128/748
[A[ATraining Step: 77  | total loss: [1m[32m0.10522[0m[0m | time: 31.030s
[2K
| Adam | epoch: 004 | loss: 0.10522 - acc: 0.9679 -- iter: 160/748
[A[ATraining Step: 78  | total loss: [1m[32m0.09732[0m[0m | time: 39.078s
[2K
| Adam | epoch: 004 | loss: 0.09732 - acc: 0.9712 -- iter: 192/748
[A[ATraining Step: 79  | total loss: [1m[32m0.09070[0m[0m | time: 46.872s
[2K
| Adam | epoch: 004 | loss: 0.09070 - acc: 0.9742 -- iter: 224/748
[A[ATraining Step: 80  | total loss: [1m[32m0.09057[0m[0m | time: 55.064s
[2K
| Adam | epoch: 004 | loss: 0.09057 - acc: 0.9736 -- iter: 256/748
[A[ATraining Step: 81  | total loss: [1m[32m0.09320[0m[0m | time: 63.021s
[2K
| Adam | epoch: 004 | loss: 0.09320 - acc: 0.9700 -- iter: 288/748
[A[ATraining Step: 82  | total loss: [1m[32m0.09472[0m[0m | time: 70.895s
[2K
| Adam | epoch: 004 | loss: 0.09472 - acc: 0.9699 -- iter: 320/748
[A[ATraining Step: 83  | total loss: [1m[32m0.09492[0m[0m | time: 79.016s
[2K
| Adam | epoch: 004 | loss: 0.09492 - acc: 0.9698 -- iter: 352/748
[A[ATraining Step: 84  | total loss: [1m[32m0.10467[0m[0m | time: 86.995s
[2K
| Adam | epoch: 004 | loss: 0.10467 - acc: 0.9665 -- iter: 384/748
[A[ATraining Step: 85  | total loss: [1m[32m0.09585[0m[0m | time: 94.922s
[2K
| Adam | epoch: 004 | loss: 0.09585 - acc: 0.9699 -- iter: 416/748
[A[ATraining Step: 86  | total loss: [1m[32m0.10574[0m[0m | time: 102.793s
[2K
| Adam | epoch: 004 | loss: 0.10574 - acc: 0.9635 -- iter: 448/748
[A[ATraining Step: 87  | total loss: [1m[32m0.11565[0m[0m | time: 110.786s
[2K
| Adam | epoch: 004 | loss: 0.11565 - acc: 0.9578 -- iter: 480/748
[A[ATraining Step: 88  | total loss: [1m[32m0.10931[0m[0m | time: 118.910s
[2K
| Adam | epoch: 004 | loss: 0.10931 - acc: 0.9620 -- iter: 512/748
[A[ATraining Step: 89  | total loss: [1m[32m0.11517[0m[0m | time: 126.915s
[2K
| Adam | epoch: 004 | loss: 0.11517 - acc: 0.9596 -- iter: 544/748
[A[ATraining Step: 90  | total loss: [1m[32m0.10864[0m[0m | time: 134.977s
[2K
| Adam | epoch: 004 | loss: 0.10864 - acc: 0.9605 -- iter: 576/748
[A[ATraining Step: 91  | total loss: [1m[32m0.10163[0m[0m | time: 143.734s
[2K
| Adam | epoch: 004 | loss: 0.10163 - acc: 0.9613 -- iter: 608/748
[A[ATraining Step: 92  | total loss: [1m[32m0.09760[0m[0m | time: 151.679s
[2K
| Adam | epoch: 004 | loss: 0.09760 - acc: 0.9652 -- iter: 640/748
[A[ATraining Step: 93  | total loss: [1m[32m0.15895[0m[0m | time: 159.498s
[2K
| Adam | epoch: 004 | loss: 0.15895 - acc: 0.9562 -- iter: 672/748
[A[ATraining Step: 94  | total loss: [1m[32m0.14570[0m[0m | time: 167.540s
[2K
| Adam | epoch: 004 | loss: 0.14570 - acc: 0.9605 -- iter: 704/748
[A[ATraining Step: 95  | total loss: [1m[32m0.13560[0m[0m | time: 179.923s
[2K
| Adam | epoch: 004 | loss: 0.13560 - acc: 0.9614 -- iter: 736/748
[A[ATraining Step: 96  | total loss: [1m[32m0.12380[0m[0m | time: 198.647s
[2K
| Adam | epoch: 004 | loss: 0.12380 - acc: 0.9652 | val_loss: 0.19959 - val_acc: 0.9402 -- iter: 748/748
--
Training Step: 97  | total loss: [1m[32m0.11680[0m[0m | time: 8.155s
[2K
| Adam | epoch: 005 | loss: 0.11680 - acc: 0.9687 -- iter: 032/748
[A[ATraining Step: 98  | total loss: [1m[32m0.10691[0m[0m | time: 16.107s
[2K
| Adam | epoch: 005 | loss: 0.10691 - acc: 0.9718 -- iter: 064/748
[A[ATraining Step: 99  | total loss: [1m[32m0.10520[0m[0m | time: 19.731s
[2K
| Adam | epoch: 005 | loss: 0.10520 - acc: 0.9715 -- iter: 096/748
[A[ATraining Step: 100  | total loss: [1m[32m0.17560[0m[0m | time: 23.227s
[2K
| Adam | epoch: 005 | loss: 0.17560 - acc: 0.9494 -- iter: 128/748
[A[ATraining Step: 101  | total loss: [1m[32m0.17429[0m[0m | time: 31.220s
[2K
| Adam | epoch: 005 | loss: 0.17429 - acc: 0.9461 -- iter: 160/748
[A[ATraining Step: 102  | total loss: [1m[32m0.18026[0m[0m | time: 39.045s
[2K
| Adam | epoch: 005 | loss: 0.18026 - acc: 0.9421 -- iter: 192/748
[A[ATraining Step: 103  | total loss: [1m[32m0.17077[0m[0m | time: 46.800s
[2K
| Adam | epoch: 005 | loss: 0.17077 - acc: 0.9448 -- iter: 224/748
[A[ATraining Step: 104  | total loss: [1m[32m0.16124[0m[0m | time: 54.720s
[2K
| Adam | epoch: 005 | loss: 0.16124 - acc: 0.9441 -- iter: 256/748
[A[ATraining Step: 105  | total loss: [1m[32m0.18422[0m[0m | time: 62.701s
[2K
| Adam | epoch: 005 | loss: 0.18422 - acc: 0.9309 -- iter: 288/748
[A[ATraining Step: 106  | total loss: [1m[32m0.19432[0m[0m | time: 70.412s
[2K
| Adam | epoch: 005 | loss: 0.19432 - acc: 0.9284 -- iter: 320/748
[A[ATraining Step: 107  | total loss: [1m[32m0.18181[0m[0m | time: 78.389s
[2K
| Adam | epoch: 005 | loss: 0.18181 - acc: 0.9325 -- iter: 352/748
[A[ATraining Step: 108  | total loss: [1m[32m0.16549[0m[0m | time: 86.312s
[2K
| Adam | epoch: 005 | loss: 0.16549 - acc: 0.9392 -- iter: 384/748
[A[ATraining Step: 109  | total loss: [1m[32m0.15082[0m[0m | time: 99.865s
[2K
| Adam | epoch: 005 | loss: 0.15082 - acc: 0.9453 -- iter: 416/748
[A[ATraining Step: 110  | total loss: [1m[32m0.13758[0m[0m | time: 108.585s
[2K
| Adam | epoch: 005 | loss: 0.13758 - acc: 0.9508 -- iter: 448/748
[A[ATraining Step: 111  | total loss: [1m[32m0.12692[0m[0m | time: 117.562s
[2K
| Adam | epoch: 005 | loss: 0.12692 - acc: 0.9557 -- iter: 480/748
[A[ATraining Step: 112  | total loss: [1m[32m0.11745[0m[0m | time: 126.184s
[2K
| Adam | epoch: 005 | loss: 0.11745 - acc: 0.9601 -- iter: 512/748
[A[ATraining Step: 113  | total loss: [1m[32m0.13294[0m[0m | time: 135.168s
[2K
| Adam | epoch: 005 | loss: 0.13294 - acc: 0.9579 -- iter: 544/748
[A[ATraining Step: 114  | total loss: [1m[32m0.12551[0m[0m | time: 144.107s
[2K
| Adam | epoch: 005 | loss: 0.12551 - acc: 0.9589 -- iter: 576/748
[A[ATraining Step: 115  | total loss: [1m[32m0.14204[0m[0m | time: 160.664s
[2K
| Adam | epoch: 005 | loss: 0.14204 - acc: 0.9537 -- iter: 608/748
[A[ATraining Step: 116  | total loss: [1m[32m0.13638[0m[0m | time: 172.283s
[2K
| Adam | epoch: 005 | loss: 0.13638 - acc: 0.9521 -- iter: 640/748
[A[ATraining Step: 117  | total loss: [1m[32m0.14728[0m[0m | time: 186.367s
[2K
| Adam | epoch: 005 | loss: 0.14728 - acc: 0.9475 -- iter: 672/748
[A[ATraining Step: 118  | total loss: [1m[32m0.16074[0m[0m | time: 215.552s
[2K
| Adam | epoch: 005 | loss: 0.16074 - acc: 0.9434 -- iter: 704/748
[A[ATraining Step: 119  | total loss: [1m[32m0.15463[0m[0m | time: 226.379s
[2K
| Adam | epoch: 005 | loss: 0.15463 - acc: 0.9490 -- iter: 736/748
[A[ATraining Step: 120  | total loss: [1m[32m0.15135[0m[0m | time: 265.966s
[2K
| Adam | epoch: 005 | loss: 0.15135 - acc: 0.9510 | val_loss: 0.18714 - val_acc: 0.9359 -- iter: 748/748
--
Validation AUC:0.9901390830819046
Validation AUPRC:0.994552729361368
Test AUC:0.998605504587156
Test AUPRC:0.9985084196543208
BestTestF1Score	0.98	0.97	0.98	0.98	0.98	107	2	123	2	0.88
BestTestMCCScore	0.98	0.97	0.98	1.0	0.96	105	0	125	4	0.99
BestTestAccuracyScore	0.98	0.97	0.98	1.0	0.96	105	0	125	4	0.99
BestValidationF1Score	0.98	0.95	0.97	0.98	0.98	124	3	104	3	0.88
BestValidationMCC	0.98	0.95	0.97	0.99	0.96	122	1	106	5	0.99
BestValidationAccuracy	0.98	0.95	0.97	0.99	0.96	122	1	106	5	0.99
TestPredictions (Threshold:0.99)
CHEMBL2420584,TN,INACT,0.44999998807907104	CHEMBL1910754,TN,INACT,0.07000000029802322	CHEMBL3692433,TP,ACT,1.0	CHEMBL3659987,TN,INACT,0.029999999329447746	CHEMBL3616869,TN,INACT,0.2199999988079071	CHEMBL183024,TN,INACT,0.8700000047683716	CHEMBL238617,TN,INACT,0.09000000357627869	CHEMBL317281,TN,INACT,0.11999999731779099	CHEMBL1877245,TN,INACT,0.28999999165534973	CHEMBL3696547,TP,ACT,1.0	CHEMBL590877,TN,INACT,0.09000000357627869	CHEMBL3692471,TP,ACT,1.0	CHEMBL3696574,TP,ACT,1.0	CHEMBL3700281,TP,ACT,1.0	CHEMBL3696524,TP,ACT,1.0	CHEMBL3661091,TN,INACT,0.10000000149011612	CHEMBL3700327,TP,ACT,1.0	CHEMBL3700235,TP,ACT,1.0	CHEMBL419069,TN,INACT,0.07999999821186066	CHEMBL3700167,TP,ACT,1.0	CHEMBL558925,TN,INACT,0.2800000011920929	CHEMBL101682,TN,INACT,0.11999999731779099	CHEMBL3696645,TP,ACT,0.9900000095367432	CHEMBL3696666,TP,ACT,1.0	CHEMBL3692550,TP,ACT,1.0	CHEMBL2163612,TN,INACT,0.03999999910593033	CHEMBL208331,TN,INACT,0.3799999952316284	CHEMBL1171125,TN,INACT,0.05999999865889549	CHEMBL2334971,TN,INACT,0.23000000417232513	CHEMBL3696555,TP,ACT,1.0	CHEMBL3692377,TP,ACT,1.0	CHEMBL3696620,TP,ACT,1.0	CHEMBL3696706,TP,ACT,1.0	CHEMBL3692517,TP,ACT,1.0	CHEMBL323015,TN,INACT,0.009999999776482582	CHEMBL3696619,TP,ACT,1.0	CHEMBL100811,TN,INACT,0.12999999523162842	CHEMBL3700225,TP,ACT,1.0	CHEMBL359592,TN,INACT,0.20999999344348907	CHEMBL1615182,TN,INACT,0.1899999976158142	CHEMBL592141,TN,INACT,0.07000000029802322	CHEMBL3692425,TP,ACT,1.0	CHEMBL2086728,TN,INACT,0.14000000059604645	CHEMBL3696731,TP,ACT,1.0	CHEMBL598911,TN,INACT,0.20999999344348907	CHEMBL3696707,TP,ACT,1.0	CHEMBL525921,TN,INACT,0.019999999552965164	CHEMBL3700255,TP,ACT,1.0	CHEMBL3692534,TP,ACT,1.0	CHEMBL3696634,TP,ACT,1.0	CHEMBL3692436,TP,ACT,1.0	CHEMBL490251,TN,INACT,0.07000000029802322	CHEMBL245949,TN,INACT,0.11999999731779099	CHEMBL3393897,TN,INACT,0.18000000715255737	CHEMBL3696558,TP,ACT,1.0	CHEMBL3696617,TP,ACT,1.0	CHEMBL113985,TN,INACT,0.029999999329447746	CHEMBL3700286,TP,ACT,1.0	CHEMBL316887,TN,INACT,0.10000000149011612	CHEMBL1929557,TN,INACT,0.36000001430511475	CHEMBL425615,TN,INACT,0.03999999910593033	CHEMBL3692438,TP,ACT,1.0	CHEMBL3696713,TP,ACT,1.0	CHEMBL1958316,TN,INACT,0.12999999523162842	CHEMBL3700309,TP,ACT,1.0	CHEMBL488811,TN,INACT,0.17000000178813934	CHEMBL3692507,FN,ACT,0.7799999713897705	CHEMBL499067,TN,INACT,0.019999999552965164	CHEMBL3692484,TP,ACT,1.0	CHEMBL3696708,TP,ACT,1.0	CHEMBL3696571,TP,ACT,1.0	CHEMBL1652453,TN,INACT,0.10000000149011612	CHEMBL3692526,TP,ACT,1.0	CHEMBL1079428,TN,INACT,0.10000000149011612	CHEMBL3700266,TP,ACT,1.0	CHEMBL3692477,TP,ACT,1.0	CHEMBL1270331,TN,INACT,0.03999999910593033	CHEMBL589413,TN,INACT,0.029999999329447746	CHEMBL3692397,TP,ACT,1.0	CHEMBL1684366,TN,INACT,0.11999999731779099	CHEMBL1956885,TN,INACT,0.019999999552965164	CHEMBL227924,TN,INACT,0.03999999910593033	CHEMBL3700250,TP,ACT,1.0	CHEMBL3692544,TP,ACT,1.0	CHEMBL197077,TN,INACT,0.05999999865889549	CHEMBL592224,TN,INACT,0.10000000149011612	CHEMBL1910602,TN,INACT,0.7599999904632568	CHEMBL3692380,TP,ACT,1.0	CHEMBL3700193,TP,ACT,1.0	CHEMBL261143,TN,INACT,0.3400000035762787	CHEMBL1806525,TN,INACT,0.6499999761581421	CHEMBL3692406,TP,ACT,1.0	CHEMBL2372109,TN,INACT,0.029999999329447746	CHEMBL1097743,TN,INACT,0.11999999731779099	CHEMBL3700175,TP,ACT,1.0	CHEMBL3696646,TP,ACT,0.9900000095367432	CHEMBL2029518,TN,INACT,0.029999999329447746	CHEMBL3692373,TP,ACT,1.0	CHEMBL3700275,TP,ACT,1.0	CHEMBL3700329,TP,ACT,1.0	CHEMBL558859,TN,INACT,0.1899999976158142	CHEMBL550856,TN,INACT,0.10999999940395355	CHEMBL2312649,TN,INACT,0.09000000357627869	CHEMBL150581,TN,INACT,0.009999999776482582	CHEMBL3696595,FN,ACT,0.9700000286102295	CHEMBL3696694,TP,ACT,1.0	CHEMBL3692515,TP,ACT,1.0	CHEMBL3696730,TP,ACT,1.0	CHEMBL1684370,TN,INACT,0.07999999821186066	CHEMBL551318,TN,INACT,0.03999999910593033	CHEMBL1910758,TN,INACT,0.019999999552965164	CHEMBL71884,TN,INACT,0.019999999552965164	CHEMBL3696570,TP,ACT,1.0	CHEMBL509435,TN,INACT,0.029999999329447746	CHEMBL591050,TN,INACT,0.11999999731779099	CHEMBL3696691,TP,ACT,1.0	CHEMBL3692532,TP,ACT,1.0	CHEMBL170024,TN,INACT,0.9300000071525574	CHEMBL1241863,TN,INACT,0.05999999865889549	CHEMBL271138,TN,INACT,0.03999999910593033	CHEMBL128000,TN,INACT,0.03999999910593033	CHEMBL3692409,TP,ACT,1.0	CHEMBL460472,TN,INACT,0.019999999552965164	CHEMBL388596,TN,INACT,0.07000000029802322	CHEMBL3680394,TN,INACT,0.1899999976158142	CHEMBL3696540,TP,ACT,1.0	CHEMBL3700271,TP,ACT,1.0	CHEMBL524322,TN,INACT,0.10999999940395355	CHEMBL502803,TN,INACT,0.10999999940395355	CHEMBL3692398,TP,ACT,1.0	CHEMBL2011302,TN,INACT,0.25999999046325684	CHEMBL3700295,TP,ACT,1.0	CHEMBL589847,TN,INACT,0.07999999821186066	CHEMBL3696554,TP,ACT,1.0	CHEMBL3696589,TP,ACT,1.0	CHEMBL3696627,TP,ACT,1.0	CHEMBL3545110,TN,INACT,0.07000000029802322	CHEMBL390066,TN,INACT,0.05999999865889549	CHEMBL3700285,TP,ACT,1.0	CHEMBL2163608,TN,INACT,0.2800000011920929	CHEMBL1829273,TN,INACT,0.07999999821186066	CHEMBL3700293,TP,ACT,1.0	CHEMBL1241483,TN,INACT,0.05000000074505806	CHEMBL526925,TN,INACT,0.7799999713897705	CHEMBL3696606,TP,ACT,1.0	CHEMBL3680497,TN,INACT,0.6899999976158142	CHEMBL3692501,TP,ACT,1.0	CHEMBL3696720,TP,ACT,1.0	CHEMBL3696528,TP,ACT,1.0	CHEMBL1956897,TN,INACT,0.019999999552965164	CHEMBL3696661,TP,ACT,1.0	CHEMBL3700249,TP,ACT,1.0	CHEMBL3696529,TP,ACT,1.0	CHEMBL1929238,TN,INACT,0.019999999552965164	CHEMBL3696639,TP,ACT,1.0	CHEMBL1242380,TN,INACT,0.3799999952316284	CHEMBL3692395,TP,ACT,1.0	CHEMBL3692399,TP,ACT,1.0	CHEMBL1684373,TN,INACT,0.07000000029802322	CHEMBL3696591,TP,ACT,1.0	CHEMBL1242112,TN,INACT,0.05000000074505806	CHEMBL3692511,TP,ACT,1.0	CHEMBL199865,TN,INACT,0.6299999952316284	CHEMBL3692366,TP,ACT,1.0	CHEMBL402355,TN,INACT,0.2800000011920929	CHEMBL497290,TN,INACT,0.019999999552965164	CHEMBL3217993,TN,INACT,0.029999999329447746	CHEMBL200586,TN,INACT,0.05999999865889549	CHEMBL2086746,TN,INACT,0.03999999910593033	CHEMBL3696673,TP,ACT,1.0	CHEMBL3696530,TP,ACT,1.0	CHEMBL3700237,TP,ACT,1.0	CHEMBL3692390,TP,ACT,1.0	CHEMBL53898,TN,INACT,0.07000000029802322	CHEMBL3696733,TP,ACT,1.0	CHEMBL1242118,TN,INACT,0.03999999910593033	CHEMBL3672511,TN,INACT,0.20000000298023224	CHEMBL3325480,TN,INACT,0.029999999329447746	CHEMBL3623850,TN,INACT,0.07999999821186066	CHEMBL3700243,FN,ACT,0.9300000071525574	CHEMBL2375549,TN,INACT,0.07000000029802322	CHEMBL259381,TN,INACT,0.12999999523162842	CHEMBL2334580,FN,ACT,0.5899999737739563	CHEMBL476189,TN,INACT,0.019999999552965164	CHEMBL56731,TN,INACT,0.2800000011920929	CHEMBL3692524,TP,ACT,1.0	CHEMBL1084863,TN,INACT,0.25999999046325684	CHEMBL3700253,TP,ACT,1.0	CHEMBL2334963,TP,ACT,0.9900000095367432	CHEMBL2177668,TN,INACT,0.05999999865889549	CHEMBL3700210,TP,ACT,1.0	CHEMBL3692481,TP,ACT,1.0	CHEMBL3692404,TP,ACT,1.0	CHEMBL113690,TN,INACT,0.11999999731779099	CHEMBL3696676,TP,ACT,1.0	CHEMBL3692463,TP,ACT,1.0	CHEMBL3639954,TP,ACT,1.0	CHEMBL3692470,TP,ACT,1.0	CHEMBL541643,TN,INACT,0.03999999910593033	CHEMBL430845,TN,INACT,0.009999999776482582	CHEMBL315546,TN,INACT,0.07999999821186066	CHEMBL3700239,TP,ACT,1.0	CHEMBL3104852,TN,INACT,0.6700000166893005	CHEMBL3692426,TP,ACT,1.0	CHEMBL1828880,TN,INACT,0.18000000715255737	CHEMBL592240,TN,INACT,0.029999999329447746	CHEMBL1242659,TN,INACT,0.05999999865889549	CHEMBL3700261,TP,ACT,1.0	CHEMBL3696596,TP,ACT,1.0	CHEMBL1891423,TN,INACT,0.12999999523162842	CHEMBL3658032,TN,INACT,0.019999999552965164	CHEMBL1082940,TN,INACT,0.36000001430511475	CHEMBL1172947,TN,INACT,0.05999999865889549	CHEMBL1956896,TN,INACT,0.8600000143051147	CHEMBL3700234,TP,ACT,1.0	CHEMBL3692493,TP,ACT,1.0	CHEMBL3696653,TP,ACT,1.0	CHEMBL1734241,TN,INACT,0.03999999910593033	CHEMBL602645,TN,INACT,0.11999999731779099	CHEMBL1091199,TN,INACT,0.07999999821186066	CHEMBL3692548,TP,ACT,1.0	CHEMBL499864,TN,INACT,0.7200000286102295	CHEMBL589119,TN,INACT,0.11999999731779099	CHEMBL3421974,TN,INACT,0.07999999821186066	CHEMBL2334589,TP,ACT,1.0	CHEMBL2163616,TN,INACT,0.1599999964237213	CHEMBL2348180,TN,INACT,0.7599999904632568	CHEMBL3692485,TP,ACT,1.0	CHEMBL230761,TN,INACT,0.9800000190734863	CHEMBL3353355,TN,INACT,0.029999999329447746	CHEMBL3696725,TP,ACT,1.0	CHEMBL346200,TN,INACT,0.019999999552965164	CHEMBL599552,TN,INACT,0.15000000596046448	CHEMBL3696722,TP,ACT,1.0	

