ImageNetInceptionV2 CHEMBL3582 adam 0.0005 5 0 0 0.6 False True
Number of active compounds :	315
Number of inactive compounds :	315
---------------------------------
Run id: ImageNetInceptionV2_CHEMBL3582_adam_0.0005_5_0_0_0.6_False_True_id
Log directory: ../tflearnLogs/ImageNetInceptionV2_CHEMBL3582_adam_0.0005_5_0.6/
---------------------------------
Training samples: 387
Validation samples: 122
--
Training Step: 1  | time: 48.767s
[2K
| Adam | epoch: 001 | loss: 0.00000 - acc: 0.0000 -- iter: 032/387
[A[ATraining Step: 2  | total loss: [1m[32m0.64764[0m[0m | time: 63.068s
[2K
| Adam | epoch: 001 | loss: 0.64764 - acc: 0.4500 -- iter: 064/387
[A[ATraining Step: 3  | total loss: [1m[32m0.78057[0m[0m | time: 78.105s
[2K
| Adam | epoch: 001 | loss: 0.78057 - acc: 0.4909 -- iter: 096/387
[A[ATraining Step: 4  | total loss: [1m[32m0.62271[0m[0m | time: 92.774s
[2K
| Adam | epoch: 001 | loss: 0.62271 - acc: 0.6852 -- iter: 128/387
[A[ATraining Step: 5  | total loss: [1m[32m0.66881[0m[0m | time: 107.130s
[2K
| Adam | epoch: 001 | loss: 0.66881 - acc: 0.6219 -- iter: 160/387
[A[ATraining Step: 6  | total loss: [1m[32m0.59334[0m[0m | time: 119.501s
[2K
| Adam | epoch: 001 | loss: 0.59334 - acc: 0.7042 -- iter: 192/387
[A[ATraining Step: 7  | total loss: [1m[32m0.57800[0m[0m | time: 130.470s
[2K
| Adam | epoch: 001 | loss: 0.57800 - acc: 0.6754 -- iter: 224/387
[A[ATraining Step: 8  | total loss: [1m[32m0.57788[0m[0m | time: 139.341s
[2K
| Adam | epoch: 001 | loss: 0.57788 - acc: 0.6646 -- iter: 256/387
[A[ATraining Step: 9  | total loss: [1m[32m0.55530[0m[0m | time: 148.125s
[2K
| Adam | epoch: 001 | loss: 0.55530 - acc: 0.6767 -- iter: 288/387
[A[ATraining Step: 10  | total loss: [1m[32m0.50163[0m[0m | time: 159.738s
[2K
| Adam | epoch: 001 | loss: 0.50163 - acc: 0.7602 -- iter: 320/387
[A[ATraining Step: 11  | total loss: [1m[32m0.41345[0m[0m | time: 174.453s
[2K
| Adam | epoch: 001 | loss: 0.41345 - acc: 0.7998 -- iter: 352/387
[A[ATraining Step: 12  | total loss: [1m[32m0.38064[0m[0m | time: 189.166s
[2K
| Adam | epoch: 001 | loss: 0.38064 - acc: 0.8336 -- iter: 384/387
[A[ATraining Step: 13  | total loss: [1m[32m0.32817[0m[0m | time: 214.643s
[2K
| Adam | epoch: 001 | loss: 0.32817 - acc: 0.8648 | val_loss: 2.09438 - val_acc: 0.4754 -- iter: 387/387
--
Training Step: 14  | total loss: [1m[32m0.23009[0m[0m | time: 1.862s
[2K
| Adam | epoch: 002 | loss: 0.23009 - acc: 0.9201 -- iter: 032/387
[A[ATraining Step: 15  | total loss: [1m[32m0.16138[0m[0m | time: 11.562s
[2K
| Adam | epoch: 002 | loss: 0.16138 - acc: 0.9514 -- iter: 064/387
[A[ATraining Step: 16  | total loss: [1m[32m0.28148[0m[0m | time: 35.385s
[2K
| Adam | epoch: 002 | loss: 0.28148 - acc: 0.8758 -- iter: 096/387
[A[ATraining Step: 17  | total loss: [1m[32m0.41464[0m[0m | time: 77.781s
[2K
| Adam | epoch: 002 | loss: 0.41464 - acc: 0.8530 -- iter: 128/387
[A[ATraining Step: 18  | total loss: [1m[32m0.47204[0m[0m | time: 115.903s
[2K
| Adam | epoch: 002 | loss: 0.47204 - acc: 0.8066 -- iter: 160/387
[A[ATraining Step: 19  | total loss: [1m[32m0.61124[0m[0m | time: 145.958s
[2K
| Adam | epoch: 002 | loss: 0.61124 - acc: 0.8294 -- iter: 192/387
[A[ATraining Step: 20  | total loss: [1m[32m0.55905[0m[0m | time: 171.886s
[2K
| Adam | epoch: 002 | loss: 0.55905 - acc: 0.8239 -- iter: 224/387
[A[ATraining Step: 21  | total loss: [1m[32m0.46735[0m[0m | time: 187.572s
[2K
| Adam | epoch: 002 | loss: 0.46735 - acc: 0.8495 -- iter: 256/387
[A[ATraining Step: 22  | total loss: [1m[32m0.51336[0m[0m | time: 197.132s
[2K
| Adam | epoch: 002 | loss: 0.51336 - acc: 0.8196 -- iter: 288/387
[A[ATraining Step: 23  | total loss: [1m[32m0.48327[0m[0m | time: 205.548s
[2K
| Adam | epoch: 002 | loss: 0.48327 - acc: 0.8266 -- iter: 320/387
[A[ATraining Step: 24  | total loss: [1m[32m0.41730[0m[0m | time: 214.026s
[2K
| Adam | epoch: 002 | loss: 0.41730 - acc: 0.8578 -- iter: 352/387
[A[ATraining Step: 25  | total loss: [1m[32m0.34813[0m[0m | time: 223.121s
[2K
| Adam | epoch: 002 | loss: 0.34813 - acc: 0.8796 -- iter: 384/387
[A[ATraining Step: 26  | total loss: [1m[32m0.30091[0m[0m | time: 253.131s
[2K
| Adam | epoch: 002 | loss: 0.30091 - acc: 0.9032 | val_loss: 2.01110 - val_acc: 0.5246 -- iter: 387/387
--
Training Step: 27  | total loss: [1m[32m0.26330[0m[0m | time: 1.775s
[2K
| Adam | epoch: 003 | loss: 0.26330 - acc: 0.9120 -- iter: 032/387
[A[ATraining Step: 28  | total loss: [1m[32m0.30687[0m[0m | time: 3.332s
[2K
| Adam | epoch: 003 | loss: 0.30687 - acc: 0.8507 -- iter: 064/387
[A[ATraining Step: 29  | total loss: [1m[32m0.30388[0m[0m | time: 11.658s
[2K
| Adam | epoch: 003 | loss: 0.30388 - acc: 0.8059 -- iter: 096/387
[A[ATraining Step: 30  | total loss: [1m[32m0.31049[0m[0m | time: 20.259s
[2K
| Adam | epoch: 003 | loss: 0.31049 - acc: 0.8149 -- iter: 128/387
[A[ATraining Step: 31  | total loss: [1m[32m0.32066[0m[0m | time: 34.788s
[2K
| Adam | epoch: 003 | loss: 0.32066 - acc: 0.8287 -- iter: 160/387
[A[ATraining Step: 32  | total loss: [1m[32m0.30587[0m[0m | time: 46.177s
[2K
| Adam | epoch: 003 | loss: 0.30587 - acc: 0.8392 -- iter: 192/387
[A[ATraining Step: 33  | total loss: [1m[32m0.27118[0m[0m | time: 59.806s
[2K
| Adam | epoch: 003 | loss: 0.27118 - acc: 0.8676 -- iter: 224/387
[A[ATraining Step: 34  | total loss: [1m[32m0.25808[0m[0m | time: 73.198s
[2K
| Adam | epoch: 003 | loss: 0.25808 - acc: 0.8759 -- iter: 256/387
[A[ATraining Step: 35  | total loss: [1m[32m0.27049[0m[0m | time: 86.863s
[2K
| Adam | epoch: 003 | loss: 0.27049 - acc: 0.8692 -- iter: 288/387
[A[ATraining Step: 36  | total loss: [1m[32m0.32704[0m[0m | time: 100.162s
[2K
| Adam | epoch: 003 | loss: 0.32704 - acc: 0.8512 -- iter: 320/387
[A[ATraining Step: 37  | total loss: [1m[32m0.29391[0m[0m | time: 108.536s
[2K
| Adam | epoch: 003 | loss: 0.29391 - acc: 0.8684 -- iter: 352/387
[A[ATraining Step: 38  | total loss: [1m[32m0.27089[0m[0m | time: 116.735s
[2K
| Adam | epoch: 003 | loss: 0.27089 - acc: 0.8881 -- iter: 384/387
[A[ATraining Step: 39  | total loss: [1m[32m0.25108[0m[0m | time: 134.790s
[2K
| Adam | epoch: 003 | loss: 0.25108 - acc: 0.8856 | val_loss: 0.57170 - val_acc: 0.6803 -- iter: 387/387
--
Training Step: 40  | total loss: [1m[32m0.27881[0m[0m | time: 12.163s
[2K
| Adam | epoch: 004 | loss: 0.27881 - acc: 0.8719 -- iter: 032/387
[A[ATraining Step: 41  | total loss: [1m[32m0.25245[0m[0m | time: 13.781s
[2K
| Adam | epoch: 004 | loss: 0.25245 - acc: 0.8839 -- iter: 064/387
[A[ATraining Step: 42  | total loss: [1m[32m0.21548[0m[0m | time: 15.328s
[2K
| Adam | epoch: 004 | loss: 0.21548 - acc: 0.9048 -- iter: 096/387
[A[ATraining Step: 43  | total loss: [1m[32m0.18536[0m[0m | time: 23.552s
[2K
| Adam | epoch: 004 | loss: 0.18536 - acc: 0.9216 -- iter: 128/387
[A[ATraining Step: 44  | total loss: [1m[32m0.20506[0m[0m | time: 31.785s
[2K
| Adam | epoch: 004 | loss: 0.20506 - acc: 0.9190 -- iter: 160/387
[A[ATraining Step: 45  | total loss: [1m[32m0.18095[0m[0m | time: 44.833s
[2K
| Adam | epoch: 004 | loss: 0.18095 - acc: 0.9274 -- iter: 192/387
[A[ATraining Step: 46  | total loss: [1m[32m0.16256[0m[0m | time: 57.780s
[2K
| Adam | epoch: 004 | loss: 0.16256 - acc: 0.9343 -- iter: 224/387
[A[ATraining Step: 47  | total loss: [1m[32m0.14997[0m[0m | time: 71.004s
[2K
| Adam | epoch: 004 | loss: 0.14997 - acc: 0.9399 -- iter: 256/387
[A[ATraining Step: 48  | total loss: [1m[32m0.13665[0m[0m | time: 82.171s
[2K
| Adam | epoch: 004 | loss: 0.13665 - acc: 0.9496 -- iter: 288/387
[A[ATraining Step: 49  | total loss: [1m[32m0.11959[0m[0m | time: 95.353s
[2K
| Adam | epoch: 004 | loss: 0.11959 - acc: 0.9575 -- iter: 320/387
[A[ATraining Step: 50  | total loss: [1m[32m0.10658[0m[0m | time: 108.694s
[2K
| Adam | epoch: 004 | loss: 0.10658 - acc: 0.9593 -- iter: 352/387
[A[ATraining Step: 51  | total loss: [1m[32m0.10257[0m[0m | time: 117.476s
[2K
| Adam | epoch: 004 | loss: 0.10257 - acc: 0.9607 -- iter: 384/387
[A[ATraining Step: 52  | total loss: [1m[32m0.10835[0m[0m | time: 131.360s
[2K
| Adam | epoch: 004 | loss: 0.10835 - acc: 0.9619 | val_loss: 0.87704 - val_acc: 0.6557 -- iter: 387/387
--
Training Step: 53  | total loss: [1m[32m0.09362[0m[0m | time: 13.844s
[2K
| Adam | epoch: 005 | loss: 0.09362 - acc: 0.9676 -- iter: 032/387
[A[ATraining Step: 54  | total loss: [1m[32m0.10530[0m[0m | time: 25.094s
[2K
| Adam | epoch: 005 | loss: 0.10530 - acc: 0.9587 -- iter: 064/387
[A[ATraining Step: 55  | total loss: [1m[32m0.09279[0m[0m | time: 27.960s
[2K
| Adam | epoch: 005 | loss: 0.09279 - acc: 0.9646 -- iter: 096/387
[A[ATraining Step: 56  | total loss: [1m[32m0.08015[0m[0m | time: 30.564s
[2K
| Adam | epoch: 005 | loss: 0.08015 - acc: 0.9695 -- iter: 128/387
[A[ATraining Step: 57  | total loss: [1m[32m0.06929[0m[0m | time: 40.627s
[2K
| Adam | epoch: 005 | loss: 0.06929 - acc: 0.9738 -- iter: 160/387
[A[ATraining Step: 58  | total loss: [1m[32m0.08746[0m[0m | time: 48.783s
[2K
| Adam | epoch: 005 | loss: 0.08746 - acc: 0.9688 -- iter: 192/387
[A[ATraining Step: 59  | total loss: [1m[32m0.08493[0m[0m | time: 57.097s
[2K
| Adam | epoch: 005 | loss: 0.08493 - acc: 0.9688 -- iter: 224/387
[A[ATraining Step: 60  | total loss: [1m[32m0.07489[0m[0m | time: 65.347s
[2K
| Adam | epoch: 005 | loss: 0.07489 - acc: 0.9729 -- iter: 256/387
[A[ATraining Step: 61  | total loss: [1m[32m0.07618[0m[0m | time: 73.488s
[2K
| Adam | epoch: 005 | loss: 0.07618 - acc: 0.9683 -- iter: 288/387
[A[ATraining Step: 62  | total loss: [1m[32m0.07778[0m[0m | time: 84.898s
[2K
| Adam | epoch: 005 | loss: 0.07778 - acc: 0.9684 -- iter: 320/387
[A[ATraining Step: 63  | total loss: [1m[32m0.09878[0m[0m | time: 93.443s
[2K
| Adam | epoch: 005 | loss: 0.09878 - acc: 0.9645 -- iter: 352/387
[A[ATraining Step: 64  | total loss: [1m[32m0.11642[0m[0m | time: 101.520s
[2K
| Adam | epoch: 005 | loss: 0.11642 - acc: 0.9611 -- iter: 384/387
[A[ATraining Step: 65  | total loss: [1m[32m0.16633[0m[0m | time: 115.137s
[2K
| Adam | epoch: 005 | loss: 0.16633 - acc: 0.9543 | val_loss: 1.28407 - val_acc: 0.7377 -- iter: 387/387
--
Validation AUC:0.892510775862069
Validation AUPRC:0.892114472688652
Test AUC:0.9097521551724138
Test AUPRC:0.9082022221937156
BestTestF1Score	0.81	0.68	0.84	0.91	0.72	42	4	60	16	1.0
BestTestMCCScore	0.81	0.68	0.84	0.91	0.72	42	4	60	16	1.0
BestTestAccuracyScore	0.81	0.68	0.84	0.91	0.72	42	4	60	16	1.0
BestValidationF1Score	0.83	0.67	0.84	0.83	0.83	48	10	54	10	1.0
BestValidationMCC	0.83	0.67	0.84	0.83	0.83	48	10	54	10	1.0
BestValidationAccuracy	0.83	0.67	0.84	0.83	0.83	48	10	54	10	1.0
TestPredictions (Threshold:1.0)
CHEMBL506669,TN,INACT,0.029999999329447746	CHEMBL2163624,TN,INACT,0.3400000035762787	CHEMBL3393741,TP,ACT,1.0	CHEMBL2147540,FN,ACT,0.949999988079071	CHEMBL131695,TN,INACT,0.03999999910593033	CHEMBL3310285,TP,ACT,1.0	CHEMBL1910602,TN,INACT,0.4699999988079071	CHEMBL433175,FN,ACT,0.8299999833106995	CHEMBL523780,TN,INACT,0.11999999731779099	CHEMBL525921,TN,INACT,0.07000000029802322	CHEMBL328747,TP,ACT,1.0	CHEMBL450383,TN,INACT,0.2800000011920929	CHEMBL401369,TP,ACT,1.0	CHEMBL77732,TN,INACT,0.4000000059604645	CHEMBL3691629,TN,INACT,0.12999999523162842	CHEMBL206866,TP,ACT,1.0	CHEMBL550856,FP,INACT,1.0	CHEMBL570313,TN,INACT,0.03999999910593033	CHEMBL102991,TP,ACT,1.0	CHEMBL3261358,TP,ACT,1.0	CHEMBL313550,TN,INACT,0.3499999940395355	CHEMBL373834,TN,INACT,0.9399999976158142	CHEMBL2163609,TN,INACT,0.36000001430511475	CHEMBL307708,TP,ACT,1.0	CHEMBL306883,FP,INACT,1.0	CHEMBL458076,TN,INACT,0.949999988079071	CHEMBL2147532,TP,ACT,1.0	CHEMBL1910759,TN,INACT,0.6700000166893005	CHEMBL1241674,FN,ACT,0.4399999976158142	CHEMBL52529,TP,ACT,1.0	CHEMBL3310294,TP,ACT,1.0	CHEMBL77155,TN,INACT,0.029999999329447746	CHEMBL566424,TP,ACT,1.0	CHEMBL565612,TP,ACT,1.0	CHEMBL551722,TN,INACT,0.009999999776482582	CHEMBL489344,TN,INACT,0.9100000262260437	CHEMBL1909651,TN,INACT,0.4699999988079071	CHEMBL271403,FN,ACT,0.8899999856948853	CHEMBL210390,TP,ACT,1.0	CHEMBL132369,TN,INACT,0.07000000029802322	CHEMBL45053,TP,ACT,1.0	CHEMBL489627,TN,INACT,0.009999999776482582	CHEMBL558849,TN,INACT,0.6200000047683716	CHEMBL482883,TN,INACT,0.12999999523162842	CHEMBL100312,TN,INACT,0.9700000286102295	CHEMBL490053,TN,INACT,0.009999999776482582	CHEMBL1910755,TN,INACT,0.3400000035762787	CHEMBL498130,TN,INACT,0.03999999910593033	CHEMBL177308,TP,ACT,1.0	CHEMBL300549,TP,ACT,1.0	CHEMBL120703,TN,INACT,0.6200000047683716	CHEMBL2163623,TN,INACT,0.8299999833106995	CHEMBL419866,TP,ACT,1.0	CHEMBL78223,TN,INACT,0.47999998927116394	CHEMBL2148107,TP,ACT,1.0	CHEMBL292495,TN,INACT,0.9599999785423279	CHEMBL558601,TN,INACT,0.10999999940395355	CHEMBL485502,TN,INACT,0.8899999856948853	CHEMBL1235213,TN,INACT,0.9200000166893005	CHEMBL306623,TP,ACT,1.0	CHEMBL456797,TN,INACT,0.9100000262260437	CHEMBL490241,TN,INACT,0.25999999046325684	CHEMBL482919,TN,INACT,0.6200000047683716	CHEMBL1080994,TP,ACT,1.0	CHEMBL2147531,TP,ACT,1.0	CHEMBL388978,TP,ACT,1.0	CHEMBL509499,TN,INACT,0.7799999713897705	CHEMBL522428,FN,ACT,0.05999999865889549	CHEMBL552136,TN,INACT,0.019999999552965164	CHEMBL523938,TN,INACT,0.9399999976158142	CHEMBL549792,TN,INACT,0.15000000596046448	CHEMBL2392233,TN,INACT,0.019999999552965164	CHEMBL89591,FN,ACT,0.9399999976158142	CHEMBL3393754,FN,ACT,0.9900000095367432	CHEMBL551936,TN,INACT,0.3499999940395355	CHEMBL66750,TP,ACT,1.0	CHEMBL306170,TP,ACT,1.0	CHEMBL318461,TN,INACT,0.029999999329447746	CHEMBL300658,FN,ACT,0.30000001192092896	CHEMBL53025,FN,ACT,0.9700000286102295	CHEMBL176815,TN,INACT,0.20999999344348907	CHEMBL2147543,TP,ACT,1.0	CHEMBL1922211,TN,INACT,0.9900000095367432	CHEMBL38380,FN,ACT,0.7799999713897705	CHEMBL3217993,TN,INACT,0.019999999552965164	CHEMBL317398,TN,INACT,0.05000000074505806	CHEMBL483081,TN,INACT,0.30000001192092896	CHEMBL78129,TP,ACT,1.0	CHEMBL1762116,TN,INACT,0.17000000178813934	CHEMBL298159,FN,ACT,0.9200000166893005	CHEMBL561136,TN,INACT,0.10999999940395355	CHEMBL537897,FN,ACT,0.9700000286102295	CHEMBL3261343,FN,ACT,0.18000000715255737	CHEMBL457047,TN,INACT,0.9300000071525574	CHEMBL148745,FN,ACT,0.9399999976158142	CHEMBL2147534,TP,ACT,1.0	CHEMBL570865,TP,ACT,1.0	CHEMBL3310296,TP,ACT,1.0	CHEMBL316088,TP,ACT,1.0	CHEMBL99779,TN,INACT,0.07000000029802322	CHEMBL329437,FN,ACT,0.9599999785423279	CHEMBL421866,TP,ACT,1.0	CHEMBL2151408,TP,ACT,1.0	CHEMBL1910753,FP,INACT,1.0	CHEMBL172973,TN,INACT,0.1599999964237213	CHEMBL1784660,TN,INACT,0.03999999910593033	CHEMBL174634,TN,INACT,0.18000000715255737	CHEMBL59828,TP,ACT,1.0	CHEMBL433361,FP,INACT,1.0	CHEMBL2147552,TP,ACT,1.0	CHEMBL432168,TP,ACT,1.0	CHEMBL293805,TP,ACT,1.0	CHEMBL173478,TN,INACT,0.9800000190734863	CHEMBL261387,TP,ACT,1.0	CHEMBL2346665,TN,INACT,0.009999999776482582	CHEMBL88533,FN,ACT,0.6000000238418579	CHEMBL293722,TP,ACT,1.0	CHEMBL102136,TN,INACT,0.019999999552965164	CHEMBL1240703,TP,ACT,1.0	CHEMBL599997,TP,ACT,1.0	CHEMBL48988,TP,ACT,1.0	CHEMBL367442,TN,INACT,0.8399999737739563	

