CNNModel CHEMBL3778 adam 0.0005 30 32 0 0.6 False True
Number of active compounds :	364
Number of inactive compounds :	364
---------------------------------
Run id: CNNModel_CHEMBL3778_adam_0.0005_30_32_0_0.6_False_True_id
Log directory: ../tflearnLogs/CNNModel_CHEMBL3778_adam_0.0005_30_32_0.6_True/
---------------------------------
Training samples: 465
Validation samples: 146
--
Training Step: 1  | time: 1.354s
[2K
| Adam | epoch: 001 | loss: 0.00000 - acc: 0.0000 -- iter: 032/465
[A[ATraining Step: 2  | total loss: [1m[32m0.62403[0m[0m | time: 2.115s
[2K
| Adam | epoch: 001 | loss: 0.62403 - acc: 0.3937 -- iter: 064/465
[A[ATraining Step: 3  | total loss: [1m[32m0.67966[0m[0m | time: 2.743s
[2K
| Adam | epoch: 001 | loss: 0.67966 - acc: 0.5318 -- iter: 096/465
[A[ATraining Step: 4  | total loss: [1m[32m0.69260[0m[0m | time: 3.351s
[2K
| Adam | epoch: 001 | loss: 0.69260 - acc: 0.4611 -- iter: 128/465
[A[ATraining Step: 5  | total loss: [1m[32m0.69103[0m[0m | time: 3.965s
[2K
| Adam | epoch: 001 | loss: 0.69103 - acc: 0.5313 -- iter: 160/465
[A[ATraining Step: 6  | total loss: [1m[32m0.69418[0m[0m | time: 4.573s
[2K
| Adam | epoch: 001 | loss: 0.69418 - acc: 0.4911 -- iter: 192/465
[A[ATraining Step: 7  | total loss: [1m[32m0.69816[0m[0m | time: 5.188s
[2K
| Adam | epoch: 001 | loss: 0.69816 - acc: 0.4027 -- iter: 224/465
[A[ATraining Step: 8  | total loss: [1m[32m0.69458[0m[0m | time: 5.818s
[2K
| Adam | epoch: 001 | loss: 0.69458 - acc: 0.4926 -- iter: 256/465
[A[ATraining Step: 9  | total loss: [1m[32m0.69290[0m[0m | time: 6.443s
[2K
| Adam | epoch: 001 | loss: 0.69290 - acc: 0.5461 -- iter: 288/465
[A[ATraining Step: 10  | total loss: [1m[32m0.69439[0m[0m | time: 7.086s
[2K
| Adam | epoch: 001 | loss: 0.69439 - acc: 0.4449 -- iter: 320/465
[A[ATraining Step: 11  | total loss: [1m[32m0.69341[0m[0m | time: 7.705s
[2K
| Adam | epoch: 001 | loss: 0.69341 - acc: 0.5006 -- iter: 352/465
[A[ATraining Step: 12  | total loss: [1m[32m0.69356[0m[0m | time: 8.341s
[2K
| Adam | epoch: 001 | loss: 0.69356 - acc: 0.4722 -- iter: 384/465
[A[ATraining Step: 13  | total loss: [1m[32m0.69305[0m[0m | time: 8.951s
[2K
| Adam | epoch: 001 | loss: 0.69305 - acc: 0.5377 -- iter: 416/465
[A[ATraining Step: 14  | total loss: [1m[32m0.69291[0m[0m | time: 9.565s
[2K
| Adam | epoch: 001 | loss: 0.69291 - acc: 0.5351 -- iter: 448/465
[A[ATraining Step: 15  | total loss: [1m[32m0.69305[0m[0m | time: 10.959s
[2K
| Adam | epoch: 001 | loss: 0.69305 - acc: 0.5091 | val_loss: 0.69293 - val_acc: 0.5342 -- iter: 465/465
--
Training Step: 16  | total loss: [1m[32m0.69318[0m[0m | time: 0.374s
[2K
| Adam | epoch: 002 | loss: 0.69318 - acc: 0.4947 -- iter: 032/465
[A[ATraining Step: 17  | total loss: [1m[32m0.69319[0m[0m | time: 1.001s
[2K
| Adam | epoch: 002 | loss: 0.69319 - acc: 0.4860 -- iter: 064/465
[A[ATraining Step: 18  | total loss: [1m[32m0.69287[0m[0m | time: 1.641s
[2K
| Adam | epoch: 002 | loss: 0.69287 - acc: 0.5341 -- iter: 096/465
[A[ATraining Step: 19  | total loss: [1m[32m0.69273[0m[0m | time: 2.299s
[2K
| Adam | epoch: 002 | loss: 0.69273 - acc: 0.5332 -- iter: 128/465
[A[ATraining Step: 20  | total loss: [1m[32m0.69279[0m[0m | time: 2.942s
[2K
| Adam | epoch: 002 | loss: 0.69279 - acc: 0.5225 -- iter: 160/465
[A[ATraining Step: 21  | total loss: [1m[32m0.69263[0m[0m | time: 3.551s
[2K
| Adam | epoch: 002 | loss: 0.69263 - acc: 0.5252 -- iter: 192/465
[A[ATraining Step: 22  | total loss: [1m[32m0.69320[0m[0m | time: 4.165s
[2K
| Adam | epoch: 002 | loss: 0.69320 - acc: 0.4989 -- iter: 224/465
[A[ATraining Step: 23  | total loss: [1m[32m0.69270[0m[0m | time: 4.773s
[2K
| Adam | epoch: 002 | loss: 0.69270 - acc: 0.5174 -- iter: 256/465
[A[ATraining Step: 24  | total loss: [1m[32m0.69259[0m[0m | time: 5.389s
[2K
| Adam | epoch: 002 | loss: 0.69259 - acc: 0.5213 -- iter: 288/465
[A[ATraining Step: 25  | total loss: [1m[32m0.69278[0m[0m | time: 6.013s
[2K
| Adam | epoch: 002 | loss: 0.69278 - acc: 0.5155 -- iter: 320/465
[A[ATraining Step: 26  | total loss: [1m[32m0.69286[0m[0m | time: 6.629s
[2K
| Adam | epoch: 002 | loss: 0.69286 - acc: 0.5114 -- iter: 352/465
[A[ATraining Step: 27  | total loss: [1m[32m0.69191[0m[0m | time: 7.264s
[2K
| Adam | epoch: 002 | loss: 0.69191 - acc: 0.5326 -- iter: 384/465
[A[ATraining Step: 28  | total loss: [1m[32m0.69246[0m[0m | time: 7.910s
[2K
| Adam | epoch: 002 | loss: 0.69246 - acc: 0.5244 -- iter: 416/465
[A[ATraining Step: 29  | total loss: [1m[32m0.69330[0m[0m | time: 8.543s
[2K
| Adam | epoch: 002 | loss: 0.69330 - acc: 0.5109 -- iter: 448/465
[A[ATraining Step: 30  | total loss: [1m[32m0.69429[0m[0m | time: 10.157s
[2K
| Adam | epoch: 002 | loss: 0.69429 - acc: 0.4935 | val_loss: 0.69167 - val_acc: 0.5342 -- iter: 465/465
--
Training Step: 31  | total loss: [1m[32m0.69369[0m[0m | time: 0.366s
[2K
| Adam | epoch: 003 | loss: 0.69369 - acc: 0.5022 -- iter: 032/465
[A[ATraining Step: 32  | total loss: [1m[32m0.69460[0m[0m | time: 0.715s
[2K
| Adam | epoch: 003 | loss: 0.69460 - acc: 0.4819 -- iter: 064/465
[A[ATraining Step: 33  | total loss: [1m[32m0.69510[0m[0m | time: 1.351s
[2K
| Adam | epoch: 003 | loss: 0.69510 - acc: 0.4665 -- iter: 096/465
[A[ATraining Step: 34  | total loss: [1m[32m0.69432[0m[0m | time: 1.966s
[2K
| Adam | epoch: 003 | loss: 0.69432 - acc: 0.4871 -- iter: 128/465
[A[ATraining Step: 35  | total loss: [1m[32m0.69361[0m[0m | time: 2.597s
[2K
| Adam | epoch: 003 | loss: 0.69361 - acc: 0.5159 -- iter: 160/465
[A[ATraining Step: 36  | total loss: [1m[32m0.69359[0m[0m | time: 3.209s
[2K
| Adam | epoch: 003 | loss: 0.69359 - acc: 0.5063 -- iter: 192/465
[A[ATraining Step: 37  | total loss: [1m[32m0.69328[0m[0m | time: 3.890s
[2K
| Adam | epoch: 003 | loss: 0.69328 - acc: 0.5238 -- iter: 224/465
[A[ATraining Step: 38  | total loss: [1m[32m0.69371[0m[0m | time: 5.039s
[2K
| Adam | epoch: 003 | loss: 0.69371 - acc: 0.4885 -- iter: 256/465
[A[ATraining Step: 39  | total loss: [1m[32m0.69335[0m[0m | time: 6.166s
[2K
| Adam | epoch: 003 | loss: 0.69335 - acc: 0.5087 -- iter: 288/465
[A[ATraining Step: 40  | total loss: [1m[32m0.69312[0m[0m | time: 7.042s
[2K
| Adam | epoch: 003 | loss: 0.69312 - acc: 0.5246 -- iter: 320/465
[A[ATraining Step: 41  | total loss: [1m[32m0.69314[0m[0m | time: 7.963s
[2K
| Adam | epoch: 003 | loss: 0.69314 - acc: 0.5201 -- iter: 352/465
[A[ATraining Step: 42  | total loss: [1m[32m0.69290[0m[0m | time: 8.911s
[2K
| Adam | epoch: 003 | loss: 0.69290 - acc: 0.5334 -- iter: 384/465
[A[ATraining Step: 43  | total loss: [1m[32m0.69297[0m[0m | time: 9.871s
[2K
| Adam | epoch: 003 | loss: 0.69297 - acc: 0.5275 -- iter: 416/465
[A[ATraining Step: 44  | total loss: [1m[32m0.69301[0m[0m | time: 10.983s
[2K
| Adam | epoch: 003 | loss: 0.69301 - acc: 0.5227 -- iter: 448/465
[A[ATraining Step: 45  | total loss: [1m[32m0.69284[0m[0m | time: 12.923s
[2K
| Adam | epoch: 003 | loss: 0.69284 - acc: 0.5295 | val_loss: 0.69242 - val_acc: 0.5342 -- iter: 465/465
--
Training Step: 46  | total loss: [1m[32m0.69303[0m[0m | time: 0.958s
[2K
| Adam | epoch: 004 | loss: 0.69303 - acc: 0.5194 -- iter: 032/465
[A[ATraining Step: 47  | total loss: [1m[32m0.69351[0m[0m | time: 1.594s
[2K
| Adam | epoch: 004 | loss: 0.69351 - acc: 0.4957 -- iter: 064/465
[A[ATraining Step: 48  | total loss: [1m[32m0.69355[0m[0m | time: 2.173s
[2K
| Adam | epoch: 004 | loss: 0.69355 - acc: 0.4917 -- iter: 096/465
[A[ATraining Step: 49  | total loss: [1m[32m0.69355[0m[0m | time: 3.130s
[2K
| Adam | epoch: 004 | loss: 0.69355 - acc: 0.4884 -- iter: 128/465
[A[ATraining Step: 50  | total loss: [1m[32m0.69368[0m[0m | time: 4.321s
[2K
| Adam | epoch: 004 | loss: 0.69368 - acc: 0.4805 -- iter: 160/465
[A[ATraining Step: 51  | total loss: [1m[32m0.69306[0m[0m | time: 5.335s
[2K
| Adam | epoch: 004 | loss: 0.69306 - acc: 0.5168 -- iter: 192/465
[A[ATraining Step: 52  | total loss: [1m[32m0.69369[0m[0m | time: 6.191s
[2K
| Adam | epoch: 004 | loss: 0.69369 - acc: 0.4768 -- iter: 224/465
[A[ATraining Step: 53  | total loss: [1m[32m0.69363[0m[0m | time: 7.268s
[2K
| Adam | epoch: 004 | loss: 0.69363 - acc: 0.4802 -- iter: 256/465
[A[ATraining Step: 54  | total loss: [1m[32m0.69333[0m[0m | time: 8.360s
[2K
| Adam | epoch: 004 | loss: 0.69333 - acc: 0.5012 -- iter: 288/465
[A[ATraining Step: 55  | total loss: [1m[32m0.69341[0m[0m | time: 9.299s
[2K
| Adam | epoch: 004 | loss: 0.69341 - acc: 0.4921 -- iter: 320/465
[A[ATraining Step: 56  | total loss: [1m[32m0.69324[0m[0m | time: 10.206s
[2K
| Adam | epoch: 004 | loss: 0.69324 - acc: 0.5020 -- iter: 352/465
[A[ATraining Step: 57  | total loss: [1m[32m0.69300[0m[0m | time: 11.225s
[2K
| Adam | epoch: 004 | loss: 0.69300 - acc: 0.5191 -- iter: 384/465
[A[ATraining Step: 58  | total loss: [1m[32m0.69303[0m[0m | time: 12.212s
[2K
| Adam | epoch: 004 | loss: 0.69303 - acc: 0.5165 -- iter: 416/465
[A[ATraining Step: 59  | total loss: [1m[32m0.69302[0m[0m | time: 13.233s
[2K
| Adam | epoch: 004 | loss: 0.69302 - acc: 0.5142 -- iter: 448/465
[A[ATraining Step: 60  | total loss: [1m[32m0.69304[0m[0m | time: 15.382s
[2K
| Adam | epoch: 004 | loss: 0.69304 - acc: 0.5124 | val_loss: 0.69248 - val_acc: 0.5342 -- iter: 465/465
--
Training Step: 61  | total loss: [1m[32m0.69290[0m[0m | time: 1.023s
[2K
| Adam | epoch: 005 | loss: 0.69290 - acc: 0.5189 -- iter: 032/465
[A[ATraining Step: 62  | total loss: [1m[32m0.69292[0m[0m | time: 1.858s
[2K
| Adam | epoch: 005 | loss: 0.69292 - acc: 0.5165 -- iter: 064/465
[A[ATraining Step: 63  | total loss: [1m[32m0.69286[0m[0m | time: 2.439s
[2K
| Adam | epoch: 005 | loss: 0.69286 - acc: 0.5183 -- iter: 096/465
[A[ATraining Step: 64  | total loss: [1m[32m0.69255[0m[0m | time: 3.052s
[2K
| Adam | epoch: 005 | loss: 0.69255 - acc: 0.5344 -- iter: 128/465
[A[ATraining Step: 65  | total loss: [1m[32m0.69217[0m[0m | time: 4.074s
[2K
| Adam | epoch: 005 | loss: 0.69217 - acc: 0.5483 -- iter: 160/465
[A[ATraining Step: 66  | total loss: [1m[32m0.69228[0m[0m | time: 5.137s
[2K
| Adam | epoch: 005 | loss: 0.69228 - acc: 0.5424 -- iter: 192/465
[A[ATraining Step: 67  | total loss: [1m[32m0.69248[0m[0m | time: 6.235s
[2K
| Adam | epoch: 005 | loss: 0.69248 - acc: 0.5336 -- iter: 224/465
[A[ATraining Step: 68  | total loss: [1m[32m0.69180[0m[0m | time: 7.232s
[2K
| Adam | epoch: 005 | loss: 0.69180 - acc: 0.5481 -- iter: 256/465
[A[ATraining Step: 69  | total loss: [1m[32m0.69126[0m[0m | time: 8.197s
[2K
| Adam | epoch: 005 | loss: 0.69126 - acc: 0.5571 -- iter: 288/465
[A[ATraining Step: 70  | total loss: [1m[32m0.69172[0m[0m | time: 9.233s
[2K
| Adam | epoch: 005 | loss: 0.69172 - acc: 0.5469 -- iter: 320/465
[A[ATraining Step: 71  | total loss: [1m[32m0.69317[0m[0m | time: 10.345s
[2K
| Adam | epoch: 005 | loss: 0.69317 - acc: 0.5238 -- iter: 352/465
[A[ATraining Step: 72  | total loss: [1m[32m0.69369[0m[0m | time: 11.272s
[2K
| Adam | epoch: 005 | loss: 0.69369 - acc: 0.5141 -- iter: 384/465
[A[ATraining Step: 73  | total loss: [1m[32m0.69359[0m[0m | time: 12.205s
[2K
| Adam | epoch: 005 | loss: 0.69359 - acc: 0.5125 -- iter: 416/465
[A[ATraining Step: 74  | total loss: [1m[32m0.69296[0m[0m | time: 13.197s
[2K
| Adam | epoch: 005 | loss: 0.69296 - acc: 0.5214 -- iter: 448/465
[A[ATraining Step: 75  | total loss: [1m[32m0.69307[0m[0m | time: 15.197s
[2K
| Adam | epoch: 005 | loss: 0.69307 - acc: 0.5157 | val_loss: 0.69125 - val_acc: 0.5342 -- iter: 465/465
--
Training Step: 76  | total loss: [1m[32m0.69279[0m[0m | time: 0.980s
[2K
| Adam | epoch: 006 | loss: 0.69279 - acc: 0.5207 -- iter: 032/465
[A[ATraining Step: 77  | total loss: [1m[32m0.69257[0m[0m | time: 1.591s
[2K
| Adam | epoch: 006 | loss: 0.69257 - acc: 0.5218 -- iter: 064/465
[A[ATraining Step: 78  | total loss: [1m[32m0.69238[0m[0m | time: 2.197s
[2K
| Adam | epoch: 006 | loss: 0.69238 - acc: 0.5228 -- iter: 096/465
[A[ATraining Step: 79  | total loss: [1m[32m0.69255[0m[0m | time: 2.541s
[2K
| Adam | epoch: 006 | loss: 0.69255 - acc: 0.5172 -- iter: 128/465
[A[ATraining Step: 80  | total loss: [1m[32m0.69206[0m[0m | time: 2.880s
[2K
| Adam | epoch: 006 | loss: 0.69206 - acc: 0.5245 -- iter: 160/465
[A[ATraining Step: 81  | total loss: [1m[32m0.69155[0m[0m | time: 3.497s
[2K
| Adam | epoch: 006 | loss: 0.69155 - acc: 0.5309 -- iter: 192/465
[A[ATraining Step: 82  | total loss: [1m[32m0.69068[0m[0m | time: 4.113s
[2K
| Adam | epoch: 006 | loss: 0.69068 - acc: 0.5403 -- iter: 224/465
[A[ATraining Step: 83  | total loss: [1m[32m0.68974[0m[0m | time: 4.738s
[2K
| Adam | epoch: 006 | loss: 0.68974 - acc: 0.5488 -- iter: 256/465
[A[ATraining Step: 84  | total loss: [1m[32m0.68998[0m[0m | time: 5.343s
[2K
| Adam | epoch: 006 | loss: 0.68998 - acc: 0.5439 -- iter: 288/465
[A[ATraining Step: 85  | total loss: [1m[32m0.69095[0m[0m | time: 5.954s
[2K
| Adam | epoch: 006 | loss: 0.69095 - acc: 0.5333 -- iter: 320/465
[A[ATraining Step: 86  | total loss: [1m[32m0.68905[0m[0m | time: 6.569s
[2K
| Adam | epoch: 006 | loss: 0.68905 - acc: 0.5425 -- iter: 352/465
[A[ATraining Step: 87  | total loss: [1m[32m0.68992[0m[0m | time: 7.179s
[2K
| Adam | epoch: 006 | loss: 0.68992 - acc: 0.5351 -- iter: 384/465
[A[ATraining Step: 88  | total loss: [1m[32m0.69368[0m[0m | time: 7.776s
[2K
| Adam | epoch: 006 | loss: 0.69368 - acc: 0.5128 -- iter: 416/465
[A[ATraining Step: 89  | total loss: [1m[32m0.69288[0m[0m | time: 8.376s
[2K
| Adam | epoch: 006 | loss: 0.69288 - acc: 0.5115 -- iter: 448/465
[A[ATraining Step: 90  | total loss: [1m[32m0.69212[0m[0m | time: 10.005s
[2K
| Adam | epoch: 006 | loss: 0.69212 - acc: 0.5198 | val_loss: 0.69049 - val_acc: 0.5342 -- iter: 465/465
--
Training Step: 91  | total loss: [1m[32m0.69181[0m[0m | time: 0.604s
[2K
| Adam | epoch: 007 | loss: 0.69181 - acc: 0.5209 -- iter: 032/465
[A[ATraining Step: 92  | total loss: [1m[32m0.69095[0m[0m | time: 1.223s
[2K
| Adam | epoch: 007 | loss: 0.69095 - acc: 0.5313 -- iter: 064/465
[A[ATraining Step: 93  | total loss: [1m[32m0.69150[0m[0m | time: 1.858s
[2K
| Adam | epoch: 007 | loss: 0.69150 - acc: 0.5188 -- iter: 096/465
[A[ATraining Step: 94  | total loss: [1m[32m0.69124[0m[0m | time: 2.453s
[2K
| Adam | epoch: 007 | loss: 0.69124 - acc: 0.5169 -- iter: 128/465
[A[ATraining Step: 95  | total loss: [1m[32m0.69126[0m[0m | time: 2.815s
[2K
| Adam | epoch: 007 | loss: 0.69126 - acc: 0.5090 -- iter: 160/465
[A[ATraining Step: 96  | total loss: [1m[32m0.68933[0m[0m | time: 3.187s
[2K
| Adam | epoch: 007 | loss: 0.68933 - acc: 0.5228 -- iter: 192/465
[A[ATraining Step: 97  | total loss: [1m[32m0.68659[0m[0m | time: 3.794s
[2K
| Adam | epoch: 007 | loss: 0.68659 - acc: 0.5352 -- iter: 224/465
[A[ATraining Step: 98  | total loss: [1m[32m0.68540[0m[0m | time: 4.424s
[2K
| Adam | epoch: 007 | loss: 0.68540 - acc: 0.5348 -- iter: 256/465
[A[ATraining Step: 99  | total loss: [1m[32m0.68218[0m[0m | time: 5.052s
[2K
| Adam | epoch: 007 | loss: 0.68218 - acc: 0.5407 -- iter: 288/465
[A[ATraining Step: 100  | total loss: [1m[32m0.67979[0m[0m | time: 5.653s
[2K
| Adam | epoch: 007 | loss: 0.67979 - acc: 0.5460 -- iter: 320/465
[A[ATraining Step: 101  | total loss: [1m[32m0.67838[0m[0m | time: 6.246s
[2K
| Adam | epoch: 007 | loss: 0.67838 - acc: 0.5445 -- iter: 352/465
[A[ATraining Step: 102  | total loss: [1m[32m0.68749[0m[0m | time: 6.844s
[2K
| Adam | epoch: 007 | loss: 0.68749 - acc: 0.5276 -- iter: 384/465
[A[ATraining Step: 103  | total loss: [1m[32m0.68862[0m[0m | time: 7.447s
[2K
| Adam | epoch: 007 | loss: 0.68862 - acc: 0.5155 -- iter: 416/465
[A[ATraining Step: 104  | total loss: [1m[32m0.68739[0m[0m | time: 8.230s
[2K
| Adam | epoch: 007 | loss: 0.68739 - acc: 0.5264 -- iter: 448/465
[A[ATraining Step: 105  | total loss: [1m[32m0.68751[0m[0m | time: 10.314s
[2K
| Adam | epoch: 007 | loss: 0.68751 - acc: 0.5300 | val_loss: 0.69853 - val_acc: 0.4658 -- iter: 465/465
--
Training Step: 106  | total loss: [1m[32m0.68820[0m[0m | time: 0.966s
[2K
| Adam | epoch: 008 | loss: 0.68820 - acc: 0.5270 -- iter: 032/465
[A[ATraining Step: 107  | total loss: [1m[32m0.68841[0m[0m | time: 1.999s
[2K
| Adam | epoch: 008 | loss: 0.68841 - acc: 0.5274 -- iter: 064/465
[A[ATraining Step: 108  | total loss: [1m[32m0.68897[0m[0m | time: 3.116s
[2K
| Adam | epoch: 008 | loss: 0.68897 - acc: 0.5247 -- iter: 096/465
[A[ATraining Step: 109  | total loss: [1m[32m0.69313[0m[0m | time: 4.119s
[2K
| Adam | epoch: 008 | loss: 0.69313 - acc: 0.4972 -- iter: 128/465
[A[ATraining Step: 110  | total loss: [1m[32m0.69243[0m[0m | time: 5.087s
[2K
| Adam | epoch: 008 | loss: 0.69243 - acc: 0.5038 -- iter: 160/465
[A[ATraining Step: 111  | total loss: [1m[32m0.69256[0m[0m | time: 5.642s
[2K
| Adam | epoch: 008 | loss: 0.69256 - acc: 0.4971 -- iter: 192/465
[A[ATraining Step: 112  | total loss: [1m[32m0.69145[0m[0m | time: 6.192s
[2K
| Adam | epoch: 008 | loss: 0.69145 - acc: 0.5357 -- iter: 224/465
[A[ATraining Step: 113  | total loss: [1m[32m0.69026[0m[0m | time: 7.185s
[2K
| Adam | epoch: 008 | loss: 0.69026 - acc: 0.5586 -- iter: 256/465
[A[ATraining Step: 114  | total loss: [1m[32m0.68872[0m[0m | time: 8.316s
[2K
| Adam | epoch: 008 | loss: 0.68872 - acc: 0.5746 -- iter: 288/465
[A[ATraining Step: 115  | total loss: [1m[32m0.68525[0m[0m | time: 9.244s
[2K
| Adam | epoch: 008 | loss: 0.68525 - acc: 0.5952 -- iter: 320/465
[A[ATraining Step: 116  | total loss: [1m[32m0.68350[0m[0m | time: 10.276s
[2K
| Adam | epoch: 008 | loss: 0.68350 - acc: 0.5982 -- iter: 352/465
[A[ATraining Step: 117  | total loss: [1m[32m0.68009[0m[0m | time: 11.382s
[2K
| Adam | epoch: 008 | loss: 0.68009 - acc: 0.5978 -- iter: 384/465
[A[ATraining Step: 118  | total loss: [1m[32m0.67756[0m[0m | time: 12.442s
[2K
| Adam | epoch: 008 | loss: 0.67756 - acc: 0.6036 -- iter: 416/465
[A[ATraining Step: 119  | total loss: [1m[32m0.67380[0m[0m | time: 13.308s
[2K
| Adam | epoch: 008 | loss: 0.67380 - acc: 0.6183 -- iter: 448/465
[A[ATraining Step: 120  | total loss: [1m[32m0.66988[0m[0m | time: 15.321s
[2K
| Adam | epoch: 008 | loss: 0.66988 - acc: 0.6127 | val_loss: 0.64944 - val_acc: 0.6027 -- iter: 465/465
--
Training Step: 121  | total loss: [1m[32m0.66637[0m[0m | time: 1.112s
[2K
| Adam | epoch: 009 | loss: 0.66637 - acc: 0.6139 -- iter: 032/465
[A[ATraining Step: 122  | total loss: [1m[32m0.65786[0m[0m | time: 2.172s
[2K
| Adam | epoch: 009 | loss: 0.65786 - acc: 0.6213 -- iter: 064/465
[A[ATraining Step: 123  | total loss: [1m[32m0.64841[0m[0m | time: 3.014s
[2K
| Adam | epoch: 009 | loss: 0.64841 - acc: 0.6248 -- iter: 096/465
[A[ATraining Step: 124  | total loss: [1m[32m0.64225[0m[0m | time: 3.990s
[2K
| Adam | epoch: 009 | loss: 0.64225 - acc: 0.6217 -- iter: 128/465
[A[ATraining Step: 125  | total loss: [1m[32m0.63897[0m[0m | time: 4.969s
[2K
| Adam | epoch: 009 | loss: 0.63897 - acc: 0.6220 -- iter: 160/465
[A[ATraining Step: 126  | total loss: [1m[32m0.63534[0m[0m | time: 5.963s
[2K
| Adam | epoch: 009 | loss: 0.63534 - acc: 0.6223 -- iter: 192/465
[A[ATraining Step: 127  | total loss: [1m[32m0.62376[0m[0m | time: 6.576s
[2K
| Adam | epoch: 009 | loss: 0.62376 - acc: 0.6413 -- iter: 224/465
[A[ATraining Step: 128  | total loss: [1m[32m0.64178[0m[0m | time: 7.293s
[2K
| Adam | epoch: 009 | loss: 0.64178 - acc: 0.6242 -- iter: 256/465
[A[ATraining Step: 129  | total loss: [1m[32m0.65741[0m[0m | time: 8.322s
[2K
| Adam | epoch: 009 | loss: 0.65741 - acc: 0.6089 -- iter: 288/465
[A[ATraining Step: 130  | total loss: [1m[32m0.66190[0m[0m | time: 9.282s
[2K
| Adam | epoch: 009 | loss: 0.66190 - acc: 0.5980 -- iter: 320/465
[A[ATraining Step: 131  | total loss: [1m[32m0.66167[0m[0m | time: 10.331s
[2K
| Adam | epoch: 009 | loss: 0.66167 - acc: 0.5976 -- iter: 352/465
[A[ATraining Step: 132  | total loss: [1m[32m0.65736[0m[0m | time: 11.426s
[2K
| Adam | epoch: 009 | loss: 0.65736 - acc: 0.6066 -- iter: 384/465
[A[ATraining Step: 133  | total loss: [1m[32m0.64620[0m[0m | time: 12.350s
[2K
| Adam | epoch: 009 | loss: 0.64620 - acc: 0.6272 -- iter: 416/465
[A[ATraining Step: 134  | total loss: [1m[32m0.64034[0m[0m | time: 13.236s
[2K
| Adam | epoch: 009 | loss: 0.64034 - acc: 0.6394 -- iter: 448/465
[A[ATraining Step: 135  | total loss: [1m[32m0.63876[0m[0m | time: 15.278s
[2K
| Adam | epoch: 009 | loss: 0.63876 - acc: 0.6317 | val_loss: 0.62615 - val_acc: 0.6233 -- iter: 465/465
--
Training Step: 136  | total loss: [1m[32m0.62969[0m[0m | time: 0.916s
[2K
| Adam | epoch: 010 | loss: 0.62969 - acc: 0.6342 -- iter: 032/465
[A[ATraining Step: 137  | total loss: [1m[32m0.61014[0m[0m | time: 1.530s
[2K
| Adam | epoch: 010 | loss: 0.61014 - acc: 0.6552 -- iter: 064/465
[A[ATraining Step: 138  | total loss: [1m[32m0.60266[0m[0m | time: 2.142s
[2K
| Adam | epoch: 010 | loss: 0.60266 - acc: 0.6646 -- iter: 096/465
[A[ATraining Step: 139  | total loss: [1m[32m0.59936[0m[0m | time: 2.762s
[2K
| Adam | epoch: 010 | loss: 0.59936 - acc: 0.6700 -- iter: 128/465
[A[ATraining Step: 140  | total loss: [1m[32m0.59129[0m[0m | time: 3.374s
[2K
| Adam | epoch: 010 | loss: 0.59129 - acc: 0.6843 -- iter: 160/465
[A[ATraining Step: 141  | total loss: [1m[32m0.58979[0m[0m | time: 3.983s
[2K
| Adam | epoch: 010 | loss: 0.58979 - acc: 0.6846 -- iter: 192/465
[A[ATraining Step: 142  | total loss: [1m[32m0.58095[0m[0m | time: 4.596s
[2K
| Adam | epoch: 010 | loss: 0.58095 - acc: 0.7005 -- iter: 224/465
[A[ATraining Step: 143  | total loss: [1m[32m0.57804[0m[0m | time: 4.944s
[2K
| Adam | epoch: 010 | loss: 0.57804 - acc: 0.7023 -- iter: 256/465
[A[ATraining Step: 144  | total loss: [1m[32m0.57287[0m[0m | time: 5.309s
[2K
| Adam | epoch: 010 | loss: 0.57287 - acc: 0.7086 -- iter: 288/465
[A[ATraining Step: 145  | total loss: [1m[32m0.56541[0m[0m | time: 5.934s
[2K
| Adam | epoch: 010 | loss: 0.56541 - acc: 0.7142 -- iter: 320/465
[A[ATraining Step: 146  | total loss: [1m[32m0.55562[0m[0m | time: 6.539s
[2K
| Adam | epoch: 010 | loss: 0.55562 - acc: 0.7209 -- iter: 352/465
[A[ATraining Step: 147  | total loss: [1m[32m0.54575[0m[0m | time: 7.144s
[2K
| Adam | epoch: 010 | loss: 0.54575 - acc: 0.7269 -- iter: 384/465
[A[ATraining Step: 148  | total loss: [1m[32m0.53290[0m[0m | time: 7.759s
[2K
| Adam | epoch: 010 | loss: 0.53290 - acc: 0.7355 -- iter: 416/465
[A[ATraining Step: 149  | total loss: [1m[32m0.51716[0m[0m | time: 8.369s
[2K
| Adam | epoch: 010 | loss: 0.51716 - acc: 0.7494 -- iter: 448/465
[A[ATraining Step: 150  | total loss: [1m[32m0.51603[0m[0m | time: 9.972s
[2K
| Adam | epoch: 010 | loss: 0.51603 - acc: 0.7432 | val_loss: 0.59926 - val_acc: 0.6918 -- iter: 465/465
--
Training Step: 151  | total loss: [1m[32m0.51666[0m[0m | time: 0.625s
[2K
| Adam | epoch: 011 | loss: 0.51666 - acc: 0.7408 -- iter: 032/465
[A[ATraining Step: 152  | total loss: [1m[32m0.50115[0m[0m | time: 1.250s
[2K
| Adam | epoch: 011 | loss: 0.50115 - acc: 0.7542 -- iter: 064/465
[A[ATraining Step: 153  | total loss: [1m[32m0.50875[0m[0m | time: 1.850s
[2K
| Adam | epoch: 011 | loss: 0.50875 - acc: 0.7444 -- iter: 096/465
[A[ATraining Step: 154  | total loss: [1m[32m0.49792[0m[0m | time: 2.523s
[2K
| Adam | epoch: 011 | loss: 0.49792 - acc: 0.7544 -- iter: 128/465
[A[ATraining Step: 155  | total loss: [1m[32m0.49173[0m[0m | time: 3.136s
[2K
| Adam | epoch: 011 | loss: 0.49173 - acc: 0.7602 -- iter: 160/465
[A[ATraining Step: 156  | total loss: [1m[32m0.49379[0m[0m | time: 3.747s
[2K
| Adam | epoch: 011 | loss: 0.49379 - acc: 0.7623 -- iter: 192/465
[A[ATraining Step: 157  | total loss: [1m[32m0.49226[0m[0m | time: 4.352s
[2K
| Adam | epoch: 011 | loss: 0.49226 - acc: 0.7642 -- iter: 224/465
[A[ATraining Step: 158  | total loss: [1m[32m0.48468[0m[0m | time: 4.977s
[2K
| Adam | epoch: 011 | loss: 0.48468 - acc: 0.7690 -- iter: 256/465
[A[ATraining Step: 159  | total loss: [1m[32m0.46853[0m[0m | time: 5.327s
[2K
| Adam | epoch: 011 | loss: 0.46853 - acc: 0.7765 -- iter: 288/465
[A[ATraining Step: 160  | total loss: [1m[32m0.46707[0m[0m | time: 5.677s
[2K
| Adam | epoch: 011 | loss: 0.46707 - acc: 0.7812 -- iter: 320/465
[A[ATraining Step: 161  | total loss: [1m[32m0.45026[0m[0m | time: 6.320s
[2K
| Adam | epoch: 011 | loss: 0.45026 - acc: 0.7795 -- iter: 352/465
[A[ATraining Step: 162  | total loss: [1m[32m0.44737[0m[0m | time: 7.439s
[2K
| Adam | epoch: 011 | loss: 0.44737 - acc: 0.7797 -- iter: 384/465
[A[ATraining Step: 163  | total loss: [1m[32m0.43700[0m[0m | time: 8.540s
[2K
| Adam | epoch: 011 | loss: 0.43700 - acc: 0.7892 -- iter: 416/465
[A[ATraining Step: 164  | total loss: [1m[32m0.44053[0m[0m | time: 9.586s
[2K
| Adam | epoch: 011 | loss: 0.44053 - acc: 0.7853 -- iter: 448/465
[A[ATraining Step: 165  | total loss: [1m[32m0.43788[0m[0m | time: 11.457s
[2K
| Adam | epoch: 011 | loss: 0.43788 - acc: 0.7880 | val_loss: 0.81689 - val_acc: 0.6096 -- iter: 465/465
--
Training Step: 166  | total loss: [1m[32m0.44990[0m[0m | time: 0.837s
[2K
| Adam | epoch: 012 | loss: 0.44990 - acc: 0.7780 -- iter: 032/465
[A[ATraining Step: 167  | total loss: [1m[32m0.45583[0m[0m | time: 1.934s
[2K
| Adam | epoch: 012 | loss: 0.45583 - acc: 0.7752 -- iter: 064/465
[A[ATraining Step: 168  | total loss: [1m[32m0.46248[0m[0m | time: 3.059s
[2K
| Adam | epoch: 012 | loss: 0.46248 - acc: 0.7695 -- iter: 096/465
[A[ATraining Step: 169  | total loss: [1m[32m0.44386[0m[0m | time: 4.008s
[2K
| Adam | epoch: 012 | loss: 0.44386 - acc: 0.7863 -- iter: 128/465
[A[ATraining Step: 170  | total loss: [1m[32m0.44346[0m[0m | time: 4.931s
[2K
| Adam | epoch: 012 | loss: 0.44346 - acc: 0.7858 -- iter: 160/465
[A[ATraining Step: 171  | total loss: [1m[32m0.43788[0m[0m | time: 5.879s
[2K
| Adam | epoch: 012 | loss: 0.43788 - acc: 0.7885 -- iter: 192/465
[A[ATraining Step: 172  | total loss: [1m[32m0.45651[0m[0m | time: 6.830s
[2K
| Adam | epoch: 012 | loss: 0.45651 - acc: 0.7753 -- iter: 224/465
[A[ATraining Step: 173  | total loss: [1m[32m0.43646[0m[0m | time: 8.012s
[2K
| Adam | epoch: 012 | loss: 0.43646 - acc: 0.7852 -- iter: 256/465
[A[ATraining Step: 174  | total loss: [1m[32m0.41444[0m[0m | time: 9.014s
[2K
| Adam | epoch: 012 | loss: 0.41444 - acc: 0.8036 -- iter: 288/465
[A[ATraining Step: 175  | total loss: [1m[32m0.44312[0m[0m | time: 9.511s
[2K
| Adam | epoch: 012 | loss: 0.44312 - acc: 0.7889 -- iter: 320/465
[A[ATraining Step: 176  | total loss: [1m[32m0.42649[0m[0m | time: 10.141s
[2K
| Adam | epoch: 012 | loss: 0.42649 - acc: 0.7982 -- iter: 352/465
[A[ATraining Step: 177  | total loss: [1m[32m0.39964[0m[0m | time: 11.287s
[2K
| Adam | epoch: 012 | loss: 0.39964 - acc: 0.8184 -- iter: 384/465
[A[ATraining Step: 178  | total loss: [1m[32m0.38627[0m[0m | time: 12.261s
[2K
| Adam | epoch: 012 | loss: 0.38627 - acc: 0.8272 -- iter: 416/465
[A[ATraining Step: 179  | total loss: [1m[32m0.37212[0m[0m | time: 13.152s
[2K
| Adam | epoch: 012 | loss: 0.37212 - acc: 0.8351 -- iter: 448/465
[A[ATraining Step: 180  | total loss: [1m[32m0.36156[0m[0m | time: 15.156s
[2K
| Adam | epoch: 012 | loss: 0.36156 - acc: 0.8422 | val_loss: 0.50681 - val_acc: 0.7466 -- iter: 465/465
--
Training Step: 181  | total loss: [1m[32m0.36531[0m[0m | time: 0.891s
[2K
| Adam | epoch: 013 | loss: 0.36531 - acc: 0.8361 -- iter: 032/465
[A[ATraining Step: 182  | total loss: [1m[32m0.36314[0m[0m | time: 1.873s
[2K
| Adam | epoch: 013 | loss: 0.36314 - acc: 0.8369 -- iter: 064/465
[A[ATraining Step: 183  | total loss: [1m[32m0.35000[0m[0m | time: 2.848s
[2K
| Adam | epoch: 013 | loss: 0.35000 - acc: 0.8469 -- iter: 096/465
[A[ATraining Step: 184  | total loss: [1m[32m0.33646[0m[0m | time: 3.892s
[2K
| Adam | epoch: 013 | loss: 0.33646 - acc: 0.8466 -- iter: 128/465
[A[ATraining Step: 185  | total loss: [1m[32m0.33321[0m[0m | time: 5.090s
[2K
| Adam | epoch: 013 | loss: 0.33321 - acc: 0.8495 -- iter: 160/465
[A[ATraining Step: 186  | total loss: [1m[32m0.32826[0m[0m | time: 5.996s
[2K
| Adam | epoch: 013 | loss: 0.32826 - acc: 0.8520 -- iter: 192/465
[A[ATraining Step: 187  | total loss: [1m[32m0.33178[0m[0m | time: 6.961s
[2K
| Adam | epoch: 013 | loss: 0.33178 - acc: 0.8481 -- iter: 224/465
[A[ATraining Step: 188  | total loss: [1m[32m0.32344[0m[0m | time: 8.082s
[2K
| Adam | epoch: 013 | loss: 0.32344 - acc: 0.8508 -- iter: 256/465
[A[ATraining Step: 189  | total loss: [1m[32m0.33398[0m[0m | time: 9.152s
[2K
| Adam | epoch: 013 | loss: 0.33398 - acc: 0.8469 -- iter: 288/465
[A[ATraining Step: 190  | total loss: [1m[32m0.32275[0m[0m | time: 10.065s
[2K
| Adam | epoch: 013 | loss: 0.32275 - acc: 0.8529 -- iter: 320/465
[A[ATraining Step: 191  | total loss: [1m[32m0.31352[0m[0m | time: 10.588s
[2K
| Adam | epoch: 013 | loss: 0.31352 - acc: 0.8582 -- iter: 352/465
[A[ATraining Step: 192  | total loss: [1m[32m0.34135[0m[0m | time: 11.199s
[2K
| Adam | epoch: 013 | loss: 0.34135 - acc: 0.8430 -- iter: 384/465
[A[ATraining Step: 193  | total loss: [1m[32m0.33697[0m[0m | time: 12.298s
[2K
| Adam | epoch: 013 | loss: 0.33697 - acc: 0.8469 -- iter: 416/465
[A[ATraining Step: 194  | total loss: [1m[32m0.32423[0m[0m | time: 13.293s
[2K
| Adam | epoch: 013 | loss: 0.32423 - acc: 0.8560 -- iter: 448/465
[A[ATraining Step: 195  | total loss: [1m[32m0.30135[0m[0m | time: 15.548s
[2K
| Adam | epoch: 013 | loss: 0.30135 - acc: 0.8672 | val_loss: 0.57712 - val_acc: 0.7397 -- iter: 465/465
--
Training Step: 196  | total loss: [1m[32m0.29094[0m[0m | time: 0.662s
[2K
| Adam | epoch: 014 | loss: 0.29094 - acc: 0.8711 -- iter: 032/465
[A[ATraining Step: 197  | total loss: [1m[32m0.29929[0m[0m | time: 1.307s
[2K
| Adam | epoch: 014 | loss: 0.29929 - acc: 0.8684 -- iter: 064/465
[A[ATraining Step: 198  | total loss: [1m[32m0.28499[0m[0m | time: 1.916s
[2K
| Adam | epoch: 014 | loss: 0.28499 - acc: 0.8753 -- iter: 096/465
[A[ATraining Step: 199  | total loss: [1m[32m0.27775[0m[0m | time: 2.522s
[2K
| Adam | epoch: 014 | loss: 0.27775 - acc: 0.8815 -- iter: 128/465
[A[ATraining Step: 200  | total loss: [1m[32m0.30453[0m[0m | time: 4.133s
[2K
| Adam | epoch: 014 | loss: 0.30453 - acc: 0.8590 | val_loss: 0.46202 - val_acc: 0.7877 -- iter: 160/465
--
Training Step: 201  | total loss: [1m[32m0.31060[0m[0m | time: 4.742s
[2K
| Adam | epoch: 014 | loss: 0.31060 - acc: 0.8544 -- iter: 192/465
[A[ATraining Step: 202  | total loss: [1m[32m0.30631[0m[0m | time: 5.357s
[2K
| Adam | epoch: 014 | loss: 0.30631 - acc: 0.8564 -- iter: 224/465
[A[ATraining Step: 203  | total loss: [1m[32m0.31716[0m[0m | time: 5.983s
[2K
| Adam | epoch: 014 | loss: 0.31716 - acc: 0.8552 -- iter: 256/465
[A[ATraining Step: 204  | total loss: [1m[32m0.34449[0m[0m | time: 6.633s
[2K
| Adam | epoch: 014 | loss: 0.34449 - acc: 0.8384 -- iter: 288/465
[A[ATraining Step: 205  | total loss: [1m[32m0.34568[0m[0m | time: 7.246s
[2K
| Adam | epoch: 014 | loss: 0.34568 - acc: 0.8389 -- iter: 320/465
[A[ATraining Step: 206  | total loss: [1m[32m0.33333[0m[0m | time: 7.871s
[2K
| Adam | epoch: 014 | loss: 0.33333 - acc: 0.8457 -- iter: 352/465
[A[ATraining Step: 207  | total loss: [1m[32m0.30906[0m[0m | time: 8.227s
[2K
| Adam | epoch: 014 | loss: 0.30906 - acc: 0.8611 -- iter: 384/465
[A[ATraining Step: 208  | total loss: [1m[32m0.30109[0m[0m | time: 8.575s
[2K
| Adam | epoch: 014 | loss: 0.30109 - acc: 0.8691 -- iter: 416/465
[A[ATraining Step: 209  | total loss: [1m[32m0.29490[0m[0m | time: 9.179s
[2K
| Adam | epoch: 014 | loss: 0.29490 - acc: 0.8704 -- iter: 448/465
[A[ATraining Step: 210  | total loss: [1m[32m0.31089[0m[0m | time: 10.816s
[2K
| Adam | epoch: 014 | loss: 0.31089 - acc: 0.8646 | val_loss: 0.43027 - val_acc: 0.7877 -- iter: 465/465
--
Training Step: 211  | total loss: [1m[32m0.31133[0m[0m | time: 0.604s
[2K
| Adam | epoch: 015 | loss: 0.31133 - acc: 0.8625 -- iter: 032/465
[A[ATraining Step: 212  | total loss: [1m[32m0.29733[0m[0m | time: 1.214s
[2K
| Adam | epoch: 015 | loss: 0.29733 - acc: 0.8732 -- iter: 064/465
[A[ATraining Step: 213  | total loss: [1m[32m0.29376[0m[0m | time: 1.827s
[2K
| Adam | epoch: 015 | loss: 0.29376 - acc: 0.8733 -- iter: 096/465
[A[ATraining Step: 214  | total loss: [1m[32m0.28434[0m[0m | time: 2.445s
[2K
| Adam | epoch: 015 | loss: 0.28434 - acc: 0.8798 -- iter: 128/465
[A[ATraining Step: 215  | total loss: [1m[32m0.28025[0m[0m | time: 3.044s
[2K
| Adam | epoch: 015 | loss: 0.28025 - acc: 0.8793 -- iter: 160/465
[A[ATraining Step: 216  | total loss: [1m[32m0.26855[0m[0m | time: 3.682s
[2K
| Adam | epoch: 015 | loss: 0.26855 - acc: 0.8851 -- iter: 192/465
[A[ATraining Step: 217  | total loss: [1m[32m0.25208[0m[0m | time: 4.322s
[2K
| Adam | epoch: 015 | loss: 0.25208 - acc: 0.8966 -- iter: 224/465
[A[ATraining Step: 218  | total loss: [1m[32m0.24344[0m[0m | time: 4.962s
[2K
| Adam | epoch: 015 | loss: 0.24344 - acc: 0.9007 -- iter: 256/465
[A[ATraining Step: 219  | total loss: [1m[32m0.24890[0m[0m | time: 5.581s
[2K
| Adam | epoch: 015 | loss: 0.24890 - acc: 0.8950 -- iter: 288/465
[A[ATraining Step: 220  | total loss: [1m[32m0.24289[0m[0m | time: 6.193s
[2K
| Adam | epoch: 015 | loss: 0.24289 - acc: 0.8992 -- iter: 320/465
[A[ATraining Step: 221  | total loss: [1m[32m0.22555[0m[0m | time: 6.820s
[2K
| Adam | epoch: 015 | loss: 0.22555 - acc: 0.9093 -- iter: 352/465
[A[ATraining Step: 222  | total loss: [1m[32m0.21203[0m[0m | time: 7.469s
[2K
| Adam | epoch: 015 | loss: 0.21203 - acc: 0.9153 -- iter: 384/465
[A[ATraining Step: 223  | total loss: [1m[32m0.20051[0m[0m | time: 7.821s
[2K
| Adam | epoch: 015 | loss: 0.20051 - acc: 0.9206 -- iter: 416/465
[A[ATraining Step: 224  | total loss: [1m[32m0.18445[0m[0m | time: 8.401s
[2K
| Adam | epoch: 015 | loss: 0.18445 - acc: 0.9286 -- iter: 448/465
[A[ATraining Step: 225  | total loss: [1m[32m0.16960[0m[0m | time: 10.462s
[2K
| Adam | epoch: 015 | loss: 0.16960 - acc: 0.9357 | val_loss: 0.50270 - val_acc: 0.7945 -- iter: 465/465
--
Training Step: 226  | total loss: [1m[32m0.15767[0m[0m | time: 1.059s
[2K
| Adam | epoch: 016 | loss: 0.15767 - acc: 0.9421 -- iter: 032/465
[A[ATraining Step: 227  | total loss: [1m[32m0.16516[0m[0m | time: 1.868s
[2K
| Adam | epoch: 016 | loss: 0.16516 - acc: 0.9417 -- iter: 064/465
[A[ATraining Step: 228  | total loss: [1m[32m0.15714[0m[0m | time: 2.974s
[2K
| Adam | epoch: 016 | loss: 0.15714 - acc: 0.9444 -- iter: 096/465
[A[ATraining Step: 229  | total loss: [1m[32m0.14824[0m[0m | time: 4.126s
[2K
| Adam | epoch: 016 | loss: 0.14824 - acc: 0.9499 -- iter: 128/465
[A[ATraining Step: 230  | total loss: [1m[32m0.15185[0m[0m | time: 5.179s
[2K
| Adam | epoch: 016 | loss: 0.15185 - acc: 0.9456 -- iter: 160/465
[A[ATraining Step: 231  | total loss: [1m[32m0.14492[0m[0m | time: 6.091s
[2K
| Adam | epoch: 016 | loss: 0.14492 - acc: 0.9479 -- iter: 192/465
[A[ATraining Step: 232  | total loss: [1m[32m0.13550[0m[0m | time: 7.095s
[2K
| Adam | epoch: 016 | loss: 0.13550 - acc: 0.9531 -- iter: 224/465
[A[ATraining Step: 233  | total loss: [1m[32m0.12764[0m[0m | time: 8.081s
[2K
| Adam | epoch: 016 | loss: 0.12764 - acc: 0.9547 -- iter: 256/465
[A[ATraining Step: 234  | total loss: [1m[32m0.11641[0m[0m | time: 9.108s
[2K
| Adam | epoch: 016 | loss: 0.11641 - acc: 0.9592 -- iter: 288/465
[A[ATraining Step: 235  | total loss: [1m[32m0.10960[0m[0m | time: 10.253s
[2K
| Adam | epoch: 016 | loss: 0.10960 - acc: 0.9633 -- iter: 320/465
[A[ATraining Step: 236  | total loss: [1m[32m0.10733[0m[0m | time: 11.139s
[2K
| Adam | epoch: 016 | loss: 0.10733 - acc: 0.9638 -- iter: 352/465
[A[ATraining Step: 237  | total loss: [1m[32m0.09968[0m[0m | time: 12.055s
[2K
| Adam | epoch: 016 | loss: 0.09968 - acc: 0.9674 -- iter: 384/465
[A[ATraining Step: 238  | total loss: [1m[32m0.09892[0m[0m | time: 13.141s
[2K
| Adam | epoch: 016 | loss: 0.09892 - acc: 0.9707 -- iter: 416/465
[A[ATraining Step: 239  | total loss: [1m[32m0.09631[0m[0m | time: 13.756s
[2K
| Adam | epoch: 016 | loss: 0.09631 - acc: 0.9705 -- iter: 448/465
[A[ATraining Step: 240  | total loss: [1m[32m0.08740[0m[0m | time: 15.288s
[2K
| Adam | epoch: 016 | loss: 0.08740 - acc: 0.9735 | val_loss: 0.60303 - val_acc: 0.8014 -- iter: 465/465
--
Training Step: 241  | total loss: [1m[32m0.07947[0m[0m | time: 0.893s
[2K
| Adam | epoch: 017 | loss: 0.07947 - acc: 0.9761 -- iter: 032/465
[A[ATraining Step: 242  | total loss: [1m[32m0.07519[0m[0m | time: 2.011s
[2K
| Adam | epoch: 017 | loss: 0.07519 - acc: 0.9754 -- iter: 064/465
[A[ATraining Step: 243  | total loss: [1m[32m0.06820[0m[0m | time: 3.075s
[2K
| Adam | epoch: 017 | loss: 0.06820 - acc: 0.9778 -- iter: 096/465
[A[ATraining Step: 244  | total loss: [1m[32m0.06333[0m[0m | time: 3.883s
[2K
| Adam | epoch: 017 | loss: 0.06333 - acc: 0.9801 -- iter: 128/465
[A[ATraining Step: 245  | total loss: [1m[32m0.05806[0m[0m | time: 4.782s
[2K
| Adam | epoch: 017 | loss: 0.05806 - acc: 0.9820 -- iter: 160/465
[A[ATraining Step: 246  | total loss: [1m[32m0.06345[0m[0m | time: 5.712s
[2K
| Adam | epoch: 017 | loss: 0.06345 - acc: 0.9807 -- iter: 192/465
[A[ATraining Step: 247  | total loss: [1m[32m0.05821[0m[0m | time: 6.642s
[2K
| Adam | epoch: 017 | loss: 0.05821 - acc: 0.9826 -- iter: 224/465
[A[ATraining Step: 248  | total loss: [1m[32m0.05519[0m[0m | time: 7.693s
[2K
| Adam | epoch: 017 | loss: 0.05519 - acc: 0.9844 -- iter: 256/465
[A[ATraining Step: 249  | total loss: [1m[32m0.05671[0m[0m | time: 8.656s
[2K
| Adam | epoch: 017 | loss: 0.05671 - acc: 0.9828 -- iter: 288/465
[A[ATraining Step: 250  | total loss: [1m[32m0.05219[0m[0m | time: 9.580s
[2K
| Adam | epoch: 017 | loss: 0.05219 - acc: 0.9845 -- iter: 320/465
[A[ATraining Step: 251  | total loss: [1m[32m0.04868[0m[0m | time: 10.695s
[2K
| Adam | epoch: 017 | loss: 0.04868 - acc: 0.9861 -- iter: 352/465
[A[ATraining Step: 252  | total loss: [1m[32m0.04517[0m[0m | time: 11.823s
[2K
| Adam | epoch: 017 | loss: 0.04517 - acc: 0.9875 -- iter: 384/465
[A[ATraining Step: 253  | total loss: [1m[32m0.04242[0m[0m | time: 12.730s
[2K
| Adam | epoch: 017 | loss: 0.04242 - acc: 0.9887 -- iter: 416/465
[A[ATraining Step: 254  | total loss: [1m[32m0.04649[0m[0m | time: 13.683s
[2K
| Adam | epoch: 017 | loss: 0.04649 - acc: 0.9805 -- iter: 448/465
[A[ATraining Step: 255  | total loss: [1m[32m0.04290[0m[0m | time: 15.296s
[2K
| Adam | epoch: 017 | loss: 0.04290 - acc: 0.9824 | val_loss: 0.53309 - val_acc: 0.7945 -- iter: 465/465
--
Training Step: 256  | total loss: [1m[32m0.06417[0m[0m | time: 0.539s
[2K
| Adam | epoch: 018 | loss: 0.06417 - acc: 0.9783 -- iter: 032/465
[A[ATraining Step: 257  | total loss: [1m[32m0.05811[0m[0m | time: 1.420s
[2K
| Adam | epoch: 018 | loss: 0.05811 - acc: 0.9805 -- iter: 064/465
[A[ATraining Step: 258  | total loss: [1m[32m0.05578[0m[0m | time: 2.469s
[2K
| Adam | epoch: 018 | loss: 0.05578 - acc: 0.9824 -- iter: 096/465
[A[ATraining Step: 259  | total loss: [1m[32m0.05489[0m[0m | time: 3.481s
[2K
| Adam | epoch: 018 | loss: 0.05489 - acc: 0.9842 -- iter: 128/465
[A[ATraining Step: 260  | total loss: [1m[32m0.05158[0m[0m | time: 4.269s
[2K
| Adam | epoch: 018 | loss: 0.05158 - acc: 0.9858 -- iter: 160/465
[A[ATraining Step: 261  | total loss: [1m[32m0.05441[0m[0m | time: 4.890s
[2K
| Adam | epoch: 018 | loss: 0.05441 - acc: 0.9841 -- iter: 192/465
[A[ATraining Step: 262  | total loss: [1m[32m0.05267[0m[0m | time: 5.500s
[2K
| Adam | epoch: 018 | loss: 0.05267 - acc: 0.9857 -- iter: 224/465
[A[ATraining Step: 263  | total loss: [1m[32m0.04971[0m[0m | time: 6.116s
[2K
| Adam | epoch: 018 | loss: 0.04971 - acc: 0.9871 -- iter: 256/465
[A[ATraining Step: 264  | total loss: [1m[32m0.04612[0m[0m | time: 6.737s
[2K
| Adam | epoch: 018 | loss: 0.04612 - acc: 0.9884 -- iter: 288/465
[A[ATraining Step: 265  | total loss: [1m[32m0.04442[0m[0m | time: 7.346s
[2K
| Adam | epoch: 018 | loss: 0.04442 - acc: 0.9895 -- iter: 320/465
[A[ATraining Step: 266  | total loss: [1m[32m0.04161[0m[0m | time: 7.968s
[2K
| Adam | epoch: 018 | loss: 0.04161 - acc: 0.9906 -- iter: 352/465
[A[ATraining Step: 267  | total loss: [1m[32m0.03944[0m[0m | time: 8.577s
[2K
| Adam | epoch: 018 | loss: 0.03944 - acc: 0.9915 -- iter: 384/465
[A[ATraining Step: 268  | total loss: [1m[32m0.03620[0m[0m | time: 9.189s
[2K
| Adam | epoch: 018 | loss: 0.03620 - acc: 0.9924 -- iter: 416/465
[A[ATraining Step: 269  | total loss: [1m[32m0.05362[0m[0m | time: 9.830s
[2K
| Adam | epoch: 018 | loss: 0.05362 - acc: 0.9869 -- iter: 448/465
[A[ATraining Step: 270  | total loss: [1m[32m0.05119[0m[0m | time: 11.459s
[2K
| Adam | epoch: 018 | loss: 0.05119 - acc: 0.9882 | val_loss: 0.56924 - val_acc: 0.8014 -- iter: 465/465
--
Training Step: 271  | total loss: [1m[32m0.04880[0m[0m | time: 0.368s
[2K
| Adam | epoch: 019 | loss: 0.04880 - acc: 0.9894 -- iter: 032/465
[A[ATraining Step: 272  | total loss: [1m[32m0.04637[0m[0m | time: 0.718s
[2K
| Adam | epoch: 019 | loss: 0.04637 - acc: 0.9904 -- iter: 064/465
[A[ATraining Step: 273  | total loss: [1m[32m0.04314[0m[0m | time: 1.328s
[2K
| Adam | epoch: 019 | loss: 0.04314 - acc: 0.9914 -- iter: 096/465
[A[ATraining Step: 274  | total loss: [1m[32m0.04358[0m[0m | time: 1.955s
[2K
| Adam | epoch: 019 | loss: 0.04358 - acc: 0.9891 -- iter: 128/465
[A[ATraining Step: 275  | total loss: [1m[32m0.05346[0m[0m | time: 2.566s
[2K
| Adam | epoch: 019 | loss: 0.05346 - acc: 0.9840 -- iter: 160/465
[A[ATraining Step: 276  | total loss: [1m[32m0.04992[0m[0m | time: 3.187s
[2K
| Adam | epoch: 019 | loss: 0.04992 - acc: 0.9856 -- iter: 192/465
[A[ATraining Step: 277  | total loss: [1m[32m0.04579[0m[0m | time: 3.796s
[2K
| Adam | epoch: 019 | loss: 0.04579 - acc: 0.9870 -- iter: 224/465
[A[ATraining Step: 278  | total loss: [1m[32m0.04484[0m[0m | time: 4.403s
[2K
| Adam | epoch: 019 | loss: 0.04484 - acc: 0.9883 -- iter: 256/465
[A[ATraining Step: 279  | total loss: [1m[32m0.04353[0m[0m | time: 5.031s
[2K
| Adam | epoch: 019 | loss: 0.04353 - acc: 0.9895 -- iter: 288/465
[A[ATraining Step: 280  | total loss: [1m[32m0.04163[0m[0m | time: 5.638s
[2K
| Adam | epoch: 019 | loss: 0.04163 - acc: 0.9905 -- iter: 320/465
[A[ATraining Step: 281  | total loss: [1m[32m0.03862[0m[0m | time: 6.267s
[2K
| Adam | epoch: 019 | loss: 0.03862 - acc: 0.9915 -- iter: 352/465
[A[ATraining Step: 282  | total loss: [1m[32m0.03614[0m[0m | time: 6.903s
[2K
| Adam | epoch: 019 | loss: 0.03614 - acc: 0.9923 -- iter: 384/465
[A[ATraining Step: 283  | total loss: [1m[32m0.03419[0m[0m | time: 7.529s
[2K
| Adam | epoch: 019 | loss: 0.03419 - acc: 0.9931 -- iter: 416/465
[A[ATraining Step: 284  | total loss: [1m[32m0.03107[0m[0m | time: 8.139s
[2K
| Adam | epoch: 019 | loss: 0.03107 - acc: 0.9938 -- iter: 448/465
[A[ATraining Step: 285  | total loss: [1m[32m0.02835[0m[0m | time: 9.793s
[2K
| Adam | epoch: 019 | loss: 0.02835 - acc: 0.9944 | val_loss: 0.61945 - val_acc: 0.8219 -- iter: 465/465
--
Training Step: 286  | total loss: [1m[32m0.02812[0m[0m | time: 0.973s
[2K
| Adam | epoch: 020 | loss: 0.02812 - acc: 0.9918 -- iter: 032/465
[A[ATraining Step: 287  | total loss: [1m[32m0.02595[0m[0m | time: 1.552s
[2K
| Adam | epoch: 020 | loss: 0.02595 - acc: 0.9927 -- iter: 064/465
[A[ATraining Step: 288  | total loss: [1m[32m0.07300[0m[0m | time: 2.116s
[2K
| Adam | epoch: 020 | loss: 0.07300 - acc: 0.9875 -- iter: 096/465
[A[ATraining Step: 289  | total loss: [1m[32m0.06592[0m[0m | time: 3.174s
[2K
| Adam | epoch: 020 | loss: 0.06592 - acc: 0.9888 -- iter: 128/465
[A[ATraining Step: 290  | total loss: [1m[32m0.06157[0m[0m | time: 4.237s
[2K
| Adam | epoch: 020 | loss: 0.06157 - acc: 0.9899 -- iter: 160/465
[A[ATraining Step: 291  | total loss: [1m[32m0.05774[0m[0m | time: 5.422s
[2K
| Adam | epoch: 020 | loss: 0.05774 - acc: 0.9909 -- iter: 192/465
[A[ATraining Step: 292  | total loss: [1m[32m0.05262[0m[0m | time: 6.248s
[2K
| Adam | epoch: 020 | loss: 0.05262 - acc: 0.9918 -- iter: 224/465
[A[ATraining Step: 293  | total loss: [1m[32m0.04995[0m[0m | time: 7.381s
[2K
| Adam | epoch: 020 | loss: 0.04995 - acc: 0.9926 -- iter: 256/465
[A[ATraining Step: 294  | total loss: [1m[32m0.04547[0m[0m | time: 8.444s
[2K
| Adam | epoch: 020 | loss: 0.04547 - acc: 0.9934 -- iter: 288/465
[A[ATraining Step: 295  | total loss: [1m[32m0.04167[0m[0m | time: 9.490s
[2K
| Adam | epoch: 020 | loss: 0.04167 - acc: 0.9940 -- iter: 320/465
[A[ATraining Step: 296  | total loss: [1m[32m0.03905[0m[0m | time: 10.354s
[2K
| Adam | epoch: 020 | loss: 0.03905 - acc: 0.9946 -- iter: 352/465
[A[ATraining Step: 297  | total loss: [1m[32m0.03573[0m[0m | time: 11.342s
[2K
| Adam | epoch: 020 | loss: 0.03573 - acc: 0.9952 -- iter: 384/465
[A[ATraining Step: 298  | total loss: [1m[32m0.03291[0m[0m | time: 12.391s
[2K
| Adam | epoch: 020 | loss: 0.03291 - acc: 0.9956 -- iter: 416/465
[A[ATraining Step: 299  | total loss: [1m[32m0.03081[0m[0m | time: 13.392s
[2K
| Adam | epoch: 020 | loss: 0.03081 - acc: 0.9961 -- iter: 448/465
[A[ATraining Step: 300  | total loss: [1m[32m0.03203[0m[0m | time: 15.513s
[2K
| Adam | epoch: 020 | loss: 0.03203 - acc: 0.9965 | val_loss: 0.54655 - val_acc: 0.7877 -- iter: 465/465
--
Training Step: 301  | total loss: [1m[32m0.02954[0m[0m | time: 0.962s
[2K
| Adam | epoch: 021 | loss: 0.02954 - acc: 0.9968 -- iter: 032/465
[A[ATraining Step: 302  | total loss: [1m[32m0.02735[0m[0m | time: 1.932s
[2K
| Adam | epoch: 021 | loss: 0.02735 - acc: 0.9971 -- iter: 064/465
[A[ATraining Step: 303  | total loss: [1m[32m0.02676[0m[0m | time: 2.489s
[2K
| Adam | epoch: 021 | loss: 0.02676 - acc: 0.9974 -- iter: 096/465
[A[ATraining Step: 304  | total loss: [1m[32m0.04202[0m[0m | time: 3.046s
[2K
| Adam | epoch: 021 | loss: 0.04202 - acc: 0.9918 -- iter: 128/465
[A[ATraining Step: 305  | total loss: [1m[32m0.03947[0m[0m | time: 4.050s
[2K
| Adam | epoch: 021 | loss: 0.03947 - acc: 0.9926 -- iter: 160/465
[A[ATraining Step: 306  | total loss: [1m[32m0.04844[0m[0m | time: 5.187s
[2K
| Adam | epoch: 021 | loss: 0.04844 - acc: 0.9871 -- iter: 192/465
[A[ATraining Step: 307  | total loss: [1m[32m0.05053[0m[0m | time: 6.228s
[2K
| Adam | epoch: 021 | loss: 0.05053 - acc: 0.9884 -- iter: 224/465
[A[ATraining Step: 308  | total loss: [1m[32m0.04598[0m[0m | time: 7.129s
[2K
| Adam | epoch: 021 | loss: 0.04598 - acc: 0.9896 -- iter: 256/465
[A[ATraining Step: 309  | total loss: [1m[32m0.04236[0m[0m | time: 8.186s
[2K
| Adam | epoch: 021 | loss: 0.04236 - acc: 0.9906 -- iter: 288/465
[A[ATraining Step: 310  | total loss: [1m[32m0.04112[0m[0m | time: 9.292s
[2K
| Adam | epoch: 021 | loss: 0.04112 - acc: 0.9915 -- iter: 320/465
[A[ATraining Step: 311  | total loss: [1m[32m0.05157[0m[0m | time: 10.144s
[2K
| Adam | epoch: 021 | loss: 0.05157 - acc: 0.9861 -- iter: 352/465
[A[ATraining Step: 312  | total loss: [1m[32m0.04954[0m[0m | time: 11.079s
[2K
| Adam | epoch: 021 | loss: 0.04954 - acc: 0.9875 -- iter: 384/465
[A[ATraining Step: 313  | total loss: [1m[32m0.04671[0m[0m | time: 12.003s
[2K
| Adam | epoch: 021 | loss: 0.04671 - acc: 0.9888 -- iter: 416/465
[A[ATraining Step: 314  | total loss: [1m[32m0.07943[0m[0m | time: 12.957s
[2K
| Adam | epoch: 021 | loss: 0.07943 - acc: 0.9868 -- iter: 448/465
[A[ATraining Step: 315  | total loss: [1m[32m0.07274[0m[0m | time: 15.093s
[2K
| Adam | epoch: 021 | loss: 0.07274 - acc: 0.9881 | val_loss: 0.76476 - val_acc: 0.7877 -- iter: 465/465
--
Training Step: 316  | total loss: [1m[32m0.06689[0m[0m | time: 0.994s
[2K
| Adam | epoch: 022 | loss: 0.06689 - acc: 0.9893 -- iter: 032/465
[A[ATraining Step: 317  | total loss: [1m[32m0.06349[0m[0m | time: 2.094s
[2K
| Adam | epoch: 022 | loss: 0.06349 - acc: 0.9904 -- iter: 064/465
[A[ATraining Step: 318  | total loss: [1m[32m0.05868[0m[0m | time: 3.142s
[2K
| Adam | epoch: 022 | loss: 0.05868 - acc: 0.9913 -- iter: 096/465
[A[ATraining Step: 319  | total loss: [1m[32m0.05373[0m[0m | time: 3.615s
[2K
| Adam | epoch: 022 | loss: 0.05373 - acc: 0.9922 -- iter: 128/465
[A[ATraining Step: 320  | total loss: [1m[32m0.04890[0m[0m | time: 4.229s
[2K
| Adam | epoch: 022 | loss: 0.04890 - acc: 0.9930 -- iter: 160/465
[A[ATraining Step: 321  | total loss: [1m[32m0.04441[0m[0m | time: 5.328s
[2K
| Adam | epoch: 022 | loss: 0.04441 - acc: 0.9937 -- iter: 192/465
[A[ATraining Step: 322  | total loss: [1m[32m0.04064[0m[0m | time: 6.322s
[2K
| Adam | epoch: 022 | loss: 0.04064 - acc: 0.9943 -- iter: 224/465
[A[ATraining Step: 323  | total loss: [1m[32m0.03937[0m[0m | time: 7.077s
[2K
| Adam | epoch: 022 | loss: 0.03937 - acc: 0.9917 -- iter: 256/465
[A[ATraining Step: 324  | total loss: [1m[32m0.03881[0m[0m | time: 7.691s
[2K
| Adam | epoch: 022 | loss: 0.03881 - acc: 0.9894 -- iter: 288/465
[A[ATraining Step: 325  | total loss: [1m[32m0.03951[0m[0m | time: 8.299s
[2K
| Adam | epoch: 022 | loss: 0.03951 - acc: 0.9905 -- iter: 320/465
[A[ATraining Step: 326  | total loss: [1m[32m0.03593[0m[0m | time: 8.926s
[2K
| Adam | epoch: 022 | loss: 0.03593 - acc: 0.9915 -- iter: 352/465
[A[ATraining Step: 327  | total loss: [1m[32m0.03255[0m[0m | time: 9.542s
[2K
| Adam | epoch: 022 | loss: 0.03255 - acc: 0.9923 -- iter: 384/465
[A[ATraining Step: 328  | total loss: [1m[32m0.02977[0m[0m | time: 10.151s
[2K
| Adam | epoch: 022 | loss: 0.02977 - acc: 0.9931 -- iter: 416/465
[A[ATraining Step: 329  | total loss: [1m[32m0.02863[0m[0m | time: 10.762s
[2K
| Adam | epoch: 022 | loss: 0.02863 - acc: 0.9938 -- iter: 448/465
[A[ATraining Step: 330  | total loss: [1m[32m0.02646[0m[0m | time: 12.375s
[2K
| Adam | epoch: 022 | loss: 0.02646 - acc: 0.9944 | val_loss: 0.62752 - val_acc: 0.7945 -- iter: 465/465
--
Training Step: 331  | total loss: [1m[32m0.02416[0m[0m | time: 0.612s
[2K
| Adam | epoch: 023 | loss: 0.02416 - acc: 0.9950 -- iter: 032/465
[A[ATraining Step: 332  | total loss: [1m[32m0.02220[0m[0m | time: 1.243s
[2K
| Adam | epoch: 023 | loss: 0.02220 - acc: 0.9955 -- iter: 064/465
[A[ATraining Step: 333  | total loss: [1m[32m0.02090[0m[0m | time: 1.884s
[2K
| Adam | epoch: 023 | loss: 0.02090 - acc: 0.9959 -- iter: 096/465
[A[ATraining Step: 334  | total loss: [1m[32m0.01937[0m[0m | time: 2.541s
[2K
| Adam | epoch: 023 | loss: 0.01937 - acc: 0.9963 -- iter: 128/465
[A[ATraining Step: 335  | total loss: [1m[32m0.01800[0m[0m | time: 2.915s
[2K
| Adam | epoch: 023 | loss: 0.01800 - acc: 0.9967 -- iter: 160/465
[A[ATraining Step: 336  | total loss: [1m[32m0.06894[0m[0m | time: 3.279s
[2K
| Adam | epoch: 023 | loss: 0.06894 - acc: 0.9911 -- iter: 192/465
[A[ATraining Step: 337  | total loss: [1m[32m0.06401[0m[0m | time: 3.904s
[2K
| Adam | epoch: 023 | loss: 0.06401 - acc: 0.9920 -- iter: 224/465
[A[ATraining Step: 338  | total loss: [1m[32m0.05874[0m[0m | time: 4.506s
[2K
| Adam | epoch: 023 | loss: 0.05874 - acc: 0.9928 -- iter: 256/465
[A[ATraining Step: 339  | total loss: [1m[32m0.05362[0m[0m | time: 5.115s
[2K
| Adam | epoch: 023 | loss: 0.05362 - acc: 0.9935 -- iter: 288/465
[A[ATraining Step: 340  | total loss: [1m[32m0.04902[0m[0m | time: 5.715s
[2K
| Adam | epoch: 023 | loss: 0.04902 - acc: 0.9942 -- iter: 320/465
[A[ATraining Step: 341  | total loss: [1m[32m0.04770[0m[0m | time: 6.318s
[2K
| Adam | epoch: 023 | loss: 0.04770 - acc: 0.9948 -- iter: 352/465
[A[ATraining Step: 342  | total loss: [1m[32m0.06076[0m[0m | time: 6.946s
[2K
| Adam | epoch: 023 | loss: 0.06076 - acc: 0.9922 -- iter: 384/465
[A[ATraining Step: 343  | total loss: [1m[32m0.05539[0m[0m | time: 7.578s
[2K
| Adam | epoch: 023 | loss: 0.05539 - acc: 0.9929 -- iter: 416/465
[A[ATraining Step: 344  | total loss: [1m[32m0.05080[0m[0m | time: 8.215s
[2K
| Adam | epoch: 023 | loss: 0.05080 - acc: 0.9937 -- iter: 448/465
[A[ATraining Step: 345  | total loss: [1m[32m0.04680[0m[0m | time: 9.841s
[2K
| Adam | epoch: 023 | loss: 0.04680 - acc: 0.9943 | val_loss: 0.60476 - val_acc: 0.7534 -- iter: 465/465
--
Training Step: 346  | total loss: [1m[32m0.04435[0m[0m | time: 0.953s
[2K
| Adam | epoch: 024 | loss: 0.04435 - acc: 0.9949 -- iter: 032/465
[A[ATraining Step: 347  | total loss: [1m[32m0.04117[0m[0m | time: 1.909s
[2K
| Adam | epoch: 024 | loss: 0.04117 - acc: 0.9954 -- iter: 064/465
[A[ATraining Step: 348  | total loss: [1m[32m0.04978[0m[0m | time: 2.887s
[2K
| Adam | epoch: 024 | loss: 0.04978 - acc: 0.9927 -- iter: 096/465
[A[ATraining Step: 349  | total loss: [1m[32m0.04534[0m[0m | time: 3.884s
[2K
| Adam | epoch: 024 | loss: 0.04534 - acc: 0.9934 -- iter: 128/465
[A[ATraining Step: 350  | total loss: [1m[32m0.04603[0m[0m | time: 4.919s
[2K
| Adam | epoch: 024 | loss: 0.04603 - acc: 0.9910 -- iter: 160/465
[A[ATraining Step: 351  | total loss: [1m[32m0.04196[0m[0m | time: 5.584s
[2K
| Adam | epoch: 024 | loss: 0.04196 - acc: 0.9919 -- iter: 192/465
[A[ATraining Step: 352  | total loss: [1m[32m0.03869[0m[0m | time: 6.181s
[2K
| Adam | epoch: 024 | loss: 0.03869 - acc: 0.9927 -- iter: 224/465
[A[ATraining Step: 353  | total loss: [1m[32m0.03552[0m[0m | time: 6.998s
[2K
| Adam | epoch: 024 | loss: 0.03552 - acc: 0.9934 -- iter: 256/465
[A[ATraining Step: 354  | total loss: [1m[32m0.03276[0m[0m | time: 8.084s
[2K
| Adam | epoch: 024 | loss: 0.03276 - acc: 0.9941 -- iter: 288/465
[A[ATraining Step: 355  | total loss: [1m[32m0.02990[0m[0m | time: 9.159s
[2K
| Adam | epoch: 024 | loss: 0.02990 - acc: 0.9947 -- iter: 320/465
[A[ATraining Step: 356  | total loss: [1m[32m0.02769[0m[0m | time: 10.175s
[2K
| Adam | epoch: 024 | loss: 0.02769 - acc: 0.9952 -- iter: 352/465
[A[ATraining Step: 357  | total loss: [1m[32m0.02583[0m[0m | time: 11.034s
[2K
| Adam | epoch: 024 | loss: 0.02583 - acc: 0.9957 -- iter: 384/465
[A[ATraining Step: 358  | total loss: [1m[32m0.02383[0m[0m | time: 11.991s
[2K
| Adam | epoch: 024 | loss: 0.02383 - acc: 0.9961 -- iter: 416/465
[A[ATraining Step: 359  | total loss: [1m[32m0.02202[0m[0m | time: 12.974s
[2K
| Adam | epoch: 024 | loss: 0.02202 - acc: 0.9965 -- iter: 448/465
[A[ATraining Step: 360  | total loss: [1m[32m0.02066[0m[0m | time: 15.020s
[2K
| Adam | epoch: 024 | loss: 0.02066 - acc: 0.9969 | val_loss: 0.69600 - val_acc: 0.7945 -- iter: 465/465
--
Training Step: 361  | total loss: [1m[32m0.01889[0m[0m | time: 0.956s
[2K
| Adam | epoch: 025 | loss: 0.01889 - acc: 0.9972 -- iter: 032/465
[A[ATraining Step: 362  | total loss: [1m[32m0.01754[0m[0m | time: 1.893s
[2K
| Adam | epoch: 025 | loss: 0.01754 - acc: 0.9975 -- iter: 064/465
[A[ATraining Step: 363  | total loss: [1m[32m0.01714[0m[0m | time: 2.867s
[2K
| Adam | epoch: 025 | loss: 0.01714 - acc: 0.9977 -- iter: 096/465
[A[ATraining Step: 364  | total loss: [1m[32m0.01597[0m[0m | time: 3.886s
[2K
| Adam | epoch: 025 | loss: 0.01597 - acc: 0.9979 -- iter: 128/465
[A[ATraining Step: 365  | total loss: [1m[32m0.01481[0m[0m | time: 4.867s
[2K
| Adam | epoch: 025 | loss: 0.01481 - acc: 0.9981 -- iter: 160/465
[A[ATraining Step: 366  | total loss: [1m[32m0.01633[0m[0m | time: 6.048s
[2K
| Adam | epoch: 025 | loss: 0.01633 - acc: 0.9952 -- iter: 192/465
[A[ATraining Step: 367  | total loss: [1m[32m0.01500[0m[0m | time: 6.632s
[2K
| Adam | epoch: 025 | loss: 0.01500 - acc: 0.9957 -- iter: 224/465
[A[ATraining Step: 368  | total loss: [1m[32m0.01394[0m[0m | time: 7.151s
[2K
| Adam | epoch: 025 | loss: 0.01394 - acc: 0.9961 -- iter: 256/465
[A[ATraining Step: 369  | total loss: [1m[32m0.01278[0m[0m | time: 8.139s
[2K
| Adam | epoch: 025 | loss: 0.01278 - acc: 0.9965 -- iter: 288/465
[A[ATraining Step: 370  | total loss: [1m[32m0.01225[0m[0m | time: 9.210s
[2K
| Adam | epoch: 025 | loss: 0.01225 - acc: 0.9969 -- iter: 320/465
[A[ATraining Step: 371  | total loss: [1m[32m0.01137[0m[0m | time: 10.344s
[2K
| Adam | epoch: 025 | loss: 0.01137 - acc: 0.9972 -- iter: 352/465
[A[ATraining Step: 372  | total loss: [1m[32m0.01053[0m[0m | time: 11.215s
[2K
| Adam | epoch: 025 | loss: 0.01053 - acc: 0.9975 -- iter: 384/465
[A[ATraining Step: 373  | total loss: [1m[32m0.01019[0m[0m | time: 12.183s
[2K
| Adam | epoch: 025 | loss: 0.01019 - acc: 0.9977 -- iter: 416/465
[A[ATraining Step: 374  | total loss: [1m[32m0.00942[0m[0m | time: 13.212s
[2K
| Adam | epoch: 025 | loss: 0.00942 - acc: 0.9979 -- iter: 448/465
[A[ATraining Step: 375  | total loss: [1m[32m0.00861[0m[0m | time: 15.158s
[2K
| Adam | epoch: 025 | loss: 0.00861 - acc: 0.9981 | val_loss: 0.73646 - val_acc: 0.7877 -- iter: 465/465
--
Training Step: 376  | total loss: [1m[32m0.00787[0m[0m | time: 1.074s
[2K
| Adam | epoch: 026 | loss: 0.00787 - acc: 0.9983 -- iter: 032/465
[A[ATraining Step: 377  | total loss: [1m[32m0.00723[0m[0m | time: 1.918s
[2K
| Adam | epoch: 026 | loss: 0.00723 - acc: 0.9985 -- iter: 064/465
[A[ATraining Step: 378  | total loss: [1m[32m0.00664[0m[0m | time: 2.864s
[2K
| Adam | epoch: 026 | loss: 0.00664 - acc: 0.9986 -- iter: 096/465
[A[ATraining Step: 379  | total loss: [1m[32m0.00611[0m[0m | time: 3.790s
[2K
| Adam | epoch: 026 | loss: 0.00611 - acc: 0.9988 -- iter: 128/465
[A[ATraining Step: 380  | total loss: [1m[32m0.00575[0m[0m | time: 4.740s
[2K
| Adam | epoch: 026 | loss: 0.00575 - acc: 0.9989 -- iter: 160/465
[A[ATraining Step: 381  | total loss: [1m[32m0.00533[0m[0m | time: 5.832s
[2K
| Adam | epoch: 026 | loss: 0.00533 - acc: 0.9990 -- iter: 192/465
[A[ATraining Step: 382  | total loss: [1m[32m0.00488[0m[0m | time: 6.784s
[2K
| Adam | epoch: 026 | loss: 0.00488 - acc: 0.9991 -- iter: 224/465
[A[ATraining Step: 383  | total loss: [1m[32m0.00454[0m[0m | time: 7.358s
[2K
| Adam | epoch: 026 | loss: 0.00454 - acc: 0.9992 -- iter: 256/465
[A[ATraining Step: 384  | total loss: [1m[32m0.00430[0m[0m | time: 7.989s
[2K
| Adam | epoch: 026 | loss: 0.00430 - acc: 0.9993 -- iter: 288/465
[A[ATraining Step: 385  | total loss: [1m[32m0.00405[0m[0m | time: 9.040s
[2K
| Adam | epoch: 026 | loss: 0.00405 - acc: 0.9994 -- iter: 320/465
[A[ATraining Step: 386  | total loss: [1m[32m0.00375[0m[0m | time: 9.983s
[2K
| Adam | epoch: 026 | loss: 0.00375 - acc: 0.9994 -- iter: 352/465
[A[ATraining Step: 387  | total loss: [1m[32m0.00354[0m[0m | time: 10.603s
[2K
| Adam | epoch: 026 | loss: 0.00354 - acc: 0.9995 -- iter: 384/465
[A[ATraining Step: 388  | total loss: [1m[32m0.00765[0m[0m | time: 11.212s
[2K
| Adam | epoch: 026 | loss: 0.00765 - acc: 0.9964 -- iter: 416/465
[A[ATraining Step: 389  | total loss: [1m[32m0.00694[0m[0m | time: 11.830s
[2K
| Adam | epoch: 026 | loss: 0.00694 - acc: 0.9968 -- iter: 448/465
[A[ATraining Step: 390  | total loss: [1m[32m0.00635[0m[0m | time: 13.502s
[2K
| Adam | epoch: 026 | loss: 0.00635 - acc: 0.9971 | val_loss: 0.98146 - val_acc: 0.8082 -- iter: 465/465
--
Training Step: 391  | total loss: [1m[32m0.00828[0m[0m | time: 0.623s
[2K
| Adam | epoch: 027 | loss: 0.00828 - acc: 0.9943 -- iter: 032/465
[A[ATraining Step: 392  | total loss: [1m[32m0.00825[0m[0m | time: 1.251s
[2K
| Adam | epoch: 027 | loss: 0.00825 - acc: 0.9948 -- iter: 064/465
[A[ATraining Step: 393  | total loss: [1m[32m0.00870[0m[0m | time: 1.864s
[2K
| Adam | epoch: 027 | loss: 0.00870 - acc: 0.9953 -- iter: 096/465
[A[ATraining Step: 394  | total loss: [1m[32m0.00796[0m[0m | time: 2.478s
[2K
| Adam | epoch: 027 | loss: 0.00796 - acc: 0.9958 -- iter: 128/465
[A[ATraining Step: 395  | total loss: [1m[32m0.00722[0m[0m | time: 3.086s
[2K
| Adam | epoch: 027 | loss: 0.00722 - acc: 0.9962 -- iter: 160/465
[A[ATraining Step: 396  | total loss: [1m[32m0.00658[0m[0m | time: 3.724s
[2K
| Adam | epoch: 027 | loss: 0.00658 - acc: 0.9966 -- iter: 192/465
[A[ATraining Step: 397  | total loss: [1m[32m0.00602[0m[0m | time: 4.355s
[2K
| Adam | epoch: 027 | loss: 0.00602 - acc: 0.9969 -- iter: 224/465
[A[ATraining Step: 398  | total loss: [1m[32m0.00551[0m[0m | time: 4.971s
[2K
| Adam | epoch: 027 | loss: 0.00551 - acc: 0.9973 -- iter: 256/465
[A[ATraining Step: 399  | total loss: [1m[32m0.00505[0m[0m | time: 5.321s
[2K
| Adam | epoch: 027 | loss: 0.00505 - acc: 0.9975 -- iter: 288/465
[A[ATraining Step: 400  | total loss: [1m[32m0.00459[0m[0m | time: 6.675s
[2K
| Adam | epoch: 027 | loss: 0.00459 - acc: 0.9978 | val_loss: 0.81100 - val_acc: 0.7671 -- iter: 320/465
--
Training Step: 401  | total loss: [1m[32m0.00419[0m[0m | time: 7.314s
[2K
| Adam | epoch: 027 | loss: 0.00419 - acc: 0.9980 -- iter: 352/465
[A[ATraining Step: 402  | total loss: [1m[32m0.00394[0m[0m | time: 7.953s
[2K
| Adam | epoch: 027 | loss: 0.00394 - acc: 0.9982 -- iter: 384/465
[A[ATraining Step: 403  | total loss: [1m[32m0.00380[0m[0m | time: 8.572s
[2K
| Adam | epoch: 027 | loss: 0.00380 - acc: 0.9984 -- iter: 416/465
[A[ATraining Step: 404  | total loss: [1m[32m0.00357[0m[0m | time: 9.190s
[2K
| Adam | epoch: 027 | loss: 0.00357 - acc: 0.9985 -- iter: 448/465
[A[ATraining Step: 405  | total loss: [1m[32m0.00343[0m[0m | time: 10.806s
[2K
| Adam | epoch: 027 | loss: 0.00343 - acc: 0.9987 | val_loss: 0.81400 - val_acc: 0.7603 -- iter: 465/465
--
Training Step: 406  | total loss: [1m[32m0.00443[0m[0m | time: 0.941s
[2K
| Adam | epoch: 028 | loss: 0.00443 - acc: 0.9988 -- iter: 032/465
[A[ATraining Step: 407  | total loss: [1m[32m0.00410[0m[0m | time: 1.925s
[2K
| Adam | epoch: 028 | loss: 0.00410 - acc: 0.9989 -- iter: 064/465
[A[ATraining Step: 408  | total loss: [1m[32m0.00381[0m[0m | time: 2.887s
[2K
| Adam | epoch: 028 | loss: 0.00381 - acc: 0.9990 -- iter: 096/465
[A[ATraining Step: 409  | total loss: [1m[32m0.00376[0m[0m | time: 4.024s
[2K
| Adam | epoch: 028 | loss: 0.00376 - acc: 0.9991 -- iter: 128/465
[A[ATraining Step: 410  | total loss: [1m[32m0.00345[0m[0m | time: 4.954s
[2K
| Adam | epoch: 028 | loss: 0.00345 - acc: 0.9992 -- iter: 160/465
[A[ATraining Step: 411  | total loss: [1m[32m0.00323[0m[0m | time: 5.961s
[2K
| Adam | epoch: 028 | loss: 0.00323 - acc: 0.9993 -- iter: 192/465
[A[ATraining Step: 412  | total loss: [1m[32m0.00294[0m[0m | time: 7.080s
[2K
| Adam | epoch: 028 | loss: 0.00294 - acc: 0.9994 -- iter: 224/465
[A[ATraining Step: 413  | total loss: [1m[32m0.00269[0m[0m | time: 8.208s
[2K
| Adam | epoch: 028 | loss: 0.00269 - acc: 0.9994 -- iter: 256/465
[A[ATraining Step: 414  | total loss: [1m[32m0.00247[0m[0m | time: 9.053s
[2K
| Adam | epoch: 028 | loss: 0.00247 - acc: 0.9995 -- iter: 288/465
[A[ATraining Step: 415  | total loss: [1m[32m0.00232[0m[0m | time: 9.619s
[2K
| Adam | epoch: 028 | loss: 0.00232 - acc: 0.9995 -- iter: 320/465
[A[ATraining Step: 416  | total loss: [1m[32m0.07833[0m[0m | time: 10.184s
[2K
| Adam | epoch: 028 | loss: 0.07833 - acc: 0.9937 -- iter: 352/465
[A[ATraining Step: 417  | total loss: [1m[32m0.07527[0m[0m | time: 11.154s
[2K
| Adam | epoch: 028 | loss: 0.07527 - acc: 0.9943 -- iter: 384/465
[A[ATraining Step: 418  | total loss: [1m[32m0.06861[0m[0m | time: 12.161s
[2K
| Adam | epoch: 028 | loss: 0.06861 - acc: 0.9949 -- iter: 416/465
[A[ATraining Step: 419  | total loss: [1m[32m0.06200[0m[0m | time: 13.287s
[2K
| Adam | epoch: 028 | loss: 0.06200 - acc: 0.9954 -- iter: 448/465
[A[ATraining Step: 420  | total loss: [1m[32m0.05590[0m[0m | time: 15.401s
[2K
| Adam | epoch: 028 | loss: 0.05590 - acc: 0.9959 | val_loss: 0.65446 - val_acc: 0.8288 -- iter: 465/465
--
Training Step: 421  | total loss: [1m[32m0.05044[0m[0m | time: 1.044s
[2K
| Adam | epoch: 029 | loss: 0.05044 - acc: 0.9963 -- iter: 032/465
[A[ATraining Step: 422  | total loss: [1m[32m0.04555[0m[0m | time: 2.167s
[2K
| Adam | epoch: 029 | loss: 0.04555 - acc: 0.9967 -- iter: 064/465
[A[ATraining Step: 423  | total loss: [1m[32m0.04117[0m[0m | time: 3.084s
[2K
| Adam | epoch: 029 | loss: 0.04117 - acc: 0.9970 -- iter: 096/465
[A[ATraining Step: 424  | total loss: [1m[32m0.03724[0m[0m | time: 4.148s
[2K
| Adam | epoch: 029 | loss: 0.03724 - acc: 0.9973 -- iter: 128/465
[A[ATraining Step: 425  | total loss: [1m[32m0.03443[0m[0m | time: 5.311s
[2K
| Adam | epoch: 029 | loss: 0.03443 - acc: 0.9976 -- iter: 160/465
[A[ATraining Step: 426  | total loss: [1m[32m0.03146[0m[0m | time: 6.426s
[2K
| Adam | epoch: 029 | loss: 0.03146 - acc: 0.9978 -- iter: 192/465
[A[ATraining Step: 427  | total loss: [1m[32m0.02959[0m[0m | time: 7.263s
[2K
| Adam | epoch: 029 | loss: 0.02959 - acc: 0.9980 -- iter: 224/465
[A[ATraining Step: 428  | total loss: [1m[32m0.02727[0m[0m | time: 8.213s
[2K
| Adam | epoch: 029 | loss: 0.02727 - acc: 0.9982 -- iter: 256/465
[A[ATraining Step: 429  | total loss: [1m[32m0.02480[0m[0m | time: 9.246s
[2K
| Adam | epoch: 029 | loss: 0.02480 - acc: 0.9984 -- iter: 288/465
[A[ATraining Step: 430  | total loss: [1m[32m0.02273[0m[0m | time: 10.216s
[2K
| Adam | epoch: 029 | loss: 0.02273 - acc: 0.9986 -- iter: 320/465
[A[ATraining Step: 431  | total loss: [1m[32m0.02113[0m[0m | time: 10.875s
[2K
| Adam | epoch: 029 | loss: 0.02113 - acc: 0.9987 -- iter: 352/465
[A[ATraining Step: 432  | total loss: [1m[32m0.08145[0m[0m | time: 11.542s
[2K
| Adam | epoch: 029 | loss: 0.08145 - acc: 0.9930 -- iter: 384/465
[A[ATraining Step: 433  | total loss: [1m[32m0.07346[0m[0m | time: 12.531s
[2K
| Adam | epoch: 029 | loss: 0.07346 - acc: 0.9937 -- iter: 416/465
[A[ATraining Step: 434  | total loss: [1m[32m0.06713[0m[0m | time: 13.450s
[2K
| Adam | epoch: 029 | loss: 0.06713 - acc: 0.9943 -- iter: 448/465
[A[ATraining Step: 435  | total loss: [1m[32m0.06140[0m[0m | time: 15.563s
[2K
| Adam | epoch: 029 | loss: 0.06140 - acc: 0.9949 | val_loss: 0.80722 - val_acc: 0.7603 -- iter: 465/465
--
Training Step: 436  | total loss: [1m[32m0.05808[0m[0m | time: 1.038s
[2K
| Adam | epoch: 030 | loss: 0.05808 - acc: 0.9954 -- iter: 032/465
[A[ATraining Step: 437  | total loss: [1m[32m0.05413[0m[0m | time: 2.120s
[2K
| Adam | epoch: 030 | loss: 0.05413 - acc: 0.9958 -- iter: 064/465
[A[ATraining Step: 438  | total loss: [1m[32m0.04997[0m[0m | time: 3.259s
[2K
| Adam | epoch: 030 | loss: 0.04997 - acc: 0.9963 -- iter: 096/465
[A[ATraining Step: 439  | total loss: [1m[32m0.04542[0m[0m | time: 4.178s
[2K
| Adam | epoch: 030 | loss: 0.04542 - acc: 0.9966 -- iter: 128/465
[A[ATraining Step: 440  | total loss: [1m[32m0.04721[0m[0m | time: 5.171s
[2K
| Adam | epoch: 030 | loss: 0.04721 - acc: 0.9938 -- iter: 160/465
[A[ATraining Step: 441  | total loss: [1m[32m0.04522[0m[0m | time: 6.271s
[2K
| Adam | epoch: 030 | loss: 0.04522 - acc: 0.9945 -- iter: 192/465
[A[ATraining Step: 442  | total loss: [1m[32m0.04306[0m[0m | time: 7.352s
[2K
| Adam | epoch: 030 | loss: 0.04306 - acc: 0.9950 -- iter: 224/465
[A[ATraining Step: 443  | total loss: [1m[32m0.04319[0m[0m | time: 7.985s
[2K
| Adam | epoch: 030 | loss: 0.04319 - acc: 0.9955 -- iter: 256/465
[A[ATraining Step: 444  | total loss: [1m[32m0.04229[0m[0m | time: 8.632s
[2K
| Adam | epoch: 030 | loss: 0.04229 - acc: 0.9960 -- iter: 288/465
[A[ATraining Step: 445  | total loss: [1m[32m0.03913[0m[0m | time: 9.250s
[2K
| Adam | epoch: 030 | loss: 0.03913 - acc: 0.9964 -- iter: 320/465
[A[ATraining Step: 446  | total loss: [1m[32m0.03683[0m[0m | time: 9.881s
[2K
| Adam | epoch: 030 | loss: 0.03683 - acc: 0.9967 -- iter: 352/465
[A[ATraining Step: 447  | total loss: [1m[32m0.03380[0m[0m | time: 10.236s
[2K
| Adam | epoch: 030 | loss: 0.03380 - acc: 0.9971 -- iter: 384/465
[A[ATraining Step: 448  | total loss: [1m[32m0.07093[0m[0m | time: 10.580s
[2K
| Adam | epoch: 030 | loss: 0.07093 - acc: 0.9915 -- iter: 416/465
[A[ATraining Step: 449  | total loss: [1m[32m0.06447[0m[0m | time: 11.184s
[2K
| Adam | epoch: 030 | loss: 0.06447 - acc: 0.9923 -- iter: 448/465
[A[ATraining Step: 450  | total loss: [1m[32m0.05864[0m[0m | time: 12.802s
[2K
| Adam | epoch: 030 | loss: 0.05864 - acc: 0.9931 | val_loss: 0.62053 - val_acc: 0.8082 -- iter: 465/465
--
Validation AUC:0.8904600301659125
Validation AUPRC:0.9243040397778925
Test AUC:0.8971361776738749
Test AUPRC:0.8704528005079581
BestTestF1Score	0.78	0.63	0.82	0.77	0.8	47	14	73	12	0.12
BestTestMCCScore	0.79	0.69	0.85	0.89	0.71	42	5	82	17	0.68
BestTestAccuracyScore	0.79	0.69	0.85	0.89	0.71	42	5	82	17	0.68
BestValidationF1Score	0.83	0.66	0.83	0.87	0.79	62	9	59	16	0.12
BestValidationMCC	0.81	0.7	0.83	0.98	0.69	54	1	67	24	0.68
BestValidationAccuracy	0.81	0.7	0.83	0.98	0.69	54	1	67	24	0.68
TestPredictions (Threshold:0.68)
CHEMBL2312652,TN,INACT,0.27000001072883606	CHEMBL3691660,TN,INACT,0.009999999776482582	CHEMBL3665657,TN,INACT,0.0	CHEMBL367442,TN,INACT,0.009999999776482582	CHEMBL259213,TP,ACT,0.8799999952316284	CHEMBL228114,TN,INACT,0.009999999776482582	CHEMBL210682,FN,ACT,0.009999999776482582	CHEMBL3658032,TN,INACT,0.019999999552965164	CHEMBL483535,TN,INACT,0.25	CHEMBL3343037,TN,INACT,0.05000000074505806	CHEMBL91748,TN,INACT,0.009999999776482582	CHEMBL535,TP,ACT,0.9599999785423279	CHEMBL131695,TN,INACT,0.009999999776482582	CHEMBL23507,TN,INACT,0.009999999776482582	CHEMBL3691604,TN,INACT,0.3100000023841858	CHEMBL1270331,TN,INACT,0.44999998807907104	CHEMBL2348175,TN,INACT,0.0	CHEMBL101052,TN,INACT,0.009999999776482582	CHEMBL487737,TN,INACT,0.009999999776482582	CHEMBL3601187,FN,ACT,0.019999999552965164	CHEMBL3590484,TP,ACT,1.0	CHEMBL3680465,TN,INACT,0.0	CHEMBL3622513,TP,ACT,0.9599999785423279	CHEMBL336330,TN,INACT,0.009999999776482582	CHEMBL100811,TN,INACT,0.0	CHEMBL494221,TP,ACT,0.9599999785423279	CHEMBL491064,TN,INACT,0.23999999463558197	CHEMBL1683952,TN,INACT,0.0	CHEMBL1688212,TN,INACT,0.029999999329447746	CHEMBL3353210,FN,ACT,0.009999999776482582	CHEMBL3622531,TP,ACT,1.0	CHEMBL3590473,TP,ACT,1.0	CHEMBL2348165,TN,INACT,0.0	CHEMBL169757,TN,INACT,0.0	CHEMBL1829274,TN,INACT,0.07000000029802322	CHEMBL120317,TN,INACT,0.09000000357627869	CHEMBL3634384,TP,ACT,1.0	CHEMBL207226,FP,INACT,1.0	CHEMBL3403453,FP,INACT,1.0	CHEMBL1739550,TP,ACT,0.9700000286102295	CHEMBL132948,TN,INACT,0.0	CHEMBL132369,TN,INACT,0.009999999776482582	CHEMBL132399,TN,INACT,0.009999999776482582	CHEMBL3601189,TP,ACT,1.0	CHEMBL453336,TN,INACT,0.029999999329447746	CHEMBL3421974,TN,INACT,0.0	CHEMBL3590482,TP,ACT,1.0	CHEMBL3601190,TP,ACT,1.0	CHEMBL266540,TN,INACT,0.029999999329447746	CHEMBL483081,TN,INACT,0.009999999776482582	CHEMBL100312,TN,INACT,0.2800000011920929	CHEMBL589847,TN,INACT,0.009999999776482582	CHEMBL38380,TN,INACT,0.009999999776482582	CHEMBL1688210,TN,INACT,0.0	CHEMBL2177830,FP,INACT,0.75	CHEMBL3403437,TP,ACT,0.9900000095367432	CHEMBL3623844,TN,INACT,0.0	CHEMBL402629,TP,ACT,0.9700000286102295	CHEMBL1688211,TN,INACT,0.009999999776482582	CHEMBL256513,FN,ACT,0.11999999731779099	CHEMBL259797,FN,ACT,0.6600000262260437	CHEMBL3590471,TP,ACT,1.0	CHEMBL209202,TP,ACT,0.6800000071525574	CHEMBL256963,TP,ACT,0.9100000262260437	CHEMBL77732,TN,INACT,0.07000000029802322	CHEMBL603494,TN,INACT,0.009999999776482582	CHEMBL362455,TN,INACT,0.0	CHEMBL3590493,TP,ACT,1.0	CHEMBL3590478,TP,ACT,1.0	CHEMBL265923,FN,ACT,0.009999999776482582	CHEMBL3403441,TP,ACT,1.0	CHEMBL332342,TN,INACT,0.019999999552965164	CHEMBL3736036,TP,ACT,1.0	CHEMBL2163616,TN,INACT,0.009999999776482582	CHEMBL1784649,TN,INACT,0.009999999776482582	CHEMBL1734241,TN,INACT,0.009999999776482582	CHEMBL1448,TN,INACT,0.009999999776482582	CHEMBL3590474,TP,ACT,1.0	CHEMBL3675452,TN,INACT,0.0	CHEMBL1767294,TN,INACT,0.009999999776482582	CHEMBL1287853,FN,ACT,0.009999999776482582	CHEMBL3622515,TP,ACT,1.0	CHEMBL3545110,TN,INACT,0.11999999731779099	CHEMBL3622188,TP,ACT,1.0	CHEMBL378693,TP,ACT,0.9900000095367432	CHEMBL3586491,TP,ACT,1.0	CHEMBL403433,FN,ACT,0.03999999910593033	CHEMBL208667,TN,INACT,0.1599999964237213	CHEMBL3665654,TN,INACT,0.009999999776482582	CHEMBL3665664,TN,INACT,0.3100000023841858	CHEMBL3586483,TP,ACT,1.0	CHEMBL1922122,TN,INACT,0.0	CHEMBL2163608,TN,INACT,0.0	CHEMBL210194,TP,ACT,0.8500000238418579	CHEMBL1908397,FN,ACT,0.550000011920929	CHEMBL1721885,TP,ACT,0.9900000095367432	CHEMBL570313,TN,INACT,0.009999999776482582	CHEMBL1089405,FP,INACT,0.8799999952316284	CHEMBL3665661,TN,INACT,0.009999999776482582	CHEMBL557238,TN,INACT,0.009999999776482582	CHEMBL191632,TN,INACT,0.009999999776482582	CHEMBL388978,FN,ACT,0.07999999821186066	CHEMBL3601077,TP,ACT,1.0	CHEMBL3634511,TP,ACT,1.0	CHEMBL295316,TN,INACT,0.009999999776482582	CHEMBL3353205,FN,ACT,0.029999999329447746	CHEMBL201307,FP,INACT,0.9200000166893005	CHEMBL208116,FN,ACT,0.009999999776482582	CHEMBL482709,TP,ACT,1.0	CHEMBL3665668,TN,INACT,0.009999999776482582	CHEMBL265194,TN,INACT,0.009999999776482582	CHEMBL77155,TN,INACT,0.029999999329447746	CHEMBL445420,TN,INACT,0.009999999776482582	CHEMBL1559959,TN,INACT,0.019999999552965164	CHEMBL486285,TN,INACT,0.019999999552965164	CHEMBL3353202,FN,ACT,0.14000000059604645	CHEMBL513909,FN,ACT,0.6399999856948853	CHEMBL541445,TN,INACT,0.009999999776482582	CHEMBL3353199,TP,ACT,1.0	CHEMBL120127,TN,INACT,0.029999999329447746	CHEMBL319709,TN,INACT,0.10999999940395355	CHEMBL3622521,TP,ACT,1.0	CHEMBL317281,TN,INACT,0.0	CHEMBL558460,TN,INACT,0.029999999329447746	CHEMBL506669,TN,INACT,0.05000000074505806	CHEMBL2018068,TP,ACT,0.8799999952316284	CHEMBL3634382,TP,ACT,1.0	CHEMBL3736278,TP,ACT,0.9800000190734863	CHEMBL3680532,TN,INACT,0.009999999776482582	CHEMBL208166,TP,ACT,0.9399999976158142	CHEMBL3634508,TP,ACT,1.0	CHEMBL518732,TN,INACT,0.0	CHEMBL256733,FN,ACT,0.009999999776482582	CHEMBL3590480,TP,ACT,1.0	CHEMBL401633,TP,ACT,0.9900000095367432	CHEMBL1171416,TN,INACT,0.0	CHEMBL457179,TN,INACT,0.009999999776482582	CHEMBL2029511,TN,INACT,0.07999999821186066	CHEMBL1784660,TN,INACT,0.009999999776482582	CHEMBL335966,TN,INACT,0.6299999952316284	CHEMBL499521,TN,INACT,0.0	CHEMBL3586486,TP,ACT,1.0	CHEMBL71884,TN,INACT,0.07000000029802322	CHEMBL551722,TN,INACT,0.009999999776482582	CHEMBL402361,FN,ACT,0.019999999552965164	CHEMBL2441273,FN,ACT,0.27000001072883606	

