rm: cannot remove ‘../tempImage/CHEMBL1287975.svg’: No such file or directory
rm: cannot remove ‘../tempImage/CHEMBL1287975.png’: No such file or directory
/homes/rahmet/miniconda2/envs/my-rdkit-env/lib/python3.6/site-packages/h5py/__init__.py:36: FutureWarning: Conversion of the second argument of issubdtype from `float` to `np.floating` is deprecated. In future, it will be treated as `np.float64 == np.dtype(float).type`.
  from ._conv import register_converters as _register_converters
/homes/rahmet/miniconda2/envs/my-rdkit-env/lib/python3.6/site-packages/sklearn/metrics/classification.py:1135: UndefinedMetricWarning: F-score is ill-defined and being set to 0.0 due to no predicted samples.
  'precision', 'predicted', average, warn_for)
/homes/rahmet/miniconda2/envs/my-rdkit-env/lib/python3.6/site-packages/sklearn/metrics/classification.py:538: RuntimeWarning: invalid value encountered in double_scalars
  mcc = cov_ytyp / np.sqrt(cov_ytyt * cov_ypyp)

------------------------------------------------------------
Sender: LSF System <lsf@hx-noah-04-07>
Subject: Job 5335872: <python train_other_classifiers.py CHEMBL2508 > ../LOGS/ShallowLOGS/CHEMBL2508_shallow.txt> in cluster <EBI> Done

Job <python train_other_classifiers.py CHEMBL2508 > ../LOGS/ShallowLOGS/CHEMBL2508_shallow.txt> was submitted from host <ebi6-278> by user <rahmet> in cluster <EBI>.
Job was executed on host(s) <hx-noah-04-07>, in queue <research-rh7>, as user <rahmet> in cluster <EBI>.
</homes/rahmet> was used as the home directory.
</hps/nobackup/production/uniprot/rahmet/DEEPScreen/bin> was used as the working directory.
Started at Wed Jul  4 22:08:48 2018
Results reported at Wed Jul  4 22:13:26 2018

Your job looked like:

------------------------------------------------------------
# LSBATCH: User input
python train_other_classifiers.py CHEMBL2508 > ../LOGS/ShallowLOGS/CHEMBL2508_shallow.txt
------------------------------------------------------------

Successfully completed.

Resource usage summary:

    CPU time :               265.62 sec.
    Max Memory :             1795 MB
    Average Memory :         831.44 MB
    Total Requested Memory : 30720.00 MB
    Delta Memory :           28925.00 MB
    (Delta: the difference between total requested memory and actual max usage.)
    Max Swap :               5776 MB

    Max Processes :          4
    Max Threads :            67

The output (if any) is above this job summary.

/ebi/lsf/ebi-spool/02/1530824793.5459843: line 8: 129889 Bus error               python train_other_classifiers.py CHEMBL2508 > ../LOGS/ShallowLOGS/CHEMBL2508_shallow.txt

------------------------------------------------------------
Sender: LSF System <lsf@hx-noah-04-04>
Subject: Job 5459843: <python train_other_classifiers.py CHEMBL2508 > ../LOGS/ShallowLOGS/CHEMBL2508_shallow.txt> in cluster <EBI> Exited

Job <python train_other_classifiers.py CHEMBL2508 > ../LOGS/ShallowLOGS/CHEMBL2508_shallow.txt> was submitted from host <ebi6-035> by user <rahmet> in cluster <EBI>.
Job was executed on host(s) <hx-noah-04-04>, in queue <research-rh7>, as user <rahmet> in cluster <EBI>.
</homes/rahmet> was used as the home directory.
</hps/nobackup/production/uniprot/rahmet/DEEPScreen/bin> was used as the working directory.
Started at Thu Jul  5 22:27:24 2018
Results reported at Thu Jul  5 22:27:41 2018

Your job looked like:

------------------------------------------------------------
# LSBATCH: User input
python train_other_classifiers.py CHEMBL2508 > ../LOGS/ShallowLOGS/CHEMBL2508_shallow.txt
------------------------------------------------------------

Exited with exit code 135.

Resource usage summary:

    CPU time :               8.38 sec.
    Max Memory :             598 MB
    Average Memory :         69.00 MB
    Total Requested Memory : 30720.00 MB
    Delta Memory :           30122.00 MB
    (Delta: the difference between total requested memory and actual max usage.)
    Max Swap :               3938 MB

    Max Processes :          3
    Max Threads :            5

The output (if any) is above this job summary.


------------------------------------------------------------
Sender: LSF System <lsf@hx-noah-05-13>
Subject: Job 5973536: <python train_other_classifiers.py CHEMBL2508 > ../LOGS/ShallowLOGS/CHEMBL2508_shallow.txt> in cluster <EBI> Done

Job <python train_other_classifiers.py CHEMBL2508 > ../LOGS/ShallowLOGS/CHEMBL2508_shallow.txt> was submitted from host <ebi5-250> by user <rahmet> in cluster <EBI> at Thu Nov  1 17:24:13 2018
Job was executed on host(s) <hx-noah-05-13>, in queue <research-rh7>, as user <rahmet> in cluster <EBI> at Thu Nov  1 20:47:20 2018
</homes/rahmet> was used as the home directory.
</hps/nobackup/production/uniprot/rahmet/DEEPScreen/bin> was used as the working directory.
Started at Thu Nov  1 20:47:20 2018
Terminated at Thu Nov  1 20:50:40 2018
Results reported at Thu Nov  1 20:50:40 2018

Your job looked like:

------------------------------------------------------------
# LSBATCH: User input
python train_other_classifiers.py CHEMBL2508 > ../LOGS/ShallowLOGS/CHEMBL2508_shallow.txt
------------------------------------------------------------

Successfully completed.

Resource usage summary:

    CPU time :                                   185.71 sec.
    Max Memory :                                 1669 MB
    Average Memory :                             855.50 MB
    Total Requested Memory :                     30720.00 MB
    Delta Memory :                               29051.00 MB
    Max Swap :                                   5356 MB
    Max Processes :                              3
    Max Threads :                                67
    Run time :                                   200 sec.
    Turnaround time :                            12387 sec.

The output (if any) is above this job summary.

